<?xml version="1.0" encoding="UTF-8"?>
<testsuites name="Run all test cases" time="473.197" tests="30" failures="5" errors="0">
   <testsuite name="Run all test cases" tests="30" failures="5" errors="0" time="473.197" skipped="0" timestamp="2022-01-17 09:46:42" hostname="Minh Duc - 192.168.3.10" id="Test Suites/Run all test cases">
      <properties>
         <property name="deviceName" value=""/>
         <property name="devicePlatform" value=""/>
         <property name="logFolder" value="C:\\Users\\Minh Duc\\Desktop\\Test-Automation-SE-Bonus\\Test Automation - SE Bonus\\Reports\\20220117_094624\\Run all test cases\\20220117_094624"/>
         <property name="logFiles" value="C:\\Users\\Minh Duc\\Desktop\\Test-Automation-SE-Bonus\\Test Automation - SE Bonus\\Reports\\20220117_094624\\Run all test cases\\20220117_094624\\execution0.log"/>
         <property name="attachments" value="C:\\Users\\Minh Duc\\Desktop\\Test-Automation-SE-Bonus\\Test Automation - SE Bonus\\Reports\\20220117_094624\\Run all test cases\\20220117_094624\\1642387826464.png, C:\\Users\\Minh Duc\\Desktop\\Test-Automation-SE-Bonus\\Test Automation - SE Bonus\\Reports\\20220117_094624\\Run all test cases\\20220117_094624\\1642387834349.png, C:\\Users\\Minh Duc\\Desktop\\Test-Automation-SE-Bonus\\Test Automation - SE Bonus\\Reports\\20220117_094624\\Run all test cases\\20220117_094624\\1642387842319.png, C:\\Users\\Minh Duc\\Desktop\\Test-Automation-SE-Bonus\\Test Automation - SE Bonus\\Reports\\20220117_094624\\Run all test cases\\20220117_094624\\1642387849999.png, C:\\Users\\Minh Duc\\Desktop\\Test-Automation-SE-Bonus\\Test Automation - SE Bonus\\Reports\\20220117_094624\\Run all test cases\\20220117_094624\\1642387865133.png"/>
         <property name="hostName" value="Minh Duc - 192.168.3.10"/>
         <property name="os" value="Windows 10 64bit"/>
         <property name="katalonVersion" value="8.2.0.208"/>
         <property name="browser" value="Chrome 97.0.4692.71"/>
         <property name="hostAddress" value="192.168.3.10"/>
         <property name="sessionId" value="ff2cc89b9eb92ddcecf7fc4eda973360"/>
         <property name="seleniumVersion" value="3.141.59"/>
         <property name="proxyInformation" value="ProxyInformation { proxyOption=NO_PROXY, proxyServerType=HTTP, username=, password=********, proxyServerAddress=, proxyServerPort=0, executionList=&quot;&quot;, isApplyToDesiredCapabilities=true }"/>
         <property name="platform" value="Windows 10"/>
      </properties>
      <testcase name="Test Cases/Admin Login" time="8.526" classname="Test Cases/Admin Login" status="PASSED">
         <system-out><![CDATA[2022-01-17 09:46:43 - [TEST_CASE][PASSED] - Test Cases/Admin Login: Test Cases/Admin Login

2022-01-17 09:46:43 - [TEST_STEP][PASSED] - openBrowser(""): Browser is opened with url: ''

2022-01-17 09:46:44 - [MESSAGE][INFO] - Starting 'Chrome' driver

2022-01-17 09:46:44 - [MESSAGE][INFO] - Action delay is set to 0 milliseconds

2022-01-17 09:46:46 - [MESSAGE][PASSED] - Browser is opened with url: ''

2022-01-17 09:46:46 - [TEST_STEP][PASSED] - navigateToUrl("http://localhost/moodle/login/index.php"): Navigate to 'http://localhost/moodle/login/index.php' successfully

2022-01-17 09:46:48 - [MESSAGE][PASSED] - Navigate to 'http://localhost/moodle/login/index.php' successfully

2022-01-17 09:46:48 - [TEST_STEP][PASSED] - setText(findTestObject("Object Repository/Page_Moodle Log in to the site/input_Username_username"), "admin"): Text 'admin' is set on object 'Object Repository/Page_Moodle Log in to the site/input_Username_username'

2022-01-17 09:46:49 - [MESSAGE][PASSED] - Text 'admin' is set on object 'Object Repository/Page_Moodle Log in to the site/input_Username_username'

2022-01-17 09:46:49 - [TEST_STEP][PASSED] - setEncryptedText(findTestObject("Object Repository/Page_Moodle Log in to the site/input_Password_password"), "8JanWqnBZBo6yBKKrpSnpw=="): Text ****** has been set on object 'Object Repository/Page_Moodle Log in to the site/input_Password_password'

2022-01-17 09:46:49 - [MESSAGE][PASSED] - Text ****** has been set on object 'Object Repository/Page_Moodle Log in to the site/input_Password_password'

2022-01-17 09:46:49 - [TEST_STEP][PASSED] - click(findTestObject("Object Repository/Page_Moodle Log in to the site/button_Log in")): Object: 'Object Repository/Page_Moodle Log in to the site/button_Log in' is clicked on

2022-01-17 09:46:51 - [MESSAGE][PASSED] - Object: 'Object Repository/Page_Moodle Log in to the site/button_Log in' is clicked on]]></system-out>
         <system-err><![CDATA[]]></system-err>
      </testcase>
      <testcase name="Test Cases/Admin Add User" time="45.963" classname="Test Cases/Admin Add User" status="PASSED">
         <system-out><![CDATA[2022-01-17 09:46:51 - [TEST_CASE][PASSED] - Test Cases/Admin Add User: Test Cases/Admin Add User

2022-01-17 09:46:52 - [TEST_STEP][PASSED] - callTestCase(findTestCase("Admin Login"), [:], STOP_ON_FAILURE): Call Test Case 'Test Cases/Admin Login' successfully

2022-01-17 09:46:52 - [TEST_CASE][PASSED] - Test Cases/Admin Login: Test Cases/Admin Login

2022-01-17 09:46:52 - [TEST_STEP][PASSED] - openBrowser(""): Browser is opened with url: ''

2022-01-17 09:46:52 - [MESSAGE][WARNING] - A browser is already opened. Closing browser and opening a new one

2022-01-17 09:46:53 - [MESSAGE][INFO] - Starting 'Chrome' driver

2022-01-17 09:46:53 - [MESSAGE][INFO] - Action delay is set to 0 milliseconds

2022-01-17 09:46:54 - [MESSAGE][PASSED] - Browser is opened with url: ''

2022-01-17 09:46:54 - [TEST_STEP][PASSED] - navigateToUrl("http://localhost/moodle/login/index.php"): Navigate to 'http://localhost/moodle/login/index.php' successfully

2022-01-17 09:46:55 - [MESSAGE][PASSED] - Navigate to 'http://localhost/moodle/login/index.php' successfully

2022-01-17 09:46:55 - [TEST_STEP][PASSED] - setText(findTestObject("Object Repository/Page_Moodle Log in to the site/input_Username_username"), "admin"): Text 'admin' is set on object 'Object Repository/Page_Moodle Log in to the site/input_Username_username'

2022-01-17 09:46:56 - [MESSAGE][PASSED] - Text 'admin' is set on object 'Object Repository/Page_Moodle Log in to the site/input_Username_username'

2022-01-17 09:46:56 - [TEST_STEP][PASSED] - setEncryptedText(findTestObject("Object Repository/Page_Moodle Log in to the site/input_Password_password"), "8JanWqnBZBo6yBKKrpSnpw=="): Text ****** has been set on object 'Object Repository/Page_Moodle Log in to the site/input_Password_password'

2022-01-17 09:46:56 - [MESSAGE][PASSED] - Text ****** has been set on object 'Object Repository/Page_Moodle Log in to the site/input_Password_password'

2022-01-17 09:46:56 - [TEST_STEP][PASSED] - click(findTestObject("Object Repository/Page_Moodle Log in to the site/button_Log in")): Object: 'Object Repository/Page_Moodle Log in to the site/button_Log in' is clicked on

2022-01-17 09:46:58 - [MESSAGE][PASSED] - Object: 'Object Repository/Page_Moodle Log in to the site/button_Log in' is clicked on

2022-01-17 09:46:58 - [MESSAGE][PASSED] - Call Test Case 'Test Cases/Admin Login' successfully

2022-01-17 09:46:58 - [TEST_STEP][PASSED] - click(findTestObject("Page_Dashboard/span_Site administration")): Object: 'Object Repository/Page_Dashboard/span_Site administration' is clicked on

2022-01-17 09:47:00 - [MESSAGE][PASSED] - Object: 'Object Repository/Page_Dashboard/span_Site administration' is clicked on

2022-01-17 09:47:00 - [TEST_STEP][PASSED] - click(findTestObject("Object Repository/Page_Moodle Administration Search/a_Users (3)")): Object: 'Object Repository/Page_Moodle Administration Search/a_Users (3)' is clicked on

2022-01-17 09:47:03 - [MESSAGE][PASSED] - Object: 'Object Repository/Page_Moodle Administration Search/a_Users (3)' is clicked on

2022-01-17 09:47:03 - [TEST_STEP][PASSED] - click(findTestObject("Object Repository/Page_Moodle Administration Search/a_Add a new user (2)")): Object: 'Object Repository/Page_Moodle Administration Search/a_Add a new user (2)' is clicked on

2022-01-17 09:47:07 - [MESSAGE][PASSED] - Object: 'Object Repository/Page_Moodle Administration Search/a_Add a new user (2)' is clicked on

2022-01-17 09:47:07 - [TEST_STEP][PASSED] - setText(findTestObject("Object Repository/Page_Moodle Administration Users Accounts A_0fbd97/input_Username_username (2)"), "minhduc"): Text 'minhduc' is set on object 'Object Repository/Page_Moodle Administration Users Accounts A_0fbd97/input_Username_username (2)'

2022-01-17 09:47:11 - [MESSAGE][PASSED] - Text 'minhduc' is set on object 'Object Repository/Page_Moodle Administration Users Accounts A_0fbd97/input_Username_username (2)'

2022-01-17 09:47:11 - [TEST_STEP][PASSED] - click(findTestObject("Page_Moodle Administration Users Accounts A_0fbd97/a_Click to enter text")): Object: 'Object Repository/Page_Moodle Administration Users Accounts A_0fbd97/a_Click to enter text' is clicked on

2022-01-17 09:47:13 - [MESSAGE][PASSED] - Object: 'Object Repository/Page_Moodle Administration Users Accounts A_0fbd97/a_Click to enter text' is clicked on

2022-01-17 09:47:13 - [TEST_STEP][PASSED] - setEncryptedText(findTestObject("Object Repository/Page_Moodle Administration Users Accounts A_0fbd97/input_New password_newpassword (2)"), "8JanWqnBZBo6yBKKrpSnpw=="): Text ****** has been set on object 'Object Repository/Page_Moodle Administration Users Accounts A_0fbd97/input_New password_newpassword (2)'

2022-01-17 09:47:15 - [MESSAGE][PASSED] - Text ****** has been set on object 'Object Repository/Page_Moodle Administration Users Accounts A_0fbd97/input_New password_newpassword (2)'

2022-01-17 09:47:15 - [TEST_STEP][PASSED] - setText(findTestObject("Object Repository/Page_Moodle Administration Users Accounts A_0fbd97/input_First name_firstname (2)"), "Đức"): Text 'Đức' is set on object 'Object Repository/Page_Moodle Administration Users Accounts A_0fbd97/input_First name_firstname (2)'

2022-01-17 09:47:19 - [MESSAGE][PASSED] - Text 'Đức' is set on object 'Object Repository/Page_Moodle Administration Users Accounts A_0fbd97/input_First name_firstname (2)'

2022-01-17 09:47:19 - [TEST_STEP][PASSED] - setText(findTestObject("Object Repository/Page_Moodle Administration Users Accounts A_0fbd97/input_Surname_lastname (2)"), "Hồ"): Text 'Hồ' is set on object 'Object Repository/Page_Moodle Administration Users Accounts A_0fbd97/input_Surname_lastname (2)'

2022-01-17 09:47:21 - [MESSAGE][PASSED] - Text 'Hồ' is set on object 'Object Repository/Page_Moodle Administration Users Accounts A_0fbd97/input_Surname_lastname (2)'

2022-01-17 09:47:21 - [TEST_STEP][PASSED] - setText(findTestObject("Object Repository/Page_Moodle Administration Users Accounts A_0fbd97/input_Email address_email (2)"), "hnmduc19@clc.fitus.edu.vn"): Text 'hnmduc19@clc.fitus.edu.vn' is set on object 'Object Repository/Page_Moodle Administration Users Accounts A_0fbd97/input_Email address_email (2)'

2022-01-17 09:47:22 - [MESSAGE][PASSED] - Text 'hnmduc19@clc.fitus.edu.vn' is set on object 'Object Repository/Page_Moodle Administration Users Accounts A_0fbd97/input_Email address_email (2)'

2022-01-17 09:47:22 - [TEST_STEP][PASSED] - selectOptionByValue(findTestObject("Object Repository/Page_Moodle Administration Users Accounts A_0fbd97/select_Select a country.            Afghani_160506 (2)"), "VN", true): All options with value 'VN' are selected in object 'Object Repository/Page_Moodle Administration Users Accounts A_0fbd97/select_Select a country.            Afghani_160506 (2)'  using regular expression

2022-01-17 09:47:36 - [MESSAGE][PASSED] - All options with value 'VN' are selected in object 'Object Repository/Page_Moodle Administration Users Accounts A_0fbd97/select_Select a country.            Afghani_160506 (2)'  using regular expression

2022-01-17 09:47:36 - [TEST_STEP][PASSED] - click(findTestObject("Object Repository/Page_Moodle Administration Users Accounts A_0fbd97/input_Address_submitbutton (2)")): Object: 'Object Repository/Page_Moodle Administration Users Accounts A_0fbd97/input_Address_submitbutton (2)' is clicked on

2022-01-17 09:47:37 - [MESSAGE][PASSED] - Object: 'Object Repository/Page_Moodle Administration Users Accounts A_0fbd97/input_Address_submitbutton (2)' is clicked on]]></system-out>
         <system-err><![CDATA[]]></system-err>
      </testcase>
      <testcase name="Test Cases/Admin Add Exists User" time="27.205" classname="Test Cases/Admin Add Exists User" status="PASSED">
         <system-out><![CDATA[2022-01-17 09:47:37 - [TEST_CASE][PASSED] - Test Cases/Admin Add Exists User: Test Cases/Admin Add Exists User

2022-01-17 09:47:38 - [TEST_STEP][PASSED] - callTestCase(findTestCase("Admin Login"), [:], STOP_ON_FAILURE): Call Test Case 'Test Cases/Admin Login' successfully

2022-01-17 09:47:38 - [TEST_CASE][PASSED] - Test Cases/Admin Login: Test Cases/Admin Login

2022-01-17 09:47:38 - [TEST_STEP][PASSED] - openBrowser(""): Browser is opened with url: ''

2022-01-17 09:47:38 - [MESSAGE][WARNING] - A browser is already opened. Closing browser and opening a new one

2022-01-17 09:47:38 - [MESSAGE][INFO] - Starting 'Chrome' driver

2022-01-17 09:47:38 - [MESSAGE][INFO] - Action delay is set to 0 milliseconds

2022-01-17 09:47:40 - [MESSAGE][PASSED] - Browser is opened with url: ''

2022-01-17 09:47:40 - [TEST_STEP][PASSED] - navigateToUrl("http://localhost/moodle/login/index.php"): Navigate to 'http://localhost/moodle/login/index.php' successfully

2022-01-17 09:47:40 - [MESSAGE][PASSED] - Navigate to 'http://localhost/moodle/login/index.php' successfully

2022-01-17 09:47:40 - [TEST_STEP][PASSED] - setText(findTestObject("Object Repository/Page_Moodle Log in to the site/input_Username_username"), "admin"): Text 'admin' is set on object 'Object Repository/Page_Moodle Log in to the site/input_Username_username'

2022-01-17 09:47:41 - [MESSAGE][PASSED] - Text 'admin' is set on object 'Object Repository/Page_Moodle Log in to the site/input_Username_username'

2022-01-17 09:47:41 - [TEST_STEP][PASSED] - setEncryptedText(findTestObject("Object Repository/Page_Moodle Log in to the site/input_Password_password"), "8JanWqnBZBo6yBKKrpSnpw=="): Text ****** has been set on object 'Object Repository/Page_Moodle Log in to the site/input_Password_password'

2022-01-17 09:47:42 - [MESSAGE][PASSED] - Text ****** has been set on object 'Object Repository/Page_Moodle Log in to the site/input_Password_password'

2022-01-17 09:47:42 - [TEST_STEP][PASSED] - click(findTestObject("Object Repository/Page_Moodle Log in to the site/button_Log in")): Object: 'Object Repository/Page_Moodle Log in to the site/button_Log in' is clicked on

2022-01-17 09:47:43 - [MESSAGE][PASSED] - Object: 'Object Repository/Page_Moodle Log in to the site/button_Log in' is clicked on

2022-01-17 09:47:43 - [MESSAGE][PASSED] - Call Test Case 'Test Cases/Admin Login' successfully

2022-01-17 09:47:43 - [TEST_STEP][PASSED] - click(findTestObject("Page_Dashboard/span_Site administration")): Object: 'Object Repository/Page_Dashboard/span_Site administration' is clicked on

2022-01-17 09:47:46 - [MESSAGE][PASSED] - Object: 'Object Repository/Page_Dashboard/span_Site administration' is clicked on

2022-01-17 09:47:46 - [TEST_STEP][PASSED] - click(findTestObject("Object Repository/Page_Moodle Administration Search/a_Users (3)")): Object: 'Object Repository/Page_Moodle Administration Search/a_Users (3)' is clicked on

2022-01-17 09:47:46 - [MESSAGE][PASSED] - Object: 'Object Repository/Page_Moodle Administration Search/a_Users (3)' is clicked on

2022-01-17 09:47:46 - [TEST_STEP][PASSED] - click(findTestObject("Object Repository/Page_Moodle Administration Search/a_Add a new user (2)")): Object: 'Object Repository/Page_Moodle Administration Search/a_Add a new user (2)' is clicked on

2022-01-17 09:47:49 - [MESSAGE][PASSED] - Object: 'Object Repository/Page_Moodle Administration Search/a_Add a new user (2)' is clicked on

2022-01-17 09:47:49 - [TEST_STEP][PASSED] - setText(findTestObject("Object Repository/Page_Moodle Administration Users Accounts A_0fbd97/input_Username_username (2)"), "minhduc"): Text 'minhduc' is set on object 'Object Repository/Page_Moodle Administration Users Accounts A_0fbd97/input_Username_username (2)'

2022-01-17 09:47:50 - [MESSAGE][PASSED] - Text 'minhduc' is set on object 'Object Repository/Page_Moodle Administration Users Accounts A_0fbd97/input_Username_username (2)'

2022-01-17 09:47:50 - [TEST_STEP][PASSED] - click(findTestObject("Page_Moodle Administration Users Accounts A_0fbd97/a_Click to enter text")): Object: 'Object Repository/Page_Moodle Administration Users Accounts A_0fbd97/a_Click to enter text' is clicked on

2022-01-17 09:47:50 - [MESSAGE][PASSED] - Object: 'Object Repository/Page_Moodle Administration Users Accounts A_0fbd97/a_Click to enter text' is clicked on

2022-01-17 09:47:50 - [TEST_STEP][PASSED] - setEncryptedText(findTestObject("Object Repository/Page_Moodle Administration Users Accounts A_0fbd97/input_New password_newpassword (2)"), "8JanWqnBZBo6yBKKrpSnpw=="): Text ****** has been set on object 'Object Repository/Page_Moodle Administration Users Accounts A_0fbd97/input_New password_newpassword (2)'

2022-01-17 09:47:51 - [MESSAGE][PASSED] - Text ****** has been set on object 'Object Repository/Page_Moodle Administration Users Accounts A_0fbd97/input_New password_newpassword (2)'

2022-01-17 09:47:51 - [TEST_STEP][PASSED] - setText(findTestObject("Object Repository/Page_Moodle Administration Users Accounts A_0fbd97/input_First name_firstname (2)"), "Đức"): Text 'Đức' is set on object 'Object Repository/Page_Moodle Administration Users Accounts A_0fbd97/input_First name_firstname (2)'

2022-01-17 09:47:52 - [MESSAGE][PASSED] - Text 'Đức' is set on object 'Object Repository/Page_Moodle Administration Users Accounts A_0fbd97/input_First name_firstname (2)'

2022-01-17 09:47:52 - [TEST_STEP][PASSED] - setText(findTestObject("Object Repository/Page_Moodle Administration Users Accounts A_0fbd97/input_Surname_lastname (2)"), "Hồ"): Text 'Hồ' is set on object 'Object Repository/Page_Moodle Administration Users Accounts A_0fbd97/input_Surname_lastname (2)'

2022-01-17 09:47:53 - [MESSAGE][PASSED] - Text 'Hồ' is set on object 'Object Repository/Page_Moodle Administration Users Accounts A_0fbd97/input_Surname_lastname (2)'

2022-01-17 09:47:53 - [TEST_STEP][PASSED] - setText(findTestObject("Object Repository/Page_Moodle Administration Users Accounts A_0fbd97/input_Email address_email (2)"), "hongocminhduc@gmail.com"): Text 'hongocminhduc@gmail.com' is set on object 'Object Repository/Page_Moodle Administration Users Accounts A_0fbd97/input_Email address_email (2)'

2022-01-17 09:47:54 - [MESSAGE][PASSED] - Text 'hongocminhduc@gmail.com' is set on object 'Object Repository/Page_Moodle Administration Users Accounts A_0fbd97/input_Email address_email (2)'

2022-01-17 09:47:54 - [TEST_STEP][PASSED] - selectOptionByValue(findTestObject("Object Repository/Page_Moodle Administration Users Accounts A_0fbd97/select_Select a country.            Afghani_160506 (2)"), "VN", true): All options with value 'VN' are selected in object 'Object Repository/Page_Moodle Administration Users Accounts A_0fbd97/select_Select a country.            Afghani_160506 (2)'  using regular expression

2022-01-17 09:48:03 - [MESSAGE][PASSED] - All options with value 'VN' are selected in object 'Object Repository/Page_Moodle Administration Users Accounts A_0fbd97/select_Select a country.            Afghani_160506 (2)'  using regular expression

2022-01-17 09:48:03 - [TEST_STEP][PASSED] - click(findTestObject("Object Repository/Page_Moodle Administration Users Accounts A_0fbd97/input_Address_submitbutton (2)")): Object: 'Object Repository/Page_Moodle Administration Users Accounts A_0fbd97/input_Address_submitbutton (2)' is clicked on

2022-01-17 09:48:04 - [MESSAGE][PASSED] - Object: 'Object Repository/Page_Moodle Administration Users Accounts A_0fbd97/input_Address_submitbutton (2)' is clicked on]]></system-out>
         <system-err><![CDATA[]]></system-err>
      </testcase>
      <testcase name="Test Cases/Admin Update Profile" time="24.103" classname="Test Cases/Admin Update Profile" status="PASSED">
         <system-out><![CDATA[2022-01-17 09:48:04 - [TEST_CASE][PASSED] - Test Cases/Admin Update Profile: Test Cases/Admin Update Profile

2022-01-17 09:48:05 - [TEST_STEP][PASSED] - callTestCase(findTestCase("Admin Login"), [:], STOP_ON_FAILURE): Call Test Case 'Test Cases/Admin Login' successfully

2022-01-17 09:48:05 - [TEST_CASE][PASSED] - Test Cases/Admin Login: Test Cases/Admin Login

2022-01-17 09:48:05 - [TEST_STEP][PASSED] - openBrowser(""): Browser is opened with url: ''

2022-01-17 09:48:05 - [MESSAGE][WARNING] - A browser is already opened. Closing browser and opening a new one

2022-01-17 09:48:05 - [MESSAGE][INFO] - Starting 'Chrome' driver

2022-01-17 09:48:05 - [MESSAGE][INFO] - Action delay is set to 0 milliseconds

2022-01-17 09:48:07 - [MESSAGE][PASSED] - Browser is opened with url: ''

2022-01-17 09:48:07 - [TEST_STEP][PASSED] - navigateToUrl("http://localhost/moodle/login/index.php"): Navigate to 'http://localhost/moodle/login/index.php' successfully

2022-01-17 09:48:07 - [MESSAGE][PASSED] - Navigate to 'http://localhost/moodle/login/index.php' successfully

2022-01-17 09:48:07 - [TEST_STEP][PASSED] - setText(findTestObject("Object Repository/Page_Moodle Log in to the site/input_Username_username"), "admin"): Text 'admin' is set on object 'Object Repository/Page_Moodle Log in to the site/input_Username_username'

2022-01-17 09:48:08 - [MESSAGE][PASSED] - Text 'admin' is set on object 'Object Repository/Page_Moodle Log in to the site/input_Username_username'

2022-01-17 09:48:08 - [TEST_STEP][PASSED] - setEncryptedText(findTestObject("Object Repository/Page_Moodle Log in to the site/input_Password_password"), "8JanWqnBZBo6yBKKrpSnpw=="): Text ****** has been set on object 'Object Repository/Page_Moodle Log in to the site/input_Password_password'

2022-01-17 09:48:09 - [MESSAGE][PASSED] - Text ****** has been set on object 'Object Repository/Page_Moodle Log in to the site/input_Password_password'

2022-01-17 09:48:09 - [TEST_STEP][PASSED] - click(findTestObject("Object Repository/Page_Moodle Log in to the site/button_Log in")): Object: 'Object Repository/Page_Moodle Log in to the site/button_Log in' is clicked on

2022-01-17 09:48:10 - [MESSAGE][PASSED] - Object: 'Object Repository/Page_Moodle Log in to the site/button_Log in' is clicked on

2022-01-17 09:48:10 - [MESSAGE][PASSED] - Call Test Case 'Test Cases/Admin Login' successfully

2022-01-17 09:48:10 - [TEST_STEP][PASSED] - click(findTestObject("Object Repository/Page_Moodle Administration Search/img_c Minh_userpicture defaultuserpic")): Object: 'Object Repository/Page_Moodle Administration Search/img_c Minh_userpicture defaultuserpic' is clicked on

2022-01-17 09:48:12 - [MESSAGE][PASSED] - Object: 'Object Repository/Page_Moodle Administration Search/img_c Minh_userpicture defaultuserpic' is clicked on

2022-01-17 09:48:12 - [TEST_STEP][PASSED] - click(findTestObject("Object Repository/Page_Moodle Administration Search/span_Profile")): Object: 'Object Repository/Page_Moodle Administration Search/span_Profile' is clicked on

2022-01-17 09:48:13 - [MESSAGE][PASSED] - Object: 'Object Repository/Page_Moodle Administration Search/span_Profile' is clicked on

2022-01-17 09:48:13 - [TEST_STEP][PASSED] - click(findTestObject("Object Repository/Page_c Minh Public profile/a_Edit profile")): Object: 'Object Repository/Page_c Minh Public profile/a_Edit profile' is clicked on

2022-01-17 09:48:15 - [MESSAGE][PASSED] - Object: 'Object Repository/Page_c Minh Public profile/a_Edit profile' is clicked on

2022-01-17 09:48:15 - [TEST_STEP][PASSED] - click(findTestObject("Object Repository/Page_Moodle Edit profile/div_Surname")): Object: 'Object Repository/Page_Moodle Edit profile/div_Surname' is clicked on

2022-01-17 09:48:16 - [MESSAGE][PASSED] - Object: 'Object Repository/Page_Moodle Edit profile/div_Surname' is clicked on

2022-01-17 09:48:16 - [TEST_STEP][PASSED] - setText(findTestObject("Object Repository/Page_Moodle Edit profile/input_Surname_lastname"), "Hồ"): Text 'Hồ' is set on object 'Object Repository/Page_Moodle Edit profile/input_Surname_lastname'

2022-01-17 09:48:17 - [MESSAGE][PASSED] - Text 'Hồ' is set on object 'Object Repository/Page_Moodle Edit profile/input_Surname_lastname'

2022-01-17 09:48:17 - [TEST_STEP][PASSED] - click(findTestObject("Object Repository/Page_Moodle Edit profile/div_Email address_yui_3_17_2_1_1642339639116_856")): Object: 'Object Repository/Page_Moodle Edit profile/div_Email address_yui_3_17_2_1_1642339639116_856' is clicked on

2022-01-17 09:48:17 - [MESSAGE][PASSED] - Object: 'Object Repository/Page_Moodle Edit profile/div_Email address_yui_3_17_2_1_1642339639116_856' is clicked on

2022-01-17 09:48:17 - [TEST_STEP][PASSED] - setText(findTestObject("Object Repository/Page_Moodle Edit profile/input_Email address_email"), "hongocminhduc@gmail.com"): Text 'hongocminhduc@gmail.com' is set on object 'Object Repository/Page_Moodle Edit profile/input_Email address_email'

2022-01-17 09:48:18 - [MESSAGE][PASSED] - Text 'hongocminhduc@gmail.com' is set on object 'Object Repository/Page_Moodle Edit profile/input_Email address_email'

2022-01-17 09:48:18 - [TEST_STEP][PASSED] - selectOptionByValue(findTestObject("Object Repository/Page_Moodle Edit profile/select_Select a country.            Afghani_160506"), "VN", true): All options with value 'VN' are selected in object 'Object Repository/Page_Moodle Edit profile/select_Select a country.            Afghani_160506'  using regular expression

2022-01-17 09:48:27 - [MESSAGE][PASSED] - All options with value 'VN' are selected in object 'Object Repository/Page_Moodle Edit profile/select_Select a country.            Afghani_160506'  using regular expression

2022-01-17 09:48:27 - [TEST_STEP][PASSED] - sendKeys(findTestObject("Object Repository/Page_Moodle Edit profile/input_Address_submitbutton"), Keys.chord(ENTER)): Keys 'ENTER + ' sent to object: 'Object Repository/Page_Moodle Edit profile/input_Address_submitbutton'

2022-01-17 09:48:28 - [MESSAGE][PASSED] - Keys 'ENTER + ' sent to object: 'Object Repository/Page_Moodle Edit profile/input_Address_submitbutton']]></system-out>
         <system-err><![CDATA[]]></system-err>
      </testcase>
      <testcase name="Test Cases/Admin Create New Category" time="13.923" classname="Test Cases/Admin Create New Category" status="PASSED">
         <system-out><![CDATA[2022-01-17 09:48:28 - [TEST_CASE][PASSED] - Test Cases/Admin Create New Category: Test Cases/Admin Create New Category

2022-01-17 09:48:29 - [TEST_STEP][PASSED] - callTestCase(findTestCase("Admin Login"), [:], STOP_ON_FAILURE): Call Test Case 'Test Cases/Admin Login' successfully

2022-01-17 09:48:29 - [TEST_CASE][PASSED] - Test Cases/Admin Login: Test Cases/Admin Login

2022-01-17 09:48:29 - [TEST_STEP][PASSED] - openBrowser(""): Browser is opened with url: ''

2022-01-17 09:48:29 - [MESSAGE][WARNING] - A browser is already opened. Closing browser and opening a new one

2022-01-17 09:48:30 - [MESSAGE][INFO] - Starting 'Chrome' driver

2022-01-17 09:48:30 - [MESSAGE][INFO] - Action delay is set to 0 milliseconds

2022-01-17 09:48:31 - [MESSAGE][PASSED] - Browser is opened with url: ''

2022-01-17 09:48:31 - [TEST_STEP][PASSED] - navigateToUrl("http://localhost/moodle/login/index.php"): Navigate to 'http://localhost/moodle/login/index.php' successfully

2022-01-17 09:48:32 - [MESSAGE][PASSED] - Navigate to 'http://localhost/moodle/login/index.php' successfully

2022-01-17 09:48:32 - [TEST_STEP][PASSED] - setText(findTestObject("Object Repository/Page_Moodle Log in to the site/input_Username_username"), "admin"): Text 'admin' is set on object 'Object Repository/Page_Moodle Log in to the site/input_Username_username'

2022-01-17 09:48:32 - [MESSAGE][PASSED] - Text 'admin' is set on object 'Object Repository/Page_Moodle Log in to the site/input_Username_username'

2022-01-17 09:48:32 - [TEST_STEP][PASSED] - setEncryptedText(findTestObject("Object Repository/Page_Moodle Log in to the site/input_Password_password"), "8JanWqnBZBo6yBKKrpSnpw=="): Text ****** has been set on object 'Object Repository/Page_Moodle Log in to the site/input_Password_password'

2022-01-17 09:48:33 - [MESSAGE][PASSED] - Text ****** has been set on object 'Object Repository/Page_Moodle Log in to the site/input_Password_password'

2022-01-17 09:48:33 - [TEST_STEP][PASSED] - click(findTestObject("Object Repository/Page_Moodle Log in to the site/button_Log in")): Object: 'Object Repository/Page_Moodle Log in to the site/button_Log in' is clicked on

2022-01-17 09:48:34 - [MESSAGE][PASSED] - Object: 'Object Repository/Page_Moodle Log in to the site/button_Log in' is clicked on

2022-01-17 09:48:34 - [MESSAGE][PASSED] - Call Test Case 'Test Cases/Admin Login' successfully

2022-01-17 09:48:34 - [TEST_STEP][PASSED] - click(findTestObject("Object Repository/Page_Dashboard/span_Site administration (2)")): Object: 'Object Repository/Page_Dashboard/span_Site administration (2)' is clicked on

2022-01-17 09:48:37 - [MESSAGE][PASSED] - Object: 'Object Repository/Page_Dashboard/span_Site administration (2)' is clicked on

2022-01-17 09:48:37 - [TEST_STEP][PASSED] - click(findTestObject("Object Repository/Page_Moodle Administration Search/a_Courses")): Object: 'Object Repository/Page_Moodle Administration Search/a_Courses' is clicked on

2022-01-17 09:48:38 - [MESSAGE][PASSED] - Object: 'Object Repository/Page_Moodle Administration Search/a_Courses' is clicked on

2022-01-17 09:48:38 - [TEST_STEP][PASSED] - click(findTestObject("Object Repository/Page_Moodle Administration Search/a_Add a category")): Object: 'Object Repository/Page_Moodle Administration Search/a_Add a category' is clicked on

2022-01-17 09:48:39 - [MESSAGE][PASSED] - Object: 'Object Repository/Page_Moodle Administration Search/a_Add a category' is clicked on

2022-01-17 09:48:39 - [TEST_STEP][PASSED] - setText(findTestObject("Object Repository/Page_Moodle Add new category/input_Category name_name"), "New Category"): Text 'New Category' is set on object 'Object Repository/Page_Moodle Add new category/input_Category name_name'

2022-01-17 09:48:41 - [MESSAGE][PASSED] - Text 'New Category' is set on object 'Object Repository/Page_Moodle Add new category/input_Category name_name'

2022-01-17 09:48:41 - [TEST_STEP][PASSED] - click(findTestObject("Object Repository/Page_Moodle Add new category/input_Description_submitbutton")): Object: 'Object Repository/Page_Moodle Add new category/input_Description_submitbutton' is clicked on

2022-01-17 09:48:42 - [MESSAGE][PASSED] - Object: 'Object Repository/Page_Moodle Add new category/input_Description_submitbutton' is clicked on]]></system-out>
         <system-err><![CDATA[]]></system-err>
      </testcase>
      <testcase name="Test Cases/Admin Add Child Category" time="16.585" classname="Test Cases/Admin Add Child Category" status="PASSED">
         <system-out><![CDATA[2022-01-17 09:48:42 - [TEST_CASE][PASSED] - Test Cases/Admin Add Child Category: Test Cases/Admin Add Child Category

2022-01-17 09:48:43 - [TEST_STEP][PASSED] - callTestCase(findTestCase("Admin Login"), [:], STOP_ON_FAILURE): Call Test Case 'Test Cases/Admin Login' successfully

2022-01-17 09:48:43 - [TEST_CASE][PASSED] - Test Cases/Admin Login: Test Cases/Admin Login

2022-01-17 09:48:43 - [TEST_STEP][PASSED] - openBrowser(""): Browser is opened with url: ''

2022-01-17 09:48:43 - [MESSAGE][WARNING] - A browser is already opened. Closing browser and opening a new one

2022-01-17 09:48:43 - [MESSAGE][INFO] - Starting 'Chrome' driver

2022-01-17 09:48:43 - [MESSAGE][INFO] - Action delay is set to 0 milliseconds

2022-01-17 09:48:45 - [MESSAGE][PASSED] - Browser is opened with url: ''

2022-01-17 09:48:45 - [TEST_STEP][PASSED] - navigateToUrl("http://localhost/moodle/login/index.php"): Navigate to 'http://localhost/moodle/login/index.php' successfully

2022-01-17 09:48:45 - [MESSAGE][PASSED] - Navigate to 'http://localhost/moodle/login/index.php' successfully

2022-01-17 09:48:45 - [TEST_STEP][PASSED] - setText(findTestObject("Object Repository/Page_Moodle Log in to the site/input_Username_username"), "admin"): Text 'admin' is set on object 'Object Repository/Page_Moodle Log in to the site/input_Username_username'

2022-01-17 09:48:46 - [MESSAGE][PASSED] - Text 'admin' is set on object 'Object Repository/Page_Moodle Log in to the site/input_Username_username'

2022-01-17 09:48:46 - [TEST_STEP][PASSED] - setEncryptedText(findTestObject("Object Repository/Page_Moodle Log in to the site/input_Password_password"), "8JanWqnBZBo6yBKKrpSnpw=="): Text ****** has been set on object 'Object Repository/Page_Moodle Log in to the site/input_Password_password'

2022-01-17 09:48:47 - [MESSAGE][PASSED] - Text ****** has been set on object 'Object Repository/Page_Moodle Log in to the site/input_Password_password'

2022-01-17 09:48:47 - [TEST_STEP][PASSED] - click(findTestObject("Object Repository/Page_Moodle Log in to the site/button_Log in")): Object: 'Object Repository/Page_Moodle Log in to the site/button_Log in' is clicked on

2022-01-17 09:48:48 - [MESSAGE][PASSED] - Object: 'Object Repository/Page_Moodle Log in to the site/button_Log in' is clicked on

2022-01-17 09:48:48 - [MESSAGE][PASSED] - Call Test Case 'Test Cases/Admin Login' successfully

2022-01-17 09:48:48 - [TEST_STEP][PASSED] - click(findTestObject("Page_Dashboard/span_Site administration")): Object: 'Object Repository/Page_Dashboard/span_Site administration' is clicked on

2022-01-17 09:48:51 - [MESSAGE][PASSED] - Object: 'Object Repository/Page_Dashboard/span_Site administration' is clicked on

2022-01-17 09:48:51 - [TEST_STEP][PASSED] - click(findTestObject("Object Repository/Page_Moodle Administration Search/a_Courses (1)")): Object: 'Object Repository/Page_Moodle Administration Search/a_Courses (1)' is clicked on

2022-01-17 09:48:52 - [MESSAGE][PASSED] - Object: 'Object Repository/Page_Moodle Administration Search/a_Courses (1)' is clicked on

2022-01-17 09:48:52 - [TEST_STEP][PASSED] - click(findTestObject("Object Repository/Page_Moodle Administration Search/a_Add a category (1)")): Object: 'Object Repository/Page_Moodle Administration Search/a_Add a category (1)' is clicked on

2022-01-17 09:48:53 - [MESSAGE][PASSED] - Object: 'Object Repository/Page_Moodle Administration Search/a_Add a category (1)' is clicked on

2022-01-17 09:48:53 - [TEST_STEP][PASSED] - click(findTestObject("Object Repository/Page_Moodle Add new category/span_")): Object: 'Object Repository/Page_Moodle Add new category/span_' is clicked on

2022-01-17 09:48:54 - [MESSAGE][PASSED] - Object: 'Object Repository/Page_Moodle Add new category/span_' is clicked on

2022-01-17 09:48:54 - [TEST_STEP][PASSED] - click(findTestObject("Object Repository/Page_Moodle Add new category/li_New Category")): Object: 'Object Repository/Page_Moodle Add new category/li_New Category' is clicked on

2022-01-17 09:48:55 - [MESSAGE][PASSED] - Object: 'Object Repository/Page_Moodle Add new category/li_New Category' is clicked on

2022-01-17 09:48:55 - [TEST_STEP][PASSED] - selectOptionByValue(findTestObject("Object Repository/Page_Moodle Add new category/select_Top            Miscellaneous        _183c6c"), "2", true): All options with value '2' are selected in object 'Object Repository/Page_Moodle Add new category/select_Top            Miscellaneous        _183c6c'  using regular expression

2022-01-17 09:48:56 - [MESSAGE][PASSED] - All options with value '2' are selected in object 'Object Repository/Page_Moodle Add new category/select_Top            Miscellaneous        _183c6c'  using regular expression

2022-01-17 09:48:56 - [TEST_STEP][PASSED] - setText(findTestObject("Object Repository/Page_Moodle Add new category/input_Category name_name (1)"), "Child Category"): Text 'Child Category' is set on object 'Object Repository/Page_Moodle Add new category/input_Category name_name (1)'

2022-01-17 09:48:57 - [MESSAGE][PASSED] - Text 'Child Category' is set on object 'Object Repository/Page_Moodle Add new category/input_Category name_name (1)'

2022-01-17 09:48:57 - [TEST_STEP][PASSED] - click(findTestObject("Object Repository/Page_Moodle Add new category/input_Description_submitbutton (1)")): Object: 'Object Repository/Page_Moodle Add new category/input_Description_submitbutton (1)' is clicked on

2022-01-17 09:48:59 - [MESSAGE][PASSED] - Object: 'Object Repository/Page_Moodle Add new category/input_Description_submitbutton (1)' is clicked on]]></system-out>
         <system-err><![CDATA[]]></system-err>
      </testcase>
      <testcase name="Test Cases/Admin Add New Course" time="14.801" classname="Test Cases/Admin Add New Course" status="PASSED">
         <system-out><![CDATA[2022-01-17 09:48:59 - [TEST_CASE][PASSED] - Test Cases/Admin Add New Course: Test Cases/Admin Add New Course

2022-01-17 09:48:59 - [TEST_STEP][PASSED] - callTestCase(findTestCase("Admin Login"), [:], STOP_ON_FAILURE): Call Test Case 'Test Cases/Admin Login' successfully

2022-01-17 09:48:59 - [TEST_CASE][PASSED] - Test Cases/Admin Login: Test Cases/Admin Login

2022-01-17 09:48:59 - [TEST_STEP][PASSED] - openBrowser(""): Browser is opened with url: ''

2022-01-17 09:48:59 - [MESSAGE][WARNING] - A browser is already opened. Closing browser and opening a new one

2022-01-17 09:49:00 - [MESSAGE][INFO] - Starting 'Chrome' driver

2022-01-17 09:49:00 - [MESSAGE][INFO] - Action delay is set to 0 milliseconds

2022-01-17 09:49:01 - [MESSAGE][PASSED] - Browser is opened with url: ''

2022-01-17 09:49:01 - [TEST_STEP][PASSED] - navigateToUrl("http://localhost/moodle/login/index.php"): Navigate to 'http://localhost/moodle/login/index.php' successfully

2022-01-17 09:49:02 - [MESSAGE][PASSED] - Navigate to 'http://localhost/moodle/login/index.php' successfully

2022-01-17 09:49:02 - [TEST_STEP][PASSED] - setText(findTestObject("Object Repository/Page_Moodle Log in to the site/input_Username_username"), "admin"): Text 'admin' is set on object 'Object Repository/Page_Moodle Log in to the site/input_Username_username'

2022-01-17 09:49:03 - [MESSAGE][PASSED] - Text 'admin' is set on object 'Object Repository/Page_Moodle Log in to the site/input_Username_username'

2022-01-17 09:49:03 - [TEST_STEP][PASSED] - setEncryptedText(findTestObject("Object Repository/Page_Moodle Log in to the site/input_Password_password"), "8JanWqnBZBo6yBKKrpSnpw=="): Text ****** has been set on object 'Object Repository/Page_Moodle Log in to the site/input_Password_password'

2022-01-17 09:49:03 - [MESSAGE][PASSED] - Text ****** has been set on object 'Object Repository/Page_Moodle Log in to the site/input_Password_password'

2022-01-17 09:49:03 - [TEST_STEP][PASSED] - click(findTestObject("Object Repository/Page_Moodle Log in to the site/button_Log in")): Object: 'Object Repository/Page_Moodle Log in to the site/button_Log in' is clicked on

2022-01-17 09:49:05 - [MESSAGE][PASSED] - Object: 'Object Repository/Page_Moodle Log in to the site/button_Log in' is clicked on

2022-01-17 09:49:05 - [MESSAGE][PASSED] - Call Test Case 'Test Cases/Admin Login' successfully

2022-01-17 09:49:05 - [TEST_STEP][PASSED] - click(findTestObject("Page_Dashboard/span_Site administration")): Object: 'Object Repository/Page_Dashboard/span_Site administration' is clicked on

2022-01-17 09:49:08 - [MESSAGE][PASSED] - Object: 'Object Repository/Page_Dashboard/span_Site administration' is clicked on

2022-01-17 09:49:08 - [TEST_STEP][PASSED] - click(findTestObject("Object Repository/Page_Moodle Administration Search/a_Courses (2)")): Object: 'Object Repository/Page_Moodle Administration Search/a_Courses (2)' is clicked on

2022-01-17 09:49:08 - [MESSAGE][PASSED] - Object: 'Object Repository/Page_Moodle Administration Search/a_Courses (2)' is clicked on

2022-01-17 09:49:08 - [TEST_STEP][PASSED] - click(findTestObject("Object Repository/Page_Moodle Administration Search/a_Add a new course")): Object: 'Object Repository/Page_Moodle Administration Search/a_Add a new course' is clicked on

2022-01-17 09:49:10 - [MESSAGE][PASSED] - Object: 'Object Repository/Page_Moodle Administration Search/a_Add a new course' is clicked on

2022-01-17 09:49:10 - [TEST_STEP][PASSED] - setText(findTestObject("Object Repository/Page_Moodle Add a new course/input_Course full name_fullname (1)"), "New Course"): Text 'New Course' is set on object 'Object Repository/Page_Moodle Add a new course/input_Course full name_fullname (1)'

2022-01-17 09:49:11 - [MESSAGE][PASSED] - Text 'New Course' is set on object 'Object Repository/Page_Moodle Add a new course/input_Course full name_fullname (1)'

2022-01-17 09:49:11 - [TEST_STEP][PASSED] - setText(findTestObject("Object Repository/Page_Moodle Add a new course/input_Course short name_shortname (1)"), "New Course"): Text 'New Course' is set on object 'Object Repository/Page_Moodle Add a new course/input_Course short name_shortname (1)'

2022-01-17 09:49:12 - [MESSAGE][PASSED] - Text 'New Course' is set on object 'Object Repository/Page_Moodle Add a new course/input_Course short name_shortname (1)'

2022-01-17 09:49:12 - [TEST_STEP][PASSED] - click(findTestObject("Object Repository/Page_Moodle Add a new course/input__saveanddisplay")): Object: 'Object Repository/Page_Moodle Add a new course/input__saveanddisplay' is clicked on

2022-01-17 09:49:14 - [MESSAGE][PASSED] - Object: 'Object Repository/Page_Moodle Add a new course/input__saveanddisplay' is clicked on]]></system-out>
         <system-err><![CDATA[]]></system-err>
      </testcase>
      <testcase name="Test Cases/Admin_Switch_Role" time="3.848" classname="Test Cases/Admin_Switch_Role" status="PASSED">
         <system-out><![CDATA[2022-01-17 09:49:14 - [TEST_CASE][PASSED] - Test Cases/Admin_Switch_Role: Test Cases/Admin_Switch_Role

2022-01-17 09:49:14 - [TEST_STEP][PASSED] - click(findTestObject("Page_Moodle Add an announcement/Page_Dashboard/a_Admin User")): Object: 'Object Repository/Page_Moodle Add an announcement/Page_Dashboard/a_Admin User' is clicked on

2022-01-17 09:49:15 - [MESSAGE][PASSED] - Object: 'Object Repository/Page_Moodle Add an announcement/Page_Dashboard/a_Admin User' is clicked on

2022-01-17 09:49:15 - [TEST_STEP][PASSED] - click(findTestObject("Page_Moodle Add an announcement/Page_Dashboard/span_Switch role to")): Object: 'Object Repository/Page_Moodle Add an announcement/Page_Dashboard/span_Switch role to' is clicked on

2022-01-17 09:49:16 - [MESSAGE][PASSED] - Object: 'Object Repository/Page_Moodle Add an announcement/Page_Dashboard/span_Switch role to' is clicked on

2022-01-17 09:49:16 - [TEST_STEP][PASSED] - click(findTestObject("Page_Moodle Add an announcement/Page_Switch role to/button_Teacher")): Object: 'Object Repository/Page_Moodle Add an announcement/Page_Switch role to/button_Teacher' is clicked on

2022-01-17 09:49:18 - [MESSAGE][PASSED] - Object: 'Object Repository/Page_Moodle Add an announcement/Page_Switch role to/button_Teacher' is clicked on]]></system-out>
         <system-err><![CDATA[]]></system-err>
      </testcase>
      <testcase name="Test Cases/Teacher_Add_NewAnnouncement" time="0.327" classname="Test Cases/Teacher_Add_NewAnnouncement" status="PASSED">
         <system-out><![CDATA[2022-01-17 09:49:18 - [TEST_CASE][PASSED] - Test Cases/Teacher_Add_NewAnnouncement: Test Cases/Teacher_Add_NewAnnouncement

2022-01-17 09:49:18 - [TEST_STEP][PASSED] - return null: null]]></system-out>
         <system-err><![CDATA[]]></system-err>
      </testcase>
      <testcase name="Test Cases/Admin Edit Courses Name" time="14.279" classname="Test Cases/Admin Edit Courses Name" status="PASSED">
         <system-out><![CDATA[2022-01-17 09:49:18 - [TEST_CASE][PASSED] - Test Cases/Admin Edit Courses Name: Test Cases/Admin Edit Courses Name

2022-01-17 09:49:18 - [TEST_STEP][PASSED] - callTestCase(findTestCase("Admin Login"), [:], STOP_ON_FAILURE): Call Test Case 'Test Cases/Admin Login' successfully

2022-01-17 09:49:18 - [TEST_CASE][PASSED] - Test Cases/Admin Login: Test Cases/Admin Login

2022-01-17 09:49:18 - [TEST_STEP][PASSED] - openBrowser(""): Browser is opened with url: ''

2022-01-17 09:49:18 - [MESSAGE][WARNING] - A browser is already opened. Closing browser and opening a new one

2022-01-17 09:49:19 - [MESSAGE][INFO] - Starting 'Chrome' driver

2022-01-17 09:49:19 - [MESSAGE][INFO] - Action delay is set to 0 milliseconds

2022-01-17 09:49:20 - [MESSAGE][PASSED] - Browser is opened with url: ''

2022-01-17 09:49:20 - [TEST_STEP][PASSED] - navigateToUrl("http://localhost/moodle/login/index.php"): Navigate to 'http://localhost/moodle/login/index.php' successfully

2022-01-17 09:49:21 - [MESSAGE][PASSED] - Navigate to 'http://localhost/moodle/login/index.php' successfully

2022-01-17 09:49:21 - [TEST_STEP][PASSED] - setText(findTestObject("Object Repository/Page_Moodle Log in to the site/input_Username_username"), "admin"): Text 'admin' is set on object 'Object Repository/Page_Moodle Log in to the site/input_Username_username'

2022-01-17 09:49:22 - [MESSAGE][PASSED] - Text 'admin' is set on object 'Object Repository/Page_Moodle Log in to the site/input_Username_username'

2022-01-17 09:49:22 - [TEST_STEP][PASSED] - setEncryptedText(findTestObject("Object Repository/Page_Moodle Log in to the site/input_Password_password"), "8JanWqnBZBo6yBKKrpSnpw=="): Text ****** has been set on object 'Object Repository/Page_Moodle Log in to the site/input_Password_password'

2022-01-17 09:49:22 - [MESSAGE][PASSED] - Text ****** has been set on object 'Object Repository/Page_Moodle Log in to the site/input_Password_password'

2022-01-17 09:49:22 - [TEST_STEP][PASSED] - click(findTestObject("Object Repository/Page_Moodle Log in to the site/button_Log in")): Object: 'Object Repository/Page_Moodle Log in to the site/button_Log in' is clicked on

2022-01-17 09:49:24 - [MESSAGE][PASSED] - Object: 'Object Repository/Page_Moodle Log in to the site/button_Log in' is clicked on

2022-01-17 09:49:24 - [MESSAGE][PASSED] - Call Test Case 'Test Cases/Admin Login' successfully

2022-01-17 09:49:24 - [TEST_STEP][PASSED] - click(findTestObject("Object Repository/Page_Dashboard/span_Site home (1)")): Object: 'Object Repository/Page_Dashboard/span_Site home (1)' is clicked on

2022-01-17 09:49:26 - [MESSAGE][PASSED] - Object: 'Object Repository/Page_Dashboard/span_Site home (1)' is clicked on

2022-01-17 09:49:26 - [TEST_STEP][PASSED] - click(findTestObject("Object Repository/Page_Moodle/a_New Course")): Object: 'Object Repository/Page_Moodle/a_New Course' is clicked on

2022-01-17 09:49:27 - [MESSAGE][PASSED] - Object: 'Object Repository/Page_Moodle/a_New Course' is clicked on

2022-01-17 09:49:27 - [TEST_STEP][PASSED] - click(findTestObject("Object Repository/Page_Course New Course/i_New Course_icon fa fa-cog fa-fw")): Object: 'Object Repository/Page_Course New Course/i_New Course_icon fa fa-cog fa-fw' is clicked on

2022-01-17 09:49:28 - [MESSAGE][PASSED] - Object: 'Object Repository/Page_Course New Course/i_New Course_icon fa fa-cog fa-fw' is clicked on

2022-01-17 09:49:28 - [TEST_STEP][PASSED] - click(findTestObject("Object Repository/Page_Course New Course/a_Edit settings")): Object: 'Object Repository/Page_Course New Course/a_Edit settings' is clicked on

2022-01-17 09:49:29 - [MESSAGE][PASSED] - Object: 'Object Repository/Page_Course New Course/a_Edit settings' is clicked on

2022-01-17 09:49:29 - [TEST_STEP][PASSED] - setText(findTestObject("Object Repository/Page_Edit course settings/input_Course full name_fullname"), "New Course Edited"): Text 'New Course Edited' is set on object 'Object Repository/Page_Edit course settings/input_Course full name_fullname'

2022-01-17 09:49:31 - [MESSAGE][PASSED] - Text 'New Course Edited' is set on object 'Object Repository/Page_Edit course settings/input_Course full name_fullname'

2022-01-17 09:49:31 - [TEST_STEP][PASSED] - click(findTestObject("Object Repository/Page_Edit course settings/input__saveanddisplay")): Object: 'Object Repository/Page_Edit course settings/input__saveanddisplay' is clicked on

2022-01-17 09:49:32 - [MESSAGE][PASSED] - Object: 'Object Repository/Page_Edit course settings/input__saveanddisplay' is clicked on]]></system-out>
         <system-err><![CDATA[]]></system-err>
      </testcase>
      <testcase name="Test Cases/Admin Assign Manager" time="15.473" classname="Test Cases/Admin Assign Manager" status="PASSED">
         <system-out><![CDATA[2022-01-17 09:49:32 - [TEST_CASE][PASSED] - Test Cases/Admin Assign Manager: Test Cases/Admin Assign Manager

2022-01-17 09:49:33 - [TEST_STEP][PASSED] - callTestCase(findTestCase("Admin Login"), [:], STOP_ON_FAILURE): Call Test Case 'Test Cases/Admin Login' successfully

2022-01-17 09:49:33 - [TEST_CASE][PASSED] - Test Cases/Admin Login: Test Cases/Admin Login

2022-01-17 09:49:33 - [TEST_STEP][PASSED] - openBrowser(""): Browser is opened with url: ''

2022-01-17 09:49:33 - [MESSAGE][WARNING] - A browser is already opened. Closing browser and opening a new one

2022-01-17 09:49:33 - [MESSAGE][INFO] - Starting 'Chrome' driver

2022-01-17 09:49:33 - [MESSAGE][INFO] - Action delay is set to 0 milliseconds

2022-01-17 09:49:35 - [MESSAGE][PASSED] - Browser is opened with url: ''

2022-01-17 09:49:35 - [TEST_STEP][PASSED] - navigateToUrl("http://localhost/moodle/login/index.php"): Navigate to 'http://localhost/moodle/login/index.php' successfully

2022-01-17 09:49:35 - [MESSAGE][PASSED] - Navigate to 'http://localhost/moodle/login/index.php' successfully

2022-01-17 09:49:35 - [TEST_STEP][PASSED] - setText(findTestObject("Object Repository/Page_Moodle Log in to the site/input_Username_username"), "admin"): Text 'admin' is set on object 'Object Repository/Page_Moodle Log in to the site/input_Username_username'

2022-01-17 09:49:36 - [MESSAGE][PASSED] - Text 'admin' is set on object 'Object Repository/Page_Moodle Log in to the site/input_Username_username'

2022-01-17 09:49:36 - [TEST_STEP][PASSED] - setEncryptedText(findTestObject("Object Repository/Page_Moodle Log in to the site/input_Password_password"), "8JanWqnBZBo6yBKKrpSnpw=="): Text ****** has been set on object 'Object Repository/Page_Moodle Log in to the site/input_Password_password'

2022-01-17 09:49:37 - [MESSAGE][PASSED] - Text ****** has been set on object 'Object Repository/Page_Moodle Log in to the site/input_Password_password'

2022-01-17 09:49:37 - [TEST_STEP][PASSED] - click(findTestObject("Object Repository/Page_Moodle Log in to the site/button_Log in")): Object: 'Object Repository/Page_Moodle Log in to the site/button_Log in' is clicked on

2022-01-17 09:49:38 - [MESSAGE][PASSED] - Object: 'Object Repository/Page_Moodle Log in to the site/button_Log in' is clicked on

2022-01-17 09:49:38 - [MESSAGE][PASSED] - Call Test Case 'Test Cases/Admin Login' successfully

2022-01-17 09:49:38 - [TEST_STEP][PASSED] - click(findTestObject("Object Repository/Page_Dashboard/span_Site administration (8)")): Object: 'Object Repository/Page_Dashboard/span_Site administration (8)' is clicked on

2022-01-17 09:49:41 - [MESSAGE][PASSED] - Object: 'Object Repository/Page_Dashboard/span_Site administration (8)' is clicked on

2022-01-17 09:49:41 - [TEST_STEP][PASSED] - click(findTestObject("Page_Moodle Administration Search/a_Users (6)")): Object: 'Object Repository/Page_Moodle Administration Search/a_Users (6)' is clicked on

2022-01-17 09:49:42 - [MESSAGE][PASSED] - Object: 'Object Repository/Page_Moodle Administration Search/a_Users (6)' is clicked on

2022-01-17 09:49:42 - [TEST_STEP][PASSED] - click(findTestObject("Object Repository/Page_Moodle Administration Search/a_Assign system roles")): Object: 'Object Repository/Page_Moodle Administration Search/a_Assign system roles' is clicked on

2022-01-17 09:49:43 - [MESSAGE][PASSED] - Object: 'Object Repository/Page_Moodle Administration Search/a_Assign system roles' is clicked on

2022-01-17 09:49:43 - [TEST_STEP][PASSED] - click(findTestObject("Object Repository/Page_Moodle Administration Users Permission_6fdc16/a_Manager")): Object: 'Object Repository/Page_Moodle Administration Users Permission_6fdc16/a_Manager' is clicked on

2022-01-17 09:49:44 - [MESSAGE][PASSED] - Object: 'Object Repository/Page_Moodle Administration Users Permission_6fdc16/a_Manager' is clicked on

2022-01-17 09:49:44 - [TEST_STEP][PASSED] - selectOptionByValue(findTestObject("Object Repository/Page_Moodle Administration Users Permission_6fdc16/select_c H (hongocminhducgmail.com)    c H _8cfc97"), "2", true): All options with value '2' are selected in object 'Object Repository/Page_Moodle Administration Users Permission_6fdc16/select_c H (hongocminhducgmail.com)    c H _8cfc97'  using regular expression

2022-01-17 09:49:45 - [MESSAGE][PASSED] - All options with value '2' are selected in object 'Object Repository/Page_Moodle Administration Users Permission_6fdc16/select_c H (hongocminhducgmail.com)    c H _8cfc97'  using regular expression

2022-01-17 09:49:45 - [TEST_STEP][PASSED] - click(findTestObject("Object Repository/Page_Moodle Administration Users Permission_6fdc16/input_Match the search text anywhere in the_89f7b5")): Object: 'Object Repository/Page_Moodle Administration Users Permission_6fdc16/input_Match the search text anywhere in the_89f7b5' is clicked on

2022-01-17 09:49:47 - [MESSAGE][PASSED] - Object: 'Object Repository/Page_Moodle Administration Users Permission_6fdc16/input_Match the search text anywhere in the_89f7b5' is clicked on

2022-01-17 09:49:47 - [TEST_STEP][PASSED] - click(findTestObject("Object Repository/Page_Moodle Administration Users Permission_6fdc16/a_Back to the list of all roles")): Object: 'Object Repository/Page_Moodle Administration Users Permission_6fdc16/a_Back to the list of all roles' is clicked on

2022-01-17 09:49:48 - [MESSAGE][PASSED] - Object: 'Object Repository/Page_Moodle Administration Users Permission_6fdc16/a_Back to the list of all roles' is clicked on]]></system-out>
         <system-err><![CDATA[]]></system-err>
      </testcase>
      <testcase name="Test Cases/Admin Remove Manager" time="15.145" classname="Test Cases/Admin Remove Manager" status="PASSED">
         <system-out><![CDATA[2022-01-17 09:49:48 - [TEST_CASE][PASSED] - Test Cases/Admin Remove Manager: Test Cases/Admin Remove Manager

2022-01-17 09:49:48 - [TEST_STEP][PASSED] - callTestCase(findTestCase("Admin Login"), [:], STOP_ON_FAILURE): Call Test Case 'Test Cases/Admin Login' successfully

2022-01-17 09:49:48 - [TEST_CASE][PASSED] - Test Cases/Admin Login: Test Cases/Admin Login

2022-01-17 09:49:48 - [TEST_STEP][PASSED] - openBrowser(""): Browser is opened with url: ''

2022-01-17 09:49:48 - [MESSAGE][WARNING] - A browser is already opened. Closing browser and opening a new one

2022-01-17 09:49:49 - [MESSAGE][INFO] - Starting 'Chrome' driver

2022-01-17 09:49:49 - [MESSAGE][INFO] - Action delay is set to 0 milliseconds

2022-01-17 09:49:50 - [MESSAGE][PASSED] - Browser is opened with url: ''

2022-01-17 09:49:50 - [TEST_STEP][PASSED] - navigateToUrl("http://localhost/moodle/login/index.php"): Navigate to 'http://localhost/moodle/login/index.php' successfully

2022-01-17 09:49:51 - [MESSAGE][PASSED] - Navigate to 'http://localhost/moodle/login/index.php' successfully

2022-01-17 09:49:51 - [TEST_STEP][PASSED] - setText(findTestObject("Object Repository/Page_Moodle Log in to the site/input_Username_username"), "admin"): Text 'admin' is set on object 'Object Repository/Page_Moodle Log in to the site/input_Username_username'

2022-01-17 09:49:52 - [MESSAGE][PASSED] - Text 'admin' is set on object 'Object Repository/Page_Moodle Log in to the site/input_Username_username'

2022-01-17 09:49:52 - [TEST_STEP][PASSED] - setEncryptedText(findTestObject("Object Repository/Page_Moodle Log in to the site/input_Password_password"), "8JanWqnBZBo6yBKKrpSnpw=="): Text ****** has been set on object 'Object Repository/Page_Moodle Log in to the site/input_Password_password'

2022-01-17 09:49:52 - [MESSAGE][PASSED] - Text ****** has been set on object 'Object Repository/Page_Moodle Log in to the site/input_Password_password'

2022-01-17 09:49:52 - [TEST_STEP][PASSED] - click(findTestObject("Object Repository/Page_Moodle Log in to the site/button_Log in")): Object: 'Object Repository/Page_Moodle Log in to the site/button_Log in' is clicked on

2022-01-17 09:49:54 - [MESSAGE][PASSED] - Object: 'Object Repository/Page_Moodle Log in to the site/button_Log in' is clicked on

2022-01-17 09:49:54 - [MESSAGE][PASSED] - Call Test Case 'Test Cases/Admin Login' successfully

2022-01-17 09:49:54 - [TEST_STEP][PASSED] - click(findTestObject("Object Repository/Page_Dashboard/span_Site administration (9)")): Object: 'Object Repository/Page_Dashboard/span_Site administration (9)' is clicked on

2022-01-17 09:49:56 - [MESSAGE][PASSED] - Object: 'Object Repository/Page_Dashboard/span_Site administration (9)' is clicked on

2022-01-17 09:49:56 - [TEST_STEP][PASSED] - click(findTestObject("Page_Moodle Administration Search/a_Users (6)")): Object: 'Object Repository/Page_Moodle Administration Search/a_Users (6)' is clicked on

2022-01-17 09:49:57 - [MESSAGE][PASSED] - Object: 'Object Repository/Page_Moodle Administration Search/a_Users (6)' is clicked on

2022-01-17 09:49:57 - [TEST_STEP][PASSED] - click(findTestObject("Object Repository/Page_Moodle Administration Search/a_Assign system roles (1)")): Object: 'Object Repository/Page_Moodle Administration Search/a_Assign system roles (1)' is clicked on

2022-01-17 09:49:58 - [MESSAGE][PASSED] - Object: 'Object Repository/Page_Moodle Administration Search/a_Assign system roles (1)' is clicked on

2022-01-17 09:49:58 - [TEST_STEP][PASSED] - click(findTestObject("Object Repository/Page_Moodle Administration Users Permission_6fdc16/a_Manager (1)")): Object: 'Object Repository/Page_Moodle Administration Users Permission_6fdc16/a_Manager (1)' is clicked on

2022-01-17 09:49:59 - [MESSAGE][PASSED] - Object: 'Object Repository/Page_Moodle Administration Users Permission_6fdc16/a_Manager (1)' is clicked on

2022-01-17 09:49:59 - [TEST_STEP][PASSED] - selectOptionByValue(findTestObject("Object Repository/Page_Moodle Administration Users Permission_6fdc16/select_c H (hongocminhducgmail.com)"), "2", true): All options with value '2' are selected in object 'Object Repository/Page_Moodle Administration Users Permission_6fdc16/select_c H (hongocminhducgmail.com)'  using regular expression

2022-01-17 09:50:00 - [MESSAGE][PASSED] - All options with value '2' are selected in object 'Object Repository/Page_Moodle Administration Users Permission_6fdc16/select_c H (hongocminhducgmail.com)'  using regular expression

2022-01-17 09:50:00 - [TEST_STEP][PASSED] - click(findTestObject("Object Repository/Page_Moodle Administration Users Permission_6fdc16/input_Match the search text anywhere in the_31d039")): Object: 'Object Repository/Page_Moodle Administration Users Permission_6fdc16/input_Match the search text anywhere in the_31d039' is clicked on

2022-01-17 09:50:02 - [MESSAGE][PASSED] - Object: 'Object Repository/Page_Moodle Administration Users Permission_6fdc16/input_Match the search text anywhere in the_31d039' is clicked on

2022-01-17 09:50:02 - [TEST_STEP][PASSED] - click(findTestObject("Object Repository/Page_Moodle Administration Users Permission_6fdc16/a_Back to the list of all roles (1)")): Object: 'Object Repository/Page_Moodle Administration Users Permission_6fdc16/a_Back to the list of all roles (1)' is clicked on

2022-01-17 09:50:03 - [MESSAGE][PASSED] - Object: 'Object Repository/Page_Moodle Administration Users Permission_6fdc16/a_Back to the list of all roles (1)' is clicked on]]></system-out>
         <system-err><![CDATA[]]></system-err>
      </testcase>
      <testcase name="Test Cases/Admin Assign Course Creator" time="15.388" classname="Test Cases/Admin Assign Course Creator" status="PASSED">
         <system-out><![CDATA[2022-01-17 09:50:03 - [TEST_CASE][PASSED] - Test Cases/Admin Assign Course Creator: Test Cases/Admin Assign Course Creator

2022-01-17 09:50:03 - [TEST_STEP][PASSED] - callTestCase(findTestCase("Admin Login"), [:], STOP_ON_FAILURE): Call Test Case 'Test Cases/Admin Login' successfully

2022-01-17 09:50:03 - [TEST_CASE][PASSED] - Test Cases/Admin Login: Test Cases/Admin Login

2022-01-17 09:50:03 - [TEST_STEP][PASSED] - openBrowser(""): Browser is opened with url: ''

2022-01-17 09:50:03 - [MESSAGE][WARNING] - A browser is already opened. Closing browser and opening a new one

2022-01-17 09:50:04 - [MESSAGE][INFO] - Starting 'Chrome' driver

2022-01-17 09:50:04 - [MESSAGE][INFO] - Action delay is set to 0 milliseconds

2022-01-17 09:50:05 - [MESSAGE][PASSED] - Browser is opened with url: ''

2022-01-17 09:50:05 - [TEST_STEP][PASSED] - navigateToUrl("http://localhost/moodle/login/index.php"): Navigate to 'http://localhost/moodle/login/index.php' successfully

2022-01-17 09:50:06 - [MESSAGE][PASSED] - Navigate to 'http://localhost/moodle/login/index.php' successfully

2022-01-17 09:50:06 - [TEST_STEP][PASSED] - setText(findTestObject("Object Repository/Page_Moodle Log in to the site/input_Username_username"), "admin"): Text 'admin' is set on object 'Object Repository/Page_Moodle Log in to the site/input_Username_username'

2022-01-17 09:50:07 - [MESSAGE][PASSED] - Text 'admin' is set on object 'Object Repository/Page_Moodle Log in to the site/input_Username_username'

2022-01-17 09:50:07 - [TEST_STEP][PASSED] - setEncryptedText(findTestObject("Object Repository/Page_Moodle Log in to the site/input_Password_password"), "8JanWqnBZBo6yBKKrpSnpw=="): Text ****** has been set on object 'Object Repository/Page_Moodle Log in to the site/input_Password_password'

2022-01-17 09:50:07 - [MESSAGE][PASSED] - Text ****** has been set on object 'Object Repository/Page_Moodle Log in to the site/input_Password_password'

2022-01-17 09:50:07 - [TEST_STEP][PASSED] - click(findTestObject("Object Repository/Page_Moodle Log in to the site/button_Log in")): Object: 'Object Repository/Page_Moodle Log in to the site/button_Log in' is clicked on

2022-01-17 09:50:09 - [MESSAGE][PASSED] - Object: 'Object Repository/Page_Moodle Log in to the site/button_Log in' is clicked on

2022-01-17 09:50:09 - [MESSAGE][PASSED] - Call Test Case 'Test Cases/Admin Login' successfully

2022-01-17 09:50:09 - [TEST_STEP][PASSED] - click(findTestObject("Object Repository/Page_Dashboard/span_Site administration (10)")): Object: 'Object Repository/Page_Dashboard/span_Site administration (10)' is clicked on

2022-01-17 09:50:12 - [MESSAGE][PASSED] - Object: 'Object Repository/Page_Dashboard/span_Site administration (10)' is clicked on

2022-01-17 09:50:12 - [TEST_STEP][PASSED] - click(findTestObject("Object Repository/Page_Moodle Administration Search/a_Users (6)")): Object: 'Object Repository/Page_Moodle Administration Search/a_Users (6)' is clicked on

2022-01-17 09:50:12 - [MESSAGE][PASSED] - Object: 'Object Repository/Page_Moodle Administration Search/a_Users (6)' is clicked on

2022-01-17 09:50:12 - [TEST_STEP][PASSED] - click(findTestObject("Object Repository/Page_Moodle Administration Search/a_Assign system roles (2)")): Object: 'Object Repository/Page_Moodle Administration Search/a_Assign system roles (2)' is clicked on

2022-01-17 09:50:13 - [MESSAGE][PASSED] - Object: 'Object Repository/Page_Moodle Administration Search/a_Assign system roles (2)' is clicked on

2022-01-17 09:50:13 - [TEST_STEP][PASSED] - click(findTestObject("Object Repository/Page_Moodle Administration Users Permission_6fdc16/a_Course creator")): Object: 'Object Repository/Page_Moodle Administration Users Permission_6fdc16/a_Course creator' is clicked on

2022-01-17 09:50:15 - [MESSAGE][PASSED] - Object: 'Object Repository/Page_Moodle Administration Users Permission_6fdc16/a_Course creator' is clicked on

2022-01-17 09:50:15 - [TEST_STEP][PASSED] - selectOptionByValue(findTestObject("Object Repository/Page_Moodle Administration Users Permission_6fdc16/select_c H (hongocminhducgmail.com)    c H _8cfc97 (1)"), "2", true): All options with value '2' are selected in object 'Object Repository/Page_Moodle Administration Users Permission_6fdc16/select_c H (hongocminhducgmail.com)    c H _8cfc97 (1)'  using regular expression

2022-01-17 09:50:16 - [MESSAGE][PASSED] - All options with value '2' are selected in object 'Object Repository/Page_Moodle Administration Users Permission_6fdc16/select_c H (hongocminhducgmail.com)    c H _8cfc97 (1)'  using regular expression

2022-01-17 09:50:16 - [TEST_STEP][PASSED] - click(findTestObject("Object Repository/Page_Moodle Administration Users Permission_6fdc16/input_Match the search text anywhere in the_89f7b5 (1)")): Object: 'Object Repository/Page_Moodle Administration Users Permission_6fdc16/input_Match the search text anywhere in the_89f7b5 (1)' is clicked on

2022-01-17 09:50:17 - [MESSAGE][PASSED] - Object: 'Object Repository/Page_Moodle Administration Users Permission_6fdc16/input_Match the search text anywhere in the_89f7b5 (1)' is clicked on

2022-01-17 09:50:17 - [TEST_STEP][PASSED] - click(findTestObject("Object Repository/Page_Moodle Administration Users Permission_6fdc16/a_Back to the list of all roles (2)")): Object: 'Object Repository/Page_Moodle Administration Users Permission_6fdc16/a_Back to the list of all roles (2)' is clicked on

2022-01-17 09:50:18 - [MESSAGE][PASSED] - Object: 'Object Repository/Page_Moodle Administration Users Permission_6fdc16/a_Back to the list of all roles (2)' is clicked on]]></system-out>
         <system-err><![CDATA[]]></system-err>
      </testcase>
      <testcase name="Test Cases/Admin Remove Course Creator" time="7.794" classname="Test Cases/Admin Remove Course Creator" status="FAILED">
         <failure type="FAILED" message="Test Cases/Admin Remove Course Creator FAILED.
Reason:
com.kms.katalon.core.exception.StepFailedException: Unable to click on object 'Object Repository/Page_Dashboard/span_Site administration (11)'
	at com.kms.katalon.core.webui.keyword.internal.WebUIKeywordMain.stepFailed(WebUIKeywordMain.groovy:64)
	at com.kms.katalon.core.webui.keyword.internal.WebUIKeywordMain.runKeyword(WebUIKeywordMain.groovy:26)
	at com.kms.katalon.core.webui.keyword.builtin.ClickKeyword.click(ClickKeyword.groovy:74)
	at com.kms.katalon.core.webui.keyword.builtin.ClickKeyword.execute(ClickKeyword.groovy:40)
	at com.kms.katalon.core.keyword.internal.KeywordExecutor.executeKeywordForPlatform(KeywordExecutor.groovy:74)
	at com.kms.katalon.core.webui.keyword.WebUiBuiltInKeywords.click(WebUiBuiltInKeywords.groovy:620)
	at com.kms.katalon.core.webui.keyword.WebUiBuiltInKeywords$click$3.call(Unknown Source)
	at Admin Remove Course Creator.run(Admin Remove Course Creator:22)
	at com.kms.katalon.core.main.ScriptEngine.run(ScriptEngine.java:194)
	at com.kms.katalon.core.main.ScriptEngine.runScriptAsRawText(ScriptEngine.java:119)
	at com.kms.katalon.core.main.TestCaseExecutor.runScript(TestCaseExecutor.java:442)
	at com.kms.katalon.core.main.TestCaseExecutor.doExecute(TestCaseExecutor.java:433)
	at com.kms.katalon.core.main.TestCaseExecutor.processExecutionPhase(TestCaseExecutor.java:412)
	at com.kms.katalon.core.main.TestCaseExecutor.accessMainPhase(TestCaseExecutor.java:404)
	at com.kms.katalon.core.main.TestCaseExecutor.execute(TestCaseExecutor.java:281)
	at com.kms.katalon.core.main.TestSuiteExecutor.accessTestCaseMainPhase(TestSuiteExecutor.java:202)
	at com.kms.katalon.core.main.TestSuiteExecutor.accessTestSuiteMainPhase(TestSuiteExecutor.java:164)
	at com.kms.katalon.core.main.TestSuiteExecutor.execute(TestSuiteExecutor.java:105)
	at com.kms.katalon.core.main.TestCaseMain.startTestSuite(TestCaseMain.java:181)
	at com.kms.katalon.core.main.TestCaseMain$startTestSuite$0.call(Unknown Source)
	at TempTestSuite1642387584021.run(TempTestSuite1642387584021.groovy:36)
Caused by: org.openqa.selenium.ElementNotInteractableException: element not interactable
  (Session info: chrome=97.0.4692.71)
Build info: version: '3.141.59', revision: 'e82be7d358', time: '2018-11-14T08:25:53'
System info: host: 'MINHDUC', ip: '192.168.3.10', os.name: 'Windows 10', os.arch: 'amd64', os.version: '10.0', java.version: '1.8.0_282'
Driver info: com.kms.katalon.selenium.driver.CChromeDriver
Capabilities {acceptInsecureCerts: false, browserName: chrome, browserVersion: 97.0.4692.71, chrome: {chromedriverVersion: 97.0.4692.71 (adefa7837d02a..., userDataDir: C:\Users\MINHDU~1\AppData\L...}, goog:chromeOptions: {debuggerAddress: localhost:56661}, javascriptEnabled: true, networkConnectionEnabled: false, pageLoadStrategy: normal, platform: WINDOWS, platformName: WINDOWS, proxy: Proxy(), setWindowRect: true, strictFileInteractability: false, timeouts: {implicit: 0, pageLoad: 300000, script: 30000}, unhandledPromptBehavior: dismiss and notify, webauthn:extension:credBlob: true, webauthn:extension:largeBlob: true, webauthn:virtualAuthenticators: true}
Session ID: 983caf310aa3bc1202257556b454b342
	at org.openqa.selenium.remote.http.W3CHttpResponseCodec.createException(W3CHttpResponseCodec.java:187)
	at org.openqa.selenium.remote.http.W3CHttpResponseCodec.decode(W3CHttpResponseCodec.java:122)
	at org.openqa.selenium.remote.http.W3CHttpResponseCodec.decode(W3CHttpResponseCodec.java:49)
	at org.openqa.selenium.remote.HttpCommandExecutor.execute(HttpCommandExecutor.java:158)
	at org.openqa.selenium.remote.service.DriverCommandExecutor.execute(DriverCommandExecutor.java:83)
	at org.openqa.selenium.remote.RemoteWebDriver.execute(RemoteWebDriver.java:552)
	at com.kms.katalon.selenium.driver.CChromeDriver.execute(CChromeDriver.java:19)
	at org.openqa.selenium.remote.RemoteWebElement.execute(RemoteWebElement.java:285)
	at org.openqa.selenium.remote.RemoteWebElement.click(RemoteWebElement.java:84)
	at org.openqa.selenium.support.events.EventFiringWebDriver$EventFiringWebElement.lambda$new$0(EventFiringWebDriver.java:404)
	at com.sun.proxy.$Proxy11.click(Unknown Source)
	at org.openqa.selenium.support.events.EventFiringWebDriver$EventFiringWebElement.click(EventFiringWebDriver.java:417)
	at org.openqa.selenium.WebElement$click.call(Unknown Source)
	at com.kms.katalon.core.webui.keyword.builtin.ClickKeyword.clickUntilSuccessWithTimeout(ClickKeyword.groovy:81)
	at com.kms.katalon.core.webui.keyword.builtin.ClickKeyword.clickUntilSuccessWithTimeout(ClickKeyword.groovy)
	at com.kms.katalon.core.webui.keyword.builtin.ClickKeyword$_click_closure1.doCall(ClickKeyword.groovy:67)
	at com.kms.katalon.core.webui.keyword.builtin.ClickKeyword$_click_closure1.call(ClickKeyword.groovy)
	at com.kms.katalon.core.webui.keyword.internal.WebUIKeywordMain.runKeyword(WebUIKeywordMain.groovy:20)
	... 19 more
"/>
         <system-out><![CDATA[2022-01-17 09:50:18 - [TEST_CASE][FAILED] - Test Cases/Admin Remove Course Creator: Test Cases/Admin Remove Course Creator FAILED.
Reason:
com.kms.katalon.core.exception.StepFailedException: Unable to click on object 'Object Repository/Page_Dashboard/span_Site administration (11)'
	at com.kms.katalon.core.webui.keyword.internal.WebUIKeywordMain.stepFailed(WebUIKeywordMain.groovy:64)
	at com.kms.katalon.core.webui.keyword.internal.WebUIKeywordMain.runKeyword(WebUIKeywordMain.groovy:26)
	at com.kms.katalon.core.webui.keyword.builtin.ClickKeyword.click(ClickKeyword.groovy:74)
	at com.kms.katalon.core.webui.keyword.builtin.ClickKeyword.execute(ClickKeyword.groovy:40)
	at com.kms.katalon.core.keyword.internal.KeywordExecutor.executeKeywordForPlatform(KeywordExecutor.groovy:74)
	at com.kms.katalon.core.webui.keyword.WebUiBuiltInKeywords.click(WebUiBuiltInKeywords.groovy:620)
	at com.kms.katalon.core.webui.keyword.WebUiBuiltInKeywords$click$3.call(Unknown Source)
	at Admin Remove Course Creator.run(Admin Remove Course Creator:22)
	at com.kms.katalon.core.main.ScriptEngine.run(ScriptEngine.java:194)
	at com.kms.katalon.core.main.ScriptEngine.runScriptAsRawText(ScriptEngine.java:119)
	at com.kms.katalon.core.main.TestCaseExecutor.runScript(TestCaseExecutor.java:442)
	at com.kms.katalon.core.main.TestCaseExecutor.doExecute(TestCaseExecutor.java:433)
	at com.kms.katalon.core.main.TestCaseExecutor.processExecutionPhase(TestCaseExecutor.java:412)
	at com.kms.katalon.core.main.TestCaseExecutor.accessMainPhase(TestCaseExecutor.java:404)
	at com.kms.katalon.core.main.TestCaseExecutor.execute(TestCaseExecutor.java:281)
	at com.kms.katalon.core.main.TestSuiteExecutor.accessTestCaseMainPhase(TestSuiteExecutor.java:202)
	at com.kms.katalon.core.main.TestSuiteExecutor.accessTestSuiteMainPhase(TestSuiteExecutor.java:164)
	at com.kms.katalon.core.main.TestSuiteExecutor.execute(TestSuiteExecutor.java:105)
	at com.kms.katalon.core.main.TestCaseMain.startTestSuite(TestCaseMain.java:181)
	at com.kms.katalon.core.main.TestCaseMain$startTestSuite$0.call(Unknown Source)
	at TempTestSuite1642387584021.run(TempTestSuite1642387584021.groovy:36)
Caused by: org.openqa.selenium.ElementNotInteractableException: element not interactable
  (Session info: chrome=97.0.4692.71)
Build info: version: '3.141.59', revision: 'e82be7d358', time: '2018-11-14T08:25:53'
System info: host: 'MINHDUC', ip: '192.168.3.10', os.name: 'Windows 10', os.arch: 'amd64', os.version: '10.0', java.version: '1.8.0_282'
Driver info: com.kms.katalon.selenium.driver.CChromeDriver
Capabilities {acceptInsecureCerts: false, browserName: chrome, browserVersion: 97.0.4692.71, chrome: {chromedriverVersion: 97.0.4692.71 (adefa7837d02a..., userDataDir: C:\Users\MINHDU~1\AppData\L...}, goog:chromeOptions: {debuggerAddress: localhost:56661}, javascriptEnabled: true, networkConnectionEnabled: false, pageLoadStrategy: normal, platform: WINDOWS, platformName: WINDOWS, proxy: Proxy(), setWindowRect: true, strictFileInteractability: false, timeouts: {implicit: 0, pageLoad: 300000, script: 30000}, unhandledPromptBehavior: dismiss and notify, webauthn:extension:credBlob: true, webauthn:extension:largeBlob: true, webauthn:virtualAuthenticators: true}
Session ID: 983caf310aa3bc1202257556b454b342
	at org.openqa.selenium.remote.http.W3CHttpResponseCodec.createException(W3CHttpResponseCodec.java:187)
	at org.openqa.selenium.remote.http.W3CHttpResponseCodec.decode(W3CHttpResponseCodec.java:122)
	at org.openqa.selenium.remote.http.W3CHttpResponseCodec.decode(W3CHttpResponseCodec.java:49)
	at org.openqa.selenium.remote.HttpCommandExecutor.execute(HttpCommandExecutor.java:158)
	at org.openqa.selenium.remote.service.DriverCommandExecutor.execute(DriverCommandExecutor.java:83)
	at org.openqa.selenium.remote.RemoteWebDriver.execute(RemoteWebDriver.java:552)
	at com.kms.katalon.selenium.driver.CChromeDriver.execute(CChromeDriver.java:19)
	at org.openqa.selenium.remote.RemoteWebElement.execute(RemoteWebElement.java:285)
	at org.openqa.selenium.remote.RemoteWebElement.click(RemoteWebElement.java:84)
	at org.openqa.selenium.support.events.EventFiringWebDriver$EventFiringWebElement.lambda$new$0(EventFiringWebDriver.java:404)
	at com.sun.proxy.$Proxy11.click(Unknown Source)
	at org.openqa.selenium.support.events.EventFiringWebDriver$EventFiringWebElement.click(EventFiringWebDriver.java:417)
	at org.openqa.selenium.WebElement$click.call(Unknown Source)
	at com.kms.katalon.core.webui.keyword.builtin.ClickKeyword.clickUntilSuccessWithTimeout(ClickKeyword.groovy:81)
	at com.kms.katalon.core.webui.keyword.builtin.ClickKeyword.clickUntilSuccessWithTimeout(ClickKeyword.groovy)
	at com.kms.katalon.core.webui.keyword.builtin.ClickKeyword$_click_closure1.doCall(ClickKeyword.groovy:67)
	at com.kms.katalon.core.webui.keyword.builtin.ClickKeyword$_click_closure1.call(ClickKeyword.groovy)
	at com.kms.katalon.core.webui.keyword.internal.WebUIKeywordMain.runKeyword(WebUIKeywordMain.groovy:20)
	... 19 more


2022-01-17 09:50:19 - [TEST_STEP][PASSED] - callTestCase(findTestCase("Admin Login"), [:], STOP_ON_FAILURE): Call Test Case 'Test Cases/Admin Login' successfully

2022-01-17 09:50:19 - [TEST_CASE][PASSED] - Test Cases/Admin Login: Test Cases/Admin Login

2022-01-17 09:50:19 - [TEST_STEP][PASSED] - openBrowser(""): Browser is opened with url: ''

2022-01-17 09:50:19 - [MESSAGE][WARNING] - A browser is already opened. Closing browser and opening a new one

2022-01-17 09:50:19 - [MESSAGE][INFO] - Starting 'Chrome' driver

2022-01-17 09:50:19 - [MESSAGE][INFO] - Action delay is set to 0 milliseconds

2022-01-17 09:50:21 - [MESSAGE][PASSED] - Browser is opened with url: ''

2022-01-17 09:50:21 - [TEST_STEP][PASSED] - navigateToUrl("http://localhost/moodle/login/index.php"): Navigate to 'http://localhost/moodle/login/index.php' successfully

2022-01-17 09:50:21 - [MESSAGE][PASSED] - Navigate to 'http://localhost/moodle/login/index.php' successfully

2022-01-17 09:50:21 - [TEST_STEP][PASSED] - setText(findTestObject("Object Repository/Page_Moodle Log in to the site/input_Username_username"), "admin"): Text 'admin' is set on object 'Object Repository/Page_Moodle Log in to the site/input_Username_username'

2022-01-17 09:50:22 - [MESSAGE][PASSED] - Text 'admin' is set on object 'Object Repository/Page_Moodle Log in to the site/input_Username_username'

2022-01-17 09:50:22 - [TEST_STEP][PASSED] - setEncryptedText(findTestObject("Object Repository/Page_Moodle Log in to the site/input_Password_password"), "8JanWqnBZBo6yBKKrpSnpw=="): Text ****** has been set on object 'Object Repository/Page_Moodle Log in to the site/input_Password_password'

2022-01-17 09:50:22 - [MESSAGE][PASSED] - Text ****** has been set on object 'Object Repository/Page_Moodle Log in to the site/input_Password_password'

2022-01-17 09:50:22 - [TEST_STEP][PASSED] - click(findTestObject("Object Repository/Page_Moodle Log in to the site/button_Log in")): Object: 'Object Repository/Page_Moodle Log in to the site/button_Log in' is clicked on

2022-01-17 09:50:24 - [MESSAGE][PASSED] - Object: 'Object Repository/Page_Moodle Log in to the site/button_Log in' is clicked on

2022-01-17 09:50:24 - [MESSAGE][PASSED] - Call Test Case 'Test Cases/Admin Login' successfully

2022-01-17 09:50:24 - [TEST_STEP][FAILED] - click(findTestObject("Object Repository/Page_Dashboard/span_Site administration (11)")): Unable to click on object 'Object Repository/Page_Dashboard/span_Site administration (11)' (Root cause: com.kms.katalon.core.exception.StepFailedException: Unable to click on object 'Object Repository/Page_Dashboard/span_Site administration (11)'
	at com.kms.katalon.core.webui.keyword.internal.WebUIKeywordMain.stepFailed(WebUIKeywordMain.groovy:64)
	at com.kms.katalon.core.webui.keyword.internal.WebUIKeywordMain.runKeyword(WebUIKeywordMain.groovy:26)
	at com.kms.katalon.core.webui.keyword.builtin.ClickKeyword.click(ClickKeyword.groovy:74)
	at com.kms.katalon.core.webui.keyword.builtin.ClickKeyword.execute(ClickKeyword.groovy:40)
	at com.kms.katalon.core.keyword.internal.KeywordExecutor.executeKeywordForPlatform(KeywordExecutor.groovy:74)
	at com.kms.katalon.core.webui.keyword.WebUiBuiltInKeywords.click(WebUiBuiltInKeywords.groovy:620)
	at com.kms.katalon.core.webui.keyword.WebUiBuiltInKeywords$click$3.call(Unknown Source)
	at Admin Remove Course Creator.run(Admin Remove Course Creator:22)
	at com.kms.katalon.core.main.ScriptEngine.run(ScriptEngine.java:194)
	at com.kms.katalon.core.main.ScriptEngine.runScriptAsRawText(ScriptEngine.java:119)
	at com.kms.katalon.core.main.TestCaseExecutor.runScript(TestCaseExecutor.java:442)
	at com.kms.katalon.core.main.TestCaseExecutor.doExecute(TestCaseExecutor.java:433)
	at com.kms.katalon.core.main.TestCaseExecutor.processExecutionPhase(TestCaseExecutor.java:412)
	at com.kms.katalon.core.main.TestCaseExecutor.accessMainPhase(TestCaseExecutor.java:404)
	at com.kms.katalon.core.main.TestCaseExecutor.execute(TestCaseExecutor.java:281)
	at com.kms.katalon.core.main.TestSuiteExecutor.accessTestCaseMainPhase(TestSuiteExecutor.java:202)
	at com.kms.katalon.core.main.TestSuiteExecutor.accessTestSuiteMainPhase(TestSuiteExecutor.java:164)
	at com.kms.katalon.core.main.TestSuiteExecutor.execute(TestSuiteExecutor.java:105)
	at com.kms.katalon.core.main.TestCaseMain.startTestSuite(TestCaseMain.java:181)
	at com.kms.katalon.core.main.TestCaseMain$startTestSuite$0.call(Unknown Source)
	at TempTestSuite1642387584021.run(TempTestSuite1642387584021.groovy:36)
Caused by: org.openqa.selenium.ElementNotInteractableException: element not interactable
  (Session info: chrome=97.0.4692.71)
Build info: version: '3.141.59', revision: 'e82be7d358', time: '2018-11-14T08:25:53'
System info: host: 'MINHDUC', ip: '192.168.3.10', os.name: 'Windows 10', os.arch: 'amd64', os.version: '10.0', java.version: '1.8.0_282'
Driver info: com.kms.katalon.selenium.driver.CChromeDriver
Capabilities {acceptInsecureCerts: false, browserName: chrome, browserVersion: 97.0.4692.71, chrome: {chromedriverVersion: 97.0.4692.71 (adefa7837d02a..., userDataDir: C:\Users\MINHDU~1\AppData\L...}, goog:chromeOptions: {debuggerAddress: localhost:56661}, javascriptEnabled: true, networkConnectionEnabled: false, pageLoadStrategy: normal, platform: WINDOWS, platformName: WINDOWS, proxy: Proxy(), setWindowRect: true, strictFileInteractability: false, timeouts: {implicit: 0, pageLoad: 300000, script: 30000}, unhandledPromptBehavior: dismiss and notify, webauthn:extension:credBlob: true, webauthn:extension:largeBlob: true, webauthn:virtualAuthenticators: true}
Session ID: 983caf310aa3bc1202257556b454b342
	at org.openqa.selenium.remote.http.W3CHttpResponseCodec.createException(W3CHttpResponseCodec.java:187)
	at org.openqa.selenium.remote.http.W3CHttpResponseCodec.decode(W3CHttpResponseCodec.java:122)
	at org.openqa.selenium.remote.http.W3CHttpResponseCodec.decode(W3CHttpResponseCodec.java:49)
	at org.openqa.selenium.remote.HttpCommandExecutor.execute(HttpCommandExecutor.java:158)
	at org.openqa.selenium.remote.service.DriverCommandExecutor.execute(DriverCommandExecutor.java:83)
	at org.openqa.selenium.remote.RemoteWebDriver.execute(RemoteWebDriver.java:552)
	at com.kms.katalon.selenium.driver.CChromeDriver.execute(CChromeDriver.java:19)
	at org.openqa.selenium.remote.RemoteWebElement.execute(RemoteWebElement.java:285)
	at org.openqa.selenium.remote.RemoteWebElement.click(RemoteWebElement.java:84)
	at org.openqa.selenium.support.events.EventFiringWebDriver$EventFiringWebElement.lambda$new$0(EventFiringWebDriver.java:404)
	at com.sun.proxy.$Proxy11.click(Unknown Source)
	at org.openqa.selenium.support.events.EventFiringWebDriver$EventFiringWebElement.click(EventFiringWebDriver.java:417)
	at org.openqa.selenium.WebElement$click.call(Unknown Source)
	at com.kms.katalon.core.webui.keyword.builtin.ClickKeyword.clickUntilSuccessWithTimeout(ClickKeyword.groovy:81)
	at com.kms.katalon.core.webui.keyword.builtin.ClickKeyword.clickUntilSuccessWithTimeout(ClickKeyword.groovy)
	at com.kms.katalon.core.webui.keyword.builtin.ClickKeyword$_click_closure1.doCall(ClickKeyword.groovy:67)
	at com.kms.katalon.core.webui.keyword.builtin.ClickKeyword$_click_closure1.call(ClickKeyword.groovy)
	at com.kms.katalon.core.webui.keyword.internal.WebUIKeywordMain.runKeyword(WebUIKeywordMain.groovy:20)
	at com.kms.katalon.core.webui.keyword.builtin.ClickKeyword.click(ClickKeyword.groovy:74)
	at com.kms.katalon.core.webui.keyword.builtin.ClickKeyword.execute(ClickKeyword.groovy:40)
	at com.kms.katalon.core.keyword.internal.KeywordExecutor.executeKeywordForPlatform(KeywordExecutor.groovy:74)
	at com.kms.katalon.core.webui.keyword.WebUiBuiltInKeywords.click(WebUiBuiltInKeywords.groovy:620)
	at com.kms.katalon.core.webui.keyword.WebUiBuiltInKeywords$click$3.call(Unknown Source)
	at Script1642348539564.run(Script1642348539564.groovy:22)
	... 13 more
)

2022-01-17 09:50:26 - [MESSAGE][FAILED] - Unable to click on object 'Object Repository/Page_Dashboard/span_Site administration (11)' (Root cause: com.kms.katalon.core.exception.StepFailedException: Unable to click on object 'Object Repository/Page_Dashboard/span_Site administration (11)'
	at com.kms.katalon.core.webui.keyword.internal.WebUIKeywordMain.stepFailed(WebUIKeywordMain.groovy:64)
	at com.kms.katalon.core.webui.keyword.internal.WebUIKeywordMain.runKeyword(WebUIKeywordMain.groovy:26)
	at com.kms.katalon.core.webui.keyword.builtin.ClickKeyword.click(ClickKeyword.groovy:74)
	at com.kms.katalon.core.webui.keyword.builtin.ClickKeyword.execute(ClickKeyword.groovy:40)
	at com.kms.katalon.core.keyword.internal.KeywordExecutor.executeKeywordForPlatform(KeywordExecutor.groovy:74)
	at com.kms.katalon.core.webui.keyword.WebUiBuiltInKeywords.click(WebUiBuiltInKeywords.groovy:620)
	at com.kms.katalon.core.webui.keyword.WebUiBuiltInKeywords$click$3.call(Unknown Source)
	at Admin Remove Course Creator.run(Admin Remove Course Creator:22)
	at com.kms.katalon.core.main.ScriptEngine.run(ScriptEngine.java:194)
	at com.kms.katalon.core.main.ScriptEngine.runScriptAsRawText(ScriptEngine.java:119)
	at com.kms.katalon.core.main.TestCaseExecutor.runScript(TestCaseExecutor.java:442)
	at com.kms.katalon.core.main.TestCaseExecutor.doExecute(TestCaseExecutor.java:433)
	at com.kms.katalon.core.main.TestCaseExecutor.processExecutionPhase(TestCaseExecutor.java:412)
	at com.kms.katalon.core.main.TestCaseExecutor.accessMainPhase(TestCaseExecutor.java:404)
	at com.kms.katalon.core.main.TestCaseExecutor.execute(TestCaseExecutor.java:281)
	at com.kms.katalon.core.main.TestSuiteExecutor.accessTestCaseMainPhase(TestSuiteExecutor.java:202)
	at com.kms.katalon.core.main.TestSuiteExecutor.accessTestSuiteMainPhase(TestSuiteExecutor.java:164)
	at com.kms.katalon.core.main.TestSuiteExecutor.execute(TestSuiteExecutor.java:105)
	at com.kms.katalon.core.main.TestCaseMain.startTestSuite(TestCaseMain.java:181)
	at com.kms.katalon.core.main.TestCaseMain$startTestSuite$0.call(Unknown Source)
	at TempTestSuite1642387584021.run(TempTestSuite1642387584021.groovy:36)
Caused by: org.openqa.selenium.ElementNotInteractableException: element not interactable
  (Session info: chrome=97.0.4692.71)
Build info: version: '3.141.59', revision: 'e82be7d358', time: '2018-11-14T08:25:53'
System info: host: 'MINHDUC', ip: '192.168.3.10', os.name: 'Windows 10', os.arch: 'amd64', os.version: '10.0', java.version: '1.8.0_282'
Driver info: com.kms.katalon.selenium.driver.CChromeDriver
Capabilities {acceptInsecureCerts: false, browserName: chrome, browserVersion: 97.0.4692.71, chrome: {chromedriverVersion: 97.0.4692.71 (adefa7837d02a..., userDataDir: C:\Users\MINHDU~1\AppData\L...}, goog:chromeOptions: {debuggerAddress: localhost:56661}, javascriptEnabled: true, networkConnectionEnabled: false, pageLoadStrategy: normal, platform: WINDOWS, platformName: WINDOWS, proxy: Proxy(), setWindowRect: true, strictFileInteractability: false, timeouts: {implicit: 0, pageLoad: 300000, script: 30000}, unhandledPromptBehavior: dismiss and notify, webauthn:extension:credBlob: true, webauthn:extension:largeBlob: true, webauthn:virtualAuthenticators: true}
Session ID: 983caf310aa3bc1202257556b454b342
	at org.openqa.selenium.remote.http.W3CHttpResponseCodec.createException(W3CHttpResponseCodec.java:187)
	at org.openqa.selenium.remote.http.W3CHttpResponseCodec.decode(W3CHttpResponseCodec.java:122)
	at org.openqa.selenium.remote.http.W3CHttpResponseCodec.decode(W3CHttpResponseCodec.java:49)
	at org.openqa.selenium.remote.HttpCommandExecutor.execute(HttpCommandExecutor.java:158)
	at org.openqa.selenium.remote.service.DriverCommandExecutor.execute(DriverCommandExecutor.java:83)
	at org.openqa.selenium.remote.RemoteWebDriver.execute(RemoteWebDriver.java:552)
	at com.kms.katalon.selenium.driver.CChromeDriver.execute(CChromeDriver.java:19)
	at org.openqa.selenium.remote.RemoteWebElement.execute(RemoteWebElement.java:285)
	at org.openqa.selenium.remote.RemoteWebElement.click(RemoteWebElement.java:84)
	at org.openqa.selenium.support.events.EventFiringWebDriver$EventFiringWebElement.lambda$new$0(EventFiringWebDriver.java:404)
	at com.sun.proxy.$Proxy11.click(Unknown Source)
	at org.openqa.selenium.support.events.EventFiringWebDriver$EventFiringWebElement.click(EventFiringWebDriver.java:417)
	at org.openqa.selenium.WebElement$click.call(Unknown Source)
	at com.kms.katalon.core.webui.keyword.builtin.ClickKeyword.clickUntilSuccessWithTimeout(ClickKeyword.groovy:81)
	at com.kms.katalon.core.webui.keyword.builtin.ClickKeyword.clickUntilSuccessWithTimeout(ClickKeyword.groovy)
	at com.kms.katalon.core.webui.keyword.builtin.ClickKeyword$_click_closure1.doCall(ClickKeyword.groovy:67)
	at com.kms.katalon.core.webui.keyword.builtin.ClickKeyword$_click_closure1.call(ClickKeyword.groovy)
	at com.kms.katalon.core.webui.keyword.internal.WebUIKeywordMain.runKeyword(WebUIKeywordMain.groovy:20)
	at com.kms.katalon.core.webui.keyword.builtin.ClickKeyword.click(ClickKeyword.groovy:74)
	at com.kms.katalon.core.webui.keyword.builtin.ClickKeyword.execute(ClickKeyword.groovy:40)
	at com.kms.katalon.core.keyword.internal.KeywordExecutor.executeKeywordForPlatform(KeywordExecutor.groovy:74)
	at com.kms.katalon.core.webui.keyword.WebUiBuiltInKeywords.click(WebUiBuiltInKeywords.groovy:620)
	at com.kms.katalon.core.webui.keyword.WebUiBuiltInKeywords$click$3.call(Unknown Source)
	at Script1642348539564.run(Script1642348539564.groovy:22)
	... 13 more
)
[[ATTACHMENT|C:\\Users\\Minh Duc\\Desktop\\Test-Automation-SE-Bonus\\Test Automation - SE Bonus\\Reports\\20220117_094624\\Run all test cases\\20220117_094624\\1642387826464.png]]]]></system-out>
         <system-err><![CDATA[2022-01-17 09:50:18 - [TEST_CASE][FAILED] - Test Cases/Admin Remove Course Creator: Test Cases/Admin Remove Course Creator FAILED.
Reason:
com.kms.katalon.core.exception.StepFailedException: Unable to click on object 'Object Repository/Page_Dashboard/span_Site administration (11)'
	at com.kms.katalon.core.webui.keyword.internal.WebUIKeywordMain.stepFailed(WebUIKeywordMain.groovy:64)
	at com.kms.katalon.core.webui.keyword.internal.WebUIKeywordMain.runKeyword(WebUIKeywordMain.groovy:26)
	at com.kms.katalon.core.webui.keyword.builtin.ClickKeyword.click(ClickKeyword.groovy:74)
	at com.kms.katalon.core.webui.keyword.builtin.ClickKeyword.execute(ClickKeyword.groovy:40)
	at com.kms.katalon.core.keyword.internal.KeywordExecutor.executeKeywordForPlatform(KeywordExecutor.groovy:74)
	at com.kms.katalon.core.webui.keyword.WebUiBuiltInKeywords.click(WebUiBuiltInKeywords.groovy:620)
	at com.kms.katalon.core.webui.keyword.WebUiBuiltInKeywords$click$3.call(Unknown Source)
	at Admin Remove Course Creator.run(Admin Remove Course Creator:22)
	at com.kms.katalon.core.main.ScriptEngine.run(ScriptEngine.java:194)
	at com.kms.katalon.core.main.ScriptEngine.runScriptAsRawText(ScriptEngine.java:119)
	at com.kms.katalon.core.main.TestCaseExecutor.runScript(TestCaseExecutor.java:442)
	at com.kms.katalon.core.main.TestCaseExecutor.doExecute(TestCaseExecutor.java:433)
	at com.kms.katalon.core.main.TestCaseExecutor.processExecutionPhase(TestCaseExecutor.java:412)
	at com.kms.katalon.core.main.TestCaseExecutor.accessMainPhase(TestCaseExecutor.java:404)
	at com.kms.katalon.core.main.TestCaseExecutor.execute(TestCaseExecutor.java:281)
	at com.kms.katalon.core.main.TestSuiteExecutor.accessTestCaseMainPhase(TestSuiteExecutor.java:202)
	at com.kms.katalon.core.main.TestSuiteExecutor.accessTestSuiteMainPhase(TestSuiteExecutor.java:164)
	at com.kms.katalon.core.main.TestSuiteExecutor.execute(TestSuiteExecutor.java:105)
	at com.kms.katalon.core.main.TestCaseMain.startTestSuite(TestCaseMain.java:181)
	at com.kms.katalon.core.main.TestCaseMain$startTestSuite$0.call(Unknown Source)
	at TempTestSuite1642387584021.run(TempTestSuite1642387584021.groovy:36)
Caused by: org.openqa.selenium.ElementNotInteractableException: element not interactable
  (Session info: chrome=97.0.4692.71)
Build info: version: '3.141.59', revision: 'e82be7d358', time: '2018-11-14T08:25:53'
System info: host: 'MINHDUC', ip: '192.168.3.10', os.name: 'Windows 10', os.arch: 'amd64', os.version: '10.0', java.version: '1.8.0_282'
Driver info: com.kms.katalon.selenium.driver.CChromeDriver
Capabilities {acceptInsecureCerts: false, browserName: chrome, browserVersion: 97.0.4692.71, chrome: {chromedriverVersion: 97.0.4692.71 (adefa7837d02a..., userDataDir: C:\Users\MINHDU~1\AppData\L...}, goog:chromeOptions: {debuggerAddress: localhost:56661}, javascriptEnabled: true, networkConnectionEnabled: false, pageLoadStrategy: normal, platform: WINDOWS, platformName: WINDOWS, proxy: Proxy(), setWindowRect: true, strictFileInteractability: false, timeouts: {implicit: 0, pageLoad: 300000, script: 30000}, unhandledPromptBehavior: dismiss and notify, webauthn:extension:credBlob: true, webauthn:extension:largeBlob: true, webauthn:virtualAuthenticators: true}
Session ID: 983caf310aa3bc1202257556b454b342
	at org.openqa.selenium.remote.http.W3CHttpResponseCodec.createException(W3CHttpResponseCodec.java:187)
	at org.openqa.selenium.remote.http.W3CHttpResponseCodec.decode(W3CHttpResponseCodec.java:122)
	at org.openqa.selenium.remote.http.W3CHttpResponseCodec.decode(W3CHttpResponseCodec.java:49)
	at org.openqa.selenium.remote.HttpCommandExecutor.execute(HttpCommandExecutor.java:158)
	at org.openqa.selenium.remote.service.DriverCommandExecutor.execute(DriverCommandExecutor.java:83)
	at org.openqa.selenium.remote.RemoteWebDriver.execute(RemoteWebDriver.java:552)
	at com.kms.katalon.selenium.driver.CChromeDriver.execute(CChromeDriver.java:19)
	at org.openqa.selenium.remote.RemoteWebElement.execute(RemoteWebElement.java:285)
	at org.openqa.selenium.remote.RemoteWebElement.click(RemoteWebElement.java:84)
	at org.openqa.selenium.support.events.EventFiringWebDriver$EventFiringWebElement.lambda$new$0(EventFiringWebDriver.java:404)
	at com.sun.proxy.$Proxy11.click(Unknown Source)
	at org.openqa.selenium.support.events.EventFiringWebDriver$EventFiringWebElement.click(EventFiringWebDriver.java:417)
	at org.openqa.selenium.WebElement$click.call(Unknown Source)
	at com.kms.katalon.core.webui.keyword.builtin.ClickKeyword.clickUntilSuccessWithTimeout(ClickKeyword.groovy:81)
	at com.kms.katalon.core.webui.keyword.builtin.ClickKeyword.clickUntilSuccessWithTimeout(ClickKeyword.groovy)
	at com.kms.katalon.core.webui.keyword.builtin.ClickKeyword$_click_closure1.doCall(ClickKeyword.groovy:67)
	at com.kms.katalon.core.webui.keyword.builtin.ClickKeyword$_click_closure1.call(ClickKeyword.groovy)
	at com.kms.katalon.core.webui.keyword.internal.WebUIKeywordMain.runKeyword(WebUIKeywordMain.groovy:20)
	... 19 more]]></system-err>
      </testcase>
      <testcase name="Test Cases/Admin Enroll Student" time="7.897" classname="Test Cases/Admin Enroll Student" status="FAILED">
         <failure type="FAILED" message="Test Cases/Admin Enroll Student FAILED.
Reason:
com.kms.katalon.core.exception.StepFailedException: Unable to click on object 'Object Repository/Page_Dashboard/span_Site home (3)'
	at com.kms.katalon.core.webui.keyword.internal.WebUIKeywordMain.stepFailed(WebUIKeywordMain.groovy:64)
	at com.kms.katalon.core.webui.keyword.internal.WebUIKeywordMain.runKeyword(WebUIKeywordMain.groovy:26)
	at com.kms.katalon.core.webui.keyword.builtin.ClickKeyword.click(ClickKeyword.groovy:74)
	at com.kms.katalon.core.webui.keyword.builtin.ClickKeyword.execute(ClickKeyword.groovy:40)
	at com.kms.katalon.core.keyword.internal.KeywordExecutor.executeKeywordForPlatform(KeywordExecutor.groovy:74)
	at com.kms.katalon.core.webui.keyword.WebUiBuiltInKeywords.click(WebUiBuiltInKeywords.groovy:620)
	at com.kms.katalon.core.webui.keyword.WebUiBuiltInKeywords$click$3.call(Unknown Source)
	at Admin Enroll Student.run(Admin Enroll Student:22)
	at com.kms.katalon.core.main.ScriptEngine.run(ScriptEngine.java:194)
	at com.kms.katalon.core.main.ScriptEngine.runScriptAsRawText(ScriptEngine.java:119)
	at com.kms.katalon.core.main.TestCaseExecutor.runScript(TestCaseExecutor.java:442)
	at com.kms.katalon.core.main.TestCaseExecutor.doExecute(TestCaseExecutor.java:433)
	at com.kms.katalon.core.main.TestCaseExecutor.processExecutionPhase(TestCaseExecutor.java:412)
	at com.kms.katalon.core.main.TestCaseExecutor.accessMainPhase(TestCaseExecutor.java:404)
	at com.kms.katalon.core.main.TestCaseExecutor.execute(TestCaseExecutor.java:281)
	at com.kms.katalon.core.main.TestSuiteExecutor.accessTestCaseMainPhase(TestSuiteExecutor.java:202)
	at com.kms.katalon.core.main.TestSuiteExecutor.accessTestSuiteMainPhase(TestSuiteExecutor.java:164)
	at com.kms.katalon.core.main.TestSuiteExecutor.execute(TestSuiteExecutor.java:105)
	at com.kms.katalon.core.main.TestCaseMain.startTestSuite(TestCaseMain.java:181)
	at com.kms.katalon.core.main.TestCaseMain$startTestSuite$0.call(Unknown Source)
	at TempTestSuite1642387584021.run(TempTestSuite1642387584021.groovy:36)
Caused by: org.openqa.selenium.ElementNotInteractableException: element not interactable
  (Session info: chrome=97.0.4692.71)
Build info: version: '3.141.59', revision: 'e82be7d358', time: '2018-11-14T08:25:53'
System info: host: 'MINHDUC', ip: '192.168.3.10', os.name: 'Windows 10', os.arch: 'amd64', os.version: '10.0', java.version: '1.8.0_282'
Driver info: com.kms.katalon.selenium.driver.CChromeDriver
Capabilities {acceptInsecureCerts: false, browserName: chrome, browserVersion: 97.0.4692.71, chrome: {chromedriverVersion: 97.0.4692.71 (adefa7837d02a..., userDataDir: C:\Users\MINHDU~1\AppData\L...}, goog:chromeOptions: {debuggerAddress: localhost:56710}, javascriptEnabled: true, networkConnectionEnabled: false, pageLoadStrategy: normal, platform: WINDOWS, platformName: WINDOWS, proxy: Proxy(), setWindowRect: true, strictFileInteractability: false, timeouts: {implicit: 0, pageLoad: 300000, script: 30000}, unhandledPromptBehavior: dismiss and notify, webauthn:extension:credBlob: true, webauthn:extension:largeBlob: true, webauthn:virtualAuthenticators: true}
Session ID: 095d6f64de2b32f15641632b55664938
	at org.openqa.selenium.remote.http.W3CHttpResponseCodec.createException(W3CHttpResponseCodec.java:187)
	at org.openqa.selenium.remote.http.W3CHttpResponseCodec.decode(W3CHttpResponseCodec.java:122)
	at org.openqa.selenium.remote.http.W3CHttpResponseCodec.decode(W3CHttpResponseCodec.java:49)
	at org.openqa.selenium.remote.HttpCommandExecutor.execute(HttpCommandExecutor.java:158)
	at org.openqa.selenium.remote.service.DriverCommandExecutor.execute(DriverCommandExecutor.java:83)
	at org.openqa.selenium.remote.RemoteWebDriver.execute(RemoteWebDriver.java:552)
	at com.kms.katalon.selenium.driver.CChromeDriver.execute(CChromeDriver.java:19)
	at org.openqa.selenium.remote.RemoteWebElement.execute(RemoteWebElement.java:285)
	at org.openqa.selenium.remote.RemoteWebElement.click(RemoteWebElement.java:84)
	at org.openqa.selenium.support.events.EventFiringWebDriver$EventFiringWebElement.lambda$new$0(EventFiringWebDriver.java:404)
	at com.sun.proxy.$Proxy11.click(Unknown Source)
	at org.openqa.selenium.support.events.EventFiringWebDriver$EventFiringWebElement.click(EventFiringWebDriver.java:417)
	at org.openqa.selenium.WebElement$click.call(Unknown Source)
	at com.kms.katalon.core.webui.keyword.builtin.ClickKeyword.clickUntilSuccessWithTimeout(ClickKeyword.groovy:81)
	at com.kms.katalon.core.webui.keyword.builtin.ClickKeyword.clickUntilSuccessWithTimeout(ClickKeyword.groovy)
	at com.kms.katalon.core.webui.keyword.builtin.ClickKeyword$_click_closure1.doCall(ClickKeyword.groovy:67)
	at com.kms.katalon.core.webui.keyword.builtin.ClickKeyword$_click_closure1.call(ClickKeyword.groovy)
	at com.kms.katalon.core.webui.keyword.internal.WebUIKeywordMain.runKeyword(WebUIKeywordMain.groovy:20)
	... 19 more
"/>
         <system-out><![CDATA[2022-01-17 09:50:26 - [TEST_CASE][FAILED] - Test Cases/Admin Enroll Student: Test Cases/Admin Enroll Student FAILED.
Reason:
com.kms.katalon.core.exception.StepFailedException: Unable to click on object 'Object Repository/Page_Dashboard/span_Site home (3)'
	at com.kms.katalon.core.webui.keyword.internal.WebUIKeywordMain.stepFailed(WebUIKeywordMain.groovy:64)
	at com.kms.katalon.core.webui.keyword.internal.WebUIKeywordMain.runKeyword(WebUIKeywordMain.groovy:26)
	at com.kms.katalon.core.webui.keyword.builtin.ClickKeyword.click(ClickKeyword.groovy:74)
	at com.kms.katalon.core.webui.keyword.builtin.ClickKeyword.execute(ClickKeyword.groovy:40)
	at com.kms.katalon.core.keyword.internal.KeywordExecutor.executeKeywordForPlatform(KeywordExecutor.groovy:74)
	at com.kms.katalon.core.webui.keyword.WebUiBuiltInKeywords.click(WebUiBuiltInKeywords.groovy:620)
	at com.kms.katalon.core.webui.keyword.WebUiBuiltInKeywords$click$3.call(Unknown Source)
	at Admin Enroll Student.run(Admin Enroll Student:22)
	at com.kms.katalon.core.main.ScriptEngine.run(ScriptEngine.java:194)
	at com.kms.katalon.core.main.ScriptEngine.runScriptAsRawText(ScriptEngine.java:119)
	at com.kms.katalon.core.main.TestCaseExecutor.runScript(TestCaseExecutor.java:442)
	at com.kms.katalon.core.main.TestCaseExecutor.doExecute(TestCaseExecutor.java:433)
	at com.kms.katalon.core.main.TestCaseExecutor.processExecutionPhase(TestCaseExecutor.java:412)
	at com.kms.katalon.core.main.TestCaseExecutor.accessMainPhase(TestCaseExecutor.java:404)
	at com.kms.katalon.core.main.TestCaseExecutor.execute(TestCaseExecutor.java:281)
	at com.kms.katalon.core.main.TestSuiteExecutor.accessTestCaseMainPhase(TestSuiteExecutor.java:202)
	at com.kms.katalon.core.main.TestSuiteExecutor.accessTestSuiteMainPhase(TestSuiteExecutor.java:164)
	at com.kms.katalon.core.main.TestSuiteExecutor.execute(TestSuiteExecutor.java:105)
	at com.kms.katalon.core.main.TestCaseMain.startTestSuite(TestCaseMain.java:181)
	at com.kms.katalon.core.main.TestCaseMain$startTestSuite$0.call(Unknown Source)
	at TempTestSuite1642387584021.run(TempTestSuite1642387584021.groovy:36)
Caused by: org.openqa.selenium.ElementNotInteractableException: element not interactable
  (Session info: chrome=97.0.4692.71)
Build info: version: '3.141.59', revision: 'e82be7d358', time: '2018-11-14T08:25:53'
System info: host: 'MINHDUC', ip: '192.168.3.10', os.name: 'Windows 10', os.arch: 'amd64', os.version: '10.0', java.version: '1.8.0_282'
Driver info: com.kms.katalon.selenium.driver.CChromeDriver
Capabilities {acceptInsecureCerts: false, browserName: chrome, browserVersion: 97.0.4692.71, chrome: {chromedriverVersion: 97.0.4692.71 (adefa7837d02a..., userDataDir: C:\Users\MINHDU~1\AppData\L...}, goog:chromeOptions: {debuggerAddress: localhost:56710}, javascriptEnabled: true, networkConnectionEnabled: false, pageLoadStrategy: normal, platform: WINDOWS, platformName: WINDOWS, proxy: Proxy(), setWindowRect: true, strictFileInteractability: false, timeouts: {implicit: 0, pageLoad: 300000, script: 30000}, unhandledPromptBehavior: dismiss and notify, webauthn:extension:credBlob: true, webauthn:extension:largeBlob: true, webauthn:virtualAuthenticators: true}
Session ID: 095d6f64de2b32f15641632b55664938
	at org.openqa.selenium.remote.http.W3CHttpResponseCodec.createException(W3CHttpResponseCodec.java:187)
	at org.openqa.selenium.remote.http.W3CHttpResponseCodec.decode(W3CHttpResponseCodec.java:122)
	at org.openqa.selenium.remote.http.W3CHttpResponseCodec.decode(W3CHttpResponseCodec.java:49)
	at org.openqa.selenium.remote.HttpCommandExecutor.execute(HttpCommandExecutor.java:158)
	at org.openqa.selenium.remote.service.DriverCommandExecutor.execute(DriverCommandExecutor.java:83)
	at org.openqa.selenium.remote.RemoteWebDriver.execute(RemoteWebDriver.java:552)
	at com.kms.katalon.selenium.driver.CChromeDriver.execute(CChromeDriver.java:19)
	at org.openqa.selenium.remote.RemoteWebElement.execute(RemoteWebElement.java:285)
	at org.openqa.selenium.remote.RemoteWebElement.click(RemoteWebElement.java:84)
	at org.openqa.selenium.support.events.EventFiringWebDriver$EventFiringWebElement.lambda$new$0(EventFiringWebDriver.java:404)
	at com.sun.proxy.$Proxy11.click(Unknown Source)
	at org.openqa.selenium.support.events.EventFiringWebDriver$EventFiringWebElement.click(EventFiringWebDriver.java:417)
	at org.openqa.selenium.WebElement$click.call(Unknown Source)
	at com.kms.katalon.core.webui.keyword.builtin.ClickKeyword.clickUntilSuccessWithTimeout(ClickKeyword.groovy:81)
	at com.kms.katalon.core.webui.keyword.builtin.ClickKeyword.clickUntilSuccessWithTimeout(ClickKeyword.groovy)
	at com.kms.katalon.core.webui.keyword.builtin.ClickKeyword$_click_closure1.doCall(ClickKeyword.groovy:67)
	at com.kms.katalon.core.webui.keyword.builtin.ClickKeyword$_click_closure1.call(ClickKeyword.groovy)
	at com.kms.katalon.core.webui.keyword.internal.WebUIKeywordMain.runKeyword(WebUIKeywordMain.groovy:20)
	... 19 more


2022-01-17 09:50:26 - [TEST_STEP][PASSED] - callTestCase(findTestCase("Admin Login"), [:], STOP_ON_FAILURE): Call Test Case 'Test Cases/Admin Login' successfully

2022-01-17 09:50:26 - [TEST_CASE][PASSED] - Test Cases/Admin Login: Test Cases/Admin Login

2022-01-17 09:50:26 - [TEST_STEP][PASSED] - openBrowser(""): Browser is opened with url: ''

2022-01-17 09:50:26 - [MESSAGE][WARNING] - A browser is already opened. Closing browser and opening a new one

2022-01-17 09:50:27 - [MESSAGE][INFO] - Starting 'Chrome' driver

2022-01-17 09:50:27 - [MESSAGE][INFO] - Action delay is set to 0 milliseconds

2022-01-17 09:50:28 - [MESSAGE][PASSED] - Browser is opened with url: ''

2022-01-17 09:50:28 - [TEST_STEP][PASSED] - navigateToUrl("http://localhost/moodle/login/index.php"): Navigate to 'http://localhost/moodle/login/index.php' successfully

2022-01-17 09:50:29 - [MESSAGE][PASSED] - Navigate to 'http://localhost/moodle/login/index.php' successfully

2022-01-17 09:50:29 - [TEST_STEP][PASSED] - setText(findTestObject("Object Repository/Page_Moodle Log in to the site/input_Username_username"), "admin"): Text 'admin' is set on object 'Object Repository/Page_Moodle Log in to the site/input_Username_username'

2022-01-17 09:50:30 - [MESSAGE][PASSED] - Text 'admin' is set on object 'Object Repository/Page_Moodle Log in to the site/input_Username_username'

2022-01-17 09:50:30 - [TEST_STEP][PASSED] - setEncryptedText(findTestObject("Object Repository/Page_Moodle Log in to the site/input_Password_password"), "8JanWqnBZBo6yBKKrpSnpw=="): Text ****** has been set on object 'Object Repository/Page_Moodle Log in to the site/input_Password_password'

2022-01-17 09:50:30 - [MESSAGE][PASSED] - Text ****** has been set on object 'Object Repository/Page_Moodle Log in to the site/input_Password_password'

2022-01-17 09:50:30 - [TEST_STEP][PASSED] - click(findTestObject("Object Repository/Page_Moodle Log in to the site/button_Log in")): Object: 'Object Repository/Page_Moodle Log in to the site/button_Log in' is clicked on

2022-01-17 09:50:32 - [MESSAGE][PASSED] - Object: 'Object Repository/Page_Moodle Log in to the site/button_Log in' is clicked on

2022-01-17 09:50:32 - [MESSAGE][PASSED] - Call Test Case 'Test Cases/Admin Login' successfully

2022-01-17 09:50:32 - [TEST_STEP][FAILED] - click(findTestObject("Object Repository/Page_Dashboard/span_Site home (3)")): Unable to click on object 'Object Repository/Page_Dashboard/span_Site home (3)' (Root cause: com.kms.katalon.core.exception.StepFailedException: Unable to click on object 'Object Repository/Page_Dashboard/span_Site home (3)'
	at com.kms.katalon.core.webui.keyword.internal.WebUIKeywordMain.stepFailed(WebUIKeywordMain.groovy:64)
	at com.kms.katalon.core.webui.keyword.internal.WebUIKeywordMain.runKeyword(WebUIKeywordMain.groovy:26)
	at com.kms.katalon.core.webui.keyword.builtin.ClickKeyword.click(ClickKeyword.groovy:74)
	at com.kms.katalon.core.webui.keyword.builtin.ClickKeyword.execute(ClickKeyword.groovy:40)
	at com.kms.katalon.core.keyword.internal.KeywordExecutor.executeKeywordForPlatform(KeywordExecutor.groovy:74)
	at com.kms.katalon.core.webui.keyword.WebUiBuiltInKeywords.click(WebUiBuiltInKeywords.groovy:620)
	at com.kms.katalon.core.webui.keyword.WebUiBuiltInKeywords$click$3.call(Unknown Source)
	at Admin Enroll Student.run(Admin Enroll Student:22)
	at com.kms.katalon.core.main.ScriptEngine.run(ScriptEngine.java:194)
	at com.kms.katalon.core.main.ScriptEngine.runScriptAsRawText(ScriptEngine.java:119)
	at com.kms.katalon.core.main.TestCaseExecutor.runScript(TestCaseExecutor.java:442)
	at com.kms.katalon.core.main.TestCaseExecutor.doExecute(TestCaseExecutor.java:433)
	at com.kms.katalon.core.main.TestCaseExecutor.processExecutionPhase(TestCaseExecutor.java:412)
	at com.kms.katalon.core.main.TestCaseExecutor.accessMainPhase(TestCaseExecutor.java:404)
	at com.kms.katalon.core.main.TestCaseExecutor.execute(TestCaseExecutor.java:281)
	at com.kms.katalon.core.main.TestSuiteExecutor.accessTestCaseMainPhase(TestSuiteExecutor.java:202)
	at com.kms.katalon.core.main.TestSuiteExecutor.accessTestSuiteMainPhase(TestSuiteExecutor.java:164)
	at com.kms.katalon.core.main.TestSuiteExecutor.execute(TestSuiteExecutor.java:105)
	at com.kms.katalon.core.main.TestCaseMain.startTestSuite(TestCaseMain.java:181)
	at com.kms.katalon.core.main.TestCaseMain$startTestSuite$0.call(Unknown Source)
	at TempTestSuite1642387584021.run(TempTestSuite1642387584021.groovy:36)
Caused by: org.openqa.selenium.ElementNotInteractableException: element not interactable
  (Session info: chrome=97.0.4692.71)
Build info: version: '3.141.59', revision: 'e82be7d358', time: '2018-11-14T08:25:53'
System info: host: 'MINHDUC', ip: '192.168.3.10', os.name: 'Windows 10', os.arch: 'amd64', os.version: '10.0', java.version: '1.8.0_282'
Driver info: com.kms.katalon.selenium.driver.CChromeDriver
Capabilities {acceptInsecureCerts: false, browserName: chrome, browserVersion: 97.0.4692.71, chrome: {chromedriverVersion: 97.0.4692.71 (adefa7837d02a..., userDataDir: C:\Users\MINHDU~1\AppData\L...}, goog:chromeOptions: {debuggerAddress: localhost:56710}, javascriptEnabled: true, networkConnectionEnabled: false, pageLoadStrategy: normal, platform: WINDOWS, platformName: WINDOWS, proxy: Proxy(), setWindowRect: true, strictFileInteractability: false, timeouts: {implicit: 0, pageLoad: 300000, script: 30000}, unhandledPromptBehavior: dismiss and notify, webauthn:extension:credBlob: true, webauthn:extension:largeBlob: true, webauthn:virtualAuthenticators: true}
Session ID: 095d6f64de2b32f15641632b55664938
	at org.openqa.selenium.remote.http.W3CHttpResponseCodec.createException(W3CHttpResponseCodec.java:187)
	at org.openqa.selenium.remote.http.W3CHttpResponseCodec.decode(W3CHttpResponseCodec.java:122)
	at org.openqa.selenium.remote.http.W3CHttpResponseCodec.decode(W3CHttpResponseCodec.java:49)
	at org.openqa.selenium.remote.HttpCommandExecutor.execute(HttpCommandExecutor.java:158)
	at org.openqa.selenium.remote.service.DriverCommandExecutor.execute(DriverCommandExecutor.java:83)
	at org.openqa.selenium.remote.RemoteWebDriver.execute(RemoteWebDriver.java:552)
	at com.kms.katalon.selenium.driver.CChromeDriver.execute(CChromeDriver.java:19)
	at org.openqa.selenium.remote.RemoteWebElement.execute(RemoteWebElement.java:285)
	at org.openqa.selenium.remote.RemoteWebElement.click(RemoteWebElement.java:84)
	at org.openqa.selenium.support.events.EventFiringWebDriver$EventFiringWebElement.lambda$new$0(EventFiringWebDriver.java:404)
	at com.sun.proxy.$Proxy11.click(Unknown Source)
	at org.openqa.selenium.support.events.EventFiringWebDriver$EventFiringWebElement.click(EventFiringWebDriver.java:417)
	at org.openqa.selenium.WebElement$click.call(Unknown Source)
	at com.kms.katalon.core.webui.keyword.builtin.ClickKeyword.clickUntilSuccessWithTimeout(ClickKeyword.groovy:81)
	at com.kms.katalon.core.webui.keyword.builtin.ClickKeyword.clickUntilSuccessWithTimeout(ClickKeyword.groovy)
	at com.kms.katalon.core.webui.keyword.builtin.ClickKeyword$_click_closure1.doCall(ClickKeyword.groovy:67)
	at com.kms.katalon.core.webui.keyword.builtin.ClickKeyword$_click_closure1.call(ClickKeyword.groovy)
	at com.kms.katalon.core.webui.keyword.internal.WebUIKeywordMain.runKeyword(WebUIKeywordMain.groovy:20)
	at com.kms.katalon.core.webui.keyword.builtin.ClickKeyword.click(ClickKeyword.groovy:74)
	at com.kms.katalon.core.webui.keyword.builtin.ClickKeyword.execute(ClickKeyword.groovy:40)
	at com.kms.katalon.core.keyword.internal.KeywordExecutor.executeKeywordForPlatform(KeywordExecutor.groovy:74)
	at com.kms.katalon.core.webui.keyword.WebUiBuiltInKeywords.click(WebUiBuiltInKeywords.groovy:620)
	at com.kms.katalon.core.webui.keyword.WebUiBuiltInKeywords$click$3.call(Unknown Source)
	at Script1642348884693.run(Script1642348884693.groovy:22)
	... 13 more
)

2022-01-17 09:50:34 - [MESSAGE][FAILED] - Unable to click on object 'Object Repository/Page_Dashboard/span_Site home (3)' (Root cause: com.kms.katalon.core.exception.StepFailedException: Unable to click on object 'Object Repository/Page_Dashboard/span_Site home (3)'
	at com.kms.katalon.core.webui.keyword.internal.WebUIKeywordMain.stepFailed(WebUIKeywordMain.groovy:64)
	at com.kms.katalon.core.webui.keyword.internal.WebUIKeywordMain.runKeyword(WebUIKeywordMain.groovy:26)
	at com.kms.katalon.core.webui.keyword.builtin.ClickKeyword.click(ClickKeyword.groovy:74)
	at com.kms.katalon.core.webui.keyword.builtin.ClickKeyword.execute(ClickKeyword.groovy:40)
	at com.kms.katalon.core.keyword.internal.KeywordExecutor.executeKeywordForPlatform(KeywordExecutor.groovy:74)
	at com.kms.katalon.core.webui.keyword.WebUiBuiltInKeywords.click(WebUiBuiltInKeywords.groovy:620)
	at com.kms.katalon.core.webui.keyword.WebUiBuiltInKeywords$click$3.call(Unknown Source)
	at Admin Enroll Student.run(Admin Enroll Student:22)
	at com.kms.katalon.core.main.ScriptEngine.run(ScriptEngine.java:194)
	at com.kms.katalon.core.main.ScriptEngine.runScriptAsRawText(ScriptEngine.java:119)
	at com.kms.katalon.core.main.TestCaseExecutor.runScript(TestCaseExecutor.java:442)
	at com.kms.katalon.core.main.TestCaseExecutor.doExecute(TestCaseExecutor.java:433)
	at com.kms.katalon.core.main.TestCaseExecutor.processExecutionPhase(TestCaseExecutor.java:412)
	at com.kms.katalon.core.main.TestCaseExecutor.accessMainPhase(TestCaseExecutor.java:404)
	at com.kms.katalon.core.main.TestCaseExecutor.execute(TestCaseExecutor.java:281)
	at com.kms.katalon.core.main.TestSuiteExecutor.accessTestCaseMainPhase(TestSuiteExecutor.java:202)
	at com.kms.katalon.core.main.TestSuiteExecutor.accessTestSuiteMainPhase(TestSuiteExecutor.java:164)
	at com.kms.katalon.core.main.TestSuiteExecutor.execute(TestSuiteExecutor.java:105)
	at com.kms.katalon.core.main.TestCaseMain.startTestSuite(TestCaseMain.java:181)
	at com.kms.katalon.core.main.TestCaseMain$startTestSuite$0.call(Unknown Source)
	at TempTestSuite1642387584021.run(TempTestSuite1642387584021.groovy:36)
Caused by: org.openqa.selenium.ElementNotInteractableException: element not interactable
  (Session info: chrome=97.0.4692.71)
Build info: version: '3.141.59', revision: 'e82be7d358', time: '2018-11-14T08:25:53'
System info: host: 'MINHDUC', ip: '192.168.3.10', os.name: 'Windows 10', os.arch: 'amd64', os.version: '10.0', java.version: '1.8.0_282'
Driver info: com.kms.katalon.selenium.driver.CChromeDriver
Capabilities {acceptInsecureCerts: false, browserName: chrome, browserVersion: 97.0.4692.71, chrome: {chromedriverVersion: 97.0.4692.71 (adefa7837d02a..., userDataDir: C:\Users\MINHDU~1\AppData\L...}, goog:chromeOptions: {debuggerAddress: localhost:56710}, javascriptEnabled: true, networkConnectionEnabled: false, pageLoadStrategy: normal, platform: WINDOWS, platformName: WINDOWS, proxy: Proxy(), setWindowRect: true, strictFileInteractability: false, timeouts: {implicit: 0, pageLoad: 300000, script: 30000}, unhandledPromptBehavior: dismiss and notify, webauthn:extension:credBlob: true, webauthn:extension:largeBlob: true, webauthn:virtualAuthenticators: true}
Session ID: 095d6f64de2b32f15641632b55664938
	at org.openqa.selenium.remote.http.W3CHttpResponseCodec.createException(W3CHttpResponseCodec.java:187)
	at org.openqa.selenium.remote.http.W3CHttpResponseCodec.decode(W3CHttpResponseCodec.java:122)
	at org.openqa.selenium.remote.http.W3CHttpResponseCodec.decode(W3CHttpResponseCodec.java:49)
	at org.openqa.selenium.remote.HttpCommandExecutor.execute(HttpCommandExecutor.java:158)
	at org.openqa.selenium.remote.service.DriverCommandExecutor.execute(DriverCommandExecutor.java:83)
	at org.openqa.selenium.remote.RemoteWebDriver.execute(RemoteWebDriver.java:552)
	at com.kms.katalon.selenium.driver.CChromeDriver.execute(CChromeDriver.java:19)
	at org.openqa.selenium.remote.RemoteWebElement.execute(RemoteWebElement.java:285)
	at org.openqa.selenium.remote.RemoteWebElement.click(RemoteWebElement.java:84)
	at org.openqa.selenium.support.events.EventFiringWebDriver$EventFiringWebElement.lambda$new$0(EventFiringWebDriver.java:404)
	at com.sun.proxy.$Proxy11.click(Unknown Source)
	at org.openqa.selenium.support.events.EventFiringWebDriver$EventFiringWebElement.click(EventFiringWebDriver.java:417)
	at org.openqa.selenium.WebElement$click.call(Unknown Source)
	at com.kms.katalon.core.webui.keyword.builtin.ClickKeyword.clickUntilSuccessWithTimeout(ClickKeyword.groovy:81)
	at com.kms.katalon.core.webui.keyword.builtin.ClickKeyword.clickUntilSuccessWithTimeout(ClickKeyword.groovy)
	at com.kms.katalon.core.webui.keyword.builtin.ClickKeyword$_click_closure1.doCall(ClickKeyword.groovy:67)
	at com.kms.katalon.core.webui.keyword.builtin.ClickKeyword$_click_closure1.call(ClickKeyword.groovy)
	at com.kms.katalon.core.webui.keyword.internal.WebUIKeywordMain.runKeyword(WebUIKeywordMain.groovy:20)
	at com.kms.katalon.core.webui.keyword.builtin.ClickKeyword.click(ClickKeyword.groovy:74)
	at com.kms.katalon.core.webui.keyword.builtin.ClickKeyword.execute(ClickKeyword.groovy:40)
	at com.kms.katalon.core.keyword.internal.KeywordExecutor.executeKeywordForPlatform(KeywordExecutor.groovy:74)
	at com.kms.katalon.core.webui.keyword.WebUiBuiltInKeywords.click(WebUiBuiltInKeywords.groovy:620)
	at com.kms.katalon.core.webui.keyword.WebUiBuiltInKeywords$click$3.call(Unknown Source)
	at Script1642348884693.run(Script1642348884693.groovy:22)
	... 13 more
)
[[ATTACHMENT|C:\\Users\\Minh Duc\\Desktop\\Test-Automation-SE-Bonus\\Test Automation - SE Bonus\\Reports\\20220117_094624\\Run all test cases\\20220117_094624\\1642387834349.png]]]]></system-out>
         <system-err><![CDATA[2022-01-17 09:50:26 - [TEST_CASE][FAILED] - Test Cases/Admin Enroll Student: Test Cases/Admin Enroll Student FAILED.
Reason:
com.kms.katalon.core.exception.StepFailedException: Unable to click on object 'Object Repository/Page_Dashboard/span_Site home (3)'
	at com.kms.katalon.core.webui.keyword.internal.WebUIKeywordMain.stepFailed(WebUIKeywordMain.groovy:64)
	at com.kms.katalon.core.webui.keyword.internal.WebUIKeywordMain.runKeyword(WebUIKeywordMain.groovy:26)
	at com.kms.katalon.core.webui.keyword.builtin.ClickKeyword.click(ClickKeyword.groovy:74)
	at com.kms.katalon.core.webui.keyword.builtin.ClickKeyword.execute(ClickKeyword.groovy:40)
	at com.kms.katalon.core.keyword.internal.KeywordExecutor.executeKeywordForPlatform(KeywordExecutor.groovy:74)
	at com.kms.katalon.core.webui.keyword.WebUiBuiltInKeywords.click(WebUiBuiltInKeywords.groovy:620)
	at com.kms.katalon.core.webui.keyword.WebUiBuiltInKeywords$click$3.call(Unknown Source)
	at Admin Enroll Student.run(Admin Enroll Student:22)
	at com.kms.katalon.core.main.ScriptEngine.run(ScriptEngine.java:194)
	at com.kms.katalon.core.main.ScriptEngine.runScriptAsRawText(ScriptEngine.java:119)
	at com.kms.katalon.core.main.TestCaseExecutor.runScript(TestCaseExecutor.java:442)
	at com.kms.katalon.core.main.TestCaseExecutor.doExecute(TestCaseExecutor.java:433)
	at com.kms.katalon.core.main.TestCaseExecutor.processExecutionPhase(TestCaseExecutor.java:412)
	at com.kms.katalon.core.main.TestCaseExecutor.accessMainPhase(TestCaseExecutor.java:404)
	at com.kms.katalon.core.main.TestCaseExecutor.execute(TestCaseExecutor.java:281)
	at com.kms.katalon.core.main.TestSuiteExecutor.accessTestCaseMainPhase(TestSuiteExecutor.java:202)
	at com.kms.katalon.core.main.TestSuiteExecutor.accessTestSuiteMainPhase(TestSuiteExecutor.java:164)
	at com.kms.katalon.core.main.TestSuiteExecutor.execute(TestSuiteExecutor.java:105)
	at com.kms.katalon.core.main.TestCaseMain.startTestSuite(TestCaseMain.java:181)
	at com.kms.katalon.core.main.TestCaseMain$startTestSuite$0.call(Unknown Source)
	at TempTestSuite1642387584021.run(TempTestSuite1642387584021.groovy:36)
Caused by: org.openqa.selenium.ElementNotInteractableException: element not interactable
  (Session info: chrome=97.0.4692.71)
Build info: version: '3.141.59', revision: 'e82be7d358', time: '2018-11-14T08:25:53'
System info: host: 'MINHDUC', ip: '192.168.3.10', os.name: 'Windows 10', os.arch: 'amd64', os.version: '10.0', java.version: '1.8.0_282'
Driver info: com.kms.katalon.selenium.driver.CChromeDriver
Capabilities {acceptInsecureCerts: false, browserName: chrome, browserVersion: 97.0.4692.71, chrome: {chromedriverVersion: 97.0.4692.71 (adefa7837d02a..., userDataDir: C:\Users\MINHDU~1\AppData\L...}, goog:chromeOptions: {debuggerAddress: localhost:56710}, javascriptEnabled: true, networkConnectionEnabled: false, pageLoadStrategy: normal, platform: WINDOWS, platformName: WINDOWS, proxy: Proxy(), setWindowRect: true, strictFileInteractability: false, timeouts: {implicit: 0, pageLoad: 300000, script: 30000}, unhandledPromptBehavior: dismiss and notify, webauthn:extension:credBlob: true, webauthn:extension:largeBlob: true, webauthn:virtualAuthenticators: true}
Session ID: 095d6f64de2b32f15641632b55664938
	at org.openqa.selenium.remote.http.W3CHttpResponseCodec.createException(W3CHttpResponseCodec.java:187)
	at org.openqa.selenium.remote.http.W3CHttpResponseCodec.decode(W3CHttpResponseCodec.java:122)
	at org.openqa.selenium.remote.http.W3CHttpResponseCodec.decode(W3CHttpResponseCodec.java:49)
	at org.openqa.selenium.remote.HttpCommandExecutor.execute(HttpCommandExecutor.java:158)
	at org.openqa.selenium.remote.service.DriverCommandExecutor.execute(DriverCommandExecutor.java:83)
	at org.openqa.selenium.remote.RemoteWebDriver.execute(RemoteWebDriver.java:552)
	at com.kms.katalon.selenium.driver.CChromeDriver.execute(CChromeDriver.java:19)
	at org.openqa.selenium.remote.RemoteWebElement.execute(RemoteWebElement.java:285)
	at org.openqa.selenium.remote.RemoteWebElement.click(RemoteWebElement.java:84)
	at org.openqa.selenium.support.events.EventFiringWebDriver$EventFiringWebElement.lambda$new$0(EventFiringWebDriver.java:404)
	at com.sun.proxy.$Proxy11.click(Unknown Source)
	at org.openqa.selenium.support.events.EventFiringWebDriver$EventFiringWebElement.click(EventFiringWebDriver.java:417)
	at org.openqa.selenium.WebElement$click.call(Unknown Source)
	at com.kms.katalon.core.webui.keyword.builtin.ClickKeyword.clickUntilSuccessWithTimeout(ClickKeyword.groovy:81)
	at com.kms.katalon.core.webui.keyword.builtin.ClickKeyword.clickUntilSuccessWithTimeout(ClickKeyword.groovy)
	at com.kms.katalon.core.webui.keyword.builtin.ClickKeyword$_click_closure1.doCall(ClickKeyword.groovy:67)
	at com.kms.katalon.core.webui.keyword.builtin.ClickKeyword$_click_closure1.call(ClickKeyword.groovy)
	at com.kms.katalon.core.webui.keyword.internal.WebUIKeywordMain.runKeyword(WebUIKeywordMain.groovy:20)
	... 19 more]]></system-err>
      </testcase>
      <testcase name="Test Cases/Admin Unenroll Student" time="7.957" classname="Test Cases/Admin Unenroll Student" status="FAILED">
         <failure type="FAILED" message="Test Cases/Admin Unenroll Student FAILED.
Reason:
com.kms.katalon.core.exception.StepFailedException: Unable to click on object 'Object Repository/Page_Dashboard/span_Site home (2)'
	at com.kms.katalon.core.webui.keyword.internal.WebUIKeywordMain.stepFailed(WebUIKeywordMain.groovy:64)
	at com.kms.katalon.core.webui.keyword.internal.WebUIKeywordMain.runKeyword(WebUIKeywordMain.groovy:26)
	at com.kms.katalon.core.webui.keyword.builtin.ClickKeyword.click(ClickKeyword.groovy:74)
	at com.kms.katalon.core.webui.keyword.builtin.ClickKeyword.execute(ClickKeyword.groovy:40)
	at com.kms.katalon.core.keyword.internal.KeywordExecutor.executeKeywordForPlatform(KeywordExecutor.groovy:74)
	at com.kms.katalon.core.webui.keyword.WebUiBuiltInKeywords.click(WebUiBuiltInKeywords.groovy:620)
	at com.kms.katalon.core.webui.keyword.WebUiBuiltInKeywords$click$3.call(Unknown Source)
	at Admin Unenroll Student.run(Admin Unenroll Student:22)
	at com.kms.katalon.core.main.ScriptEngine.run(ScriptEngine.java:194)
	at com.kms.katalon.core.main.ScriptEngine.runScriptAsRawText(ScriptEngine.java:119)
	at com.kms.katalon.core.main.TestCaseExecutor.runScript(TestCaseExecutor.java:442)
	at com.kms.katalon.core.main.TestCaseExecutor.doExecute(TestCaseExecutor.java:433)
	at com.kms.katalon.core.main.TestCaseExecutor.processExecutionPhase(TestCaseExecutor.java:412)
	at com.kms.katalon.core.main.TestCaseExecutor.accessMainPhase(TestCaseExecutor.java:404)
	at com.kms.katalon.core.main.TestCaseExecutor.execute(TestCaseExecutor.java:281)
	at com.kms.katalon.core.main.TestSuiteExecutor.accessTestCaseMainPhase(TestSuiteExecutor.java:202)
	at com.kms.katalon.core.main.TestSuiteExecutor.accessTestSuiteMainPhase(TestSuiteExecutor.java:164)
	at com.kms.katalon.core.main.TestSuiteExecutor.execute(TestSuiteExecutor.java:105)
	at com.kms.katalon.core.main.TestCaseMain.startTestSuite(TestCaseMain.java:181)
	at com.kms.katalon.core.main.TestCaseMain$startTestSuite$0.call(Unknown Source)
	at TempTestSuite1642387584021.run(TempTestSuite1642387584021.groovy:36)
Caused by: org.openqa.selenium.ElementNotInteractableException: element not interactable
  (Session info: chrome=97.0.4692.71)
Build info: version: '3.141.59', revision: 'e82be7d358', time: '2018-11-14T08:25:53'
System info: host: 'MINHDUC', ip: '192.168.3.10', os.name: 'Windows 10', os.arch: 'amd64', os.version: '10.0', java.version: '1.8.0_282'
Driver info: com.kms.katalon.selenium.driver.CChromeDriver
Capabilities {acceptInsecureCerts: false, browserName: chrome, browserVersion: 97.0.4692.71, chrome: {chromedriverVersion: 97.0.4692.71 (adefa7837d02a..., userDataDir: C:\Users\MINHDU~1\AppData\L...}, goog:chromeOptions: {debuggerAddress: localhost:56761}, javascriptEnabled: true, networkConnectionEnabled: false, pageLoadStrategy: normal, platform: WINDOWS, platformName: WINDOWS, proxy: Proxy(), setWindowRect: true, strictFileInteractability: false, timeouts: {implicit: 0, pageLoad: 300000, script: 30000}, unhandledPromptBehavior: dismiss and notify, webauthn:extension:credBlob: true, webauthn:extension:largeBlob: true, webauthn:virtualAuthenticators: true}
Session ID: 0a1ca4cb110d6c938cf822305097103e
	at org.openqa.selenium.remote.http.W3CHttpResponseCodec.createException(W3CHttpResponseCodec.java:187)
	at org.openqa.selenium.remote.http.W3CHttpResponseCodec.decode(W3CHttpResponseCodec.java:122)
	at org.openqa.selenium.remote.http.W3CHttpResponseCodec.decode(W3CHttpResponseCodec.java:49)
	at org.openqa.selenium.remote.HttpCommandExecutor.execute(HttpCommandExecutor.java:158)
	at org.openqa.selenium.remote.service.DriverCommandExecutor.execute(DriverCommandExecutor.java:83)
	at org.openqa.selenium.remote.RemoteWebDriver.execute(RemoteWebDriver.java:552)
	at com.kms.katalon.selenium.driver.CChromeDriver.execute(CChromeDriver.java:19)
	at org.openqa.selenium.remote.RemoteWebElement.execute(RemoteWebElement.java:285)
	at org.openqa.selenium.remote.RemoteWebElement.click(RemoteWebElement.java:84)
	at org.openqa.selenium.support.events.EventFiringWebDriver$EventFiringWebElement.lambda$new$0(EventFiringWebDriver.java:404)
	at com.sun.proxy.$Proxy11.click(Unknown Source)
	at org.openqa.selenium.support.events.EventFiringWebDriver$EventFiringWebElement.click(EventFiringWebDriver.java:417)
	at org.openqa.selenium.WebElement$click.call(Unknown Source)
	at com.kms.katalon.core.webui.keyword.builtin.ClickKeyword.clickUntilSuccessWithTimeout(ClickKeyword.groovy:81)
	at com.kms.katalon.core.webui.keyword.builtin.ClickKeyword.clickUntilSuccessWithTimeout(ClickKeyword.groovy)
	at com.kms.katalon.core.webui.keyword.builtin.ClickKeyword$_click_closure1.doCall(ClickKeyword.groovy:67)
	at com.kms.katalon.core.webui.keyword.builtin.ClickKeyword$_click_closure1.call(ClickKeyword.groovy)
	at com.kms.katalon.core.webui.keyword.internal.WebUIKeywordMain.runKeyword(WebUIKeywordMain.groovy:20)
	... 19 more
"/>
         <system-out><![CDATA[2022-01-17 09:50:34 - [TEST_CASE][FAILED] - Test Cases/Admin Unenroll Student: Test Cases/Admin Unenroll Student FAILED.
Reason:
com.kms.katalon.core.exception.StepFailedException: Unable to click on object 'Object Repository/Page_Dashboard/span_Site home (2)'
	at com.kms.katalon.core.webui.keyword.internal.WebUIKeywordMain.stepFailed(WebUIKeywordMain.groovy:64)
	at com.kms.katalon.core.webui.keyword.internal.WebUIKeywordMain.runKeyword(WebUIKeywordMain.groovy:26)
	at com.kms.katalon.core.webui.keyword.builtin.ClickKeyword.click(ClickKeyword.groovy:74)
	at com.kms.katalon.core.webui.keyword.builtin.ClickKeyword.execute(ClickKeyword.groovy:40)
	at com.kms.katalon.core.keyword.internal.KeywordExecutor.executeKeywordForPlatform(KeywordExecutor.groovy:74)
	at com.kms.katalon.core.webui.keyword.WebUiBuiltInKeywords.click(WebUiBuiltInKeywords.groovy:620)
	at com.kms.katalon.core.webui.keyword.WebUiBuiltInKeywords$click$3.call(Unknown Source)
	at Admin Unenroll Student.run(Admin Unenroll Student:22)
	at com.kms.katalon.core.main.ScriptEngine.run(ScriptEngine.java:194)
	at com.kms.katalon.core.main.ScriptEngine.runScriptAsRawText(ScriptEngine.java:119)
	at com.kms.katalon.core.main.TestCaseExecutor.runScript(TestCaseExecutor.java:442)
	at com.kms.katalon.core.main.TestCaseExecutor.doExecute(TestCaseExecutor.java:433)
	at com.kms.katalon.core.main.TestCaseExecutor.processExecutionPhase(TestCaseExecutor.java:412)
	at com.kms.katalon.core.main.TestCaseExecutor.accessMainPhase(TestCaseExecutor.java:404)
	at com.kms.katalon.core.main.TestCaseExecutor.execute(TestCaseExecutor.java:281)
	at com.kms.katalon.core.main.TestSuiteExecutor.accessTestCaseMainPhase(TestSuiteExecutor.java:202)
	at com.kms.katalon.core.main.TestSuiteExecutor.accessTestSuiteMainPhase(TestSuiteExecutor.java:164)
	at com.kms.katalon.core.main.TestSuiteExecutor.execute(TestSuiteExecutor.java:105)
	at com.kms.katalon.core.main.TestCaseMain.startTestSuite(TestCaseMain.java:181)
	at com.kms.katalon.core.main.TestCaseMain$startTestSuite$0.call(Unknown Source)
	at TempTestSuite1642387584021.run(TempTestSuite1642387584021.groovy:36)
Caused by: org.openqa.selenium.ElementNotInteractableException: element not interactable
  (Session info: chrome=97.0.4692.71)
Build info: version: '3.141.59', revision: 'e82be7d358', time: '2018-11-14T08:25:53'
System info: host: 'MINHDUC', ip: '192.168.3.10', os.name: 'Windows 10', os.arch: 'amd64', os.version: '10.0', java.version: '1.8.0_282'
Driver info: com.kms.katalon.selenium.driver.CChromeDriver
Capabilities {acceptInsecureCerts: false, browserName: chrome, browserVersion: 97.0.4692.71, chrome: {chromedriverVersion: 97.0.4692.71 (adefa7837d02a..., userDataDir: C:\Users\MINHDU~1\AppData\L...}, goog:chromeOptions: {debuggerAddress: localhost:56761}, javascriptEnabled: true, networkConnectionEnabled: false, pageLoadStrategy: normal, platform: WINDOWS, platformName: WINDOWS, proxy: Proxy(), setWindowRect: true, strictFileInteractability: false, timeouts: {implicit: 0, pageLoad: 300000, script: 30000}, unhandledPromptBehavior: dismiss and notify, webauthn:extension:credBlob: true, webauthn:extension:largeBlob: true, webauthn:virtualAuthenticators: true}
Session ID: 0a1ca4cb110d6c938cf822305097103e
	at org.openqa.selenium.remote.http.W3CHttpResponseCodec.createException(W3CHttpResponseCodec.java:187)
	at org.openqa.selenium.remote.http.W3CHttpResponseCodec.decode(W3CHttpResponseCodec.java:122)
	at org.openqa.selenium.remote.http.W3CHttpResponseCodec.decode(W3CHttpResponseCodec.java:49)
	at org.openqa.selenium.remote.HttpCommandExecutor.execute(HttpCommandExecutor.java:158)
	at org.openqa.selenium.remote.service.DriverCommandExecutor.execute(DriverCommandExecutor.java:83)
	at org.openqa.selenium.remote.RemoteWebDriver.execute(RemoteWebDriver.java:552)
	at com.kms.katalon.selenium.driver.CChromeDriver.execute(CChromeDriver.java:19)
	at org.openqa.selenium.remote.RemoteWebElement.execute(RemoteWebElement.java:285)
	at org.openqa.selenium.remote.RemoteWebElement.click(RemoteWebElement.java:84)
	at org.openqa.selenium.support.events.EventFiringWebDriver$EventFiringWebElement.lambda$new$0(EventFiringWebDriver.java:404)
	at com.sun.proxy.$Proxy11.click(Unknown Source)
	at org.openqa.selenium.support.events.EventFiringWebDriver$EventFiringWebElement.click(EventFiringWebDriver.java:417)
	at org.openqa.selenium.WebElement$click.call(Unknown Source)
	at com.kms.katalon.core.webui.keyword.builtin.ClickKeyword.clickUntilSuccessWithTimeout(ClickKeyword.groovy:81)
	at com.kms.katalon.core.webui.keyword.builtin.ClickKeyword.clickUntilSuccessWithTimeout(ClickKeyword.groovy)
	at com.kms.katalon.core.webui.keyword.builtin.ClickKeyword$_click_closure1.doCall(ClickKeyword.groovy:67)
	at com.kms.katalon.core.webui.keyword.builtin.ClickKeyword$_click_closure1.call(ClickKeyword.groovy)
	at com.kms.katalon.core.webui.keyword.internal.WebUIKeywordMain.runKeyword(WebUIKeywordMain.groovy:20)
	... 19 more


2022-01-17 09:50:34 - [TEST_STEP][PASSED] - callTestCase(findTestCase("Admin Login"), [:], STOP_ON_FAILURE): Call Test Case 'Test Cases/Admin Login' successfully

2022-01-17 09:50:34 - [TEST_CASE][PASSED] - Test Cases/Admin Login: Test Cases/Admin Login

2022-01-17 09:50:34 - [TEST_STEP][PASSED] - openBrowser(""): Browser is opened with url: ''

2022-01-17 09:50:34 - [MESSAGE][WARNING] - A browser is already opened. Closing browser and opening a new one

2022-01-17 09:50:35 - [MESSAGE][INFO] - Starting 'Chrome' driver

2022-01-17 09:50:35 - [MESSAGE][INFO] - Action delay is set to 0 milliseconds

2022-01-17 09:50:36 - [MESSAGE][PASSED] - Browser is opened with url: ''

2022-01-17 09:50:36 - [TEST_STEP][PASSED] - navigateToUrl("http://localhost/moodle/login/index.php"): Navigate to 'http://localhost/moodle/login/index.php' successfully

2022-01-17 09:50:37 - [MESSAGE][PASSED] - Navigate to 'http://localhost/moodle/login/index.php' successfully

2022-01-17 09:50:37 - [TEST_STEP][PASSED] - setText(findTestObject("Object Repository/Page_Moodle Log in to the site/input_Username_username"), "admin"): Text 'admin' is set on object 'Object Repository/Page_Moodle Log in to the site/input_Username_username'

2022-01-17 09:50:38 - [MESSAGE][PASSED] - Text 'admin' is set on object 'Object Repository/Page_Moodle Log in to the site/input_Username_username'

2022-01-17 09:50:38 - [TEST_STEP][PASSED] - setEncryptedText(findTestObject("Object Repository/Page_Moodle Log in to the site/input_Password_password"), "8JanWqnBZBo6yBKKrpSnpw=="): Text ****** has been set on object 'Object Repository/Page_Moodle Log in to the site/input_Password_password'

2022-01-17 09:50:38 - [MESSAGE][PASSED] - Text ****** has been set on object 'Object Repository/Page_Moodle Log in to the site/input_Password_password'

2022-01-17 09:50:38 - [TEST_STEP][PASSED] - click(findTestObject("Object Repository/Page_Moodle Log in to the site/button_Log in")): Object: 'Object Repository/Page_Moodle Log in to the site/button_Log in' is clicked on

2022-01-17 09:50:40 - [MESSAGE][PASSED] - Object: 'Object Repository/Page_Moodle Log in to the site/button_Log in' is clicked on

2022-01-17 09:50:40 - [MESSAGE][PASSED] - Call Test Case 'Test Cases/Admin Login' successfully

2022-01-17 09:50:40 - [TEST_STEP][FAILED] - click(findTestObject("Object Repository/Page_Dashboard/span_Site home (2)")): Unable to click on object 'Object Repository/Page_Dashboard/span_Site home (2)' (Root cause: com.kms.katalon.core.exception.StepFailedException: Unable to click on object 'Object Repository/Page_Dashboard/span_Site home (2)'
	at com.kms.katalon.core.webui.keyword.internal.WebUIKeywordMain.stepFailed(WebUIKeywordMain.groovy:64)
	at com.kms.katalon.core.webui.keyword.internal.WebUIKeywordMain.runKeyword(WebUIKeywordMain.groovy:26)
	at com.kms.katalon.core.webui.keyword.builtin.ClickKeyword.click(ClickKeyword.groovy:74)
	at com.kms.katalon.core.webui.keyword.builtin.ClickKeyword.execute(ClickKeyword.groovy:40)
	at com.kms.katalon.core.keyword.internal.KeywordExecutor.executeKeywordForPlatform(KeywordExecutor.groovy:74)
	at com.kms.katalon.core.webui.keyword.WebUiBuiltInKeywords.click(WebUiBuiltInKeywords.groovy:620)
	at com.kms.katalon.core.webui.keyword.WebUiBuiltInKeywords$click$3.call(Unknown Source)
	at Admin Unenroll Student.run(Admin Unenroll Student:22)
	at com.kms.katalon.core.main.ScriptEngine.run(ScriptEngine.java:194)
	at com.kms.katalon.core.main.ScriptEngine.runScriptAsRawText(ScriptEngine.java:119)
	at com.kms.katalon.core.main.TestCaseExecutor.runScript(TestCaseExecutor.java:442)
	at com.kms.katalon.core.main.TestCaseExecutor.doExecute(TestCaseExecutor.java:433)
	at com.kms.katalon.core.main.TestCaseExecutor.processExecutionPhase(TestCaseExecutor.java:412)
	at com.kms.katalon.core.main.TestCaseExecutor.accessMainPhase(TestCaseExecutor.java:404)
	at com.kms.katalon.core.main.TestCaseExecutor.execute(TestCaseExecutor.java:281)
	at com.kms.katalon.core.main.TestSuiteExecutor.accessTestCaseMainPhase(TestSuiteExecutor.java:202)
	at com.kms.katalon.core.main.TestSuiteExecutor.accessTestSuiteMainPhase(TestSuiteExecutor.java:164)
	at com.kms.katalon.core.main.TestSuiteExecutor.execute(TestSuiteExecutor.java:105)
	at com.kms.katalon.core.main.TestCaseMain.startTestSuite(TestCaseMain.java:181)
	at com.kms.katalon.core.main.TestCaseMain$startTestSuite$0.call(Unknown Source)
	at TempTestSuite1642387584021.run(TempTestSuite1642387584021.groovy:36)
Caused by: org.openqa.selenium.ElementNotInteractableException: element not interactable
  (Session info: chrome=97.0.4692.71)
Build info: version: '3.141.59', revision: 'e82be7d358', time: '2018-11-14T08:25:53'
System info: host: 'MINHDUC', ip: '192.168.3.10', os.name: 'Windows 10', os.arch: 'amd64', os.version: '10.0', java.version: '1.8.0_282'
Driver info: com.kms.katalon.selenium.driver.CChromeDriver
Capabilities {acceptInsecureCerts: false, browserName: chrome, browserVersion: 97.0.4692.71, chrome: {chromedriverVersion: 97.0.4692.71 (adefa7837d02a..., userDataDir: C:\Users\MINHDU~1\AppData\L...}, goog:chromeOptions: {debuggerAddress: localhost:56761}, javascriptEnabled: true, networkConnectionEnabled: false, pageLoadStrategy: normal, platform: WINDOWS, platformName: WINDOWS, proxy: Proxy(), setWindowRect: true, strictFileInteractability: false, timeouts: {implicit: 0, pageLoad: 300000, script: 30000}, unhandledPromptBehavior: dismiss and notify, webauthn:extension:credBlob: true, webauthn:extension:largeBlob: true, webauthn:virtualAuthenticators: true}
Session ID: 0a1ca4cb110d6c938cf822305097103e
	at org.openqa.selenium.remote.http.W3CHttpResponseCodec.createException(W3CHttpResponseCodec.java:187)
	at org.openqa.selenium.remote.http.W3CHttpResponseCodec.decode(W3CHttpResponseCodec.java:122)
	at org.openqa.selenium.remote.http.W3CHttpResponseCodec.decode(W3CHttpResponseCodec.java:49)
	at org.openqa.selenium.remote.HttpCommandExecutor.execute(HttpCommandExecutor.java:158)
	at org.openqa.selenium.remote.service.DriverCommandExecutor.execute(DriverCommandExecutor.java:83)
	at org.openqa.selenium.remote.RemoteWebDriver.execute(RemoteWebDriver.java:552)
	at com.kms.katalon.selenium.driver.CChromeDriver.execute(CChromeDriver.java:19)
	at org.openqa.selenium.remote.RemoteWebElement.execute(RemoteWebElement.java:285)
	at org.openqa.selenium.remote.RemoteWebElement.click(RemoteWebElement.java:84)
	at org.openqa.selenium.support.events.EventFiringWebDriver$EventFiringWebElement.lambda$new$0(EventFiringWebDriver.java:404)
	at com.sun.proxy.$Proxy11.click(Unknown Source)
	at org.openqa.selenium.support.events.EventFiringWebDriver$EventFiringWebElement.click(EventFiringWebDriver.java:417)
	at org.openqa.selenium.WebElement$click.call(Unknown Source)
	at com.kms.katalon.core.webui.keyword.builtin.ClickKeyword.clickUntilSuccessWithTimeout(ClickKeyword.groovy:81)
	at com.kms.katalon.core.webui.keyword.builtin.ClickKeyword.clickUntilSuccessWithTimeout(ClickKeyword.groovy)
	at com.kms.katalon.core.webui.keyword.builtin.ClickKeyword$_click_closure1.doCall(ClickKeyword.groovy:67)
	at com.kms.katalon.core.webui.keyword.builtin.ClickKeyword$_click_closure1.call(ClickKeyword.groovy)
	at com.kms.katalon.core.webui.keyword.internal.WebUIKeywordMain.runKeyword(WebUIKeywordMain.groovy:20)
	at com.kms.katalon.core.webui.keyword.builtin.ClickKeyword.click(ClickKeyword.groovy:74)
	at com.kms.katalon.core.webui.keyword.builtin.ClickKeyword.execute(ClickKeyword.groovy:40)
	at com.kms.katalon.core.keyword.internal.KeywordExecutor.executeKeywordForPlatform(KeywordExecutor.groovy:74)
	at com.kms.katalon.core.webui.keyword.WebUiBuiltInKeywords.click(WebUiBuiltInKeywords.groovy:620)
	at com.kms.katalon.core.webui.keyword.WebUiBuiltInKeywords$click$3.call(Unknown Source)
	at Script1642348802195.run(Script1642348802195.groovy:22)
	... 13 more
)

2022-01-17 09:50:42 - [MESSAGE][FAILED] - Unable to click on object 'Object Repository/Page_Dashboard/span_Site home (2)' (Root cause: com.kms.katalon.core.exception.StepFailedException: Unable to click on object 'Object Repository/Page_Dashboard/span_Site home (2)'
	at com.kms.katalon.core.webui.keyword.internal.WebUIKeywordMain.stepFailed(WebUIKeywordMain.groovy:64)
	at com.kms.katalon.core.webui.keyword.internal.WebUIKeywordMain.runKeyword(WebUIKeywordMain.groovy:26)
	at com.kms.katalon.core.webui.keyword.builtin.ClickKeyword.click(ClickKeyword.groovy:74)
	at com.kms.katalon.core.webui.keyword.builtin.ClickKeyword.execute(ClickKeyword.groovy:40)
	at com.kms.katalon.core.keyword.internal.KeywordExecutor.executeKeywordForPlatform(KeywordExecutor.groovy:74)
	at com.kms.katalon.core.webui.keyword.WebUiBuiltInKeywords.click(WebUiBuiltInKeywords.groovy:620)
	at com.kms.katalon.core.webui.keyword.WebUiBuiltInKeywords$click$3.call(Unknown Source)
	at Admin Unenroll Student.run(Admin Unenroll Student:22)
	at com.kms.katalon.core.main.ScriptEngine.run(ScriptEngine.java:194)
	at com.kms.katalon.core.main.ScriptEngine.runScriptAsRawText(ScriptEngine.java:119)
	at com.kms.katalon.core.main.TestCaseExecutor.runScript(TestCaseExecutor.java:442)
	at com.kms.katalon.core.main.TestCaseExecutor.doExecute(TestCaseExecutor.java:433)
	at com.kms.katalon.core.main.TestCaseExecutor.processExecutionPhase(TestCaseExecutor.java:412)
	at com.kms.katalon.core.main.TestCaseExecutor.accessMainPhase(TestCaseExecutor.java:404)
	at com.kms.katalon.core.main.TestCaseExecutor.execute(TestCaseExecutor.java:281)
	at com.kms.katalon.core.main.TestSuiteExecutor.accessTestCaseMainPhase(TestSuiteExecutor.java:202)
	at com.kms.katalon.core.main.TestSuiteExecutor.accessTestSuiteMainPhase(TestSuiteExecutor.java:164)
	at com.kms.katalon.core.main.TestSuiteExecutor.execute(TestSuiteExecutor.java:105)
	at com.kms.katalon.core.main.TestCaseMain.startTestSuite(TestCaseMain.java:181)
	at com.kms.katalon.core.main.TestCaseMain$startTestSuite$0.call(Unknown Source)
	at TempTestSuite1642387584021.run(TempTestSuite1642387584021.groovy:36)
Caused by: org.openqa.selenium.ElementNotInteractableException: element not interactable
  (Session info: chrome=97.0.4692.71)
Build info: version: '3.141.59', revision: 'e82be7d358', time: '2018-11-14T08:25:53'
System info: host: 'MINHDUC', ip: '192.168.3.10', os.name: 'Windows 10', os.arch: 'amd64', os.version: '10.0', java.version: '1.8.0_282'
Driver info: com.kms.katalon.selenium.driver.CChromeDriver
Capabilities {acceptInsecureCerts: false, browserName: chrome, browserVersion: 97.0.4692.71, chrome: {chromedriverVersion: 97.0.4692.71 (adefa7837d02a..., userDataDir: C:\Users\MINHDU~1\AppData\L...}, goog:chromeOptions: {debuggerAddress: localhost:56761}, javascriptEnabled: true, networkConnectionEnabled: false, pageLoadStrategy: normal, platform: WINDOWS, platformName: WINDOWS, proxy: Proxy(), setWindowRect: true, strictFileInteractability: false, timeouts: {implicit: 0, pageLoad: 300000, script: 30000}, unhandledPromptBehavior: dismiss and notify, webauthn:extension:credBlob: true, webauthn:extension:largeBlob: true, webauthn:virtualAuthenticators: true}
Session ID: 0a1ca4cb110d6c938cf822305097103e
	at org.openqa.selenium.remote.http.W3CHttpResponseCodec.createException(W3CHttpResponseCodec.java:187)
	at org.openqa.selenium.remote.http.W3CHttpResponseCodec.decode(W3CHttpResponseCodec.java:122)
	at org.openqa.selenium.remote.http.W3CHttpResponseCodec.decode(W3CHttpResponseCodec.java:49)
	at org.openqa.selenium.remote.HttpCommandExecutor.execute(HttpCommandExecutor.java:158)
	at org.openqa.selenium.remote.service.DriverCommandExecutor.execute(DriverCommandExecutor.java:83)
	at org.openqa.selenium.remote.RemoteWebDriver.execute(RemoteWebDriver.java:552)
	at com.kms.katalon.selenium.driver.CChromeDriver.execute(CChromeDriver.java:19)
	at org.openqa.selenium.remote.RemoteWebElement.execute(RemoteWebElement.java:285)
	at org.openqa.selenium.remote.RemoteWebElement.click(RemoteWebElement.java:84)
	at org.openqa.selenium.support.events.EventFiringWebDriver$EventFiringWebElement.lambda$new$0(EventFiringWebDriver.java:404)
	at com.sun.proxy.$Proxy11.click(Unknown Source)
	at org.openqa.selenium.support.events.EventFiringWebDriver$EventFiringWebElement.click(EventFiringWebDriver.java:417)
	at org.openqa.selenium.WebElement$click.call(Unknown Source)
	at com.kms.katalon.core.webui.keyword.builtin.ClickKeyword.clickUntilSuccessWithTimeout(ClickKeyword.groovy:81)
	at com.kms.katalon.core.webui.keyword.builtin.ClickKeyword.clickUntilSuccessWithTimeout(ClickKeyword.groovy)
	at com.kms.katalon.core.webui.keyword.builtin.ClickKeyword$_click_closure1.doCall(ClickKeyword.groovy:67)
	at com.kms.katalon.core.webui.keyword.builtin.ClickKeyword$_click_closure1.call(ClickKeyword.groovy)
	at com.kms.katalon.core.webui.keyword.internal.WebUIKeywordMain.runKeyword(WebUIKeywordMain.groovy:20)
	at com.kms.katalon.core.webui.keyword.builtin.ClickKeyword.click(ClickKeyword.groovy:74)
	at com.kms.katalon.core.webui.keyword.builtin.ClickKeyword.execute(ClickKeyword.groovy:40)
	at com.kms.katalon.core.keyword.internal.KeywordExecutor.executeKeywordForPlatform(KeywordExecutor.groovy:74)
	at com.kms.katalon.core.webui.keyword.WebUiBuiltInKeywords.click(WebUiBuiltInKeywords.groovy:620)
	at com.kms.katalon.core.webui.keyword.WebUiBuiltInKeywords$click$3.call(Unknown Source)
	at Script1642348802195.run(Script1642348802195.groovy:22)
	... 13 more
)
[[ATTACHMENT|C:\\Users\\Minh Duc\\Desktop\\Test-Automation-SE-Bonus\\Test Automation - SE Bonus\\Reports\\20220117_094624\\Run all test cases\\20220117_094624\\1642387842319.png]]]]></system-out>
         <system-err><![CDATA[2022-01-17 09:50:34 - [TEST_CASE][FAILED] - Test Cases/Admin Unenroll Student: Test Cases/Admin Unenroll Student FAILED.
Reason:
com.kms.katalon.core.exception.StepFailedException: Unable to click on object 'Object Repository/Page_Dashboard/span_Site home (2)'
	at com.kms.katalon.core.webui.keyword.internal.WebUIKeywordMain.stepFailed(WebUIKeywordMain.groovy:64)
	at com.kms.katalon.core.webui.keyword.internal.WebUIKeywordMain.runKeyword(WebUIKeywordMain.groovy:26)
	at com.kms.katalon.core.webui.keyword.builtin.ClickKeyword.click(ClickKeyword.groovy:74)
	at com.kms.katalon.core.webui.keyword.builtin.ClickKeyword.execute(ClickKeyword.groovy:40)
	at com.kms.katalon.core.keyword.internal.KeywordExecutor.executeKeywordForPlatform(KeywordExecutor.groovy:74)
	at com.kms.katalon.core.webui.keyword.WebUiBuiltInKeywords.click(WebUiBuiltInKeywords.groovy:620)
	at com.kms.katalon.core.webui.keyword.WebUiBuiltInKeywords$click$3.call(Unknown Source)
	at Admin Unenroll Student.run(Admin Unenroll Student:22)
	at com.kms.katalon.core.main.ScriptEngine.run(ScriptEngine.java:194)
	at com.kms.katalon.core.main.ScriptEngine.runScriptAsRawText(ScriptEngine.java:119)
	at com.kms.katalon.core.main.TestCaseExecutor.runScript(TestCaseExecutor.java:442)
	at com.kms.katalon.core.main.TestCaseExecutor.doExecute(TestCaseExecutor.java:433)
	at com.kms.katalon.core.main.TestCaseExecutor.processExecutionPhase(TestCaseExecutor.java:412)
	at com.kms.katalon.core.main.TestCaseExecutor.accessMainPhase(TestCaseExecutor.java:404)
	at com.kms.katalon.core.main.TestCaseExecutor.execute(TestCaseExecutor.java:281)
	at com.kms.katalon.core.main.TestSuiteExecutor.accessTestCaseMainPhase(TestSuiteExecutor.java:202)
	at com.kms.katalon.core.main.TestSuiteExecutor.accessTestSuiteMainPhase(TestSuiteExecutor.java:164)
	at com.kms.katalon.core.main.TestSuiteExecutor.execute(TestSuiteExecutor.java:105)
	at com.kms.katalon.core.main.TestCaseMain.startTestSuite(TestCaseMain.java:181)
	at com.kms.katalon.core.main.TestCaseMain$startTestSuite$0.call(Unknown Source)
	at TempTestSuite1642387584021.run(TempTestSuite1642387584021.groovy:36)
Caused by: org.openqa.selenium.ElementNotInteractableException: element not interactable
  (Session info: chrome=97.0.4692.71)
Build info: version: '3.141.59', revision: 'e82be7d358', time: '2018-11-14T08:25:53'
System info: host: 'MINHDUC', ip: '192.168.3.10', os.name: 'Windows 10', os.arch: 'amd64', os.version: '10.0', java.version: '1.8.0_282'
Driver info: com.kms.katalon.selenium.driver.CChromeDriver
Capabilities {acceptInsecureCerts: false, browserName: chrome, browserVersion: 97.0.4692.71, chrome: {chromedriverVersion: 97.0.4692.71 (adefa7837d02a..., userDataDir: C:\Users\MINHDU~1\AppData\L...}, goog:chromeOptions: {debuggerAddress: localhost:56761}, javascriptEnabled: true, networkConnectionEnabled: false, pageLoadStrategy: normal, platform: WINDOWS, platformName: WINDOWS, proxy: Proxy(), setWindowRect: true, strictFileInteractability: false, timeouts: {implicit: 0, pageLoad: 300000, script: 30000}, unhandledPromptBehavior: dismiss and notify, webauthn:extension:credBlob: true, webauthn:extension:largeBlob: true, webauthn:virtualAuthenticators: true}
Session ID: 0a1ca4cb110d6c938cf822305097103e
	at org.openqa.selenium.remote.http.W3CHttpResponseCodec.createException(W3CHttpResponseCodec.java:187)
	at org.openqa.selenium.remote.http.W3CHttpResponseCodec.decode(W3CHttpResponseCodec.java:122)
	at org.openqa.selenium.remote.http.W3CHttpResponseCodec.decode(W3CHttpResponseCodec.java:49)
	at org.openqa.selenium.remote.HttpCommandExecutor.execute(HttpCommandExecutor.java:158)
	at org.openqa.selenium.remote.service.DriverCommandExecutor.execute(DriverCommandExecutor.java:83)
	at org.openqa.selenium.remote.RemoteWebDriver.execute(RemoteWebDriver.java:552)
	at com.kms.katalon.selenium.driver.CChromeDriver.execute(CChromeDriver.java:19)
	at org.openqa.selenium.remote.RemoteWebElement.execute(RemoteWebElement.java:285)
	at org.openqa.selenium.remote.RemoteWebElement.click(RemoteWebElement.java:84)
	at org.openqa.selenium.support.events.EventFiringWebDriver$EventFiringWebElement.lambda$new$0(EventFiringWebDriver.java:404)
	at com.sun.proxy.$Proxy11.click(Unknown Source)
	at org.openqa.selenium.support.events.EventFiringWebDriver$EventFiringWebElement.click(EventFiringWebDriver.java:417)
	at org.openqa.selenium.WebElement$click.call(Unknown Source)
	at com.kms.katalon.core.webui.keyword.builtin.ClickKeyword.clickUntilSuccessWithTimeout(ClickKeyword.groovy:81)
	at com.kms.katalon.core.webui.keyword.builtin.ClickKeyword.clickUntilSuccessWithTimeout(ClickKeyword.groovy)
	at com.kms.katalon.core.webui.keyword.builtin.ClickKeyword$_click_closure1.doCall(ClickKeyword.groovy:67)
	at com.kms.katalon.core.webui.keyword.builtin.ClickKeyword$_click_closure1.call(ClickKeyword.groovy)
	at com.kms.katalon.core.webui.keyword.internal.WebUIKeywordMain.runKeyword(WebUIKeywordMain.groovy:20)
	... 19 more]]></system-err>
      </testcase>
      <testcase name="Test Cases/Admin Assign Course Teacher" time="7.639" classname="Test Cases/Admin Assign Course Teacher" status="FAILED">
         <failure type="FAILED" message="Test Cases/Admin Assign Course Teacher FAILED.
Reason:
com.kms.katalon.core.exception.StepFailedException: Unable to click on object 'Object Repository/Page_Dashboard/span_Site home (5)'
	at com.kms.katalon.core.webui.keyword.internal.WebUIKeywordMain.stepFailed(WebUIKeywordMain.groovy:64)
	at com.kms.katalon.core.webui.keyword.internal.WebUIKeywordMain.runKeyword(WebUIKeywordMain.groovy:26)
	at com.kms.katalon.core.webui.keyword.builtin.ClickKeyword.click(ClickKeyword.groovy:74)
	at com.kms.katalon.core.webui.keyword.builtin.ClickKeyword.execute(ClickKeyword.groovy:40)
	at com.kms.katalon.core.keyword.internal.KeywordExecutor.executeKeywordForPlatform(KeywordExecutor.groovy:74)
	at com.kms.katalon.core.webui.keyword.WebUiBuiltInKeywords.click(WebUiBuiltInKeywords.groovy:620)
	at com.kms.katalon.core.webui.keyword.WebUiBuiltInKeywords$click$3.call(Unknown Source)
	at Admin Assign Course Teacher.run(Admin Assign Course Teacher:22)
	at com.kms.katalon.core.main.ScriptEngine.run(ScriptEngine.java:194)
	at com.kms.katalon.core.main.ScriptEngine.runScriptAsRawText(ScriptEngine.java:119)
	at com.kms.katalon.core.main.TestCaseExecutor.runScript(TestCaseExecutor.java:442)
	at com.kms.katalon.core.main.TestCaseExecutor.doExecute(TestCaseExecutor.java:433)
	at com.kms.katalon.core.main.TestCaseExecutor.processExecutionPhase(TestCaseExecutor.java:412)
	at com.kms.katalon.core.main.TestCaseExecutor.accessMainPhase(TestCaseExecutor.java:404)
	at com.kms.katalon.core.main.TestCaseExecutor.execute(TestCaseExecutor.java:281)
	at com.kms.katalon.core.main.TestSuiteExecutor.accessTestCaseMainPhase(TestSuiteExecutor.java:202)
	at com.kms.katalon.core.main.TestSuiteExecutor.accessTestSuiteMainPhase(TestSuiteExecutor.java:164)
	at com.kms.katalon.core.main.TestSuiteExecutor.execute(TestSuiteExecutor.java:105)
	at com.kms.katalon.core.main.TestCaseMain.startTestSuite(TestCaseMain.java:181)
	at com.kms.katalon.core.main.TestCaseMain$startTestSuite$0.call(Unknown Source)
	at TempTestSuite1642387584021.run(TempTestSuite1642387584021.groovy:36)
Caused by: org.openqa.selenium.ElementNotInteractableException: element not interactable
  (Session info: chrome=97.0.4692.71)
Build info: version: '3.141.59', revision: 'e82be7d358', time: '2018-11-14T08:25:53'
System info: host: 'MINHDUC', ip: '192.168.3.10', os.name: 'Windows 10', os.arch: 'amd64', os.version: '10.0', java.version: '1.8.0_282'
Driver info: com.kms.katalon.selenium.driver.CChromeDriver
Capabilities {acceptInsecureCerts: false, browserName: chrome, browserVersion: 97.0.4692.71, chrome: {chromedriverVersion: 97.0.4692.71 (adefa7837d02a..., userDataDir: C:\Users\MINHDU~1\AppData\L...}, goog:chromeOptions: {debuggerAddress: localhost:56819}, javascriptEnabled: true, networkConnectionEnabled: false, pageLoadStrategy: normal, platform: WINDOWS, platformName: WINDOWS, proxy: Proxy(), setWindowRect: true, strictFileInteractability: false, timeouts: {implicit: 0, pageLoad: 300000, script: 30000}, unhandledPromptBehavior: dismiss and notify, webauthn:extension:credBlob: true, webauthn:extension:largeBlob: true, webauthn:virtualAuthenticators: true}
Session ID: 8b2cf834dbba62da24f9d34ed82e2b81
	at org.openqa.selenium.remote.http.W3CHttpResponseCodec.createException(W3CHttpResponseCodec.java:187)
	at org.openqa.selenium.remote.http.W3CHttpResponseCodec.decode(W3CHttpResponseCodec.java:122)
	at org.openqa.selenium.remote.http.W3CHttpResponseCodec.decode(W3CHttpResponseCodec.java:49)
	at org.openqa.selenium.remote.HttpCommandExecutor.execute(HttpCommandExecutor.java:158)
	at org.openqa.selenium.remote.service.DriverCommandExecutor.execute(DriverCommandExecutor.java:83)
	at org.openqa.selenium.remote.RemoteWebDriver.execute(RemoteWebDriver.java:552)
	at com.kms.katalon.selenium.driver.CChromeDriver.execute(CChromeDriver.java:19)
	at org.openqa.selenium.remote.RemoteWebElement.execute(RemoteWebElement.java:285)
	at org.openqa.selenium.remote.RemoteWebElement.click(RemoteWebElement.java:84)
	at org.openqa.selenium.support.events.EventFiringWebDriver$EventFiringWebElement.lambda$new$0(EventFiringWebDriver.java:404)
	at com.sun.proxy.$Proxy11.click(Unknown Source)
	at org.openqa.selenium.support.events.EventFiringWebDriver$EventFiringWebElement.click(EventFiringWebDriver.java:417)
	at org.openqa.selenium.WebElement$click.call(Unknown Source)
	at com.kms.katalon.core.webui.keyword.builtin.ClickKeyword.clickUntilSuccessWithTimeout(ClickKeyword.groovy:81)
	at com.kms.katalon.core.webui.keyword.builtin.ClickKeyword.clickUntilSuccessWithTimeout(ClickKeyword.groovy)
	at com.kms.katalon.core.webui.keyword.builtin.ClickKeyword$_click_closure1.doCall(ClickKeyword.groovy:67)
	at com.kms.katalon.core.webui.keyword.builtin.ClickKeyword$_click_closure1.call(ClickKeyword.groovy)
	at com.kms.katalon.core.webui.keyword.internal.WebUIKeywordMain.runKeyword(WebUIKeywordMain.groovy:20)
	... 19 more
"/>
         <system-out><![CDATA[2022-01-17 09:50:42 - [TEST_CASE][FAILED] - Test Cases/Admin Assign Course Teacher: Test Cases/Admin Assign Course Teacher FAILED.
Reason:
com.kms.katalon.core.exception.StepFailedException: Unable to click on object 'Object Repository/Page_Dashboard/span_Site home (5)'
	at com.kms.katalon.core.webui.keyword.internal.WebUIKeywordMain.stepFailed(WebUIKeywordMain.groovy:64)
	at com.kms.katalon.core.webui.keyword.internal.WebUIKeywordMain.runKeyword(WebUIKeywordMain.groovy:26)
	at com.kms.katalon.core.webui.keyword.builtin.ClickKeyword.click(ClickKeyword.groovy:74)
	at com.kms.katalon.core.webui.keyword.builtin.ClickKeyword.execute(ClickKeyword.groovy:40)
	at com.kms.katalon.core.keyword.internal.KeywordExecutor.executeKeywordForPlatform(KeywordExecutor.groovy:74)
	at com.kms.katalon.core.webui.keyword.WebUiBuiltInKeywords.click(WebUiBuiltInKeywords.groovy:620)
	at com.kms.katalon.core.webui.keyword.WebUiBuiltInKeywords$click$3.call(Unknown Source)
	at Admin Assign Course Teacher.run(Admin Assign Course Teacher:22)
	at com.kms.katalon.core.main.ScriptEngine.run(ScriptEngine.java:194)
	at com.kms.katalon.core.main.ScriptEngine.runScriptAsRawText(ScriptEngine.java:119)
	at com.kms.katalon.core.main.TestCaseExecutor.runScript(TestCaseExecutor.java:442)
	at com.kms.katalon.core.main.TestCaseExecutor.doExecute(TestCaseExecutor.java:433)
	at com.kms.katalon.core.main.TestCaseExecutor.processExecutionPhase(TestCaseExecutor.java:412)
	at com.kms.katalon.core.main.TestCaseExecutor.accessMainPhase(TestCaseExecutor.java:404)
	at com.kms.katalon.core.main.TestCaseExecutor.execute(TestCaseExecutor.java:281)
	at com.kms.katalon.core.main.TestSuiteExecutor.accessTestCaseMainPhase(TestSuiteExecutor.java:202)
	at com.kms.katalon.core.main.TestSuiteExecutor.accessTestSuiteMainPhase(TestSuiteExecutor.java:164)
	at com.kms.katalon.core.main.TestSuiteExecutor.execute(TestSuiteExecutor.java:105)
	at com.kms.katalon.core.main.TestCaseMain.startTestSuite(TestCaseMain.java:181)
	at com.kms.katalon.core.main.TestCaseMain$startTestSuite$0.call(Unknown Source)
	at TempTestSuite1642387584021.run(TempTestSuite1642387584021.groovy:36)
Caused by: org.openqa.selenium.ElementNotInteractableException: element not interactable
  (Session info: chrome=97.0.4692.71)
Build info: version: '3.141.59', revision: 'e82be7d358', time: '2018-11-14T08:25:53'
System info: host: 'MINHDUC', ip: '192.168.3.10', os.name: 'Windows 10', os.arch: 'amd64', os.version: '10.0', java.version: '1.8.0_282'
Driver info: com.kms.katalon.selenium.driver.CChromeDriver
Capabilities {acceptInsecureCerts: false, browserName: chrome, browserVersion: 97.0.4692.71, chrome: {chromedriverVersion: 97.0.4692.71 (adefa7837d02a..., userDataDir: C:\Users\MINHDU~1\AppData\L...}, goog:chromeOptions: {debuggerAddress: localhost:56819}, javascriptEnabled: true, networkConnectionEnabled: false, pageLoadStrategy: normal, platform: WINDOWS, platformName: WINDOWS, proxy: Proxy(), setWindowRect: true, strictFileInteractability: false, timeouts: {implicit: 0, pageLoad: 300000, script: 30000}, unhandledPromptBehavior: dismiss and notify, webauthn:extension:credBlob: true, webauthn:extension:largeBlob: true, webauthn:virtualAuthenticators: true}
Session ID: 8b2cf834dbba62da24f9d34ed82e2b81
	at org.openqa.selenium.remote.http.W3CHttpResponseCodec.createException(W3CHttpResponseCodec.java:187)
	at org.openqa.selenium.remote.http.W3CHttpResponseCodec.decode(W3CHttpResponseCodec.java:122)
	at org.openqa.selenium.remote.http.W3CHttpResponseCodec.decode(W3CHttpResponseCodec.java:49)
	at org.openqa.selenium.remote.HttpCommandExecutor.execute(HttpCommandExecutor.java:158)
	at org.openqa.selenium.remote.service.DriverCommandExecutor.execute(DriverCommandExecutor.java:83)
	at org.openqa.selenium.remote.RemoteWebDriver.execute(RemoteWebDriver.java:552)
	at com.kms.katalon.selenium.driver.CChromeDriver.execute(CChromeDriver.java:19)
	at org.openqa.selenium.remote.RemoteWebElement.execute(RemoteWebElement.java:285)
	at org.openqa.selenium.remote.RemoteWebElement.click(RemoteWebElement.java:84)
	at org.openqa.selenium.support.events.EventFiringWebDriver$EventFiringWebElement.lambda$new$0(EventFiringWebDriver.java:404)
	at com.sun.proxy.$Proxy11.click(Unknown Source)
	at org.openqa.selenium.support.events.EventFiringWebDriver$EventFiringWebElement.click(EventFiringWebDriver.java:417)
	at org.openqa.selenium.WebElement$click.call(Unknown Source)
	at com.kms.katalon.core.webui.keyword.builtin.ClickKeyword.clickUntilSuccessWithTimeout(ClickKeyword.groovy:81)
	at com.kms.katalon.core.webui.keyword.builtin.ClickKeyword.clickUntilSuccessWithTimeout(ClickKeyword.groovy)
	at com.kms.katalon.core.webui.keyword.builtin.ClickKeyword$_click_closure1.doCall(ClickKeyword.groovy:67)
	at com.kms.katalon.core.webui.keyword.builtin.ClickKeyword$_click_closure1.call(ClickKeyword.groovy)
	at com.kms.katalon.core.webui.keyword.internal.WebUIKeywordMain.runKeyword(WebUIKeywordMain.groovy:20)
	... 19 more


2022-01-17 09:50:42 - [TEST_STEP][PASSED] - callTestCase(findTestCase("Admin Login"), [:], STOP_ON_FAILURE): Call Test Case 'Test Cases/Admin Login' successfully

2022-01-17 09:50:42 - [TEST_CASE][PASSED] - Test Cases/Admin Login: Test Cases/Admin Login

2022-01-17 09:50:42 - [TEST_STEP][PASSED] - openBrowser(""): Browser is opened with url: ''

2022-01-17 09:50:42 - [MESSAGE][WARNING] - A browser is already opened. Closing browser and opening a new one

2022-01-17 09:50:43 - [MESSAGE][INFO] - Starting 'Chrome' driver

2022-01-17 09:50:43 - [MESSAGE][INFO] - Action delay is set to 0 milliseconds

2022-01-17 09:50:44 - [MESSAGE][PASSED] - Browser is opened with url: ''

2022-01-17 09:50:44 - [TEST_STEP][PASSED] - navigateToUrl("http://localhost/moodle/login/index.php"): Navigate to 'http://localhost/moodle/login/index.php' successfully

2022-01-17 09:50:45 - [MESSAGE][PASSED] - Navigate to 'http://localhost/moodle/login/index.php' successfully

2022-01-17 09:50:45 - [TEST_STEP][PASSED] - setText(findTestObject("Object Repository/Page_Moodle Log in to the site/input_Username_username"), "admin"): Text 'admin' is set on object 'Object Repository/Page_Moodle Log in to the site/input_Username_username'

2022-01-17 09:50:46 - [MESSAGE][PASSED] - Text 'admin' is set on object 'Object Repository/Page_Moodle Log in to the site/input_Username_username'

2022-01-17 09:50:46 - [TEST_STEP][PASSED] - setEncryptedText(findTestObject("Object Repository/Page_Moodle Log in to the site/input_Password_password"), "8JanWqnBZBo6yBKKrpSnpw=="): Text ****** has been set on object 'Object Repository/Page_Moodle Log in to the site/input_Password_password'

2022-01-17 09:50:46 - [MESSAGE][PASSED] - Text ****** has been set on object 'Object Repository/Page_Moodle Log in to the site/input_Password_password'

2022-01-17 09:50:46 - [TEST_STEP][PASSED] - click(findTestObject("Object Repository/Page_Moodle Log in to the site/button_Log in")): Object: 'Object Repository/Page_Moodle Log in to the site/button_Log in' is clicked on

2022-01-17 09:50:48 - [MESSAGE][PASSED] - Object: 'Object Repository/Page_Moodle Log in to the site/button_Log in' is clicked on

2022-01-17 09:50:48 - [MESSAGE][PASSED] - Call Test Case 'Test Cases/Admin Login' successfully

2022-01-17 09:50:48 - [TEST_STEP][FAILED] - click(findTestObject("Object Repository/Page_Dashboard/span_Site home (5)")): Unable to click on object 'Object Repository/Page_Dashboard/span_Site home (5)' (Root cause: com.kms.katalon.core.exception.StepFailedException: Unable to click on object 'Object Repository/Page_Dashboard/span_Site home (5)'
	at com.kms.katalon.core.webui.keyword.internal.WebUIKeywordMain.stepFailed(WebUIKeywordMain.groovy:64)
	at com.kms.katalon.core.webui.keyword.internal.WebUIKeywordMain.runKeyword(WebUIKeywordMain.groovy:26)
	at com.kms.katalon.core.webui.keyword.builtin.ClickKeyword.click(ClickKeyword.groovy:74)
	at com.kms.katalon.core.webui.keyword.builtin.ClickKeyword.execute(ClickKeyword.groovy:40)
	at com.kms.katalon.core.keyword.internal.KeywordExecutor.executeKeywordForPlatform(KeywordExecutor.groovy:74)
	at com.kms.katalon.core.webui.keyword.WebUiBuiltInKeywords.click(WebUiBuiltInKeywords.groovy:620)
	at com.kms.katalon.core.webui.keyword.WebUiBuiltInKeywords$click$3.call(Unknown Source)
	at Admin Assign Course Teacher.run(Admin Assign Course Teacher:22)
	at com.kms.katalon.core.main.ScriptEngine.run(ScriptEngine.java:194)
	at com.kms.katalon.core.main.ScriptEngine.runScriptAsRawText(ScriptEngine.java:119)
	at com.kms.katalon.core.main.TestCaseExecutor.runScript(TestCaseExecutor.java:442)
	at com.kms.katalon.core.main.TestCaseExecutor.doExecute(TestCaseExecutor.java:433)
	at com.kms.katalon.core.main.TestCaseExecutor.processExecutionPhase(TestCaseExecutor.java:412)
	at com.kms.katalon.core.main.TestCaseExecutor.accessMainPhase(TestCaseExecutor.java:404)
	at com.kms.katalon.core.main.TestCaseExecutor.execute(TestCaseExecutor.java:281)
	at com.kms.katalon.core.main.TestSuiteExecutor.accessTestCaseMainPhase(TestSuiteExecutor.java:202)
	at com.kms.katalon.core.main.TestSuiteExecutor.accessTestSuiteMainPhase(TestSuiteExecutor.java:164)
	at com.kms.katalon.core.main.TestSuiteExecutor.execute(TestSuiteExecutor.java:105)
	at com.kms.katalon.core.main.TestCaseMain.startTestSuite(TestCaseMain.java:181)
	at com.kms.katalon.core.main.TestCaseMain$startTestSuite$0.call(Unknown Source)
	at TempTestSuite1642387584021.run(TempTestSuite1642387584021.groovy:36)
Caused by: org.openqa.selenium.ElementNotInteractableException: element not interactable
  (Session info: chrome=97.0.4692.71)
Build info: version: '3.141.59', revision: 'e82be7d358', time: '2018-11-14T08:25:53'
System info: host: 'MINHDUC', ip: '192.168.3.10', os.name: 'Windows 10', os.arch: 'amd64', os.version: '10.0', java.version: '1.8.0_282'
Driver info: com.kms.katalon.selenium.driver.CChromeDriver
Capabilities {acceptInsecureCerts: false, browserName: chrome, browserVersion: 97.0.4692.71, chrome: {chromedriverVersion: 97.0.4692.71 (adefa7837d02a..., userDataDir: C:\Users\MINHDU~1\AppData\L...}, goog:chromeOptions: {debuggerAddress: localhost:56819}, javascriptEnabled: true, networkConnectionEnabled: false, pageLoadStrategy: normal, platform: WINDOWS, platformName: WINDOWS, proxy: Proxy(), setWindowRect: true, strictFileInteractability: false, timeouts: {implicit: 0, pageLoad: 300000, script: 30000}, unhandledPromptBehavior: dismiss and notify, webauthn:extension:credBlob: true, webauthn:extension:largeBlob: true, webauthn:virtualAuthenticators: true}
Session ID: 8b2cf834dbba62da24f9d34ed82e2b81
	at org.openqa.selenium.remote.http.W3CHttpResponseCodec.createException(W3CHttpResponseCodec.java:187)
	at org.openqa.selenium.remote.http.W3CHttpResponseCodec.decode(W3CHttpResponseCodec.java:122)
	at org.openqa.selenium.remote.http.W3CHttpResponseCodec.decode(W3CHttpResponseCodec.java:49)
	at org.openqa.selenium.remote.HttpCommandExecutor.execute(HttpCommandExecutor.java:158)
	at org.openqa.selenium.remote.service.DriverCommandExecutor.execute(DriverCommandExecutor.java:83)
	at org.openqa.selenium.remote.RemoteWebDriver.execute(RemoteWebDriver.java:552)
	at com.kms.katalon.selenium.driver.CChromeDriver.execute(CChromeDriver.java:19)
	at org.openqa.selenium.remote.RemoteWebElement.execute(RemoteWebElement.java:285)
	at org.openqa.selenium.remote.RemoteWebElement.click(RemoteWebElement.java:84)
	at org.openqa.selenium.support.events.EventFiringWebDriver$EventFiringWebElement.lambda$new$0(EventFiringWebDriver.java:404)
	at com.sun.proxy.$Proxy11.click(Unknown Source)
	at org.openqa.selenium.support.events.EventFiringWebDriver$EventFiringWebElement.click(EventFiringWebDriver.java:417)
	at org.openqa.selenium.WebElement$click.call(Unknown Source)
	at com.kms.katalon.core.webui.keyword.builtin.ClickKeyword.clickUntilSuccessWithTimeout(ClickKeyword.groovy:81)
	at com.kms.katalon.core.webui.keyword.builtin.ClickKeyword.clickUntilSuccessWithTimeout(ClickKeyword.groovy)
	at com.kms.katalon.core.webui.keyword.builtin.ClickKeyword$_click_closure1.doCall(ClickKeyword.groovy:67)
	at com.kms.katalon.core.webui.keyword.builtin.ClickKeyword$_click_closure1.call(ClickKeyword.groovy)
	at com.kms.katalon.core.webui.keyword.internal.WebUIKeywordMain.runKeyword(WebUIKeywordMain.groovy:20)
	at com.kms.katalon.core.webui.keyword.builtin.ClickKeyword.click(ClickKeyword.groovy:74)
	at com.kms.katalon.core.webui.keyword.builtin.ClickKeyword.execute(ClickKeyword.groovy:40)
	at com.kms.katalon.core.keyword.internal.KeywordExecutor.executeKeywordForPlatform(KeywordExecutor.groovy:74)
	at com.kms.katalon.core.webui.keyword.WebUiBuiltInKeywords.click(WebUiBuiltInKeywords.groovy:620)
	at com.kms.katalon.core.webui.keyword.WebUiBuiltInKeywords$click$3.call(Unknown Source)
	at Script1642351698759.run(Script1642351698759.groovy:22)
	... 13 more
)

2022-01-17 09:50:50 - [MESSAGE][FAILED] - Unable to click on object 'Object Repository/Page_Dashboard/span_Site home (5)' (Root cause: com.kms.katalon.core.exception.StepFailedException: Unable to click on object 'Object Repository/Page_Dashboard/span_Site home (5)'
	at com.kms.katalon.core.webui.keyword.internal.WebUIKeywordMain.stepFailed(WebUIKeywordMain.groovy:64)
	at com.kms.katalon.core.webui.keyword.internal.WebUIKeywordMain.runKeyword(WebUIKeywordMain.groovy:26)
	at com.kms.katalon.core.webui.keyword.builtin.ClickKeyword.click(ClickKeyword.groovy:74)
	at com.kms.katalon.core.webui.keyword.builtin.ClickKeyword.execute(ClickKeyword.groovy:40)
	at com.kms.katalon.core.keyword.internal.KeywordExecutor.executeKeywordForPlatform(KeywordExecutor.groovy:74)
	at com.kms.katalon.core.webui.keyword.WebUiBuiltInKeywords.click(WebUiBuiltInKeywords.groovy:620)
	at com.kms.katalon.core.webui.keyword.WebUiBuiltInKeywords$click$3.call(Unknown Source)
	at Admin Assign Course Teacher.run(Admin Assign Course Teacher:22)
	at com.kms.katalon.core.main.ScriptEngine.run(ScriptEngine.java:194)
	at com.kms.katalon.core.main.ScriptEngine.runScriptAsRawText(ScriptEngine.java:119)
	at com.kms.katalon.core.main.TestCaseExecutor.runScript(TestCaseExecutor.java:442)
	at com.kms.katalon.core.main.TestCaseExecutor.doExecute(TestCaseExecutor.java:433)
	at com.kms.katalon.core.main.TestCaseExecutor.processExecutionPhase(TestCaseExecutor.java:412)
	at com.kms.katalon.core.main.TestCaseExecutor.accessMainPhase(TestCaseExecutor.java:404)
	at com.kms.katalon.core.main.TestCaseExecutor.execute(TestCaseExecutor.java:281)
	at com.kms.katalon.core.main.TestSuiteExecutor.accessTestCaseMainPhase(TestSuiteExecutor.java:202)
	at com.kms.katalon.core.main.TestSuiteExecutor.accessTestSuiteMainPhase(TestSuiteExecutor.java:164)
	at com.kms.katalon.core.main.TestSuiteExecutor.execute(TestSuiteExecutor.java:105)
	at com.kms.katalon.core.main.TestCaseMain.startTestSuite(TestCaseMain.java:181)
	at com.kms.katalon.core.main.TestCaseMain$startTestSuite$0.call(Unknown Source)
	at TempTestSuite1642387584021.run(TempTestSuite1642387584021.groovy:36)
Caused by: org.openqa.selenium.ElementNotInteractableException: element not interactable
  (Session info: chrome=97.0.4692.71)
Build info: version: '3.141.59', revision: 'e82be7d358', time: '2018-11-14T08:25:53'
System info: host: 'MINHDUC', ip: '192.168.3.10', os.name: 'Windows 10', os.arch: 'amd64', os.version: '10.0', java.version: '1.8.0_282'
Driver info: com.kms.katalon.selenium.driver.CChromeDriver
Capabilities {acceptInsecureCerts: false, browserName: chrome, browserVersion: 97.0.4692.71, chrome: {chromedriverVersion: 97.0.4692.71 (adefa7837d02a..., userDataDir: C:\Users\MINHDU~1\AppData\L...}, goog:chromeOptions: {debuggerAddress: localhost:56819}, javascriptEnabled: true, networkConnectionEnabled: false, pageLoadStrategy: normal, platform: WINDOWS, platformName: WINDOWS, proxy: Proxy(), setWindowRect: true, strictFileInteractability: false, timeouts: {implicit: 0, pageLoad: 300000, script: 30000}, unhandledPromptBehavior: dismiss and notify, webauthn:extension:credBlob: true, webauthn:extension:largeBlob: true, webauthn:virtualAuthenticators: true}
Session ID: 8b2cf834dbba62da24f9d34ed82e2b81
	at org.openqa.selenium.remote.http.W3CHttpResponseCodec.createException(W3CHttpResponseCodec.java:187)
	at org.openqa.selenium.remote.http.W3CHttpResponseCodec.decode(W3CHttpResponseCodec.java:122)
	at org.openqa.selenium.remote.http.W3CHttpResponseCodec.decode(W3CHttpResponseCodec.java:49)
	at org.openqa.selenium.remote.HttpCommandExecutor.execute(HttpCommandExecutor.java:158)
	at org.openqa.selenium.remote.service.DriverCommandExecutor.execute(DriverCommandExecutor.java:83)
	at org.openqa.selenium.remote.RemoteWebDriver.execute(RemoteWebDriver.java:552)
	at com.kms.katalon.selenium.driver.CChromeDriver.execute(CChromeDriver.java:19)
	at org.openqa.selenium.remote.RemoteWebElement.execute(RemoteWebElement.java:285)
	at org.openqa.selenium.remote.RemoteWebElement.click(RemoteWebElement.java:84)
	at org.openqa.selenium.support.events.EventFiringWebDriver$EventFiringWebElement.lambda$new$0(EventFiringWebDriver.java:404)
	at com.sun.proxy.$Proxy11.click(Unknown Source)
	at org.openqa.selenium.support.events.EventFiringWebDriver$EventFiringWebElement.click(EventFiringWebDriver.java:417)
	at org.openqa.selenium.WebElement$click.call(Unknown Source)
	at com.kms.katalon.core.webui.keyword.builtin.ClickKeyword.clickUntilSuccessWithTimeout(ClickKeyword.groovy:81)
	at com.kms.katalon.core.webui.keyword.builtin.ClickKeyword.clickUntilSuccessWithTimeout(ClickKeyword.groovy)
	at com.kms.katalon.core.webui.keyword.builtin.ClickKeyword$_click_closure1.doCall(ClickKeyword.groovy:67)
	at com.kms.katalon.core.webui.keyword.builtin.ClickKeyword$_click_closure1.call(ClickKeyword.groovy)
	at com.kms.katalon.core.webui.keyword.internal.WebUIKeywordMain.runKeyword(WebUIKeywordMain.groovy:20)
	at com.kms.katalon.core.webui.keyword.builtin.ClickKeyword.click(ClickKeyword.groovy:74)
	at com.kms.katalon.core.webui.keyword.builtin.ClickKeyword.execute(ClickKeyword.groovy:40)
	at com.kms.katalon.core.keyword.internal.KeywordExecutor.executeKeywordForPlatform(KeywordExecutor.groovy:74)
	at com.kms.katalon.core.webui.keyword.WebUiBuiltInKeywords.click(WebUiBuiltInKeywords.groovy:620)
	at com.kms.katalon.core.webui.keyword.WebUiBuiltInKeywords$click$3.call(Unknown Source)
	at Script1642351698759.run(Script1642351698759.groovy:22)
	... 13 more
)
[[ATTACHMENT|C:\\Users\\Minh Duc\\Desktop\\Test-Automation-SE-Bonus\\Test Automation - SE Bonus\\Reports\\20220117_094624\\Run all test cases\\20220117_094624\\1642387849999.png]]]]></system-out>
         <system-err><![CDATA[2022-01-17 09:50:42 - [TEST_CASE][FAILED] - Test Cases/Admin Assign Course Teacher: Test Cases/Admin Assign Course Teacher FAILED.
Reason:
com.kms.katalon.core.exception.StepFailedException: Unable to click on object 'Object Repository/Page_Dashboard/span_Site home (5)'
	at com.kms.katalon.core.webui.keyword.internal.WebUIKeywordMain.stepFailed(WebUIKeywordMain.groovy:64)
	at com.kms.katalon.core.webui.keyword.internal.WebUIKeywordMain.runKeyword(WebUIKeywordMain.groovy:26)
	at com.kms.katalon.core.webui.keyword.builtin.ClickKeyword.click(ClickKeyword.groovy:74)
	at com.kms.katalon.core.webui.keyword.builtin.ClickKeyword.execute(ClickKeyword.groovy:40)
	at com.kms.katalon.core.keyword.internal.KeywordExecutor.executeKeywordForPlatform(KeywordExecutor.groovy:74)
	at com.kms.katalon.core.webui.keyword.WebUiBuiltInKeywords.click(WebUiBuiltInKeywords.groovy:620)
	at com.kms.katalon.core.webui.keyword.WebUiBuiltInKeywords$click$3.call(Unknown Source)
	at Admin Assign Course Teacher.run(Admin Assign Course Teacher:22)
	at com.kms.katalon.core.main.ScriptEngine.run(ScriptEngine.java:194)
	at com.kms.katalon.core.main.ScriptEngine.runScriptAsRawText(ScriptEngine.java:119)
	at com.kms.katalon.core.main.TestCaseExecutor.runScript(TestCaseExecutor.java:442)
	at com.kms.katalon.core.main.TestCaseExecutor.doExecute(TestCaseExecutor.java:433)
	at com.kms.katalon.core.main.TestCaseExecutor.processExecutionPhase(TestCaseExecutor.java:412)
	at com.kms.katalon.core.main.TestCaseExecutor.accessMainPhase(TestCaseExecutor.java:404)
	at com.kms.katalon.core.main.TestCaseExecutor.execute(TestCaseExecutor.java:281)
	at com.kms.katalon.core.main.TestSuiteExecutor.accessTestCaseMainPhase(TestSuiteExecutor.java:202)
	at com.kms.katalon.core.main.TestSuiteExecutor.accessTestSuiteMainPhase(TestSuiteExecutor.java:164)
	at com.kms.katalon.core.main.TestSuiteExecutor.execute(TestSuiteExecutor.java:105)
	at com.kms.katalon.core.main.TestCaseMain.startTestSuite(TestCaseMain.java:181)
	at com.kms.katalon.core.main.TestCaseMain$startTestSuite$0.call(Unknown Source)
	at TempTestSuite1642387584021.run(TempTestSuite1642387584021.groovy:36)
Caused by: org.openqa.selenium.ElementNotInteractableException: element not interactable
  (Session info: chrome=97.0.4692.71)
Build info: version: '3.141.59', revision: 'e82be7d358', time: '2018-11-14T08:25:53'
System info: host: 'MINHDUC', ip: '192.168.3.10', os.name: 'Windows 10', os.arch: 'amd64', os.version: '10.0', java.version: '1.8.0_282'
Driver info: com.kms.katalon.selenium.driver.CChromeDriver
Capabilities {acceptInsecureCerts: false, browserName: chrome, browserVersion: 97.0.4692.71, chrome: {chromedriverVersion: 97.0.4692.71 (adefa7837d02a..., userDataDir: C:\Users\MINHDU~1\AppData\L...}, goog:chromeOptions: {debuggerAddress: localhost:56819}, javascriptEnabled: true, networkConnectionEnabled: false, pageLoadStrategy: normal, platform: WINDOWS, platformName: WINDOWS, proxy: Proxy(), setWindowRect: true, strictFileInteractability: false, timeouts: {implicit: 0, pageLoad: 300000, script: 30000}, unhandledPromptBehavior: dismiss and notify, webauthn:extension:credBlob: true, webauthn:extension:largeBlob: true, webauthn:virtualAuthenticators: true}
Session ID: 8b2cf834dbba62da24f9d34ed82e2b81
	at org.openqa.selenium.remote.http.W3CHttpResponseCodec.createException(W3CHttpResponseCodec.java:187)
	at org.openqa.selenium.remote.http.W3CHttpResponseCodec.decode(W3CHttpResponseCodec.java:122)
	at org.openqa.selenium.remote.http.W3CHttpResponseCodec.decode(W3CHttpResponseCodec.java:49)
	at org.openqa.selenium.remote.HttpCommandExecutor.execute(HttpCommandExecutor.java:158)
	at org.openqa.selenium.remote.service.DriverCommandExecutor.execute(DriverCommandExecutor.java:83)
	at org.openqa.selenium.remote.RemoteWebDriver.execute(RemoteWebDriver.java:552)
	at com.kms.katalon.selenium.driver.CChromeDriver.execute(CChromeDriver.java:19)
	at org.openqa.selenium.remote.RemoteWebElement.execute(RemoteWebElement.java:285)
	at org.openqa.selenium.remote.RemoteWebElement.click(RemoteWebElement.java:84)
	at org.openqa.selenium.support.events.EventFiringWebDriver$EventFiringWebElement.lambda$new$0(EventFiringWebDriver.java:404)
	at com.sun.proxy.$Proxy11.click(Unknown Source)
	at org.openqa.selenium.support.events.EventFiringWebDriver$EventFiringWebElement.click(EventFiringWebDriver.java:417)
	at org.openqa.selenium.WebElement$click.call(Unknown Source)
	at com.kms.katalon.core.webui.keyword.builtin.ClickKeyword.clickUntilSuccessWithTimeout(ClickKeyword.groovy:81)
	at com.kms.katalon.core.webui.keyword.builtin.ClickKeyword.clickUntilSuccessWithTimeout(ClickKeyword.groovy)
	at com.kms.katalon.core.webui.keyword.builtin.ClickKeyword$_click_closure1.doCall(ClickKeyword.groovy:67)
	at com.kms.katalon.core.webui.keyword.builtin.ClickKeyword$_click_closure1.call(ClickKeyword.groovy)
	at com.kms.katalon.core.webui.keyword.internal.WebUIKeywordMain.runKeyword(WebUIKeywordMain.groovy:20)
	... 19 more]]></system-err>
      </testcase>
      <testcase name="Test Cases/Admin Remove Course Teacher" time="15.172" classname="Test Cases/Admin Remove Course Teacher" status="FAILED">
         <failure type="FAILED" message="Test Cases/Admin Remove Course Teacher FAILED.
Reason:
com.kms.katalon.core.exception.StepFailedException: Unable to select option by value '2' of object 'Object Repository/Page_Assign role Teacher in Course New Cour_04a7a0/select_c H (hongocminhducgmail.com)'  using regular expression
	at com.kms.katalon.core.webui.keyword.internal.WebUIKeywordMain.stepFailed(WebUIKeywordMain.groovy:64)
	at com.kms.katalon.core.webui.keyword.internal.WebUIKeywordMain.runKeyword(WebUIKeywordMain.groovy:26)
	at com.kms.katalon.core.webui.keyword.builtin.SelectOptionByValueKeyword.selectOptionByValue(SelectOptionByValueKeyword.groovy:99)
	at com.kms.katalon.core.webui.keyword.builtin.SelectOptionByValueKeyword.execute(SelectOptionByValueKeyword.groovy:71)
	at com.kms.katalon.core.keyword.internal.KeywordExecutor.executeKeywordForPlatform(KeywordExecutor.groovy:74)
	at com.kms.katalon.core.webui.keyword.WebUiBuiltInKeywords.selectOptionByValue(WebUiBuiltInKeywords.groovy:1168)
	at com.kms.katalon.core.webui.keyword.WebUiBuiltInKeywords$selectOptionByValue$4.call(Unknown Source)
	at Admin Remove Course Teacher.run(Admin Remove Course Teacher:38)
	at com.kms.katalon.core.main.ScriptEngine.run(ScriptEngine.java:194)
	at com.kms.katalon.core.main.ScriptEngine.runScriptAsRawText(ScriptEngine.java:119)
	at com.kms.katalon.core.main.TestCaseExecutor.runScript(TestCaseExecutor.java:442)
	at com.kms.katalon.core.main.TestCaseExecutor.doExecute(TestCaseExecutor.java:433)
	at com.kms.katalon.core.main.TestCaseExecutor.processExecutionPhase(TestCaseExecutor.java:412)
	at com.kms.katalon.core.main.TestCaseExecutor.accessMainPhase(TestCaseExecutor.java:404)
	at com.kms.katalon.core.main.TestCaseExecutor.execute(TestCaseExecutor.java:281)
	at com.kms.katalon.core.main.TestSuiteExecutor.accessTestCaseMainPhase(TestSuiteExecutor.java:202)
	at com.kms.katalon.core.main.TestSuiteExecutor.accessTestSuiteMainPhase(TestSuiteExecutor.java:164)
	at com.kms.katalon.core.main.TestSuiteExecutor.execute(TestSuiteExecutor.java:105)
	at com.kms.katalon.core.main.TestCaseMain.startTestSuite(TestCaseMain.java:181)
	at com.kms.katalon.core.main.TestCaseMain$startTestSuite$0.call(Unknown Source)
	at TempTestSuite1642387584021.run(TempTestSuite1642387584021.groovy:36)
Caused by: com.kms.katalon.core.exception.StepFailedException: No option matched.
	at com.kms.katalon.core.keyword.internal.KeywordMain.stepFailed(KeywordMain.groovy:50)
	at com.kms.katalon.core.keyword.internal.KeywordMain.stepFailed(KeywordMain.groovy)
	at com.kms.katalon.core.keyword.internal.KeywordMain.stepFailed(KeywordMain.groovy:23)
	at com.kms.katalon.core.webui.keyword.builtin.SelectOptionByValueKeyword$_selectOptionByValue_closure1.doCall(SelectOptionByValueKeyword.groovy:92)
	at com.kms.katalon.core.webui.keyword.builtin.SelectOptionByValueKeyword$_selectOptionByValue_closure1.call(SelectOptionByValueKeyword.groovy)
	at com.kms.katalon.core.webui.keyword.internal.WebUIKeywordMain.runKeyword(WebUIKeywordMain.groovy:20)
	... 19 more
"/>
         <system-out><![CDATA[2022-01-17 09:50:50 - [TEST_CASE][FAILED] - Test Cases/Admin Remove Course Teacher: Test Cases/Admin Remove Course Teacher FAILED.
Reason:
com.kms.katalon.core.exception.StepFailedException: Unable to select option by value '2' of object 'Object Repository/Page_Assign role Teacher in Course New Cour_04a7a0/select_c H (hongocminhducgmail.com)'  using regular expression
	at com.kms.katalon.core.webui.keyword.internal.WebUIKeywordMain.stepFailed(WebUIKeywordMain.groovy:64)
	at com.kms.katalon.core.webui.keyword.internal.WebUIKeywordMain.runKeyword(WebUIKeywordMain.groovy:26)
	at com.kms.katalon.core.webui.keyword.builtin.SelectOptionByValueKeyword.selectOptionByValue(SelectOptionByValueKeyword.groovy:99)
	at com.kms.katalon.core.webui.keyword.builtin.SelectOptionByValueKeyword.execute(SelectOptionByValueKeyword.groovy:71)
	at com.kms.katalon.core.keyword.internal.KeywordExecutor.executeKeywordForPlatform(KeywordExecutor.groovy:74)
	at com.kms.katalon.core.webui.keyword.WebUiBuiltInKeywords.selectOptionByValue(WebUiBuiltInKeywords.groovy:1168)
	at com.kms.katalon.core.webui.keyword.WebUiBuiltInKeywords$selectOptionByValue$4.call(Unknown Source)
	at Admin Remove Course Teacher.run(Admin Remove Course Teacher:38)
	at com.kms.katalon.core.main.ScriptEngine.run(ScriptEngine.java:194)
	at com.kms.katalon.core.main.ScriptEngine.runScriptAsRawText(ScriptEngine.java:119)
	at com.kms.katalon.core.main.TestCaseExecutor.runScript(TestCaseExecutor.java:442)
	at com.kms.katalon.core.main.TestCaseExecutor.doExecute(TestCaseExecutor.java:433)
	at com.kms.katalon.core.main.TestCaseExecutor.processExecutionPhase(TestCaseExecutor.java:412)
	at com.kms.katalon.core.main.TestCaseExecutor.accessMainPhase(TestCaseExecutor.java:404)
	at com.kms.katalon.core.main.TestCaseExecutor.execute(TestCaseExecutor.java:281)
	at com.kms.katalon.core.main.TestSuiteExecutor.accessTestCaseMainPhase(TestSuiteExecutor.java:202)
	at com.kms.katalon.core.main.TestSuiteExecutor.accessTestSuiteMainPhase(TestSuiteExecutor.java:164)
	at com.kms.katalon.core.main.TestSuiteExecutor.execute(TestSuiteExecutor.java:105)
	at com.kms.katalon.core.main.TestCaseMain.startTestSuite(TestCaseMain.java:181)
	at com.kms.katalon.core.main.TestCaseMain$startTestSuite$0.call(Unknown Source)
	at TempTestSuite1642387584021.run(TempTestSuite1642387584021.groovy:36)
Caused by: com.kms.katalon.core.exception.StepFailedException: No option matched.
	at com.kms.katalon.core.keyword.internal.KeywordMain.stepFailed(KeywordMain.groovy:50)
	at com.kms.katalon.core.keyword.internal.KeywordMain.stepFailed(KeywordMain.groovy)
	at com.kms.katalon.core.keyword.internal.KeywordMain.stepFailed(KeywordMain.groovy:23)
	at com.kms.katalon.core.webui.keyword.builtin.SelectOptionByValueKeyword$_selectOptionByValue_closure1.doCall(SelectOptionByValueKeyword.groovy:92)
	at com.kms.katalon.core.webui.keyword.builtin.SelectOptionByValueKeyword$_selectOptionByValue_closure1.call(SelectOptionByValueKeyword.groovy)
	at com.kms.katalon.core.webui.keyword.internal.WebUIKeywordMain.runKeyword(WebUIKeywordMain.groovy:20)
	... 19 more


2022-01-17 09:50:50 - [TEST_STEP][PASSED] - callTestCase(findTestCase("Admin Login"), [:], STOP_ON_FAILURE): Call Test Case 'Test Cases/Admin Login' successfully

2022-01-17 09:50:50 - [TEST_CASE][PASSED] - Test Cases/Admin Login: Test Cases/Admin Login

2022-01-17 09:50:50 - [TEST_STEP][PASSED] - openBrowser(""): Browser is opened with url: ''

2022-01-17 09:50:50 - [MESSAGE][WARNING] - A browser is already opened. Closing browser and opening a new one

2022-01-17 09:50:51 - [MESSAGE][INFO] - Starting 'Chrome' driver

2022-01-17 09:50:51 - [MESSAGE][INFO] - Action delay is set to 0 milliseconds

2022-01-17 09:50:52 - [MESSAGE][PASSED] - Browser is opened with url: ''

2022-01-17 09:50:52 - [TEST_STEP][PASSED] - navigateToUrl("http://localhost/moodle/login/index.php"): Navigate to 'http://localhost/moodle/login/index.php' successfully

2022-01-17 09:50:52 - [MESSAGE][PASSED] - Navigate to 'http://localhost/moodle/login/index.php' successfully

2022-01-17 09:50:52 - [TEST_STEP][PASSED] - setText(findTestObject("Object Repository/Page_Moodle Log in to the site/input_Username_username"), "admin"): Text 'admin' is set on object 'Object Repository/Page_Moodle Log in to the site/input_Username_username'

2022-01-17 09:50:53 - [MESSAGE][PASSED] - Text 'admin' is set on object 'Object Repository/Page_Moodle Log in to the site/input_Username_username'

2022-01-17 09:50:53 - [TEST_STEP][PASSED] - setEncryptedText(findTestObject("Object Repository/Page_Moodle Log in to the site/input_Password_password"), "8JanWqnBZBo6yBKKrpSnpw=="): Text ****** has been set on object 'Object Repository/Page_Moodle Log in to the site/input_Password_password'

2022-01-17 09:50:54 - [MESSAGE][PASSED] - Text ****** has been set on object 'Object Repository/Page_Moodle Log in to the site/input_Password_password'

2022-01-17 09:50:54 - [TEST_STEP][PASSED] - click(findTestObject("Object Repository/Page_Moodle Log in to the site/button_Log in")): Object: 'Object Repository/Page_Moodle Log in to the site/button_Log in' is clicked on

2022-01-17 09:50:55 - [MESSAGE][PASSED] - Object: 'Object Repository/Page_Moodle Log in to the site/button_Log in' is clicked on

2022-01-17 09:50:55 - [MESSAGE][PASSED] - Call Test Case 'Test Cases/Admin Login' successfully

2022-01-17 09:50:55 - [TEST_STEP][PASSED] - click(findTestObject("Object Repository/Page_Dashboard/span_Site home (5)")): Object: 'Object Repository/Page_Dashboard/span_Site home (5)' is clicked on

2022-01-17 09:50:58 - [MESSAGE][PASSED] - Object: 'Object Repository/Page_Dashboard/span_Site home (5)' is clicked on

2022-01-17 09:50:58 - [TEST_STEP][PASSED] - click(findTestObject("Object Repository/Page_Moodle/a_New Course Edited (4)")): Object: 'Object Repository/Page_Moodle/a_New Course Edited (4)' is clicked on

2022-01-17 09:50:59 - [MESSAGE][PASSED] - Object: 'Object Repository/Page_Moodle/a_New Course Edited (4)' is clicked on

2022-01-17 09:50:59 - [TEST_STEP][PASSED] - click(findTestObject("Object Repository/Page_Course New Course Edited/i_New Course Edited_icon fa fa-cog fa-fw (4)")): Object: 'Object Repository/Page_Course New Course Edited/i_New Course Edited_icon fa fa-cog fa-fw (4)' is clicked on

2022-01-17 09:50:59 - [MESSAGE][PASSED] - Object: 'Object Repository/Page_Course New Course Edited/i_New Course Edited_icon fa fa-cog fa-fw (4)' is clicked on

2022-01-17 09:50:59 - [TEST_STEP][PASSED] - click(findTestObject("Object Repository/Page_Course New Course Edited/a_More (4)")): Object: 'Object Repository/Page_Course New Course Edited/a_More (4)' is clicked on

2022-01-17 09:51:00 - [MESSAGE][PASSED] - Object: 'Object Repository/Page_Course New Course Edited/a_More (4)' is clicked on

2022-01-17 09:51:00 - [TEST_STEP][PASSED] - click(findTestObject("Object Repository/Page_Course administration/a_Users (4)")): Object: 'Object Repository/Page_Course administration/a_Users (4)' is clicked on

2022-01-17 09:51:01 - [MESSAGE][PASSED] - Object: 'Object Repository/Page_Course administration/a_Users (4)' is clicked on

2022-01-17 09:51:01 - [TEST_STEP][PASSED] - click(findTestObject("Object Repository/Page_Course administration/a_Other users")): Object: 'Object Repository/Page_Course administration/a_Other users' is clicked on

2022-01-17 09:51:02 - [MESSAGE][PASSED] - Object: 'Object Repository/Page_Course administration/a_Other users' is clicked on

2022-01-17 09:51:02 - [TEST_STEP][PASSED] - click(findTestObject("Object Repository/Page_New Course Edited 0 other users/button_Assign roles")): Object: 'Object Repository/Page_New Course Edited 0 other users/button_Assign roles' is clicked on

2022-01-17 09:51:03 - [MESSAGE][PASSED] - Object: 'Object Repository/Page_New Course Edited 0 other users/button_Assign roles' is clicked on

2022-01-17 09:51:03 - [TEST_STEP][PASSED] - click(findTestObject("Object Repository/Page_Assign roles in Course New Course Edited/a_Teacher")): Object: 'Object Repository/Page_Assign roles in Course New Course Edited/a_Teacher' is clicked on

2022-01-17 09:51:04 - [MESSAGE][PASSED] - Object: 'Object Repository/Page_Assign roles in Course New Course Edited/a_Teacher' is clicked on

2022-01-17 09:51:04 - [TEST_STEP][FAILED] - selectOptionByValue(findTestObject("Object Repository/Page_Assign role Teacher in Course New Cour_04a7a0/select_c H (hongocminhducgmail.com)"), "2", true): Unable to select option by value '2' of object 'Object Repository/Page_Assign role Teacher in Course New Cour_04a7a0/select_c H (hongocminhducgmail.com)'  using regular expression (Root cause: com.kms.katalon.core.exception.StepFailedException: Unable to select option by value '2' of object 'Object Repository/Page_Assign role Teacher in Course New Cour_04a7a0/select_c H (hongocminhducgmail.com)'  using regular expression
	at com.kms.katalon.core.webui.keyword.internal.WebUIKeywordMain.stepFailed(WebUIKeywordMain.groovy:64)
	at com.kms.katalon.core.webui.keyword.internal.WebUIKeywordMain.runKeyword(WebUIKeywordMain.groovy:26)
	at com.kms.katalon.core.webui.keyword.builtin.SelectOptionByValueKeyword.selectOptionByValue(SelectOptionByValueKeyword.groovy:99)
	at com.kms.katalon.core.webui.keyword.builtin.SelectOptionByValueKeyword.execute(SelectOptionByValueKeyword.groovy:71)
	at com.kms.katalon.core.keyword.internal.KeywordExecutor.executeKeywordForPlatform(KeywordExecutor.groovy:74)
	at com.kms.katalon.core.webui.keyword.WebUiBuiltInKeywords.selectOptionByValue(WebUiBuiltInKeywords.groovy:1168)
	at com.kms.katalon.core.webui.keyword.WebUiBuiltInKeywords$selectOptionByValue$4.call(Unknown Source)
	at Admin Remove Course Teacher.run(Admin Remove Course Teacher:38)
	at com.kms.katalon.core.main.ScriptEngine.run(ScriptEngine.java:194)
	at com.kms.katalon.core.main.ScriptEngine.runScriptAsRawText(ScriptEngine.java:119)
	at com.kms.katalon.core.main.TestCaseExecutor.runScript(TestCaseExecutor.java:442)
	at com.kms.katalon.core.main.TestCaseExecutor.doExecute(TestCaseExecutor.java:433)
	at com.kms.katalon.core.main.TestCaseExecutor.processExecutionPhase(TestCaseExecutor.java:412)
	at com.kms.katalon.core.main.TestCaseExecutor.accessMainPhase(TestCaseExecutor.java:404)
	at com.kms.katalon.core.main.TestCaseExecutor.execute(TestCaseExecutor.java:281)
	at com.kms.katalon.core.main.TestSuiteExecutor.accessTestCaseMainPhase(TestSuiteExecutor.java:202)
	at com.kms.katalon.core.main.TestSuiteExecutor.accessTestSuiteMainPhase(TestSuiteExecutor.java:164)
	at com.kms.katalon.core.main.TestSuiteExecutor.execute(TestSuiteExecutor.java:105)
	at com.kms.katalon.core.main.TestCaseMain.startTestSuite(TestCaseMain.java:181)
	at com.kms.katalon.core.main.TestCaseMain$startTestSuite$0.call(Unknown Source)
	at TempTestSuite1642387584021.run(TempTestSuite1642387584021.groovy:36)
Caused by: com.kms.katalon.core.exception.StepFailedException: No option matched.
	at com.kms.katalon.core.keyword.internal.KeywordMain.stepFailed(KeywordMain.groovy:50)
	at com.kms.katalon.core.keyword.internal.KeywordMain.stepFailed(KeywordMain.groovy)
	at com.kms.katalon.core.keyword.internal.KeywordMain.stepFailed(KeywordMain.groovy:23)
	at com.kms.katalon.core.webui.keyword.builtin.SelectOptionByValueKeyword$_selectOptionByValue_closure1.doCall(SelectOptionByValueKeyword.groovy:92)
	at com.kms.katalon.core.webui.keyword.builtin.SelectOptionByValueKeyword$_selectOptionByValue_closure1.call(SelectOptionByValueKeyword.groovy)
	at com.kms.katalon.core.webui.keyword.internal.WebUIKeywordMain.runKeyword(WebUIKeywordMain.groovy:20)
	at com.kms.katalon.core.webui.keyword.builtin.SelectOptionByValueKeyword.selectOptionByValue(SelectOptionByValueKeyword.groovy:99)
	at com.kms.katalon.core.webui.keyword.builtin.SelectOptionByValueKeyword.execute(SelectOptionByValueKeyword.groovy:71)
	at com.kms.katalon.core.keyword.internal.KeywordExecutor.executeKeywordForPlatform(KeywordExecutor.groovy:74)
	at com.kms.katalon.core.webui.keyword.WebUiBuiltInKeywords.selectOptionByValue(WebUiBuiltInKeywords.groovy:1168)
	at com.kms.katalon.core.webui.keyword.WebUiBuiltInKeywords$selectOptionByValue$4.call(Unknown Source)
	at Script1642351686856.run(Script1642351686856.groovy:38)
	... 13 more
)

2022-01-17 09:51:05 - [MESSAGE][FAILED] - No option matched.

2022-01-17 09:51:05 - [MESSAGE][FAILED] - Unable to select option by value '2' of object 'Object Repository/Page_Assign role Teacher in Course New Cour_04a7a0/select_c H (hongocminhducgmail.com)'  using regular expression (Root cause: com.kms.katalon.core.exception.StepFailedException: Unable to select option by value '2' of object 'Object Repository/Page_Assign role Teacher in Course New Cour_04a7a0/select_c H (hongocminhducgmail.com)'  using regular expression
	at com.kms.katalon.core.webui.keyword.internal.WebUIKeywordMain.stepFailed(WebUIKeywordMain.groovy:64)
	at com.kms.katalon.core.webui.keyword.internal.WebUIKeywordMain.runKeyword(WebUIKeywordMain.groovy:26)
	at com.kms.katalon.core.webui.keyword.builtin.SelectOptionByValueKeyword.selectOptionByValue(SelectOptionByValueKeyword.groovy:99)
	at com.kms.katalon.core.webui.keyword.builtin.SelectOptionByValueKeyword.execute(SelectOptionByValueKeyword.groovy:71)
	at com.kms.katalon.core.keyword.internal.KeywordExecutor.executeKeywordForPlatform(KeywordExecutor.groovy:74)
	at com.kms.katalon.core.webui.keyword.WebUiBuiltInKeywords.selectOptionByValue(WebUiBuiltInKeywords.groovy:1168)
	at com.kms.katalon.core.webui.keyword.WebUiBuiltInKeywords$selectOptionByValue$4.call(Unknown Source)
	at Admin Remove Course Teacher.run(Admin Remove Course Teacher:38)
	at com.kms.katalon.core.main.ScriptEngine.run(ScriptEngine.java:194)
	at com.kms.katalon.core.main.ScriptEngine.runScriptAsRawText(ScriptEngine.java:119)
	at com.kms.katalon.core.main.TestCaseExecutor.runScript(TestCaseExecutor.java:442)
	at com.kms.katalon.core.main.TestCaseExecutor.doExecute(TestCaseExecutor.java:433)
	at com.kms.katalon.core.main.TestCaseExecutor.processExecutionPhase(TestCaseExecutor.java:412)
	at com.kms.katalon.core.main.TestCaseExecutor.accessMainPhase(TestCaseExecutor.java:404)
	at com.kms.katalon.core.main.TestCaseExecutor.execute(TestCaseExecutor.java:281)
	at com.kms.katalon.core.main.TestSuiteExecutor.accessTestCaseMainPhase(TestSuiteExecutor.java:202)
	at com.kms.katalon.core.main.TestSuiteExecutor.accessTestSuiteMainPhase(TestSuiteExecutor.java:164)
	at com.kms.katalon.core.main.TestSuiteExecutor.execute(TestSuiteExecutor.java:105)
	at com.kms.katalon.core.main.TestCaseMain.startTestSuite(TestCaseMain.java:181)
	at com.kms.katalon.core.main.TestCaseMain$startTestSuite$0.call(Unknown Source)
	at TempTestSuite1642387584021.run(TempTestSuite1642387584021.groovy:36)
Caused by: com.kms.katalon.core.exception.StepFailedException: No option matched.
	at com.kms.katalon.core.keyword.internal.KeywordMain.stepFailed(KeywordMain.groovy:50)
	at com.kms.katalon.core.keyword.internal.KeywordMain.stepFailed(KeywordMain.groovy)
	at com.kms.katalon.core.keyword.internal.KeywordMain.stepFailed(KeywordMain.groovy:23)
	at com.kms.katalon.core.webui.keyword.builtin.SelectOptionByValueKeyword$_selectOptionByValue_closure1.doCall(SelectOptionByValueKeyword.groovy:92)
	at com.kms.katalon.core.webui.keyword.builtin.SelectOptionByValueKeyword$_selectOptionByValue_closure1.call(SelectOptionByValueKeyword.groovy)
	at com.kms.katalon.core.webui.keyword.internal.WebUIKeywordMain.runKeyword(WebUIKeywordMain.groovy:20)
	at com.kms.katalon.core.webui.keyword.builtin.SelectOptionByValueKeyword.selectOptionByValue(SelectOptionByValueKeyword.groovy:99)
	at com.kms.katalon.core.webui.keyword.builtin.SelectOptionByValueKeyword.execute(SelectOptionByValueKeyword.groovy:71)
	at com.kms.katalon.core.keyword.internal.KeywordExecutor.executeKeywordForPlatform(KeywordExecutor.groovy:74)
	at com.kms.katalon.core.webui.keyword.WebUiBuiltInKeywords.selectOptionByValue(WebUiBuiltInKeywords.groovy:1168)
	at com.kms.katalon.core.webui.keyword.WebUiBuiltInKeywords$selectOptionByValue$4.call(Unknown Source)
	at Script1642351686856.run(Script1642351686856.groovy:38)
	... 13 more
)
[[ATTACHMENT|C:\\Users\\Minh Duc\\Desktop\\Test-Automation-SE-Bonus\\Test Automation - SE Bonus\\Reports\\20220117_094624\\Run all test cases\\20220117_094624\\1642387865133.png]]]]></system-out>
         <system-err><![CDATA[2022-01-17 09:50:50 - [TEST_CASE][FAILED] - Test Cases/Admin Remove Course Teacher: Test Cases/Admin Remove Course Teacher FAILED.
Reason:
com.kms.katalon.core.exception.StepFailedException: Unable to select option by value '2' of object 'Object Repository/Page_Assign role Teacher in Course New Cour_04a7a0/select_c H (hongocminhducgmail.com)'  using regular expression
	at com.kms.katalon.core.webui.keyword.internal.WebUIKeywordMain.stepFailed(WebUIKeywordMain.groovy:64)
	at com.kms.katalon.core.webui.keyword.internal.WebUIKeywordMain.runKeyword(WebUIKeywordMain.groovy:26)
	at com.kms.katalon.core.webui.keyword.builtin.SelectOptionByValueKeyword.selectOptionByValue(SelectOptionByValueKeyword.groovy:99)
	at com.kms.katalon.core.webui.keyword.builtin.SelectOptionByValueKeyword.execute(SelectOptionByValueKeyword.groovy:71)
	at com.kms.katalon.core.keyword.internal.KeywordExecutor.executeKeywordForPlatform(KeywordExecutor.groovy:74)
	at com.kms.katalon.core.webui.keyword.WebUiBuiltInKeywords.selectOptionByValue(WebUiBuiltInKeywords.groovy:1168)
	at com.kms.katalon.core.webui.keyword.WebUiBuiltInKeywords$selectOptionByValue$4.call(Unknown Source)
	at Admin Remove Course Teacher.run(Admin Remove Course Teacher:38)
	at com.kms.katalon.core.main.ScriptEngine.run(ScriptEngine.java:194)
	at com.kms.katalon.core.main.ScriptEngine.runScriptAsRawText(ScriptEngine.java:119)
	at com.kms.katalon.core.main.TestCaseExecutor.runScript(TestCaseExecutor.java:442)
	at com.kms.katalon.core.main.TestCaseExecutor.doExecute(TestCaseExecutor.java:433)
	at com.kms.katalon.core.main.TestCaseExecutor.processExecutionPhase(TestCaseExecutor.java:412)
	at com.kms.katalon.core.main.TestCaseExecutor.accessMainPhase(TestCaseExecutor.java:404)
	at com.kms.katalon.core.main.TestCaseExecutor.execute(TestCaseExecutor.java:281)
	at com.kms.katalon.core.main.TestSuiteExecutor.accessTestCaseMainPhase(TestSuiteExecutor.java:202)
	at com.kms.katalon.core.main.TestSuiteExecutor.accessTestSuiteMainPhase(TestSuiteExecutor.java:164)
	at com.kms.katalon.core.main.TestSuiteExecutor.execute(TestSuiteExecutor.java:105)
	at com.kms.katalon.core.main.TestCaseMain.startTestSuite(TestCaseMain.java:181)
	at com.kms.katalon.core.main.TestCaseMain$startTestSuite$0.call(Unknown Source)
	at TempTestSuite1642387584021.run(TempTestSuite1642387584021.groovy:36)
Caused by: com.kms.katalon.core.exception.StepFailedException: No option matched.
	at com.kms.katalon.core.keyword.internal.KeywordMain.stepFailed(KeywordMain.groovy:50)
	at com.kms.katalon.core.keyword.internal.KeywordMain.stepFailed(KeywordMain.groovy)
	at com.kms.katalon.core.keyword.internal.KeywordMain.stepFailed(KeywordMain.groovy:23)
	at com.kms.katalon.core.webui.keyword.builtin.SelectOptionByValueKeyword$_selectOptionByValue_closure1.doCall(SelectOptionByValueKeyword.groovy:92)
	at com.kms.katalon.core.webui.keyword.builtin.SelectOptionByValueKeyword$_selectOptionByValue_closure1.call(SelectOptionByValueKeyword.groovy)
	at com.kms.katalon.core.webui.keyword.internal.WebUIKeywordMain.runKeyword(WebUIKeywordMain.groovy:20)
	... 19 more]]></system-err>
      </testcase>
      <testcase name="Test Cases/Admin assign non-edit teacher" time="17.641" classname="Test Cases/Admin assign non-edit teacher" status="PASSED">
         <system-out><![CDATA[2022-01-17 09:51:05 - [TEST_CASE][PASSED] - Test Cases/Admin assign non-edit teacher: Test Cases/Admin assign non-edit teacher

2022-01-17 09:51:05 - [TEST_STEP][PASSED] - callTestCase(findTestCase("Admin Login"), [:], STOP_ON_FAILURE): Call Test Case 'Test Cases/Admin Login' successfully

2022-01-17 09:51:05 - [TEST_CASE][PASSED] - Test Cases/Admin Login: Test Cases/Admin Login

2022-01-17 09:51:05 - [TEST_STEP][PASSED] - openBrowser(""): Browser is opened with url: ''

2022-01-17 09:51:05 - [MESSAGE][WARNING] - A browser is already opened. Closing browser and opening a new one

2022-01-17 09:51:06 - [MESSAGE][INFO] - Starting 'Chrome' driver

2022-01-17 09:51:06 - [MESSAGE][INFO] - Action delay is set to 0 milliseconds

2022-01-17 09:51:07 - [MESSAGE][PASSED] - Browser is opened with url: ''

2022-01-17 09:51:07 - [TEST_STEP][PASSED] - navigateToUrl("http://localhost/moodle/login/index.php"): Navigate to 'http://localhost/moodle/login/index.php' successfully

2022-01-17 09:51:08 - [MESSAGE][PASSED] - Navigate to 'http://localhost/moodle/login/index.php' successfully

2022-01-17 09:51:08 - [TEST_STEP][PASSED] - setText(findTestObject("Object Repository/Page_Moodle Log in to the site/input_Username_username"), "admin"): Text 'admin' is set on object 'Object Repository/Page_Moodle Log in to the site/input_Username_username'

2022-01-17 09:51:09 - [MESSAGE][PASSED] - Text 'admin' is set on object 'Object Repository/Page_Moodle Log in to the site/input_Username_username'

2022-01-17 09:51:09 - [TEST_STEP][PASSED] - setEncryptedText(findTestObject("Object Repository/Page_Moodle Log in to the site/input_Password_password"), "8JanWqnBZBo6yBKKrpSnpw=="): Text ****** has been set on object 'Object Repository/Page_Moodle Log in to the site/input_Password_password'

2022-01-17 09:51:09 - [MESSAGE][PASSED] - Text ****** has been set on object 'Object Repository/Page_Moodle Log in to the site/input_Password_password'

2022-01-17 09:51:09 - [TEST_STEP][PASSED] - click(findTestObject("Object Repository/Page_Moodle Log in to the site/button_Log in")): Object: 'Object Repository/Page_Moodle Log in to the site/button_Log in' is clicked on

2022-01-17 09:51:11 - [MESSAGE][PASSED] - Object: 'Object Repository/Page_Moodle Log in to the site/button_Log in' is clicked on

2022-01-17 09:51:11 - [MESSAGE][PASSED] - Call Test Case 'Test Cases/Admin Login' successfully

2022-01-17 09:51:11 - [TEST_STEP][PASSED] - click(findTestObject("Object Repository/Page_Dashboard/span_Site home (5)")): Object: 'Object Repository/Page_Dashboard/span_Site home (5)' is clicked on

2022-01-17 09:51:13 - [MESSAGE][PASSED] - Object: 'Object Repository/Page_Dashboard/span_Site home (5)' is clicked on

2022-01-17 09:51:13 - [TEST_STEP][PASSED] - click(findTestObject("Object Repository/Page_Moodle/a_New Course Edited (4)")): Object: 'Object Repository/Page_Moodle/a_New Course Edited (4)' is clicked on

2022-01-17 09:51:14 - [MESSAGE][PASSED] - Object: 'Object Repository/Page_Moodle/a_New Course Edited (4)' is clicked on

2022-01-17 09:51:14 - [TEST_STEP][PASSED] - click(findTestObject("Object Repository/Page_Course New Course Edited/i_New Course Edited_icon fa fa-cog fa-fw (4)")): Object: 'Object Repository/Page_Course New Course Edited/i_New Course Edited_icon fa fa-cog fa-fw (4)' is clicked on

2022-01-17 09:51:14 - [MESSAGE][PASSED] - Object: 'Object Repository/Page_Course New Course Edited/i_New Course Edited_icon fa fa-cog fa-fw (4)' is clicked on

2022-01-17 09:51:14 - [TEST_STEP][PASSED] - click(findTestObject("Object Repository/Page_Course New Course Edited/a_More (4)")): Object: 'Object Repository/Page_Course New Course Edited/a_More (4)' is clicked on

2022-01-17 09:51:15 - [MESSAGE][PASSED] - Object: 'Object Repository/Page_Course New Course Edited/a_More (4)' is clicked on

2022-01-17 09:51:15 - [TEST_STEP][PASSED] - click(findTestObject("Object Repository/Page_Course administration/a_Users (4)")): Object: 'Object Repository/Page_Course administration/a_Users (4)' is clicked on

2022-01-17 09:51:16 - [MESSAGE][PASSED] - Object: 'Object Repository/Page_Course administration/a_Users (4)' is clicked on

2022-01-17 09:51:16 - [TEST_STEP][PASSED] - click(findTestObject("Object Repository/Page_Course administration/a_Other users")): Object: 'Object Repository/Page_Course administration/a_Other users' is clicked on

2022-01-17 09:51:17 - [MESSAGE][PASSED] - Object: 'Object Repository/Page_Course administration/a_Other users' is clicked on

2022-01-17 09:51:17 - [TEST_STEP][PASSED] - click(findTestObject("Object Repository/Page_New Course Edited 0 other users/button_Assign roles")): Object: 'Object Repository/Page_New Course Edited 0 other users/button_Assign roles' is clicked on

2022-01-17 09:51:18 - [MESSAGE][PASSED] - Object: 'Object Repository/Page_New Course Edited 0 other users/button_Assign roles' is clicked on

2022-01-17 09:51:18 - [TEST_STEP][PASSED] - click(findTestObject("Page_Course New Course Edited/a_non_edit")): Object: 'Object Repository/Page_Course New Course Edited/a_non_edit' is clicked on

2022-01-17 09:51:19 - [MESSAGE][PASSED] - Object: 'Object Repository/Page_Course New Course Edited/a_non_edit' is clicked on

2022-01-17 09:51:19 - [TEST_STEP][PASSED] - selectOptionByValue(findTestObject("Object Repository/Page_Assign role Teacher in Course New Cour_04a7a0/select_c H (hongocminhducgmail.com)    c H _8cfc97"), "2", true): All options with value '2' are selected in object 'Object Repository/Page_Assign role Teacher in Course New Cour_04a7a0/select_c H (hongocminhducgmail.com)    c H _8cfc97'  using regular expression

2022-01-17 09:51:20 - [MESSAGE][PASSED] - All options with value '2' are selected in object 'Object Repository/Page_Assign role Teacher in Course New Cour_04a7a0/select_c H (hongocminhducgmail.com)    c H _8cfc97'  using regular expression

2022-01-17 09:51:20 - [TEST_STEP][PASSED] - click(findTestObject("Object Repository/Page_Assign role Teacher in Course New Cour_04a7a0/input_Match the search text anywhere in the_89f7b5")): Object: 'Object Repository/Page_Assign role Teacher in Course New Cour_04a7a0/input_Match the search text anywhere in the_89f7b5' is clicked on

2022-01-17 09:51:21 - [MESSAGE][PASSED] - Object: 'Object Repository/Page_Assign role Teacher in Course New Cour_04a7a0/input_Match the search text anywhere in the_89f7b5' is clicked on

2022-01-17 09:51:21 - [TEST_STEP][PASSED] - click(findTestObject("Object Repository/Page_Assign role Teacher in Course New Cour_04a7a0/a_Back to the list of all roles")): Object: 'Object Repository/Page_Assign role Teacher in Course New Cour_04a7a0/a_Back to the list of all roles' is clicked on

2022-01-17 09:51:22 - [MESSAGE][PASSED] - Object: 'Object Repository/Page_Assign role Teacher in Course New Cour_04a7a0/a_Back to the list of all roles' is clicked on]]></system-out>
         <system-err><![CDATA[]]></system-err>
      </testcase>
      <testcase name="Test Cases/Admin remove non-edit teacher" time="42.185" classname="Test Cases/Admin remove non-edit teacher" status="PASSED">
         <system-out><![CDATA[2022-01-17 09:51:22 - [TEST_CASE][PASSED] - Test Cases/Admin remove non-edit teacher: Test Cases/Admin remove non-edit teacher

2022-01-17 09:51:23 - [TEST_STEP][PASSED] - callTestCase(findTestCase("Admin Login"), [:], STOP_ON_FAILURE): Call Test Case 'Test Cases/Admin Login' successfully

2022-01-17 09:51:23 - [TEST_CASE][PASSED] - Test Cases/Admin Login: Test Cases/Admin Login

2022-01-17 09:51:23 - [TEST_STEP][PASSED] - openBrowser(""): Browser is opened with url: ''

2022-01-17 09:51:23 - [MESSAGE][WARNING] - A browser is already opened. Closing browser and opening a new one

2022-01-17 09:51:23 - [MESSAGE][INFO] - Starting 'Chrome' driver

2022-01-17 09:51:23 - [MESSAGE][INFO] - Action delay is set to 0 milliseconds

2022-01-17 09:51:25 - [MESSAGE][PASSED] - Browser is opened with url: ''

2022-01-17 09:51:25 - [TEST_STEP][PASSED] - navigateToUrl("http://localhost/moodle/login/index.php"): Navigate to 'http://localhost/moodle/login/index.php' successfully

2022-01-17 09:51:25 - [MESSAGE][PASSED] - Navigate to 'http://localhost/moodle/login/index.php' successfully

2022-01-17 09:51:25 - [TEST_STEP][PASSED] - setText(findTestObject("Object Repository/Page_Moodle Log in to the site/input_Username_username"), "admin"): Text 'admin' is set on object 'Object Repository/Page_Moodle Log in to the site/input_Username_username'

2022-01-17 09:51:26 - [MESSAGE][PASSED] - Text 'admin' is set on object 'Object Repository/Page_Moodle Log in to the site/input_Username_username'

2022-01-17 09:51:26 - [TEST_STEP][PASSED] - setEncryptedText(findTestObject("Object Repository/Page_Moodle Log in to the site/input_Password_password"), "8JanWqnBZBo6yBKKrpSnpw=="): Text ****** has been set on object 'Object Repository/Page_Moodle Log in to the site/input_Password_password'

2022-01-17 09:51:27 - [MESSAGE][PASSED] - Text ****** has been set on object 'Object Repository/Page_Moodle Log in to the site/input_Password_password'

2022-01-17 09:51:27 - [TEST_STEP][PASSED] - click(findTestObject("Object Repository/Page_Moodle Log in to the site/button_Log in")): Object: 'Object Repository/Page_Moodle Log in to the site/button_Log in' is clicked on

2022-01-17 09:51:28 - [MESSAGE][PASSED] - Object: 'Object Repository/Page_Moodle Log in to the site/button_Log in' is clicked on

2022-01-17 09:51:28 - [MESSAGE][PASSED] - Call Test Case 'Test Cases/Admin Login' successfully

2022-01-17 09:51:28 - [TEST_STEP][PASSED] - click(findTestObject("Object Repository/Page_Dashboard/span_Site home (5)")): Object: 'Object Repository/Page_Dashboard/span_Site home (5)' is clicked on

2022-01-17 09:51:31 - [MESSAGE][PASSED] - Object: 'Object Repository/Page_Dashboard/span_Site home (5)' is clicked on

2022-01-17 09:51:31 - [TEST_STEP][PASSED] - click(findTestObject("Object Repository/Page_Moodle/a_New Course Edited (4)")): Object: 'Object Repository/Page_Moodle/a_New Course Edited (4)' is clicked on

2022-01-17 09:51:32 - [MESSAGE][PASSED] - Object: 'Object Repository/Page_Moodle/a_New Course Edited (4)' is clicked on

2022-01-17 09:51:32 - [TEST_STEP][PASSED] - click(findTestObject("Object Repository/Page_Course New Course Edited/i_New Course Edited_icon fa fa-cog fa-fw (4)")): Object: 'Object Repository/Page_Course New Course Edited/i_New Course Edited_icon fa fa-cog fa-fw (4)' is clicked on

2022-01-17 09:51:57 - [MESSAGE][PASSED] - Object: 'Object Repository/Page_Course New Course Edited/i_New Course Edited_icon fa fa-cog fa-fw (4)' is clicked on

2022-01-17 09:51:57 - [TEST_STEP][PASSED] - click(findTestObject("Object Repository/Page_Course New Course Edited/a_More (4)")): Object: 'Object Repository/Page_Course New Course Edited/a_More (4)' is clicked on

2022-01-17 09:51:58 - [MESSAGE][PASSED] - Object: 'Object Repository/Page_Course New Course Edited/a_More (4)' is clicked on

2022-01-17 09:51:58 - [TEST_STEP][PASSED] - click(findTestObject("Object Repository/Page_Course administration/a_Users (4)")): Object: 'Object Repository/Page_Course administration/a_Users (4)' is clicked on

2022-01-17 09:51:58 - [MESSAGE][PASSED] - Object: 'Object Repository/Page_Course administration/a_Users (4)' is clicked on

2022-01-17 09:51:58 - [TEST_STEP][PASSED] - click(findTestObject("Object Repository/Page_Course administration/a_Other users")): Object: 'Object Repository/Page_Course administration/a_Other users' is clicked on

2022-01-17 09:51:59 - [MESSAGE][PASSED] - Object: 'Object Repository/Page_Course administration/a_Other users' is clicked on

2022-01-17 09:51:59 - [TEST_STEP][PASSED] - click(findTestObject("Object Repository/Page_New Course Edited 0 other users/button_Assign roles")): Object: 'Object Repository/Page_New Course Edited 0 other users/button_Assign roles' is clicked on

2022-01-17 09:52:00 - [MESSAGE][PASSED] - Object: 'Object Repository/Page_New Course Edited 0 other users/button_Assign roles' is clicked on

2022-01-17 09:52:00 - [TEST_STEP][PASSED] - click(findTestObject("Page_Course New Course Edited/a_non_edit")): Object: 'Object Repository/Page_Course New Course Edited/a_non_edit' is clicked on

2022-01-17 09:52:01 - [MESSAGE][PASSED] - Object: 'Object Repository/Page_Course New Course Edited/a_non_edit' is clicked on

2022-01-17 09:52:01 - [TEST_STEP][PASSED] - selectOptionByValue(findTestObject("Object Repository/Page_Assign role Teacher in Course New Cour_04a7a0/select_c H (hongocminhducgmail.com)"), "2", true): All options with value '2' are selected in object 'Object Repository/Page_Assign role Teacher in Course New Cour_04a7a0/select_c H (hongocminhducgmail.com)'  using regular expression

2022-01-17 09:52:03 - [MESSAGE][PASSED] - All options with value '2' are selected in object 'Object Repository/Page_Assign role Teacher in Course New Cour_04a7a0/select_c H (hongocminhducgmail.com)'  using regular expression

2022-01-17 09:52:03 - [TEST_STEP][PASSED] - click(findTestObject("Object Repository/Page_Assign role Teacher in Course New Cour_04a7a0/input_Match the search text anywhere in the_31d039")): Object: 'Object Repository/Page_Assign role Teacher in Course New Cour_04a7a0/input_Match the search text anywhere in the_31d039' is clicked on

2022-01-17 09:52:05 - [MESSAGE][PASSED] - Object: 'Object Repository/Page_Assign role Teacher in Course New Cour_04a7a0/input_Match the search text anywhere in the_31d039' is clicked on]]></system-out>
         <system-err><![CDATA[]]></system-err>
      </testcase>
      <testcase name="Test Cases/Student Login" time="6.241" classname="Test Cases/Student Login" status="PASSED">
         <system-out><![CDATA[2022-01-17 09:52:05 - [TEST_CASE][PASSED] - Test Cases/Student Login: Test Cases/Student Login

2022-01-17 09:52:05 - [TEST_STEP][PASSED] - openBrowser(""): Browser is opened with url: ''

2022-01-17 09:52:05 - [MESSAGE][WARNING] - A browser is already opened. Closing browser and opening a new one

2022-01-17 09:52:06 - [MESSAGE][INFO] - Starting 'Chrome' driver

2022-01-17 09:52:06 - [MESSAGE][INFO] - Action delay is set to 0 milliseconds

2022-01-17 09:52:07 - [MESSAGE][PASSED] - Browser is opened with url: ''

2022-01-17 09:52:07 - [TEST_STEP][PASSED] - navigateToUrl("http://localhost/moodle/login/index.php"): Navigate to 'http://localhost/moodle/login/index.php' successfully

2022-01-17 09:52:07 - [MESSAGE][PASSED] - Navigate to 'http://localhost/moodle/login/index.php' successfully

2022-01-17 09:52:07 - [TEST_STEP][PASSED] - setText(findTestObject("Object Repository/Page_Moodle Log in to the site/input_Username_username (21)"), "minhduc"): Text 'minhduc' is set on object 'Object Repository/Page_Moodle Log in to the site/input_Username_username (21)'

2022-01-17 09:52:08 - [MESSAGE][PASSED] - Text 'minhduc' is set on object 'Object Repository/Page_Moodle Log in to the site/input_Username_username (21)'

2022-01-17 09:52:08 - [TEST_STEP][PASSED] - click(findTestObject("Object Repository/Page_Moodle Log in to the site/form_document.getElementById(anchor).value _70e5d4")): Object: 'Object Repository/Page_Moodle Log in to the site/form_document.getElementById(anchor).value _70e5d4' is clicked on

2022-01-17 09:52:09 - [MESSAGE][PASSED] - Object: 'Object Repository/Page_Moodle Log in to the site/form_document.getElementById(anchor).value _70e5d4' is clicked on

2022-01-17 09:52:09 - [TEST_STEP][PASSED] - setEncryptedText(findTestObject("Object Repository/Page_Moodle Log in to the site/input_Password_password (21)"), "8JanWqnBZBo6yBKKrpSnpw=="): Text ****** has been set on object 'Object Repository/Page_Moodle Log in to the site/input_Password_password (21)'

2022-01-17 09:52:09 - [MESSAGE][PASSED] - Text ****** has been set on object 'Object Repository/Page_Moodle Log in to the site/input_Password_password (21)'

2022-01-17 09:52:09 - [TEST_STEP][PASSED] - click(findTestObject("Object Repository/Page_Moodle Log in to the site/button_Log in (14)")): Object: 'Object Repository/Page_Moodle Log in to the site/button_Log in (14)' is clicked on

2022-01-17 09:52:11 - [MESSAGE][PASSED] - Object: 'Object Repository/Page_Moodle Log in to the site/button_Log in (14)' is clicked on]]></system-out>
         <system-err><![CDATA[]]></system-err>
      </testcase>
      <testcase name="Test Cases/Student View Grades" time="11.534" classname="Test Cases/Student View Grades" status="PASSED">
         <system-out><![CDATA[2022-01-17 09:52:11 - [TEST_CASE][PASSED] - Test Cases/Student View Grades: Test Cases/Student View Grades

2022-01-17 09:52:11 - [TEST_STEP][PASSED] - callTestCase(findTestCase("Student Login"), [:], STOP_ON_FAILURE): Call Test Case 'Test Cases/Student Login' successfully

2022-01-17 09:52:11 - [TEST_CASE][PASSED] - Test Cases/Student Login: Test Cases/Student Login

2022-01-17 09:52:11 - [TEST_STEP][PASSED] - openBrowser(""): Browser is opened with url: ''

2022-01-17 09:52:11 - [MESSAGE][WARNING] - A browser is already opened. Closing browser and opening a new one

2022-01-17 09:52:12 - [MESSAGE][INFO] - Starting 'Chrome' driver

2022-01-17 09:52:12 - [MESSAGE][INFO] - Action delay is set to 0 milliseconds

2022-01-17 09:52:13 - [MESSAGE][PASSED] - Browser is opened with url: ''

2022-01-17 09:52:13 - [TEST_STEP][PASSED] - navigateToUrl("http://localhost/moodle/login/index.php"): Navigate to 'http://localhost/moodle/login/index.php' successfully

2022-01-17 09:52:14 - [MESSAGE][PASSED] - Navigate to 'http://localhost/moodle/login/index.php' successfully

2022-01-17 09:52:14 - [TEST_STEP][PASSED] - setText(findTestObject("Object Repository/Page_Moodle Log in to the site/input_Username_username (21)"), "minhduc"): Text 'minhduc' is set on object 'Object Repository/Page_Moodle Log in to the site/input_Username_username (21)'

2022-01-17 09:52:15 - [MESSAGE][PASSED] - Text 'minhduc' is set on object 'Object Repository/Page_Moodle Log in to the site/input_Username_username (21)'

2022-01-17 09:52:15 - [TEST_STEP][PASSED] - click(findTestObject("Object Repository/Page_Moodle Log in to the site/form_document.getElementById(anchor).value _70e5d4")): Object: 'Object Repository/Page_Moodle Log in to the site/form_document.getElementById(anchor).value _70e5d4' is clicked on

2022-01-17 09:52:15 - [MESSAGE][PASSED] - Object: 'Object Repository/Page_Moodle Log in to the site/form_document.getElementById(anchor).value _70e5d4' is clicked on

2022-01-17 09:52:15 - [TEST_STEP][PASSED] - setEncryptedText(findTestObject("Object Repository/Page_Moodle Log in to the site/input_Password_password (21)"), "8JanWqnBZBo6yBKKrpSnpw=="): Text ****** has been set on object 'Object Repository/Page_Moodle Log in to the site/input_Password_password (21)'

2022-01-17 09:52:16 - [MESSAGE][PASSED] - Text ****** has been set on object 'Object Repository/Page_Moodle Log in to the site/input_Password_password (21)'

2022-01-17 09:52:16 - [TEST_STEP][PASSED] - click(findTestObject("Object Repository/Page_Moodle Log in to the site/button_Log in (14)")): Object: 'Object Repository/Page_Moodle Log in to the site/button_Log in (14)' is clicked on

2022-01-17 09:52:17 - [MESSAGE][PASSED] - Object: 'Object Repository/Page_Moodle Log in to the site/button_Log in (14)' is clicked on

2022-01-17 09:52:17 - [MESSAGE][PASSED] - Call Test Case 'Test Cases/Student Login' successfully

2022-01-17 09:52:17 - [TEST_STEP][PASSED] - click(findTestObject("Object Repository/Page_Dashboard/span_Site home (7)")): Object: 'Object Repository/Page_Dashboard/span_Site home (7)' is clicked on

2022-01-17 09:52:20 - [MESSAGE][PASSED] - Object: 'Object Repository/Page_Dashboard/span_Site home (7)' is clicked on

2022-01-17 09:52:20 - [TEST_STEP][PASSED] - click(findTestObject("Object Repository/Page_Moodle/a_New Course Edited (6)")): Object: 'Object Repository/Page_Moodle/a_New Course Edited (6)' is clicked on

2022-01-17 09:52:21 - [MESSAGE][PASSED] - Object: 'Object Repository/Page_Moodle/a_New Course Edited (6)' is clicked on

2022-01-17 09:52:21 - [TEST_STEP][PASSED] - click(findTestObject("Object Repository/Page_Course New Course Edited/span_Grades")): Object: 'Object Repository/Page_Course New Course Edited/span_Grades' is clicked on

2022-01-17 09:52:22 - [MESSAGE][PASSED] - Object: 'Object Repository/Page_Course New Course Edited/span_Grades' is clicked on]]></system-out>
         <system-err><![CDATA[]]></system-err>
      </testcase>
      <testcase name="Test Cases/Student Add New Discussion Topic" time="17.849" classname="Test Cases/Student Add New Discussion Topic" status="PASSED">
         <system-out><![CDATA[2022-01-17 09:52:22 - [TEST_CASE][PASSED] - Test Cases/Student Add New Discussion Topic: Test Cases/Student Add New Discussion Topic

2022-01-17 09:52:23 - [TEST_STEP][PASSED] - callTestCase(findTestCase("Student Login"), [:], STOP_ON_FAILURE): Call Test Case 'Test Cases/Student Login' successfully

2022-01-17 09:52:23 - [TEST_CASE][PASSED] - Test Cases/Student Login: Test Cases/Student Login

2022-01-17 09:52:23 - [TEST_STEP][PASSED] - openBrowser(""): Browser is opened with url: ''

2022-01-17 09:52:23 - [MESSAGE][WARNING] - A browser is already opened. Closing browser and opening a new one

2022-01-17 09:52:23 - [MESSAGE][INFO] - Starting 'Chrome' driver

2022-01-17 09:52:23 - [MESSAGE][INFO] - Action delay is set to 0 milliseconds

2022-01-17 09:52:25 - [MESSAGE][PASSED] - Browser is opened with url: ''

2022-01-17 09:52:25 - [TEST_STEP][PASSED] - navigateToUrl("http://localhost/moodle/login/index.php"): Navigate to 'http://localhost/moodle/login/index.php' successfully

2022-01-17 09:52:25 - [MESSAGE][PASSED] - Navigate to 'http://localhost/moodle/login/index.php' successfully

2022-01-17 09:52:25 - [TEST_STEP][PASSED] - setText(findTestObject("Object Repository/Page_Moodle Log in to the site/input_Username_username (21)"), "minhduc"): Text 'minhduc' is set on object 'Object Repository/Page_Moodle Log in to the site/input_Username_username (21)'

2022-01-17 09:52:26 - [MESSAGE][PASSED] - Text 'minhduc' is set on object 'Object Repository/Page_Moodle Log in to the site/input_Username_username (21)'

2022-01-17 09:52:26 - [TEST_STEP][PASSED] - click(findTestObject("Object Repository/Page_Moodle Log in to the site/form_document.getElementById(anchor).value _70e5d4")): Object: 'Object Repository/Page_Moodle Log in to the site/form_document.getElementById(anchor).value _70e5d4' is clicked on

2022-01-17 09:52:27 - [MESSAGE][PASSED] - Object: 'Object Repository/Page_Moodle Log in to the site/form_document.getElementById(anchor).value _70e5d4' is clicked on

2022-01-17 09:52:27 - [TEST_STEP][PASSED] - setEncryptedText(findTestObject("Object Repository/Page_Moodle Log in to the site/input_Password_password (21)"), "8JanWqnBZBo6yBKKrpSnpw=="): Text ****** has been set on object 'Object Repository/Page_Moodle Log in to the site/input_Password_password (21)'

2022-01-17 09:52:27 - [MESSAGE][PASSED] - Text ****** has been set on object 'Object Repository/Page_Moodle Log in to the site/input_Password_password (21)'

2022-01-17 09:52:27 - [TEST_STEP][PASSED] - click(findTestObject("Object Repository/Page_Moodle Log in to the site/button_Log in (14)")): Object: 'Object Repository/Page_Moodle Log in to the site/button_Log in (14)' is clicked on

2022-01-17 09:52:29 - [MESSAGE][PASSED] - Object: 'Object Repository/Page_Moodle Log in to the site/button_Log in (14)' is clicked on

2022-01-17 09:52:29 - [MESSAGE][PASSED] - Call Test Case 'Test Cases/Student Login' successfully

2022-01-17 09:52:29 - [TEST_STEP][PASSED] - click(findTestObject("Object Repository/Page_Dashboard/span_Site home (8)")): Object: 'Object Repository/Page_Dashboard/span_Site home (8)' is clicked on

2022-01-17 09:52:31 - [MESSAGE][PASSED] - Object: 'Object Repository/Page_Dashboard/span_Site home (8)' is clicked on

2022-01-17 09:52:31 - [TEST_STEP][PASSED] - click(findTestObject("Object Repository/Page_Moodle/a_New Course Edited (7)")): Object: 'Object Repository/Page_Moodle/a_New Course Edited (7)' is clicked on

2022-01-17 09:52:32 - [MESSAGE][PASSED] - Object: 'Object Repository/Page_Moodle/a_New Course Edited (7)' is clicked on

2022-01-17 09:52:32 - [TEST_STEP][PASSED] - click(findTestObject("Object Repository/Page_Course New Course Edited/span_New Forum")): Object: 'Object Repository/Page_Course New Course Edited/span_New Forum' is clicked on

2022-01-17 09:52:34 - [MESSAGE][PASSED] - Object: 'Object Repository/Page_Course New Course Edited/span_New Forum' is clicked on

2022-01-17 09:52:34 - [TEST_STEP][PASSED] - click(findTestObject("Object Repository/Page_New Forum/a_Add a new discussion topic")): Object: 'Object Repository/Page_New Forum/a_Add a new discussion topic' is clicked on

2022-01-17 09:52:35 - [MESSAGE][PASSED] - Object: 'Object Repository/Page_New Forum/a_Add a new discussion topic' is clicked on

2022-01-17 09:52:35 - [TEST_STEP][PASSED] - setText(findTestObject("Object Repository/Page_New Forum/input_Subject_subject"), "New discussion topic"): Text 'New discussion topic' is set on object 'Object Repository/Page_New Forum/input_Subject_subject'

2022-01-17 09:52:35 - [MESSAGE][PASSED] - Text 'New discussion topic' is set on object 'Object Repository/Page_New Forum/input_Subject_subject'

2022-01-17 09:52:35 - [TEST_STEP][PASSED] - click(findTestObject("Object Repository/Page_New Forum/div_Subject")): Object: 'Object Repository/Page_New Forum/div_Subject' is clicked on

2022-01-17 09:52:36 - [MESSAGE][PASSED] - Object: 'Object Repository/Page_New Forum/div_Subject' is clicked on

2022-01-17 09:52:36 - [TEST_STEP][PASSED] - setText(findTestObject("Object Repository/Page_New Forum/input_Subject_subject"), "New discussion topic"): Text 'New discussion topic' is set on object 'Object Repository/Page_New Forum/input_Subject_subject'

2022-01-17 09:52:37 - [MESSAGE][PASSED] - Text 'New discussion topic' is set on object 'Object Repository/Page_New Forum/input_Subject_subject'

2022-01-17 09:52:37 - [TEST_STEP][PASSED] - click(findTestObject("Object Repository/Page_New Forum/p")): Object: 'Object Repository/Page_New Forum/p' is clicked on

2022-01-17 09:52:37 - [MESSAGE][PASSED] - Object: 'Object Repository/Page_New Forum/p' is clicked on

2022-01-17 09:52:37 - [TEST_STEP][PASSED] - setText(findTestObject("Object Repository/Page_New Forum/div_New discussion topic"), "<p dir="ltr" style="text-align: left; outline: rgb(255, 0, 0) solid 2px;" id="yui_3_17_2_1_1642383176173_510"><span style="font-size: 14.9262px;">New discussion topic</span><br></p>"): Text '<p dir="ltr" style="text-align: left; outline: rgb(255, 0, 0) solid 2px;" id="yui_3_17_2_1_1642383176173_510"><span style="font-size: 14.9262px;">New discussion topic</span><br></p>' is set on object 'Object Repository/Page_New Forum/div_New discussion topic'

2022-01-17 09:52:38 - [MESSAGE][PASSED] - Text '<p dir="ltr" style="text-align: left; outline: rgb(255, 0, 0) solid 2px;" id="yui_3_17_2_1_1642383176173_510"><span style="font-size: 14.9262px;">New discussion topic</span><br></p>' is set on object 'Object Repository/Page_New Forum/div_New discussion topic'

2022-01-17 09:52:38 - [TEST_STEP][PASSED] - click(findTestObject("Object Repository/Page_New Forum/input_New discussion topic_submitbutton")): Object: 'Object Repository/Page_New Forum/input_New discussion topic_submitbutton' is clicked on

2022-01-17 09:52:40 - [MESSAGE][PASSED] - Object: 'Object Repository/Page_New Forum/input_New discussion topic_submitbutton' is clicked on]]></system-out>
         <system-err><![CDATA[]]></system-err>
      </testcase>
      <testcase name="Test Cases/Student Reply A Discussion Topic" time="31.708" classname="Test Cases/Student Reply A Discussion Topic" status="PASSED">
         <system-out><![CDATA[2022-01-17 09:52:40 - [TEST_CASE][PASSED] - Test Cases/Student Reply A Discussion Topic: Test Cases/Student Reply A Discussion Topic

2022-01-17 09:52:41 - [TEST_STEP][PASSED] - callTestCase(findTestCase("Student Login"), [:], STOP_ON_FAILURE): Call Test Case 'Test Cases/Student Login' successfully

2022-01-17 09:52:41 - [TEST_CASE][PASSED] - Test Cases/Student Login: Test Cases/Student Login

2022-01-17 09:52:41 - [TEST_STEP][PASSED] - openBrowser(""): Browser is opened with url: ''

2022-01-17 09:52:41 - [MESSAGE][WARNING] - A browser is already opened. Closing browser and opening a new one

2022-01-17 09:52:41 - [MESSAGE][INFO] - Starting 'Chrome' driver

2022-01-17 09:52:41 - [MESSAGE][INFO] - Action delay is set to 0 milliseconds

2022-01-17 09:52:43 - [MESSAGE][PASSED] - Browser is opened with url: ''

2022-01-17 09:52:43 - [TEST_STEP][PASSED] - navigateToUrl("http://localhost/moodle/login/index.php"): Navigate to 'http://localhost/moodle/login/index.php' successfully

2022-01-17 09:52:43 - [MESSAGE][PASSED] - Navigate to 'http://localhost/moodle/login/index.php' successfully

2022-01-17 09:52:43 - [TEST_STEP][PASSED] - setText(findTestObject("Object Repository/Page_Moodle Log in to the site/input_Username_username (21)"), "minhduc"): Text 'minhduc' is set on object 'Object Repository/Page_Moodle Log in to the site/input_Username_username (21)'

2022-01-17 09:52:44 - [MESSAGE][PASSED] - Text 'minhduc' is set on object 'Object Repository/Page_Moodle Log in to the site/input_Username_username (21)'

2022-01-17 09:52:44 - [TEST_STEP][PASSED] - click(findTestObject("Object Repository/Page_Moodle Log in to the site/form_document.getElementById(anchor).value _70e5d4")): Object: 'Object Repository/Page_Moodle Log in to the site/form_document.getElementById(anchor).value _70e5d4' is clicked on

2022-01-17 09:52:44 - [MESSAGE][PASSED] - Object: 'Object Repository/Page_Moodle Log in to the site/form_document.getElementById(anchor).value _70e5d4' is clicked on

2022-01-17 09:52:44 - [TEST_STEP][PASSED] - setEncryptedText(findTestObject("Object Repository/Page_Moodle Log in to the site/input_Password_password (21)"), "8JanWqnBZBo6yBKKrpSnpw=="): Text ****** has been set on object 'Object Repository/Page_Moodle Log in to the site/input_Password_password (21)'

2022-01-17 09:52:45 - [MESSAGE][PASSED] - Text ****** has been set on object 'Object Repository/Page_Moodle Log in to the site/input_Password_password (21)'

2022-01-17 09:52:45 - [TEST_STEP][PASSED] - click(findTestObject("Object Repository/Page_Moodle Log in to the site/button_Log in (14)")): Object: 'Object Repository/Page_Moodle Log in to the site/button_Log in (14)' is clicked on

2022-01-17 09:52:47 - [MESSAGE][PASSED] - Object: 'Object Repository/Page_Moodle Log in to the site/button_Log in (14)' is clicked on

2022-01-17 09:52:47 - [MESSAGE][PASSED] - Call Test Case 'Test Cases/Student Login' successfully

2022-01-17 09:52:47 - [TEST_STEP][PASSED] - click(findTestObject("Object Repository/Page_Dashboard/span_Site home (9)")): Object: 'Object Repository/Page_Dashboard/span_Site home (9)' is clicked on

2022-01-17 09:52:49 - [MESSAGE][PASSED] - Object: 'Object Repository/Page_Dashboard/span_Site home (9)' is clicked on

2022-01-17 09:52:49 - [TEST_STEP][PASSED] - click(findTestObject("Object Repository/Page_Moodle/a_New Course Edited (8)")): Object: 'Object Repository/Page_Moodle/a_New Course Edited (8)' is clicked on

2022-01-17 09:52:50 - [MESSAGE][PASSED] - Object: 'Object Repository/Page_Moodle/a_New Course Edited (8)' is clicked on

2022-01-17 09:52:50 - [TEST_STEP][PASSED] - click(findTestObject("Object Repository/Page_Course New Course Edited/span_New Forum (1)")): Object: 'Object Repository/Page_Course New Course Edited/span_New Forum (1)' is clicked on

2022-01-17 09:52:52 - [MESSAGE][PASSED] - Object: 'Object Repository/Page_Course New Course Edited/span_New Forum (1)' is clicked on

2022-01-17 09:52:52 - [TEST_STEP][PASSED] - click(findTestObject("Object Repository/Page_New Forum/a_New discussion topic")): Object: 'Object Repository/Page_New Forum/a_New discussion topic' is clicked on

2022-01-17 09:53:10 - [MESSAGE][PASSED] - Object: 'Object Repository/Page_New Forum/a_New discussion topic' is clicked on

2022-01-17 09:53:10 - [TEST_STEP][PASSED] - click(findTestObject("Object Repository/Page_New Course New discussion topic/a_Reply")): Object: 'Object Repository/Page_New Course New discussion topic/a_Reply' is clicked on

2022-01-17 09:53:10 - [MESSAGE][PASSED] - Object: 'Object Repository/Page_New Course New discussion topic/a_Reply' is clicked on

2022-01-17 09:53:10 - [TEST_STEP][PASSED] - setText(findTestObject("Object Repository/Page_New Course New discussion topic/textarea_Reply_post"), "Reply topic"): Text 'Reply topic' is set on object 'Object Repository/Page_New Course New discussion topic/textarea_Reply_post'

2022-01-17 09:53:12 - [MESSAGE][PASSED] - Text 'Reply topic' is set on object 'Object Repository/Page_New Course New discussion topic/textarea_Reply_post'

2022-01-17 09:53:12 - [TEST_STEP][PASSED] - click(findTestObject("Object Repository/Page_New Course New discussion topic/span_Post to forum")): Object: 'Object Repository/Page_New Course New discussion topic/span_Post to forum' is clicked on

2022-01-17 09:53:12 - [MESSAGE][PASSED] - Object: 'Object Repository/Page_New Course New discussion topic/span_Post to forum' is clicked on]]></system-out>
         <system-err><![CDATA[]]></system-err>
      </testcase>
      <testcase name="Test Cases/Student Attempt Quiz" time="13.477" classname="Test Cases/Student Attempt Quiz" status="PASSED">
         <system-out><![CDATA[2022-01-17 09:53:12 - [TEST_CASE][PASSED] - Test Cases/Student Attempt Quiz: Test Cases/Student Attempt Quiz

2022-01-17 09:53:12 - [TEST_STEP][PASSED] - callTestCase(findTestCase("Student Login"), [:], STOP_ON_FAILURE): Call Test Case 'Test Cases/Student Login' successfully

2022-01-17 09:53:12 - [TEST_CASE][PASSED] - Test Cases/Student Login: Test Cases/Student Login

2022-01-17 09:53:12 - [TEST_STEP][PASSED] - openBrowser(""): Browser is opened with url: ''

2022-01-17 09:53:12 - [MESSAGE][WARNING] - A browser is already opened. Closing browser and opening a new one

2022-01-17 09:53:13 - [MESSAGE][INFO] - Starting 'Chrome' driver

2022-01-17 09:53:13 - [MESSAGE][INFO] - Action delay is set to 0 milliseconds

2022-01-17 09:53:14 - [MESSAGE][PASSED] - Browser is opened with url: ''

2022-01-17 09:53:14 - [TEST_STEP][PASSED] - navigateToUrl("http://localhost/moodle/login/index.php"): Navigate to 'http://localhost/moodle/login/index.php' successfully

2022-01-17 09:53:15 - [MESSAGE][PASSED] - Navigate to 'http://localhost/moodle/login/index.php' successfully

2022-01-17 09:53:15 - [TEST_STEP][PASSED] - setText(findTestObject("Object Repository/Page_Moodle Log in to the site/input_Username_username (21)"), "minhduc"): Text 'minhduc' is set on object 'Object Repository/Page_Moodle Log in to the site/input_Username_username (21)'

2022-01-17 09:53:16 - [MESSAGE][PASSED] - Text 'minhduc' is set on object 'Object Repository/Page_Moodle Log in to the site/input_Username_username (21)'

2022-01-17 09:53:16 - [TEST_STEP][PASSED] - click(findTestObject("Object Repository/Page_Moodle Log in to the site/form_document.getElementById(anchor).value _70e5d4")): Object: 'Object Repository/Page_Moodle Log in to the site/form_document.getElementById(anchor).value _70e5d4' is clicked on

2022-01-17 09:53:16 - [MESSAGE][PASSED] - Object: 'Object Repository/Page_Moodle Log in to the site/form_document.getElementById(anchor).value _70e5d4' is clicked on

2022-01-17 09:53:16 - [TEST_STEP][PASSED] - setEncryptedText(findTestObject("Object Repository/Page_Moodle Log in to the site/input_Password_password (21)"), "8JanWqnBZBo6yBKKrpSnpw=="): Text ****** has been set on object 'Object Repository/Page_Moodle Log in to the site/input_Password_password (21)'

2022-01-17 09:53:17 - [MESSAGE][PASSED] - Text ****** has been set on object 'Object Repository/Page_Moodle Log in to the site/input_Password_password (21)'

2022-01-17 09:53:17 - [TEST_STEP][PASSED] - click(findTestObject("Object Repository/Page_Moodle Log in to the site/button_Log in (14)")): Object: 'Object Repository/Page_Moodle Log in to the site/button_Log in (14)' is clicked on

2022-01-17 09:53:18 - [MESSAGE][PASSED] - Object: 'Object Repository/Page_Moodle Log in to the site/button_Log in (14)' is clicked on

2022-01-17 09:53:18 - [MESSAGE][PASSED] - Call Test Case 'Test Cases/Student Login' successfully

2022-01-17 09:53:18 - [TEST_STEP][PASSED] - click(findTestObject("Object Repository/Page_Dashboard/span_Site home (10)")): Object: 'Object Repository/Page_Dashboard/span_Site home (10)' is clicked on

2022-01-17 09:53:21 - [MESSAGE][PASSED] - Object: 'Object Repository/Page_Dashboard/span_Site home (10)' is clicked on

2022-01-17 09:53:21 - [TEST_STEP][PASSED] - click(findTestObject("Object Repository/Page_Moodle/a_New Course Edited (9)")): Object: 'Object Repository/Page_Moodle/a_New Course Edited (9)' is clicked on

2022-01-17 09:53:22 - [MESSAGE][PASSED] - Object: 'Object Repository/Page_Moodle/a_New Course Edited (9)' is clicked on

2022-01-17 09:53:22 - [TEST_STEP][PASSED] - click(findTestObject("Object Repository/Page_Course New Course Edited/span_New Quiz")): Object: 'Object Repository/Page_Course New Course Edited/span_New Quiz' is clicked on

2022-01-17 09:53:24 - [MESSAGE][PASSED] - Object: 'Object Repository/Page_Course New Course Edited/span_New Quiz' is clicked on

2022-01-17 09:53:24 - [TEST_STEP][PASSED] - click(findTestObject("Object Repository/Page_New Course New Quiz/button_Attempt quiz now")): Object: 'Object Repository/Page_New Course New Quiz/button_Attempt quiz now' is clicked on

2022-01-17 09:53:25 - [MESSAGE][PASSED] - Object: 'Object Repository/Page_New Course New Quiz/button_Attempt quiz now' is clicked on]]></system-out>
         <system-err><![CDATA[]]></system-err>
      </testcase>
      <testcase name="Test Cases/Student Enter Chat Room" time="13.015" classname="Test Cases/Student Enter Chat Room" status="PASSED">
         <system-out><![CDATA[2022-01-17 09:53:25 - [TEST_CASE][PASSED] - Test Cases/Student Enter Chat Room: Test Cases/Student Enter Chat Room

2022-01-17 09:53:26 - [TEST_STEP][PASSED] - callTestCase(findTestCase("Student Login"), [:], STOP_ON_FAILURE): Call Test Case 'Test Cases/Student Login' successfully

2022-01-17 09:53:26 - [TEST_CASE][PASSED] - Test Cases/Student Login: Test Cases/Student Login

2022-01-17 09:53:26 - [TEST_STEP][PASSED] - openBrowser(""): Browser is opened with url: ''

2022-01-17 09:53:26 - [MESSAGE][WARNING] - A browser is already opened. Closing browser and opening a new one

2022-01-17 09:53:26 - [MESSAGE][INFO] - Starting 'Chrome' driver

2022-01-17 09:53:26 - [MESSAGE][INFO] - Action delay is set to 0 milliseconds

2022-01-17 09:53:28 - [MESSAGE][PASSED] - Browser is opened with url: ''

2022-01-17 09:53:28 - [TEST_STEP][PASSED] - navigateToUrl("http://localhost/moodle/login/index.php"): Navigate to 'http://localhost/moodle/login/index.php' successfully

2022-01-17 09:53:28 - [MESSAGE][PASSED] - Navigate to 'http://localhost/moodle/login/index.php' successfully

2022-01-17 09:53:28 - [TEST_STEP][PASSED] - setText(findTestObject("Object Repository/Page_Moodle Log in to the site/input_Username_username (21)"), "minhduc"): Text 'minhduc' is set on object 'Object Repository/Page_Moodle Log in to the site/input_Username_username (21)'

2022-01-17 09:53:29 - [MESSAGE][PASSED] - Text 'minhduc' is set on object 'Object Repository/Page_Moodle Log in to the site/input_Username_username (21)'

2022-01-17 09:53:29 - [TEST_STEP][PASSED] - click(findTestObject("Object Repository/Page_Moodle Log in to the site/form_document.getElementById(anchor).value _70e5d4")): Object: 'Object Repository/Page_Moodle Log in to the site/form_document.getElementById(anchor).value _70e5d4' is clicked on

2022-01-17 09:53:30 - [MESSAGE][PASSED] - Object: 'Object Repository/Page_Moodle Log in to the site/form_document.getElementById(anchor).value _70e5d4' is clicked on

2022-01-17 09:53:30 - [TEST_STEP][PASSED] - setEncryptedText(findTestObject("Object Repository/Page_Moodle Log in to the site/input_Password_password (21)"), "8JanWqnBZBo6yBKKrpSnpw=="): Text ****** has been set on object 'Object Repository/Page_Moodle Log in to the site/input_Password_password (21)'

2022-01-17 09:53:30 - [MESSAGE][PASSED] - Text ****** has been set on object 'Object Repository/Page_Moodle Log in to the site/input_Password_password (21)'

2022-01-17 09:53:30 - [TEST_STEP][PASSED] - click(findTestObject("Object Repository/Page_Moodle Log in to the site/button_Log in (14)")): Object: 'Object Repository/Page_Moodle Log in to the site/button_Log in (14)' is clicked on

2022-01-17 09:53:32 - [MESSAGE][PASSED] - Object: 'Object Repository/Page_Moodle Log in to the site/button_Log in (14)' is clicked on

2022-01-17 09:53:32 - [MESSAGE][PASSED] - Call Test Case 'Test Cases/Student Login' successfully

2022-01-17 09:53:32 - [TEST_STEP][PASSED] - click(findTestObject("Object Repository/Page_Dashboard/span_Site home (11)")): Object: 'Object Repository/Page_Dashboard/span_Site home (11)' is clicked on

2022-01-17 09:53:34 - [MESSAGE][PASSED] - Object: 'Object Repository/Page_Dashboard/span_Site home (11)' is clicked on

2022-01-17 09:53:34 - [TEST_STEP][PASSED] - click(findTestObject("Object Repository/Page_Moodle/a_New Course Edited (10)")): Object: 'Object Repository/Page_Moodle/a_New Course Edited (10)' is clicked on

2022-01-17 09:53:35 - [MESSAGE][PASSED] - Object: 'Object Repository/Page_Moodle/a_New Course Edited (10)' is clicked on

2022-01-17 09:53:35 - [TEST_STEP][PASSED] - click(findTestObject("Object Repository/Page_Course New Course Edited/span_Chat Room")): Object: 'Object Repository/Page_Course New Course Edited/span_Chat Room' is clicked on

2022-01-17 09:53:37 - [MESSAGE][PASSED] - Object: 'Object Repository/Page_Course New Course Edited/span_Chat Room' is clicked on

2022-01-17 09:53:37 - [TEST_STEP][PASSED] - click(findTestObject("Object Repository/Page_New Course Chat Room/a_Click here to enter the chat now")): Object: 'Object Repository/Page_New Course Chat Room/a_Click here to enter the chat now' is clicked on

2022-01-17 09:53:37 - [MESSAGE][PASSED] - Object: 'Object Repository/Page_New Course Chat Room/a_Click here to enter the chat now' is clicked on

2022-01-17 09:53:37 - [TEST_STEP][PASSED] - switchToWindowTitle("New Course: Chat Room"): Switched to window with title: 'New Course: Chat Room'

2022-01-17 09:53:37 - [MESSAGE][PASSED] - Switched to window with title: 'New Course: Chat Room'

2022-01-17 09:53:37 - [TEST_STEP][PASSED] - delay(1): Delayed 1 second(s)

2022-01-17 09:53:38 - [MESSAGE][PASSED] - Delayed 1 second(s)]]></system-out>
         <system-err><![CDATA[]]></system-err>
      </testcase>
      <testcase name="Test Cases/Student Mark As Done" time="11.429" classname="Test Cases/Student Mark As Done" status="PASSED">
         <system-out><![CDATA[2022-01-17 09:53:38 - [TEST_CASE][PASSED] - Test Cases/Student Mark As Done: Test Cases/Student Mark As Done

2022-01-17 09:53:39 - [TEST_STEP][PASSED] - callTestCase(findTestCase("Student Login"), [:], STOP_ON_FAILURE): Call Test Case 'Test Cases/Student Login' successfully

2022-01-17 09:53:39 - [TEST_CASE][PASSED] - Test Cases/Student Login: Test Cases/Student Login

2022-01-17 09:53:39 - [TEST_STEP][PASSED] - openBrowser(""): Browser is opened with url: ''

2022-01-17 09:53:39 - [MESSAGE][WARNING] - A browser is already opened. Closing browser and opening a new one

2022-01-17 09:53:39 - [MESSAGE][INFO] - Starting 'Chrome' driver

2022-01-17 09:53:39 - [MESSAGE][INFO] - Action delay is set to 0 milliseconds

2022-01-17 09:53:41 - [MESSAGE][PASSED] - Browser is opened with url: ''

2022-01-17 09:53:41 - [TEST_STEP][PASSED] - navigateToUrl("http://localhost/moodle/login/index.php"): Navigate to 'http://localhost/moodle/login/index.php' successfully

2022-01-17 09:53:41 - [MESSAGE][PASSED] - Navigate to 'http://localhost/moodle/login/index.php' successfully

2022-01-17 09:53:41 - [TEST_STEP][PASSED] - setText(findTestObject("Object Repository/Page_Moodle Log in to the site/input_Username_username (21)"), "minhduc"): Text 'minhduc' is set on object 'Object Repository/Page_Moodle Log in to the site/input_Username_username (21)'

2022-01-17 09:53:42 - [MESSAGE][PASSED] - Text 'minhduc' is set on object 'Object Repository/Page_Moodle Log in to the site/input_Username_username (21)'

2022-01-17 09:53:42 - [TEST_STEP][PASSED] - click(findTestObject("Object Repository/Page_Moodle Log in to the site/form_document.getElementById(anchor).value _70e5d4")): Object: 'Object Repository/Page_Moodle Log in to the site/form_document.getElementById(anchor).value _70e5d4' is clicked on

2022-01-17 09:53:43 - [MESSAGE][PASSED] - Object: 'Object Repository/Page_Moodle Log in to the site/form_document.getElementById(anchor).value _70e5d4' is clicked on

2022-01-17 09:53:43 - [TEST_STEP][PASSED] - setEncryptedText(findTestObject("Object Repository/Page_Moodle Log in to the site/input_Password_password (21)"), "8JanWqnBZBo6yBKKrpSnpw=="): Text ****** has been set on object 'Object Repository/Page_Moodle Log in to the site/input_Password_password (21)'

2022-01-17 09:53:43 - [MESSAGE][PASSED] - Text ****** has been set on object 'Object Repository/Page_Moodle Log in to the site/input_Password_password (21)'

2022-01-17 09:53:43 - [TEST_STEP][PASSED] - click(findTestObject("Object Repository/Page_Moodle Log in to the site/button_Log in (14)")): Object: 'Object Repository/Page_Moodle Log in to the site/button_Log in (14)' is clicked on

2022-01-17 09:53:45 - [MESSAGE][PASSED] - Object: 'Object Repository/Page_Moodle Log in to the site/button_Log in (14)' is clicked on

2022-01-17 09:53:45 - [MESSAGE][PASSED] - Call Test Case 'Test Cases/Student Login' successfully

2022-01-17 09:53:45 - [TEST_STEP][PASSED] - click(findTestObject("Object Repository/Page_Dashboard/span_Site home (12)")): Object: 'Object Repository/Page_Dashboard/span_Site home (12)' is clicked on

2022-01-17 09:53:47 - [MESSAGE][PASSED] - Object: 'Object Repository/Page_Dashboard/span_Site home (12)' is clicked on

2022-01-17 09:53:47 - [TEST_STEP][PASSED] - click(findTestObject("Object Repository/Page_Moodle/a_New Course Edited (11)")): Object: 'Object Repository/Page_Moodle/a_New Course Edited (11)' is clicked on

2022-01-17 09:53:48 - [MESSAGE][PASSED] - Object: 'Object Repository/Page_Moodle/a_New Course Edited (11)' is clicked on

2022-01-17 09:53:48 - [TEST_STEP][PASSED] - click(findTestObject("Object Repository/Page_Course New Course Edited/button_Mark as done")): Object: 'Object Repository/Page_Course New Course Edited/button_Mark as done' is clicked on

2022-01-17 09:53:49 - [MESSAGE][PASSED] - Object: 'Object Repository/Page_Course New Course Edited/button_Mark as done' is clicked on

2022-01-17 09:53:49 - [TEST_STEP][PASSED] - click(findTestObject("Object Repository/Page_Course New Course Edited/button_Mark as done_1")): Object: 'Object Repository/Page_Course New Course Edited/button_Mark as done_1' is clicked on

2022-01-17 09:53:50 - [MESSAGE][PASSED] - Object: 'Object Repository/Page_Course New Course Edited/button_Mark as done_1' is clicked on]]></system-out>
         <system-err><![CDATA[]]></system-err>
      </testcase>
      <testcase name="Test Cases/Student Submit Assignment" time="22.391" classname="Test Cases/Student Submit Assignment" status="PASSED">
         <system-out><![CDATA[2022-01-17 09:53:50 - [TEST_CASE][PASSED] - Test Cases/Student Submit Assignment: Test Cases/Student Submit Assignment

2022-01-17 09:53:50 - [TEST_STEP][PASSED] - callTestCase(findTestCase("Student Login"), [:], STOP_ON_FAILURE): Call Test Case 'Test Cases/Student Login' successfully

2022-01-17 09:53:50 - [TEST_CASE][PASSED] - Test Cases/Student Login: Test Cases/Student Login

2022-01-17 09:53:50 - [TEST_STEP][PASSED] - openBrowser(""): Browser is opened with url: ''

2022-01-17 09:53:50 - [MESSAGE][WARNING] - A browser is already opened. Closing browser and opening a new one

2022-01-17 09:53:51 - [MESSAGE][INFO] - Starting 'Chrome' driver

2022-01-17 09:53:51 - [MESSAGE][INFO] - Action delay is set to 0 milliseconds

2022-01-17 09:53:52 - [MESSAGE][PASSED] - Browser is opened with url: ''

2022-01-17 09:53:52 - [TEST_STEP][PASSED] - navigateToUrl("http://localhost/moodle/login/index.php"): Navigate to 'http://localhost/moodle/login/index.php' successfully

2022-01-17 09:53:53 - [MESSAGE][PASSED] - Navigate to 'http://localhost/moodle/login/index.php' successfully

2022-01-17 09:53:53 - [TEST_STEP][PASSED] - setText(findTestObject("Object Repository/Page_Moodle Log in to the site/input_Username_username (21)"), "minhduc"): Text 'minhduc' is set on object 'Object Repository/Page_Moodle Log in to the site/input_Username_username (21)'

2022-01-17 09:53:54 - [MESSAGE][PASSED] - Text 'minhduc' is set on object 'Object Repository/Page_Moodle Log in to the site/input_Username_username (21)'

2022-01-17 09:53:54 - [TEST_STEP][PASSED] - click(findTestObject("Object Repository/Page_Moodle Log in to the site/form_document.getElementById(anchor).value _70e5d4")): Object: 'Object Repository/Page_Moodle Log in to the site/form_document.getElementById(anchor).value _70e5d4' is clicked on

2022-01-17 09:53:54 - [MESSAGE][PASSED] - Object: 'Object Repository/Page_Moodle Log in to the site/form_document.getElementById(anchor).value _70e5d4' is clicked on

2022-01-17 09:53:54 - [TEST_STEP][PASSED] - setEncryptedText(findTestObject("Object Repository/Page_Moodle Log in to the site/input_Password_password (21)"), "8JanWqnBZBo6yBKKrpSnpw=="): Text ****** has been set on object 'Object Repository/Page_Moodle Log in to the site/input_Password_password (21)'

2022-01-17 09:53:55 - [MESSAGE][PASSED] - Text ****** has been set on object 'Object Repository/Page_Moodle Log in to the site/input_Password_password (21)'

2022-01-17 09:53:55 - [TEST_STEP][PASSED] - click(findTestObject("Object Repository/Page_Moodle Log in to the site/button_Log in (14)")): Object: 'Object Repository/Page_Moodle Log in to the site/button_Log in (14)' is clicked on

2022-01-17 09:53:56 - [MESSAGE][PASSED] - Object: 'Object Repository/Page_Moodle Log in to the site/button_Log in (14)' is clicked on

2022-01-17 09:53:56 - [MESSAGE][PASSED] - Call Test Case 'Test Cases/Student Login' successfully

2022-01-17 09:53:56 - [TEST_STEP][PASSED] - click(findTestObject("Object Repository/Page_Dashboard/span_Site home (13)")): Object: 'Object Repository/Page_Dashboard/span_Site home (13)' is clicked on

2022-01-17 09:53:59 - [MESSAGE][PASSED] - Object: 'Object Repository/Page_Dashboard/span_Site home (13)' is clicked on

2022-01-17 09:53:59 - [TEST_STEP][PASSED] - click(findTestObject("Object Repository/Page_Moodle/a_New Course Edited (12)")): Object: 'Object Repository/Page_Moodle/a_New Course Edited (12)' is clicked on

2022-01-17 09:54:00 - [MESSAGE][PASSED] - Object: 'Object Repository/Page_Moodle/a_New Course Edited (12)' is clicked on

2022-01-17 09:54:00 - [TEST_STEP][PASSED] - click(findTestObject("Object Repository/Page_Course New Course Edited/span_New Assignment")): Object: 'Object Repository/Page_Course New Course Edited/span_New Assignment' is clicked on

2022-01-17 09:54:01 - [MESSAGE][PASSED] - Object: 'Object Repository/Page_Course New Course Edited/span_New Assignment' is clicked on

2022-01-17 09:54:01 - [TEST_STEP][PASSED] - click(findTestObject("Object Repository/Page_New Course New Assignment/button_Add submission")): Object: 'Object Repository/Page_New Course New Assignment/button_Add submission' is clicked on

2022-01-17 09:54:02 - [MESSAGE][PASSED] - Object: 'Object Repository/Page_New Course New Assignment/button_Add submission' is clicked on

2022-01-17 09:54:02 - [TEST_STEP][PASSED] - delay(5): Delayed 5 second(s)

2022-01-17 09:54:07 - [MESSAGE][PASSED] - Delayed 5 second(s)

2022-01-17 09:54:07 - [TEST_STEP][PASSED] - click(findTestObject("Object Repository/Page_New Course New Assignment - Edit submission/input_Loading_submitbutton")): Object: 'Object Repository/Page_New Course New Assignment - Edit submission/input_Loading_submitbutton' is clicked on

2022-01-17 09:54:12 - [MESSAGE][PASSED] - Object: 'Object Repository/Page_New Course New Assignment - Edit submission/input_Loading_submitbutton' is clicked on]]></system-out>
         <system-err><![CDATA[]]></system-err>
      </testcase>
      <testcase name="Test Cases/Student Submit Late" time="11.728" classname="Test Cases/Student Submit Late" status="PASSED">
         <system-out><![CDATA[2022-01-17 09:54:12 - [TEST_CASE][PASSED] - Test Cases/Student Submit Late: Test Cases/Student Submit Late

2022-01-17 09:54:13 - [TEST_STEP][PASSED] - callTestCase(findTestCase("Student Login"), [:], STOP_ON_FAILURE): Call Test Case 'Test Cases/Student Login' successfully

2022-01-17 09:54:13 - [TEST_CASE][PASSED] - Test Cases/Student Login: Test Cases/Student Login

2022-01-17 09:54:13 - [TEST_STEP][PASSED] - openBrowser(""): Browser is opened with url: ''

2022-01-17 09:54:13 - [MESSAGE][WARNING] - A browser is already opened. Closing browser and opening a new one

2022-01-17 09:54:13 - [MESSAGE][INFO] - Starting 'Chrome' driver

2022-01-17 09:54:13 - [MESSAGE][INFO] - Action delay is set to 0 milliseconds

2022-01-17 09:54:15 - [MESSAGE][PASSED] - Browser is opened with url: ''

2022-01-17 09:54:15 - [TEST_STEP][PASSED] - navigateToUrl("http://localhost/moodle/login/index.php"): Navigate to 'http://localhost/moodle/login/index.php' successfully

2022-01-17 09:54:15 - [MESSAGE][PASSED] - Navigate to 'http://localhost/moodle/login/index.php' successfully

2022-01-17 09:54:15 - [TEST_STEP][PASSED] - setText(findTestObject("Object Repository/Page_Moodle Log in to the site/input_Username_username (21)"), "minhduc"): Text 'minhduc' is set on object 'Object Repository/Page_Moodle Log in to the site/input_Username_username (21)'

2022-01-17 09:54:16 - [MESSAGE][PASSED] - Text 'minhduc' is set on object 'Object Repository/Page_Moodle Log in to the site/input_Username_username (21)'

2022-01-17 09:54:16 - [TEST_STEP][PASSED] - click(findTestObject("Object Repository/Page_Moodle Log in to the site/form_document.getElementById(anchor).value _70e5d4")): Object: 'Object Repository/Page_Moodle Log in to the site/form_document.getElementById(anchor).value _70e5d4' is clicked on

2022-01-17 09:54:16 - [MESSAGE][PASSED] - Object: 'Object Repository/Page_Moodle Log in to the site/form_document.getElementById(anchor).value _70e5d4' is clicked on

2022-01-17 09:54:16 - [TEST_STEP][PASSED] - setEncryptedText(findTestObject("Object Repository/Page_Moodle Log in to the site/input_Password_password (21)"), "8JanWqnBZBo6yBKKrpSnpw=="): Text ****** has been set on object 'Object Repository/Page_Moodle Log in to the site/input_Password_password (21)'

2022-01-17 09:54:17 - [MESSAGE][PASSED] - Text ****** has been set on object 'Object Repository/Page_Moodle Log in to the site/input_Password_password (21)'

2022-01-17 09:54:17 - [TEST_STEP][PASSED] - click(findTestObject("Object Repository/Page_Moodle Log in to the site/button_Log in (14)")): Object: 'Object Repository/Page_Moodle Log in to the site/button_Log in (14)' is clicked on

2022-01-17 09:54:18 - [MESSAGE][PASSED] - Object: 'Object Repository/Page_Moodle Log in to the site/button_Log in (14)' is clicked on

2022-01-17 09:54:18 - [MESSAGE][PASSED] - Call Test Case 'Test Cases/Student Login' successfully

2022-01-17 09:54:18 - [TEST_STEP][PASSED] - click(findTestObject("Object Repository/Page_Dashboard/span_Site home (15)")): Object: 'Object Repository/Page_Dashboard/span_Site home (15)' is clicked on

2022-01-17 09:54:21 - [MESSAGE][PASSED] - Object: 'Object Repository/Page_Dashboard/span_Site home (15)' is clicked on

2022-01-17 09:54:21 - [TEST_STEP][PASSED] - click(findTestObject("Object Repository/Page_Moodle/a_New Course Edited (14)")): Object: 'Object Repository/Page_Moodle/a_New Course Edited (14)' is clicked on

2022-01-17 09:54:22 - [MESSAGE][PASSED] - Object: 'Object Repository/Page_Moodle/a_New Course Edited (14)' is clicked on

2022-01-17 09:54:22 - [TEST_STEP][PASSED] - click(findTestObject("Object Repository/Page_Course New Course Edited/span_Late Assignment")): Object: 'Object Repository/Page_Course New Course Edited/span_Late Assignment' is clicked on

2022-01-17 09:54:23 - [MESSAGE][PASSED] - Object: 'Object Repository/Page_Course New Course Edited/span_Late Assignment' is clicked on

2022-01-17 09:54:23 - [TEST_STEP][PASSED] - click(findTestObject("Object Repository/Page_New Course Late Assignment/div_Submission statusNo attemptGrading stat_59d06a")): Object: 'Object Repository/Page_New Course Late Assignment/div_Submission statusNo attemptGrading stat_59d06a' is clicked on

2022-01-17 09:54:24 - [MESSAGE][PASSED] - Object: 'Object Repository/Page_New Course Late Assignment/div_Submission statusNo attemptGrading stat_59d06a' is clicked on]]></system-out>
         <system-err><![CDATA[]]></system-err>
      </testcase>
      <testcase name="Test Cases/Student View Calendar" time="11.479" classname="Test Cases/Student View Calendar" status="PASSED">
         <system-out><![CDATA[2022-01-17 09:54:24 - [TEST_CASE][PASSED] - Test Cases/Student View Calendar: Test Cases/Student View Calendar

2022-01-17 09:54:24 - [TEST_STEP][PASSED] - callTestCase(findTestCase("Student Login"), [:], STOP_ON_FAILURE): Call Test Case 'Test Cases/Student Login' successfully

2022-01-17 09:54:24 - [TEST_CASE][PASSED] - Test Cases/Student Login: Test Cases/Student Login

2022-01-17 09:54:24 - [TEST_STEP][PASSED] - openBrowser(""): Browser is opened with url: ''

2022-01-17 09:54:24 - [MESSAGE][WARNING] - A browser is already opened. Closing browser and opening a new one

2022-01-17 09:54:25 - [MESSAGE][INFO] - Starting 'Chrome' driver

2022-01-17 09:54:25 - [MESSAGE][INFO] - Action delay is set to 0 milliseconds

2022-01-17 09:54:26 - [MESSAGE][PASSED] - Browser is opened with url: ''

2022-01-17 09:54:26 - [TEST_STEP][PASSED] - navigateToUrl("http://localhost/moodle/login/index.php"): Navigate to 'http://localhost/moodle/login/index.php' successfully

2022-01-17 09:54:27 - [MESSAGE][PASSED] - Navigate to 'http://localhost/moodle/login/index.php' successfully

2022-01-17 09:54:27 - [TEST_STEP][PASSED] - setText(findTestObject("Object Repository/Page_Moodle Log in to the site/input_Username_username (21)"), "minhduc"): Text 'minhduc' is set on object 'Object Repository/Page_Moodle Log in to the site/input_Username_username (21)'

2022-01-17 09:54:28 - [MESSAGE][PASSED] - Text 'minhduc' is set on object 'Object Repository/Page_Moodle Log in to the site/input_Username_username (21)'

2022-01-17 09:54:28 - [TEST_STEP][PASSED] - click(findTestObject("Object Repository/Page_Moodle Log in to the site/form_document.getElementById(anchor).value _70e5d4")): Object: 'Object Repository/Page_Moodle Log in to the site/form_document.getElementById(anchor).value _70e5d4' is clicked on

2022-01-17 09:54:28 - [MESSAGE][PASSED] - Object: 'Object Repository/Page_Moodle Log in to the site/form_document.getElementById(anchor).value _70e5d4' is clicked on

2022-01-17 09:54:28 - [TEST_STEP][PASSED] - setEncryptedText(findTestObject("Object Repository/Page_Moodle Log in to the site/input_Password_password (21)"), "8JanWqnBZBo6yBKKrpSnpw=="): Text ****** has been set on object 'Object Repository/Page_Moodle Log in to the site/input_Password_password (21)'

2022-01-17 09:54:29 - [MESSAGE][PASSED] - Text ****** has been set on object 'Object Repository/Page_Moodle Log in to the site/input_Password_password (21)'

2022-01-17 09:54:29 - [TEST_STEP][PASSED] - click(findTestObject("Object Repository/Page_Moodle Log in to the site/button_Log in (14)")): Object: 'Object Repository/Page_Moodle Log in to the site/button_Log in (14)' is clicked on

2022-01-17 09:54:30 - [MESSAGE][PASSED] - Object: 'Object Repository/Page_Moodle Log in to the site/button_Log in (14)' is clicked on

2022-01-17 09:54:30 - [MESSAGE][PASSED] - Call Test Case 'Test Cases/Student Login' successfully

2022-01-17 09:54:30 - [TEST_STEP][PASSED] - click(findTestObject("Object Repository/Page_Dashboard/span_Site home (16)")): Object: 'Object Repository/Page_Dashboard/span_Site home (16)' is clicked on

2022-01-17 09:54:33 - [MESSAGE][PASSED] - Object: 'Object Repository/Page_Dashboard/span_Site home (16)' is clicked on

2022-01-17 09:54:33 - [TEST_STEP][PASSED] - click(findTestObject("Object Repository/Page_Moodle/a_New Course Edited (15)")): Object: 'Object Repository/Page_Moodle/a_New Course Edited (15)' is clicked on

2022-01-17 09:54:34 - [MESSAGE][PASSED] - Object: 'Object Repository/Page_Moodle/a_New Course Edited (15)' is clicked on

2022-01-17 09:54:34 - [TEST_STEP][PASSED] - click(findTestObject("Object Repository/Page_Course New Course Edited/span_Calendar")): Object: 'Object Repository/Page_Course New Course Edited/span_Calendar' is clicked on

2022-01-17 09:54:35 - [MESSAGE][PASSED] - Object: 'Object Repository/Page_Course New Course Edited/span_Calendar' is clicked on]]></system-out>
         <system-err><![CDATA[]]></system-err>
      </testcase>
      <system-out><![CDATA[2022-01-17 09:46:42 - [TEST_SUITE][FAILED] - Run all test cases: Test Cases/Admin Remove Course Creator FAILED.
Reason:
com.kms.katalon.core.exception.StepFailedException: Unable to click on object 'Object Repository/Page_Dashboard/span_Site administration (11)'
	at com.kms.katalon.core.webui.keyword.internal.WebUIKeywordMain.stepFailed(WebUIKeywordMain.groovy:64)
	at com.kms.katalon.core.webui.keyword.internal.WebUIKeywordMain.runKeyword(WebUIKeywordMain.groovy:26)
	at com.kms.katalon.core.webui.keyword.builtin.ClickKeyword.click(ClickKeyword.groovy:74)
	at com.kms.katalon.core.webui.keyword.builtin.ClickKeyword.execute(ClickKeyword.groovy:40)
	at com.kms.katalon.core.keyword.internal.KeywordExecutor.executeKeywordForPlatform(KeywordExecutor.groovy:74)
	at com.kms.katalon.core.webui.keyword.WebUiBuiltInKeywords.click(WebUiBuiltInKeywords.groovy:620)
	at com.kms.katalon.core.webui.keyword.WebUiBuiltInKeywords$click$3.call(Unknown Source)
	at Admin Remove Course Creator.run(Admin Remove Course Creator:22)
	at com.kms.katalon.core.main.ScriptEngine.run(ScriptEngine.java:194)
	at com.kms.katalon.core.main.ScriptEngine.runScriptAsRawText(ScriptEngine.java:119)
	at com.kms.katalon.core.main.TestCaseExecutor.runScript(TestCaseExecutor.java:442)
	at com.kms.katalon.core.main.TestCaseExecutor.doExecute(TestCaseExecutor.java:433)
	at com.kms.katalon.core.main.TestCaseExecutor.processExecutionPhase(TestCaseExecutor.java:412)
	at com.kms.katalon.core.main.TestCaseExecutor.accessMainPhase(TestCaseExecutor.java:404)
	at com.kms.katalon.core.main.TestCaseExecutor.execute(TestCaseExecutor.java:281)
	at com.kms.katalon.core.main.TestSuiteExecutor.accessTestCaseMainPhase(TestSuiteExecutor.java:202)
	at com.kms.katalon.core.main.TestSuiteExecutor.accessTestSuiteMainPhase(TestSuiteExecutor.java:164)
	at com.kms.katalon.core.main.TestSuiteExecutor.execute(TestSuiteExecutor.java:105)
	at com.kms.katalon.core.main.TestCaseMain.startTestSuite(TestCaseMain.java:181)
	at com.kms.katalon.core.main.TestCaseMain$startTestSuite$0.call(Unknown Source)
	at TempTestSuite1642387584021.run(TempTestSuite1642387584021.groovy:36)
Caused by: org.openqa.selenium.ElementNotInteractableException: element not interactable
  (Session info: chrome=97.0.4692.71)
Build info: version: '3.141.59', revision: 'e82be7d358', time: '2018-11-14T08:25:53'
System info: host: 'MINHDUC', ip: '192.168.3.10', os.name: 'Windows 10', os.arch: 'amd64', os.version: '10.0', java.version: '1.8.0_282'
Driver info: com.kms.katalon.selenium.driver.CChromeDriver
Capabilities {acceptInsecureCerts: false, browserName: chrome, browserVersion: 97.0.4692.71, chrome: {chromedriverVersion: 97.0.4692.71 (adefa7837d02a..., userDataDir: C:\Users\MINHDU~1\AppData\L...}, goog:chromeOptions: {debuggerAddress: localhost:56661}, javascriptEnabled: true, networkConnectionEnabled: false, pageLoadStrategy: normal, platform: WINDOWS, platformName: WINDOWS, proxy: Proxy(), setWindowRect: true, strictFileInteractability: false, timeouts: {implicit: 0, pageLoad: 300000, script: 30000}, unhandledPromptBehavior: dismiss and notify, webauthn:extension:credBlob: true, webauthn:extension:largeBlob: true, webauthn:virtualAuthenticators: true}
Session ID: 983caf310aa3bc1202257556b454b342
	at org.openqa.selenium.remote.http.W3CHttpResponseCodec.createException(W3CHttpResponseCodec.java:187)
	at org.openqa.selenium.remote.http.W3CHttpResponseCodec.decode(W3CHttpResponseCodec.java:122)
	at org.openqa.selenium.remote.http.W3CHttpResponseCodec.decode(W3CHttpResponseCodec.java:49)
	at org.openqa.selenium.remote.HttpCommandExecutor.execute(HttpCommandExecutor.java:158)
	at org.openqa.selenium.remote.service.DriverCommandExecutor.execute(DriverCommandExecutor.java:83)
	at org.openqa.selenium.remote.RemoteWebDriver.execute(RemoteWebDriver.java:552)
	at com.kms.katalon.selenium.driver.CChromeDriver.execute(CChromeDriver.java:19)
	at org.openqa.selenium.remote.RemoteWebElement.execute(RemoteWebElement.java:285)
	at org.openqa.selenium.remote.RemoteWebElement.click(RemoteWebElement.java:84)
	at org.openqa.selenium.support.events.EventFiringWebDriver$EventFiringWebElement.lambda$new$0(EventFiringWebDriver.java:404)
	at com.sun.proxy.$Proxy11.click(Unknown Source)
	at org.openqa.selenium.support.events.EventFiringWebDriver$EventFiringWebElement.click(EventFiringWebDriver.java:417)
	at org.openqa.selenium.WebElement$click.call(Unknown Source)
	at com.kms.katalon.core.webui.keyword.builtin.ClickKeyword.clickUntilSuccessWithTimeout(ClickKeyword.groovy:81)
	at com.kms.katalon.core.webui.keyword.builtin.ClickKeyword.clickUntilSuccessWithTimeout(ClickKeyword.groovy)
	at com.kms.katalon.core.webui.keyword.builtin.ClickKeyword$_click_closure1.doCall(ClickKeyword.groovy:67)
	at com.kms.katalon.core.webui.keyword.builtin.ClickKeyword$_click_closure1.call(ClickKeyword.groovy)
	at com.kms.katalon.core.webui.keyword.internal.WebUIKeywordMain.runKeyword(WebUIKeywordMain.groovy:20)
	... 19 more]]></system-out>
      <system-err><![CDATA[2022-01-17 09:46:42 - [TEST_SUITE][FAILED] - Run all test cases: Test Cases/Admin Remove Course Creator FAILED.
Reason:
com.kms.katalon.core.exception.StepFailedException: Unable to click on object 'Object Repository/Page_Dashboard/span_Site administration (11)'
	at com.kms.katalon.core.webui.keyword.internal.WebUIKeywordMain.stepFailed(WebUIKeywordMain.groovy:64)
	at com.kms.katalon.core.webui.keyword.internal.WebUIKeywordMain.runKeyword(WebUIKeywordMain.groovy:26)
	at com.kms.katalon.core.webui.keyword.builtin.ClickKeyword.click(ClickKeyword.groovy:74)
	at com.kms.katalon.core.webui.keyword.builtin.ClickKeyword.execute(ClickKeyword.groovy:40)
	at com.kms.katalon.core.keyword.internal.KeywordExecutor.executeKeywordForPlatform(KeywordExecutor.groovy:74)
	at com.kms.katalon.core.webui.keyword.WebUiBuiltInKeywords.click(WebUiBuiltInKeywords.groovy:620)
	at com.kms.katalon.core.webui.keyword.WebUiBuiltInKeywords$click$3.call(Unknown Source)
	at Admin Remove Course Creator.run(Admin Remove Course Creator:22)
	at com.kms.katalon.core.main.ScriptEngine.run(ScriptEngine.java:194)
	at com.kms.katalon.core.main.ScriptEngine.runScriptAsRawText(ScriptEngine.java:119)
	at com.kms.katalon.core.main.TestCaseExecutor.runScript(TestCaseExecutor.java:442)
	at com.kms.katalon.core.main.TestCaseExecutor.doExecute(TestCaseExecutor.java:433)
	at com.kms.katalon.core.main.TestCaseExecutor.processExecutionPhase(TestCaseExecutor.java:412)
	at com.kms.katalon.core.main.TestCaseExecutor.accessMainPhase(TestCaseExecutor.java:404)
	at com.kms.katalon.core.main.TestCaseExecutor.execute(TestCaseExecutor.java:281)
	at com.kms.katalon.core.main.TestSuiteExecutor.accessTestCaseMainPhase(TestSuiteExecutor.java:202)
	at com.kms.katalon.core.main.TestSuiteExecutor.accessTestSuiteMainPhase(TestSuiteExecutor.java:164)
	at com.kms.katalon.core.main.TestSuiteExecutor.execute(TestSuiteExecutor.java:105)
	at com.kms.katalon.core.main.TestCaseMain.startTestSuite(TestCaseMain.java:181)
	at com.kms.katalon.core.main.TestCaseMain$startTestSuite$0.call(Unknown Source)
	at TempTestSuite1642387584021.run(TempTestSuite1642387584021.groovy:36)
Caused by: org.openqa.selenium.ElementNotInteractableException: element not interactable
  (Session info: chrome=97.0.4692.71)
Build info: version: '3.141.59', revision: 'e82be7d358', time: '2018-11-14T08:25:53'
System info: host: 'MINHDUC', ip: '192.168.3.10', os.name: 'Windows 10', os.arch: 'amd64', os.version: '10.0', java.version: '1.8.0_282'
Driver info: com.kms.katalon.selenium.driver.CChromeDriver
Capabilities {acceptInsecureCerts: false, browserName: chrome, browserVersion: 97.0.4692.71, chrome: {chromedriverVersion: 97.0.4692.71 (adefa7837d02a..., userDataDir: C:\Users\MINHDU~1\AppData\L...}, goog:chromeOptions: {debuggerAddress: localhost:56661}, javascriptEnabled: true, networkConnectionEnabled: false, pageLoadStrategy: normal, platform: WINDOWS, platformName: WINDOWS, proxy: Proxy(), setWindowRect: true, strictFileInteractability: false, timeouts: {implicit: 0, pageLoad: 300000, script: 30000}, unhandledPromptBehavior: dismiss and notify, webauthn:extension:credBlob: true, webauthn:extension:largeBlob: true, webauthn:virtualAuthenticators: true}
Session ID: 983caf310aa3bc1202257556b454b342
	at org.openqa.selenium.remote.http.W3CHttpResponseCodec.createException(W3CHttpResponseCodec.java:187)
	at org.openqa.selenium.remote.http.W3CHttpResponseCodec.decode(W3CHttpResponseCodec.java:122)
	at org.openqa.selenium.remote.http.W3CHttpResponseCodec.decode(W3CHttpResponseCodec.java:49)
	at org.openqa.selenium.remote.HttpCommandExecutor.execute(HttpCommandExecutor.java:158)
	at org.openqa.selenium.remote.service.DriverCommandExecutor.execute(DriverCommandExecutor.java:83)
	at org.openqa.selenium.remote.RemoteWebDriver.execute(RemoteWebDriver.java:552)
	at com.kms.katalon.selenium.driver.CChromeDriver.execute(CChromeDriver.java:19)
	at org.openqa.selenium.remote.RemoteWebElement.execute(RemoteWebElement.java:285)
	at org.openqa.selenium.remote.RemoteWebElement.click(RemoteWebElement.java:84)
	at org.openqa.selenium.support.events.EventFiringWebDriver$EventFiringWebElement.lambda$new$0(EventFiringWebDriver.java:404)
	at com.sun.proxy.$Proxy11.click(Unknown Source)
	at org.openqa.selenium.support.events.EventFiringWebDriver$EventFiringWebElement.click(EventFiringWebDriver.java:417)
	at org.openqa.selenium.WebElement$click.call(Unknown Source)
	at com.kms.katalon.core.webui.keyword.builtin.ClickKeyword.clickUntilSuccessWithTimeout(ClickKeyword.groovy:81)
	at com.kms.katalon.core.webui.keyword.builtin.ClickKeyword.clickUntilSuccessWithTimeout(ClickKeyword.groovy)
	at com.kms.katalon.core.webui.keyword.builtin.ClickKeyword$_click_closure1.doCall(ClickKeyword.groovy:67)
	at com.kms.katalon.core.webui.keyword.builtin.ClickKeyword$_click_closure1.call(ClickKeyword.groovy)
	at com.kms.katalon.core.webui.keyword.internal.WebUIKeywordMain.runKeyword(WebUIKeywordMain.groovy:20)
	... 19 more]]></system-err>
   </testsuite>
</testsuites>
