<?xml version="1.0" encoding="UTF-8"?>
<testsuites name="Run all test cases" time="1108.854" tests="50" failures="6" errors="0">
   <testsuite name="Run all test cases" tests="50" failures="6" errors="0" time="1108.854" skipped="0" timestamp="2022-01-17 20:50:12" hostname="Minh Duc - 192.168.3.10" id="Test Suites/Run all test cases">
      <properties>
         <property name="deviceName" value=""/>
         <property name="devicePlatform" value=""/>
         <property name="logFolder" value="C:\\Users\\Minh Duc\\Desktop\\Test-Automation-SE-Bonus\\Test Automation - SE Bonus\\Reports\\20220117_205002\\Run all test cases\\20220117_205002"/>
         <property name="logFiles" value="C:\\Users\\Minh Duc\\Desktop\\Test-Automation-SE-Bonus\\Test Automation - SE Bonus\\Reports\\20220117_205002\\Run all test cases\\20220117_205002\\execution0.log"/>
         <property name="attachments" value="C:\\Users\\Minh Duc\\Desktop\\Test-Automation-SE-Bonus\\Test Automation - SE Bonus\\Reports\\20220117_205002\\Run all test cases\\20220117_205002\\1642427748129.png, C:\\Users\\Minh Duc\\Desktop\\Test-Automation-SE-Bonus\\Test Automation - SE Bonus\\Reports\\20220117_205002\\Run all test cases\\20220117_205002\\1642427792846.png, C:\\Users\\Minh Duc\\Desktop\\Test-Automation-SE-Bonus\\Test Automation - SE Bonus\\Reports\\20220117_205002\\Run all test cases\\20220117_205002\\1642427809808.png, C:\\Users\\Minh Duc\\Desktop\\Test-Automation-SE-Bonus\\Test Automation - SE Bonus\\Reports\\20220117_205002\\Run all test cases\\20220117_205002\\1642427850363.png, C:\\Users\\Minh Duc\\Desktop\\Test-Automation-SE-Bonus\\Test Automation - SE Bonus\\Reports\\20220117_205002\\Run all test cases\\20220117_205002\\1642428463587.png"/>
         <property name="hostName" value="Minh Duc - 192.168.3.10"/>
         <property name="os" value="Windows 10 64bit"/>
         <property name="katalonVersion" value="8.2.0.208"/>
         <property name="browser" value="Chrome 97.0.4692.71"/>
         <property name="hostAddress" value="192.168.3.10"/>
         <property name="sessionId" value="7fe321abc2456110d68a5f7f77623312"/>
         <property name="seleniumVersion" value="3.141.59"/>
         <property name="proxyInformation" value="ProxyInformation { proxyOption=NO_PROXY, proxyServerType=HTTP, username=, password=********, proxyServerAddress=, proxyServerPort=0, executionList=&quot;&quot;, isApplyToDesiredCapabilities=true }"/>
         <property name="platform" value="Windows 10"/>
      </properties>
      <testcase name="Test Cases/Admin Login" time="8.665" classname="Test Cases/Admin Login" status="PASSED">
         <system-out><![CDATA[2022-01-17 20:50:12 - [TEST_CASE][PASSED] - Test Cases/Admin Login: Test Cases/Admin Login

2022-01-17 20:50:13 - [TEST_STEP][PASSED] - openBrowser(""): Browser is opened with url: ''

2022-01-17 20:50:13 - [MESSAGE][INFO] - Starting 'Chrome' driver

2022-01-17 20:50:13 - [MESSAGE][INFO] - Action delay is set to 0 milliseconds

2022-01-17 20:50:16 - [MESSAGE][PASSED] - Browser is opened with url: ''

2022-01-17 20:50:16 - [TEST_STEP][PASSED] - navigateToUrl("http://localhost/moodle/login/index.php"): Navigate to 'http://localhost/moodle/login/index.php' successfully

2022-01-17 20:50:17 - [MESSAGE][PASSED] - Navigate to 'http://localhost/moodle/login/index.php' successfully

2022-01-17 20:50:17 - [TEST_STEP][PASSED] - setText(findTestObject("Object Repository/Page_Moodle Log in to the site/input_Username_username"), "admin"): Text 'admin' is set on object 'Object Repository/Page_Moodle Log in to the site/input_Username_username'

2022-01-17 20:50:18 - [MESSAGE][PASSED] - Text 'admin' is set on object 'Object Repository/Page_Moodle Log in to the site/input_Username_username'

2022-01-17 20:50:18 - [TEST_STEP][PASSED] - setEncryptedText(findTestObject("Object Repository/Page_Moodle Log in to the site/input_Password_password"), "8JanWqnBZBo6yBKKrpSnpw=="): Text ****** has been set on object 'Object Repository/Page_Moodle Log in to the site/input_Password_password'

2022-01-17 20:50:18 - [MESSAGE][PASSED] - Text ****** has been set on object 'Object Repository/Page_Moodle Log in to the site/input_Password_password'

2022-01-17 20:50:18 - [TEST_STEP][PASSED] - click(findTestObject("Object Repository/Page_Moodle Log in to the site/button_Log in")): Object: 'Object Repository/Page_Moodle Log in to the site/button_Log in' is clicked on

2022-01-17 20:50:21 - [MESSAGE][PASSED] - Object: 'Object Repository/Page_Moodle Log in to the site/button_Log in' is clicked on]]></system-out>
         <system-err><![CDATA[]]></system-err>
      </testcase>
      <testcase name="Test Cases/Admin Add User" time="29.434" classname="Test Cases/Admin Add User" status="PASSED">
         <system-out><![CDATA[2022-01-17 20:50:21 - [TEST_CASE][PASSED] - Test Cases/Admin Add User: Test Cases/Admin Add User

2022-01-17 20:50:22 - [TEST_STEP][PASSED] - callTestCase(findTestCase("Admin Login"), [:], STOP_ON_FAILURE): Call Test Case 'Test Cases/Admin Login' successfully

2022-01-17 20:50:22 - [TEST_CASE][PASSED] - Test Cases/Admin Login: Test Cases/Admin Login

2022-01-17 20:50:22 - [TEST_STEP][PASSED] - openBrowser(""): Browser is opened with url: ''

2022-01-17 20:50:22 - [MESSAGE][WARNING] - A browser is already opened. Closing browser and opening a new one

2022-01-17 20:50:23 - [MESSAGE][INFO] - Starting 'Chrome' driver

2022-01-17 20:50:23 - [MESSAGE][INFO] - Action delay is set to 0 milliseconds

2022-01-17 20:50:24 - [MESSAGE][PASSED] - Browser is opened with url: ''

2022-01-17 20:50:24 - [TEST_STEP][PASSED] - navigateToUrl("http://localhost/moodle/login/index.php"): Navigate to 'http://localhost/moodle/login/index.php' successfully

2022-01-17 20:50:25 - [MESSAGE][PASSED] - Navigate to 'http://localhost/moodle/login/index.php' successfully

2022-01-17 20:50:25 - [TEST_STEP][PASSED] - setText(findTestObject("Object Repository/Page_Moodle Log in to the site/input_Username_username"), "admin"): Text 'admin' is set on object 'Object Repository/Page_Moodle Log in to the site/input_Username_username'

2022-01-17 20:50:26 - [MESSAGE][PASSED] - Text 'admin' is set on object 'Object Repository/Page_Moodle Log in to the site/input_Username_username'

2022-01-17 20:50:26 - [TEST_STEP][PASSED] - setEncryptedText(findTestObject("Object Repository/Page_Moodle Log in to the site/input_Password_password"), "8JanWqnBZBo6yBKKrpSnpw=="): Text ****** has been set on object 'Object Repository/Page_Moodle Log in to the site/input_Password_password'

2022-01-17 20:50:26 - [MESSAGE][PASSED] - Text ****** has been set on object 'Object Repository/Page_Moodle Log in to the site/input_Password_password'

2022-01-17 20:50:26 - [TEST_STEP][PASSED] - click(findTestObject("Object Repository/Page_Moodle Log in to the site/button_Log in")): Object: 'Object Repository/Page_Moodle Log in to the site/button_Log in' is clicked on

2022-01-17 20:50:28 - [MESSAGE][PASSED] - Object: 'Object Repository/Page_Moodle Log in to the site/button_Log in' is clicked on

2022-01-17 20:50:28 - [MESSAGE][PASSED] - Call Test Case 'Test Cases/Admin Login' successfully

2022-01-17 20:50:28 - [TEST_STEP][PASSED] - click(findTestObject("Page_Dashboard/span_Site administration")): Object: 'Object Repository/Page_Dashboard/span_Site administration' is clicked on

2022-01-17 20:50:31 - [MESSAGE][PASSED] - Object: 'Object Repository/Page_Dashboard/span_Site administration' is clicked on

2022-01-17 20:50:31 - [TEST_STEP][PASSED] - click(findTestObject("Object Repository/Page_Moodle Administration Search/a_Users (3)")): Object: 'Object Repository/Page_Moodle Administration Search/a_Users (3)' is clicked on

2022-01-17 20:50:31 - [MESSAGE][PASSED] - Object: 'Object Repository/Page_Moodle Administration Search/a_Users (3)' is clicked on

2022-01-17 20:50:31 - [TEST_STEP][PASSED] - click(findTestObject("Object Repository/Page_Moodle Administration Search/a_Add a new user (2)")): Object: 'Object Repository/Page_Moodle Administration Search/a_Add a new user (2)' is clicked on

2022-01-17 20:50:34 - [MESSAGE][PASSED] - Object: 'Object Repository/Page_Moodle Administration Search/a_Add a new user (2)' is clicked on

2022-01-17 20:50:34 - [TEST_STEP][PASSED] - setText(findTestObject("Object Repository/Page_Moodle Administration Users Accounts A_0fbd97/input_Username_username (2)"), "minhduc"): Text 'minhduc' is set on object 'Object Repository/Page_Moodle Administration Users Accounts A_0fbd97/input_Username_username (2)'

2022-01-17 20:50:36 - [MESSAGE][PASSED] - Text 'minhduc' is set on object 'Object Repository/Page_Moodle Administration Users Accounts A_0fbd97/input_Username_username (2)'

2022-01-17 20:50:36 - [TEST_STEP][PASSED] - click(findTestObject("Page_Moodle Administration Users Accounts A_0fbd97/a_Click to enter text")): Object: 'Object Repository/Page_Moodle Administration Users Accounts A_0fbd97/a_Click to enter text' is clicked on

2022-01-17 20:50:36 - [MESSAGE][PASSED] - Object: 'Object Repository/Page_Moodle Administration Users Accounts A_0fbd97/a_Click to enter text' is clicked on

2022-01-17 20:50:36 - [TEST_STEP][PASSED] - setEncryptedText(findTestObject("Object Repository/Page_Moodle Administration Users Accounts A_0fbd97/input_New password_newpassword (2)"), "8JanWqnBZBo6yBKKrpSnpw=="): Text ****** has been set on object 'Object Repository/Page_Moodle Administration Users Accounts A_0fbd97/input_New password_newpassword (2)'

2022-01-17 20:50:37 - [MESSAGE][PASSED] - Text ****** has been set on object 'Object Repository/Page_Moodle Administration Users Accounts A_0fbd97/input_New password_newpassword (2)'

2022-01-17 20:50:37 - [TEST_STEP][PASSED] - setText(findTestObject("Object Repository/Page_Moodle Administration Users Accounts A_0fbd97/input_First name_firstname (2)"), "Đức"): Text 'Đức' is set on object 'Object Repository/Page_Moodle Administration Users Accounts A_0fbd97/input_First name_firstname (2)'

2022-01-17 20:50:38 - [MESSAGE][PASSED] - Text 'Đức' is set on object 'Object Repository/Page_Moodle Administration Users Accounts A_0fbd97/input_First name_firstname (2)'

2022-01-17 20:50:38 - [TEST_STEP][PASSED] - setText(findTestObject("Object Repository/Page_Moodle Administration Users Accounts A_0fbd97/input_Surname_lastname (2)"), "Hồ"): Text 'Hồ' is set on object 'Object Repository/Page_Moodle Administration Users Accounts A_0fbd97/input_Surname_lastname (2)'

2022-01-17 20:50:39 - [MESSAGE][PASSED] - Text 'Hồ' is set on object 'Object Repository/Page_Moodle Administration Users Accounts A_0fbd97/input_Surname_lastname (2)'

2022-01-17 20:50:39 - [TEST_STEP][PASSED] - setText(findTestObject("Object Repository/Page_Moodle Administration Users Accounts A_0fbd97/input_Email address_email (2)"), "hnmduc19@clc.fitus.edu.vn"): Text 'hnmduc19@clc.fitus.edu.vn' is set on object 'Object Repository/Page_Moodle Administration Users Accounts A_0fbd97/input_Email address_email (2)'

2022-01-17 20:50:40 - [MESSAGE][PASSED] - Text 'hnmduc19@clc.fitus.edu.vn' is set on object 'Object Repository/Page_Moodle Administration Users Accounts A_0fbd97/input_Email address_email (2)'

2022-01-17 20:50:40 - [TEST_STEP][PASSED] - selectOptionByValue(findTestObject("Object Repository/Page_Moodle Administration Users Accounts A_0fbd97/select_Select a country.            Afghani_160506 (2)"), "VN", true): All options with value 'VN' are selected in object 'Object Repository/Page_Moodle Administration Users Accounts A_0fbd97/select_Select a country.            Afghani_160506 (2)'  using regular expression

2022-01-17 20:50:48 - [MESSAGE][PASSED] - All options with value 'VN' are selected in object 'Object Repository/Page_Moodle Administration Users Accounts A_0fbd97/select_Select a country.            Afghani_160506 (2)'  using regular expression

2022-01-17 20:50:48 - [TEST_STEP][PASSED] - click(findTestObject("Object Repository/Page_Moodle Administration Users Accounts A_0fbd97/input_Address_submitbutton (2)")): Object: 'Object Repository/Page_Moodle Administration Users Accounts A_0fbd97/input_Address_submitbutton (2)' is clicked on

2022-01-17 20:50:50 - [MESSAGE][PASSED] - Object: 'Object Repository/Page_Moodle Administration Users Accounts A_0fbd97/input_Address_submitbutton (2)' is clicked on]]></system-out>
         <system-err><![CDATA[]]></system-err>
      </testcase>
      <testcase name="Test Cases/Admin Add Exists User" time="28.466" classname="Test Cases/Admin Add Exists User" status="PASSED">
         <system-out><![CDATA[2022-01-17 20:50:50 - [TEST_CASE][PASSED] - Test Cases/Admin Add Exists User: Test Cases/Admin Add Exists User

2022-01-17 20:50:51 - [TEST_STEP][PASSED] - callTestCase(findTestCase("Admin Login"), [:], STOP_ON_FAILURE): Call Test Case 'Test Cases/Admin Login' successfully

2022-01-17 20:50:51 - [TEST_CASE][PASSED] - Test Cases/Admin Login: Test Cases/Admin Login

2022-01-17 20:50:51 - [TEST_STEP][PASSED] - openBrowser(""): Browser is opened with url: ''

2022-01-17 20:50:51 - [MESSAGE][WARNING] - A browser is already opened. Closing browser and opening a new one

2022-01-17 20:50:51 - [MESSAGE][INFO] - Starting 'Chrome' driver

2022-01-17 20:50:51 - [MESSAGE][INFO] - Action delay is set to 0 milliseconds

2022-01-17 20:50:53 - [MESSAGE][PASSED] - Browser is opened with url: ''

2022-01-17 20:50:53 - [TEST_STEP][PASSED] - navigateToUrl("http://localhost/moodle/login/index.php"): Navigate to 'http://localhost/moodle/login/index.php' successfully

2022-01-17 20:50:53 - [MESSAGE][PASSED] - Navigate to 'http://localhost/moodle/login/index.php' successfully

2022-01-17 20:50:53 - [TEST_STEP][PASSED] - setText(findTestObject("Object Repository/Page_Moodle Log in to the site/input_Username_username"), "admin"): Text 'admin' is set on object 'Object Repository/Page_Moodle Log in to the site/input_Username_username'

2022-01-17 20:50:54 - [MESSAGE][PASSED] - Text 'admin' is set on object 'Object Repository/Page_Moodle Log in to the site/input_Username_username'

2022-01-17 20:50:54 - [TEST_STEP][PASSED] - setEncryptedText(findTestObject("Object Repository/Page_Moodle Log in to the site/input_Password_password"), "8JanWqnBZBo6yBKKrpSnpw=="): Text ****** has been set on object 'Object Repository/Page_Moodle Log in to the site/input_Password_password'

2022-01-17 20:50:55 - [MESSAGE][PASSED] - Text ****** has been set on object 'Object Repository/Page_Moodle Log in to the site/input_Password_password'

2022-01-17 20:50:55 - [TEST_STEP][PASSED] - click(findTestObject("Object Repository/Page_Moodle Log in to the site/button_Log in")): Object: 'Object Repository/Page_Moodle Log in to the site/button_Log in' is clicked on

2022-01-17 20:50:57 - [MESSAGE][PASSED] - Object: 'Object Repository/Page_Moodle Log in to the site/button_Log in' is clicked on

2022-01-17 20:50:57 - [MESSAGE][PASSED] - Call Test Case 'Test Cases/Admin Login' successfully

2022-01-17 20:50:57 - [TEST_STEP][PASSED] - click(findTestObject("Page_Dashboard/span_Site administration")): Object: 'Object Repository/Page_Dashboard/span_Site administration' is clicked on

2022-01-17 20:51:00 - [MESSAGE][PASSED] - Object: 'Object Repository/Page_Dashboard/span_Site administration' is clicked on

2022-01-17 20:51:00 - [TEST_STEP][PASSED] - click(findTestObject("Object Repository/Page_Moodle Administration Search/a_Users (3)")): Object: 'Object Repository/Page_Moodle Administration Search/a_Users (3)' is clicked on

2022-01-17 20:51:00 - [MESSAGE][PASSED] - Object: 'Object Repository/Page_Moodle Administration Search/a_Users (3)' is clicked on

2022-01-17 20:51:00 - [TEST_STEP][PASSED] - click(findTestObject("Object Repository/Page_Moodle Administration Search/a_Add a new user (2)")): Object: 'Object Repository/Page_Moodle Administration Search/a_Add a new user (2)' is clicked on

2022-01-17 20:51:02 - [MESSAGE][PASSED] - Object: 'Object Repository/Page_Moodle Administration Search/a_Add a new user (2)' is clicked on

2022-01-17 20:51:02 - [TEST_STEP][PASSED] - setText(findTestObject("Object Repository/Page_Moodle Administration Users Accounts A_0fbd97/input_Username_username (2)"), "minhduc"): Text 'minhduc' is set on object 'Object Repository/Page_Moodle Administration Users Accounts A_0fbd97/input_Username_username (2)'

2022-01-17 20:51:04 - [MESSAGE][PASSED] - Text 'minhduc' is set on object 'Object Repository/Page_Moodle Administration Users Accounts A_0fbd97/input_Username_username (2)'

2022-01-17 20:51:04 - [TEST_STEP][PASSED] - click(findTestObject("Page_Moodle Administration Users Accounts A_0fbd97/a_Click to enter text")): Object: 'Object Repository/Page_Moodle Administration Users Accounts A_0fbd97/a_Click to enter text' is clicked on

2022-01-17 20:51:04 - [MESSAGE][PASSED] - Object: 'Object Repository/Page_Moodle Administration Users Accounts A_0fbd97/a_Click to enter text' is clicked on

2022-01-17 20:51:04 - [TEST_STEP][PASSED] - setEncryptedText(findTestObject("Object Repository/Page_Moodle Administration Users Accounts A_0fbd97/input_New password_newpassword (2)"), "8JanWqnBZBo6yBKKrpSnpw=="): Text ****** has been set on object 'Object Repository/Page_Moodle Administration Users Accounts A_0fbd97/input_New password_newpassword (2)'

2022-01-17 20:51:05 - [MESSAGE][PASSED] - Text ****** has been set on object 'Object Repository/Page_Moodle Administration Users Accounts A_0fbd97/input_New password_newpassword (2)'

2022-01-17 20:51:05 - [TEST_STEP][PASSED] - setText(findTestObject("Object Repository/Page_Moodle Administration Users Accounts A_0fbd97/input_First name_firstname (2)"), "Đức"): Text 'Đức' is set on object 'Object Repository/Page_Moodle Administration Users Accounts A_0fbd97/input_First name_firstname (2)'

2022-01-17 20:51:05 - [MESSAGE][PASSED] - Text 'Đức' is set on object 'Object Repository/Page_Moodle Administration Users Accounts A_0fbd97/input_First name_firstname (2)'

2022-01-17 20:51:05 - [TEST_STEP][PASSED] - setText(findTestObject("Object Repository/Page_Moodle Administration Users Accounts A_0fbd97/input_Surname_lastname (2)"), "Hồ"): Text 'Hồ' is set on object 'Object Repository/Page_Moodle Administration Users Accounts A_0fbd97/input_Surname_lastname (2)'

2022-01-17 20:51:06 - [MESSAGE][PASSED] - Text 'Hồ' is set on object 'Object Repository/Page_Moodle Administration Users Accounts A_0fbd97/input_Surname_lastname (2)'

2022-01-17 20:51:06 - [TEST_STEP][PASSED] - setText(findTestObject("Object Repository/Page_Moodle Administration Users Accounts A_0fbd97/input_Email address_email (2)"), "hongocminhduc@gmail.com"): Text 'hongocminhduc@gmail.com' is set on object 'Object Repository/Page_Moodle Administration Users Accounts A_0fbd97/input_Email address_email (2)'

2022-01-17 20:51:07 - [MESSAGE][PASSED] - Text 'hongocminhduc@gmail.com' is set on object 'Object Repository/Page_Moodle Administration Users Accounts A_0fbd97/input_Email address_email (2)'

2022-01-17 20:51:07 - [TEST_STEP][PASSED] - selectOptionByValue(findTestObject("Object Repository/Page_Moodle Administration Users Accounts A_0fbd97/select_Select a country.            Afghani_160506 (2)"), "VN", true): All options with value 'VN' are selected in object 'Object Repository/Page_Moodle Administration Users Accounts A_0fbd97/select_Select a country.            Afghani_160506 (2)'  using regular expression

2022-01-17 20:51:17 - [MESSAGE][PASSED] - All options with value 'VN' are selected in object 'Object Repository/Page_Moodle Administration Users Accounts A_0fbd97/select_Select a country.            Afghani_160506 (2)'  using regular expression

2022-01-17 20:51:17 - [TEST_STEP][PASSED] - click(findTestObject("Object Repository/Page_Moodle Administration Users Accounts A_0fbd97/input_Address_submitbutton (2)")): Object: 'Object Repository/Page_Moodle Administration Users Accounts A_0fbd97/input_Address_submitbutton (2)' is clicked on

2022-01-17 20:51:19 - [MESSAGE][PASSED] - Object: 'Object Repository/Page_Moodle Administration Users Accounts A_0fbd97/input_Address_submitbutton (2)' is clicked on]]></system-out>
         <system-err><![CDATA[]]></system-err>
      </testcase>
      <testcase name="Test Cases/Admin Update Profile" time="34.261" classname="Test Cases/Admin Update Profile" status="PASSED">
         <system-out><![CDATA[2022-01-17 20:51:19 - [TEST_CASE][PASSED] - Test Cases/Admin Update Profile: Test Cases/Admin Update Profile

2022-01-17 20:51:19 - [TEST_STEP][PASSED] - callTestCase(findTestCase("Admin Login"), [:], STOP_ON_FAILURE): Call Test Case 'Test Cases/Admin Login' successfully

2022-01-17 20:51:19 - [TEST_CASE][PASSED] - Test Cases/Admin Login: Test Cases/Admin Login

2022-01-17 20:51:19 - [TEST_STEP][PASSED] - openBrowser(""): Browser is opened with url: ''

2022-01-17 20:51:19 - [MESSAGE][WARNING] - A browser is already opened. Closing browser and opening a new one

2022-01-17 20:51:20 - [MESSAGE][INFO] - Starting 'Chrome' driver

2022-01-17 20:51:20 - [MESSAGE][INFO] - Action delay is set to 0 milliseconds

2022-01-17 20:51:21 - [MESSAGE][PASSED] - Browser is opened with url: ''

2022-01-17 20:51:21 - [TEST_STEP][PASSED] - navigateToUrl("http://localhost/moodle/login/index.php"): Navigate to 'http://localhost/moodle/login/index.php' successfully

2022-01-17 20:51:22 - [MESSAGE][PASSED] - Navigate to 'http://localhost/moodle/login/index.php' successfully

2022-01-17 20:51:22 - [TEST_STEP][PASSED] - setText(findTestObject("Object Repository/Page_Moodle Log in to the site/input_Username_username"), "admin"): Text 'admin' is set on object 'Object Repository/Page_Moodle Log in to the site/input_Username_username'

2022-01-17 20:51:23 - [MESSAGE][PASSED] - Text 'admin' is set on object 'Object Repository/Page_Moodle Log in to the site/input_Username_username'

2022-01-17 20:51:23 - [TEST_STEP][PASSED] - setEncryptedText(findTestObject("Object Repository/Page_Moodle Log in to the site/input_Password_password"), "8JanWqnBZBo6yBKKrpSnpw=="): Text ****** has been set on object 'Object Repository/Page_Moodle Log in to the site/input_Password_password'

2022-01-17 20:51:23 - [MESSAGE][PASSED] - Text ****** has been set on object 'Object Repository/Page_Moodle Log in to the site/input_Password_password'

2022-01-17 20:51:23 - [TEST_STEP][PASSED] - click(findTestObject("Object Repository/Page_Moodle Log in to the site/button_Log in")): Object: 'Object Repository/Page_Moodle Log in to the site/button_Log in' is clicked on

2022-01-17 20:51:25 - [MESSAGE][PASSED] - Object: 'Object Repository/Page_Moodle Log in to the site/button_Log in' is clicked on

2022-01-17 20:51:25 - [MESSAGE][PASSED] - Call Test Case 'Test Cases/Admin Login' successfully

2022-01-17 20:51:25 - [TEST_STEP][PASSED] - click(findTestObject("Object Repository/Page_Moodle Administration Search/img_c Minh_userpicture defaultuserpic")): Object: 'Object Repository/Page_Moodle Administration Search/img_c Minh_userpicture defaultuserpic' is clicked on

2022-01-17 20:51:27 - [MESSAGE][PASSED] - Object: 'Object Repository/Page_Moodle Administration Search/img_c Minh_userpicture defaultuserpic' is clicked on

2022-01-17 20:51:27 - [TEST_STEP][PASSED] - click(findTestObject("Object Repository/Page_Moodle Administration Search/span_Profile")): Object: 'Object Repository/Page_Moodle Administration Search/span_Profile' is clicked on

2022-01-17 20:51:28 - [MESSAGE][PASSED] - Object: 'Object Repository/Page_Moodle Administration Search/span_Profile' is clicked on

2022-01-17 20:51:28 - [TEST_STEP][PASSED] - click(findTestObject("Object Repository/Page_c Minh Public profile/a_Edit profile")): Object: 'Object Repository/Page_c Minh Public profile/a_Edit profile' is clicked on

2022-01-17 20:51:39 - [MESSAGE][PASSED] - Object: 'Object Repository/Page_c Minh Public profile/a_Edit profile' is clicked on

2022-01-17 20:51:39 - [TEST_STEP][PASSED] - click(findTestObject("Object Repository/Page_Moodle Edit profile/div_Surname")): Object: 'Object Repository/Page_Moodle Edit profile/div_Surname' is clicked on

2022-01-17 20:51:40 - [MESSAGE][PASSED] - Object: 'Object Repository/Page_Moodle Edit profile/div_Surname' is clicked on

2022-01-17 20:51:40 - [TEST_STEP][PASSED] - setText(findTestObject("Object Repository/Page_Moodle Edit profile/input_Surname_lastname"), "Hồ"): Text 'Hồ' is set on object 'Object Repository/Page_Moodle Edit profile/input_Surname_lastname'

2022-01-17 20:51:41 - [MESSAGE][PASSED] - Text 'Hồ' is set on object 'Object Repository/Page_Moodle Edit profile/input_Surname_lastname'

2022-01-17 20:51:41 - [TEST_STEP][PASSED] - click(findTestObject("Object Repository/Page_Moodle Edit profile/div_Email address_yui_3_17_2_1_1642339639116_856")): Object: 'Object Repository/Page_Moodle Edit profile/div_Email address_yui_3_17_2_1_1642339639116_856' is clicked on

2022-01-17 20:51:41 - [MESSAGE][PASSED] - Object: 'Object Repository/Page_Moodle Edit profile/div_Email address_yui_3_17_2_1_1642339639116_856' is clicked on

2022-01-17 20:51:41 - [TEST_STEP][PASSED] - setText(findTestObject("Object Repository/Page_Moodle Edit profile/input_Email address_email"), "hongocminhduc@gmail.com"): Text 'hongocminhduc@gmail.com' is set on object 'Object Repository/Page_Moodle Edit profile/input_Email address_email'

2022-01-17 20:51:42 - [MESSAGE][PASSED] - Text 'hongocminhduc@gmail.com' is set on object 'Object Repository/Page_Moodle Edit profile/input_Email address_email'

2022-01-17 20:51:42 - [TEST_STEP][PASSED] - selectOptionByValue(findTestObject("Object Repository/Page_Moodle Edit profile/select_Select a country.            Afghani_160506"), "VN", true): All options with value 'VN' are selected in object 'Object Repository/Page_Moodle Edit profile/select_Select a country.            Afghani_160506'  using regular expression

2022-01-17 20:51:51 - [MESSAGE][PASSED] - All options with value 'VN' are selected in object 'Object Repository/Page_Moodle Edit profile/select_Select a country.            Afghani_160506'  using regular expression

2022-01-17 20:51:51 - [TEST_STEP][PASSED] - sendKeys(findTestObject("Object Repository/Page_Moodle Edit profile/input_Address_submitbutton"), Keys.chord(ENTER)): Keys 'ENTER + ' sent to object: 'Object Repository/Page_Moodle Edit profile/input_Address_submitbutton'

2022-01-17 20:51:53 - [MESSAGE][PASSED] - Keys 'ENTER + ' sent to object: 'Object Repository/Page_Moodle Edit profile/input_Address_submitbutton']]></system-out>
         <system-err><![CDATA[]]></system-err>
      </testcase>
      <testcase name="Test Cases/Admin Create New Category" time="16.894" classname="Test Cases/Admin Create New Category" status="PASSED">
         <system-out><![CDATA[2022-01-17 20:51:53 - [TEST_CASE][PASSED] - Test Cases/Admin Create New Category: Test Cases/Admin Create New Category

2022-01-17 20:51:53 - [TEST_STEP][PASSED] - callTestCase(findTestCase("Admin Login"), [:], STOP_ON_FAILURE): Call Test Case 'Test Cases/Admin Login' successfully

2022-01-17 20:51:54 - [TEST_CASE][PASSED] - Test Cases/Admin Login: Test Cases/Admin Login

2022-01-17 20:51:54 - [TEST_STEP][PASSED] - openBrowser(""): Browser is opened with url: ''

2022-01-17 20:51:54 - [MESSAGE][WARNING] - A browser is already opened. Closing browser and opening a new one

2022-01-17 20:51:55 - [MESSAGE][INFO] - Starting 'Chrome' driver

2022-01-17 20:51:55 - [MESSAGE][INFO] - Action delay is set to 0 milliseconds

2022-01-17 20:51:56 - [MESSAGE][PASSED] - Browser is opened with url: ''

2022-01-17 20:51:56 - [TEST_STEP][PASSED] - navigateToUrl("http://localhost/moodle/login/index.php"): Navigate to 'http://localhost/moodle/login/index.php' successfully

2022-01-17 20:51:57 - [MESSAGE][PASSED] - Navigate to 'http://localhost/moodle/login/index.php' successfully

2022-01-17 20:51:57 - [TEST_STEP][PASSED] - setText(findTestObject("Object Repository/Page_Moodle Log in to the site/input_Username_username"), "admin"): Text 'admin' is set on object 'Object Repository/Page_Moodle Log in to the site/input_Username_username'

2022-01-17 20:51:58 - [MESSAGE][PASSED] - Text 'admin' is set on object 'Object Repository/Page_Moodle Log in to the site/input_Username_username'

2022-01-17 20:51:58 - [TEST_STEP][PASSED] - setEncryptedText(findTestObject("Object Repository/Page_Moodle Log in to the site/input_Password_password"), "8JanWqnBZBo6yBKKrpSnpw=="): Text ****** has been set on object 'Object Repository/Page_Moodle Log in to the site/input_Password_password'

2022-01-17 20:51:58 - [MESSAGE][PASSED] - Text ****** has been set on object 'Object Repository/Page_Moodle Log in to the site/input_Password_password'

2022-01-17 20:51:58 - [TEST_STEP][PASSED] - click(findTestObject("Object Repository/Page_Moodle Log in to the site/button_Log in")): Object: 'Object Repository/Page_Moodle Log in to the site/button_Log in' is clicked on

2022-01-17 20:52:00 - [MESSAGE][PASSED] - Object: 'Object Repository/Page_Moodle Log in to the site/button_Log in' is clicked on

2022-01-17 20:52:00 - [MESSAGE][PASSED] - Call Test Case 'Test Cases/Admin Login' successfully

2022-01-17 20:52:00 - [TEST_STEP][PASSED] - click(findTestObject("Object Repository/Page_Dashboard/span_Site administration (2)")): Object: 'Object Repository/Page_Dashboard/span_Site administration (2)' is clicked on

2022-01-17 20:52:03 - [MESSAGE][PASSED] - Object: 'Object Repository/Page_Dashboard/span_Site administration (2)' is clicked on

2022-01-17 20:52:03 - [TEST_STEP][PASSED] - click(findTestObject("Object Repository/Page_Moodle Administration Search/a_Courses")): Object: 'Object Repository/Page_Moodle Administration Search/a_Courses' is clicked on

2022-01-17 20:52:04 - [MESSAGE][PASSED] - Object: 'Object Repository/Page_Moodle Administration Search/a_Courses' is clicked on

2022-01-17 20:52:04 - [TEST_STEP][PASSED] - click(findTestObject("Object Repository/Page_Moodle Administration Search/a_Add a category")): Object: 'Object Repository/Page_Moodle Administration Search/a_Add a category' is clicked on

2022-01-17 20:52:06 - [MESSAGE][PASSED] - Object: 'Object Repository/Page_Moodle Administration Search/a_Add a category' is clicked on

2022-01-17 20:52:06 - [TEST_STEP][PASSED] - setText(findTestObject("Object Repository/Page_Moodle Add new category/input_Category name_name"), "New Category"): Text 'New Category' is set on object 'Object Repository/Page_Moodle Add new category/input_Category name_name'

2022-01-17 20:52:07 - [MESSAGE][PASSED] - Text 'New Category' is set on object 'Object Repository/Page_Moodle Add new category/input_Category name_name'

2022-01-17 20:52:07 - [TEST_STEP][PASSED] - click(findTestObject("Object Repository/Page_Moodle Add new category/input_Description_submitbutton")): Object: 'Object Repository/Page_Moodle Add new category/input_Description_submitbutton' is clicked on

2022-01-17 20:52:10 - [MESSAGE][PASSED] - Object: 'Object Repository/Page_Moodle Add new category/input_Description_submitbutton' is clicked on]]></system-out>
         <system-err><![CDATA[]]></system-err>
      </testcase>
      <testcase name="Test Cases/Admin Add Child Category" time="20.771" classname="Test Cases/Admin Add Child Category" status="PASSED">
         <system-out><![CDATA[2022-01-17 20:52:10 - [TEST_CASE][PASSED] - Test Cases/Admin Add Child Category: Test Cases/Admin Add Child Category

2022-01-17 20:52:10 - [TEST_STEP][PASSED] - callTestCase(findTestCase("Admin Login"), [:], STOP_ON_FAILURE): Call Test Case 'Test Cases/Admin Login' successfully

2022-01-17 20:52:10 - [TEST_CASE][PASSED] - Test Cases/Admin Login: Test Cases/Admin Login

2022-01-17 20:52:10 - [TEST_STEP][PASSED] - openBrowser(""): Browser is opened with url: ''

2022-01-17 20:52:10 - [MESSAGE][WARNING] - A browser is already opened. Closing browser and opening a new one

2022-01-17 20:52:11 - [MESSAGE][INFO] - Starting 'Chrome' driver

2022-01-17 20:52:11 - [MESSAGE][INFO] - Action delay is set to 0 milliseconds

2022-01-17 20:52:12 - [MESSAGE][PASSED] - Browser is opened with url: ''

2022-01-17 20:52:12 - [TEST_STEP][PASSED] - navigateToUrl("http://localhost/moodle/login/index.php"): Navigate to 'http://localhost/moodle/login/index.php' successfully

2022-01-17 20:52:13 - [MESSAGE][PASSED] - Navigate to 'http://localhost/moodle/login/index.php' successfully

2022-01-17 20:52:13 - [TEST_STEP][PASSED] - setText(findTestObject("Object Repository/Page_Moodle Log in to the site/input_Username_username"), "admin"): Text 'admin' is set on object 'Object Repository/Page_Moodle Log in to the site/input_Username_username'

2022-01-17 20:52:14 - [MESSAGE][PASSED] - Text 'admin' is set on object 'Object Repository/Page_Moodle Log in to the site/input_Username_username'

2022-01-17 20:52:14 - [TEST_STEP][PASSED] - setEncryptedText(findTestObject("Object Repository/Page_Moodle Log in to the site/input_Password_password"), "8JanWqnBZBo6yBKKrpSnpw=="): Text ****** has been set on object 'Object Repository/Page_Moodle Log in to the site/input_Password_password'

2022-01-17 20:52:15 - [MESSAGE][PASSED] - Text ****** has been set on object 'Object Repository/Page_Moodle Log in to the site/input_Password_password'

2022-01-17 20:52:15 - [TEST_STEP][PASSED] - click(findTestObject("Object Repository/Page_Moodle Log in to the site/button_Log in")): Object: 'Object Repository/Page_Moodle Log in to the site/button_Log in' is clicked on

2022-01-17 20:52:17 - [MESSAGE][PASSED] - Object: 'Object Repository/Page_Moodle Log in to the site/button_Log in' is clicked on

2022-01-17 20:52:17 - [MESSAGE][PASSED] - Call Test Case 'Test Cases/Admin Login' successfully

2022-01-17 20:52:17 - [TEST_STEP][PASSED] - click(findTestObject("Page_Dashboard/span_Site administration")): Object: 'Object Repository/Page_Dashboard/span_Site administration' is clicked on

2022-01-17 20:52:20 - [MESSAGE][PASSED] - Object: 'Object Repository/Page_Dashboard/span_Site administration' is clicked on

2022-01-17 20:52:20 - [TEST_STEP][PASSED] - click(findTestObject("Object Repository/Page_Moodle Administration Search/a_Courses (1)")): Object: 'Object Repository/Page_Moodle Administration Search/a_Courses (1)' is clicked on

2022-01-17 20:52:20 - [MESSAGE][PASSED] - Object: 'Object Repository/Page_Moodle Administration Search/a_Courses (1)' is clicked on

2022-01-17 20:52:20 - [TEST_STEP][PASSED] - click(findTestObject("Object Repository/Page_Moodle Administration Search/a_Add a category (1)")): Object: 'Object Repository/Page_Moodle Administration Search/a_Add a category (1)' is clicked on

2022-01-17 20:52:23 - [MESSAGE][PASSED] - Object: 'Object Repository/Page_Moodle Administration Search/a_Add a category (1)' is clicked on

2022-01-17 20:52:23 - [TEST_STEP][PASSED] - click(findTestObject("Object Repository/Page_Moodle Add new category/span_")): Object: 'Object Repository/Page_Moodle Add new category/span_' is clicked on

2022-01-17 20:52:24 - [MESSAGE][PASSED] - Object: 'Object Repository/Page_Moodle Add new category/span_' is clicked on

2022-01-17 20:52:24 - [TEST_STEP][PASSED] - click(findTestObject("Object Repository/Page_Moodle Add new category/li_New Category")): Object: 'Object Repository/Page_Moodle Add new category/li_New Category' is clicked on

2022-01-17 20:52:25 - [MESSAGE][PASSED] - Object: 'Object Repository/Page_Moodle Add new category/li_New Category' is clicked on

2022-01-17 20:52:25 - [TEST_STEP][PASSED] - selectOptionByValue(findTestObject("Object Repository/Page_Moodle Add new category/select_Top            Miscellaneous        _183c6c"), "2", true): All options with value '2' are selected in object 'Object Repository/Page_Moodle Add new category/select_Top            Miscellaneous        _183c6c'  using regular expression

2022-01-17 20:52:27 - [MESSAGE][PASSED] - All options with value '2' are selected in object 'Object Repository/Page_Moodle Add new category/select_Top            Miscellaneous        _183c6c'  using regular expression

2022-01-17 20:52:27 - [TEST_STEP][PASSED] - setText(findTestObject("Object Repository/Page_Moodle Add new category/input_Category name_name (1)"), "Child Category"): Text 'Child Category' is set on object 'Object Repository/Page_Moodle Add new category/input_Category name_name (1)'

2022-01-17 20:52:28 - [MESSAGE][PASSED] - Text 'Child Category' is set on object 'Object Repository/Page_Moodle Add new category/input_Category name_name (1)'

2022-01-17 20:52:28 - [TEST_STEP][PASSED] - click(findTestObject("Object Repository/Page_Moodle Add new category/input_Description_submitbutton (1)")): Object: 'Object Repository/Page_Moodle Add new category/input_Description_submitbutton (1)' is clicked on

2022-01-17 20:52:31 - [MESSAGE][PASSED] - Object: 'Object Repository/Page_Moodle Add new category/input_Description_submitbutton (1)' is clicked on]]></system-out>
         <system-err><![CDATA[]]></system-err>
      </testcase>
      <testcase name="Test Cases/Admin Add New Course" time="17.714" classname="Test Cases/Admin Add New Course" status="PASSED">
         <system-out><![CDATA[2022-01-17 20:52:31 - [TEST_CASE][PASSED] - Test Cases/Admin Add New Course: Test Cases/Admin Add New Course

2022-01-17 20:52:31 - [TEST_STEP][PASSED] - callTestCase(findTestCase("Admin Login"), [:], STOP_ON_FAILURE): Call Test Case 'Test Cases/Admin Login' successfully

2022-01-17 20:52:31 - [TEST_CASE][PASSED] - Test Cases/Admin Login: Test Cases/Admin Login

2022-01-17 20:52:31 - [TEST_STEP][PASSED] - openBrowser(""): Browser is opened with url: ''

2022-01-17 20:52:31 - [MESSAGE][WARNING] - A browser is already opened. Closing browser and opening a new one

2022-01-17 20:52:32 - [MESSAGE][INFO] - Starting 'Chrome' driver

2022-01-17 20:52:32 - [MESSAGE][INFO] - Action delay is set to 0 milliseconds

2022-01-17 20:52:33 - [MESSAGE][PASSED] - Browser is opened with url: ''

2022-01-17 20:52:33 - [TEST_STEP][PASSED] - navigateToUrl("http://localhost/moodle/login/index.php"): Navigate to 'http://localhost/moodle/login/index.php' successfully

2022-01-17 20:52:34 - [MESSAGE][PASSED] - Navigate to 'http://localhost/moodle/login/index.php' successfully

2022-01-17 20:52:34 - [TEST_STEP][PASSED] - setText(findTestObject("Object Repository/Page_Moodle Log in to the site/input_Username_username"), "admin"): Text 'admin' is set on object 'Object Repository/Page_Moodle Log in to the site/input_Username_username'

2022-01-17 20:52:35 - [MESSAGE][PASSED] - Text 'admin' is set on object 'Object Repository/Page_Moodle Log in to the site/input_Username_username'

2022-01-17 20:52:35 - [TEST_STEP][PASSED] - setEncryptedText(findTestObject("Object Repository/Page_Moodle Log in to the site/input_Password_password"), "8JanWqnBZBo6yBKKrpSnpw=="): Text ****** has been set on object 'Object Repository/Page_Moodle Log in to the site/input_Password_password'

2022-01-17 20:52:35 - [MESSAGE][PASSED] - Text ****** has been set on object 'Object Repository/Page_Moodle Log in to the site/input_Password_password'

2022-01-17 20:52:35 - [TEST_STEP][PASSED] - click(findTestObject("Object Repository/Page_Moodle Log in to the site/button_Log in")): Object: 'Object Repository/Page_Moodle Log in to the site/button_Log in' is clicked on

2022-01-17 20:52:37 - [MESSAGE][PASSED] - Object: 'Object Repository/Page_Moodle Log in to the site/button_Log in' is clicked on

2022-01-17 20:52:37 - [MESSAGE][PASSED] - Call Test Case 'Test Cases/Admin Login' successfully

2022-01-17 20:52:37 - [TEST_STEP][PASSED] - click(findTestObject("Page_Dashboard/span_Site administration")): Object: 'Object Repository/Page_Dashboard/span_Site administration' is clicked on

2022-01-17 20:52:41 - [MESSAGE][PASSED] - Object: 'Object Repository/Page_Dashboard/span_Site administration' is clicked on

2022-01-17 20:52:41 - [TEST_STEP][PASSED] - click(findTestObject("Object Repository/Page_Moodle Administration Search/a_Courses (2)")): Object: 'Object Repository/Page_Moodle Administration Search/a_Courses (2)' is clicked on

2022-01-17 20:52:42 - [MESSAGE][PASSED] - Object: 'Object Repository/Page_Moodle Administration Search/a_Courses (2)' is clicked on

2022-01-17 20:52:42 - [TEST_STEP][PASSED] - click(findTestObject("Object Repository/Page_Moodle Administration Search/a_Add a new course")): Object: 'Object Repository/Page_Moodle Administration Search/a_Add a new course' is clicked on

2022-01-17 20:52:44 - [MESSAGE][PASSED] - Object: 'Object Repository/Page_Moodle Administration Search/a_Add a new course' is clicked on

2022-01-17 20:52:44 - [TEST_STEP][PASSED] - setText(findTestObject("Object Repository/Page_Moodle Add a new course/input_Course full name_fullname (1)"), "New Course"): Text 'New Course' is set on object 'Object Repository/Page_Moodle Add a new course/input_Course full name_fullname (1)'

2022-01-17 20:52:45 - [MESSAGE][PASSED] - Text 'New Course' is set on object 'Object Repository/Page_Moodle Add a new course/input_Course full name_fullname (1)'

2022-01-17 20:52:45 - [TEST_STEP][PASSED] - setText(findTestObject("Object Repository/Page_Moodle Add a new course/input_Course short name_shortname (1)"), "New Course"): Text 'New Course' is set on object 'Object Repository/Page_Moodle Add a new course/input_Course short name_shortname (1)'

2022-01-17 20:52:46 - [MESSAGE][PASSED] - Text 'New Course' is set on object 'Object Repository/Page_Moodle Add a new course/input_Course short name_shortname (1)'

2022-01-17 20:52:46 - [TEST_STEP][PASSED] - click(findTestObject("Object Repository/Page_Moodle Add a new course/input__saveanddisplay")): Object: 'Object Repository/Page_Moodle Add a new course/input__saveanddisplay' is clicked on

2022-01-17 20:52:48 - [MESSAGE][PASSED] - Object: 'Object Repository/Page_Moodle Add a new course/input__saveanddisplay' is clicked on]]></system-out>
         <system-err><![CDATA[]]></system-err>
      </testcase>
      <testcase name="Test Cases/Admin_Switch_Role" time="4.886" classname="Test Cases/Admin_Switch_Role" status="PASSED">
         <system-out><![CDATA[2022-01-17 20:52:48 - [TEST_CASE][PASSED] - Test Cases/Admin_Switch_Role: Test Cases/Admin_Switch_Role

2022-01-17 20:52:49 - [TEST_STEP][PASSED] - click(findTestObject("Page_Moodle Add an announcement/Page_Dashboard/a_Admin User")): Object: 'Object Repository/Page_Moodle Add an announcement/Page_Dashboard/a_Admin User' is clicked on

2022-01-17 20:52:49 - [MESSAGE][PASSED] - Object: 'Object Repository/Page_Moodle Add an announcement/Page_Dashboard/a_Admin User' is clicked on

2022-01-17 20:52:49 - [TEST_STEP][PASSED] - click(findTestObject("Page_Moodle Add an announcement/Page_Dashboard/span_Switch role to")): Object: 'Object Repository/Page_Moodle Add an announcement/Page_Dashboard/span_Switch role to' is clicked on

2022-01-17 20:52:51 - [MESSAGE][PASSED] - Object: 'Object Repository/Page_Moodle Add an announcement/Page_Dashboard/span_Switch role to' is clicked on

2022-01-17 20:52:51 - [TEST_STEP][PASSED] - click(findTestObject("Page_Moodle Add an announcement/Page_Switch role to/button_Teacher")): Object: 'Object Repository/Page_Moodle Add an announcement/Page_Switch role to/button_Teacher' is clicked on

2022-01-17 20:52:53 - [MESSAGE][PASSED] - Object: 'Object Repository/Page_Moodle Add an announcement/Page_Switch role to/button_Teacher' is clicked on]]></system-out>
         <system-err><![CDATA[]]></system-err>
      </testcase>
      <testcase name="Test Cases/Teacher_Add_NewAnnouncement" time="24.064" classname="Test Cases/Teacher_Add_NewAnnouncement" status="PASSED">
         <system-out><![CDATA[2022-01-17 20:52:53 - [TEST_CASE][PASSED] - Test Cases/Teacher_Add_NewAnnouncement: Test Cases/Teacher_Add_NewAnnouncement

2022-01-17 20:52:54 - [TEST_STEP][PASSED] - callTestCase(findTestCase("Teacher Login"), [:], STOP_ON_FAILURE): Call Test Case 'Test Cases/Teacher Login' successfully

2022-01-17 20:52:54 - [TEST_CASE][PASSED] - Test Cases/Teacher Login: Test Cases/Teacher Login

2022-01-17 20:52:54 - [TEST_STEP][PASSED] - openBrowser(""): Browser is opened with url: ''

2022-01-17 20:52:54 - [MESSAGE][WARNING] - A browser is already opened. Closing browser and opening a new one

2022-01-17 20:52:55 - [MESSAGE][INFO] - Starting 'Chrome' driver

2022-01-17 20:52:55 - [MESSAGE][INFO] - Action delay is set to 0 milliseconds

2022-01-17 20:52:56 - [MESSAGE][PASSED] - Browser is opened with url: ''

2022-01-17 20:52:56 - [TEST_STEP][PASSED] - navigateToUrl("http://localhost/moodle/login/index.php"): Navigate to 'http://localhost/moodle/login/index.php' successfully

2022-01-17 20:52:57 - [MESSAGE][PASSED] - Navigate to 'http://localhost/moodle/login/index.php' successfully

2022-01-17 20:52:57 - [TEST_STEP][PASSED] - setText(findTestObject("Object Repository/Page_Moodle Log in to the site/input_Username_username"), "admin"): Text 'admin' is set on object 'Object Repository/Page_Moodle Log in to the site/input_Username_username'

2022-01-17 20:52:58 - [MESSAGE][PASSED] - Text 'admin' is set on object 'Object Repository/Page_Moodle Log in to the site/input_Username_username'

2022-01-17 20:52:58 - [TEST_STEP][PASSED] - setEncryptedText(findTestObject("Object Repository/Page_Moodle Log in to the site/input_Password_password"), "8JanWqnBZBo6yBKKrpSnpw=="): Text ****** has been set on object 'Object Repository/Page_Moodle Log in to the site/input_Password_password'

2022-01-17 20:52:59 - [MESSAGE][PASSED] - Text ****** has been set on object 'Object Repository/Page_Moodle Log in to the site/input_Password_password'

2022-01-17 20:52:59 - [TEST_STEP][PASSED] - click(findTestObject("Object Repository/Page_Moodle Log in to the site/button_Log in")): Object: 'Object Repository/Page_Moodle Log in to the site/button_Log in' is clicked on

2022-01-17 20:53:01 - [MESSAGE][PASSED] - Object: 'Object Repository/Page_Moodle Log in to the site/button_Log in' is clicked on

2022-01-17 20:53:01 - [MESSAGE][PASSED] - Call Test Case 'Test Cases/Teacher Login' successfully

2022-01-17 20:53:01 - [TEST_STEP][PASSED] - click(findTestObject("Object Repository/Page_Dashboard/span_Site home (22)")): Object: 'Object Repository/Page_Dashboard/span_Site home (22)' is clicked on

2022-01-17 20:53:03 - [MESSAGE][PASSED] - Object: 'Object Repository/Page_Dashboard/span_Site home (22)' is clicked on

2022-01-17 20:53:03 - [TEST_STEP][PASSED] - click(findTestObject("Object Repository/Page_Moodle/a_New Course Edited (21)")): Object: 'Object Repository/Page_Moodle/a_New Course Edited (21)' is clicked on

2022-01-17 20:53:04 - [MESSAGE][PASSED] - Object: 'Object Repository/Page_Moodle/a_New Course Edited (21)' is clicked on

2022-01-17 20:53:04 - [TEST_STEP][PASSED] - click(findTestObject("Object Repository/Page_Course New Course Edited/span_Announcements Forum")): Object: 'Object Repository/Page_Course New Course Edited/span_Announcements Forum' is clicked on

2022-01-17 20:53:12 - [MESSAGE][PASSED] - Object: 'Object Repository/Page_Course New Course Edited/span_Announcements Forum' is clicked on

2022-01-17 20:53:12 - [TEST_STEP][PASSED] - click(findTestObject("Object Repository/Page_Announcements/a_Add a new topic")): Object: 'Object Repository/Page_Announcements/a_Add a new topic' is clicked on

2022-01-17 20:53:13 - [MESSAGE][PASSED] - Object: 'Object Repository/Page_Announcements/a_Add a new topic' is clicked on

2022-01-17 20:53:13 - [TEST_STEP][PASSED] - setText(findTestObject("Object Repository/Page_Announcements/input_Subject_subject"), "New Topic"): Text 'New Topic' is set on object 'Object Repository/Page_Announcements/input_Subject_subject'

2022-01-17 20:53:14 - [MESSAGE][PASSED] - Text 'New Topic' is set on object 'Object Repository/Page_Announcements/input_Subject_subject'

2022-01-17 20:53:14 - [TEST_STEP][PASSED] - setText(findTestObject("Object Repository/Page_Announcements/div_New Topic"), "<p dir="ltr" style="text-align: left;">New Topic</p>"): Text '<p dir="ltr" style="text-align: left;">New Topic</p>' is set on object 'Object Repository/Page_Announcements/div_New Topic'

2022-01-17 20:53:15 - [MESSAGE][PASSED] - Text '<p dir="ltr" style="text-align: left;">New Topic</p>' is set on object 'Object Repository/Page_Announcements/div_New Topic'

2022-01-17 20:53:15 - [TEST_STEP][PASSED] - click(findTestObject("Object Repository/Page_Announcements/input_Message_submitbutton")): Object: 'Object Repository/Page_Announcements/input_Message_submitbutton' is clicked on

2022-01-17 20:53:17 - [MESSAGE][PASSED] - Object: 'Object Repository/Page_Announcements/input_Message_submitbutton' is clicked on]]></system-out>
         <system-err><![CDATA[]]></system-err>
      </testcase>
      <testcase name="Test Cases/Admin Edit Courses Name" time="18.344" classname="Test Cases/Admin Edit Courses Name" status="PASSED">
         <system-out><![CDATA[2022-01-17 20:53:17 - [TEST_CASE][PASSED] - Test Cases/Admin Edit Courses Name: Test Cases/Admin Edit Courses Name

2022-01-17 20:53:18 - [TEST_STEP][PASSED] - callTestCase(findTestCase("Admin Login"), [:], STOP_ON_FAILURE): Call Test Case 'Test Cases/Admin Login' successfully

2022-01-17 20:53:18 - [TEST_CASE][PASSED] - Test Cases/Admin Login: Test Cases/Admin Login

2022-01-17 20:53:18 - [TEST_STEP][PASSED] - openBrowser(""): Browser is opened with url: ''

2022-01-17 20:53:18 - [MESSAGE][WARNING] - A browser is already opened. Closing browser and opening a new one

2022-01-17 20:53:19 - [MESSAGE][INFO] - Starting 'Chrome' driver

2022-01-17 20:53:19 - [MESSAGE][INFO] - Action delay is set to 0 milliseconds

2022-01-17 20:53:20 - [MESSAGE][PASSED] - Browser is opened with url: ''

2022-01-17 20:53:20 - [TEST_STEP][PASSED] - navigateToUrl("http://localhost/moodle/login/index.php"): Navigate to 'http://localhost/moodle/login/index.php' successfully

2022-01-17 20:53:21 - [MESSAGE][PASSED] - Navigate to 'http://localhost/moodle/login/index.php' successfully

2022-01-17 20:53:21 - [TEST_STEP][PASSED] - setText(findTestObject("Object Repository/Page_Moodle Log in to the site/input_Username_username"), "admin"): Text 'admin' is set on object 'Object Repository/Page_Moodle Log in to the site/input_Username_username'

2022-01-17 20:53:21 - [MESSAGE][PASSED] - Text 'admin' is set on object 'Object Repository/Page_Moodle Log in to the site/input_Username_username'

2022-01-17 20:53:21 - [TEST_STEP][PASSED] - setEncryptedText(findTestObject("Object Repository/Page_Moodle Log in to the site/input_Password_password"), "8JanWqnBZBo6yBKKrpSnpw=="): Text ****** has been set on object 'Object Repository/Page_Moodle Log in to the site/input_Password_password'

2022-01-17 20:53:22 - [MESSAGE][PASSED] - Text ****** has been set on object 'Object Repository/Page_Moodle Log in to the site/input_Password_password'

2022-01-17 20:53:22 - [TEST_STEP][PASSED] - click(findTestObject("Object Repository/Page_Moodle Log in to the site/button_Log in")): Object: 'Object Repository/Page_Moodle Log in to the site/button_Log in' is clicked on

2022-01-17 20:53:24 - [MESSAGE][PASSED] - Object: 'Object Repository/Page_Moodle Log in to the site/button_Log in' is clicked on

2022-01-17 20:53:24 - [MESSAGE][PASSED] - Call Test Case 'Test Cases/Admin Login' successfully

2022-01-17 20:53:24 - [TEST_STEP][PASSED] - click(findTestObject("Object Repository/Page_Dashboard/span_Site home (1)")): Object: 'Object Repository/Page_Dashboard/span_Site home (1)' is clicked on

2022-01-17 20:53:26 - [MESSAGE][PASSED] - Object: 'Object Repository/Page_Dashboard/span_Site home (1)' is clicked on

2022-01-17 20:53:26 - [TEST_STEP][PASSED] - click(findTestObject("Object Repository/Page_Moodle/a_New Course")): Object: 'Object Repository/Page_Moodle/a_New Course' is clicked on

2022-01-17 20:53:28 - [MESSAGE][PASSED] - Object: 'Object Repository/Page_Moodle/a_New Course' is clicked on

2022-01-17 20:53:28 - [TEST_STEP][PASSED] - click(findTestObject("Object Repository/Page_Course New Course/i_New Course_icon fa fa-cog fa-fw")): Object: 'Object Repository/Page_Course New Course/i_New Course_icon fa fa-cog fa-fw' is clicked on

2022-01-17 20:53:29 - [MESSAGE][PASSED] - Object: 'Object Repository/Page_Course New Course/i_New Course_icon fa fa-cog fa-fw' is clicked on

2022-01-17 20:53:29 - [TEST_STEP][PASSED] - click(findTestObject("Object Repository/Page_Course New Course/a_Edit settings")): Object: 'Object Repository/Page_Course New Course/a_Edit settings' is clicked on

2022-01-17 20:53:31 - [MESSAGE][PASSED] - Object: 'Object Repository/Page_Course New Course/a_Edit settings' is clicked on

2022-01-17 20:53:31 - [TEST_STEP][PASSED] - setText(findTestObject("Object Repository/Page_Edit course settings/input_Course full name_fullname"), "New Course Edited"): Text 'New Course Edited' is set on object 'Object Repository/Page_Edit course settings/input_Course full name_fullname'

2022-01-17 20:53:33 - [MESSAGE][PASSED] - Text 'New Course Edited' is set on object 'Object Repository/Page_Edit course settings/input_Course full name_fullname'

2022-01-17 20:53:33 - [TEST_STEP][PASSED] - click(findTestObject("Object Repository/Page_Edit course settings/input__saveanddisplay")): Object: 'Object Repository/Page_Edit course settings/input__saveanddisplay' is clicked on

2022-01-17 20:53:36 - [MESSAGE][PASSED] - Object: 'Object Repository/Page_Edit course settings/input__saveanddisplay' is clicked on]]></system-out>
         <system-err><![CDATA[]]></system-err>
      </testcase>
      <testcase name="Test Cases/Admin Assign Manager" time="17.3" classname="Test Cases/Admin Assign Manager" status="PASSED">
         <system-out><![CDATA[2022-01-17 20:53:36 - [TEST_CASE][PASSED] - Test Cases/Admin Assign Manager: Test Cases/Admin Assign Manager

2022-01-17 20:53:36 - [TEST_STEP][PASSED] - callTestCase(findTestCase("Admin Login"), [:], STOP_ON_FAILURE): Call Test Case 'Test Cases/Admin Login' successfully

2022-01-17 20:53:36 - [TEST_CASE][PASSED] - Test Cases/Admin Login: Test Cases/Admin Login

2022-01-17 20:53:36 - [TEST_STEP][PASSED] - openBrowser(""): Browser is opened with url: ''

2022-01-17 20:53:36 - [MESSAGE][WARNING] - A browser is already opened. Closing browser and opening a new one

2022-01-17 20:53:37 - [MESSAGE][INFO] - Starting 'Chrome' driver

2022-01-17 20:53:37 - [MESSAGE][INFO] - Action delay is set to 0 milliseconds

2022-01-17 20:53:38 - [MESSAGE][PASSED] - Browser is opened with url: ''

2022-01-17 20:53:38 - [TEST_STEP][PASSED] - navigateToUrl("http://localhost/moodle/login/index.php"): Navigate to 'http://localhost/moodle/login/index.php' successfully

2022-01-17 20:53:39 - [MESSAGE][PASSED] - Navigate to 'http://localhost/moodle/login/index.php' successfully

2022-01-17 20:53:39 - [TEST_STEP][PASSED] - setText(findTestObject("Object Repository/Page_Moodle Log in to the site/input_Username_username"), "admin"): Text 'admin' is set on object 'Object Repository/Page_Moodle Log in to the site/input_Username_username'

2022-01-17 20:53:40 - [MESSAGE][PASSED] - Text 'admin' is set on object 'Object Repository/Page_Moodle Log in to the site/input_Username_username'

2022-01-17 20:53:40 - [TEST_STEP][PASSED] - setEncryptedText(findTestObject("Object Repository/Page_Moodle Log in to the site/input_Password_password"), "8JanWqnBZBo6yBKKrpSnpw=="): Text ****** has been set on object 'Object Repository/Page_Moodle Log in to the site/input_Password_password'

2022-01-17 20:53:40 - [MESSAGE][PASSED] - Text ****** has been set on object 'Object Repository/Page_Moodle Log in to the site/input_Password_password'

2022-01-17 20:53:40 - [TEST_STEP][PASSED] - click(findTestObject("Object Repository/Page_Moodle Log in to the site/button_Log in")): Object: 'Object Repository/Page_Moodle Log in to the site/button_Log in' is clicked on

2022-01-17 20:53:42 - [MESSAGE][PASSED] - Object: 'Object Repository/Page_Moodle Log in to the site/button_Log in' is clicked on

2022-01-17 20:53:42 - [MESSAGE][PASSED] - Call Test Case 'Test Cases/Admin Login' successfully

2022-01-17 20:53:42 - [TEST_STEP][PASSED] - click(findTestObject("Object Repository/Page_Dashboard/span_Site administration (8)")): Object: 'Object Repository/Page_Dashboard/span_Site administration (8)' is clicked on

2022-01-17 20:53:45 - [MESSAGE][PASSED] - Object: 'Object Repository/Page_Dashboard/span_Site administration (8)' is clicked on

2022-01-17 20:53:45 - [TEST_STEP][PASSED] - click(findTestObject("Page_Moodle Administration Search/a_Users (6)")): Object: 'Object Repository/Page_Moodle Administration Search/a_Users (6)' is clicked on

2022-01-17 20:53:46 - [MESSAGE][PASSED] - Object: 'Object Repository/Page_Moodle Administration Search/a_Users (6)' is clicked on

2022-01-17 20:53:46 - [TEST_STEP][PASSED] - click(findTestObject("Object Repository/Page_Moodle Administration Search/a_Assign system roles")): Object: 'Object Repository/Page_Moodle Administration Search/a_Assign system roles' is clicked on

2022-01-17 20:53:47 - [MESSAGE][PASSED] - Object: 'Object Repository/Page_Moodle Administration Search/a_Assign system roles' is clicked on

2022-01-17 20:53:47 - [TEST_STEP][PASSED] - click(findTestObject("Object Repository/Page_Moodle Administration Users Permission_6fdc16/a_Manager")): Object: 'Object Repository/Page_Moodle Administration Users Permission_6fdc16/a_Manager' is clicked on

2022-01-17 20:53:48 - [MESSAGE][PASSED] - Object: 'Object Repository/Page_Moodle Administration Users Permission_6fdc16/a_Manager' is clicked on

2022-01-17 20:53:48 - [TEST_STEP][PASSED] - selectOptionByValue(findTestObject("Object Repository/Page_Moodle Administration Users Permission_6fdc16/select_c H (hongocminhducgmail.com)    c H _8cfc97"), "2", true): All options with value '2' are selected in object 'Object Repository/Page_Moodle Administration Users Permission_6fdc16/select_c H (hongocminhducgmail.com)    c H _8cfc97'  using regular expression

2022-01-17 20:53:50 - [MESSAGE][PASSED] - All options with value '2' are selected in object 'Object Repository/Page_Moodle Administration Users Permission_6fdc16/select_c H (hongocminhducgmail.com)    c H _8cfc97'  using regular expression

2022-01-17 20:53:50 - [TEST_STEP][PASSED] - click(findTestObject("Object Repository/Page_Moodle Administration Users Permission_6fdc16/input_Match the search text anywhere in the_89f7b5")): Object: 'Object Repository/Page_Moodle Administration Users Permission_6fdc16/input_Match the search text anywhere in the_89f7b5' is clicked on

2022-01-17 20:53:51 - [MESSAGE][PASSED] - Object: 'Object Repository/Page_Moodle Administration Users Permission_6fdc16/input_Match the search text anywhere in the_89f7b5' is clicked on

2022-01-17 20:53:51 - [TEST_STEP][PASSED] - click(findTestObject("Object Repository/Page_Moodle Administration Users Permission_6fdc16/a_Back to the list of all roles")): Object: 'Object Repository/Page_Moodle Administration Users Permission_6fdc16/a_Back to the list of all roles' is clicked on

2022-01-17 20:53:53 - [MESSAGE][PASSED] - Object: 'Object Repository/Page_Moodle Administration Users Permission_6fdc16/a_Back to the list of all roles' is clicked on]]></system-out>
         <system-err><![CDATA[]]></system-err>
      </testcase>
      <testcase name="Test Cases/Admin Remove Manager" time="18.917" classname="Test Cases/Admin Remove Manager" status="PASSED">
         <system-out><![CDATA[2022-01-17 20:53:53 - [TEST_CASE][PASSED] - Test Cases/Admin Remove Manager: Test Cases/Admin Remove Manager

2022-01-17 20:53:53 - [TEST_STEP][PASSED] - callTestCase(findTestCase("Admin Login"), [:], STOP_ON_FAILURE): Call Test Case 'Test Cases/Admin Login' successfully

2022-01-17 20:53:53 - [TEST_CASE][PASSED] - Test Cases/Admin Login: Test Cases/Admin Login

2022-01-17 20:53:53 - [TEST_STEP][PASSED] - openBrowser(""): Browser is opened with url: ''

2022-01-17 20:53:53 - [MESSAGE][WARNING] - A browser is already opened. Closing browser and opening a new one

2022-01-17 20:53:54 - [MESSAGE][INFO] - Starting 'Chrome' driver

2022-01-17 20:53:54 - [MESSAGE][INFO] - Action delay is set to 0 milliseconds

2022-01-17 20:53:55 - [MESSAGE][PASSED] - Browser is opened with url: ''

2022-01-17 20:53:55 - [TEST_STEP][PASSED] - navigateToUrl("http://localhost/moodle/login/index.php"): Navigate to 'http://localhost/moodle/login/index.php' successfully

2022-01-17 20:53:56 - [MESSAGE][PASSED] - Navigate to 'http://localhost/moodle/login/index.php' successfully

2022-01-17 20:53:56 - [TEST_STEP][PASSED] - setText(findTestObject("Object Repository/Page_Moodle Log in to the site/input_Username_username"), "admin"): Text 'admin' is set on object 'Object Repository/Page_Moodle Log in to the site/input_Username_username'

2022-01-17 20:53:57 - [MESSAGE][PASSED] - Text 'admin' is set on object 'Object Repository/Page_Moodle Log in to the site/input_Username_username'

2022-01-17 20:53:57 - [TEST_STEP][PASSED] - setEncryptedText(findTestObject("Object Repository/Page_Moodle Log in to the site/input_Password_password"), "8JanWqnBZBo6yBKKrpSnpw=="): Text ****** has been set on object 'Object Repository/Page_Moodle Log in to the site/input_Password_password'

2022-01-17 20:53:58 - [MESSAGE][PASSED] - Text ****** has been set on object 'Object Repository/Page_Moodle Log in to the site/input_Password_password'

2022-01-17 20:53:58 - [TEST_STEP][PASSED] - click(findTestObject("Object Repository/Page_Moodle Log in to the site/button_Log in")): Object: 'Object Repository/Page_Moodle Log in to the site/button_Log in' is clicked on

2022-01-17 20:54:00 - [MESSAGE][PASSED] - Object: 'Object Repository/Page_Moodle Log in to the site/button_Log in' is clicked on

2022-01-17 20:54:00 - [MESSAGE][PASSED] - Call Test Case 'Test Cases/Admin Login' successfully

2022-01-17 20:54:00 - [TEST_STEP][PASSED] - click(findTestObject("Object Repository/Page_Dashboard/span_Site administration (9)")): Object: 'Object Repository/Page_Dashboard/span_Site administration (9)' is clicked on

2022-01-17 20:54:04 - [MESSAGE][PASSED] - Object: 'Object Repository/Page_Dashboard/span_Site administration (9)' is clicked on

2022-01-17 20:54:04 - [TEST_STEP][PASSED] - click(findTestObject("Page_Moodle Administration Search/a_Users (6)")): Object: 'Object Repository/Page_Moodle Administration Search/a_Users (6)' is clicked on

2022-01-17 20:54:04 - [MESSAGE][PASSED] - Object: 'Object Repository/Page_Moodle Administration Search/a_Users (6)' is clicked on

2022-01-17 20:54:04 - [TEST_STEP][PASSED] - click(findTestObject("Object Repository/Page_Moodle Administration Search/a_Assign system roles (1)")): Object: 'Object Repository/Page_Moodle Administration Search/a_Assign system roles (1)' is clicked on

2022-01-17 20:54:06 - [MESSAGE][PASSED] - Object: 'Object Repository/Page_Moodle Administration Search/a_Assign system roles (1)' is clicked on

2022-01-17 20:54:06 - [TEST_STEP][PASSED] - click(findTestObject("Object Repository/Page_Moodle Administration Users Permission_6fdc16/a_Manager (1)")): Object: 'Object Repository/Page_Moodle Administration Users Permission_6fdc16/a_Manager (1)' is clicked on

2022-01-17 20:54:07 - [MESSAGE][PASSED] - Object: 'Object Repository/Page_Moodle Administration Users Permission_6fdc16/a_Manager (1)' is clicked on

2022-01-17 20:54:07 - [TEST_STEP][PASSED] - selectOptionByValue(findTestObject("Object Repository/Page_Moodle Administration Users Permission_6fdc16/select_c H (hongocminhducgmail.com)"), "2", true): All options with value '2' are selected in object 'Object Repository/Page_Moodle Administration Users Permission_6fdc16/select_c H (hongocminhducgmail.com)'  using regular expression

2022-01-17 20:54:08 - [MESSAGE][PASSED] - All options with value '2' are selected in object 'Object Repository/Page_Moodle Administration Users Permission_6fdc16/select_c H (hongocminhducgmail.com)'  using regular expression

2022-01-17 20:54:08 - [TEST_STEP][PASSED] - click(findTestObject("Object Repository/Page_Moodle Administration Users Permission_6fdc16/input_Match the search text anywhere in the_31d039")): Object: 'Object Repository/Page_Moodle Administration Users Permission_6fdc16/input_Match the search text anywhere in the_31d039' is clicked on

2022-01-17 20:54:10 - [MESSAGE][PASSED] - Object: 'Object Repository/Page_Moodle Administration Users Permission_6fdc16/input_Match the search text anywhere in the_31d039' is clicked on

2022-01-17 20:54:10 - [TEST_STEP][PASSED] - click(findTestObject("Object Repository/Page_Moodle Administration Users Permission_6fdc16/a_Back to the list of all roles (1)")): Object: 'Object Repository/Page_Moodle Administration Users Permission_6fdc16/a_Back to the list of all roles (1)' is clicked on

2022-01-17 20:54:12 - [MESSAGE][PASSED] - Object: 'Object Repository/Page_Moodle Administration Users Permission_6fdc16/a_Back to the list of all roles (1)' is clicked on]]></system-out>
         <system-err><![CDATA[]]></system-err>
      </testcase>
      <testcase name="Test Cases/Admin Assign Course Creator" time="18.189" classname="Test Cases/Admin Assign Course Creator" status="PASSED">
         <system-out><![CDATA[2022-01-17 20:54:12 - [TEST_CASE][PASSED] - Test Cases/Admin Assign Course Creator: Test Cases/Admin Assign Course Creator

2022-01-17 20:54:12 - [TEST_STEP][PASSED] - callTestCase(findTestCase("Admin Login"), [:], STOP_ON_FAILURE): Call Test Case 'Test Cases/Admin Login' successfully

2022-01-17 20:54:12 - [TEST_CASE][PASSED] - Test Cases/Admin Login: Test Cases/Admin Login

2022-01-17 20:54:12 - [TEST_STEP][PASSED] - openBrowser(""): Browser is opened with url: ''

2022-01-17 20:54:12 - [MESSAGE][WARNING] - A browser is already opened. Closing browser and opening a new one

2022-01-17 20:54:13 - [MESSAGE][INFO] - Starting 'Chrome' driver

2022-01-17 20:54:13 - [MESSAGE][INFO] - Action delay is set to 0 milliseconds

2022-01-17 20:54:15 - [MESSAGE][PASSED] - Browser is opened with url: ''

2022-01-17 20:54:15 - [TEST_STEP][PASSED] - navigateToUrl("http://localhost/moodle/login/index.php"): Navigate to 'http://localhost/moodle/login/index.php' successfully

2022-01-17 20:54:15 - [MESSAGE][PASSED] - Navigate to 'http://localhost/moodle/login/index.php' successfully

2022-01-17 20:54:15 - [TEST_STEP][PASSED] - setText(findTestObject("Object Repository/Page_Moodle Log in to the site/input_Username_username"), "admin"): Text 'admin' is set on object 'Object Repository/Page_Moodle Log in to the site/input_Username_username'

2022-01-17 20:54:16 - [MESSAGE][PASSED] - Text 'admin' is set on object 'Object Repository/Page_Moodle Log in to the site/input_Username_username'

2022-01-17 20:54:16 - [TEST_STEP][PASSED] - setEncryptedText(findTestObject("Object Repository/Page_Moodle Log in to the site/input_Password_password"), "8JanWqnBZBo6yBKKrpSnpw=="): Text ****** has been set on object 'Object Repository/Page_Moodle Log in to the site/input_Password_password'

2022-01-17 20:54:17 - [MESSAGE][PASSED] - Text ****** has been set on object 'Object Repository/Page_Moodle Log in to the site/input_Password_password'

2022-01-17 20:54:17 - [TEST_STEP][PASSED] - click(findTestObject("Object Repository/Page_Moodle Log in to the site/button_Log in")): Object: 'Object Repository/Page_Moodle Log in to the site/button_Log in' is clicked on

2022-01-17 20:54:19 - [MESSAGE][PASSED] - Object: 'Object Repository/Page_Moodle Log in to the site/button_Log in' is clicked on

2022-01-17 20:54:19 - [MESSAGE][PASSED] - Call Test Case 'Test Cases/Admin Login' successfully

2022-01-17 20:54:19 - [TEST_STEP][PASSED] - click(findTestObject("Object Repository/Page_Dashboard/span_Site administration (10)")): Object: 'Object Repository/Page_Dashboard/span_Site administration (10)' is clicked on

2022-01-17 20:54:22 - [MESSAGE][PASSED] - Object: 'Object Repository/Page_Dashboard/span_Site administration (10)' is clicked on

2022-01-17 20:54:22 - [TEST_STEP][PASSED] - click(findTestObject("Object Repository/Page_Moodle Administration Search/a_Users (6)")): Object: 'Object Repository/Page_Moodle Administration Search/a_Users (6)' is clicked on

2022-01-17 20:54:23 - [MESSAGE][PASSED] - Object: 'Object Repository/Page_Moodle Administration Search/a_Users (6)' is clicked on

2022-01-17 20:54:23 - [TEST_STEP][PASSED] - click(findTestObject("Object Repository/Page_Moodle Administration Search/a_Assign system roles (2)")): Object: 'Object Repository/Page_Moodle Administration Search/a_Assign system roles (2)' is clicked on

2022-01-17 20:54:24 - [MESSAGE][PASSED] - Object: 'Object Repository/Page_Moodle Administration Search/a_Assign system roles (2)' is clicked on

2022-01-17 20:54:24 - [TEST_STEP][PASSED] - click(findTestObject("Object Repository/Page_Moodle Administration Users Permission_6fdc16/a_Course creator")): Object: 'Object Repository/Page_Moodle Administration Users Permission_6fdc16/a_Course creator' is clicked on

2022-01-17 20:54:26 - [MESSAGE][PASSED] - Object: 'Object Repository/Page_Moodle Administration Users Permission_6fdc16/a_Course creator' is clicked on

2022-01-17 20:54:26 - [TEST_STEP][PASSED] - selectOptionByValue(findTestObject("Object Repository/Page_Moodle Administration Users Permission_6fdc16/select_c H (hongocminhducgmail.com)    c H _8cfc97 (1)"), "2", true): All options with value '2' are selected in object 'Object Repository/Page_Moodle Administration Users Permission_6fdc16/select_c H (hongocminhducgmail.com)    c H _8cfc97 (1)'  using regular expression

2022-01-17 20:54:27 - [MESSAGE][PASSED] - All options with value '2' are selected in object 'Object Repository/Page_Moodle Administration Users Permission_6fdc16/select_c H (hongocminhducgmail.com)    c H _8cfc97 (1)'  using regular expression

2022-01-17 20:54:27 - [TEST_STEP][PASSED] - click(findTestObject("Object Repository/Page_Moodle Administration Users Permission_6fdc16/input_Match the search text anywhere in the_89f7b5 (1)")): Object: 'Object Repository/Page_Moodle Administration Users Permission_6fdc16/input_Match the search text anywhere in the_89f7b5 (1)' is clicked on

2022-01-17 20:54:29 - [MESSAGE][PASSED] - Object: 'Object Repository/Page_Moodle Administration Users Permission_6fdc16/input_Match the search text anywhere in the_89f7b5 (1)' is clicked on

2022-01-17 20:54:29 - [TEST_STEP][PASSED] - click(findTestObject("Object Repository/Page_Moodle Administration Users Permission_6fdc16/a_Back to the list of all roles (2)")): Object: 'Object Repository/Page_Moodle Administration Users Permission_6fdc16/a_Back to the list of all roles (2)' is clicked on

2022-01-17 20:54:30 - [MESSAGE][PASSED] - Object: 'Object Repository/Page_Moodle Administration Users Permission_6fdc16/a_Back to the list of all roles (2)' is clicked on]]></system-out>
         <system-err><![CDATA[]]></system-err>
      </testcase>
      <testcase name="Test Cases/Admin Remove Course Creator" time="17.94" classname="Test Cases/Admin Remove Course Creator" status="PASSED">
         <system-out><![CDATA[2022-01-17 20:54:30 - [TEST_CASE][PASSED] - Test Cases/Admin Remove Course Creator: Test Cases/Admin Remove Course Creator

2022-01-17 20:54:31 - [TEST_STEP][PASSED] - callTestCase(findTestCase("Admin Login"), [:], STOP_ON_FAILURE): Call Test Case 'Test Cases/Admin Login' successfully

2022-01-17 20:54:31 - [TEST_CASE][PASSED] - Test Cases/Admin Login: Test Cases/Admin Login

2022-01-17 20:54:31 - [TEST_STEP][PASSED] - openBrowser(""): Browser is opened with url: ''

2022-01-17 20:54:31 - [MESSAGE][WARNING] - A browser is already opened. Closing browser and opening a new one

2022-01-17 20:54:31 - [MESSAGE][INFO] - Starting 'Chrome' driver

2022-01-17 20:54:31 - [MESSAGE][INFO] - Action delay is set to 0 milliseconds

2022-01-17 20:54:33 - [MESSAGE][PASSED] - Browser is opened with url: ''

2022-01-17 20:54:33 - [TEST_STEP][PASSED] - navigateToUrl("http://localhost/moodle/login/index.php"): Navigate to 'http://localhost/moodle/login/index.php' successfully

2022-01-17 20:54:33 - [MESSAGE][PASSED] - Navigate to 'http://localhost/moodle/login/index.php' successfully

2022-01-17 20:54:33 - [TEST_STEP][PASSED] - setText(findTestObject("Object Repository/Page_Moodle Log in to the site/input_Username_username"), "admin"): Text 'admin' is set on object 'Object Repository/Page_Moodle Log in to the site/input_Username_username'

2022-01-17 20:54:34 - [MESSAGE][PASSED] - Text 'admin' is set on object 'Object Repository/Page_Moodle Log in to the site/input_Username_username'

2022-01-17 20:54:34 - [TEST_STEP][PASSED] - setEncryptedText(findTestObject("Object Repository/Page_Moodle Log in to the site/input_Password_password"), "8JanWqnBZBo6yBKKrpSnpw=="): Text ****** has been set on object 'Object Repository/Page_Moodle Log in to the site/input_Password_password'

2022-01-17 20:54:35 - [MESSAGE][PASSED] - Text ****** has been set on object 'Object Repository/Page_Moodle Log in to the site/input_Password_password'

2022-01-17 20:54:35 - [TEST_STEP][PASSED] - click(findTestObject("Object Repository/Page_Moodle Log in to the site/button_Log in")): Object: 'Object Repository/Page_Moodle Log in to the site/button_Log in' is clicked on

2022-01-17 20:54:37 - [MESSAGE][PASSED] - Object: 'Object Repository/Page_Moodle Log in to the site/button_Log in' is clicked on

2022-01-17 20:54:37 - [MESSAGE][PASSED] - Call Test Case 'Test Cases/Admin Login' successfully

2022-01-17 20:54:37 - [TEST_STEP][PASSED] - click(findTestObject("Object Repository/Page_Dashboard/span_Site administration (11)")): Object: 'Object Repository/Page_Dashboard/span_Site administration (11)' is clicked on

2022-01-17 20:54:40 - [MESSAGE][PASSED] - Object: 'Object Repository/Page_Dashboard/span_Site administration (11)' is clicked on

2022-01-17 20:54:40 - [TEST_STEP][PASSED] - click(findTestObject("Object Repository/Page_Moodle Administration Search/a_Users (7)")): Object: 'Object Repository/Page_Moodle Administration Search/a_Users (7)' is clicked on

2022-01-17 20:54:40 - [MESSAGE][PASSED] - Object: 'Object Repository/Page_Moodle Administration Search/a_Users (7)' is clicked on

2022-01-17 20:54:40 - [TEST_STEP][PASSED] - click(findTestObject("Object Repository/Page_Moodle Administration Search/a_Assign system roles (3)")): Object: 'Object Repository/Page_Moodle Administration Search/a_Assign system roles (3)' is clicked on

2022-01-17 20:54:42 - [MESSAGE][PASSED] - Object: 'Object Repository/Page_Moodle Administration Search/a_Assign system roles (3)' is clicked on

2022-01-17 20:54:42 - [TEST_STEP][PASSED] - click(findTestObject("Object Repository/Page_Moodle Administration Users Permission_6fdc16/a_Course creator (1)")): Object: 'Object Repository/Page_Moodle Administration Users Permission_6fdc16/a_Course creator (1)' is clicked on

2022-01-17 20:54:43 - [MESSAGE][PASSED] - Object: 'Object Repository/Page_Moodle Administration Users Permission_6fdc16/a_Course creator (1)' is clicked on

2022-01-17 20:54:43 - [TEST_STEP][PASSED] - selectOptionByValue(findTestObject("Object Repository/Page_Moodle Administration Users Permission_6fdc16/select_c H (hongocminhducgmail.com) (1)"), "2", true): All options with value '2' are selected in object 'Object Repository/Page_Moodle Administration Users Permission_6fdc16/select_c H (hongocminhducgmail.com) (1)'  using regular expression

2022-01-17 20:54:44 - [MESSAGE][PASSED] - All options with value '2' are selected in object 'Object Repository/Page_Moodle Administration Users Permission_6fdc16/select_c H (hongocminhducgmail.com) (1)'  using regular expression

2022-01-17 20:54:44 - [TEST_STEP][PASSED] - click(findTestObject("Object Repository/Page_Moodle Administration Users Permission_6fdc16/input_Match the search text anywhere in the_31d039 (1)")): Object: 'Object Repository/Page_Moodle Administration Users Permission_6fdc16/input_Match the search text anywhere in the_31d039 (1)' is clicked on

2022-01-17 20:54:46 - [MESSAGE][PASSED] - Object: 'Object Repository/Page_Moodle Administration Users Permission_6fdc16/input_Match the search text anywhere in the_31d039 (1)' is clicked on

2022-01-17 20:54:46 - [TEST_STEP][PASSED] - click(findTestObject("Object Repository/Page_Moodle Administration Users Permission_6fdc16/a_Back to the list of all roles (3)")): Object: 'Object Repository/Page_Moodle Administration Users Permission_6fdc16/a_Back to the list of all roles (3)' is clicked on

2022-01-17 20:54:48 - [MESSAGE][PASSED] - Object: 'Object Repository/Page_Moodle Administration Users Permission_6fdc16/a_Back to the list of all roles (3)' is clicked on]]></system-out>
         <system-err><![CDATA[]]></system-err>
      </testcase>
      <testcase name="Test Cases/Admin Enroll Student" time="59.995" classname="Test Cases/Admin Enroll Student" status="FAILED">
         <failure type="FAILED" message="Test Cases/Admin Enroll Student FAILED.
Reason:
com.kms.katalon.core.exception.StepFailedException: Unable to click on object 'Object Repository/Page_New Course Participants/span_ (1)'
	at com.kms.katalon.core.webui.keyword.internal.WebUIKeywordMain.stepFailed(WebUIKeywordMain.groovy:64)
	at com.kms.katalon.core.webui.keyword.internal.WebUIKeywordMain.runKeyword(WebUIKeywordMain.groovy:26)
	at com.kms.katalon.core.webui.keyword.builtin.ClickKeyword.click(ClickKeyword.groovy:74)
	at com.kms.katalon.core.webui.keyword.builtin.ClickKeyword.execute(ClickKeyword.groovy:40)
	at com.kms.katalon.core.keyword.internal.KeywordExecutor.executeKeywordForPlatform(KeywordExecutor.groovy:74)
	at com.kms.katalon.core.webui.keyword.WebUiBuiltInKeywords.click(WebUiBuiltInKeywords.groovy:620)
	at com.kms.katalon.core.webui.keyword.WebUiBuiltInKeywords$click$3.call(Unknown Source)
	at Admin Enroll Student.run(Admin Enroll Student:36)
	at com.kms.katalon.core.main.ScriptEngine.run(ScriptEngine.java:194)
	at com.kms.katalon.core.main.ScriptEngine.runScriptAsRawText(ScriptEngine.java:119)
	at com.kms.katalon.core.main.TestCaseExecutor.runScript(TestCaseExecutor.java:442)
	at com.kms.katalon.core.main.TestCaseExecutor.doExecute(TestCaseExecutor.java:433)
	at com.kms.katalon.core.main.TestCaseExecutor.processExecutionPhase(TestCaseExecutor.java:412)
	at com.kms.katalon.core.main.TestCaseExecutor.accessMainPhase(TestCaseExecutor.java:404)
	at com.kms.katalon.core.main.TestCaseExecutor.execute(TestCaseExecutor.java:281)
	at com.kms.katalon.core.main.TestSuiteExecutor.accessTestCaseMainPhase(TestSuiteExecutor.java:202)
	at com.kms.katalon.core.main.TestSuiteExecutor.accessTestSuiteMainPhase(TestSuiteExecutor.java:164)
	at com.kms.katalon.core.main.TestSuiteExecutor.execute(TestSuiteExecutor.java:105)
	at com.kms.katalon.core.main.TestCaseMain.startTestSuite(TestCaseMain.java:181)
	at com.kms.katalon.core.main.TestCaseMain$startTestSuite$0.call(Unknown Source)
	at TempTestSuite1642427402729.run(TempTestSuite1642427402729.groovy:36)
Caused by: com.kms.katalon.core.webui.exception.WebElementNotFoundException: Web element with id: 'Object Repository/Page_New Course Participants/span_ (1)' located by '//div[@id='fitem_id_userlist']/div[2]/div[3]/span' not found
	at com.kms.katalon.core.webui.common.WebUiCommonHelper.findWebElement(WebUiCommonHelper.java:1368)
	at com.kms.katalon.core.webui.keyword.internal.WebUIAbstractKeyword.findWebElement(WebUIAbstractKeyword.groovy:27)
	at com.kms.katalon.core.webui.keyword.builtin.ClickKeyword$_click_closure1.doCall(ClickKeyword.groovy:65)
	at com.kms.katalon.core.webui.keyword.builtin.ClickKeyword$_click_closure1.call(ClickKeyword.groovy)
	at com.kms.katalon.core.webui.keyword.internal.WebUIKeywordMain.runKeyword(WebUIKeywordMain.groovy:20)
	... 19 more
"/>
         <system-out><![CDATA[2022-01-17 20:54:48 - [TEST_CASE][FAILED] - Test Cases/Admin Enroll Student: Test Cases/Admin Enroll Student FAILED.
Reason:
com.kms.katalon.core.exception.StepFailedException: Unable to click on object 'Object Repository/Page_New Course Participants/span_ (1)'
	at com.kms.katalon.core.webui.keyword.internal.WebUIKeywordMain.stepFailed(WebUIKeywordMain.groovy:64)
	at com.kms.katalon.core.webui.keyword.internal.WebUIKeywordMain.runKeyword(WebUIKeywordMain.groovy:26)
	at com.kms.katalon.core.webui.keyword.builtin.ClickKeyword.click(ClickKeyword.groovy:74)
	at com.kms.katalon.core.webui.keyword.builtin.ClickKeyword.execute(ClickKeyword.groovy:40)
	at com.kms.katalon.core.keyword.internal.KeywordExecutor.executeKeywordForPlatform(KeywordExecutor.groovy:74)
	at com.kms.katalon.core.webui.keyword.WebUiBuiltInKeywords.click(WebUiBuiltInKeywords.groovy:620)
	at com.kms.katalon.core.webui.keyword.WebUiBuiltInKeywords$click$3.call(Unknown Source)
	at Admin Enroll Student.run(Admin Enroll Student:36)
	at com.kms.katalon.core.main.ScriptEngine.run(ScriptEngine.java:194)
	at com.kms.katalon.core.main.ScriptEngine.runScriptAsRawText(ScriptEngine.java:119)
	at com.kms.katalon.core.main.TestCaseExecutor.runScript(TestCaseExecutor.java:442)
	at com.kms.katalon.core.main.TestCaseExecutor.doExecute(TestCaseExecutor.java:433)
	at com.kms.katalon.core.main.TestCaseExecutor.processExecutionPhase(TestCaseExecutor.java:412)
	at com.kms.katalon.core.main.TestCaseExecutor.accessMainPhase(TestCaseExecutor.java:404)
	at com.kms.katalon.core.main.TestCaseExecutor.execute(TestCaseExecutor.java:281)
	at com.kms.katalon.core.main.TestSuiteExecutor.accessTestCaseMainPhase(TestSuiteExecutor.java:202)
	at com.kms.katalon.core.main.TestSuiteExecutor.accessTestSuiteMainPhase(TestSuiteExecutor.java:164)
	at com.kms.katalon.core.main.TestSuiteExecutor.execute(TestSuiteExecutor.java:105)
	at com.kms.katalon.core.main.TestCaseMain.startTestSuite(TestCaseMain.java:181)
	at com.kms.katalon.core.main.TestCaseMain$startTestSuite$0.call(Unknown Source)
	at TempTestSuite1642427402729.run(TempTestSuite1642427402729.groovy:36)
Caused by: com.kms.katalon.core.webui.exception.WebElementNotFoundException: Web element with id: 'Object Repository/Page_New Course Participants/span_ (1)' located by '//div[@id='fitem_id_userlist']/div[2]/div[3]/span' not found
	at com.kms.katalon.core.webui.common.WebUiCommonHelper.findWebElement(WebUiCommonHelper.java:1368)
	at com.kms.katalon.core.webui.keyword.internal.WebUIAbstractKeyword.findWebElement(WebUIAbstractKeyword.groovy:27)
	at com.kms.katalon.core.webui.keyword.builtin.ClickKeyword$_click_closure1.doCall(ClickKeyword.groovy:65)
	at com.kms.katalon.core.webui.keyword.builtin.ClickKeyword$_click_closure1.call(ClickKeyword.groovy)
	at com.kms.katalon.core.webui.keyword.internal.WebUIKeywordMain.runKeyword(WebUIKeywordMain.groovy:20)
	... 19 more


2022-01-17 20:54:49 - [TEST_STEP][PASSED] - callTestCase(findTestCase("Admin Login"), [:], STOP_ON_FAILURE): Call Test Case 'Test Cases/Admin Login' successfully

2022-01-17 20:54:49 - [TEST_CASE][PASSED] - Test Cases/Admin Login: Test Cases/Admin Login

2022-01-17 20:54:49 - [TEST_STEP][PASSED] - openBrowser(""): Browser is opened with url: ''

2022-01-17 20:54:49 - [MESSAGE][WARNING] - A browser is already opened. Closing browser and opening a new one

2022-01-17 20:54:49 - [MESSAGE][INFO] - Starting 'Chrome' driver

2022-01-17 20:54:49 - [MESSAGE][INFO] - Action delay is set to 0 milliseconds

2022-01-17 20:54:51 - [MESSAGE][PASSED] - Browser is opened with url: ''

2022-01-17 20:54:51 - [TEST_STEP][PASSED] - navigateToUrl("http://localhost/moodle/login/index.php"): Navigate to 'http://localhost/moodle/login/index.php' successfully

2022-01-17 20:54:52 - [MESSAGE][PASSED] - Navigate to 'http://localhost/moodle/login/index.php' successfully

2022-01-17 20:54:52 - [TEST_STEP][PASSED] - setText(findTestObject("Object Repository/Page_Moodle Log in to the site/input_Username_username"), "admin"): Text 'admin' is set on object 'Object Repository/Page_Moodle Log in to the site/input_Username_username'

2022-01-17 20:54:53 - [MESSAGE][PASSED] - Text 'admin' is set on object 'Object Repository/Page_Moodle Log in to the site/input_Username_username'

2022-01-17 20:54:53 - [TEST_STEP][PASSED] - setEncryptedText(findTestObject("Object Repository/Page_Moodle Log in to the site/input_Password_password"), "8JanWqnBZBo6yBKKrpSnpw=="): Text ****** has been set on object 'Object Repository/Page_Moodle Log in to the site/input_Password_password'

2022-01-17 20:54:53 - [MESSAGE][PASSED] - Text ****** has been set on object 'Object Repository/Page_Moodle Log in to the site/input_Password_password'

2022-01-17 20:54:53 - [TEST_STEP][PASSED] - click(findTestObject("Object Repository/Page_Moodle Log in to the site/button_Log in")): Object: 'Object Repository/Page_Moodle Log in to the site/button_Log in' is clicked on

2022-01-17 20:54:55 - [MESSAGE][PASSED] - Object: 'Object Repository/Page_Moodle Log in to the site/button_Log in' is clicked on

2022-01-17 20:54:55 - [MESSAGE][PASSED] - Call Test Case 'Test Cases/Admin Login' successfully

2022-01-17 20:54:55 - [TEST_STEP][PASSED] - click(findTestObject("Object Repository/Page_Dashboard/span_Site home (3)")): Object: 'Object Repository/Page_Dashboard/span_Site home (3)' is clicked on

2022-01-17 20:54:58 - [MESSAGE][PASSED] - Object: 'Object Repository/Page_Dashboard/span_Site home (3)' is clicked on

2022-01-17 20:54:58 - [TEST_STEP][PASSED] - click(findTestObject("Object Repository/Page_Moodle/a_New Course Edited (2)")): Object: 'Object Repository/Page_Moodle/a_New Course Edited (2)' is clicked on

2022-01-17 20:55:02 - [MESSAGE][PASSED] - Object: 'Object Repository/Page_Moodle/a_New Course Edited (2)' is clicked on

2022-01-17 20:55:02 - [TEST_STEP][PASSED] - click(findTestObject("Object Repository/Page_Course New Course Edited/i_New Course Edited_icon fa fa-cog fa-fw (2)")): Object: 'Object Repository/Page_Course New Course Edited/i_New Course Edited_icon fa fa-cog fa-fw (2)' is clicked on

2022-01-17 20:55:05 - [MESSAGE][PASSED] - Object: 'Object Repository/Page_Course New Course Edited/i_New Course Edited_icon fa fa-cog fa-fw (2)' is clicked on

2022-01-17 20:55:05 - [TEST_STEP][PASSED] - click(findTestObject("Object Repository/Page_Course New Course Edited/a_More (2)")): Object: 'Object Repository/Page_Course New Course Edited/a_More (2)' is clicked on

2022-01-17 20:55:07 - [MESSAGE][PASSED] - Object: 'Object Repository/Page_Course New Course Edited/a_More (2)' is clicked on

2022-01-17 20:55:07 - [TEST_STEP][PASSED] - click(findTestObject("Object Repository/Page_Course administration/a_Users (2)")): Object: 'Object Repository/Page_Course administration/a_Users (2)' is clicked on

2022-01-17 20:55:10 - [MESSAGE][PASSED] - Object: 'Object Repository/Page_Course administration/a_Users (2)' is clicked on

2022-01-17 20:55:10 - [TEST_STEP][PASSED] - click(findTestObject("Object Repository/Page_Course administration/a_Enrolled users (2)")): Object: 'Object Repository/Page_Course administration/a_Enrolled users (2)' is clicked on

2022-01-17 20:55:12 - [MESSAGE][PASSED] - Object: 'Object Repository/Page_Course administration/a_Enrolled users (2)' is clicked on

2022-01-17 20:55:12 - [TEST_STEP][PASSED] - click(findTestObject("Object Repository/Page_New Course Participants/input_Participants_btn btn-secondary my-1 (1)")): Object: 'Object Repository/Page_New Course Participants/input_Participants_btn btn-secondary my-1 (1)' is clicked on

2022-01-17 20:55:15 - [MESSAGE][PASSED] - Object: 'Object Repository/Page_New Course Participants/input_Participants_btn btn-secondary my-1 (1)' is clicked on

2022-01-17 20:55:15 - [TEST_STEP][FAILED] - click(findTestObject("Object Repository/Page_New Course Participants/span_ (1)")): Unable to click on object 'Object Repository/Page_New Course Participants/span_ (1)' (Root cause: com.kms.katalon.core.exception.StepFailedException: Unable to click on object 'Object Repository/Page_New Course Participants/span_ (1)'
	at com.kms.katalon.core.webui.keyword.internal.WebUIKeywordMain.stepFailed(WebUIKeywordMain.groovy:64)
	at com.kms.katalon.core.webui.keyword.internal.WebUIKeywordMain.runKeyword(WebUIKeywordMain.groovy:26)
	at com.kms.katalon.core.webui.keyword.builtin.ClickKeyword.click(ClickKeyword.groovy:74)
	at com.kms.katalon.core.webui.keyword.builtin.ClickKeyword.execute(ClickKeyword.groovy:40)
	at com.kms.katalon.core.keyword.internal.KeywordExecutor.executeKeywordForPlatform(KeywordExecutor.groovy:74)
	at com.kms.katalon.core.webui.keyword.WebUiBuiltInKeywords.click(WebUiBuiltInKeywords.groovy:620)
	at com.kms.katalon.core.webui.keyword.WebUiBuiltInKeywords$click$3.call(Unknown Source)
	at Admin Enroll Student.run(Admin Enroll Student:36)
	at com.kms.katalon.core.main.ScriptEngine.run(ScriptEngine.java:194)
	at com.kms.katalon.core.main.ScriptEngine.runScriptAsRawText(ScriptEngine.java:119)
	at com.kms.katalon.core.main.TestCaseExecutor.runScript(TestCaseExecutor.java:442)
	at com.kms.katalon.core.main.TestCaseExecutor.doExecute(TestCaseExecutor.java:433)
	at com.kms.katalon.core.main.TestCaseExecutor.processExecutionPhase(TestCaseExecutor.java:412)
	at com.kms.katalon.core.main.TestCaseExecutor.accessMainPhase(TestCaseExecutor.java:404)
	at com.kms.katalon.core.main.TestCaseExecutor.execute(TestCaseExecutor.java:281)
	at com.kms.katalon.core.main.TestSuiteExecutor.accessTestCaseMainPhase(TestSuiteExecutor.java:202)
	at com.kms.katalon.core.main.TestSuiteExecutor.accessTestSuiteMainPhase(TestSuiteExecutor.java:164)
	at com.kms.katalon.core.main.TestSuiteExecutor.execute(TestSuiteExecutor.java:105)
	at com.kms.katalon.core.main.TestCaseMain.startTestSuite(TestCaseMain.java:181)
	at com.kms.katalon.core.main.TestCaseMain$startTestSuite$0.call(Unknown Source)
	at TempTestSuite1642427402729.run(TempTestSuite1642427402729.groovy:36)
Caused by: com.kms.katalon.core.webui.exception.WebElementNotFoundException: Web element with id: 'Object Repository/Page_New Course Participants/span_ (1)' located by '//div[@id='fitem_id_userlist']/div[2]/div[3]/span' not found
	at com.kms.katalon.core.webui.common.WebUiCommonHelper.findWebElement(WebUiCommonHelper.java:1368)
	at com.kms.katalon.core.webui.keyword.internal.WebUIAbstractKeyword.findWebElement(WebUIAbstractKeyword.groovy:27)
	at com.kms.katalon.core.webui.keyword.builtin.ClickKeyword$_click_closure1.doCall(ClickKeyword.groovy:65)
	at com.kms.katalon.core.webui.keyword.builtin.ClickKeyword$_click_closure1.call(ClickKeyword.groovy)
	at com.kms.katalon.core.webui.keyword.internal.WebUIKeywordMain.runKeyword(WebUIKeywordMain.groovy:20)
	at com.kms.katalon.core.webui.keyword.builtin.ClickKeyword.click(ClickKeyword.groovy:74)
	at com.kms.katalon.core.webui.keyword.builtin.ClickKeyword.execute(ClickKeyword.groovy:40)
	at com.kms.katalon.core.keyword.internal.KeywordExecutor.executeKeywordForPlatform(KeywordExecutor.groovy:74)
	at com.kms.katalon.core.webui.keyword.WebUiBuiltInKeywords.click(WebUiBuiltInKeywords.groovy:620)
	at com.kms.katalon.core.webui.keyword.WebUiBuiltInKeywords$click$3.call(Unknown Source)
	at Script1642348884693.run(Script1642348884693.groovy:36)
	... 13 more
)

2022-01-17 20:55:48 - [MESSAGE][INFO] - Unable to find the element located by 'By.xpath: //div[@id='fitem_id_userlist']/div[2]/div[3]/span'. Please recheck the objects properties to make sure the desired element is located. 

2022-01-17 20:55:48 - [MESSAGE][FAILED] - Unable to click on object 'Object Repository/Page_New Course Participants/span_ (1)' (Root cause: com.kms.katalon.core.exception.StepFailedException: Unable to click on object 'Object Repository/Page_New Course Participants/span_ (1)'
	at com.kms.katalon.core.webui.keyword.internal.WebUIKeywordMain.stepFailed(WebUIKeywordMain.groovy:64)
	at com.kms.katalon.core.webui.keyword.internal.WebUIKeywordMain.runKeyword(WebUIKeywordMain.groovy:26)
	at com.kms.katalon.core.webui.keyword.builtin.ClickKeyword.click(ClickKeyword.groovy:74)
	at com.kms.katalon.core.webui.keyword.builtin.ClickKeyword.execute(ClickKeyword.groovy:40)
	at com.kms.katalon.core.keyword.internal.KeywordExecutor.executeKeywordForPlatform(KeywordExecutor.groovy:74)
	at com.kms.katalon.core.webui.keyword.WebUiBuiltInKeywords.click(WebUiBuiltInKeywords.groovy:620)
	at com.kms.katalon.core.webui.keyword.WebUiBuiltInKeywords$click$3.call(Unknown Source)
	at Admin Enroll Student.run(Admin Enroll Student:36)
	at com.kms.katalon.core.main.ScriptEngine.run(ScriptEngine.java:194)
	at com.kms.katalon.core.main.ScriptEngine.runScriptAsRawText(ScriptEngine.java:119)
	at com.kms.katalon.core.main.TestCaseExecutor.runScript(TestCaseExecutor.java:442)
	at com.kms.katalon.core.main.TestCaseExecutor.doExecute(TestCaseExecutor.java:433)
	at com.kms.katalon.core.main.TestCaseExecutor.processExecutionPhase(TestCaseExecutor.java:412)
	at com.kms.katalon.core.main.TestCaseExecutor.accessMainPhase(TestCaseExecutor.java:404)
	at com.kms.katalon.core.main.TestCaseExecutor.execute(TestCaseExecutor.java:281)
	at com.kms.katalon.core.main.TestSuiteExecutor.accessTestCaseMainPhase(TestSuiteExecutor.java:202)
	at com.kms.katalon.core.main.TestSuiteExecutor.accessTestSuiteMainPhase(TestSuiteExecutor.java:164)
	at com.kms.katalon.core.main.TestSuiteExecutor.execute(TestSuiteExecutor.java:105)
	at com.kms.katalon.core.main.TestCaseMain.startTestSuite(TestCaseMain.java:181)
	at com.kms.katalon.core.main.TestCaseMain$startTestSuite$0.call(Unknown Source)
	at TempTestSuite1642427402729.run(TempTestSuite1642427402729.groovy:36)
Caused by: com.kms.katalon.core.webui.exception.WebElementNotFoundException: Web element with id: 'Object Repository/Page_New Course Participants/span_ (1)' located by '//div[@id='fitem_id_userlist']/div[2]/div[3]/span' not found
	at com.kms.katalon.core.webui.common.WebUiCommonHelper.findWebElement(WebUiCommonHelper.java:1368)
	at com.kms.katalon.core.webui.keyword.internal.WebUIAbstractKeyword.findWebElement(WebUIAbstractKeyword.groovy:27)
	at com.kms.katalon.core.webui.keyword.builtin.ClickKeyword$_click_closure1.doCall(ClickKeyword.groovy:65)
	at com.kms.katalon.core.webui.keyword.builtin.ClickKeyword$_click_closure1.call(ClickKeyword.groovy)
	at com.kms.katalon.core.webui.keyword.internal.WebUIKeywordMain.runKeyword(WebUIKeywordMain.groovy:20)
	at com.kms.katalon.core.webui.keyword.builtin.ClickKeyword.click(ClickKeyword.groovy:74)
	at com.kms.katalon.core.webui.keyword.builtin.ClickKeyword.execute(ClickKeyword.groovy:40)
	at com.kms.katalon.core.keyword.internal.KeywordExecutor.executeKeywordForPlatform(KeywordExecutor.groovy:74)
	at com.kms.katalon.core.webui.keyword.WebUiBuiltInKeywords.click(WebUiBuiltInKeywords.groovy:620)
	at com.kms.katalon.core.webui.keyword.WebUiBuiltInKeywords$click$3.call(Unknown Source)
	at Script1642348884693.run(Script1642348884693.groovy:36)
	... 13 more
)
[[ATTACHMENT|C:\\Users\\Minh Duc\\Desktop\\Test-Automation-SE-Bonus\\Test Automation - SE Bonus\\Reports\\20220117_205002\\Run all test cases\\20220117_205002\\1642427748129.png]]]]></system-out>
         <system-err><![CDATA[2022-01-17 20:54:48 - [TEST_CASE][FAILED] - Test Cases/Admin Enroll Student: Test Cases/Admin Enroll Student FAILED.
Reason:
com.kms.katalon.core.exception.StepFailedException: Unable to click on object 'Object Repository/Page_New Course Participants/span_ (1)'
	at com.kms.katalon.core.webui.keyword.internal.WebUIKeywordMain.stepFailed(WebUIKeywordMain.groovy:64)
	at com.kms.katalon.core.webui.keyword.internal.WebUIKeywordMain.runKeyword(WebUIKeywordMain.groovy:26)
	at com.kms.katalon.core.webui.keyword.builtin.ClickKeyword.click(ClickKeyword.groovy:74)
	at com.kms.katalon.core.webui.keyword.builtin.ClickKeyword.execute(ClickKeyword.groovy:40)
	at com.kms.katalon.core.keyword.internal.KeywordExecutor.executeKeywordForPlatform(KeywordExecutor.groovy:74)
	at com.kms.katalon.core.webui.keyword.WebUiBuiltInKeywords.click(WebUiBuiltInKeywords.groovy:620)
	at com.kms.katalon.core.webui.keyword.WebUiBuiltInKeywords$click$3.call(Unknown Source)
	at Admin Enroll Student.run(Admin Enroll Student:36)
	at com.kms.katalon.core.main.ScriptEngine.run(ScriptEngine.java:194)
	at com.kms.katalon.core.main.ScriptEngine.runScriptAsRawText(ScriptEngine.java:119)
	at com.kms.katalon.core.main.TestCaseExecutor.runScript(TestCaseExecutor.java:442)
	at com.kms.katalon.core.main.TestCaseExecutor.doExecute(TestCaseExecutor.java:433)
	at com.kms.katalon.core.main.TestCaseExecutor.processExecutionPhase(TestCaseExecutor.java:412)
	at com.kms.katalon.core.main.TestCaseExecutor.accessMainPhase(TestCaseExecutor.java:404)
	at com.kms.katalon.core.main.TestCaseExecutor.execute(TestCaseExecutor.java:281)
	at com.kms.katalon.core.main.TestSuiteExecutor.accessTestCaseMainPhase(TestSuiteExecutor.java:202)
	at com.kms.katalon.core.main.TestSuiteExecutor.accessTestSuiteMainPhase(TestSuiteExecutor.java:164)
	at com.kms.katalon.core.main.TestSuiteExecutor.execute(TestSuiteExecutor.java:105)
	at com.kms.katalon.core.main.TestCaseMain.startTestSuite(TestCaseMain.java:181)
	at com.kms.katalon.core.main.TestCaseMain$startTestSuite$0.call(Unknown Source)
	at TempTestSuite1642427402729.run(TempTestSuite1642427402729.groovy:36)
Caused by: com.kms.katalon.core.webui.exception.WebElementNotFoundException: Web element with id: 'Object Repository/Page_New Course Participants/span_ (1)' located by '//div[@id='fitem_id_userlist']/div[2]/div[3]/span' not found
	at com.kms.katalon.core.webui.common.WebUiCommonHelper.findWebElement(WebUiCommonHelper.java:1368)
	at com.kms.katalon.core.webui.keyword.internal.WebUIAbstractKeyword.findWebElement(WebUIAbstractKeyword.groovy:27)
	at com.kms.katalon.core.webui.keyword.builtin.ClickKeyword$_click_closure1.doCall(ClickKeyword.groovy:65)
	at com.kms.katalon.core.webui.keyword.builtin.ClickKeyword$_click_closure1.call(ClickKeyword.groovy)
	at com.kms.katalon.core.webui.keyword.internal.WebUIKeywordMain.runKeyword(WebUIKeywordMain.groovy:20)
	... 19 more]]></system-err>
      </testcase>
      <testcase name="Test Cases/Admin Unenroll Student" time="44.542" classname="Test Cases/Admin Unenroll Student" status="FAILED">
         <failure type="FAILED" message="Test Cases/Admin Unenroll Student FAILED.
Reason:
com.kms.katalon.core.exception.StepFailedException: Unable to click on object 'Object Repository/Page_Course New Course Edited/a_More'
	at com.kms.katalon.core.webui.keyword.internal.WebUIKeywordMain.stepFailed(WebUIKeywordMain.groovy:64)
	at com.kms.katalon.core.webui.keyword.internal.WebUIKeywordMain.runKeyword(WebUIKeywordMain.groovy:26)
	at com.kms.katalon.core.webui.keyword.builtin.ClickKeyword.click(ClickKeyword.groovy:74)
	at com.kms.katalon.core.webui.keyword.builtin.ClickKeyword.execute(ClickKeyword.groovy:40)
	at com.kms.katalon.core.keyword.internal.KeywordExecutor.executeKeywordForPlatform(KeywordExecutor.groovy:74)
	at com.kms.katalon.core.webui.keyword.WebUiBuiltInKeywords.click(WebUiBuiltInKeywords.groovy:620)
	at com.kms.katalon.core.webui.keyword.WebUiBuiltInKeywords$click$3.call(Unknown Source)
	at Admin Unenroll Student.run(Admin Unenroll Student:28)
	at com.kms.katalon.core.main.ScriptEngine.run(ScriptEngine.java:194)
	at com.kms.katalon.core.main.ScriptEngine.runScriptAsRawText(ScriptEngine.java:119)
	at com.kms.katalon.core.main.TestCaseExecutor.runScript(TestCaseExecutor.java:442)
	at com.kms.katalon.core.main.TestCaseExecutor.doExecute(TestCaseExecutor.java:433)
	at com.kms.katalon.core.main.TestCaseExecutor.processExecutionPhase(TestCaseExecutor.java:412)
	at com.kms.katalon.core.main.TestCaseExecutor.accessMainPhase(TestCaseExecutor.java:404)
	at com.kms.katalon.core.main.TestCaseExecutor.execute(TestCaseExecutor.java:281)
	at com.kms.katalon.core.main.TestSuiteExecutor.accessTestCaseMainPhase(TestSuiteExecutor.java:202)
	at com.kms.katalon.core.main.TestSuiteExecutor.accessTestSuiteMainPhase(TestSuiteExecutor.java:164)
	at com.kms.katalon.core.main.TestSuiteExecutor.execute(TestSuiteExecutor.java:105)
	at com.kms.katalon.core.main.TestCaseMain.startTestSuite(TestCaseMain.java:181)
	at com.kms.katalon.core.main.TestCaseMain$startTestSuite$0.call(Unknown Source)
	at TempTestSuite1642427402729.run(TempTestSuite1642427402729.groovy:36)
Caused by: com.kms.katalon.core.webui.exception.WebElementNotFoundException: Web element with id: 'Object Repository/Page_Course New Course Edited/a_More' located by '//div[@id='action-menu-2-menu']/div[12]/a' not found
	at com.kms.katalon.core.webui.common.WebUiCommonHelper.findWebElement(WebUiCommonHelper.java:1368)
	at com.kms.katalon.core.webui.keyword.internal.WebUIAbstractKeyword.findWebElement(WebUIAbstractKeyword.groovy:27)
	at com.kms.katalon.core.webui.keyword.builtin.ClickKeyword$_click_closure1.doCall(ClickKeyword.groovy:65)
	at com.kms.katalon.core.webui.keyword.builtin.ClickKeyword$_click_closure1.call(ClickKeyword.groovy)
	at com.kms.katalon.core.webui.keyword.internal.WebUIKeywordMain.runKeyword(WebUIKeywordMain.groovy:20)
	... 19 more
"/>
         <system-out><![CDATA[2022-01-17 20:55:48 - [TEST_CASE][FAILED] - Test Cases/Admin Unenroll Student: Test Cases/Admin Unenroll Student FAILED.
Reason:
com.kms.katalon.core.exception.StepFailedException: Unable to click on object 'Object Repository/Page_Course New Course Edited/a_More'
	at com.kms.katalon.core.webui.keyword.internal.WebUIKeywordMain.stepFailed(WebUIKeywordMain.groovy:64)
	at com.kms.katalon.core.webui.keyword.internal.WebUIKeywordMain.runKeyword(WebUIKeywordMain.groovy:26)
	at com.kms.katalon.core.webui.keyword.builtin.ClickKeyword.click(ClickKeyword.groovy:74)
	at com.kms.katalon.core.webui.keyword.builtin.ClickKeyword.execute(ClickKeyword.groovy:40)
	at com.kms.katalon.core.keyword.internal.KeywordExecutor.executeKeywordForPlatform(KeywordExecutor.groovy:74)
	at com.kms.katalon.core.webui.keyword.WebUiBuiltInKeywords.click(WebUiBuiltInKeywords.groovy:620)
	at com.kms.katalon.core.webui.keyword.WebUiBuiltInKeywords$click$3.call(Unknown Source)
	at Admin Unenroll Student.run(Admin Unenroll Student:28)
	at com.kms.katalon.core.main.ScriptEngine.run(ScriptEngine.java:194)
	at com.kms.katalon.core.main.ScriptEngine.runScriptAsRawText(ScriptEngine.java:119)
	at com.kms.katalon.core.main.TestCaseExecutor.runScript(TestCaseExecutor.java:442)
	at com.kms.katalon.core.main.TestCaseExecutor.doExecute(TestCaseExecutor.java:433)
	at com.kms.katalon.core.main.TestCaseExecutor.processExecutionPhase(TestCaseExecutor.java:412)
	at com.kms.katalon.core.main.TestCaseExecutor.accessMainPhase(TestCaseExecutor.java:404)
	at com.kms.katalon.core.main.TestCaseExecutor.execute(TestCaseExecutor.java:281)
	at com.kms.katalon.core.main.TestSuiteExecutor.accessTestCaseMainPhase(TestSuiteExecutor.java:202)
	at com.kms.katalon.core.main.TestSuiteExecutor.accessTestSuiteMainPhase(TestSuiteExecutor.java:164)
	at com.kms.katalon.core.main.TestSuiteExecutor.execute(TestSuiteExecutor.java:105)
	at com.kms.katalon.core.main.TestCaseMain.startTestSuite(TestCaseMain.java:181)
	at com.kms.katalon.core.main.TestCaseMain$startTestSuite$0.call(Unknown Source)
	at TempTestSuite1642427402729.run(TempTestSuite1642427402729.groovy:36)
Caused by: com.kms.katalon.core.webui.exception.WebElementNotFoundException: Web element with id: 'Object Repository/Page_Course New Course Edited/a_More' located by '//div[@id='action-menu-2-menu']/div[12]/a' not found
	at com.kms.katalon.core.webui.common.WebUiCommonHelper.findWebElement(WebUiCommonHelper.java:1368)
	at com.kms.katalon.core.webui.keyword.internal.WebUIAbstractKeyword.findWebElement(WebUIAbstractKeyword.groovy:27)
	at com.kms.katalon.core.webui.keyword.builtin.ClickKeyword$_click_closure1.doCall(ClickKeyword.groovy:65)
	at com.kms.katalon.core.webui.keyword.builtin.ClickKeyword$_click_closure1.call(ClickKeyword.groovy)
	at com.kms.katalon.core.webui.keyword.internal.WebUIKeywordMain.runKeyword(WebUIKeywordMain.groovy:20)
	... 19 more


2022-01-17 20:55:49 - [TEST_STEP][PASSED] - callTestCase(findTestCase("Admin Login"), [:], STOP_ON_FAILURE): Call Test Case 'Test Cases/Admin Login' successfully

2022-01-17 20:55:49 - [TEST_CASE][PASSED] - Test Cases/Admin Login: Test Cases/Admin Login

2022-01-17 20:55:49 - [TEST_STEP][PASSED] - openBrowser(""): Browser is opened with url: ''

2022-01-17 20:55:49 - [MESSAGE][WARNING] - A browser is already opened. Closing browser and opening a new one

2022-01-17 20:55:49 - [MESSAGE][INFO] - Starting 'Chrome' driver

2022-01-17 20:55:49 - [MESSAGE][INFO] - Action delay is set to 0 milliseconds

2022-01-17 20:55:51 - [MESSAGE][PASSED] - Browser is opened with url: ''

2022-01-17 20:55:51 - [TEST_STEP][PASSED] - navigateToUrl("http://localhost/moodle/login/index.php"): Navigate to 'http://localhost/moodle/login/index.php' successfully

2022-01-17 20:55:52 - [MESSAGE][PASSED] - Navigate to 'http://localhost/moodle/login/index.php' successfully

2022-01-17 20:55:52 - [TEST_STEP][PASSED] - setText(findTestObject("Object Repository/Page_Moodle Log in to the site/input_Username_username"), "admin"): Text 'admin' is set on object 'Object Repository/Page_Moodle Log in to the site/input_Username_username'

2022-01-17 20:55:53 - [MESSAGE][PASSED] - Text 'admin' is set on object 'Object Repository/Page_Moodle Log in to the site/input_Username_username'

2022-01-17 20:55:53 - [TEST_STEP][PASSED] - setEncryptedText(findTestObject("Object Repository/Page_Moodle Log in to the site/input_Password_password"), "8JanWqnBZBo6yBKKrpSnpw=="): Text ****** has been set on object 'Object Repository/Page_Moodle Log in to the site/input_Password_password'

2022-01-17 20:55:53 - [MESSAGE][PASSED] - Text ****** has been set on object 'Object Repository/Page_Moodle Log in to the site/input_Password_password'

2022-01-17 20:55:53 - [TEST_STEP][PASSED] - click(findTestObject("Object Repository/Page_Moodle Log in to the site/button_Log in")): Object: 'Object Repository/Page_Moodle Log in to the site/button_Log in' is clicked on

2022-01-17 20:55:56 - [MESSAGE][PASSED] - Object: 'Object Repository/Page_Moodle Log in to the site/button_Log in' is clicked on

2022-01-17 20:55:56 - [MESSAGE][PASSED] - Call Test Case 'Test Cases/Admin Login' successfully

2022-01-17 20:55:56 - [TEST_STEP][PASSED] - click(findTestObject("Object Repository/Page_Dashboard/span_Site home (2)")): Object: 'Object Repository/Page_Dashboard/span_Site home (2)' is clicked on

2022-01-17 20:55:59 - [MESSAGE][PASSED] - Object: 'Object Repository/Page_Dashboard/span_Site home (2)' is clicked on

2022-01-17 20:55:59 - [TEST_STEP][PASSED] - click(findTestObject("Object Repository/Page_Moodle/a_New Course Edited")): Object: 'Object Repository/Page_Moodle/a_New Course Edited' is clicked on

2022-01-17 20:56:00 - [MESSAGE][PASSED] - Object: 'Object Repository/Page_Moodle/a_New Course Edited' is clicked on

2022-01-17 20:56:00 - [TEST_STEP][PASSED] - click(findTestObject("Object Repository/Page_Course New Course Edited/i_New Course Edited_icon fa fa-cog fa-fw")): Object: 'Object Repository/Page_Course New Course Edited/i_New Course Edited_icon fa fa-cog fa-fw' is clicked on

2022-01-17 20:56:01 - [MESSAGE][PASSED] - Object: 'Object Repository/Page_Course New Course Edited/i_New Course Edited_icon fa fa-cog fa-fw' is clicked on

2022-01-17 20:56:01 - [TEST_STEP][FAILED] - click(findTestObject("Object Repository/Page_Course New Course Edited/a_More")): Unable to click on object 'Object Repository/Page_Course New Course Edited/a_More' (Root cause: com.kms.katalon.core.exception.StepFailedException: Unable to click on object 'Object Repository/Page_Course New Course Edited/a_More'
	at com.kms.katalon.core.webui.keyword.internal.WebUIKeywordMain.stepFailed(WebUIKeywordMain.groovy:64)
	at com.kms.katalon.core.webui.keyword.internal.WebUIKeywordMain.runKeyword(WebUIKeywordMain.groovy:26)
	at com.kms.katalon.core.webui.keyword.builtin.ClickKeyword.click(ClickKeyword.groovy:74)
	at com.kms.katalon.core.webui.keyword.builtin.ClickKeyword.execute(ClickKeyword.groovy:40)
	at com.kms.katalon.core.keyword.internal.KeywordExecutor.executeKeywordForPlatform(KeywordExecutor.groovy:74)
	at com.kms.katalon.core.webui.keyword.WebUiBuiltInKeywords.click(WebUiBuiltInKeywords.groovy:620)
	at com.kms.katalon.core.webui.keyword.WebUiBuiltInKeywords$click$3.call(Unknown Source)
	at Admin Unenroll Student.run(Admin Unenroll Student:28)
	at com.kms.katalon.core.main.ScriptEngine.run(ScriptEngine.java:194)
	at com.kms.katalon.core.main.ScriptEngine.runScriptAsRawText(ScriptEngine.java:119)
	at com.kms.katalon.core.main.TestCaseExecutor.runScript(TestCaseExecutor.java:442)
	at com.kms.katalon.core.main.TestCaseExecutor.doExecute(TestCaseExecutor.java:433)
	at com.kms.katalon.core.main.TestCaseExecutor.processExecutionPhase(TestCaseExecutor.java:412)
	at com.kms.katalon.core.main.TestCaseExecutor.accessMainPhase(TestCaseExecutor.java:404)
	at com.kms.katalon.core.main.TestCaseExecutor.execute(TestCaseExecutor.java:281)
	at com.kms.katalon.core.main.TestSuiteExecutor.accessTestCaseMainPhase(TestSuiteExecutor.java:202)
	at com.kms.katalon.core.main.TestSuiteExecutor.accessTestSuiteMainPhase(TestSuiteExecutor.java:164)
	at com.kms.katalon.core.main.TestSuiteExecutor.execute(TestSuiteExecutor.java:105)
	at com.kms.katalon.core.main.TestCaseMain.startTestSuite(TestCaseMain.java:181)
	at com.kms.katalon.core.main.TestCaseMain$startTestSuite$0.call(Unknown Source)
	at TempTestSuite1642427402729.run(TempTestSuite1642427402729.groovy:36)
Caused by: com.kms.katalon.core.webui.exception.WebElementNotFoundException: Web element with id: 'Object Repository/Page_Course New Course Edited/a_More' located by '//div[@id='action-menu-2-menu']/div[12]/a' not found
	at com.kms.katalon.core.webui.common.WebUiCommonHelper.findWebElement(WebUiCommonHelper.java:1368)
	at com.kms.katalon.core.webui.keyword.internal.WebUIAbstractKeyword.findWebElement(WebUIAbstractKeyword.groovy:27)
	at com.kms.katalon.core.webui.keyword.builtin.ClickKeyword$_click_closure1.doCall(ClickKeyword.groovy:65)
	at com.kms.katalon.core.webui.keyword.builtin.ClickKeyword$_click_closure1.call(ClickKeyword.groovy)
	at com.kms.katalon.core.webui.keyword.internal.WebUIKeywordMain.runKeyword(WebUIKeywordMain.groovy:20)
	at com.kms.katalon.core.webui.keyword.builtin.ClickKeyword.click(ClickKeyword.groovy:74)
	at com.kms.katalon.core.webui.keyword.builtin.ClickKeyword.execute(ClickKeyword.groovy:40)
	at com.kms.katalon.core.keyword.internal.KeywordExecutor.executeKeywordForPlatform(KeywordExecutor.groovy:74)
	at com.kms.katalon.core.webui.keyword.WebUiBuiltInKeywords.click(WebUiBuiltInKeywords.groovy:620)
	at com.kms.katalon.core.webui.keyword.WebUiBuiltInKeywords$click$3.call(Unknown Source)
	at Script1642348802195.run(Script1642348802195.groovy:28)
	... 13 more
)

2022-01-17 20:56:32 - [MESSAGE][INFO] - Unable to find the element located by 'By.xpath: //div[@id='action-menu-2-menu']/div[12]/a'. Please recheck the objects properties to make sure the desired element is located. 

2022-01-17 20:56:32 - [MESSAGE][FAILED] - Unable to click on object 'Object Repository/Page_Course New Course Edited/a_More' (Root cause: com.kms.katalon.core.exception.StepFailedException: Unable to click on object 'Object Repository/Page_Course New Course Edited/a_More'
	at com.kms.katalon.core.webui.keyword.internal.WebUIKeywordMain.stepFailed(WebUIKeywordMain.groovy:64)
	at com.kms.katalon.core.webui.keyword.internal.WebUIKeywordMain.runKeyword(WebUIKeywordMain.groovy:26)
	at com.kms.katalon.core.webui.keyword.builtin.ClickKeyword.click(ClickKeyword.groovy:74)
	at com.kms.katalon.core.webui.keyword.builtin.ClickKeyword.execute(ClickKeyword.groovy:40)
	at com.kms.katalon.core.keyword.internal.KeywordExecutor.executeKeywordForPlatform(KeywordExecutor.groovy:74)
	at com.kms.katalon.core.webui.keyword.WebUiBuiltInKeywords.click(WebUiBuiltInKeywords.groovy:620)
	at com.kms.katalon.core.webui.keyword.WebUiBuiltInKeywords$click$3.call(Unknown Source)
	at Admin Unenroll Student.run(Admin Unenroll Student:28)
	at com.kms.katalon.core.main.ScriptEngine.run(ScriptEngine.java:194)
	at com.kms.katalon.core.main.ScriptEngine.runScriptAsRawText(ScriptEngine.java:119)
	at com.kms.katalon.core.main.TestCaseExecutor.runScript(TestCaseExecutor.java:442)
	at com.kms.katalon.core.main.TestCaseExecutor.doExecute(TestCaseExecutor.java:433)
	at com.kms.katalon.core.main.TestCaseExecutor.processExecutionPhase(TestCaseExecutor.java:412)
	at com.kms.katalon.core.main.TestCaseExecutor.accessMainPhase(TestCaseExecutor.java:404)
	at com.kms.katalon.core.main.TestCaseExecutor.execute(TestCaseExecutor.java:281)
	at com.kms.katalon.core.main.TestSuiteExecutor.accessTestCaseMainPhase(TestSuiteExecutor.java:202)
	at com.kms.katalon.core.main.TestSuiteExecutor.accessTestSuiteMainPhase(TestSuiteExecutor.java:164)
	at com.kms.katalon.core.main.TestSuiteExecutor.execute(TestSuiteExecutor.java:105)
	at com.kms.katalon.core.main.TestCaseMain.startTestSuite(TestCaseMain.java:181)
	at com.kms.katalon.core.main.TestCaseMain$startTestSuite$0.call(Unknown Source)
	at TempTestSuite1642427402729.run(TempTestSuite1642427402729.groovy:36)
Caused by: com.kms.katalon.core.webui.exception.WebElementNotFoundException: Web element with id: 'Object Repository/Page_Course New Course Edited/a_More' located by '//div[@id='action-menu-2-menu']/div[12]/a' not found
	at com.kms.katalon.core.webui.common.WebUiCommonHelper.findWebElement(WebUiCommonHelper.java:1368)
	at com.kms.katalon.core.webui.keyword.internal.WebUIAbstractKeyword.findWebElement(WebUIAbstractKeyword.groovy:27)
	at com.kms.katalon.core.webui.keyword.builtin.ClickKeyword$_click_closure1.doCall(ClickKeyword.groovy:65)
	at com.kms.katalon.core.webui.keyword.builtin.ClickKeyword$_click_closure1.call(ClickKeyword.groovy)
	at com.kms.katalon.core.webui.keyword.internal.WebUIKeywordMain.runKeyword(WebUIKeywordMain.groovy:20)
	at com.kms.katalon.core.webui.keyword.builtin.ClickKeyword.click(ClickKeyword.groovy:74)
	at com.kms.katalon.core.webui.keyword.builtin.ClickKeyword.execute(ClickKeyword.groovy:40)
	at com.kms.katalon.core.keyword.internal.KeywordExecutor.executeKeywordForPlatform(KeywordExecutor.groovy:74)
	at com.kms.katalon.core.webui.keyword.WebUiBuiltInKeywords.click(WebUiBuiltInKeywords.groovy:620)
	at com.kms.katalon.core.webui.keyword.WebUiBuiltInKeywords$click$3.call(Unknown Source)
	at Script1642348802195.run(Script1642348802195.groovy:28)
	... 13 more
)
[[ATTACHMENT|C:\\Users\\Minh Duc\\Desktop\\Test-Automation-SE-Bonus\\Test Automation - SE Bonus\\Reports\\20220117_205002\\Run all test cases\\20220117_205002\\1642427792846.png]]]]></system-out>
         <system-err><![CDATA[2022-01-17 20:55:48 - [TEST_CASE][FAILED] - Test Cases/Admin Unenroll Student: Test Cases/Admin Unenroll Student FAILED.
Reason:
com.kms.katalon.core.exception.StepFailedException: Unable to click on object 'Object Repository/Page_Course New Course Edited/a_More'
	at com.kms.katalon.core.webui.keyword.internal.WebUIKeywordMain.stepFailed(WebUIKeywordMain.groovy:64)
	at com.kms.katalon.core.webui.keyword.internal.WebUIKeywordMain.runKeyword(WebUIKeywordMain.groovy:26)
	at com.kms.katalon.core.webui.keyword.builtin.ClickKeyword.click(ClickKeyword.groovy:74)
	at com.kms.katalon.core.webui.keyword.builtin.ClickKeyword.execute(ClickKeyword.groovy:40)
	at com.kms.katalon.core.keyword.internal.KeywordExecutor.executeKeywordForPlatform(KeywordExecutor.groovy:74)
	at com.kms.katalon.core.webui.keyword.WebUiBuiltInKeywords.click(WebUiBuiltInKeywords.groovy:620)
	at com.kms.katalon.core.webui.keyword.WebUiBuiltInKeywords$click$3.call(Unknown Source)
	at Admin Unenroll Student.run(Admin Unenroll Student:28)
	at com.kms.katalon.core.main.ScriptEngine.run(ScriptEngine.java:194)
	at com.kms.katalon.core.main.ScriptEngine.runScriptAsRawText(ScriptEngine.java:119)
	at com.kms.katalon.core.main.TestCaseExecutor.runScript(TestCaseExecutor.java:442)
	at com.kms.katalon.core.main.TestCaseExecutor.doExecute(TestCaseExecutor.java:433)
	at com.kms.katalon.core.main.TestCaseExecutor.processExecutionPhase(TestCaseExecutor.java:412)
	at com.kms.katalon.core.main.TestCaseExecutor.accessMainPhase(TestCaseExecutor.java:404)
	at com.kms.katalon.core.main.TestCaseExecutor.execute(TestCaseExecutor.java:281)
	at com.kms.katalon.core.main.TestSuiteExecutor.accessTestCaseMainPhase(TestSuiteExecutor.java:202)
	at com.kms.katalon.core.main.TestSuiteExecutor.accessTestSuiteMainPhase(TestSuiteExecutor.java:164)
	at com.kms.katalon.core.main.TestSuiteExecutor.execute(TestSuiteExecutor.java:105)
	at com.kms.katalon.core.main.TestCaseMain.startTestSuite(TestCaseMain.java:181)
	at com.kms.katalon.core.main.TestCaseMain$startTestSuite$0.call(Unknown Source)
	at TempTestSuite1642427402729.run(TempTestSuite1642427402729.groovy:36)
Caused by: com.kms.katalon.core.webui.exception.WebElementNotFoundException: Web element with id: 'Object Repository/Page_Course New Course Edited/a_More' located by '//div[@id='action-menu-2-menu']/div[12]/a' not found
	at com.kms.katalon.core.webui.common.WebUiCommonHelper.findWebElement(WebUiCommonHelper.java:1368)
	at com.kms.katalon.core.webui.keyword.internal.WebUIAbstractKeyword.findWebElement(WebUIAbstractKeyword.groovy:27)
	at com.kms.katalon.core.webui.keyword.builtin.ClickKeyword$_click_closure1.doCall(ClickKeyword.groovy:65)
	at com.kms.katalon.core.webui.keyword.builtin.ClickKeyword$_click_closure1.call(ClickKeyword.groovy)
	at com.kms.katalon.core.webui.keyword.internal.WebUIKeywordMain.runKeyword(WebUIKeywordMain.groovy:20)
	... 19 more]]></system-err>
      </testcase>
      <testcase name="Test Cases/Admin Assign Course Teacher" time="16.966" classname="Test Cases/Admin Assign Course Teacher" status="FAILED">
         <failure type="FAILED" message="Test Cases/Admin Assign Course Teacher FAILED.
Reason:
com.kms.katalon.core.exception.StepFailedException: Unable to select option by value '2' of object 'Object Repository/Page_Assign role Teacher in Course New Cour_04a7a0/select_c H (hongocminhducgmail.com)    c H _8cfc97'  using regular expression
	at com.kms.katalon.core.webui.keyword.internal.WebUIKeywordMain.stepFailed(WebUIKeywordMain.groovy:64)
	at com.kms.katalon.core.webui.keyword.internal.WebUIKeywordMain.runKeyword(WebUIKeywordMain.groovy:26)
	at com.kms.katalon.core.webui.keyword.builtin.SelectOptionByValueKeyword.selectOptionByValue(SelectOptionByValueKeyword.groovy:99)
	at com.kms.katalon.core.webui.keyword.builtin.SelectOptionByValueKeyword.execute(SelectOptionByValueKeyword.groovy:71)
	at com.kms.katalon.core.keyword.internal.KeywordExecutor.executeKeywordForPlatform(KeywordExecutor.groovy:74)
	at com.kms.katalon.core.webui.keyword.WebUiBuiltInKeywords.selectOptionByValue(WebUiBuiltInKeywords.groovy:1168)
	at com.kms.katalon.core.webui.keyword.WebUiBuiltInKeywords$selectOptionByValue$4.call(Unknown Source)
	at Admin Assign Course Teacher.run(Admin Assign Course Teacher:38)
	at com.kms.katalon.core.main.ScriptEngine.run(ScriptEngine.java:194)
	at com.kms.katalon.core.main.ScriptEngine.runScriptAsRawText(ScriptEngine.java:119)
	at com.kms.katalon.core.main.TestCaseExecutor.runScript(TestCaseExecutor.java:442)
	at com.kms.katalon.core.main.TestCaseExecutor.doExecute(TestCaseExecutor.java:433)
	at com.kms.katalon.core.main.TestCaseExecutor.processExecutionPhase(TestCaseExecutor.java:412)
	at com.kms.katalon.core.main.TestCaseExecutor.accessMainPhase(TestCaseExecutor.java:404)
	at com.kms.katalon.core.main.TestCaseExecutor.execute(TestCaseExecutor.java:281)
	at com.kms.katalon.core.main.TestSuiteExecutor.accessTestCaseMainPhase(TestSuiteExecutor.java:202)
	at com.kms.katalon.core.main.TestSuiteExecutor.accessTestSuiteMainPhase(TestSuiteExecutor.java:164)
	at com.kms.katalon.core.main.TestSuiteExecutor.execute(TestSuiteExecutor.java:105)
	at com.kms.katalon.core.main.TestCaseMain.startTestSuite(TestCaseMain.java:181)
	at com.kms.katalon.core.main.TestCaseMain$startTestSuite$0.call(Unknown Source)
	at TempTestSuite1642427402729.run(TempTestSuite1642427402729.groovy:36)
Caused by: com.kms.katalon.core.exception.StepFailedException: No option matched.
	at com.kms.katalon.core.keyword.internal.KeywordMain.stepFailed(KeywordMain.groovy:50)
	at com.kms.katalon.core.keyword.internal.KeywordMain.stepFailed(KeywordMain.groovy)
	at com.kms.katalon.core.keyword.internal.KeywordMain.stepFailed(KeywordMain.groovy:23)
	at com.kms.katalon.core.webui.keyword.builtin.SelectOptionByValueKeyword$_selectOptionByValue_closure1.doCall(SelectOptionByValueKeyword.groovy:92)
	at com.kms.katalon.core.webui.keyword.builtin.SelectOptionByValueKeyword$_selectOptionByValue_closure1.call(SelectOptionByValueKeyword.groovy)
	at com.kms.katalon.core.webui.keyword.internal.WebUIKeywordMain.runKeyword(WebUIKeywordMain.groovy:20)
	... 19 more
"/>
         <system-out><![CDATA[2022-01-17 20:56:32 - [TEST_CASE][FAILED] - Test Cases/Admin Assign Course Teacher: Test Cases/Admin Assign Course Teacher FAILED.
Reason:
com.kms.katalon.core.exception.StepFailedException: Unable to select option by value '2' of object 'Object Repository/Page_Assign role Teacher in Course New Cour_04a7a0/select_c H (hongocminhducgmail.com)    c H _8cfc97'  using regular expression
	at com.kms.katalon.core.webui.keyword.internal.WebUIKeywordMain.stepFailed(WebUIKeywordMain.groovy:64)
	at com.kms.katalon.core.webui.keyword.internal.WebUIKeywordMain.runKeyword(WebUIKeywordMain.groovy:26)
	at com.kms.katalon.core.webui.keyword.builtin.SelectOptionByValueKeyword.selectOptionByValue(SelectOptionByValueKeyword.groovy:99)
	at com.kms.katalon.core.webui.keyword.builtin.SelectOptionByValueKeyword.execute(SelectOptionByValueKeyword.groovy:71)
	at com.kms.katalon.core.keyword.internal.KeywordExecutor.executeKeywordForPlatform(KeywordExecutor.groovy:74)
	at com.kms.katalon.core.webui.keyword.WebUiBuiltInKeywords.selectOptionByValue(WebUiBuiltInKeywords.groovy:1168)
	at com.kms.katalon.core.webui.keyword.WebUiBuiltInKeywords$selectOptionByValue$4.call(Unknown Source)
	at Admin Assign Course Teacher.run(Admin Assign Course Teacher:38)
	at com.kms.katalon.core.main.ScriptEngine.run(ScriptEngine.java:194)
	at com.kms.katalon.core.main.ScriptEngine.runScriptAsRawText(ScriptEngine.java:119)
	at com.kms.katalon.core.main.TestCaseExecutor.runScript(TestCaseExecutor.java:442)
	at com.kms.katalon.core.main.TestCaseExecutor.doExecute(TestCaseExecutor.java:433)
	at com.kms.katalon.core.main.TestCaseExecutor.processExecutionPhase(TestCaseExecutor.java:412)
	at com.kms.katalon.core.main.TestCaseExecutor.accessMainPhase(TestCaseExecutor.java:404)
	at com.kms.katalon.core.main.TestCaseExecutor.execute(TestCaseExecutor.java:281)
	at com.kms.katalon.core.main.TestSuiteExecutor.accessTestCaseMainPhase(TestSuiteExecutor.java:202)
	at com.kms.katalon.core.main.TestSuiteExecutor.accessTestSuiteMainPhase(TestSuiteExecutor.java:164)
	at com.kms.katalon.core.main.TestSuiteExecutor.execute(TestSuiteExecutor.java:105)
	at com.kms.katalon.core.main.TestCaseMain.startTestSuite(TestCaseMain.java:181)
	at com.kms.katalon.core.main.TestCaseMain$startTestSuite$0.call(Unknown Source)
	at TempTestSuite1642427402729.run(TempTestSuite1642427402729.groovy:36)
Caused by: com.kms.katalon.core.exception.StepFailedException: No option matched.
	at com.kms.katalon.core.keyword.internal.KeywordMain.stepFailed(KeywordMain.groovy:50)
	at com.kms.katalon.core.keyword.internal.KeywordMain.stepFailed(KeywordMain.groovy)
	at com.kms.katalon.core.keyword.internal.KeywordMain.stepFailed(KeywordMain.groovy:23)
	at com.kms.katalon.core.webui.keyword.builtin.SelectOptionByValueKeyword$_selectOptionByValue_closure1.doCall(SelectOptionByValueKeyword.groovy:92)
	at com.kms.katalon.core.webui.keyword.builtin.SelectOptionByValueKeyword$_selectOptionByValue_closure1.call(SelectOptionByValueKeyword.groovy)
	at com.kms.katalon.core.webui.keyword.internal.WebUIKeywordMain.runKeyword(WebUIKeywordMain.groovy:20)
	... 19 more


2022-01-17 20:56:33 - [TEST_STEP][PASSED] - callTestCase(findTestCase("Admin Login"), [:], STOP_ON_FAILURE): Call Test Case 'Test Cases/Admin Login' successfully

2022-01-17 20:56:33 - [TEST_CASE][PASSED] - Test Cases/Admin Login: Test Cases/Admin Login

2022-01-17 20:56:33 - [TEST_STEP][PASSED] - openBrowser(""): Browser is opened with url: ''

2022-01-17 20:56:33 - [MESSAGE][WARNING] - A browser is already opened. Closing browser and opening a new one

2022-01-17 20:56:34 - [MESSAGE][INFO] - Starting 'Chrome' driver

2022-01-17 20:56:34 - [MESSAGE][INFO] - Action delay is set to 0 milliseconds

2022-01-17 20:56:35 - [MESSAGE][PASSED] - Browser is opened with url: ''

2022-01-17 20:56:35 - [TEST_STEP][PASSED] - navigateToUrl("http://localhost/moodle/login/index.php"): Navigate to 'http://localhost/moodle/login/index.php' successfully

2022-01-17 20:56:36 - [MESSAGE][PASSED] - Navigate to 'http://localhost/moodle/login/index.php' successfully

2022-01-17 20:56:36 - [TEST_STEP][PASSED] - setText(findTestObject("Object Repository/Page_Moodle Log in to the site/input_Username_username"), "admin"): Text 'admin' is set on object 'Object Repository/Page_Moodle Log in to the site/input_Username_username'

2022-01-17 20:56:36 - [MESSAGE][PASSED] - Text 'admin' is set on object 'Object Repository/Page_Moodle Log in to the site/input_Username_username'

2022-01-17 20:56:36 - [TEST_STEP][PASSED] - setEncryptedText(findTestObject("Object Repository/Page_Moodle Log in to the site/input_Password_password"), "8JanWqnBZBo6yBKKrpSnpw=="): Text ****** has been set on object 'Object Repository/Page_Moodle Log in to the site/input_Password_password'

2022-01-17 20:56:37 - [MESSAGE][PASSED] - Text ****** has been set on object 'Object Repository/Page_Moodle Log in to the site/input_Password_password'

2022-01-17 20:56:37 - [TEST_STEP][PASSED] - click(findTestObject("Object Repository/Page_Moodle Log in to the site/button_Log in")): Object: 'Object Repository/Page_Moodle Log in to the site/button_Log in' is clicked on

2022-01-17 20:56:39 - [MESSAGE][PASSED] - Object: 'Object Repository/Page_Moodle Log in to the site/button_Log in' is clicked on

2022-01-17 20:56:39 - [MESSAGE][PASSED] - Call Test Case 'Test Cases/Admin Login' successfully

2022-01-17 20:56:39 - [TEST_STEP][PASSED] - click(findTestObject("Object Repository/Page_Dashboard/span_Site home (5)")): Object: 'Object Repository/Page_Dashboard/span_Site home (5)' is clicked on

2022-01-17 20:56:41 - [MESSAGE][PASSED] - Object: 'Object Repository/Page_Dashboard/span_Site home (5)' is clicked on

2022-01-17 20:56:41 - [TEST_STEP][PASSED] - click(findTestObject("Object Repository/Page_Moodle/a_New Course Edited (4)")): Object: 'Object Repository/Page_Moodle/a_New Course Edited (4)' is clicked on

2022-01-17 20:56:43 - [MESSAGE][PASSED] - Object: 'Object Repository/Page_Moodle/a_New Course Edited (4)' is clicked on

2022-01-17 20:56:43 - [TEST_STEP][PASSED] - click(findTestObject("Object Repository/Page_Course New Course Edited/i_New Course Edited_icon fa fa-cog fa-fw (4)")): Object: 'Object Repository/Page_Course New Course Edited/i_New Course Edited_icon fa fa-cog fa-fw (4)' is clicked on

2022-01-17 20:56:44 - [MESSAGE][PASSED] - Object: 'Object Repository/Page_Course New Course Edited/i_New Course Edited_icon fa fa-cog fa-fw (4)' is clicked on

2022-01-17 20:56:44 - [TEST_STEP][PASSED] - click(findTestObject("Object Repository/Page_Course New Course Edited/a_More (4)")): Object: 'Object Repository/Page_Course New Course Edited/a_More (4)' is clicked on

2022-01-17 20:56:45 - [MESSAGE][PASSED] - Object: 'Object Repository/Page_Course New Course Edited/a_More (4)' is clicked on

2022-01-17 20:56:45 - [TEST_STEP][PASSED] - click(findTestObject("Object Repository/Page_Course administration/a_Users (4)")): Object: 'Object Repository/Page_Course administration/a_Users (4)' is clicked on

2022-01-17 20:56:45 - [MESSAGE][PASSED] - Object: 'Object Repository/Page_Course administration/a_Users (4)' is clicked on

2022-01-17 20:56:45 - [TEST_STEP][PASSED] - click(findTestObject("Object Repository/Page_Course administration/a_Other users")): Object: 'Object Repository/Page_Course administration/a_Other users' is clicked on

2022-01-17 20:56:46 - [MESSAGE][PASSED] - Object: 'Object Repository/Page_Course administration/a_Other users' is clicked on

2022-01-17 20:56:46 - [TEST_STEP][PASSED] - click(findTestObject("Object Repository/Page_New Course Edited 0 other users/button_Assign roles")): Object: 'Object Repository/Page_New Course Edited 0 other users/button_Assign roles' is clicked on

2022-01-17 20:56:47 - [MESSAGE][PASSED] - Object: 'Object Repository/Page_New Course Edited 0 other users/button_Assign roles' is clicked on

2022-01-17 20:56:47 - [TEST_STEP][PASSED] - click(findTestObject("Object Repository/Page_Assign roles in Course New Course Edited/a_Teacher")): Object: 'Object Repository/Page_Assign roles in Course New Course Edited/a_Teacher' is clicked on

2022-01-17 20:56:48 - [MESSAGE][PASSED] - Object: 'Object Repository/Page_Assign roles in Course New Course Edited/a_Teacher' is clicked on

2022-01-17 20:56:48 - [TEST_STEP][FAILED] - selectOptionByValue(findTestObject("Object Repository/Page_Assign role Teacher in Course New Cour_04a7a0/select_c H (hongocminhducgmail.com)    c H _8cfc97"), "2", true): Unable to select option by value '2' of object 'Object Repository/Page_Assign role Teacher in Course New Cour_04a7a0/select_c H (hongocminhducgmail.com)    c H _8cfc97'  using regular expression (Root cause: com.kms.katalon.core.exception.StepFailedException: Unable to select option by value '2' of object 'Object Repository/Page_Assign role Teacher in Course New Cour_04a7a0/select_c H (hongocminhducgmail.com)    c H _8cfc97'  using regular expression
	at com.kms.katalon.core.webui.keyword.internal.WebUIKeywordMain.stepFailed(WebUIKeywordMain.groovy:64)
	at com.kms.katalon.core.webui.keyword.internal.WebUIKeywordMain.runKeyword(WebUIKeywordMain.groovy:26)
	at com.kms.katalon.core.webui.keyword.builtin.SelectOptionByValueKeyword.selectOptionByValue(SelectOptionByValueKeyword.groovy:99)
	at com.kms.katalon.core.webui.keyword.builtin.SelectOptionByValueKeyword.execute(SelectOptionByValueKeyword.groovy:71)
	at com.kms.katalon.core.keyword.internal.KeywordExecutor.executeKeywordForPlatform(KeywordExecutor.groovy:74)
	at com.kms.katalon.core.webui.keyword.WebUiBuiltInKeywords.selectOptionByValue(WebUiBuiltInKeywords.groovy:1168)
	at com.kms.katalon.core.webui.keyword.WebUiBuiltInKeywords$selectOptionByValue$4.call(Unknown Source)
	at Admin Assign Course Teacher.run(Admin Assign Course Teacher:38)
	at com.kms.katalon.core.main.ScriptEngine.run(ScriptEngine.java:194)
	at com.kms.katalon.core.main.ScriptEngine.runScriptAsRawText(ScriptEngine.java:119)
	at com.kms.katalon.core.main.TestCaseExecutor.runScript(TestCaseExecutor.java:442)
	at com.kms.katalon.core.main.TestCaseExecutor.doExecute(TestCaseExecutor.java:433)
	at com.kms.katalon.core.main.TestCaseExecutor.processExecutionPhase(TestCaseExecutor.java:412)
	at com.kms.katalon.core.main.TestCaseExecutor.accessMainPhase(TestCaseExecutor.java:404)
	at com.kms.katalon.core.main.TestCaseExecutor.execute(TestCaseExecutor.java:281)
	at com.kms.katalon.core.main.TestSuiteExecutor.accessTestCaseMainPhase(TestSuiteExecutor.java:202)
	at com.kms.katalon.core.main.TestSuiteExecutor.accessTestSuiteMainPhase(TestSuiteExecutor.java:164)
	at com.kms.katalon.core.main.TestSuiteExecutor.execute(TestSuiteExecutor.java:105)
	at com.kms.katalon.core.main.TestCaseMain.startTestSuite(TestCaseMain.java:181)
	at com.kms.katalon.core.main.TestCaseMain$startTestSuite$0.call(Unknown Source)
	at TempTestSuite1642427402729.run(TempTestSuite1642427402729.groovy:36)
Caused by: com.kms.katalon.core.exception.StepFailedException: No option matched.
	at com.kms.katalon.core.keyword.internal.KeywordMain.stepFailed(KeywordMain.groovy:50)
	at com.kms.katalon.core.keyword.internal.KeywordMain.stepFailed(KeywordMain.groovy)
	at com.kms.katalon.core.keyword.internal.KeywordMain.stepFailed(KeywordMain.groovy:23)
	at com.kms.katalon.core.webui.keyword.builtin.SelectOptionByValueKeyword$_selectOptionByValue_closure1.doCall(SelectOptionByValueKeyword.groovy:92)
	at com.kms.katalon.core.webui.keyword.builtin.SelectOptionByValueKeyword$_selectOptionByValue_closure1.call(SelectOptionByValueKeyword.groovy)
	at com.kms.katalon.core.webui.keyword.internal.WebUIKeywordMain.runKeyword(WebUIKeywordMain.groovy:20)
	at com.kms.katalon.core.webui.keyword.builtin.SelectOptionByValueKeyword.selectOptionByValue(SelectOptionByValueKeyword.groovy:99)
	at com.kms.katalon.core.webui.keyword.builtin.SelectOptionByValueKeyword.execute(SelectOptionByValueKeyword.groovy:71)
	at com.kms.katalon.core.keyword.internal.KeywordExecutor.executeKeywordForPlatform(KeywordExecutor.groovy:74)
	at com.kms.katalon.core.webui.keyword.WebUiBuiltInKeywords.selectOptionByValue(WebUiBuiltInKeywords.groovy:1168)
	at com.kms.katalon.core.webui.keyword.WebUiBuiltInKeywords$selectOptionByValue$4.call(Unknown Source)
	at Script1642351698759.run(Script1642351698759.groovy:38)
	... 13 more
)

2022-01-17 20:56:49 - [MESSAGE][FAILED] - No option matched.

2022-01-17 20:56:49 - [MESSAGE][FAILED] - Unable to select option by value '2' of object 'Object Repository/Page_Assign role Teacher in Course New Cour_04a7a0/select_c H (hongocminhducgmail.com)    c H _8cfc97'  using regular expression (Root cause: com.kms.katalon.core.exception.StepFailedException: Unable to select option by value '2' of object 'Object Repository/Page_Assign role Teacher in Course New Cour_04a7a0/select_c H (hongocminhducgmail.com)    c H _8cfc97'  using regular expression
	at com.kms.katalon.core.webui.keyword.internal.WebUIKeywordMain.stepFailed(WebUIKeywordMain.groovy:64)
	at com.kms.katalon.core.webui.keyword.internal.WebUIKeywordMain.runKeyword(WebUIKeywordMain.groovy:26)
	at com.kms.katalon.core.webui.keyword.builtin.SelectOptionByValueKeyword.selectOptionByValue(SelectOptionByValueKeyword.groovy:99)
	at com.kms.katalon.core.webui.keyword.builtin.SelectOptionByValueKeyword.execute(SelectOptionByValueKeyword.groovy:71)
	at com.kms.katalon.core.keyword.internal.KeywordExecutor.executeKeywordForPlatform(KeywordExecutor.groovy:74)
	at com.kms.katalon.core.webui.keyword.WebUiBuiltInKeywords.selectOptionByValue(WebUiBuiltInKeywords.groovy:1168)
	at com.kms.katalon.core.webui.keyword.WebUiBuiltInKeywords$selectOptionByValue$4.call(Unknown Source)
	at Admin Assign Course Teacher.run(Admin Assign Course Teacher:38)
	at com.kms.katalon.core.main.ScriptEngine.run(ScriptEngine.java:194)
	at com.kms.katalon.core.main.ScriptEngine.runScriptAsRawText(ScriptEngine.java:119)
	at com.kms.katalon.core.main.TestCaseExecutor.runScript(TestCaseExecutor.java:442)
	at com.kms.katalon.core.main.TestCaseExecutor.doExecute(TestCaseExecutor.java:433)
	at com.kms.katalon.core.main.TestCaseExecutor.processExecutionPhase(TestCaseExecutor.java:412)
	at com.kms.katalon.core.main.TestCaseExecutor.accessMainPhase(TestCaseExecutor.java:404)
	at com.kms.katalon.core.main.TestCaseExecutor.execute(TestCaseExecutor.java:281)
	at com.kms.katalon.core.main.TestSuiteExecutor.accessTestCaseMainPhase(TestSuiteExecutor.java:202)
	at com.kms.katalon.core.main.TestSuiteExecutor.accessTestSuiteMainPhase(TestSuiteExecutor.java:164)
	at com.kms.katalon.core.main.TestSuiteExecutor.execute(TestSuiteExecutor.java:105)
	at com.kms.katalon.core.main.TestCaseMain.startTestSuite(TestCaseMain.java:181)
	at com.kms.katalon.core.main.TestCaseMain$startTestSuite$0.call(Unknown Source)
	at TempTestSuite1642427402729.run(TempTestSuite1642427402729.groovy:36)
Caused by: com.kms.katalon.core.exception.StepFailedException: No option matched.
	at com.kms.katalon.core.keyword.internal.KeywordMain.stepFailed(KeywordMain.groovy:50)
	at com.kms.katalon.core.keyword.internal.KeywordMain.stepFailed(KeywordMain.groovy)
	at com.kms.katalon.core.keyword.internal.KeywordMain.stepFailed(KeywordMain.groovy:23)
	at com.kms.katalon.core.webui.keyword.builtin.SelectOptionByValueKeyword$_selectOptionByValue_closure1.doCall(SelectOptionByValueKeyword.groovy:92)
	at com.kms.katalon.core.webui.keyword.builtin.SelectOptionByValueKeyword$_selectOptionByValue_closure1.call(SelectOptionByValueKeyword.groovy)
	at com.kms.katalon.core.webui.keyword.internal.WebUIKeywordMain.runKeyword(WebUIKeywordMain.groovy:20)
	at com.kms.katalon.core.webui.keyword.builtin.SelectOptionByValueKeyword.selectOptionByValue(SelectOptionByValueKeyword.groovy:99)
	at com.kms.katalon.core.webui.keyword.builtin.SelectOptionByValueKeyword.execute(SelectOptionByValueKeyword.groovy:71)
	at com.kms.katalon.core.keyword.internal.KeywordExecutor.executeKeywordForPlatform(KeywordExecutor.groovy:74)
	at com.kms.katalon.core.webui.keyword.WebUiBuiltInKeywords.selectOptionByValue(WebUiBuiltInKeywords.groovy:1168)
	at com.kms.katalon.core.webui.keyword.WebUiBuiltInKeywords$selectOptionByValue$4.call(Unknown Source)
	at Script1642351698759.run(Script1642351698759.groovy:38)
	... 13 more
)
[[ATTACHMENT|C:\\Users\\Minh Duc\\Desktop\\Test-Automation-SE-Bonus\\Test Automation - SE Bonus\\Reports\\20220117_205002\\Run all test cases\\20220117_205002\\1642427809808.png]]]]></system-out>
         <system-err><![CDATA[2022-01-17 20:56:32 - [TEST_CASE][FAILED] - Test Cases/Admin Assign Course Teacher: Test Cases/Admin Assign Course Teacher FAILED.
Reason:
com.kms.katalon.core.exception.StepFailedException: Unable to select option by value '2' of object 'Object Repository/Page_Assign role Teacher in Course New Cour_04a7a0/select_c H (hongocminhducgmail.com)    c H _8cfc97'  using regular expression
	at com.kms.katalon.core.webui.keyword.internal.WebUIKeywordMain.stepFailed(WebUIKeywordMain.groovy:64)
	at com.kms.katalon.core.webui.keyword.internal.WebUIKeywordMain.runKeyword(WebUIKeywordMain.groovy:26)
	at com.kms.katalon.core.webui.keyword.builtin.SelectOptionByValueKeyword.selectOptionByValue(SelectOptionByValueKeyword.groovy:99)
	at com.kms.katalon.core.webui.keyword.builtin.SelectOptionByValueKeyword.execute(SelectOptionByValueKeyword.groovy:71)
	at com.kms.katalon.core.keyword.internal.KeywordExecutor.executeKeywordForPlatform(KeywordExecutor.groovy:74)
	at com.kms.katalon.core.webui.keyword.WebUiBuiltInKeywords.selectOptionByValue(WebUiBuiltInKeywords.groovy:1168)
	at com.kms.katalon.core.webui.keyword.WebUiBuiltInKeywords$selectOptionByValue$4.call(Unknown Source)
	at Admin Assign Course Teacher.run(Admin Assign Course Teacher:38)
	at com.kms.katalon.core.main.ScriptEngine.run(ScriptEngine.java:194)
	at com.kms.katalon.core.main.ScriptEngine.runScriptAsRawText(ScriptEngine.java:119)
	at com.kms.katalon.core.main.TestCaseExecutor.runScript(TestCaseExecutor.java:442)
	at com.kms.katalon.core.main.TestCaseExecutor.doExecute(TestCaseExecutor.java:433)
	at com.kms.katalon.core.main.TestCaseExecutor.processExecutionPhase(TestCaseExecutor.java:412)
	at com.kms.katalon.core.main.TestCaseExecutor.accessMainPhase(TestCaseExecutor.java:404)
	at com.kms.katalon.core.main.TestCaseExecutor.execute(TestCaseExecutor.java:281)
	at com.kms.katalon.core.main.TestSuiteExecutor.accessTestCaseMainPhase(TestSuiteExecutor.java:202)
	at com.kms.katalon.core.main.TestSuiteExecutor.accessTestSuiteMainPhase(TestSuiteExecutor.java:164)
	at com.kms.katalon.core.main.TestSuiteExecutor.execute(TestSuiteExecutor.java:105)
	at com.kms.katalon.core.main.TestCaseMain.startTestSuite(TestCaseMain.java:181)
	at com.kms.katalon.core.main.TestCaseMain$startTestSuite$0.call(Unknown Source)
	at TempTestSuite1642427402729.run(TempTestSuite1642427402729.groovy:36)
Caused by: com.kms.katalon.core.exception.StepFailedException: No option matched.
	at com.kms.katalon.core.keyword.internal.KeywordMain.stepFailed(KeywordMain.groovy:50)
	at com.kms.katalon.core.keyword.internal.KeywordMain.stepFailed(KeywordMain.groovy)
	at com.kms.katalon.core.keyword.internal.KeywordMain.stepFailed(KeywordMain.groovy:23)
	at com.kms.katalon.core.webui.keyword.builtin.SelectOptionByValueKeyword$_selectOptionByValue_closure1.doCall(SelectOptionByValueKeyword.groovy:92)
	at com.kms.katalon.core.webui.keyword.builtin.SelectOptionByValueKeyword$_selectOptionByValue_closure1.call(SelectOptionByValueKeyword.groovy)
	at com.kms.katalon.core.webui.keyword.internal.WebUIKeywordMain.runKeyword(WebUIKeywordMain.groovy:20)
	... 19 more]]></system-err>
      </testcase>
      <testcase name="Test Cases/Admin Remove Course Teacher" time="19.81" classname="Test Cases/Admin Remove Course Teacher" status="PASSED">
         <system-out><![CDATA[2022-01-17 20:56:49 - [TEST_CASE][PASSED] - Test Cases/Admin Remove Course Teacher: Test Cases/Admin Remove Course Teacher

2022-01-17 20:56:50 - [TEST_STEP][PASSED] - callTestCase(findTestCase("Admin Login"), [:], STOP_ON_FAILURE): Call Test Case 'Test Cases/Admin Login' successfully

2022-01-17 20:56:50 - [TEST_CASE][PASSED] - Test Cases/Admin Login: Test Cases/Admin Login

2022-01-17 20:56:50 - [TEST_STEP][PASSED] - openBrowser(""): Browser is opened with url: ''

2022-01-17 20:56:50 - [MESSAGE][WARNING] - A browser is already opened. Closing browser and opening a new one

2022-01-17 20:56:51 - [MESSAGE][INFO] - Starting 'Chrome' driver

2022-01-17 20:56:51 - [MESSAGE][INFO] - Action delay is set to 0 milliseconds

2022-01-17 20:56:52 - [MESSAGE][PASSED] - Browser is opened with url: ''

2022-01-17 20:56:52 - [TEST_STEP][PASSED] - navigateToUrl("http://localhost/moodle/login/index.php"): Navigate to 'http://localhost/moodle/login/index.php' successfully

2022-01-17 20:56:53 - [MESSAGE][PASSED] - Navigate to 'http://localhost/moodle/login/index.php' successfully

2022-01-17 20:56:53 - [TEST_STEP][PASSED] - setText(findTestObject("Object Repository/Page_Moodle Log in to the site/input_Username_username"), "admin"): Text 'admin' is set on object 'Object Repository/Page_Moodle Log in to the site/input_Username_username'

2022-01-17 20:56:54 - [MESSAGE][PASSED] - Text 'admin' is set on object 'Object Repository/Page_Moodle Log in to the site/input_Username_username'

2022-01-17 20:56:54 - [TEST_STEP][PASSED] - setEncryptedText(findTestObject("Object Repository/Page_Moodle Log in to the site/input_Password_password"), "8JanWqnBZBo6yBKKrpSnpw=="): Text ****** has been set on object 'Object Repository/Page_Moodle Log in to the site/input_Password_password'

2022-01-17 20:56:54 - [MESSAGE][PASSED] - Text ****** has been set on object 'Object Repository/Page_Moodle Log in to the site/input_Password_password'

2022-01-17 20:56:54 - [TEST_STEP][PASSED] - click(findTestObject("Object Repository/Page_Moodle Log in to the site/button_Log in")): Object: 'Object Repository/Page_Moodle Log in to the site/button_Log in' is clicked on

2022-01-17 20:56:56 - [MESSAGE][PASSED] - Object: 'Object Repository/Page_Moodle Log in to the site/button_Log in' is clicked on

2022-01-17 20:56:56 - [MESSAGE][PASSED] - Call Test Case 'Test Cases/Admin Login' successfully

2022-01-17 20:56:56 - [TEST_STEP][PASSED] - click(findTestObject("Object Repository/Page_Dashboard/span_Site home (5)")): Object: 'Object Repository/Page_Dashboard/span_Site home (5)' is clicked on

2022-01-17 20:56:58 - [MESSAGE][PASSED] - Object: 'Object Repository/Page_Dashboard/span_Site home (5)' is clicked on

2022-01-17 20:56:58 - [TEST_STEP][PASSED] - click(findTestObject("Object Repository/Page_Moodle/a_New Course Edited (4)")): Object: 'Object Repository/Page_Moodle/a_New Course Edited (4)' is clicked on

2022-01-17 20:57:00 - [MESSAGE][PASSED] - Object: 'Object Repository/Page_Moodle/a_New Course Edited (4)' is clicked on

2022-01-17 20:57:00 - [TEST_STEP][PASSED] - click(findTestObject("Object Repository/Page_Course New Course Edited/i_New Course Edited_icon fa fa-cog fa-fw (4)")): Object: 'Object Repository/Page_Course New Course Edited/i_New Course Edited_icon fa fa-cog fa-fw (4)' is clicked on

2022-01-17 20:57:01 - [MESSAGE][PASSED] - Object: 'Object Repository/Page_Course New Course Edited/i_New Course Edited_icon fa fa-cog fa-fw (4)' is clicked on

2022-01-17 20:57:01 - [TEST_STEP][PASSED] - click(findTestObject("Object Repository/Page_Course New Course Edited/a_More (4)")): Object: 'Object Repository/Page_Course New Course Edited/a_More (4)' is clicked on

2022-01-17 20:57:03 - [MESSAGE][PASSED] - Object: 'Object Repository/Page_Course New Course Edited/a_More (4)' is clicked on

2022-01-17 20:57:03 - [TEST_STEP][PASSED] - click(findTestObject("Object Repository/Page_Course administration/a_Users (4)")): Object: 'Object Repository/Page_Course administration/a_Users (4)' is clicked on

2022-01-17 20:57:03 - [MESSAGE][PASSED] - Object: 'Object Repository/Page_Course administration/a_Users (4)' is clicked on

2022-01-17 20:57:03 - [TEST_STEP][PASSED] - click(findTestObject("Object Repository/Page_Course administration/a_Other users")): Object: 'Object Repository/Page_Course administration/a_Other users' is clicked on

2022-01-17 20:57:04 - [MESSAGE][PASSED] - Object: 'Object Repository/Page_Course administration/a_Other users' is clicked on

2022-01-17 20:57:04 - [TEST_STEP][PASSED] - click(findTestObject("Object Repository/Page_New Course Edited 0 other users/button_Assign roles")): Object: 'Object Repository/Page_New Course Edited 0 other users/button_Assign roles' is clicked on

2022-01-17 20:57:06 - [MESSAGE][PASSED] - Object: 'Object Repository/Page_New Course Edited 0 other users/button_Assign roles' is clicked on

2022-01-17 20:57:06 - [TEST_STEP][PASSED] - click(findTestObject("Object Repository/Page_Assign roles in Course New Course Edited/a_Teacher")): Object: 'Object Repository/Page_Assign roles in Course New Course Edited/a_Teacher' is clicked on

2022-01-17 20:57:07 - [MESSAGE][PASSED] - Object: 'Object Repository/Page_Assign roles in Course New Course Edited/a_Teacher' is clicked on

2022-01-17 20:57:07 - [TEST_STEP][PASSED] - selectOptionByValue(findTestObject("Object Repository/Page_Assign role Teacher in Course New Cour_04a7a0/select_c H (hongocminhducgmail.com)"), "2", true): All options with value '2' are selected in object 'Object Repository/Page_Assign role Teacher in Course New Cour_04a7a0/select_c H (hongocminhducgmail.com)'  using regular expression

2022-01-17 20:57:08 - [MESSAGE][PASSED] - All options with value '2' are selected in object 'Object Repository/Page_Assign role Teacher in Course New Cour_04a7a0/select_c H (hongocminhducgmail.com)'  using regular expression

2022-01-17 20:57:08 - [TEST_STEP][PASSED] - click(findTestObject("Object Repository/Page_Assign role Teacher in Course New Cour_04a7a0/input_Match the search text anywhere in the_31d039")): Object: 'Object Repository/Page_Assign role Teacher in Course New Cour_04a7a0/input_Match the search text anywhere in the_31d039' is clicked on

2022-01-17 20:57:09 - [MESSAGE][PASSED] - Object: 'Object Repository/Page_Assign role Teacher in Course New Cour_04a7a0/input_Match the search text anywhere in the_31d039' is clicked on]]></system-out>
         <system-err><![CDATA[]]></system-err>
      </testcase>
      <testcase name="Test Cases/Admin assign non-edit teacher" time="20.748" classname="Test Cases/Admin assign non-edit teacher" status="FAILED">
         <failure type="FAILED" message="Test Cases/Admin assign non-edit teacher FAILED.
Reason:
com.kms.katalon.core.exception.StepFailedException: Unable to select option by value '2' of object 'Object Repository/Page_Assign role Teacher in Course New Cour_04a7a0/select_c H (hongocminhducgmail.com)    c H _8cfc97'  using regular expression
	at com.kms.katalon.core.webui.keyword.internal.WebUIKeywordMain.stepFailed(WebUIKeywordMain.groovy:64)
	at com.kms.katalon.core.webui.keyword.internal.WebUIKeywordMain.runKeyword(WebUIKeywordMain.groovy:26)
	at com.kms.katalon.core.webui.keyword.builtin.SelectOptionByValueKeyword.selectOptionByValue(SelectOptionByValueKeyword.groovy:99)
	at com.kms.katalon.core.webui.keyword.builtin.SelectOptionByValueKeyword.execute(SelectOptionByValueKeyword.groovy:71)
	at com.kms.katalon.core.keyword.internal.KeywordExecutor.executeKeywordForPlatform(KeywordExecutor.groovy:74)
	at com.kms.katalon.core.webui.keyword.WebUiBuiltInKeywords.selectOptionByValue(WebUiBuiltInKeywords.groovy:1168)
	at com.kms.katalon.core.webui.keyword.WebUiBuiltInKeywords$selectOptionByValue$4.call(Unknown Source)
	at Admin assign non-edit teacher.run(Admin assign non-edit teacher:38)
	at com.kms.katalon.core.main.ScriptEngine.run(ScriptEngine.java:194)
	at com.kms.katalon.core.main.ScriptEngine.runScriptAsRawText(ScriptEngine.java:119)
	at com.kms.katalon.core.main.TestCaseExecutor.runScript(TestCaseExecutor.java:442)
	at com.kms.katalon.core.main.TestCaseExecutor.doExecute(TestCaseExecutor.java:433)
	at com.kms.katalon.core.main.TestCaseExecutor.processExecutionPhase(TestCaseExecutor.java:412)
	at com.kms.katalon.core.main.TestCaseExecutor.accessMainPhase(TestCaseExecutor.java:404)
	at com.kms.katalon.core.main.TestCaseExecutor.execute(TestCaseExecutor.java:281)
	at com.kms.katalon.core.main.TestSuiteExecutor.accessTestCaseMainPhase(TestSuiteExecutor.java:202)
	at com.kms.katalon.core.main.TestSuiteExecutor.accessTestSuiteMainPhase(TestSuiteExecutor.java:164)
	at com.kms.katalon.core.main.TestSuiteExecutor.execute(TestSuiteExecutor.java:105)
	at com.kms.katalon.core.main.TestCaseMain.startTestSuite(TestCaseMain.java:181)
	at com.kms.katalon.core.main.TestCaseMain$startTestSuite$0.call(Unknown Source)
	at TempTestSuite1642427402729.run(TempTestSuite1642427402729.groovy:36)
Caused by: com.kms.katalon.core.exception.StepFailedException: No option matched.
	at com.kms.katalon.core.keyword.internal.KeywordMain.stepFailed(KeywordMain.groovy:50)
	at com.kms.katalon.core.keyword.internal.KeywordMain.stepFailed(KeywordMain.groovy)
	at com.kms.katalon.core.keyword.internal.KeywordMain.stepFailed(KeywordMain.groovy:23)
	at com.kms.katalon.core.webui.keyword.builtin.SelectOptionByValueKeyword$_selectOptionByValue_closure1.doCall(SelectOptionByValueKeyword.groovy:92)
	at com.kms.katalon.core.webui.keyword.builtin.SelectOptionByValueKeyword$_selectOptionByValue_closure1.call(SelectOptionByValueKeyword.groovy)
	at com.kms.katalon.core.webui.keyword.internal.WebUIKeywordMain.runKeyword(WebUIKeywordMain.groovy:20)
	... 19 more
"/>
         <system-out><![CDATA[2022-01-17 20:57:09 - [TEST_CASE][FAILED] - Test Cases/Admin assign non-edit teacher: Test Cases/Admin assign non-edit teacher FAILED.
Reason:
com.kms.katalon.core.exception.StepFailedException: Unable to select option by value '2' of object 'Object Repository/Page_Assign role Teacher in Course New Cour_04a7a0/select_c H (hongocminhducgmail.com)    c H _8cfc97'  using regular expression
	at com.kms.katalon.core.webui.keyword.internal.WebUIKeywordMain.stepFailed(WebUIKeywordMain.groovy:64)
	at com.kms.katalon.core.webui.keyword.internal.WebUIKeywordMain.runKeyword(WebUIKeywordMain.groovy:26)
	at com.kms.katalon.core.webui.keyword.builtin.SelectOptionByValueKeyword.selectOptionByValue(SelectOptionByValueKeyword.groovy:99)
	at com.kms.katalon.core.webui.keyword.builtin.SelectOptionByValueKeyword.execute(SelectOptionByValueKeyword.groovy:71)
	at com.kms.katalon.core.keyword.internal.KeywordExecutor.executeKeywordForPlatform(KeywordExecutor.groovy:74)
	at com.kms.katalon.core.webui.keyword.WebUiBuiltInKeywords.selectOptionByValue(WebUiBuiltInKeywords.groovy:1168)
	at com.kms.katalon.core.webui.keyword.WebUiBuiltInKeywords$selectOptionByValue$4.call(Unknown Source)
	at Admin assign non-edit teacher.run(Admin assign non-edit teacher:38)
	at com.kms.katalon.core.main.ScriptEngine.run(ScriptEngine.java:194)
	at com.kms.katalon.core.main.ScriptEngine.runScriptAsRawText(ScriptEngine.java:119)
	at com.kms.katalon.core.main.TestCaseExecutor.runScript(TestCaseExecutor.java:442)
	at com.kms.katalon.core.main.TestCaseExecutor.doExecute(TestCaseExecutor.java:433)
	at com.kms.katalon.core.main.TestCaseExecutor.processExecutionPhase(TestCaseExecutor.java:412)
	at com.kms.katalon.core.main.TestCaseExecutor.accessMainPhase(TestCaseExecutor.java:404)
	at com.kms.katalon.core.main.TestCaseExecutor.execute(TestCaseExecutor.java:281)
	at com.kms.katalon.core.main.TestSuiteExecutor.accessTestCaseMainPhase(TestSuiteExecutor.java:202)
	at com.kms.katalon.core.main.TestSuiteExecutor.accessTestSuiteMainPhase(TestSuiteExecutor.java:164)
	at com.kms.katalon.core.main.TestSuiteExecutor.execute(TestSuiteExecutor.java:105)
	at com.kms.katalon.core.main.TestCaseMain.startTestSuite(TestCaseMain.java:181)
	at com.kms.katalon.core.main.TestCaseMain$startTestSuite$0.call(Unknown Source)
	at TempTestSuite1642427402729.run(TempTestSuite1642427402729.groovy:36)
Caused by: com.kms.katalon.core.exception.StepFailedException: No option matched.
	at com.kms.katalon.core.keyword.internal.KeywordMain.stepFailed(KeywordMain.groovy:50)
	at com.kms.katalon.core.keyword.internal.KeywordMain.stepFailed(KeywordMain.groovy)
	at com.kms.katalon.core.keyword.internal.KeywordMain.stepFailed(KeywordMain.groovy:23)
	at com.kms.katalon.core.webui.keyword.builtin.SelectOptionByValueKeyword$_selectOptionByValue_closure1.doCall(SelectOptionByValueKeyword.groovy:92)
	at com.kms.katalon.core.webui.keyword.builtin.SelectOptionByValueKeyword$_selectOptionByValue_closure1.call(SelectOptionByValueKeyword.groovy)
	at com.kms.katalon.core.webui.keyword.internal.WebUIKeywordMain.runKeyword(WebUIKeywordMain.groovy:20)
	... 19 more


2022-01-17 20:57:10 - [TEST_STEP][PASSED] - callTestCase(findTestCase("Admin Login"), [:], STOP_ON_FAILURE): Call Test Case 'Test Cases/Admin Login' successfully

2022-01-17 20:57:10 - [TEST_CASE][PASSED] - Test Cases/Admin Login: Test Cases/Admin Login

2022-01-17 20:57:10 - [TEST_STEP][PASSED] - openBrowser(""): Browser is opened with url: ''

2022-01-17 20:57:10 - [MESSAGE][WARNING] - A browser is already opened. Closing browser and opening a new one

2022-01-17 20:57:10 - [MESSAGE][INFO] - Starting 'Chrome' driver

2022-01-17 20:57:10 - [MESSAGE][INFO] - Action delay is set to 0 milliseconds

2022-01-17 20:57:12 - [MESSAGE][PASSED] - Browser is opened with url: ''

2022-01-17 20:57:12 - [TEST_STEP][PASSED] - navigateToUrl("http://localhost/moodle/login/index.php"): Navigate to 'http://localhost/moodle/login/index.php' successfully

2022-01-17 20:57:12 - [MESSAGE][PASSED] - Navigate to 'http://localhost/moodle/login/index.php' successfully

2022-01-17 20:57:12 - [TEST_STEP][PASSED] - setText(findTestObject("Object Repository/Page_Moodle Log in to the site/input_Username_username"), "admin"): Text 'admin' is set on object 'Object Repository/Page_Moodle Log in to the site/input_Username_username'

2022-01-17 20:57:13 - [MESSAGE][PASSED] - Text 'admin' is set on object 'Object Repository/Page_Moodle Log in to the site/input_Username_username'

2022-01-17 20:57:13 - [TEST_STEP][PASSED] - setEncryptedText(findTestObject("Object Repository/Page_Moodle Log in to the site/input_Password_password"), "8JanWqnBZBo6yBKKrpSnpw=="): Text ****** has been set on object 'Object Repository/Page_Moodle Log in to the site/input_Password_password'

2022-01-17 20:57:14 - [MESSAGE][PASSED] - Text ****** has been set on object 'Object Repository/Page_Moodle Log in to the site/input_Password_password'

2022-01-17 20:57:14 - [TEST_STEP][PASSED] - click(findTestObject("Object Repository/Page_Moodle Log in to the site/button_Log in")): Object: 'Object Repository/Page_Moodle Log in to the site/button_Log in' is clicked on

2022-01-17 20:57:16 - [MESSAGE][PASSED] - Object: 'Object Repository/Page_Moodle Log in to the site/button_Log in' is clicked on

2022-01-17 20:57:16 - [MESSAGE][PASSED] - Call Test Case 'Test Cases/Admin Login' successfully

2022-01-17 20:57:16 - [TEST_STEP][PASSED] - click(findTestObject("Object Repository/Page_Dashboard/span_Site home (5)")): Object: 'Object Repository/Page_Dashboard/span_Site home (5)' is clicked on

2022-01-17 20:57:20 - [MESSAGE][PASSED] - Object: 'Object Repository/Page_Dashboard/span_Site home (5)' is clicked on

2022-01-17 20:57:20 - [TEST_STEP][PASSED] - click(findTestObject("Object Repository/Page_Moodle/a_New Course Edited (4)")): Object: 'Object Repository/Page_Moodle/a_New Course Edited (4)' is clicked on

2022-01-17 20:57:22 - [MESSAGE][PASSED] - Object: 'Object Repository/Page_Moodle/a_New Course Edited (4)' is clicked on

2022-01-17 20:57:22 - [TEST_STEP][PASSED] - click(findTestObject("Object Repository/Page_Course New Course Edited/i_New Course Edited_icon fa fa-cog fa-fw (4)")): Object: 'Object Repository/Page_Course New Course Edited/i_New Course Edited_icon fa fa-cog fa-fw (4)' is clicked on

2022-01-17 20:57:23 - [MESSAGE][PASSED] - Object: 'Object Repository/Page_Course New Course Edited/i_New Course Edited_icon fa fa-cog fa-fw (4)' is clicked on

2022-01-17 20:57:23 - [TEST_STEP][PASSED] - click(findTestObject("Object Repository/Page_Course New Course Edited/a_More (4)")): Object: 'Object Repository/Page_Course New Course Edited/a_More (4)' is clicked on

2022-01-17 20:57:25 - [MESSAGE][PASSED] - Object: 'Object Repository/Page_Course New Course Edited/a_More (4)' is clicked on

2022-01-17 20:57:25 - [TEST_STEP][PASSED] - click(findTestObject("Object Repository/Page_Course administration/a_Users (4)")): Object: 'Object Repository/Page_Course administration/a_Users (4)' is clicked on

2022-01-17 20:57:25 - [MESSAGE][PASSED] - Object: 'Object Repository/Page_Course administration/a_Users (4)' is clicked on

2022-01-17 20:57:25 - [TEST_STEP][PASSED] - click(findTestObject("Object Repository/Page_Course administration/a_Other users")): Object: 'Object Repository/Page_Course administration/a_Other users' is clicked on

2022-01-17 20:57:26 - [MESSAGE][PASSED] - Object: 'Object Repository/Page_Course administration/a_Other users' is clicked on

2022-01-17 20:57:26 - [TEST_STEP][PASSED] - click(findTestObject("Object Repository/Page_New Course Edited 0 other users/button_Assign roles")): Object: 'Object Repository/Page_New Course Edited 0 other users/button_Assign roles' is clicked on

2022-01-17 20:57:28 - [MESSAGE][PASSED] - Object: 'Object Repository/Page_New Course Edited 0 other users/button_Assign roles' is clicked on

2022-01-17 20:57:28 - [TEST_STEP][PASSED] - click(findTestObject("Page_Course New Course Edited/a_non_edit")): Object: 'Object Repository/Page_Course New Course Edited/a_non_edit' is clicked on

2022-01-17 20:57:29 - [MESSAGE][PASSED] - Object: 'Object Repository/Page_Course New Course Edited/a_non_edit' is clicked on

2022-01-17 20:57:29 - [TEST_STEP][FAILED] - selectOptionByValue(findTestObject("Object Repository/Page_Assign role Teacher in Course New Cour_04a7a0/select_c H (hongocminhducgmail.com)    c H _8cfc97"), "2", true): Unable to select option by value '2' of object 'Object Repository/Page_Assign role Teacher in Course New Cour_04a7a0/select_c H (hongocminhducgmail.com)    c H _8cfc97'  using regular expression (Root cause: com.kms.katalon.core.exception.StepFailedException: Unable to select option by value '2' of object 'Object Repository/Page_Assign role Teacher in Course New Cour_04a7a0/select_c H (hongocminhducgmail.com)    c H _8cfc97'  using regular expression
	at com.kms.katalon.core.webui.keyword.internal.WebUIKeywordMain.stepFailed(WebUIKeywordMain.groovy:64)
	at com.kms.katalon.core.webui.keyword.internal.WebUIKeywordMain.runKeyword(WebUIKeywordMain.groovy:26)
	at com.kms.katalon.core.webui.keyword.builtin.SelectOptionByValueKeyword.selectOptionByValue(SelectOptionByValueKeyword.groovy:99)
	at com.kms.katalon.core.webui.keyword.builtin.SelectOptionByValueKeyword.execute(SelectOptionByValueKeyword.groovy:71)
	at com.kms.katalon.core.keyword.internal.KeywordExecutor.executeKeywordForPlatform(KeywordExecutor.groovy:74)
	at com.kms.katalon.core.webui.keyword.WebUiBuiltInKeywords.selectOptionByValue(WebUiBuiltInKeywords.groovy:1168)
	at com.kms.katalon.core.webui.keyword.WebUiBuiltInKeywords$selectOptionByValue$4.call(Unknown Source)
	at Admin assign non-edit teacher.run(Admin assign non-edit teacher:38)
	at com.kms.katalon.core.main.ScriptEngine.run(ScriptEngine.java:194)
	at com.kms.katalon.core.main.ScriptEngine.runScriptAsRawText(ScriptEngine.java:119)
	at com.kms.katalon.core.main.TestCaseExecutor.runScript(TestCaseExecutor.java:442)
	at com.kms.katalon.core.main.TestCaseExecutor.doExecute(TestCaseExecutor.java:433)
	at com.kms.katalon.core.main.TestCaseExecutor.processExecutionPhase(TestCaseExecutor.java:412)
	at com.kms.katalon.core.main.TestCaseExecutor.accessMainPhase(TestCaseExecutor.java:404)
	at com.kms.katalon.core.main.TestCaseExecutor.execute(TestCaseExecutor.java:281)
	at com.kms.katalon.core.main.TestSuiteExecutor.accessTestCaseMainPhase(TestSuiteExecutor.java:202)
	at com.kms.katalon.core.main.TestSuiteExecutor.accessTestSuiteMainPhase(TestSuiteExecutor.java:164)
	at com.kms.katalon.core.main.TestSuiteExecutor.execute(TestSuiteExecutor.java:105)
	at com.kms.katalon.core.main.TestCaseMain.startTestSuite(TestCaseMain.java:181)
	at com.kms.katalon.core.main.TestCaseMain$startTestSuite$0.call(Unknown Source)
	at TempTestSuite1642427402729.run(TempTestSuite1642427402729.groovy:36)
Caused by: com.kms.katalon.core.exception.StepFailedException: No option matched.
	at com.kms.katalon.core.keyword.internal.KeywordMain.stepFailed(KeywordMain.groovy:50)
	at com.kms.katalon.core.keyword.internal.KeywordMain.stepFailed(KeywordMain.groovy)
	at com.kms.katalon.core.keyword.internal.KeywordMain.stepFailed(KeywordMain.groovy:23)
	at com.kms.katalon.core.webui.keyword.builtin.SelectOptionByValueKeyword$_selectOptionByValue_closure1.doCall(SelectOptionByValueKeyword.groovy:92)
	at com.kms.katalon.core.webui.keyword.builtin.SelectOptionByValueKeyword$_selectOptionByValue_closure1.call(SelectOptionByValueKeyword.groovy)
	at com.kms.katalon.core.webui.keyword.internal.WebUIKeywordMain.runKeyword(WebUIKeywordMain.groovy:20)
	at com.kms.katalon.core.webui.keyword.builtin.SelectOptionByValueKeyword.selectOptionByValue(SelectOptionByValueKeyword.groovy:99)
	at com.kms.katalon.core.webui.keyword.builtin.SelectOptionByValueKeyword.execute(SelectOptionByValueKeyword.groovy:71)
	at com.kms.katalon.core.keyword.internal.KeywordExecutor.executeKeywordForPlatform(KeywordExecutor.groovy:74)
	at com.kms.katalon.core.webui.keyword.WebUiBuiltInKeywords.selectOptionByValue(WebUiBuiltInKeywords.groovy:1168)
	at com.kms.katalon.core.webui.keyword.WebUiBuiltInKeywords$selectOptionByValue$4.call(Unknown Source)
	at Script1642352203807.run(Script1642352203807.groovy:38)
	... 13 more
)

2022-01-17 20:57:30 - [MESSAGE][FAILED] - No option matched.

2022-01-17 20:57:30 - [MESSAGE][FAILED] - Unable to select option by value '2' of object 'Object Repository/Page_Assign role Teacher in Course New Cour_04a7a0/select_c H (hongocminhducgmail.com)    c H _8cfc97'  using regular expression (Root cause: com.kms.katalon.core.exception.StepFailedException: Unable to select option by value '2' of object 'Object Repository/Page_Assign role Teacher in Course New Cour_04a7a0/select_c H (hongocminhducgmail.com)    c H _8cfc97'  using regular expression
	at com.kms.katalon.core.webui.keyword.internal.WebUIKeywordMain.stepFailed(WebUIKeywordMain.groovy:64)
	at com.kms.katalon.core.webui.keyword.internal.WebUIKeywordMain.runKeyword(WebUIKeywordMain.groovy:26)
	at com.kms.katalon.core.webui.keyword.builtin.SelectOptionByValueKeyword.selectOptionByValue(SelectOptionByValueKeyword.groovy:99)
	at com.kms.katalon.core.webui.keyword.builtin.SelectOptionByValueKeyword.execute(SelectOptionByValueKeyword.groovy:71)
	at com.kms.katalon.core.keyword.internal.KeywordExecutor.executeKeywordForPlatform(KeywordExecutor.groovy:74)
	at com.kms.katalon.core.webui.keyword.WebUiBuiltInKeywords.selectOptionByValue(WebUiBuiltInKeywords.groovy:1168)
	at com.kms.katalon.core.webui.keyword.WebUiBuiltInKeywords$selectOptionByValue$4.call(Unknown Source)
	at Admin assign non-edit teacher.run(Admin assign non-edit teacher:38)
	at com.kms.katalon.core.main.ScriptEngine.run(ScriptEngine.java:194)
	at com.kms.katalon.core.main.ScriptEngine.runScriptAsRawText(ScriptEngine.java:119)
	at com.kms.katalon.core.main.TestCaseExecutor.runScript(TestCaseExecutor.java:442)
	at com.kms.katalon.core.main.TestCaseExecutor.doExecute(TestCaseExecutor.java:433)
	at com.kms.katalon.core.main.TestCaseExecutor.processExecutionPhase(TestCaseExecutor.java:412)
	at com.kms.katalon.core.main.TestCaseExecutor.accessMainPhase(TestCaseExecutor.java:404)
	at com.kms.katalon.core.main.TestCaseExecutor.execute(TestCaseExecutor.java:281)
	at com.kms.katalon.core.main.TestSuiteExecutor.accessTestCaseMainPhase(TestSuiteExecutor.java:202)
	at com.kms.katalon.core.main.TestSuiteExecutor.accessTestSuiteMainPhase(TestSuiteExecutor.java:164)
	at com.kms.katalon.core.main.TestSuiteExecutor.execute(TestSuiteExecutor.java:105)
	at com.kms.katalon.core.main.TestCaseMain.startTestSuite(TestCaseMain.java:181)
	at com.kms.katalon.core.main.TestCaseMain$startTestSuite$0.call(Unknown Source)
	at TempTestSuite1642427402729.run(TempTestSuite1642427402729.groovy:36)
Caused by: com.kms.katalon.core.exception.StepFailedException: No option matched.
	at com.kms.katalon.core.keyword.internal.KeywordMain.stepFailed(KeywordMain.groovy:50)
	at com.kms.katalon.core.keyword.internal.KeywordMain.stepFailed(KeywordMain.groovy)
	at com.kms.katalon.core.keyword.internal.KeywordMain.stepFailed(KeywordMain.groovy:23)
	at com.kms.katalon.core.webui.keyword.builtin.SelectOptionByValueKeyword$_selectOptionByValue_closure1.doCall(SelectOptionByValueKeyword.groovy:92)
	at com.kms.katalon.core.webui.keyword.builtin.SelectOptionByValueKeyword$_selectOptionByValue_closure1.call(SelectOptionByValueKeyword.groovy)
	at com.kms.katalon.core.webui.keyword.internal.WebUIKeywordMain.runKeyword(WebUIKeywordMain.groovy:20)
	at com.kms.katalon.core.webui.keyword.builtin.SelectOptionByValueKeyword.selectOptionByValue(SelectOptionByValueKeyword.groovy:99)
	at com.kms.katalon.core.webui.keyword.builtin.SelectOptionByValueKeyword.execute(SelectOptionByValueKeyword.groovy:71)
	at com.kms.katalon.core.keyword.internal.KeywordExecutor.executeKeywordForPlatform(KeywordExecutor.groovy:74)
	at com.kms.katalon.core.webui.keyword.WebUiBuiltInKeywords.selectOptionByValue(WebUiBuiltInKeywords.groovy:1168)
	at com.kms.katalon.core.webui.keyword.WebUiBuiltInKeywords$selectOptionByValue$4.call(Unknown Source)
	at Script1642352203807.run(Script1642352203807.groovy:38)
	... 13 more
)
[[ATTACHMENT|C:\\Users\\Minh Duc\\Desktop\\Test-Automation-SE-Bonus\\Test Automation - SE Bonus\\Reports\\20220117_205002\\Run all test cases\\20220117_205002\\1642427850363.png]]]]></system-out>
         <system-err><![CDATA[2022-01-17 20:57:09 - [TEST_CASE][FAILED] - Test Cases/Admin assign non-edit teacher: Test Cases/Admin assign non-edit teacher FAILED.
Reason:
com.kms.katalon.core.exception.StepFailedException: Unable to select option by value '2' of object 'Object Repository/Page_Assign role Teacher in Course New Cour_04a7a0/select_c H (hongocminhducgmail.com)    c H _8cfc97'  using regular expression
	at com.kms.katalon.core.webui.keyword.internal.WebUIKeywordMain.stepFailed(WebUIKeywordMain.groovy:64)
	at com.kms.katalon.core.webui.keyword.internal.WebUIKeywordMain.runKeyword(WebUIKeywordMain.groovy:26)
	at com.kms.katalon.core.webui.keyword.builtin.SelectOptionByValueKeyword.selectOptionByValue(SelectOptionByValueKeyword.groovy:99)
	at com.kms.katalon.core.webui.keyword.builtin.SelectOptionByValueKeyword.execute(SelectOptionByValueKeyword.groovy:71)
	at com.kms.katalon.core.keyword.internal.KeywordExecutor.executeKeywordForPlatform(KeywordExecutor.groovy:74)
	at com.kms.katalon.core.webui.keyword.WebUiBuiltInKeywords.selectOptionByValue(WebUiBuiltInKeywords.groovy:1168)
	at com.kms.katalon.core.webui.keyword.WebUiBuiltInKeywords$selectOptionByValue$4.call(Unknown Source)
	at Admin assign non-edit teacher.run(Admin assign non-edit teacher:38)
	at com.kms.katalon.core.main.ScriptEngine.run(ScriptEngine.java:194)
	at com.kms.katalon.core.main.ScriptEngine.runScriptAsRawText(ScriptEngine.java:119)
	at com.kms.katalon.core.main.TestCaseExecutor.runScript(TestCaseExecutor.java:442)
	at com.kms.katalon.core.main.TestCaseExecutor.doExecute(TestCaseExecutor.java:433)
	at com.kms.katalon.core.main.TestCaseExecutor.processExecutionPhase(TestCaseExecutor.java:412)
	at com.kms.katalon.core.main.TestCaseExecutor.accessMainPhase(TestCaseExecutor.java:404)
	at com.kms.katalon.core.main.TestCaseExecutor.execute(TestCaseExecutor.java:281)
	at com.kms.katalon.core.main.TestSuiteExecutor.accessTestCaseMainPhase(TestSuiteExecutor.java:202)
	at com.kms.katalon.core.main.TestSuiteExecutor.accessTestSuiteMainPhase(TestSuiteExecutor.java:164)
	at com.kms.katalon.core.main.TestSuiteExecutor.execute(TestSuiteExecutor.java:105)
	at com.kms.katalon.core.main.TestCaseMain.startTestSuite(TestCaseMain.java:181)
	at com.kms.katalon.core.main.TestCaseMain$startTestSuite$0.call(Unknown Source)
	at TempTestSuite1642427402729.run(TempTestSuite1642427402729.groovy:36)
Caused by: com.kms.katalon.core.exception.StepFailedException: No option matched.
	at com.kms.katalon.core.keyword.internal.KeywordMain.stepFailed(KeywordMain.groovy:50)
	at com.kms.katalon.core.keyword.internal.KeywordMain.stepFailed(KeywordMain.groovy)
	at com.kms.katalon.core.keyword.internal.KeywordMain.stepFailed(KeywordMain.groovy:23)
	at com.kms.katalon.core.webui.keyword.builtin.SelectOptionByValueKeyword$_selectOptionByValue_closure1.doCall(SelectOptionByValueKeyword.groovy:92)
	at com.kms.katalon.core.webui.keyword.builtin.SelectOptionByValueKeyword$_selectOptionByValue_closure1.call(SelectOptionByValueKeyword.groovy)
	at com.kms.katalon.core.webui.keyword.internal.WebUIKeywordMain.runKeyword(WebUIKeywordMain.groovy:20)
	... 19 more]]></system-err>
      </testcase>
      <testcase name="Test Cases/Student Login" time="7.569" classname="Test Cases/Student Login" status="PASSED">
         <system-out><![CDATA[2022-01-17 20:57:30 - [TEST_CASE][PASSED] - Test Cases/Student Login: Test Cases/Student Login

2022-01-17 20:57:31 - [TEST_STEP][PASSED] - openBrowser(""): Browser is opened with url: ''

2022-01-17 20:57:31 - [MESSAGE][WARNING] - A browser is already opened. Closing browser and opening a new one

2022-01-17 20:57:31 - [MESSAGE][INFO] - Starting 'Chrome' driver

2022-01-17 20:57:31 - [MESSAGE][INFO] - Action delay is set to 0 milliseconds

2022-01-17 20:57:33 - [MESSAGE][PASSED] - Browser is opened with url: ''

2022-01-17 20:57:33 - [TEST_STEP][PASSED] - navigateToUrl("http://localhost/moodle/login/index.php"): Navigate to 'http://localhost/moodle/login/index.php' successfully

2022-01-17 20:57:33 - [MESSAGE][PASSED] - Navigate to 'http://localhost/moodle/login/index.php' successfully

2022-01-17 20:57:33 - [TEST_STEP][PASSED] - setText(findTestObject("Object Repository/Page_Moodle Log in to the site/input_Username_username (21)"), "minhduc"): Text 'minhduc' is set on object 'Object Repository/Page_Moodle Log in to the site/input_Username_username (21)'

2022-01-17 20:57:34 - [MESSAGE][PASSED] - Text 'minhduc' is set on object 'Object Repository/Page_Moodle Log in to the site/input_Username_username (21)'

2022-01-17 20:57:34 - [TEST_STEP][PASSED] - click(findTestObject("Object Repository/Page_Moodle Log in to the site/form_document.getElementById(anchor).value _70e5d4")): Object: 'Object Repository/Page_Moodle Log in to the site/form_document.getElementById(anchor).value _70e5d4' is clicked on

2022-01-17 20:57:35 - [MESSAGE][PASSED] - Object: 'Object Repository/Page_Moodle Log in to the site/form_document.getElementById(anchor).value _70e5d4' is clicked on

2022-01-17 20:57:35 - [TEST_STEP][PASSED] - setEncryptedText(findTestObject("Object Repository/Page_Moodle Log in to the site/input_Password_password (21)"), "8JanWqnBZBo6yBKKrpSnpw=="): Text ****** has been set on object 'Object Repository/Page_Moodle Log in to the site/input_Password_password (21)'

2022-01-17 20:57:35 - [MESSAGE][PASSED] - Text ****** has been set on object 'Object Repository/Page_Moodle Log in to the site/input_Password_password (21)'

2022-01-17 20:57:35 - [TEST_STEP][PASSED] - click(findTestObject("Object Repository/Page_Moodle Log in to the site/button_Log in (14)")): Object: 'Object Repository/Page_Moodle Log in to the site/button_Log in (14)' is clicked on

2022-01-17 20:57:38 - [MESSAGE][PASSED] - Object: 'Object Repository/Page_Moodle Log in to the site/button_Log in (14)' is clicked on]]></system-out>
         <system-err><![CDATA[]]></system-err>
      </testcase>
      <testcase name="Test Cases/Student Attempt Quiz" time="16.567" classname="Test Cases/Student Attempt Quiz" status="PASSED">
         <system-out><![CDATA[2022-01-17 20:57:38 - [TEST_CASE][PASSED] - Test Cases/Student Attempt Quiz: Test Cases/Student Attempt Quiz

2022-01-17 20:57:39 - [TEST_STEP][PASSED] - callTestCase(findTestCase("Student Login"), [:], STOP_ON_FAILURE): Call Test Case 'Test Cases/Student Login' successfully

2022-01-17 20:57:39 - [TEST_CASE][PASSED] - Test Cases/Student Login: Test Cases/Student Login

2022-01-17 20:57:39 - [TEST_STEP][PASSED] - openBrowser(""): Browser is opened with url: ''

2022-01-17 20:57:39 - [MESSAGE][WARNING] - A browser is already opened. Closing browser and opening a new one

2022-01-17 20:57:40 - [MESSAGE][INFO] - Starting 'Chrome' driver

2022-01-17 20:57:40 - [MESSAGE][INFO] - Action delay is set to 0 milliseconds

2022-01-17 20:57:41 - [MESSAGE][PASSED] - Browser is opened with url: ''

2022-01-17 20:57:41 - [TEST_STEP][PASSED] - navigateToUrl("http://localhost/moodle/login/index.php"): Navigate to 'http://localhost/moodle/login/index.php' successfully

2022-01-17 20:57:42 - [MESSAGE][PASSED] - Navigate to 'http://localhost/moodle/login/index.php' successfully

2022-01-17 20:57:42 - [TEST_STEP][PASSED] - setText(findTestObject("Object Repository/Page_Moodle Log in to the site/input_Username_username (21)"), "minhduc"): Text 'minhduc' is set on object 'Object Repository/Page_Moodle Log in to the site/input_Username_username (21)'

2022-01-17 20:57:42 - [MESSAGE][PASSED] - Text 'minhduc' is set on object 'Object Repository/Page_Moodle Log in to the site/input_Username_username (21)'

2022-01-17 20:57:42 - [TEST_STEP][PASSED] - click(findTestObject("Object Repository/Page_Moodle Log in to the site/form_document.getElementById(anchor).value _70e5d4")): Object: 'Object Repository/Page_Moodle Log in to the site/form_document.getElementById(anchor).value _70e5d4' is clicked on

2022-01-17 20:57:43 - [MESSAGE][PASSED] - Object: 'Object Repository/Page_Moodle Log in to the site/form_document.getElementById(anchor).value _70e5d4' is clicked on

2022-01-17 20:57:43 - [TEST_STEP][PASSED] - setEncryptedText(findTestObject("Object Repository/Page_Moodle Log in to the site/input_Password_password (21)"), "8JanWqnBZBo6yBKKrpSnpw=="): Text ****** has been set on object 'Object Repository/Page_Moodle Log in to the site/input_Password_password (21)'

2022-01-17 20:57:43 - [MESSAGE][PASSED] - Text ****** has been set on object 'Object Repository/Page_Moodle Log in to the site/input_Password_password (21)'

2022-01-17 20:57:43 - [TEST_STEP][PASSED] - click(findTestObject("Object Repository/Page_Moodle Log in to the site/button_Log in (14)")): Object: 'Object Repository/Page_Moodle Log in to the site/button_Log in (14)' is clicked on

2022-01-17 20:57:46 - [MESSAGE][PASSED] - Object: 'Object Repository/Page_Moodle Log in to the site/button_Log in (14)' is clicked on

2022-01-17 20:57:46 - [MESSAGE][PASSED] - Call Test Case 'Test Cases/Student Login' successfully

2022-01-17 20:57:46 - [TEST_STEP][PASSED] - click(findTestObject("Object Repository/Page_Dashboard/span_Site home (10)")): Object: 'Object Repository/Page_Dashboard/span_Site home (10)' is clicked on

2022-01-17 20:57:50 - [MESSAGE][PASSED] - Object: 'Object Repository/Page_Dashboard/span_Site home (10)' is clicked on

2022-01-17 20:57:50 - [TEST_STEP][PASSED] - click(findTestObject("Object Repository/Page_Moodle/a_New Course Edited (9)")): Object: 'Object Repository/Page_Moodle/a_New Course Edited (9)' is clicked on

2022-01-17 20:57:51 - [MESSAGE][PASSED] - Object: 'Object Repository/Page_Moodle/a_New Course Edited (9)' is clicked on

2022-01-17 20:57:51 - [TEST_STEP][PASSED] - click(findTestObject("Object Repository/Page_Course New Course Edited/span_New Quiz")): Object: 'Object Repository/Page_Course New Course Edited/span_New Quiz' is clicked on

2022-01-17 20:57:53 - [MESSAGE][PASSED] - Object: 'Object Repository/Page_Course New Course Edited/span_New Quiz' is clicked on

2022-01-17 20:57:53 - [TEST_STEP][PASSED] - click(findTestObject("Object Repository/Page_New Course New Quiz/button_Attempt quiz now")): Object: 'Object Repository/Page_New Course New Quiz/button_Attempt quiz now' is clicked on

2022-01-17 20:57:54 - [MESSAGE][PASSED] - Object: 'Object Repository/Page_New Course New Quiz/button_Attempt quiz now' is clicked on]]></system-out>
         <system-err><![CDATA[]]></system-err>
      </testcase>
      <testcase name="Test Cases/Student View Grades" time="14.211" classname="Test Cases/Student View Grades" status="PASSED">
         <system-out><![CDATA[2022-01-17 20:57:54 - [TEST_CASE][PASSED] - Test Cases/Student View Grades: Test Cases/Student View Grades

2022-01-17 20:57:55 - [TEST_STEP][PASSED] - callTestCase(findTestCase("Student Login"), [:], STOP_ON_FAILURE): Call Test Case 'Test Cases/Student Login' successfully

2022-01-17 20:57:55 - [TEST_CASE][PASSED] - Test Cases/Student Login: Test Cases/Student Login

2022-01-17 20:57:55 - [TEST_STEP][PASSED] - openBrowser(""): Browser is opened with url: ''

2022-01-17 20:57:55 - [MESSAGE][WARNING] - A browser is already opened. Closing browser and opening a new one

2022-01-17 20:57:55 - [MESSAGE][INFO] - Starting 'Chrome' driver

2022-01-17 20:57:55 - [MESSAGE][INFO] - Action delay is set to 0 milliseconds

2022-01-17 20:57:57 - [MESSAGE][PASSED] - Browser is opened with url: ''

2022-01-17 20:57:57 - [TEST_STEP][PASSED] - navigateToUrl("http://localhost/moodle/login/index.php"): Navigate to 'http://localhost/moodle/login/index.php' successfully

2022-01-17 20:57:57 - [MESSAGE][PASSED] - Navigate to 'http://localhost/moodle/login/index.php' successfully

2022-01-17 20:57:57 - [TEST_STEP][PASSED] - setText(findTestObject("Object Repository/Page_Moodle Log in to the site/input_Username_username (21)"), "minhduc"): Text 'minhduc' is set on object 'Object Repository/Page_Moodle Log in to the site/input_Username_username (21)'

2022-01-17 20:57:58 - [MESSAGE][PASSED] - Text 'minhduc' is set on object 'Object Repository/Page_Moodle Log in to the site/input_Username_username (21)'

2022-01-17 20:57:58 - [TEST_STEP][PASSED] - click(findTestObject("Object Repository/Page_Moodle Log in to the site/form_document.getElementById(anchor).value _70e5d4")): Object: 'Object Repository/Page_Moodle Log in to the site/form_document.getElementById(anchor).value _70e5d4' is clicked on

2022-01-17 20:57:59 - [MESSAGE][PASSED] - Object: 'Object Repository/Page_Moodle Log in to the site/form_document.getElementById(anchor).value _70e5d4' is clicked on

2022-01-17 20:57:59 - [TEST_STEP][PASSED] - setEncryptedText(findTestObject("Object Repository/Page_Moodle Log in to the site/input_Password_password (21)"), "8JanWqnBZBo6yBKKrpSnpw=="): Text ****** has been set on object 'Object Repository/Page_Moodle Log in to the site/input_Password_password (21)'

2022-01-17 20:57:59 - [MESSAGE][PASSED] - Text ****** has been set on object 'Object Repository/Page_Moodle Log in to the site/input_Password_password (21)'

2022-01-17 20:57:59 - [TEST_STEP][PASSED] - click(findTestObject("Object Repository/Page_Moodle Log in to the site/button_Log in (14)")): Object: 'Object Repository/Page_Moodle Log in to the site/button_Log in (14)' is clicked on

2022-01-17 20:58:01 - [MESSAGE][PASSED] - Object: 'Object Repository/Page_Moodle Log in to the site/button_Log in (14)' is clicked on

2022-01-17 20:58:01 - [MESSAGE][PASSED] - Call Test Case 'Test Cases/Student Login' successfully

2022-01-17 20:58:01 - [TEST_STEP][PASSED] - click(findTestObject("Object Repository/Page_Dashboard/span_Site home (7)")): Object: 'Object Repository/Page_Dashboard/span_Site home (7)' is clicked on

2022-01-17 20:58:05 - [MESSAGE][PASSED] - Object: 'Object Repository/Page_Dashboard/span_Site home (7)' is clicked on

2022-01-17 20:58:05 - [TEST_STEP][PASSED] - click(findTestObject("Object Repository/Page_Moodle/a_New Course Edited (6)")): Object: 'Object Repository/Page_Moodle/a_New Course Edited (6)' is clicked on

2022-01-17 20:58:07 - [MESSAGE][PASSED] - Object: 'Object Repository/Page_Moodle/a_New Course Edited (6)' is clicked on

2022-01-17 20:58:07 - [TEST_STEP][PASSED] - click(findTestObject("Object Repository/Page_Course New Course Edited/span_Grades")): Object: 'Object Repository/Page_Course New Course Edited/span_Grades' is clicked on

2022-01-17 20:58:08 - [MESSAGE][PASSED] - Object: 'Object Repository/Page_Course New Course Edited/span_Grades' is clicked on]]></system-out>
         <system-err><![CDATA[]]></system-err>
      </testcase>
      <testcase name="Test Cases/Student Add New Discussion Topic" time="26.489" classname="Test Cases/Student Add New Discussion Topic" status="PASSED">
         <system-out><![CDATA[2022-01-17 20:58:08 - [TEST_CASE][PASSED] - Test Cases/Student Add New Discussion Topic: Test Cases/Student Add New Discussion Topic

2022-01-17 20:58:09 - [TEST_STEP][PASSED] - callTestCase(findTestCase("Student Login"), [:], STOP_ON_FAILURE): Call Test Case 'Test Cases/Student Login' successfully

2022-01-17 20:58:09 - [TEST_CASE][PASSED] - Test Cases/Student Login: Test Cases/Student Login

2022-01-17 20:58:09 - [TEST_STEP][PASSED] - openBrowser(""): Browser is opened with url: ''

2022-01-17 20:58:09 - [MESSAGE][WARNING] - A browser is already opened. Closing browser and opening a new one

2022-01-17 20:58:10 - [MESSAGE][INFO] - Starting 'Chrome' driver

2022-01-17 20:58:10 - [MESSAGE][INFO] - Action delay is set to 0 milliseconds

2022-01-17 20:58:11 - [MESSAGE][PASSED] - Browser is opened with url: ''

2022-01-17 20:58:11 - [TEST_STEP][PASSED] - navigateToUrl("http://localhost/moodle/login/index.php"): Navigate to 'http://localhost/moodle/login/index.php' successfully

2022-01-17 20:58:12 - [MESSAGE][PASSED] - Navigate to 'http://localhost/moodle/login/index.php' successfully

2022-01-17 20:58:12 - [TEST_STEP][PASSED] - setText(findTestObject("Object Repository/Page_Moodle Log in to the site/input_Username_username (21)"), "minhduc"): Text 'minhduc' is set on object 'Object Repository/Page_Moodle Log in to the site/input_Username_username (21)'

2022-01-17 20:58:13 - [MESSAGE][PASSED] - Text 'minhduc' is set on object 'Object Repository/Page_Moodle Log in to the site/input_Username_username (21)'

2022-01-17 20:58:13 - [TEST_STEP][PASSED] - click(findTestObject("Object Repository/Page_Moodle Log in to the site/form_document.getElementById(anchor).value _70e5d4")): Object: 'Object Repository/Page_Moodle Log in to the site/form_document.getElementById(anchor).value _70e5d4' is clicked on

2022-01-17 20:58:13 - [MESSAGE][PASSED] - Object: 'Object Repository/Page_Moodle Log in to the site/form_document.getElementById(anchor).value _70e5d4' is clicked on

2022-01-17 20:58:13 - [TEST_STEP][PASSED] - setEncryptedText(findTestObject("Object Repository/Page_Moodle Log in to the site/input_Password_password (21)"), "8JanWqnBZBo6yBKKrpSnpw=="): Text ****** has been set on object 'Object Repository/Page_Moodle Log in to the site/input_Password_password (21)'

2022-01-17 20:58:14 - [MESSAGE][PASSED] - Text ****** has been set on object 'Object Repository/Page_Moodle Log in to the site/input_Password_password (21)'

2022-01-17 20:58:14 - [TEST_STEP][PASSED] - click(findTestObject("Object Repository/Page_Moodle Log in to the site/button_Log in (14)")): Object: 'Object Repository/Page_Moodle Log in to the site/button_Log in (14)' is clicked on

2022-01-17 20:58:16 - [MESSAGE][PASSED] - Object: 'Object Repository/Page_Moodle Log in to the site/button_Log in (14)' is clicked on

2022-01-17 20:58:16 - [MESSAGE][PASSED] - Call Test Case 'Test Cases/Student Login' successfully

2022-01-17 20:58:16 - [TEST_STEP][PASSED] - click(findTestObject("Object Repository/Page_Dashboard/span_Site home (8)")): Object: 'Object Repository/Page_Dashboard/span_Site home (8)' is clicked on

2022-01-17 20:58:21 - [MESSAGE][PASSED] - Object: 'Object Repository/Page_Dashboard/span_Site home (8)' is clicked on

2022-01-17 20:58:21 - [TEST_STEP][PASSED] - click(findTestObject("Object Repository/Page_Moodle/a_New Course Edited (7)")): Object: 'Object Repository/Page_Moodle/a_New Course Edited (7)' is clicked on

2022-01-17 20:58:22 - [MESSAGE][PASSED] - Object: 'Object Repository/Page_Moodle/a_New Course Edited (7)' is clicked on

2022-01-17 20:58:22 - [TEST_STEP][PASSED] - click(findTestObject("Object Repository/Page_Course New Course Edited/span_New Forum")): Object: 'Object Repository/Page_Course New Course Edited/span_New Forum' is clicked on

2022-01-17 20:58:25 - [MESSAGE][PASSED] - Object: 'Object Repository/Page_Course New Course Edited/span_New Forum' is clicked on

2022-01-17 20:58:25 - [TEST_STEP][PASSED] - click(findTestObject("Object Repository/Page_New Forum/a_Add a new discussion topic")): Object: 'Object Repository/Page_New Forum/a_Add a new discussion topic' is clicked on

2022-01-17 20:58:26 - [MESSAGE][PASSED] - Object: 'Object Repository/Page_New Forum/a_Add a new discussion topic' is clicked on

2022-01-17 20:58:26 - [TEST_STEP][PASSED] - setText(findTestObject("Object Repository/Page_New Forum/input_Subject_subject"), "New discussion topic"): Text 'New discussion topic' is set on object 'Object Repository/Page_New Forum/input_Subject_subject'

2022-01-17 20:58:27 - [MESSAGE][PASSED] - Text 'New discussion topic' is set on object 'Object Repository/Page_New Forum/input_Subject_subject'

2022-01-17 20:58:27 - [TEST_STEP][PASSED] - click(findTestObject("Object Repository/Page_New Forum/div_Subject")): Object: 'Object Repository/Page_New Forum/div_Subject' is clicked on

2022-01-17 20:58:28 - [MESSAGE][PASSED] - Object: 'Object Repository/Page_New Forum/div_Subject' is clicked on

2022-01-17 20:58:28 - [TEST_STEP][PASSED] - setText(findTestObject("Object Repository/Page_New Forum/input_Subject_subject"), "New discussion topic"): Text 'New discussion topic' is set on object 'Object Repository/Page_New Forum/input_Subject_subject'

2022-01-17 20:58:30 - [MESSAGE][PASSED] - Text 'New discussion topic' is set on object 'Object Repository/Page_New Forum/input_Subject_subject'

2022-01-17 20:58:30 - [TEST_STEP][PASSED] - click(findTestObject("Object Repository/Page_New Forum/p")): Object: 'Object Repository/Page_New Forum/p' is clicked on

2022-01-17 20:58:30 - [MESSAGE][PASSED] - Object: 'Object Repository/Page_New Forum/p' is clicked on

2022-01-17 20:58:30 - [TEST_STEP][PASSED] - setText(findTestObject("Object Repository/Page_New Forum/div_New discussion topic"), "<p dir="ltr" style="text-align: left; outline: rgb(255, 0, 0) solid 2px;" id="yui_3_17_2_1_1642383176173_510"><span style="font-size: 14.9262px;">New discussion topic</span><br></p>"): Text '<p dir="ltr" style="text-align: left; outline: rgb(255, 0, 0) solid 2px;" id="yui_3_17_2_1_1642383176173_510"><span style="font-size: 14.9262px;">New discussion topic</span><br></p>' is set on object 'Object Repository/Page_New Forum/div_New discussion topic'

2022-01-17 20:58:32 - [MESSAGE][PASSED] - Text '<p dir="ltr" style="text-align: left; outline: rgb(255, 0, 0) solid 2px;" id="yui_3_17_2_1_1642383176173_510"><span style="font-size: 14.9262px;">New discussion topic</span><br></p>' is set on object 'Object Repository/Page_New Forum/div_New discussion topic'

2022-01-17 20:58:32 - [TEST_STEP][PASSED] - click(findTestObject("Object Repository/Page_New Forum/input_New discussion topic_submitbutton")): Object: 'Object Repository/Page_New Forum/input_New discussion topic_submitbutton' is clicked on

2022-01-17 20:58:35 - [MESSAGE][PASSED] - Object: 'Object Repository/Page_New Forum/input_New discussion topic_submitbutton' is clicked on]]></system-out>
         <system-err><![CDATA[]]></system-err>
      </testcase>
      <testcase name="Test Cases/Student Reply A Discussion Topic" time="21.274" classname="Test Cases/Student Reply A Discussion Topic" status="PASSED">
         <system-out><![CDATA[2022-01-17 20:58:35 - [TEST_CASE][PASSED] - Test Cases/Student Reply A Discussion Topic: Test Cases/Student Reply A Discussion Topic

2022-01-17 20:58:36 - [TEST_STEP][PASSED] - callTestCase(findTestCase("Student Login"), [:], STOP_ON_FAILURE): Call Test Case 'Test Cases/Student Login' successfully

2022-01-17 20:58:36 - [TEST_CASE][PASSED] - Test Cases/Student Login: Test Cases/Student Login

2022-01-17 20:58:36 - [TEST_STEP][PASSED] - openBrowser(""): Browser is opened with url: ''

2022-01-17 20:58:36 - [MESSAGE][WARNING] - A browser is already opened. Closing browser and opening a new one

2022-01-17 20:58:36 - [MESSAGE][INFO] - Starting 'Chrome' driver

2022-01-17 20:58:36 - [MESSAGE][INFO] - Action delay is set to 0 milliseconds

2022-01-17 20:58:38 - [MESSAGE][PASSED] - Browser is opened with url: ''

2022-01-17 20:58:38 - [TEST_STEP][PASSED] - navigateToUrl("http://localhost/moodle/login/index.php"): Navigate to 'http://localhost/moodle/login/index.php' successfully

2022-01-17 20:58:39 - [MESSAGE][PASSED] - Navigate to 'http://localhost/moodle/login/index.php' successfully

2022-01-17 20:58:39 - [TEST_STEP][PASSED] - setText(findTestObject("Object Repository/Page_Moodle Log in to the site/input_Username_username (21)"), "minhduc"): Text 'minhduc' is set on object 'Object Repository/Page_Moodle Log in to the site/input_Username_username (21)'

2022-01-17 20:58:40 - [MESSAGE][PASSED] - Text 'minhduc' is set on object 'Object Repository/Page_Moodle Log in to the site/input_Username_username (21)'

2022-01-17 20:58:40 - [TEST_STEP][PASSED] - click(findTestObject("Object Repository/Page_Moodle Log in to the site/form_document.getElementById(anchor).value _70e5d4")): Object: 'Object Repository/Page_Moodle Log in to the site/form_document.getElementById(anchor).value _70e5d4' is clicked on

2022-01-17 20:58:40 - [MESSAGE][PASSED] - Object: 'Object Repository/Page_Moodle Log in to the site/form_document.getElementById(anchor).value _70e5d4' is clicked on

2022-01-17 20:58:40 - [TEST_STEP][PASSED] - setEncryptedText(findTestObject("Object Repository/Page_Moodle Log in to the site/input_Password_password (21)"), "8JanWqnBZBo6yBKKrpSnpw=="): Text ****** has been set on object 'Object Repository/Page_Moodle Log in to the site/input_Password_password (21)'

2022-01-17 20:58:41 - [MESSAGE][PASSED] - Text ****** has been set on object 'Object Repository/Page_Moodle Log in to the site/input_Password_password (21)'

2022-01-17 20:58:41 - [TEST_STEP][PASSED] - click(findTestObject("Object Repository/Page_Moodle Log in to the site/button_Log in (14)")): Object: 'Object Repository/Page_Moodle Log in to the site/button_Log in (14)' is clicked on

2022-01-17 20:58:44 - [MESSAGE][PASSED] - Object: 'Object Repository/Page_Moodle Log in to the site/button_Log in (14)' is clicked on

2022-01-17 20:58:44 - [MESSAGE][PASSED] - Call Test Case 'Test Cases/Student Login' successfully

2022-01-17 20:58:44 - [TEST_STEP][PASSED] - click(findTestObject("Object Repository/Page_Dashboard/span_Site home (9)")): Object: 'Object Repository/Page_Dashboard/span_Site home (9)' is clicked on

2022-01-17 20:58:48 - [MESSAGE][PASSED] - Object: 'Object Repository/Page_Dashboard/span_Site home (9)' is clicked on

2022-01-17 20:58:48 - [TEST_STEP][PASSED] - click(findTestObject("Object Repository/Page_Moodle/a_New Course Edited (8)")): Object: 'Object Repository/Page_Moodle/a_New Course Edited (8)' is clicked on

2022-01-17 20:58:50 - [MESSAGE][PASSED] - Object: 'Object Repository/Page_Moodle/a_New Course Edited (8)' is clicked on

2022-01-17 20:58:50 - [TEST_STEP][PASSED] - click(findTestObject("Object Repository/Page_Course New Course Edited/span_New Forum (1)")): Object: 'Object Repository/Page_Course New Course Edited/span_New Forum (1)' is clicked on

2022-01-17 20:58:52 - [MESSAGE][PASSED] - Object: 'Object Repository/Page_Course New Course Edited/span_New Forum (1)' is clicked on

2022-01-17 20:58:52 - [TEST_STEP][PASSED] - click(findTestObject("Object Repository/Page_New Forum/a_New discussion topic")): Object: 'Object Repository/Page_New Forum/a_New discussion topic' is clicked on

2022-01-17 20:58:54 - [MESSAGE][PASSED] - Object: 'Object Repository/Page_New Forum/a_New discussion topic' is clicked on

2022-01-17 20:58:54 - [TEST_STEP][PASSED] - click(findTestObject("Object Repository/Page_New Course New discussion topic/a_Reply")): Object: 'Object Repository/Page_New Course New discussion topic/a_Reply' is clicked on

2022-01-17 20:58:54 - [MESSAGE][PASSED] - Object: 'Object Repository/Page_New Course New discussion topic/a_Reply' is clicked on

2022-01-17 20:58:54 - [TEST_STEP][PASSED] - setText(findTestObject("Object Repository/Page_New Course New discussion topic/textarea_Reply_post"), "Reply topic"): Text 'Reply topic' is set on object 'Object Repository/Page_New Course New discussion topic/textarea_Reply_post'

2022-01-17 20:58:56 - [MESSAGE][PASSED] - Text 'Reply topic' is set on object 'Object Repository/Page_New Course New discussion topic/textarea_Reply_post'

2022-01-17 20:58:56 - [TEST_STEP][PASSED] - click(findTestObject("Object Repository/Page_New Course New discussion topic/span_Post to forum")): Object: 'Object Repository/Page_New Course New discussion topic/span_Post to forum' is clicked on

2022-01-17 20:58:56 - [MESSAGE][PASSED] - Object: 'Object Repository/Page_New Course New discussion topic/span_Post to forum' is clicked on]]></system-out>
         <system-err><![CDATA[]]></system-err>
      </testcase>
      <testcase name="Test Cases/Admin remove non-edit teacher" time="22.953" classname="Test Cases/Admin remove non-edit teacher" status="PASSED">
         <system-out><![CDATA[2022-01-17 20:58:56 - [TEST_CASE][PASSED] - Test Cases/Admin remove non-edit teacher: Test Cases/Admin remove non-edit teacher

2022-01-17 20:58:57 - [TEST_STEP][PASSED] - callTestCase(findTestCase("Admin Login"), [:], STOP_ON_FAILURE): Call Test Case 'Test Cases/Admin Login' successfully

2022-01-17 20:58:57 - [TEST_CASE][PASSED] - Test Cases/Admin Login: Test Cases/Admin Login

2022-01-17 20:58:57 - [TEST_STEP][PASSED] - openBrowser(""): Browser is opened with url: ''

2022-01-17 20:58:57 - [MESSAGE][WARNING] - A browser is already opened. Closing browser and opening a new one

2022-01-17 20:58:58 - [MESSAGE][INFO] - Starting 'Chrome' driver

2022-01-17 20:58:58 - [MESSAGE][INFO] - Action delay is set to 0 milliseconds

2022-01-17 20:58:59 - [MESSAGE][PASSED] - Browser is opened with url: ''

2022-01-17 20:58:59 - [TEST_STEP][PASSED] - navigateToUrl("http://localhost/moodle/login/index.php"): Navigate to 'http://localhost/moodle/login/index.php' successfully

2022-01-17 20:59:00 - [MESSAGE][PASSED] - Navigate to 'http://localhost/moodle/login/index.php' successfully

2022-01-17 20:59:00 - [TEST_STEP][PASSED] - setText(findTestObject("Object Repository/Page_Moodle Log in to the site/input_Username_username"), "admin"): Text 'admin' is set on object 'Object Repository/Page_Moodle Log in to the site/input_Username_username'

2022-01-17 20:59:01 - [MESSAGE][PASSED] - Text 'admin' is set on object 'Object Repository/Page_Moodle Log in to the site/input_Username_username'

2022-01-17 20:59:01 - [TEST_STEP][PASSED] - setEncryptedText(findTestObject("Object Repository/Page_Moodle Log in to the site/input_Password_password"), "8JanWqnBZBo6yBKKrpSnpw=="): Text ****** has been set on object 'Object Repository/Page_Moodle Log in to the site/input_Password_password'

2022-01-17 20:59:02 - [MESSAGE][PASSED] - Text ****** has been set on object 'Object Repository/Page_Moodle Log in to the site/input_Password_password'

2022-01-17 20:59:02 - [TEST_STEP][PASSED] - click(findTestObject("Object Repository/Page_Moodle Log in to the site/button_Log in")): Object: 'Object Repository/Page_Moodle Log in to the site/button_Log in' is clicked on

2022-01-17 20:59:04 - [MESSAGE][PASSED] - Object: 'Object Repository/Page_Moodle Log in to the site/button_Log in' is clicked on

2022-01-17 20:59:04 - [MESSAGE][PASSED] - Call Test Case 'Test Cases/Admin Login' successfully

2022-01-17 20:59:04 - [TEST_STEP][PASSED] - click(findTestObject("Object Repository/Page_Dashboard/span_Site home (5)")): Object: 'Object Repository/Page_Dashboard/span_Site home (5)' is clicked on

2022-01-17 20:59:07 - [MESSAGE][PASSED] - Object: 'Object Repository/Page_Dashboard/span_Site home (5)' is clicked on

2022-01-17 20:59:07 - [TEST_STEP][PASSED] - click(findTestObject("Object Repository/Page_Moodle/a_New Course Edited (4)")): Object: 'Object Repository/Page_Moodle/a_New Course Edited (4)' is clicked on

2022-01-17 20:59:09 - [MESSAGE][PASSED] - Object: 'Object Repository/Page_Moodle/a_New Course Edited (4)' is clicked on

2022-01-17 20:59:09 - [TEST_STEP][PASSED] - click(findTestObject("Object Repository/Page_Course New Course Edited/i_New Course Edited_icon fa fa-cog fa-fw (4)")): Object: 'Object Repository/Page_Course New Course Edited/i_New Course Edited_icon fa fa-cog fa-fw (4)' is clicked on

2022-01-17 20:59:10 - [MESSAGE][PASSED] - Object: 'Object Repository/Page_Course New Course Edited/i_New Course Edited_icon fa fa-cog fa-fw (4)' is clicked on

2022-01-17 20:59:10 - [TEST_STEP][PASSED] - click(findTestObject("Object Repository/Page_Course New Course Edited/a_More (4)")): Object: 'Object Repository/Page_Course New Course Edited/a_More (4)' is clicked on

2022-01-17 20:59:11 - [MESSAGE][PASSED] - Object: 'Object Repository/Page_Course New Course Edited/a_More (4)' is clicked on

2022-01-17 20:59:11 - [TEST_STEP][PASSED] - click(findTestObject("Object Repository/Page_Course administration/a_Users (4)")): Object: 'Object Repository/Page_Course administration/a_Users (4)' is clicked on

2022-01-17 20:59:12 - [MESSAGE][PASSED] - Object: 'Object Repository/Page_Course administration/a_Users (4)' is clicked on

2022-01-17 20:59:12 - [TEST_STEP][PASSED] - click(findTestObject("Object Repository/Page_Course administration/a_Other users")): Object: 'Object Repository/Page_Course administration/a_Other users' is clicked on

2022-01-17 20:59:13 - [MESSAGE][PASSED] - Object: 'Object Repository/Page_Course administration/a_Other users' is clicked on

2022-01-17 20:59:13 - [TEST_STEP][PASSED] - click(findTestObject("Object Repository/Page_New Course Edited 0 other users/button_Assign roles")): Object: 'Object Repository/Page_New Course Edited 0 other users/button_Assign roles' is clicked on

2022-01-17 20:59:15 - [MESSAGE][PASSED] - Object: 'Object Repository/Page_New Course Edited 0 other users/button_Assign roles' is clicked on

2022-01-17 20:59:15 - [TEST_STEP][PASSED] - click(findTestObject("Page_Course New Course Edited/a_non_edit")): Object: 'Object Repository/Page_Course New Course Edited/a_non_edit' is clicked on

2022-01-17 20:59:16 - [MESSAGE][PASSED] - Object: 'Object Repository/Page_Course New Course Edited/a_non_edit' is clicked on

2022-01-17 20:59:16 - [TEST_STEP][PASSED] - selectOptionByValue(findTestObject("Object Repository/Page_Assign role Teacher in Course New Cour_04a7a0/select_c H (hongocminhducgmail.com)"), "2", true): All options with value '2' are selected in object 'Object Repository/Page_Assign role Teacher in Course New Cour_04a7a0/select_c H (hongocminhducgmail.com)'  using regular expression

2022-01-17 20:59:17 - [MESSAGE][PASSED] - All options with value '2' are selected in object 'Object Repository/Page_Assign role Teacher in Course New Cour_04a7a0/select_c H (hongocminhducgmail.com)'  using regular expression

2022-01-17 20:59:17 - [TEST_STEP][PASSED] - click(findTestObject("Object Repository/Page_Assign role Teacher in Course New Cour_04a7a0/input_Match the search text anywhere in the_31d039")): Object: 'Object Repository/Page_Assign role Teacher in Course New Cour_04a7a0/input_Match the search text anywhere in the_31d039' is clicked on

2022-01-17 20:59:19 - [MESSAGE][PASSED] - Object: 'Object Repository/Page_Assign role Teacher in Course New Cour_04a7a0/input_Match the search text anywhere in the_31d039' is clicked on]]></system-out>
         <system-err><![CDATA[]]></system-err>
      </testcase>
      <testcase name="Test Cases/Student Enter Chat Room" time="20.241" classname="Test Cases/Student Enter Chat Room" status="PASSED">
         <system-out><![CDATA[2022-01-17 20:59:19 - [TEST_CASE][PASSED] - Test Cases/Student Enter Chat Room: Test Cases/Student Enter Chat Room

2022-01-17 20:59:20 - [TEST_STEP][PASSED] - callTestCase(findTestCase("Student Login"), [:], STOP_ON_FAILURE): Call Test Case 'Test Cases/Student Login' successfully

2022-01-17 20:59:20 - [TEST_CASE][PASSED] - Test Cases/Student Login: Test Cases/Student Login

2022-01-17 20:59:20 - [TEST_STEP][PASSED] - openBrowser(""): Browser is opened with url: ''

2022-01-17 20:59:20 - [MESSAGE][WARNING] - A browser is already opened. Closing browser and opening a new one

2022-01-17 20:59:21 - [MESSAGE][INFO] - Starting 'Chrome' driver

2022-01-17 20:59:21 - [MESSAGE][INFO] - Action delay is set to 0 milliseconds

2022-01-17 20:59:22 - [MESSAGE][PASSED] - Browser is opened with url: ''

2022-01-17 20:59:22 - [TEST_STEP][PASSED] - navigateToUrl("http://localhost/moodle/login/index.php"): Navigate to 'http://localhost/moodle/login/index.php' successfully

2022-01-17 20:59:23 - [MESSAGE][PASSED] - Navigate to 'http://localhost/moodle/login/index.php' successfully

2022-01-17 20:59:23 - [TEST_STEP][PASSED] - setText(findTestObject("Object Repository/Page_Moodle Log in to the site/input_Username_username (21)"), "minhduc"): Text 'minhduc' is set on object 'Object Repository/Page_Moodle Log in to the site/input_Username_username (21)'

2022-01-17 20:59:25 - [MESSAGE][PASSED] - Text 'minhduc' is set on object 'Object Repository/Page_Moodle Log in to the site/input_Username_username (21)'

2022-01-17 20:59:25 - [TEST_STEP][PASSED] - click(findTestObject("Object Repository/Page_Moodle Log in to the site/form_document.getElementById(anchor).value _70e5d4")): Object: 'Object Repository/Page_Moodle Log in to the site/form_document.getElementById(anchor).value _70e5d4' is clicked on

2022-01-17 20:59:25 - [MESSAGE][PASSED] - Object: 'Object Repository/Page_Moodle Log in to the site/form_document.getElementById(anchor).value _70e5d4' is clicked on

2022-01-17 20:59:25 - [TEST_STEP][PASSED] - setEncryptedText(findTestObject("Object Repository/Page_Moodle Log in to the site/input_Password_password (21)"), "8JanWqnBZBo6yBKKrpSnpw=="): Text ****** has been set on object 'Object Repository/Page_Moodle Log in to the site/input_Password_password (21)'

2022-01-17 20:59:26 - [MESSAGE][PASSED] - Text ****** has been set on object 'Object Repository/Page_Moodle Log in to the site/input_Password_password (21)'

2022-01-17 20:59:26 - [TEST_STEP][PASSED] - click(findTestObject("Object Repository/Page_Moodle Log in to the site/button_Log in (14)")): Object: 'Object Repository/Page_Moodle Log in to the site/button_Log in (14)' is clicked on

2022-01-17 20:59:29 - [MESSAGE][PASSED] - Object: 'Object Repository/Page_Moodle Log in to the site/button_Log in (14)' is clicked on

2022-01-17 20:59:29 - [MESSAGE][PASSED] - Call Test Case 'Test Cases/Student Login' successfully

2022-01-17 20:59:29 - [TEST_STEP][PASSED] - click(findTestObject("Object Repository/Page_Dashboard/span_Site home (11)")): Object: 'Object Repository/Page_Dashboard/span_Site home (11)' is clicked on

2022-01-17 20:59:34 - [MESSAGE][PASSED] - Object: 'Object Repository/Page_Dashboard/span_Site home (11)' is clicked on

2022-01-17 20:59:34 - [TEST_STEP][PASSED] - click(findTestObject("Object Repository/Page_Moodle/a_New Course Edited (10)")): Object: 'Object Repository/Page_Moodle/a_New Course Edited (10)' is clicked on

2022-01-17 20:59:35 - [MESSAGE][PASSED] - Object: 'Object Repository/Page_Moodle/a_New Course Edited (10)' is clicked on

2022-01-17 20:59:35 - [TEST_STEP][PASSED] - click(findTestObject("Object Repository/Page_Course New Course Edited/span_Chat Room")): Object: 'Object Repository/Page_Course New Course Edited/span_Chat Room' is clicked on

2022-01-17 20:59:37 - [MESSAGE][PASSED] - Object: 'Object Repository/Page_Course New Course Edited/span_Chat Room' is clicked on

2022-01-17 20:59:37 - [TEST_STEP][PASSED] - click(findTestObject("Object Repository/Page_New Course Chat Room/a_Click here to enter the chat now")): Object: 'Object Repository/Page_New Course Chat Room/a_Click here to enter the chat now' is clicked on

2022-01-17 20:59:38 - [MESSAGE][PASSED] - Object: 'Object Repository/Page_New Course Chat Room/a_Click here to enter the chat now' is clicked on

2022-01-17 20:59:38 - [TEST_STEP][PASSED] - switchToWindowTitle("New Course: Chat Room"): Switched to window with title: 'New Course: Chat Room'

2022-01-17 20:59:38 - [MESSAGE][PASSED] - Switched to window with title: 'New Course: Chat Room'

2022-01-17 20:59:38 - [TEST_STEP][PASSED] - delay(1): Delayed 1 second(s)

2022-01-17 20:59:39 - [MESSAGE][PASSED] - Delayed 1 second(s)]]></system-out>
         <system-err><![CDATA[]]></system-err>
      </testcase>
      <testcase name="Test Cases/Student Mark As Done" time="17.997" classname="Test Cases/Student Mark As Done" status="PASSED">
         <system-out><![CDATA[2022-01-17 20:59:39 - [TEST_CASE][PASSED] - Test Cases/Student Mark As Done: Test Cases/Student Mark As Done

2022-01-17 20:59:40 - [TEST_STEP][PASSED] - callTestCase(findTestCase("Student Login"), [:], STOP_ON_FAILURE): Call Test Case 'Test Cases/Student Login' successfully

2022-01-17 20:59:40 - [TEST_CASE][PASSED] - Test Cases/Student Login: Test Cases/Student Login

2022-01-17 20:59:40 - [TEST_STEP][PASSED] - openBrowser(""): Browser is opened with url: ''

2022-01-17 20:59:40 - [MESSAGE][WARNING] - A browser is already opened. Closing browser and opening a new one

2022-01-17 20:59:41 - [MESSAGE][INFO] - Starting 'Chrome' driver

2022-01-17 20:59:41 - [MESSAGE][INFO] - Action delay is set to 0 milliseconds

2022-01-17 20:59:42 - [MESSAGE][PASSED] - Browser is opened with url: ''

2022-01-17 20:59:42 - [TEST_STEP][PASSED] - navigateToUrl("http://localhost/moodle/login/index.php"): Navigate to 'http://localhost/moodle/login/index.php' successfully

2022-01-17 20:59:43 - [MESSAGE][PASSED] - Navigate to 'http://localhost/moodle/login/index.php' successfully

2022-01-17 20:59:43 - [TEST_STEP][PASSED] - setText(findTestObject("Object Repository/Page_Moodle Log in to the site/input_Username_username (21)"), "minhduc"): Text 'minhduc' is set on object 'Object Repository/Page_Moodle Log in to the site/input_Username_username (21)'

2022-01-17 20:59:45 - [MESSAGE][PASSED] - Text 'minhduc' is set on object 'Object Repository/Page_Moodle Log in to the site/input_Username_username (21)'

2022-01-17 20:59:45 - [TEST_STEP][PASSED] - click(findTestObject("Object Repository/Page_Moodle Log in to the site/form_document.getElementById(anchor).value _70e5d4")): Object: 'Object Repository/Page_Moodle Log in to the site/form_document.getElementById(anchor).value _70e5d4' is clicked on

2022-01-17 20:59:45 - [MESSAGE][PASSED] - Object: 'Object Repository/Page_Moodle Log in to the site/form_document.getElementById(anchor).value _70e5d4' is clicked on

2022-01-17 20:59:45 - [TEST_STEP][PASSED] - setEncryptedText(findTestObject("Object Repository/Page_Moodle Log in to the site/input_Password_password (21)"), "8JanWqnBZBo6yBKKrpSnpw=="): Text ****** has been set on object 'Object Repository/Page_Moodle Log in to the site/input_Password_password (21)'

2022-01-17 20:59:46 - [MESSAGE][PASSED] - Text ****** has been set on object 'Object Repository/Page_Moodle Log in to the site/input_Password_password (21)'

2022-01-17 20:59:46 - [TEST_STEP][PASSED] - click(findTestObject("Object Repository/Page_Moodle Log in to the site/button_Log in (14)")): Object: 'Object Repository/Page_Moodle Log in to the site/button_Log in (14)' is clicked on

2022-01-17 20:59:49 - [MESSAGE][PASSED] - Object: 'Object Repository/Page_Moodle Log in to the site/button_Log in (14)' is clicked on

2022-01-17 20:59:49 - [MESSAGE][PASSED] - Call Test Case 'Test Cases/Student Login' successfully

2022-01-17 20:59:49 - [TEST_STEP][PASSED] - click(findTestObject("Object Repository/Page_Dashboard/span_Site home (12)")): Object: 'Object Repository/Page_Dashboard/span_Site home (12)' is clicked on

2022-01-17 20:59:54 - [MESSAGE][PASSED] - Object: 'Object Repository/Page_Dashboard/span_Site home (12)' is clicked on

2022-01-17 20:59:54 - [TEST_STEP][PASSED] - click(findTestObject("Object Repository/Page_Moodle/a_New Course Edited (11)")): Object: 'Object Repository/Page_Moodle/a_New Course Edited (11)' is clicked on

2022-01-17 20:59:56 - [MESSAGE][PASSED] - Object: 'Object Repository/Page_Moodle/a_New Course Edited (11)' is clicked on

2022-01-17 20:59:56 - [TEST_STEP][PASSED] - click(findTestObject("Object Repository/Page_Course New Course Edited/button_Mark as done")): Object: 'Object Repository/Page_Course New Course Edited/button_Mark as done' is clicked on

2022-01-17 20:59:57 - [MESSAGE][PASSED] - Object: 'Object Repository/Page_Course New Course Edited/button_Mark as done' is clicked on

2022-01-17 20:59:57 - [TEST_STEP][PASSED] - click(findTestObject("Object Repository/Page_Course New Course Edited/button_Mark as done_1")): Object: 'Object Repository/Page_Course New Course Edited/button_Mark as done_1' is clicked on

2022-01-17 20:59:57 - [MESSAGE][PASSED] - Object: 'Object Repository/Page_Course New Course Edited/button_Mark as done_1' is clicked on]]></system-out>
         <system-err><![CDATA[]]></system-err>
      </testcase>
      <testcase name="Test Cases/Student Submit Assignment" time="34.63" classname="Test Cases/Student Submit Assignment" status="PASSED">
         <system-out><![CDATA[2022-01-17 20:59:57 - [TEST_CASE][PASSED] - Test Cases/Student Submit Assignment: Test Cases/Student Submit Assignment

2022-01-17 20:59:58 - [TEST_STEP][PASSED] - callTestCase(findTestCase("Student Login"), [:], STOP_ON_FAILURE): Call Test Case 'Test Cases/Student Login' successfully

2022-01-17 20:59:58 - [TEST_CASE][PASSED] - Test Cases/Student Login: Test Cases/Student Login

2022-01-17 20:59:58 - [TEST_STEP][PASSED] - openBrowser(""): Browser is opened with url: ''

2022-01-17 20:59:58 - [MESSAGE][WARNING] - A browser is already opened. Closing browser and opening a new one

2022-01-17 20:59:59 - [MESSAGE][INFO] - Starting 'Chrome' driver

2022-01-17 20:59:59 - [MESSAGE][INFO] - Action delay is set to 0 milliseconds

2022-01-17 21:00:00 - [MESSAGE][PASSED] - Browser is opened with url: ''

2022-01-17 21:00:00 - [TEST_STEP][PASSED] - navigateToUrl("http://localhost/moodle/login/index.php"): Navigate to 'http://localhost/moodle/login/index.php' successfully

2022-01-17 21:00:02 - [MESSAGE][PASSED] - Navigate to 'http://localhost/moodle/login/index.php' successfully

2022-01-17 21:00:02 - [TEST_STEP][PASSED] - setText(findTestObject("Object Repository/Page_Moodle Log in to the site/input_Username_username (21)"), "minhduc"): Text 'minhduc' is set on object 'Object Repository/Page_Moodle Log in to the site/input_Username_username (21)'

2022-01-17 21:00:03 - [MESSAGE][PASSED] - Text 'minhduc' is set on object 'Object Repository/Page_Moodle Log in to the site/input_Username_username (21)'

2022-01-17 21:00:03 - [TEST_STEP][PASSED] - click(findTestObject("Object Repository/Page_Moodle Log in to the site/form_document.getElementById(anchor).value _70e5d4")): Object: 'Object Repository/Page_Moodle Log in to the site/form_document.getElementById(anchor).value _70e5d4' is clicked on

2022-01-17 21:00:04 - [MESSAGE][PASSED] - Object: 'Object Repository/Page_Moodle Log in to the site/form_document.getElementById(anchor).value _70e5d4' is clicked on

2022-01-17 21:00:04 - [TEST_STEP][PASSED] - setEncryptedText(findTestObject("Object Repository/Page_Moodle Log in to the site/input_Password_password (21)"), "8JanWqnBZBo6yBKKrpSnpw=="): Text ****** has been set on object 'Object Repository/Page_Moodle Log in to the site/input_Password_password (21)'

2022-01-17 21:00:05 - [MESSAGE][PASSED] - Text ****** has been set on object 'Object Repository/Page_Moodle Log in to the site/input_Password_password (21)'

2022-01-17 21:00:05 - [TEST_STEP][PASSED] - click(findTestObject("Object Repository/Page_Moodle Log in to the site/button_Log in (14)")): Object: 'Object Repository/Page_Moodle Log in to the site/button_Log in (14)' is clicked on

2022-01-17 21:00:08 - [MESSAGE][PASSED] - Object: 'Object Repository/Page_Moodle Log in to the site/button_Log in (14)' is clicked on

2022-01-17 21:00:08 - [MESSAGE][PASSED] - Call Test Case 'Test Cases/Student Login' successfully

2022-01-17 21:00:08 - [TEST_STEP][PASSED] - click(findTestObject("Object Repository/Page_Dashboard/span_Site home (13)")): Object: 'Object Repository/Page_Dashboard/span_Site home (13)' is clicked on

2022-01-17 21:00:13 - [MESSAGE][PASSED] - Object: 'Object Repository/Page_Dashboard/span_Site home (13)' is clicked on

2022-01-17 21:00:13 - [TEST_STEP][PASSED] - click(findTestObject("Object Repository/Page_Moodle/a_New Course Edited (12)")): Object: 'Object Repository/Page_Moodle/a_New Course Edited (12)' is clicked on

2022-01-17 21:00:15 - [MESSAGE][PASSED] - Object: 'Object Repository/Page_Moodle/a_New Course Edited (12)' is clicked on

2022-01-17 21:00:15 - [TEST_STEP][PASSED] - click(findTestObject("Object Repository/Page_Course New Course Edited/span_New Assignment")): Object: 'Object Repository/Page_Course New Course Edited/span_New Assignment' is clicked on

2022-01-17 21:00:17 - [MESSAGE][PASSED] - Object: 'Object Repository/Page_Course New Course Edited/span_New Assignment' is clicked on

2022-01-17 21:00:17 - [TEST_STEP][PASSED] - click(findTestObject("Object Repository/Page_New Course New Assignment/button_Add submission")): Object: 'Object Repository/Page_New Course New Assignment/button_Add submission' is clicked on

2022-01-17 21:00:19 - [MESSAGE][PASSED] - Object: 'Object Repository/Page_New Course New Assignment/button_Add submission' is clicked on

2022-01-17 21:00:19 - [TEST_STEP][PASSED] - delay(5): Delayed 5 second(s)

2022-01-17 21:00:24 - [MESSAGE][PASSED] - Delayed 5 second(s)

2022-01-17 21:00:24 - [TEST_STEP][PASSED] - click(findTestObject("Object Repository/Page_New Course New Assignment - Edit submission/input_Loading_submitbutton")): Object: 'Object Repository/Page_New Course New Assignment - Edit submission/input_Loading_submitbutton' is clicked on

2022-01-17 21:00:32 - [MESSAGE][PASSED] - Object: 'Object Repository/Page_New Course New Assignment - Edit submission/input_Loading_submitbutton' is clicked on]]></system-out>
         <system-err><![CDATA[]]></system-err>
      </testcase>
      <testcase name="Test Cases/Student Submit Late" time="18.239" classname="Test Cases/Student Submit Late" status="PASSED">
         <system-out><![CDATA[2022-01-17 21:00:32 - [TEST_CASE][PASSED] - Test Cases/Student Submit Late: Test Cases/Student Submit Late

2022-01-17 21:00:33 - [TEST_STEP][PASSED] - callTestCase(findTestCase("Student Login"), [:], STOP_ON_FAILURE): Call Test Case 'Test Cases/Student Login' successfully

2022-01-17 21:00:33 - [TEST_CASE][PASSED] - Test Cases/Student Login: Test Cases/Student Login

2022-01-17 21:00:33 - [TEST_STEP][PASSED] - openBrowser(""): Browser is opened with url: ''

2022-01-17 21:00:33 - [MESSAGE][WARNING] - A browser is already opened. Closing browser and opening a new one

2022-01-17 21:00:34 - [MESSAGE][INFO] - Starting 'Chrome' driver

2022-01-17 21:00:34 - [MESSAGE][INFO] - Action delay is set to 0 milliseconds

2022-01-17 21:00:35 - [MESSAGE][PASSED] - Browser is opened with url: ''

2022-01-17 21:00:35 - [TEST_STEP][PASSED] - navigateToUrl("http://localhost/moodle/login/index.php"): Navigate to 'http://localhost/moodle/login/index.php' successfully

2022-01-17 21:00:36 - [MESSAGE][PASSED] - Navigate to 'http://localhost/moodle/login/index.php' successfully

2022-01-17 21:00:36 - [TEST_STEP][PASSED] - setText(findTestObject("Object Repository/Page_Moodle Log in to the site/input_Username_username (21)"), "minhduc"): Text 'minhduc' is set on object 'Object Repository/Page_Moodle Log in to the site/input_Username_username (21)'

2022-01-17 21:00:37 - [MESSAGE][PASSED] - Text 'minhduc' is set on object 'Object Repository/Page_Moodle Log in to the site/input_Username_username (21)'

2022-01-17 21:00:37 - [TEST_STEP][PASSED] - click(findTestObject("Object Repository/Page_Moodle Log in to the site/form_document.getElementById(anchor).value _70e5d4")): Object: 'Object Repository/Page_Moodle Log in to the site/form_document.getElementById(anchor).value _70e5d4' is clicked on

2022-01-17 21:00:38 - [MESSAGE][PASSED] - Object: 'Object Repository/Page_Moodle Log in to the site/form_document.getElementById(anchor).value _70e5d4' is clicked on

2022-01-17 21:00:38 - [TEST_STEP][PASSED] - setEncryptedText(findTestObject("Object Repository/Page_Moodle Log in to the site/input_Password_password (21)"), "8JanWqnBZBo6yBKKrpSnpw=="): Text ****** has been set on object 'Object Repository/Page_Moodle Log in to the site/input_Password_password (21)'

2022-01-17 21:00:38 - [MESSAGE][PASSED] - Text ****** has been set on object 'Object Repository/Page_Moodle Log in to the site/input_Password_password (21)'

2022-01-17 21:00:38 - [TEST_STEP][PASSED] - click(findTestObject("Object Repository/Page_Moodle Log in to the site/button_Log in (14)")): Object: 'Object Repository/Page_Moodle Log in to the site/button_Log in (14)' is clicked on

2022-01-17 21:00:42 - [MESSAGE][PASSED] - Object: 'Object Repository/Page_Moodle Log in to the site/button_Log in (14)' is clicked on

2022-01-17 21:00:42 - [MESSAGE][PASSED] - Call Test Case 'Test Cases/Student Login' successfully

2022-01-17 21:00:42 - [TEST_STEP][PASSED] - click(findTestObject("Object Repository/Page_Dashboard/span_Site home (15)")): Object: 'Object Repository/Page_Dashboard/span_Site home (15)' is clicked on

2022-01-17 21:00:46 - [MESSAGE][PASSED] - Object: 'Object Repository/Page_Dashboard/span_Site home (15)' is clicked on

2022-01-17 21:00:46 - [TEST_STEP][PASSED] - click(findTestObject("Object Repository/Page_Moodle/a_New Course Edited (14)")): Object: 'Object Repository/Page_Moodle/a_New Course Edited (14)' is clicked on

2022-01-17 21:00:48 - [MESSAGE][PASSED] - Object: 'Object Repository/Page_Moodle/a_New Course Edited (14)' is clicked on

2022-01-17 21:00:48 - [TEST_STEP][PASSED] - click(findTestObject("Object Repository/Page_Course New Course Edited/span_Late Assignment")): Object: 'Object Repository/Page_Course New Course Edited/span_Late Assignment' is clicked on

2022-01-17 21:00:50 - [MESSAGE][PASSED] - Object: 'Object Repository/Page_Course New Course Edited/span_Late Assignment' is clicked on

2022-01-17 21:00:50 - [TEST_STEP][PASSED] - click(findTestObject("Object Repository/Page_New Course Late Assignment/div_Submission statusNo attemptGrading stat_59d06a")): Object: 'Object Repository/Page_New Course Late Assignment/div_Submission statusNo attemptGrading stat_59d06a' is clicked on

2022-01-17 21:00:50 - [MESSAGE][PASSED] - Object: 'Object Repository/Page_New Course Late Assignment/div_Submission statusNo attemptGrading stat_59d06a' is clicked on]]></system-out>
         <system-err><![CDATA[]]></system-err>
      </testcase>
      <testcase name="Test Cases/Student View Calendar" time="18.853" classname="Test Cases/Student View Calendar" status="PASSED">
         <system-out><![CDATA[2022-01-17 21:00:50 - [TEST_CASE][PASSED] - Test Cases/Student View Calendar: Test Cases/Student View Calendar

2022-01-17 21:00:51 - [TEST_STEP][PASSED] - callTestCase(findTestCase("Student Login"), [:], STOP_ON_FAILURE): Call Test Case 'Test Cases/Student Login' successfully

2022-01-17 21:00:51 - [TEST_CASE][PASSED] - Test Cases/Student Login: Test Cases/Student Login

2022-01-17 21:00:51 - [TEST_STEP][PASSED] - openBrowser(""): Browser is opened with url: ''

2022-01-17 21:00:51 - [MESSAGE][WARNING] - A browser is already opened. Closing browser and opening a new one

2022-01-17 21:00:52 - [MESSAGE][INFO] - Starting 'Chrome' driver

2022-01-17 21:00:52 - [MESSAGE][INFO] - Action delay is set to 0 milliseconds

2022-01-17 21:00:53 - [MESSAGE][PASSED] - Browser is opened with url: ''

2022-01-17 21:00:53 - [TEST_STEP][PASSED] - navigateToUrl("http://localhost/moodle/login/index.php"): Navigate to 'http://localhost/moodle/login/index.php' successfully

2022-01-17 21:00:54 - [MESSAGE][PASSED] - Navigate to 'http://localhost/moodle/login/index.php' successfully

2022-01-17 21:00:54 - [TEST_STEP][PASSED] - setText(findTestObject("Object Repository/Page_Moodle Log in to the site/input_Username_username (21)"), "minhduc"): Text 'minhduc' is set on object 'Object Repository/Page_Moodle Log in to the site/input_Username_username (21)'

2022-01-17 21:00:55 - [MESSAGE][PASSED] - Text 'minhduc' is set on object 'Object Repository/Page_Moodle Log in to the site/input_Username_username (21)'

2022-01-17 21:00:55 - [TEST_STEP][PASSED] - click(findTestObject("Object Repository/Page_Moodle Log in to the site/form_document.getElementById(anchor).value _70e5d4")): Object: 'Object Repository/Page_Moodle Log in to the site/form_document.getElementById(anchor).value _70e5d4' is clicked on

2022-01-17 21:00:56 - [MESSAGE][PASSED] - Object: 'Object Repository/Page_Moodle Log in to the site/form_document.getElementById(anchor).value _70e5d4' is clicked on

2022-01-17 21:00:56 - [TEST_STEP][PASSED] - setEncryptedText(findTestObject("Object Repository/Page_Moodle Log in to the site/input_Password_password (21)"), "8JanWqnBZBo6yBKKrpSnpw=="): Text ****** has been set on object 'Object Repository/Page_Moodle Log in to the site/input_Password_password (21)'

2022-01-17 21:00:57 - [MESSAGE][PASSED] - Text ****** has been set on object 'Object Repository/Page_Moodle Log in to the site/input_Password_password (21)'

2022-01-17 21:00:57 - [TEST_STEP][PASSED] - click(findTestObject("Object Repository/Page_Moodle Log in to the site/button_Log in (14)")): Object: 'Object Repository/Page_Moodle Log in to the site/button_Log in (14)' is clicked on

2022-01-17 21:01:00 - [MESSAGE][PASSED] - Object: 'Object Repository/Page_Moodle Log in to the site/button_Log in (14)' is clicked on

2022-01-17 21:01:00 - [MESSAGE][PASSED] - Call Test Case 'Test Cases/Student Login' successfully

2022-01-17 21:01:00 - [TEST_STEP][PASSED] - click(findTestObject("Object Repository/Page_Dashboard/span_Site home (16)")): Object: 'Object Repository/Page_Dashboard/span_Site home (16)' is clicked on

2022-01-17 21:01:05 - [MESSAGE][PASSED] - Object: 'Object Repository/Page_Dashboard/span_Site home (16)' is clicked on

2022-01-17 21:01:05 - [TEST_STEP][PASSED] - click(findTestObject("Object Repository/Page_Moodle/a_New Course Edited (15)")): Object: 'Object Repository/Page_Moodle/a_New Course Edited (15)' is clicked on

2022-01-17 21:01:06 - [MESSAGE][PASSED] - Object: 'Object Repository/Page_Moodle/a_New Course Edited (15)' is clicked on

2022-01-17 21:01:06 - [TEST_STEP][PASSED] - click(findTestObject("Object Repository/Page_Course New Course Edited/span_Calendar")): Object: 'Object Repository/Page_Course New Course Edited/span_Calendar' is clicked on

2022-01-17 21:01:09 - [MESSAGE][PASSED] - Object: 'Object Repository/Page_Course New Course Edited/span_Calendar' is clicked on]]></system-out>
         <system-err><![CDATA[]]></system-err>
      </testcase>
      <testcase name="Test Cases/Teacher Login" time="7.489" classname="Test Cases/Teacher Login" status="PASSED">
         <system-out><![CDATA[2022-01-17 21:01:09 - [TEST_CASE][PASSED] - Test Cases/Teacher Login: Test Cases/Teacher Login

2022-01-17 21:01:09 - [TEST_STEP][PASSED] - openBrowser(""): Browser is opened with url: ''

2022-01-17 21:01:09 - [MESSAGE][WARNING] - A browser is already opened. Closing browser and opening a new one

2022-01-17 21:01:10 - [MESSAGE][INFO] - Starting 'Chrome' driver

2022-01-17 21:01:10 - [MESSAGE][INFO] - Action delay is set to 0 milliseconds

2022-01-17 21:01:11 - [MESSAGE][PASSED] - Browser is opened with url: ''

2022-01-17 21:01:11 - [TEST_STEP][PASSED] - navigateToUrl("http://localhost/moodle/login/index.php"): Navigate to 'http://localhost/moodle/login/index.php' successfully

2022-01-17 21:01:12 - [MESSAGE][PASSED] - Navigate to 'http://localhost/moodle/login/index.php' successfully

2022-01-17 21:01:12 - [TEST_STEP][PASSED] - setText(findTestObject("Object Repository/Page_Moodle Log in to the site/input_Username_username"), "admin"): Text 'admin' is set on object 'Object Repository/Page_Moodle Log in to the site/input_Username_username'

2022-01-17 21:01:13 - [MESSAGE][PASSED] - Text 'admin' is set on object 'Object Repository/Page_Moodle Log in to the site/input_Username_username'

2022-01-17 21:01:13 - [TEST_STEP][PASSED] - setEncryptedText(findTestObject("Object Repository/Page_Moodle Log in to the site/input_Password_password"), "8JanWqnBZBo6yBKKrpSnpw=="): Text ****** has been set on object 'Object Repository/Page_Moodle Log in to the site/input_Password_password'

2022-01-17 21:01:14 - [MESSAGE][PASSED] - Text ****** has been set on object 'Object Repository/Page_Moodle Log in to the site/input_Password_password'

2022-01-17 21:01:14 - [TEST_STEP][PASSED] - click(findTestObject("Object Repository/Page_Moodle Log in to the site/button_Log in")): Object: 'Object Repository/Page_Moodle Log in to the site/button_Log in' is clicked on

2022-01-17 21:01:17 - [MESSAGE][PASSED] - Object: 'Object Repository/Page_Moodle Log in to the site/button_Log in' is clicked on]]></system-out>
         <system-err><![CDATA[]]></system-err>
      </testcase>
      <testcase name="Test Cases/Teacher Add New Forum" time="28.12" classname="Test Cases/Teacher Add New Forum" status="PASSED">
         <system-out><![CDATA[2022-01-17 21:01:17 - [TEST_CASE][PASSED] - Test Cases/Teacher Add New Forum: Test Cases/Teacher Add New Forum

2022-01-17 21:01:18 - [TEST_STEP][PASSED] - callTestCase(findTestCase("Teacher Login"), [:], STOP_ON_FAILURE): Call Test Case 'Test Cases/Teacher Login' successfully

2022-01-17 21:01:18 - [TEST_CASE][PASSED] - Test Cases/Teacher Login: Test Cases/Teacher Login

2022-01-17 21:01:18 - [TEST_STEP][PASSED] - openBrowser(""): Browser is opened with url: ''

2022-01-17 21:01:18 - [MESSAGE][WARNING] - A browser is already opened. Closing browser and opening a new one

2022-01-17 21:01:19 - [MESSAGE][INFO] - Starting 'Chrome' driver

2022-01-17 21:01:19 - [MESSAGE][INFO] - Action delay is set to 0 milliseconds

2022-01-17 21:01:20 - [MESSAGE][PASSED] - Browser is opened with url: ''

2022-01-17 21:01:20 - [TEST_STEP][PASSED] - navigateToUrl("http://localhost/moodle/login/index.php"): Navigate to 'http://localhost/moodle/login/index.php' successfully

2022-01-17 21:01:21 - [MESSAGE][PASSED] - Navigate to 'http://localhost/moodle/login/index.php' successfully

2022-01-17 21:01:21 - [TEST_STEP][PASSED] - setText(findTestObject("Object Repository/Page_Moodle Log in to the site/input_Username_username"), "admin"): Text 'admin' is set on object 'Object Repository/Page_Moodle Log in to the site/input_Username_username'

2022-01-17 21:01:22 - [MESSAGE][PASSED] - Text 'admin' is set on object 'Object Repository/Page_Moodle Log in to the site/input_Username_username'

2022-01-17 21:01:22 - [TEST_STEP][PASSED] - setEncryptedText(findTestObject("Object Repository/Page_Moodle Log in to the site/input_Password_password"), "8JanWqnBZBo6yBKKrpSnpw=="): Text ****** has been set on object 'Object Repository/Page_Moodle Log in to the site/input_Password_password'

2022-01-17 21:01:23 - [MESSAGE][PASSED] - Text ****** has been set on object 'Object Repository/Page_Moodle Log in to the site/input_Password_password'

2022-01-17 21:01:23 - [TEST_STEP][PASSED] - click(findTestObject("Object Repository/Page_Moodle Log in to the site/button_Log in")): Object: 'Object Repository/Page_Moodle Log in to the site/button_Log in' is clicked on

2022-01-17 21:01:26 - [MESSAGE][PASSED] - Object: 'Object Repository/Page_Moodle Log in to the site/button_Log in' is clicked on

2022-01-17 21:01:26 - [MESSAGE][PASSED] - Call Test Case 'Test Cases/Teacher Login' successfully

2022-01-17 21:01:26 - [TEST_STEP][PASSED] - click(findTestObject("Object Repository/Page_Dashboard/span_Site home")): Object: 'Object Repository/Page_Dashboard/span_Site home' is clicked on

2022-01-17 21:01:29 - [MESSAGE][PASSED] - Object: 'Object Repository/Page_Dashboard/span_Site home' is clicked on

2022-01-17 21:01:30 - [TEST_STEP][PASSED] - click(findTestObject("Object Repository/Page_Moodle/a_New Course Edited")): Object: 'Object Repository/Page_Moodle/a_New Course Edited' is clicked on

2022-01-17 21:01:32 - [MESSAGE][PASSED] - Object: 'Object Repository/Page_Moodle/a_New Course Edited' is clicked on

2022-01-17 21:01:32 - [TEST_STEP][PASSED] - click(findTestObject("Object Repository/Page_Course New Course Edited/button_Turn editing on")): Object: 'Object Repository/Page_Course New Course Edited/button_Turn editing on' is clicked on

2022-01-17 21:01:34 - [MESSAGE][PASSED] - Object: 'Object Repository/Page_Course New Course Edited/button_Turn editing on' is clicked on

2022-01-17 21:01:34 - [TEST_STEP][PASSED] - click(findTestObject("Object Repository/Page_Course New Course Edited/span_Add an activity or resource")): Object: 'Object Repository/Page_Course New Course Edited/span_Add an activity or resource' is clicked on

2022-01-17 21:01:35 - [MESSAGE][PASSED] - Object: 'Object Repository/Page_Course New Course Edited/span_Add an activity or resource' is clicked on

2022-01-17 21:01:35 - [TEST_STEP][PASSED] - click(findTestObject("Object Repository/Page_Course New Course Edited/img_Information about the Folder activity_i_e12f9c")): Object: 'Object Repository/Page_Course New Course Edited/img_Information about the Folder activity_i_e12f9c' is clicked on

2022-01-17 21:01:40 - [MESSAGE][PASSED] - Object: 'Object Repository/Page_Course New Course Edited/img_Information about the Folder activity_i_e12f9c' is clicked on

2022-01-17 21:01:40 - [TEST_STEP][PASSED] - setText(findTestObject("Object Repository/Page_Editing Forum/input_Forum name_name"), "New Forum"): Text 'New Forum' is set on object 'Object Repository/Page_Editing Forum/input_Forum name_name'

2022-01-17 21:01:41 - [MESSAGE][PASSED] - Text 'New Forum' is set on object 'Object Repository/Page_Editing Forum/input_Forum name_name'

2022-01-17 21:01:41 - [TEST_STEP][PASSED] - click(findTestObject("Object Repository/Page_Editing Forum/input_Upon activity completion_submitbutton2")): Object: 'Object Repository/Page_Editing Forum/input_Upon activity completion_submitbutton2' is clicked on

2022-01-17 21:01:45 - [MESSAGE][PASSED] - Object: 'Object Repository/Page_Editing Forum/input_Upon activity completion_submitbutton2' is clicked on]]></system-out>
         <system-err><![CDATA[]]></system-err>
      </testcase>
      <testcase name="Test Cases/Teacher Add New Chat Room" time="30.553" classname="Test Cases/Teacher Add New Chat Room" status="PASSED">
         <system-out><![CDATA[2022-01-17 21:01:45 - [TEST_CASE][PASSED] - Test Cases/Teacher Add New Chat Room: Test Cases/Teacher Add New Chat Room

2022-01-17 21:01:46 - [TEST_STEP][PASSED] - callTestCase(findTestCase("Teacher Login"), [:], STOP_ON_FAILURE): Call Test Case 'Test Cases/Teacher Login' successfully

2022-01-17 21:01:46 - [TEST_CASE][PASSED] - Test Cases/Teacher Login: Test Cases/Teacher Login

2022-01-17 21:01:46 - [TEST_STEP][PASSED] - openBrowser(""): Browser is opened with url: ''

2022-01-17 21:01:46 - [MESSAGE][WARNING] - A browser is already opened. Closing browser and opening a new one

2022-01-17 21:01:46 - [MESSAGE][INFO] - Starting 'Chrome' driver

2022-01-17 21:01:46 - [MESSAGE][INFO] - Action delay is set to 0 milliseconds

2022-01-17 21:01:48 - [MESSAGE][PASSED] - Browser is opened with url: ''

2022-01-17 21:01:48 - [TEST_STEP][PASSED] - navigateToUrl("http://localhost/moodle/login/index.php"): Navigate to 'http://localhost/moodle/login/index.php' successfully

2022-01-17 21:01:49 - [MESSAGE][PASSED] - Navigate to 'http://localhost/moodle/login/index.php' successfully

2022-01-17 21:01:49 - [TEST_STEP][PASSED] - setText(findTestObject("Object Repository/Page_Moodle Log in to the site/input_Username_username"), "admin"): Text 'admin' is set on object 'Object Repository/Page_Moodle Log in to the site/input_Username_username'

2022-01-17 21:01:50 - [MESSAGE][PASSED] - Text 'admin' is set on object 'Object Repository/Page_Moodle Log in to the site/input_Username_username'

2022-01-17 21:01:50 - [TEST_STEP][PASSED] - setEncryptedText(findTestObject("Object Repository/Page_Moodle Log in to the site/input_Password_password"), "8JanWqnBZBo6yBKKrpSnpw=="): Text ****** has been set on object 'Object Repository/Page_Moodle Log in to the site/input_Password_password'

2022-01-17 21:01:51 - [MESSAGE][PASSED] - Text ****** has been set on object 'Object Repository/Page_Moodle Log in to the site/input_Password_password'

2022-01-17 21:01:51 - [TEST_STEP][PASSED] - click(findTestObject("Object Repository/Page_Moodle Log in to the site/button_Log in")): Object: 'Object Repository/Page_Moodle Log in to the site/button_Log in' is clicked on

2022-01-17 21:01:53 - [MESSAGE][PASSED] - Object: 'Object Repository/Page_Moodle Log in to the site/button_Log in' is clicked on

2022-01-17 21:01:53 - [MESSAGE][PASSED] - Call Test Case 'Test Cases/Teacher Login' successfully

2022-01-17 21:01:53 - [TEST_STEP][PASSED] - click(findTestObject("Object Repository/Page_Dashboard/span_Site home")): Object: 'Object Repository/Page_Dashboard/span_Site home' is clicked on

2022-01-17 21:01:57 - [MESSAGE][PASSED] - Object: 'Object Repository/Page_Dashboard/span_Site home' is clicked on

2022-01-17 21:01:57 - [TEST_STEP][PASSED] - click(findTestObject("Object Repository/Page_Moodle/a_New Course Edited")): Object: 'Object Repository/Page_Moodle/a_New Course Edited' is clicked on

2022-01-17 21:01:58 - [MESSAGE][PASSED] - Object: 'Object Repository/Page_Moodle/a_New Course Edited' is clicked on

2022-01-17 21:01:58 - [TEST_STEP][PASSED] - click(findTestObject("Object Repository/Page_Course New Course Edited/button_Turn editing on")): Object: 'Object Repository/Page_Course New Course Edited/button_Turn editing on' is clicked on

2022-01-17 21:02:01 - [MESSAGE][PASSED] - Object: 'Object Repository/Page_Course New Course Edited/button_Turn editing on' is clicked on

2022-01-17 21:02:01 - [TEST_STEP][PASSED] - click(findTestObject("Object Repository/Page_Course New Course Edited/span_Add an activity or resource")): Object: 'Object Repository/Page_Course New Course Edited/span_Add an activity or resource' is clicked on

2022-01-17 21:02:02 - [MESSAGE][PASSED] - Object: 'Object Repository/Page_Course New Course Edited/span_Add an activity or resource' is clicked on

2022-01-17 21:02:02 - [TEST_STEP][PASSED] - click(findTestObject("Object Repository/Page_Course New Course Edited/img_Information about the Book activity_icon icon")): Object: 'Object Repository/Page_Course New Course Edited/img_Information about the Book activity_icon icon' is clicked on

2022-01-17 21:02:10 - [MESSAGE][PASSED] - Object: 'Object Repository/Page_Course New Course Edited/img_Information about the Book activity_icon icon' is clicked on

2022-01-17 21:02:10 - [TEST_STEP][PASSED] - setText(findTestObject("Object Repository/Page_Editing Chat/input_Name of this chat room_name"), "New Chat"): Text 'New Chat' is set on object 'Object Repository/Page_Editing Chat/input_Name of this chat room_name'

2022-01-17 21:02:12 - [MESSAGE][PASSED] - Text 'New Chat' is set on object 'Object Repository/Page_Editing Chat/input_Name of this chat room_name'

2022-01-17 21:02:12 - [TEST_STEP][PASSED] - click(findTestObject("Object Repository/Page_Editing Chat/input_Upon activity completion_submitbutton2")): Object: 'Object Repository/Page_Editing Chat/input_Upon activity completion_submitbutton2' is clicked on

2022-01-17 21:02:15 - [MESSAGE][PASSED] - Object: 'Object Repository/Page_Editing Chat/input_Upon activity completion_submitbutton2' is clicked on]]></system-out>
         <system-err><![CDATA[]]></system-err>
      </testcase>
      <testcase name="Test Cases/Teacher Create Assignment" time="29.669" classname="Test Cases/Teacher Create Assignment" status="PASSED">
         <system-out><![CDATA[2022-01-17 21:02:15 - [TEST_CASE][PASSED] - Test Cases/Teacher Create Assignment: Test Cases/Teacher Create Assignment

2022-01-17 21:02:16 - [TEST_STEP][PASSED] - callTestCase(findTestCase("Teacher Login"), [:], STOP_ON_FAILURE): Call Test Case 'Test Cases/Teacher Login' successfully

2022-01-17 21:02:16 - [TEST_CASE][PASSED] - Test Cases/Teacher Login: Test Cases/Teacher Login

2022-01-17 21:02:16 - [TEST_STEP][PASSED] - openBrowser(""): Browser is opened with url: ''

2022-01-17 21:02:16 - [MESSAGE][WARNING] - A browser is already opened. Closing browser and opening a new one

2022-01-17 21:02:17 - [MESSAGE][INFO] - Starting 'Chrome' driver

2022-01-17 21:02:17 - [MESSAGE][INFO] - Action delay is set to 0 milliseconds

2022-01-17 21:02:19 - [MESSAGE][PASSED] - Browser is opened with url: ''

2022-01-17 21:02:19 - [TEST_STEP][PASSED] - navigateToUrl("http://localhost/moodle/login/index.php"): Navigate to 'http://localhost/moodle/login/index.php' successfully

2022-01-17 21:02:20 - [MESSAGE][PASSED] - Navigate to 'http://localhost/moodle/login/index.php' successfully

2022-01-17 21:02:20 - [TEST_STEP][PASSED] - setText(findTestObject("Object Repository/Page_Moodle Log in to the site/input_Username_username"), "admin"): Text 'admin' is set on object 'Object Repository/Page_Moodle Log in to the site/input_Username_username'

2022-01-17 21:02:21 - [MESSAGE][PASSED] - Text 'admin' is set on object 'Object Repository/Page_Moodle Log in to the site/input_Username_username'

2022-01-17 21:02:21 - [TEST_STEP][PASSED] - setEncryptedText(findTestObject("Object Repository/Page_Moodle Log in to the site/input_Password_password"), "8JanWqnBZBo6yBKKrpSnpw=="): Text ****** has been set on object 'Object Repository/Page_Moodle Log in to the site/input_Password_password'

2022-01-17 21:02:21 - [MESSAGE][PASSED] - Text ****** has been set on object 'Object Repository/Page_Moodle Log in to the site/input_Password_password'

2022-01-17 21:02:21 - [TEST_STEP][PASSED] - click(findTestObject("Object Repository/Page_Moodle Log in to the site/button_Log in")): Object: 'Object Repository/Page_Moodle Log in to the site/button_Log in' is clicked on

2022-01-17 21:02:24 - [MESSAGE][PASSED] - Object: 'Object Repository/Page_Moodle Log in to the site/button_Log in' is clicked on

2022-01-17 21:02:24 - [MESSAGE][PASSED] - Call Test Case 'Test Cases/Teacher Login' successfully

2022-01-17 21:02:24 - [TEST_STEP][PASSED] - click(findTestObject("Object Repository/Page_Dashboard/span_Site home (17)")): Object: 'Object Repository/Page_Dashboard/span_Site home (17)' is clicked on

2022-01-17 21:02:27 - [MESSAGE][PASSED] - Object: 'Object Repository/Page_Dashboard/span_Site home (17)' is clicked on

2022-01-17 21:02:27 - [TEST_STEP][PASSED] - click(findTestObject("Object Repository/Page_Moodle/a_New Course Edited (16)")): Object: 'Object Repository/Page_Moodle/a_New Course Edited (16)' is clicked on

2022-01-17 21:02:29 - [MESSAGE][PASSED] - Object: 'Object Repository/Page_Moodle/a_New Course Edited (16)' is clicked on

2022-01-17 21:02:29 - [TEST_STEP][PASSED] - click(findTestObject("Object Repository/Page_Course New Course Edited/button_Turn editing on (1)")): Object: 'Object Repository/Page_Course New Course Edited/button_Turn editing on (1)' is clicked on

2022-01-17 21:02:32 - [MESSAGE][PASSED] - Object: 'Object Repository/Page_Course New Course Edited/button_Turn editing on (1)' is clicked on

2022-01-17 21:02:32 - [TEST_STEP][PASSED] - click(findTestObject("Object Repository/Page_Course New Course Edited/span_Add an activity or resource (1)")): Object: 'Object Repository/Page_Course New Course Edited/span_Add an activity or resource (1)' is clicked on

2022-01-17 21:02:33 - [MESSAGE][PASSED] - Object: 'Object Repository/Page_Course New Course Edited/span_Add an activity or resource (1)' is clicked on

2022-01-17 21:02:33 - [TEST_STEP][PASSED] - click(findTestObject("Object Repository/Page_Course New Course Edited/img_Recommended_icon icon")): Object: 'Object Repository/Page_Course New Course Edited/img_Recommended_icon icon' is clicked on

2022-01-17 21:02:40 - [MESSAGE][PASSED] - Object: 'Object Repository/Page_Course New Course Edited/img_Recommended_icon icon' is clicked on

2022-01-17 21:02:40 - [TEST_STEP][PASSED] - setText(findTestObject("Object Repository/Page_Editing Assignment/input_Assignment name_name"), "New Assignment"): Text 'New Assignment' is set on object 'Object Repository/Page_Editing Assignment/input_Assignment name_name'

2022-01-17 21:02:41 - [MESSAGE][PASSED] - Text 'New Assignment' is set on object 'Object Repository/Page_Editing Assignment/input_Assignment name_name'

2022-01-17 21:02:41 - [TEST_STEP][PASSED] - click(findTestObject("Object Repository/Page_Editing Assignment/input_Upon activity completion_submitbutton2")): Object: 'Object Repository/Page_Editing Assignment/input_Upon activity completion_submitbutton2' is clicked on

2022-01-17 21:02:45 - [MESSAGE][PASSED] - Object: 'Object Repository/Page_Editing Assignment/input_Upon activity completion_submitbutton2' is clicked on]]></system-out>
         <system-err><![CDATA[]]></system-err>
      </testcase>
      <testcase name="Test Cases/Teacher Create Feedback" time="25.898" classname="Test Cases/Teacher Create Feedback" status="PASSED">
         <system-out><![CDATA[2022-01-17 21:02:45 - [TEST_CASE][PASSED] - Test Cases/Teacher Create Feedback: Test Cases/Teacher Create Feedback

2022-01-17 21:02:46 - [TEST_STEP][PASSED] - callTestCase(findTestCase("Teacher Login"), [:], STOP_ON_FAILURE): Call Test Case 'Test Cases/Teacher Login' successfully

2022-01-17 21:02:46 - [TEST_CASE][PASSED] - Test Cases/Teacher Login: Test Cases/Teacher Login

2022-01-17 21:02:46 - [TEST_STEP][PASSED] - openBrowser(""): Browser is opened with url: ''

2022-01-17 21:02:46 - [MESSAGE][WARNING] - A browser is already opened. Closing browser and opening a new one

2022-01-17 21:02:47 - [MESSAGE][INFO] - Starting 'Chrome' driver

2022-01-17 21:02:47 - [MESSAGE][INFO] - Action delay is set to 0 milliseconds

2022-01-17 21:02:48 - [MESSAGE][PASSED] - Browser is opened with url: ''

2022-01-17 21:02:48 - [TEST_STEP][PASSED] - navigateToUrl("http://localhost/moodle/login/index.php"): Navigate to 'http://localhost/moodle/login/index.php' successfully

2022-01-17 21:02:49 - [MESSAGE][PASSED] - Navigate to 'http://localhost/moodle/login/index.php' successfully

2022-01-17 21:02:49 - [TEST_STEP][PASSED] - setText(findTestObject("Object Repository/Page_Moodle Log in to the site/input_Username_username"), "admin"): Text 'admin' is set on object 'Object Repository/Page_Moodle Log in to the site/input_Username_username'

2022-01-17 21:02:50 - [MESSAGE][PASSED] - Text 'admin' is set on object 'Object Repository/Page_Moodle Log in to the site/input_Username_username'

2022-01-17 21:02:50 - [TEST_STEP][PASSED] - setEncryptedText(findTestObject("Object Repository/Page_Moodle Log in to the site/input_Password_password"), "8JanWqnBZBo6yBKKrpSnpw=="): Text ****** has been set on object 'Object Repository/Page_Moodle Log in to the site/input_Password_password'

2022-01-17 21:02:51 - [MESSAGE][PASSED] - Text ****** has been set on object 'Object Repository/Page_Moodle Log in to the site/input_Password_password'

2022-01-17 21:02:51 - [TEST_STEP][PASSED] - click(findTestObject("Object Repository/Page_Moodle Log in to the site/button_Log in")): Object: 'Object Repository/Page_Moodle Log in to the site/button_Log in' is clicked on

2022-01-17 21:02:53 - [MESSAGE][PASSED] - Object: 'Object Repository/Page_Moodle Log in to the site/button_Log in' is clicked on

2022-01-17 21:02:53 - [MESSAGE][PASSED] - Call Test Case 'Test Cases/Teacher Login' successfully

2022-01-17 21:02:53 - [TEST_STEP][PASSED] - click(findTestObject("Page_Dashboard/span_Site home")): Object: 'Object Repository/Page_Dashboard/span_Site home' is clicked on

2022-01-17 21:02:57 - [MESSAGE][PASSED] - Object: 'Object Repository/Page_Dashboard/span_Site home' is clicked on

2022-01-17 21:02:57 - [TEST_STEP][PASSED] - click(findTestObject("Page_Moodle/a_New Course Edited")): Object: 'Object Repository/Page_Moodle/a_New Course Edited' is clicked on

2022-01-17 21:02:58 - [MESSAGE][PASSED] - Object: 'Object Repository/Page_Moodle/a_New Course Edited' is clicked on

2022-01-17 21:02:58 - [TEST_STEP][PASSED] - click(findTestObject("Page_Course New Course Edited/button_Turn editing on")): Object: 'Object Repository/Page_Course New Course Edited/button_Turn editing on' is clicked on

2022-01-17 21:03:01 - [MESSAGE][PASSED] - Object: 'Object Repository/Page_Course New Course Edited/button_Turn editing on' is clicked on

2022-01-17 21:03:01 - [TEST_STEP][PASSED] - click(findTestObject("Page_Course New Course Edited/span_Add an activity or resource")): Object: 'Object Repository/Page_Course New Course Edited/span_Add an activity or resource' is clicked on

2022-01-17 21:03:02 - [MESSAGE][PASSED] - Object: 'Object Repository/Page_Course New Course Edited/span_Add an activity or resource' is clicked on

2022-01-17 21:03:02 - [TEST_STEP][PASSED] - click(findTestObject("Object Repository/Page_Course New Course Edited/img_Information about the External tool act_ef68c3")): Object: 'Object Repository/Page_Course New Course Edited/img_Information about the External tool act_ef68c3' is clicked on

2022-01-17 21:03:06 - [MESSAGE][PASSED] - Object: 'Object Repository/Page_Course New Course Edited/img_Information about the External tool act_ef68c3' is clicked on

2022-01-17 21:03:06 - [TEST_STEP][PASSED] - setText(findTestObject("Object Repository/Page_Editing Feedback/input_Name_name"), "New Feedback"): Text 'New Feedback' is set on object 'Object Repository/Page_Editing Feedback/input_Name_name'

2022-01-17 21:03:08 - [MESSAGE][PASSED] - Text 'New Feedback' is set on object 'Object Repository/Page_Editing Feedback/input_Name_name'

2022-01-17 21:03:08 - [TEST_STEP][PASSED] - click(findTestObject("Object Repository/Page_Editing Feedback/input_Upon activity completion_submitbutton2")): Object: 'Object Repository/Page_Editing Feedback/input_Upon activity completion_submitbutton2' is clicked on

2022-01-17 21:03:11 - [MESSAGE][PASSED] - Object: 'Object Repository/Page_Editing Feedback/input_Upon activity completion_submitbutton2' is clicked on]]></system-out>
         <system-err><![CDATA[]]></system-err>
      </testcase>
      <testcase name="Test Cases/Teacher Delete Feedback" time="16.313" classname="Test Cases/Teacher Delete Feedback" status="PASSED">
         <system-out><![CDATA[2022-01-17 21:03:11 - [TEST_CASE][PASSED] - Test Cases/Teacher Delete Feedback: Test Cases/Teacher Delete Feedback

2022-01-17 21:03:12 - [TEST_STEP][PASSED] - callTestCase(findTestCase("Teacher Login"), [:], STOP_ON_FAILURE): Call Test Case 'Test Cases/Teacher Login' successfully

2022-01-17 21:03:12 - [TEST_CASE][PASSED] - Test Cases/Teacher Login: Test Cases/Teacher Login

2022-01-17 21:03:12 - [TEST_STEP][PASSED] - openBrowser(""): Browser is opened with url: ''

2022-01-17 21:03:12 - [MESSAGE][WARNING] - A browser is already opened. Closing browser and opening a new one

2022-01-17 21:03:12 - [MESSAGE][INFO] - Starting 'Chrome' driver

2022-01-17 21:03:12 - [MESSAGE][INFO] - Action delay is set to 0 milliseconds

2022-01-17 21:03:14 - [MESSAGE][PASSED] - Browser is opened with url: ''

2022-01-17 21:03:14 - [TEST_STEP][PASSED] - navigateToUrl("http://localhost/moodle/login/index.php"): Navigate to 'http://localhost/moodle/login/index.php' successfully

2022-01-17 21:03:15 - [MESSAGE][PASSED] - Navigate to 'http://localhost/moodle/login/index.php' successfully

2022-01-17 21:03:15 - [TEST_STEP][PASSED] - setText(findTestObject("Object Repository/Page_Moodle Log in to the site/input_Username_username"), "admin"): Text 'admin' is set on object 'Object Repository/Page_Moodle Log in to the site/input_Username_username'

2022-01-17 21:03:16 - [MESSAGE][PASSED] - Text 'admin' is set on object 'Object Repository/Page_Moodle Log in to the site/input_Username_username'

2022-01-17 21:03:16 - [TEST_STEP][PASSED] - setEncryptedText(findTestObject("Object Repository/Page_Moodle Log in to the site/input_Password_password"), "8JanWqnBZBo6yBKKrpSnpw=="): Text ****** has been set on object 'Object Repository/Page_Moodle Log in to the site/input_Password_password'

2022-01-17 21:03:17 - [MESSAGE][PASSED] - Text ****** has been set on object 'Object Repository/Page_Moodle Log in to the site/input_Password_password'

2022-01-17 21:03:17 - [TEST_STEP][PASSED] - click(findTestObject("Object Repository/Page_Moodle Log in to the site/button_Log in")): Object: 'Object Repository/Page_Moodle Log in to the site/button_Log in' is clicked on

2022-01-17 21:03:19 - [MESSAGE][PASSED] - Object: 'Object Repository/Page_Moodle Log in to the site/button_Log in' is clicked on

2022-01-17 21:03:19 - [MESSAGE][PASSED] - Call Test Case 'Test Cases/Teacher Login' successfully

2022-01-17 21:03:19 - [TEST_STEP][PASSED] - click(findTestObject("Page_Dashboard/span_Site home")): Object: 'Object Repository/Page_Dashboard/span_Site home' is clicked on

2022-01-17 21:03:22 - [MESSAGE][PASSED] - Object: 'Object Repository/Page_Dashboard/span_Site home' is clicked on

2022-01-17 21:03:22 - [TEST_STEP][PASSED] - click(findTestObject("Page_Moodle/a_New Course Edited")): Object: 'Object Repository/Page_Moodle/a_New Course Edited' is clicked on

2022-01-17 21:03:24 - [MESSAGE][PASSED] - Object: 'Object Repository/Page_Moodle/a_New Course Edited' is clicked on

2022-01-17 21:03:24 - [TEST_STEP][PASSED] - click(findTestObject("Page_Course New Course Edited/button_Turn editing on")): Object: 'Object Repository/Page_Course New Course Edited/button_Turn editing on' is clicked on

2022-01-17 21:03:26 - [MESSAGE][PASSED] - Object: 'Object Repository/Page_Course New Course Edited/button_Turn editing on' is clicked on

2022-01-17 21:03:26 - [TEST_STEP][PASSED] - click(findTestObject("Page_Course New Course Edited/a_delete")): Object: 'Object Repository/Page_Course New Course Edited/a_delete' is clicked on

2022-01-17 21:03:27 - [MESSAGE][PASSED] - Object: 'Object Repository/Page_Course New Course Edited/a_delete' is clicked on]]></system-out>
         <system-err><![CDATA[]]></system-err>
      </testcase>
      <testcase name="Test Cases/Teacher Edit Forum" time="18.701" classname="Test Cases/Teacher Edit Forum" status="PASSED">
         <system-out><![CDATA[2022-01-17 21:03:27 - [TEST_CASE][PASSED] - Test Cases/Teacher Edit Forum: Test Cases/Teacher Edit Forum

2022-01-17 21:03:28 - [TEST_STEP][PASSED] - openBrowser(""): Browser is opened with url: ''

2022-01-17 21:03:28 - [MESSAGE][WARNING] - A browser is already opened. Closing browser and opening a new one

2022-01-17 21:03:28 - [MESSAGE][INFO] - Starting 'Chrome' driver

2022-01-17 21:03:28 - [MESSAGE][INFO] - Action delay is set to 0 milliseconds

2022-01-17 21:03:30 - [MESSAGE][PASSED] - Browser is opened with url: ''

2022-01-17 21:03:30 - [TEST_STEP][PASSED] - navigateToUrl("http://localhost/moodle/login/index.php"): Navigate to 'http://localhost/moodle/login/index.php' successfully

2022-01-17 21:03:30 - [MESSAGE][PASSED] - Navigate to 'http://localhost/moodle/login/index.php' successfully

2022-01-17 21:03:30 - [TEST_STEP][PASSED] - setText(findTestObject("Object Repository/Page_Moodle Log in to the site/input_Username_username (35)"), "admin"): Text 'admin' is set on object 'Object Repository/Page_Moodle Log in to the site/input_Username_username (35)'

2022-01-17 21:03:31 - [MESSAGE][PASSED] - Text 'admin' is set on object 'Object Repository/Page_Moodle Log in to the site/input_Username_username (35)'

2022-01-17 21:03:31 - [TEST_STEP][PASSED] - setEncryptedText(findTestObject("Object Repository/Page_Moodle Log in to the site/input_Password_password (35)"), "8JanWqnBZBo6yBKKrpSnpw=="): Text ****** has been set on object 'Object Repository/Page_Moodle Log in to the site/input_Password_password (35)'

2022-01-17 21:03:32 - [MESSAGE][PASSED] - Text ****** has been set on object 'Object Repository/Page_Moodle Log in to the site/input_Password_password (35)'

2022-01-17 21:03:32 - [TEST_STEP][PASSED] - click(findTestObject("Object Repository/Page_Moodle Log in to the site/button_Log in (26)")): Object: 'Object Repository/Page_Moodle Log in to the site/button_Log in (26)' is clicked on

2022-01-17 21:03:34 - [MESSAGE][PASSED] - Object: 'Object Repository/Page_Moodle Log in to the site/button_Log in (26)' is clicked on

2022-01-17 21:03:34 - [TEST_STEP][PASSED] - click(findTestObject("Object Repository/Page_Dashboard/span_Site home (20)")): Object: 'Object Repository/Page_Dashboard/span_Site home (20)' is clicked on

2022-01-17 21:03:37 - [MESSAGE][PASSED] - Object: 'Object Repository/Page_Dashboard/span_Site home (20)' is clicked on

2022-01-17 21:03:37 - [TEST_STEP][PASSED] - click(findTestObject("Object Repository/Page_Moodle/a_New Course Edited (19)")): Object: 'Object Repository/Page_Moodle/a_New Course Edited (19)' is clicked on

2022-01-17 21:03:39 - [MESSAGE][PASSED] - Object: 'Object Repository/Page_Moodle/a_New Course Edited (19)' is clicked on

2022-01-17 21:03:39 - [TEST_STEP][PASSED] - click(findTestObject("Object Repository/Page_Course New Course Edited/button_Turn editing on (4)")): Object: 'Object Repository/Page_Course New Course Edited/button_Turn editing on (4)' is clicked on

2022-01-17 21:03:40 - [MESSAGE][PASSED] - Object: 'Object Repository/Page_Course New Course Edited/button_Turn editing on (4)' is clicked on

2022-01-17 21:03:40 - [TEST_STEP][PASSED] - click(findTestObject("Object Repository/Page_Course New Course Edited/a_Edit (3)")): Object: 'Object Repository/Page_Course New Course Edited/a_Edit (3)' is clicked on

2022-01-17 21:03:41 - [MESSAGE][PASSED] - Object: 'Object Repository/Page_Course New Course Edited/a_Edit (3)' is clicked on

2022-01-17 21:03:41 - [TEST_STEP][PASSED] - click(findTestObject("Object Repository/Page_Course New Course Edited/a_Edit settings")): Object: 'Object Repository/Page_Course New Course Edited/a_Edit settings' is clicked on

2022-01-17 21:03:43 - [MESSAGE][PASSED] - Object: 'Object Repository/Page_Course New Course Edited/a_Edit settings' is clicked on

2022-01-17 21:03:43 - [TEST_STEP][PASSED] - click(findTestObject("Object Repository/Page_Editing Forum/input_Forum name_name (1)")): Object: 'Object Repository/Page_Editing Forum/input_Forum name_name (1)' is clicked on

2022-01-17 21:03:44 - [MESSAGE][PASSED] - Object: 'Object Repository/Page_Editing Forum/input_Forum name_name (1)' is clicked on

2022-01-17 21:03:44 - [TEST_STEP][PASSED] - setText(findTestObject("Object Repository/Page_Editing Forum/input_Forum name_name (1)"), "Forum Edited"): Text 'Forum Edited' is set on object 'Object Repository/Page_Editing Forum/input_Forum name_name (1)'

2022-01-17 21:03:45 - [MESSAGE][PASSED] - Text 'Forum Edited' is set on object 'Object Repository/Page_Editing Forum/input_Forum name_name (1)'

2022-01-17 21:03:45 - [TEST_STEP][PASSED] - click(findTestObject("Object Repository/Page_Editing Forum/input_Upon activity completion_submitbutton2 (1)")): Object: 'Object Repository/Page_Editing Forum/input_Upon activity completion_submitbutton2 (1)' is clicked on

2022-01-17 21:03:46 - [MESSAGE][PASSED] - Object: 'Object Repository/Page_Editing Forum/input_Upon activity completion_submitbutton2 (1)' is clicked on]]></system-out>
         <system-err><![CDATA[]]></system-err>
      </testcase>
      <testcase name="Test Cases/Teacher Hide Assignment" time="16.132" classname="Test Cases/Teacher Hide Assignment" status="PASSED">
         <system-out><![CDATA[2022-01-17 21:03:46 - [TEST_CASE][PASSED] - Test Cases/Teacher Hide Assignment: Test Cases/Teacher Hide Assignment

2022-01-17 21:03:47 - [TEST_STEP][PASSED] - callTestCase(findTestCase("Teacher Login"), [:], STOP_ON_FAILURE): Call Test Case 'Test Cases/Teacher Login' successfully

2022-01-17 21:03:47 - [TEST_CASE][PASSED] - Test Cases/Teacher Login: Test Cases/Teacher Login

2022-01-17 21:03:47 - [TEST_STEP][PASSED] - openBrowser(""): Browser is opened with url: ''

2022-01-17 21:03:47 - [MESSAGE][WARNING] - A browser is already opened. Closing browser and opening a new one

2022-01-17 21:03:47 - [MESSAGE][INFO] - Starting 'Chrome' driver

2022-01-17 21:03:47 - [MESSAGE][INFO] - Action delay is set to 0 milliseconds

2022-01-17 21:03:49 - [MESSAGE][PASSED] - Browser is opened with url: ''

2022-01-17 21:03:49 - [TEST_STEP][PASSED] - navigateToUrl("http://localhost/moodle/login/index.php"): Navigate to 'http://localhost/moodle/login/index.php' successfully

2022-01-17 21:03:50 - [MESSAGE][PASSED] - Navigate to 'http://localhost/moodle/login/index.php' successfully

2022-01-17 21:03:50 - [TEST_STEP][PASSED] - setText(findTestObject("Object Repository/Page_Moodle Log in to the site/input_Username_username"), "admin"): Text 'admin' is set on object 'Object Repository/Page_Moodle Log in to the site/input_Username_username'

2022-01-17 21:03:51 - [MESSAGE][PASSED] - Text 'admin' is set on object 'Object Repository/Page_Moodle Log in to the site/input_Username_username'

2022-01-17 21:03:51 - [TEST_STEP][PASSED] - setEncryptedText(findTestObject("Object Repository/Page_Moodle Log in to the site/input_Password_password"), "8JanWqnBZBo6yBKKrpSnpw=="): Text ****** has been set on object 'Object Repository/Page_Moodle Log in to the site/input_Password_password'

2022-01-17 21:03:51 - [MESSAGE][PASSED] - Text ****** has been set on object 'Object Repository/Page_Moodle Log in to the site/input_Password_password'

2022-01-17 21:03:51 - [TEST_STEP][PASSED] - click(findTestObject("Object Repository/Page_Moodle Log in to the site/button_Log in")): Object: 'Object Repository/Page_Moodle Log in to the site/button_Log in' is clicked on

2022-01-17 21:03:53 - [MESSAGE][PASSED] - Object: 'Object Repository/Page_Moodle Log in to the site/button_Log in' is clicked on

2022-01-17 21:03:53 - [MESSAGE][PASSED] - Call Test Case 'Test Cases/Teacher Login' successfully

2022-01-17 21:03:53 - [TEST_STEP][PASSED] - click(findTestObject("Object Repository/Page_Dashboard/span_Site home (19)")): Object: 'Object Repository/Page_Dashboard/span_Site home (19)' is clicked on

2022-01-17 21:03:55 - [MESSAGE][PASSED] - Object: 'Object Repository/Page_Dashboard/span_Site home (19)' is clicked on

2022-01-17 21:03:55 - [TEST_STEP][PASSED] - click(findTestObject("Object Repository/Page_Moodle/a_New Course Edited (18)")): Object: 'Object Repository/Page_Moodle/a_New Course Edited (18)' is clicked on

2022-01-17 21:03:57 - [MESSAGE][PASSED] - Object: 'Object Repository/Page_Moodle/a_New Course Edited (18)' is clicked on

2022-01-17 21:03:57 - [TEST_STEP][PASSED] - click(findTestObject("Object Repository/Page_Course New Course Edited/button_Turn editing on (3)")): Object: 'Object Repository/Page_Course New Course Edited/button_Turn editing on (3)' is clicked on

2022-01-17 21:03:59 - [MESSAGE][PASSED] - Object: 'Object Repository/Page_Course New Course Edited/button_Turn editing on (3)' is clicked on

2022-01-17 21:03:59 - [TEST_STEP][PASSED] - click(findTestObject("Object Repository/Page_Course New Course Edited/a_Edit (2)")): Object: 'Object Repository/Page_Course New Course Edited/a_Edit (2)' is clicked on

2022-01-17 21:04:01 - [MESSAGE][PASSED] - Object: 'Object Repository/Page_Course New Course Edited/a_Edit (2)' is clicked on

2022-01-17 21:04:01 - [TEST_STEP][PASSED] - click(findTestObject("Object Repository/Page_Course New Course Edited/span_Hide")): Object: 'Object Repository/Page_Course New Course Edited/span_Hide' is clicked on

2022-01-17 21:04:02 - [MESSAGE][PASSED] - Object: 'Object Repository/Page_Course New Course Edited/span_Hide' is clicked on]]></system-out>
         <system-err><![CDATA[]]></system-err>
      </testcase>
      <testcase name="Test Cases/Teacher_Add_NewAnnouncement" time="23.463" classname="Test Cases/Teacher_Add_NewAnnouncement" status="PASSED">
         <system-out><![CDATA[2022-01-17 21:04:02 - [TEST_CASE][PASSED] - Test Cases/Teacher_Add_NewAnnouncement: Test Cases/Teacher_Add_NewAnnouncement

2022-01-17 21:04:02 - [TEST_STEP][PASSED] - callTestCase(findTestCase("Teacher Login"), [:], STOP_ON_FAILURE): Call Test Case 'Test Cases/Teacher Login' successfully

2022-01-17 21:04:02 - [TEST_CASE][PASSED] - Test Cases/Teacher Login: Test Cases/Teacher Login

2022-01-17 21:04:02 - [TEST_STEP][PASSED] - openBrowser(""): Browser is opened with url: ''

2022-01-17 21:04:02 - [MESSAGE][WARNING] - A browser is already opened. Closing browser and opening a new one

2022-01-17 21:04:03 - [MESSAGE][INFO] - Starting 'Chrome' driver

2022-01-17 21:04:03 - [MESSAGE][INFO] - Action delay is set to 0 milliseconds

2022-01-17 21:04:05 - [MESSAGE][PASSED] - Browser is opened with url: ''

2022-01-17 21:04:05 - [TEST_STEP][PASSED] - navigateToUrl("http://localhost/moodle/login/index.php"): Navigate to 'http://localhost/moodle/login/index.php' successfully

2022-01-17 21:04:06 - [MESSAGE][PASSED] - Navigate to 'http://localhost/moodle/login/index.php' successfully

2022-01-17 21:04:06 - [TEST_STEP][PASSED] - setText(findTestObject("Object Repository/Page_Moodle Log in to the site/input_Username_username"), "admin"): Text 'admin' is set on object 'Object Repository/Page_Moodle Log in to the site/input_Username_username'

2022-01-17 21:04:07 - [MESSAGE][PASSED] - Text 'admin' is set on object 'Object Repository/Page_Moodle Log in to the site/input_Username_username'

2022-01-17 21:04:07 - [TEST_STEP][PASSED] - setEncryptedText(findTestObject("Object Repository/Page_Moodle Log in to the site/input_Password_password"), "8JanWqnBZBo6yBKKrpSnpw=="): Text ****** has been set on object 'Object Repository/Page_Moodle Log in to the site/input_Password_password'

2022-01-17 21:04:07 - [MESSAGE][PASSED] - Text ****** has been set on object 'Object Repository/Page_Moodle Log in to the site/input_Password_password'

2022-01-17 21:04:07 - [TEST_STEP][PASSED] - click(findTestObject("Object Repository/Page_Moodle Log in to the site/button_Log in")): Object: 'Object Repository/Page_Moodle Log in to the site/button_Log in' is clicked on

2022-01-17 21:04:10 - [MESSAGE][PASSED] - Object: 'Object Repository/Page_Moodle Log in to the site/button_Log in' is clicked on

2022-01-17 21:04:10 - [MESSAGE][PASSED] - Call Test Case 'Test Cases/Teacher Login' successfully

2022-01-17 21:04:10 - [TEST_STEP][PASSED] - click(findTestObject("Object Repository/Page_Dashboard/span_Site home (22)")): Object: 'Object Repository/Page_Dashboard/span_Site home (22)' is clicked on

2022-01-17 21:04:14 - [MESSAGE][PASSED] - Object: 'Object Repository/Page_Dashboard/span_Site home (22)' is clicked on

2022-01-17 21:04:14 - [TEST_STEP][PASSED] - click(findTestObject("Object Repository/Page_Moodle/a_New Course Edited (21)")): Object: 'Object Repository/Page_Moodle/a_New Course Edited (21)' is clicked on

2022-01-17 21:04:16 - [MESSAGE][PASSED] - Object: 'Object Repository/Page_Moodle/a_New Course Edited (21)' is clicked on

2022-01-17 21:04:16 - [TEST_STEP][PASSED] - click(findTestObject("Object Repository/Page_Course New Course Edited/span_Announcements Forum")): Object: 'Object Repository/Page_Course New Course Edited/span_Announcements Forum' is clicked on

2022-01-17 21:04:19 - [MESSAGE][PASSED] - Object: 'Object Repository/Page_Course New Course Edited/span_Announcements Forum' is clicked on

2022-01-17 21:04:19 - [TEST_STEP][PASSED] - click(findTestObject("Object Repository/Page_Announcements/a_Add a new topic")): Object: 'Object Repository/Page_Announcements/a_Add a new topic' is clicked on

2022-01-17 21:04:20 - [MESSAGE][PASSED] - Object: 'Object Repository/Page_Announcements/a_Add a new topic' is clicked on

2022-01-17 21:04:20 - [TEST_STEP][PASSED] - setText(findTestObject("Object Repository/Page_Announcements/input_Subject_subject"), "New Topic"): Text 'New Topic' is set on object 'Object Repository/Page_Announcements/input_Subject_subject'

2022-01-17 21:04:21 - [MESSAGE][PASSED] - Text 'New Topic' is set on object 'Object Repository/Page_Announcements/input_Subject_subject'

2022-01-17 21:04:21 - [TEST_STEP][PASSED] - setText(findTestObject("Object Repository/Page_Announcements/div_New Topic"), "<p dir="ltr" style="text-align: left;">New Topic</p>"): Text '<p dir="ltr" style="text-align: left;">New Topic</p>' is set on object 'Object Repository/Page_Announcements/div_New Topic'

2022-01-17 21:04:22 - [MESSAGE][PASSED] - Text '<p dir="ltr" style="text-align: left;">New Topic</p>' is set on object 'Object Repository/Page_Announcements/div_New Topic'

2022-01-17 21:04:22 - [TEST_STEP][PASSED] - click(findTestObject("Object Repository/Page_Announcements/input_Message_submitbutton")): Object: 'Object Repository/Page_Announcements/input_Message_submitbutton' is clicked on

2022-01-17 21:04:25 - [MESSAGE][PASSED] - Object: 'Object Repository/Page_Announcements/input_Message_submitbutton' is clicked on]]></system-out>
         <system-err><![CDATA[]]></system-err>
      </testcase>
      <testcase name="Test Cases/Teacher View Participants" time="14.509" classname="Test Cases/Teacher View Participants" status="PASSED">
         <system-out><![CDATA[2022-01-17 21:04:26 - [TEST_CASE][PASSED] - Test Cases/Teacher View Participants: Test Cases/Teacher View Participants

2022-01-17 21:04:27 - [TEST_STEP][PASSED] - callTestCase(findTestCase("Teacher Login"), [:], STOP_ON_FAILURE): Call Test Case 'Test Cases/Teacher Login' successfully

2022-01-17 21:04:27 - [TEST_CASE][PASSED] - Test Cases/Teacher Login: Test Cases/Teacher Login

2022-01-17 21:04:27 - [TEST_STEP][PASSED] - openBrowser(""): Browser is opened with url: ''

2022-01-17 21:04:27 - [MESSAGE][WARNING] - A browser is already opened. Closing browser and opening a new one

2022-01-17 21:04:28 - [MESSAGE][INFO] - Starting 'Chrome' driver

2022-01-17 21:04:28 - [MESSAGE][INFO] - Action delay is set to 0 milliseconds

2022-01-17 21:04:29 - [MESSAGE][PASSED] - Browser is opened with url: ''

2022-01-17 21:04:29 - [TEST_STEP][PASSED] - navigateToUrl("http://localhost/moodle/login/index.php"): Navigate to 'http://localhost/moodle/login/index.php' successfully

2022-01-17 21:04:30 - [MESSAGE][PASSED] - Navigate to 'http://localhost/moodle/login/index.php' successfully

2022-01-17 21:04:30 - [TEST_STEP][PASSED] - setText(findTestObject("Object Repository/Page_Moodle Log in to the site/input_Username_username"), "admin"): Text 'admin' is set on object 'Object Repository/Page_Moodle Log in to the site/input_Username_username'

2022-01-17 21:04:31 - [MESSAGE][PASSED] - Text 'admin' is set on object 'Object Repository/Page_Moodle Log in to the site/input_Username_username'

2022-01-17 21:04:31 - [TEST_STEP][PASSED] - setEncryptedText(findTestObject("Object Repository/Page_Moodle Log in to the site/input_Password_password"), "8JanWqnBZBo6yBKKrpSnpw=="): Text ****** has been set on object 'Object Repository/Page_Moodle Log in to the site/input_Password_password'

2022-01-17 21:04:31 - [MESSAGE][PASSED] - Text ****** has been set on object 'Object Repository/Page_Moodle Log in to the site/input_Password_password'

2022-01-17 21:04:31 - [TEST_STEP][PASSED] - click(findTestObject("Object Repository/Page_Moodle Log in to the site/button_Log in")): Object: 'Object Repository/Page_Moodle Log in to the site/button_Log in' is clicked on

2022-01-17 21:04:34 - [MESSAGE][PASSED] - Object: 'Object Repository/Page_Moodle Log in to the site/button_Log in' is clicked on

2022-01-17 21:04:34 - [MESSAGE][PASSED] - Call Test Case 'Test Cases/Teacher Login' successfully

2022-01-17 21:04:34 - [TEST_STEP][PASSED] - click(findTestObject("Object Repository/Page_Dashboard/span_Site home (21)")): Object: 'Object Repository/Page_Dashboard/span_Site home (21)' is clicked on

2022-01-17 21:04:37 - [MESSAGE][PASSED] - Object: 'Object Repository/Page_Dashboard/span_Site home (21)' is clicked on

2022-01-17 21:04:37 - [TEST_STEP][PASSED] - click(findTestObject("Object Repository/Page_Moodle/a_New Course Edited (20)")): Object: 'Object Repository/Page_Moodle/a_New Course Edited (20)' is clicked on

2022-01-17 21:04:39 - [MESSAGE][PASSED] - Object: 'Object Repository/Page_Moodle/a_New Course Edited (20)' is clicked on

2022-01-17 21:04:39 - [TEST_STEP][PASSED] - click(findTestObject("Object Repository/Page_Course New Course Edited/span_Participants")): Object: 'Object Repository/Page_Course New Course Edited/span_Participants' is clicked on

2022-01-17 21:04:40 - [MESSAGE][PASSED] - Object: 'Object Repository/Page_Course New Course Edited/span_Participants' is clicked on]]></system-out>
         <system-err><![CDATA[]]></system-err>
      </testcase>
      <testcase name="Test Cases/User Private Chat" time="14.869" classname="Test Cases/User Private Chat" status="PASSED">
         <system-out><![CDATA[2022-01-17 21:04:40 - [TEST_CASE][PASSED] - Test Cases/User Private Chat: Test Cases/User Private Chat

2022-01-17 21:04:41 - [TEST_STEP][PASSED] - openBrowser(""): Browser is opened with url: ''

2022-01-17 21:04:41 - [MESSAGE][WARNING] - A browser is already opened. Closing browser and opening a new one

2022-01-17 21:04:41 - [MESSAGE][INFO] - Starting 'Chrome' driver

2022-01-17 21:04:41 - [MESSAGE][INFO] - Action delay is set to 0 milliseconds

2022-01-17 21:04:42 - [MESSAGE][PASSED] - Browser is opened with url: ''

2022-01-17 21:04:42 - [TEST_STEP][PASSED] - navigateToUrl("http://localhost/moodle/login/index.php"): Navigate to 'http://localhost/moodle/login/index.php' successfully

2022-01-17 21:04:43 - [MESSAGE][PASSED] - Navigate to 'http://localhost/moodle/login/index.php' successfully

2022-01-17 21:04:43 - [TEST_STEP][PASSED] - click(findTestObject("Object Repository/Page_Moodle Log in to the site/div_document.getElementById(anchor).value  _bffe56")): Object: 'Object Repository/Page_Moodle Log in to the site/div_document.getElementById(anchor).value  _bffe56' is clicked on

2022-01-17 21:04:44 - [MESSAGE][PASSED] - Object: 'Object Repository/Page_Moodle Log in to the site/div_document.getElementById(anchor).value  _bffe56' is clicked on

2022-01-17 21:04:44 - [TEST_STEP][PASSED] - setText(findTestObject("Object Repository/Page_Moodle Log in to the site/input_Username_username (38)"), "admin"): Text 'admin' is set on object 'Object Repository/Page_Moodle Log in to the site/input_Username_username (38)'

2022-01-17 21:04:44 - [MESSAGE][PASSED] - Text 'admin' is set on object 'Object Repository/Page_Moodle Log in to the site/input_Username_username (38)'

2022-01-17 21:04:44 - [TEST_STEP][PASSED] - setEncryptedText(findTestObject("Object Repository/Page_Moodle Log in to the site/input_Password_password (38)"), "8JanWqnBZBo6yBKKrpSnpw=="): Text ****** has been set on object 'Object Repository/Page_Moodle Log in to the site/input_Password_password (38)'

2022-01-17 21:04:45 - [MESSAGE][PASSED] - Text ****** has been set on object 'Object Repository/Page_Moodle Log in to the site/input_Password_password (38)'

2022-01-17 21:04:45 - [TEST_STEP][PASSED] - click(findTestObject("Object Repository/Page_Moodle Log in to the site/button_Log in (28)")): Object: 'Object Repository/Page_Moodle Log in to the site/button_Log in (28)' is clicked on

2022-01-17 21:04:47 - [MESSAGE][PASSED] - Object: 'Object Repository/Page_Moodle Log in to the site/button_Log in (28)' is clicked on

2022-01-17 21:04:47 - [TEST_STEP][PASSED] - click(findTestObject("Object Repository/Page_Dashboard/i_See all_icon fa fa-comment fa-fw")): Object: 'Object Repository/Page_Dashboard/i_See all_icon fa fa-comment fa-fw' is clicked on

2022-01-17 21:04:50 - [MESSAGE][PASSED] - Object: 'Object Repository/Page_Dashboard/i_See all_icon fa fa-comment fa-fw' is clicked on

2022-01-17 21:04:50 - [TEST_STEP][PASSED] - click(findTestObject("Object Repository/Page_Dashboard/strong_c H")): Object: 'Object Repository/Page_Dashboard/strong_c H' is clicked on

2022-01-17 21:04:52 - [MESSAGE][PASSED] - Object: 'Object Repository/Page_Dashboard/strong_c H' is clicked on

2022-01-17 21:04:52 - [TEST_STEP][PASSED] - setText(findTestObject("Object Repository/Page_Dashboard/textarea_Use enter to send_yui_3_17_2_1_164_abb445"), "hi "): Text 'hi ' is set on object 'Object Repository/Page_Dashboard/textarea_Use enter to send_yui_3_17_2_1_164_abb445'

2022-01-17 21:04:54 - [MESSAGE][PASSED] - Text 'hi ' is set on object 'Object Repository/Page_Dashboard/textarea_Use enter to send_yui_3_17_2_1_164_abb445'

2022-01-17 21:04:54 - [TEST_STEP][PASSED] - click(findTestObject("Object Repository/Page_Dashboard/i__icon fa fa-paper-plane fa-fw")): Object: 'Object Repository/Page_Dashboard/i__icon fa fa-paper-plane fa-fw' is clicked on

2022-01-17 21:04:55 - [MESSAGE][PASSED] - Object: 'Object Repository/Page_Dashboard/i__icon fa fa-paper-plane fa-fw' is clicked on]]></system-out>
         <system-err><![CDATA[]]></system-err>
      </testcase>
      <testcase name="Test Cases/User Private Chat Emoji" time="29.855" classname="Test Cases/User Private Chat Emoji" status="PASSED">
         <system-out><![CDATA[2022-01-17 21:04:55 - [TEST_CASE][PASSED] - Test Cases/User Private Chat Emoji: Test Cases/User Private Chat Emoji

2022-01-17 21:04:56 - [TEST_STEP][PASSED] - openBrowser(""): Browser is opened with url: ''

2022-01-17 21:04:56 - [MESSAGE][WARNING] - A browser is already opened. Closing browser and opening a new one

2022-01-17 21:04:56 - [MESSAGE][INFO] - Starting 'Chrome' driver

2022-01-17 21:04:56 - [MESSAGE][INFO] - Action delay is set to 0 milliseconds

2022-01-17 21:04:58 - [MESSAGE][PASSED] - Browser is opened with url: ''

2022-01-17 21:04:58 - [TEST_STEP][PASSED] - navigateToUrl("http://localhost/moodle/login/index.php"): Navigate to 'http://localhost/moodle/login/index.php' successfully

2022-01-17 21:04:58 - [MESSAGE][PASSED] - Navigate to 'http://localhost/moodle/login/index.php' successfully

2022-01-17 21:04:58 - [TEST_STEP][PASSED] - setText(findTestObject("Object Repository/Page_Moodle Log in to the site/input_Username_username (39)"), "admin"): Text 'admin' is set on object 'Object Repository/Page_Moodle Log in to the site/input_Username_username (39)'

2022-01-17 21:04:59 - [MESSAGE][PASSED] - Text 'admin' is set on object 'Object Repository/Page_Moodle Log in to the site/input_Username_username (39)'

2022-01-17 21:04:59 - [TEST_STEP][PASSED] - setEncryptedText(findTestObject("Object Repository/Page_Moodle Log in to the site/input_Password_password (39)"), "8JanWqnBZBo6yBKKrpSnpw=="): Text ****** has been set on object 'Object Repository/Page_Moodle Log in to the site/input_Password_password (39)'

2022-01-17 21:05:00 - [MESSAGE][PASSED] - Text ****** has been set on object 'Object Repository/Page_Moodle Log in to the site/input_Password_password (39)'

2022-01-17 21:05:00 - [TEST_STEP][PASSED] - click(findTestObject("Object Repository/Page_Moodle Log in to the site/button_Log in (29)")): Object: 'Object Repository/Page_Moodle Log in to the site/button_Log in (29)' is clicked on

2022-01-17 21:05:01 - [MESSAGE][PASSED] - Object: 'Object Repository/Page_Moodle Log in to the site/button_Log in (29)' is clicked on

2022-01-17 21:05:01 - [TEST_STEP][PASSED] - click(findTestObject("Object Repository/Page_Dashboard/i_See all_icon fa fa-comment fa-fw (1)")): Object: 'Object Repository/Page_Dashboard/i_See all_icon fa fa-comment fa-fw (1)' is clicked on

2022-01-17 21:05:03 - [MESSAGE][PASSED] - Object: 'Object Repository/Page_Dashboard/i_See all_icon fa fa-comment fa-fw (1)' is clicked on

2022-01-17 21:05:03 - [TEST_STEP][PASSED] - click(findTestObject("Page_Dashboard/strong_c H")): Object: 'Object Repository/Page_Dashboard/strong_c H' is clicked on

2022-01-17 21:05:22 - [MESSAGE][PASSED] - Object: 'Object Repository/Page_Dashboard/strong_c H' is clicked on

2022-01-17 21:05:22 - [TEST_STEP][PASSED] - click(findTestObject("Object Repository/Page_Dashboard/i__icon fa fa-smile-o fa-fw")): Object: 'Object Repository/Page_Dashboard/i__icon fa fa-smile-o fa-fw' is clicked on

2022-01-17 21:05:23 - [MESSAGE][PASSED] - Object: 'Object Repository/Page_Dashboard/i__icon fa fa-smile-o fa-fw' is clicked on

2022-01-17 21:05:23 - [TEST_STEP][PASSED] - click(findTestObject("Object Repository/Page_Dashboard/button_")): Object: 'Object Repository/Page_Dashboard/button_' is clicked on

2022-01-17 21:05:24 - [MESSAGE][PASSED] - Object: 'Object Repository/Page_Dashboard/button_' is clicked on

2022-01-17 21:05:24 - [TEST_STEP][PASSED] - click(findTestObject("Object Repository/Page_Dashboard/i__icon fa fa-paper-plane fa-fw (1)")): Object: 'Object Repository/Page_Dashboard/i__icon fa fa-paper-plane fa-fw (1)' is clicked on

2022-01-17 21:05:25 - [MESSAGE][PASSED] - Object: 'Object Repository/Page_Dashboard/i__icon fa fa-paper-plane fa-fw (1)' is clicked on]]></system-out>
         <system-err><![CDATA[]]></system-err>
      </testcase>
      <testcase name="Test Cases/User Edit Email" time="32.02" classname="Test Cases/User Edit Email" status="PASSED">
         <system-out><![CDATA[2022-01-17 21:05:25 - [TEST_CASE][PASSED] - Test Cases/User Edit Email: Test Cases/User Edit Email

2022-01-17 21:05:25 - [TEST_STEP][PASSED] - callTestCase(findTestCase("Admin Login"), [:], STOP_ON_FAILURE): Call Test Case 'Test Cases/Admin Login' successfully

2022-01-17 21:05:25 - [TEST_CASE][PASSED] - Test Cases/Admin Login: Test Cases/Admin Login

2022-01-17 21:05:25 - [TEST_STEP][PASSED] - openBrowser(""): Browser is opened with url: ''

2022-01-17 21:05:25 - [MESSAGE][WARNING] - A browser is already opened. Closing browser and opening a new one

2022-01-17 21:05:26 - [MESSAGE][INFO] - Starting 'Chrome' driver

2022-01-17 21:05:26 - [MESSAGE][INFO] - Action delay is set to 0 milliseconds

2022-01-17 21:05:28 - [MESSAGE][PASSED] - Browser is opened with url: ''

2022-01-17 21:05:28 - [TEST_STEP][PASSED] - navigateToUrl("http://localhost/moodle/login/index.php"): Navigate to 'http://localhost/moodle/login/index.php' successfully

2022-01-17 21:05:29 - [MESSAGE][PASSED] - Navigate to 'http://localhost/moodle/login/index.php' successfully

2022-01-17 21:05:29 - [TEST_STEP][PASSED] - setText(findTestObject("Object Repository/Page_Moodle Log in to the site/input_Username_username"), "admin"): Text 'admin' is set on object 'Object Repository/Page_Moodle Log in to the site/input_Username_username'

2022-01-17 21:05:30 - [MESSAGE][PASSED] - Text 'admin' is set on object 'Object Repository/Page_Moodle Log in to the site/input_Username_username'

2022-01-17 21:05:30 - [TEST_STEP][PASSED] - setEncryptedText(findTestObject("Object Repository/Page_Moodle Log in to the site/input_Password_password"), "8JanWqnBZBo6yBKKrpSnpw=="): Text ****** has been set on object 'Object Repository/Page_Moodle Log in to the site/input_Password_password'

2022-01-17 21:05:31 - [MESSAGE][PASSED] - Text ****** has been set on object 'Object Repository/Page_Moodle Log in to the site/input_Password_password'

2022-01-17 21:05:31 - [TEST_STEP][PASSED] - click(findTestObject("Object Repository/Page_Moodle Log in to the site/button_Log in")): Object: 'Object Repository/Page_Moodle Log in to the site/button_Log in' is clicked on

2022-01-17 21:05:34 - [MESSAGE][PASSED] - Object: 'Object Repository/Page_Moodle Log in to the site/button_Log in' is clicked on

2022-01-17 21:05:34 - [MESSAGE][PASSED] - Call Test Case 'Test Cases/Admin Login' successfully

2022-01-17 21:05:34 - [TEST_STEP][PASSED] - click(findTestObject("Object Repository/Page_Moodle Administration Search/img_c Minh_userpicture defaultuserpic")): Object: 'Object Repository/Page_Moodle Administration Search/img_c Minh_userpicture defaultuserpic' is clicked on

2022-01-17 21:05:37 - [MESSAGE][PASSED] - Object: 'Object Repository/Page_Moodle Administration Search/img_c Minh_userpicture defaultuserpic' is clicked on

2022-01-17 21:05:37 - [TEST_STEP][PASSED] - click(findTestObject("Object Repository/Page_Moodle Administration Search/span_Profile")): Object: 'Object Repository/Page_Moodle Administration Search/span_Profile' is clicked on

2022-01-17 21:05:38 - [MESSAGE][PASSED] - Object: 'Object Repository/Page_Moodle Administration Search/span_Profile' is clicked on

2022-01-17 21:05:38 - [TEST_STEP][PASSED] - click(findTestObject("Object Repository/Page_c Minh Public profile/a_Edit profile")): Object: 'Object Repository/Page_c Minh Public profile/a_Edit profile' is clicked on

2022-01-17 21:05:41 - [MESSAGE][PASSED] - Object: 'Object Repository/Page_c Minh Public profile/a_Edit profile' is clicked on

2022-01-17 21:05:41 - [TEST_STEP][PASSED] - click(findTestObject("Object Repository/Page_Moodle Edit profile/div_Surname")): Object: 'Object Repository/Page_Moodle Edit profile/div_Surname' is clicked on

2022-01-17 21:05:42 - [MESSAGE][PASSED] - Object: 'Object Repository/Page_Moodle Edit profile/div_Surname' is clicked on

2022-01-17 21:05:42 - [TEST_STEP][PASSED] - setText(findTestObject("Object Repository/Page_Moodle Edit profile/input_Surname_lastname"), "Hồ"): Text 'Hồ' is set on object 'Object Repository/Page_Moodle Edit profile/input_Surname_lastname'

2022-01-17 21:05:43 - [MESSAGE][PASSED] - Text 'Hồ' is set on object 'Object Repository/Page_Moodle Edit profile/input_Surname_lastname'

2022-01-17 21:05:43 - [TEST_STEP][PASSED] - click(findTestObject("Object Repository/Page_Moodle Edit profile/div_Email address_yui_3_17_2_1_1642339639116_856")): Object: 'Object Repository/Page_Moodle Edit profile/div_Email address_yui_3_17_2_1_1642339639116_856' is clicked on

2022-01-17 21:05:44 - [MESSAGE][PASSED] - Object: 'Object Repository/Page_Moodle Edit profile/div_Email address_yui_3_17_2_1_1642339639116_856' is clicked on

2022-01-17 21:05:44 - [TEST_STEP][PASSED] - setText(findTestObject("Object Repository/Page_Moodle Edit profile/input_Email address_email"), "hongocminhduc@gmail.com"): Text 'hongocminhduc@gmail.com' is set on object 'Object Repository/Page_Moodle Edit profile/input_Email address_email'

2022-01-17 21:05:45 - [MESSAGE][PASSED] - Text 'hongocminhduc@gmail.com' is set on object 'Object Repository/Page_Moodle Edit profile/input_Email address_email'

2022-01-17 21:05:45 - [TEST_STEP][PASSED] - selectOptionByValue(findTestObject("Object Repository/Page_Moodle Edit profile/select_Select a country.            Afghani_160506"), "VN", true): All options with value 'VN' are selected in object 'Object Repository/Page_Moodle Edit profile/select_Select a country.            Afghani_160506'  using regular expression

2022-01-17 21:05:54 - [MESSAGE][PASSED] - All options with value 'VN' are selected in object 'Object Repository/Page_Moodle Edit profile/select_Select a country.            Afghani_160506'  using regular expression

2022-01-17 21:05:54 - [TEST_STEP][PASSED] - sendKeys(findTestObject("Object Repository/Page_Moodle Edit profile/input_Address_submitbutton"), Keys.chord(ENTER)): Keys 'ENTER + ' sent to object: 'Object Repository/Page_Moodle Edit profile/input_Address_submitbutton'

2022-01-17 21:05:57 - [MESSAGE][PASSED] - Keys 'ENTER + ' sent to object: 'Object Repository/Page_Moodle Edit profile/input_Address_submitbutton']]></system-out>
         <system-err><![CDATA[]]></system-err>
      </testcase>
      <testcase name="Test Cases/User Login Wrong Password" time="7.123" classname="Test Cases/User Login Wrong Password" status="PASSED">
         <system-out><![CDATA[2022-01-17 21:05:57 - [TEST_CASE][PASSED] - Test Cases/User Login Wrong Password: Test Cases/User Login Wrong Password

2022-01-17 21:05:57 - [TEST_STEP][PASSED] - openBrowser(""): Browser is opened with url: ''

2022-01-17 21:05:57 - [MESSAGE][WARNING] - A browser is already opened. Closing browser and opening a new one

2022-01-17 21:05:58 - [MESSAGE][INFO] - Starting 'Chrome' driver

2022-01-17 21:05:58 - [MESSAGE][INFO] - Action delay is set to 0 milliseconds

2022-01-17 21:06:00 - [MESSAGE][PASSED] - Browser is opened with url: ''

2022-01-17 21:06:00 - [TEST_STEP][PASSED] - navigateToUrl("http://localhost/moodle/login/index.php"): Navigate to 'http://localhost/moodle/login/index.php' successfully

2022-01-17 21:06:01 - [MESSAGE][PASSED] - Navigate to 'http://localhost/moodle/login/index.php' successfully

2022-01-17 21:06:01 - [TEST_STEP][PASSED] - setText(findTestObject("Object Repository/Page_Moodle Log in to the site/input_Username_username (41)"), "admin"): Text 'admin' is set on object 'Object Repository/Page_Moodle Log in to the site/input_Username_username (41)'

2022-01-17 21:06:02 - [MESSAGE][PASSED] - Text 'admin' is set on object 'Object Repository/Page_Moodle Log in to the site/input_Username_username (41)'

2022-01-17 21:06:02 - [TEST_STEP][PASSED] - setEncryptedText(findTestObject("Object Repository/Page_Moodle Log in to the site/input_Password_password (41)"), "iGDxf8hSRT4="): Text ****** has been set on object 'Object Repository/Page_Moodle Log in to the site/input_Password_password (41)'

2022-01-17 21:06:02 - [MESSAGE][PASSED] - Text ****** has been set on object 'Object Repository/Page_Moodle Log in to the site/input_Password_password (41)'

2022-01-17 21:06:02 - [TEST_STEP][PASSED] - click(findTestObject("Object Repository/Page_Moodle Log in to the site/button_Log in (31)")): Object: 'Object Repository/Page_Moodle Log in to the site/button_Log in (31)' is clicked on

2022-01-17 21:06:04 - [MESSAGE][PASSED] - Object: 'Object Repository/Page_Moodle Log in to the site/button_Log in (31)' is clicked on]]></system-out>
         <system-err><![CDATA[]]></system-err>
      </testcase>
      <testcase name="Test Cases/User Log out" time="13.073" classname="Test Cases/User Log out" status="PASSED">
         <system-out><![CDATA[2022-01-17 21:06:04 - [TEST_CASE][PASSED] - Test Cases/User Log out: Test Cases/User Log out

2022-01-17 21:06:05 - [TEST_STEP][PASSED] - openBrowser(""): Browser is opened with url: ''

2022-01-17 21:06:05 - [MESSAGE][WARNING] - A browser is already opened. Closing browser and opening a new one

2022-01-17 21:06:05 - [MESSAGE][INFO] - Starting 'Chrome' driver

2022-01-17 21:06:05 - [MESSAGE][INFO] - Action delay is set to 0 milliseconds

2022-01-17 21:06:07 - [MESSAGE][PASSED] - Browser is opened with url: ''

2022-01-17 21:06:07 - [TEST_STEP][PASSED] - navigateToUrl("http://localhost/moodle/login/index.php"): Navigate to 'http://localhost/moodle/login/index.php' successfully

2022-01-17 21:06:09 - [MESSAGE][PASSED] - Navigate to 'http://localhost/moodle/login/index.php' successfully

2022-01-17 21:06:09 - [TEST_STEP][PASSED] - setText(findTestObject("Object Repository/Page_Moodle Log in to the site/input_Username_username (42)"), "admin"): Text 'admin' is set on object 'Object Repository/Page_Moodle Log in to the site/input_Username_username (42)'

2022-01-17 21:06:10 - [MESSAGE][PASSED] - Text 'admin' is set on object 'Object Repository/Page_Moodle Log in to the site/input_Username_username (42)'

2022-01-17 21:06:10 - [TEST_STEP][PASSED] - setEncryptedText(findTestObject("Object Repository/Page_Moodle Log in to the site/input_Password_password (42)"), "8JanWqnBZBo6yBKKrpSnpw=="): Text ****** has been set on object 'Object Repository/Page_Moodle Log in to the site/input_Password_password (42)'

2022-01-17 21:06:10 - [MESSAGE][PASSED] - Text ****** has been set on object 'Object Repository/Page_Moodle Log in to the site/input_Password_password (42)'

2022-01-17 21:06:10 - [TEST_STEP][PASSED] - click(findTestObject("Object Repository/Page_Moodle Log in to the site/button_Log in (32)")): Object: 'Object Repository/Page_Moodle Log in to the site/button_Log in (32)' is clicked on

2022-01-17 21:06:12 - [MESSAGE][PASSED] - Object: 'Object Repository/Page_Moodle Log in to the site/button_Log in (32)' is clicked on

2022-01-17 21:06:12 - [TEST_STEP][PASSED] - click(findTestObject("Object Repository/Page_Dashboard/a_c H")): Object: 'Object Repository/Page_Dashboard/a_c H' is clicked on

2022-01-17 21:06:14 - [MESSAGE][PASSED] - Object: 'Object Repository/Page_Dashboard/a_c H' is clicked on

2022-01-17 21:06:14 - [TEST_STEP][PASSED] - click(findTestObject("Object Repository/Page_Dashboard/span_Log out")): Object: 'Object Repository/Page_Dashboard/span_Log out' is clicked on

2022-01-17 21:06:17 - [MESSAGE][PASSED] - Object: 'Object Repository/Page_Dashboard/span_Log out' is clicked on]]></system-out>
         <system-err><![CDATA[]]></system-err>
      </testcase>
      <testcase name="Test Cases/Admin Block Ip" time="41.247" classname="Test Cases/Admin Block Ip" status="FAILED">
         <failure type="FAILED" message="Test Cases/Admin Block Ip FAILED.
Reason:
com.kms.katalon.core.exception.StepFailedException: Unable to click on object 'Object Repository/Page_Moodle Administration Search/a_IP blocker'
	at com.kms.katalon.core.webui.keyword.internal.WebUIKeywordMain.stepFailed(WebUIKeywordMain.groovy:64)
	at com.kms.katalon.core.webui.keyword.internal.WebUIKeywordMain.runKeyword(WebUIKeywordMain.groovy:26)
	at com.kms.katalon.core.webui.keyword.builtin.ClickKeyword.click(ClickKeyword.groovy:74)
	at com.kms.katalon.core.webui.keyword.builtin.ClickKeyword.execute(ClickKeyword.groovy:40)
	at com.kms.katalon.core.keyword.internal.KeywordExecutor.executeKeywordForPlatform(KeywordExecutor.groovy:74)
	at com.kms.katalon.core.webui.keyword.WebUiBuiltInKeywords.click(WebUiBuiltInKeywords.groovy:620)
	at com.kms.katalon.core.webui.keyword.WebUiBuiltInKeywords$click$3.call(Unknown Source)
	at Admin Block Ip.run(Admin Block Ip:33)
	at com.kms.katalon.core.main.ScriptEngine.run(ScriptEngine.java:194)
	at com.kms.katalon.core.main.ScriptEngine.runScriptAsRawText(ScriptEngine.java:119)
	at com.kms.katalon.core.main.TestCaseExecutor.runScript(TestCaseExecutor.java:442)
	at com.kms.katalon.core.main.TestCaseExecutor.doExecute(TestCaseExecutor.java:433)
	at com.kms.katalon.core.main.TestCaseExecutor.processExecutionPhase(TestCaseExecutor.java:412)
	at com.kms.katalon.core.main.TestCaseExecutor.accessMainPhase(TestCaseExecutor.java:404)
	at com.kms.katalon.core.main.TestCaseExecutor.execute(TestCaseExecutor.java:281)
	at com.kms.katalon.core.main.TestSuiteExecutor.accessTestCaseMainPhase(TestSuiteExecutor.java:202)
	at com.kms.katalon.core.main.TestSuiteExecutor.accessTestSuiteMainPhase(TestSuiteExecutor.java:164)
	at com.kms.katalon.core.main.TestSuiteExecutor.execute(TestSuiteExecutor.java:105)
	at com.kms.katalon.core.main.TestCaseMain.startTestSuite(TestCaseMain.java:181)
	at com.kms.katalon.core.main.TestCaseMain$startTestSuite$0.call(Unknown Source)
	at TempTestSuite1642427402729.run(TempTestSuite1642427402729.groovy:36)
Caused by: org.openqa.selenium.WebDriverException: chrome not reachable
  (Session info: chrome=97.0.4692.71)
Build info: version: '3.141.59', revision: 'e82be7d358', time: '2018-11-14T08:25:53'
System info: host: 'MINHDUC', ip: '192.168.3.10', os.name: 'Windows 10', os.arch: 'amd64', os.version: '10.0', java.version: '1.8.0_282'
Driver info: com.kms.katalon.selenium.driver.CChromeDriver
Capabilities {acceptInsecureCerts: false, browserName: chrome, browserVersion: 97.0.4692.71, chrome: {chromedriverVersion: 97.0.4692.71 (adefa7837d02a..., userDataDir: C:\Users\MINHDU~1\AppData\L...}, goog:chromeOptions: {debuggerAddress: localhost:52094}, javascriptEnabled: true, networkConnectionEnabled: false, pageLoadStrategy: normal, platform: WINDOWS, platformName: WINDOWS, proxy: Proxy(), setWindowRect: true, strictFileInteractability: false, timeouts: {implicit: 0, pageLoad: 300000, script: 30000}, unhandledPromptBehavior: dismiss and notify, webauthn:extension:credBlob: true, webauthn:extension:largeBlob: true, webauthn:virtualAuthenticators: true}
Session ID: 1296acaaf3a3393553530e1fb24aa782
*** Element info: {Using=xpath, value=//div[@id='linkroot']/div/div[11]/div[2]/ul/li/a}
	at org.openqa.selenium.remote.http.W3CHttpResponseCodec.createException(W3CHttpResponseCodec.java:187)
	at org.openqa.selenium.remote.http.W3CHttpResponseCodec.decode(W3CHttpResponseCodec.java:122)
	at org.openqa.selenium.remote.http.W3CHttpResponseCodec.decode(W3CHttpResponseCodec.java:49)
	at org.openqa.selenium.remote.HttpCommandExecutor.execute(HttpCommandExecutor.java:158)
	at org.openqa.selenium.remote.service.DriverCommandExecutor.execute(DriverCommandExecutor.java:83)
	at org.openqa.selenium.remote.RemoteWebDriver.execute(RemoteWebDriver.java:552)
	at com.kms.katalon.selenium.driver.CChromeDriver.execute(CChromeDriver.java:19)
	at org.openqa.selenium.remote.RemoteWebDriver.findElements(RemoteWebDriver.java:353)
	at org.openqa.selenium.remote.RemoteWebDriver.findElementsByXPath(RemoteWebDriver.java:432)
	at org.openqa.selenium.By$ByXPath.findElements(By.java:348)
	at org.openqa.selenium.remote.RemoteWebDriver.findElements(RemoteWebDriver.java:311)
	at org.openqa.selenium.support.events.EventFiringWebDriver.lambda$new$1(EventFiringWebDriver.java:105)
	at com.sun.proxy.$Proxy10.findElements(Unknown Source)
	at org.openqa.selenium.support.events.EventFiringWebDriver.findElements(EventFiringWebDriver.java:182)
	at com.kms.katalon.core.webui.common.WebUiCommonHelper.findElementByNormalMethods(WebUiCommonHelper.java:1014)
	at com.kms.katalon.core.webui.common.WebUiCommonHelper.findElementsBySelectedMethod(WebUiCommonHelper.java:909)
	at com.kms.katalon.core.webui.common.WebUiCommonHelper.findElementsBySelectedMethod(WebUiCommonHelper.java:892)
	at com.kms.katalon.core.webui.common.WebUiCommonHelper.findElementsBySelectedMethod(WebUiCommonHelper.java:887)
	at com.kms.katalon.core.webui.common.WebUiCommonHelper.findElementsByDefault(WebUiCommonHelper.java:883)
	at com.kms.katalon.core.webui.common.WebUiCommonHelper.findWebElements(WebUiCommonHelper.java:720)
	at com.kms.katalon.core.webui.common.WebUiCommonHelper.findWebElement(WebUiCommonHelper.java:1363)
	at com.kms.katalon.core.webui.keyword.internal.WebUIAbstractKeyword.findWebElement(WebUIAbstractKeyword.groovy:27)
	at com.kms.katalon.core.webui.keyword.builtin.ClickKeyword$_click_closure1.doCall(ClickKeyword.groovy:65)
	at com.kms.katalon.core.webui.keyword.builtin.ClickKeyword$_click_closure1.call(ClickKeyword.groovy)
	at com.kms.katalon.core.webui.keyword.internal.WebUIKeywordMain.runKeyword(WebUIKeywordMain.groovy:20)
	... 19 more
"/>
         <system-out><![CDATA[2022-01-17 21:06:17 - [TEST_CASE][FAILED] - Test Cases/Admin Block Ip: Test Cases/Admin Block Ip FAILED.
Reason:
com.kms.katalon.core.exception.StepFailedException: Unable to click on object 'Object Repository/Page_Moodle Administration Search/a_IP blocker'
	at com.kms.katalon.core.webui.keyword.internal.WebUIKeywordMain.stepFailed(WebUIKeywordMain.groovy:64)
	at com.kms.katalon.core.webui.keyword.internal.WebUIKeywordMain.runKeyword(WebUIKeywordMain.groovy:26)
	at com.kms.katalon.core.webui.keyword.builtin.ClickKeyword.click(ClickKeyword.groovy:74)
	at com.kms.katalon.core.webui.keyword.builtin.ClickKeyword.execute(ClickKeyword.groovy:40)
	at com.kms.katalon.core.keyword.internal.KeywordExecutor.executeKeywordForPlatform(KeywordExecutor.groovy:74)
	at com.kms.katalon.core.webui.keyword.WebUiBuiltInKeywords.click(WebUiBuiltInKeywords.groovy:620)
	at com.kms.katalon.core.webui.keyword.WebUiBuiltInKeywords$click$3.call(Unknown Source)
	at Admin Block Ip.run(Admin Block Ip:33)
	at com.kms.katalon.core.main.ScriptEngine.run(ScriptEngine.java:194)
	at com.kms.katalon.core.main.ScriptEngine.runScriptAsRawText(ScriptEngine.java:119)
	at com.kms.katalon.core.main.TestCaseExecutor.runScript(TestCaseExecutor.java:442)
	at com.kms.katalon.core.main.TestCaseExecutor.doExecute(TestCaseExecutor.java:433)
	at com.kms.katalon.core.main.TestCaseExecutor.processExecutionPhase(TestCaseExecutor.java:412)
	at com.kms.katalon.core.main.TestCaseExecutor.accessMainPhase(TestCaseExecutor.java:404)
	at com.kms.katalon.core.main.TestCaseExecutor.execute(TestCaseExecutor.java:281)
	at com.kms.katalon.core.main.TestSuiteExecutor.accessTestCaseMainPhase(TestSuiteExecutor.java:202)
	at com.kms.katalon.core.main.TestSuiteExecutor.accessTestSuiteMainPhase(TestSuiteExecutor.java:164)
	at com.kms.katalon.core.main.TestSuiteExecutor.execute(TestSuiteExecutor.java:105)
	at com.kms.katalon.core.main.TestCaseMain.startTestSuite(TestCaseMain.java:181)
	at com.kms.katalon.core.main.TestCaseMain$startTestSuite$0.call(Unknown Source)
	at TempTestSuite1642427402729.run(TempTestSuite1642427402729.groovy:36)
Caused by: org.openqa.selenium.WebDriverException: chrome not reachable
  (Session info: chrome=97.0.4692.71)
Build info: version: '3.141.59', revision: 'e82be7d358', time: '2018-11-14T08:25:53'
System info: host: 'MINHDUC', ip: '192.168.3.10', os.name: 'Windows 10', os.arch: 'amd64', os.version: '10.0', java.version: '1.8.0_282'
Driver info: com.kms.katalon.selenium.driver.CChromeDriver
Capabilities {acceptInsecureCerts: false, browserName: chrome, browserVersion: 97.0.4692.71, chrome: {chromedriverVersion: 97.0.4692.71 (adefa7837d02a..., userDataDir: C:\Users\MINHDU~1\AppData\L...}, goog:chromeOptions: {debuggerAddress: localhost:52094}, javascriptEnabled: true, networkConnectionEnabled: false, pageLoadStrategy: normal, platform: WINDOWS, platformName: WINDOWS, proxy: Proxy(), setWindowRect: true, strictFileInteractability: false, timeouts: {implicit: 0, pageLoad: 300000, script: 30000}, unhandledPromptBehavior: dismiss and notify, webauthn:extension:credBlob: true, webauthn:extension:largeBlob: true, webauthn:virtualAuthenticators: true}
Session ID: 1296acaaf3a3393553530e1fb24aa782
*** Element info: {Using=xpath, value=//div[@id='linkroot']/div/div[11]/div[2]/ul/li/a}
	at org.openqa.selenium.remote.http.W3CHttpResponseCodec.createException(W3CHttpResponseCodec.java:187)
	at org.openqa.selenium.remote.http.W3CHttpResponseCodec.decode(W3CHttpResponseCodec.java:122)
	at org.openqa.selenium.remote.http.W3CHttpResponseCodec.decode(W3CHttpResponseCodec.java:49)
	at org.openqa.selenium.remote.HttpCommandExecutor.execute(HttpCommandExecutor.java:158)
	at org.openqa.selenium.remote.service.DriverCommandExecutor.execute(DriverCommandExecutor.java:83)
	at org.openqa.selenium.remote.RemoteWebDriver.execute(RemoteWebDriver.java:552)
	at com.kms.katalon.selenium.driver.CChromeDriver.execute(CChromeDriver.java:19)
	at org.openqa.selenium.remote.RemoteWebDriver.findElements(RemoteWebDriver.java:353)
	at org.openqa.selenium.remote.RemoteWebDriver.findElementsByXPath(RemoteWebDriver.java:432)
	at org.openqa.selenium.By$ByXPath.findElements(By.java:348)
	at org.openqa.selenium.remote.RemoteWebDriver.findElements(RemoteWebDriver.java:311)
	at org.openqa.selenium.support.events.EventFiringWebDriver.lambda$new$1(EventFiringWebDriver.java:105)
	at com.sun.proxy.$Proxy10.findElements(Unknown Source)
	at org.openqa.selenium.support.events.EventFiringWebDriver.findElements(EventFiringWebDriver.java:182)
	at com.kms.katalon.core.webui.common.WebUiCommonHelper.findElementByNormalMethods(WebUiCommonHelper.java:1014)
	at com.kms.katalon.core.webui.common.WebUiCommonHelper.findElementsBySelectedMethod(WebUiCommonHelper.java:909)
	at com.kms.katalon.core.webui.common.WebUiCommonHelper.findElementsBySelectedMethod(WebUiCommonHelper.java:892)
	at com.kms.katalon.core.webui.common.WebUiCommonHelper.findElementsBySelectedMethod(WebUiCommonHelper.java:887)
	at com.kms.katalon.core.webui.common.WebUiCommonHelper.findElementsByDefault(WebUiCommonHelper.java:883)
	at com.kms.katalon.core.webui.common.WebUiCommonHelper.findWebElements(WebUiCommonHelper.java:720)
	at com.kms.katalon.core.webui.common.WebUiCommonHelper.findWebElement(WebUiCommonHelper.java:1363)
	at com.kms.katalon.core.webui.keyword.internal.WebUIAbstractKeyword.findWebElement(WebUIAbstractKeyword.groovy:27)
	at com.kms.katalon.core.webui.keyword.builtin.ClickKeyword$_click_closure1.doCall(ClickKeyword.groovy:65)
	at com.kms.katalon.core.webui.keyword.builtin.ClickKeyword$_click_closure1.call(ClickKeyword.groovy)
	at com.kms.katalon.core.webui.keyword.internal.WebUIKeywordMain.runKeyword(WebUIKeywordMain.groovy:20)
	... 19 more


2022-01-17 21:06:18 - [TEST_STEP][PASSED] - openBrowser(""): Browser is opened with url: ''

2022-01-17 21:06:18 - [MESSAGE][WARNING] - A browser is already opened. Closing browser and opening a new one

2022-01-17 21:06:19 - [MESSAGE][INFO] - Starting 'Chrome' driver

2022-01-17 21:06:19 - [MESSAGE][INFO] - Action delay is set to 0 milliseconds

2022-01-17 21:06:20 - [MESSAGE][PASSED] - Browser is opened with url: ''

2022-01-17 21:06:20 - [TEST_STEP][PASSED] - navigateToUrl("http://localhost/moodle/login/index.php"): Navigate to 'http://localhost/moodle/login/index.php' successfully

2022-01-17 21:06:21 - [MESSAGE][PASSED] - Navigate to 'http://localhost/moodle/login/index.php' successfully

2022-01-17 21:06:21 - [TEST_STEP][PASSED] - setText(findTestObject("Object Repository/Page_Moodle Log in to the site/input_Username_username (43)"), "admin"): Text 'admin' is set on object 'Object Repository/Page_Moodle Log in to the site/input_Username_username (43)'

2022-01-17 21:06:22 - [MESSAGE][PASSED] - Text 'admin' is set on object 'Object Repository/Page_Moodle Log in to the site/input_Username_username (43)'

2022-01-17 21:06:22 - [TEST_STEP][PASSED] - setEncryptedText(findTestObject("Object Repository/Page_Moodle Log in to the site/input_Password_password (43)"), "8JanWqnBZBo6yBKKrpSnpw=="): Text ****** has been set on object 'Object Repository/Page_Moodle Log in to the site/input_Password_password (43)'

2022-01-17 21:06:23 - [MESSAGE][PASSED] - Text ****** has been set on object 'Object Repository/Page_Moodle Log in to the site/input_Password_password (43)'

2022-01-17 21:06:23 - [TEST_STEP][PASSED] - click(findTestObject("Object Repository/Page_Moodle Log in to the site/button_Log in (33)")): Object: 'Object Repository/Page_Moodle Log in to the site/button_Log in (33)' is clicked on

2022-01-17 21:06:25 - [MESSAGE][PASSED] - Object: 'Object Repository/Page_Moodle Log in to the site/button_Log in (33)' is clicked on

2022-01-17 21:06:25 - [TEST_STEP][PASSED] - click(findTestObject("Object Repository/Page_Dashboard/span_Site administration (13)")): Object: 'Object Repository/Page_Dashboard/span_Site administration (13)' is clicked on

2022-01-17 21:06:30 - [MESSAGE][PASSED] - Object: 'Object Repository/Page_Dashboard/span_Site administration (13)' is clicked on

2022-01-17 21:06:30 - [TEST_STEP][FAILED] - click(findTestObject("Object Repository/Page_Moodle Administration Search/a_IP blocker")): Unable to click on object 'Object Repository/Page_Moodle Administration Search/a_IP blocker' (Root cause: com.kms.katalon.core.exception.StepFailedException: Unable to click on object 'Object Repository/Page_Moodle Administration Search/a_IP blocker'
	at com.kms.katalon.core.webui.keyword.internal.WebUIKeywordMain.stepFailed(WebUIKeywordMain.groovy:64)
	at com.kms.katalon.core.webui.keyword.internal.WebUIKeywordMain.runKeyword(WebUIKeywordMain.groovy:26)
	at com.kms.katalon.core.webui.keyword.builtin.ClickKeyword.click(ClickKeyword.groovy:74)
	at com.kms.katalon.core.webui.keyword.builtin.ClickKeyword.execute(ClickKeyword.groovy:40)
	at com.kms.katalon.core.keyword.internal.KeywordExecutor.executeKeywordForPlatform(KeywordExecutor.groovy:74)
	at com.kms.katalon.core.webui.keyword.WebUiBuiltInKeywords.click(WebUiBuiltInKeywords.groovy:620)
	at com.kms.katalon.core.webui.keyword.WebUiBuiltInKeywords$click$3.call(Unknown Source)
	at Admin Block Ip.run(Admin Block Ip:33)
	at com.kms.katalon.core.main.ScriptEngine.run(ScriptEngine.java:194)
	at com.kms.katalon.core.main.ScriptEngine.runScriptAsRawText(ScriptEngine.java:119)
	at com.kms.katalon.core.main.TestCaseExecutor.runScript(TestCaseExecutor.java:442)
	at com.kms.katalon.core.main.TestCaseExecutor.doExecute(TestCaseExecutor.java:433)
	at com.kms.katalon.core.main.TestCaseExecutor.processExecutionPhase(TestCaseExecutor.java:412)
	at com.kms.katalon.core.main.TestCaseExecutor.accessMainPhase(TestCaseExecutor.java:404)
	at com.kms.katalon.core.main.TestCaseExecutor.execute(TestCaseExecutor.java:281)
	at com.kms.katalon.core.main.TestSuiteExecutor.accessTestCaseMainPhase(TestSuiteExecutor.java:202)
	at com.kms.katalon.core.main.TestSuiteExecutor.accessTestSuiteMainPhase(TestSuiteExecutor.java:164)
	at com.kms.katalon.core.main.TestSuiteExecutor.execute(TestSuiteExecutor.java:105)
	at com.kms.katalon.core.main.TestCaseMain.startTestSuite(TestCaseMain.java:181)
	at com.kms.katalon.core.main.TestCaseMain$startTestSuite$0.call(Unknown Source)
	at TempTestSuite1642427402729.run(TempTestSuite1642427402729.groovy:36)
Caused by: org.openqa.selenium.WebDriverException: chrome not reachable
  (Session info: chrome=97.0.4692.71)
Build info: version: '3.141.59', revision: 'e82be7d358', time: '2018-11-14T08:25:53'
System info: host: 'MINHDUC', ip: '192.168.3.10', os.name: 'Windows 10', os.arch: 'amd64', os.version: '10.0', java.version: '1.8.0_282'
Driver info: com.kms.katalon.selenium.driver.CChromeDriver
Capabilities {acceptInsecureCerts: false, browserName: chrome, browserVersion: 97.0.4692.71, chrome: {chromedriverVersion: 97.0.4692.71 (adefa7837d02a..., userDataDir: C:\Users\MINHDU~1\AppData\L...}, goog:chromeOptions: {debuggerAddress: localhost:52094}, javascriptEnabled: true, networkConnectionEnabled: false, pageLoadStrategy: normal, platform: WINDOWS, platformName: WINDOWS, proxy: Proxy(), setWindowRect: true, strictFileInteractability: false, timeouts: {implicit: 0, pageLoad: 300000, script: 30000}, unhandledPromptBehavior: dismiss and notify, webauthn:extension:credBlob: true, webauthn:extension:largeBlob: true, webauthn:virtualAuthenticators: true}
Session ID: 1296acaaf3a3393553530e1fb24aa782
*** Element info: {Using=xpath, value=//div[@id='linkroot']/div/div[11]/div[2]/ul/li/a}
	at org.openqa.selenium.remote.http.W3CHttpResponseCodec.createException(W3CHttpResponseCodec.java:187)
	at org.openqa.selenium.remote.http.W3CHttpResponseCodec.decode(W3CHttpResponseCodec.java:122)
	at org.openqa.selenium.remote.http.W3CHttpResponseCodec.decode(W3CHttpResponseCodec.java:49)
	at org.openqa.selenium.remote.HttpCommandExecutor.execute(HttpCommandExecutor.java:158)
	at org.openqa.selenium.remote.service.DriverCommandExecutor.execute(DriverCommandExecutor.java:83)
	at org.openqa.selenium.remote.RemoteWebDriver.execute(RemoteWebDriver.java:552)
	at com.kms.katalon.selenium.driver.CChromeDriver.execute(CChromeDriver.java:19)
	at org.openqa.selenium.remote.RemoteWebDriver.findElements(RemoteWebDriver.java:353)
	at org.openqa.selenium.remote.RemoteWebDriver.findElementsByXPath(RemoteWebDriver.java:432)
	at org.openqa.selenium.By$ByXPath.findElements(By.java:348)
	at org.openqa.selenium.remote.RemoteWebDriver.findElements(RemoteWebDriver.java:311)
	at org.openqa.selenium.support.events.EventFiringWebDriver.lambda$new$1(EventFiringWebDriver.java:105)
	at com.sun.proxy.$Proxy10.findElements(Unknown Source)
	at org.openqa.selenium.support.events.EventFiringWebDriver.findElements(EventFiringWebDriver.java:182)
	at com.kms.katalon.core.webui.common.WebUiCommonHelper.findElementByNormalMethods(WebUiCommonHelper.java:1014)
	at com.kms.katalon.core.webui.common.WebUiCommonHelper.findElementsBySelectedMethod(WebUiCommonHelper.java:909)
	at com.kms.katalon.core.webui.common.WebUiCommonHelper.findElementsBySelectedMethod(WebUiCommonHelper.java:892)
	at com.kms.katalon.core.webui.common.WebUiCommonHelper.findElementsBySelectedMethod(WebUiCommonHelper.java:887)
	at com.kms.katalon.core.webui.common.WebUiCommonHelper.findElementsByDefault(WebUiCommonHelper.java:883)
	at com.kms.katalon.core.webui.common.WebUiCommonHelper.findWebElements(WebUiCommonHelper.java:720)
	at com.kms.katalon.core.webui.common.WebUiCommonHelper.findWebElement(WebUiCommonHelper.java:1363)
	at com.kms.katalon.core.webui.keyword.internal.WebUIAbstractKeyword.findWebElement(WebUIAbstractKeyword.groovy:27)
	at com.kms.katalon.core.webui.keyword.builtin.ClickKeyword$_click_closure1.doCall(ClickKeyword.groovy:65)
	at com.kms.katalon.core.webui.keyword.builtin.ClickKeyword$_click_closure1.call(ClickKeyword.groovy)
	at com.kms.katalon.core.webui.keyword.internal.WebUIKeywordMain.runKeyword(WebUIKeywordMain.groovy:20)
	at com.kms.katalon.core.webui.keyword.builtin.ClickKeyword.click(ClickKeyword.groovy:74)
	at com.kms.katalon.core.webui.keyword.builtin.ClickKeyword.execute(ClickKeyword.groovy:40)
	at com.kms.katalon.core.keyword.internal.KeywordExecutor.executeKeywordForPlatform(KeywordExecutor.groovy:74)
	at com.kms.katalon.core.webui.keyword.WebUiBuiltInKeywords.click(WebUiBuiltInKeywords.groovy:620)
	at com.kms.katalon.core.webui.keyword.WebUiBuiltInKeywords$click$3.call(Unknown Source)
	at Script1642403753596.run(Script1642403753596.groovy:33)
	... 13 more
)

2022-01-17 21:06:58 - [MESSAGE][WARNING] - Cannot take screenshot

2022-01-17 21:06:58 - [MESSAGE][FAILED] - Unable to click on object 'Object Repository/Page_Moodle Administration Search/a_IP blocker' (Root cause: com.kms.katalon.core.exception.StepFailedException: Unable to click on object 'Object Repository/Page_Moodle Administration Search/a_IP blocker'
	at com.kms.katalon.core.webui.keyword.internal.WebUIKeywordMain.stepFailed(WebUIKeywordMain.groovy:64)
	at com.kms.katalon.core.webui.keyword.internal.WebUIKeywordMain.runKeyword(WebUIKeywordMain.groovy:26)
	at com.kms.katalon.core.webui.keyword.builtin.ClickKeyword.click(ClickKeyword.groovy:74)
	at com.kms.katalon.core.webui.keyword.builtin.ClickKeyword.execute(ClickKeyword.groovy:40)
	at com.kms.katalon.core.keyword.internal.KeywordExecutor.executeKeywordForPlatform(KeywordExecutor.groovy:74)
	at com.kms.katalon.core.webui.keyword.WebUiBuiltInKeywords.click(WebUiBuiltInKeywords.groovy:620)
	at com.kms.katalon.core.webui.keyword.WebUiBuiltInKeywords$click$3.call(Unknown Source)
	at Admin Block Ip.run(Admin Block Ip:33)
	at com.kms.katalon.core.main.ScriptEngine.run(ScriptEngine.java:194)
	at com.kms.katalon.core.main.ScriptEngine.runScriptAsRawText(ScriptEngine.java:119)
	at com.kms.katalon.core.main.TestCaseExecutor.runScript(TestCaseExecutor.java:442)
	at com.kms.katalon.core.main.TestCaseExecutor.doExecute(TestCaseExecutor.java:433)
	at com.kms.katalon.core.main.TestCaseExecutor.processExecutionPhase(TestCaseExecutor.java:412)
	at com.kms.katalon.core.main.TestCaseExecutor.accessMainPhase(TestCaseExecutor.java:404)
	at com.kms.katalon.core.main.TestCaseExecutor.execute(TestCaseExecutor.java:281)
	at com.kms.katalon.core.main.TestSuiteExecutor.accessTestCaseMainPhase(TestSuiteExecutor.java:202)
	at com.kms.katalon.core.main.TestSuiteExecutor.accessTestSuiteMainPhase(TestSuiteExecutor.java:164)
	at com.kms.katalon.core.main.TestSuiteExecutor.execute(TestSuiteExecutor.java:105)
	at com.kms.katalon.core.main.TestCaseMain.startTestSuite(TestCaseMain.java:181)
	at com.kms.katalon.core.main.TestCaseMain$startTestSuite$0.call(Unknown Source)
	at TempTestSuite1642427402729.run(TempTestSuite1642427402729.groovy:36)
Caused by: org.openqa.selenium.WebDriverException: chrome not reachable
  (Session info: chrome=97.0.4692.71)
Build info: version: '3.141.59', revision: 'e82be7d358', time: '2018-11-14T08:25:53'
System info: host: 'MINHDUC', ip: '192.168.3.10', os.name: 'Windows 10', os.arch: 'amd64', os.version: '10.0', java.version: '1.8.0_282'
Driver info: com.kms.katalon.selenium.driver.CChromeDriver
Capabilities {acceptInsecureCerts: false, browserName: chrome, browserVersion: 97.0.4692.71, chrome: {chromedriverVersion: 97.0.4692.71 (adefa7837d02a..., userDataDir: C:\Users\MINHDU~1\AppData\L...}, goog:chromeOptions: {debuggerAddress: localhost:52094}, javascriptEnabled: true, networkConnectionEnabled: false, pageLoadStrategy: normal, platform: WINDOWS, platformName: WINDOWS, proxy: Proxy(), setWindowRect: true, strictFileInteractability: false, timeouts: {implicit: 0, pageLoad: 300000, script: 30000}, unhandledPromptBehavior: dismiss and notify, webauthn:extension:credBlob: true, webauthn:extension:largeBlob: true, webauthn:virtualAuthenticators: true}
Session ID: 1296acaaf3a3393553530e1fb24aa782
*** Element info: {Using=xpath, value=//div[@id='linkroot']/div/div[11]/div[2]/ul/li/a}
	at org.openqa.selenium.remote.http.W3CHttpResponseCodec.createException(W3CHttpResponseCodec.java:187)
	at org.openqa.selenium.remote.http.W3CHttpResponseCodec.decode(W3CHttpResponseCodec.java:122)
	at org.openqa.selenium.remote.http.W3CHttpResponseCodec.decode(W3CHttpResponseCodec.java:49)
	at org.openqa.selenium.remote.HttpCommandExecutor.execute(HttpCommandExecutor.java:158)
	at org.openqa.selenium.remote.service.DriverCommandExecutor.execute(DriverCommandExecutor.java:83)
	at org.openqa.selenium.remote.RemoteWebDriver.execute(RemoteWebDriver.java:552)
	at com.kms.katalon.selenium.driver.CChromeDriver.execute(CChromeDriver.java:19)
	at org.openqa.selenium.remote.RemoteWebDriver.findElements(RemoteWebDriver.java:353)
	at org.openqa.selenium.remote.RemoteWebDriver.findElementsByXPath(RemoteWebDriver.java:432)
	at org.openqa.selenium.By$ByXPath.findElements(By.java:348)
	at org.openqa.selenium.remote.RemoteWebDriver.findElements(RemoteWebDriver.java:311)
	at org.openqa.selenium.support.events.EventFiringWebDriver.lambda$new$1(EventFiringWebDriver.java:105)
	at com.sun.proxy.$Proxy10.findElements(Unknown Source)
	at org.openqa.selenium.support.events.EventFiringWebDriver.findElements(EventFiringWebDriver.java:182)
	at com.kms.katalon.core.webui.common.WebUiCommonHelper.findElementByNormalMethods(WebUiCommonHelper.java:1014)
	at com.kms.katalon.core.webui.common.WebUiCommonHelper.findElementsBySelectedMethod(WebUiCommonHelper.java:909)
	at com.kms.katalon.core.webui.common.WebUiCommonHelper.findElementsBySelectedMethod(WebUiCommonHelper.java:892)
	at com.kms.katalon.core.webui.common.WebUiCommonHelper.findElementsBySelectedMethod(WebUiCommonHelper.java:887)
	at com.kms.katalon.core.webui.common.WebUiCommonHelper.findElementsByDefault(WebUiCommonHelper.java:883)
	at com.kms.katalon.core.webui.common.WebUiCommonHelper.findWebElements(WebUiCommonHelper.java:720)
	at com.kms.katalon.core.webui.common.WebUiCommonHelper.findWebElement(WebUiCommonHelper.java:1363)
	at com.kms.katalon.core.webui.keyword.internal.WebUIAbstractKeyword.findWebElement(WebUIAbstractKeyword.groovy:27)
	at com.kms.katalon.core.webui.keyword.builtin.ClickKeyword$_click_closure1.doCall(ClickKeyword.groovy:65)
	at com.kms.katalon.core.webui.keyword.builtin.ClickKeyword$_click_closure1.call(ClickKeyword.groovy)
	at com.kms.katalon.core.webui.keyword.internal.WebUIKeywordMain.runKeyword(WebUIKeywordMain.groovy:20)
	at com.kms.katalon.core.webui.keyword.builtin.ClickKeyword.click(ClickKeyword.groovy:74)
	at com.kms.katalon.core.webui.keyword.builtin.ClickKeyword.execute(ClickKeyword.groovy:40)
	at com.kms.katalon.core.keyword.internal.KeywordExecutor.executeKeywordForPlatform(KeywordExecutor.groovy:74)
	at com.kms.katalon.core.webui.keyword.WebUiBuiltInKeywords.click(WebUiBuiltInKeywords.groovy:620)
	at com.kms.katalon.core.webui.keyword.WebUiBuiltInKeywords$click$3.call(Unknown Source)
	at Script1642403753596.run(Script1642403753596.groovy:33)
	... 13 more
)]]></system-out>
         <system-err><![CDATA[2022-01-17 21:06:17 - [TEST_CASE][FAILED] - Test Cases/Admin Block Ip: Test Cases/Admin Block Ip FAILED.
Reason:
com.kms.katalon.core.exception.StepFailedException: Unable to click on object 'Object Repository/Page_Moodle Administration Search/a_IP blocker'
	at com.kms.katalon.core.webui.keyword.internal.WebUIKeywordMain.stepFailed(WebUIKeywordMain.groovy:64)
	at com.kms.katalon.core.webui.keyword.internal.WebUIKeywordMain.runKeyword(WebUIKeywordMain.groovy:26)
	at com.kms.katalon.core.webui.keyword.builtin.ClickKeyword.click(ClickKeyword.groovy:74)
	at com.kms.katalon.core.webui.keyword.builtin.ClickKeyword.execute(ClickKeyword.groovy:40)
	at com.kms.katalon.core.keyword.internal.KeywordExecutor.executeKeywordForPlatform(KeywordExecutor.groovy:74)
	at com.kms.katalon.core.webui.keyword.WebUiBuiltInKeywords.click(WebUiBuiltInKeywords.groovy:620)
	at com.kms.katalon.core.webui.keyword.WebUiBuiltInKeywords$click$3.call(Unknown Source)
	at Admin Block Ip.run(Admin Block Ip:33)
	at com.kms.katalon.core.main.ScriptEngine.run(ScriptEngine.java:194)
	at com.kms.katalon.core.main.ScriptEngine.runScriptAsRawText(ScriptEngine.java:119)
	at com.kms.katalon.core.main.TestCaseExecutor.runScript(TestCaseExecutor.java:442)
	at com.kms.katalon.core.main.TestCaseExecutor.doExecute(TestCaseExecutor.java:433)
	at com.kms.katalon.core.main.TestCaseExecutor.processExecutionPhase(TestCaseExecutor.java:412)
	at com.kms.katalon.core.main.TestCaseExecutor.accessMainPhase(TestCaseExecutor.java:404)
	at com.kms.katalon.core.main.TestCaseExecutor.execute(TestCaseExecutor.java:281)
	at com.kms.katalon.core.main.TestSuiteExecutor.accessTestCaseMainPhase(TestSuiteExecutor.java:202)
	at com.kms.katalon.core.main.TestSuiteExecutor.accessTestSuiteMainPhase(TestSuiteExecutor.java:164)
	at com.kms.katalon.core.main.TestSuiteExecutor.execute(TestSuiteExecutor.java:105)
	at com.kms.katalon.core.main.TestCaseMain.startTestSuite(TestCaseMain.java:181)
	at com.kms.katalon.core.main.TestCaseMain$startTestSuite$0.call(Unknown Source)
	at TempTestSuite1642427402729.run(TempTestSuite1642427402729.groovy:36)
Caused by: org.openqa.selenium.WebDriverException: chrome not reachable
  (Session info: chrome=97.0.4692.71)
Build info: version: '3.141.59', revision: 'e82be7d358', time: '2018-11-14T08:25:53'
System info: host: 'MINHDUC', ip: '192.168.3.10', os.name: 'Windows 10', os.arch: 'amd64', os.version: '10.0', java.version: '1.8.0_282'
Driver info: com.kms.katalon.selenium.driver.CChromeDriver
Capabilities {acceptInsecureCerts: false, browserName: chrome, browserVersion: 97.0.4692.71, chrome: {chromedriverVersion: 97.0.4692.71 (adefa7837d02a..., userDataDir: C:\Users\MINHDU~1\AppData\L...}, goog:chromeOptions: {debuggerAddress: localhost:52094}, javascriptEnabled: true, networkConnectionEnabled: false, pageLoadStrategy: normal, platform: WINDOWS, platformName: WINDOWS, proxy: Proxy(), setWindowRect: true, strictFileInteractability: false, timeouts: {implicit: 0, pageLoad: 300000, script: 30000}, unhandledPromptBehavior: dismiss and notify, webauthn:extension:credBlob: true, webauthn:extension:largeBlob: true, webauthn:virtualAuthenticators: true}
Session ID: 1296acaaf3a3393553530e1fb24aa782
*** Element info: {Using=xpath, value=//div[@id='linkroot']/div/div[11]/div[2]/ul/li/a}
	at org.openqa.selenium.remote.http.W3CHttpResponseCodec.createException(W3CHttpResponseCodec.java:187)
	at org.openqa.selenium.remote.http.W3CHttpResponseCodec.decode(W3CHttpResponseCodec.java:122)
	at org.openqa.selenium.remote.http.W3CHttpResponseCodec.decode(W3CHttpResponseCodec.java:49)
	at org.openqa.selenium.remote.HttpCommandExecutor.execute(HttpCommandExecutor.java:158)
	at org.openqa.selenium.remote.service.DriverCommandExecutor.execute(DriverCommandExecutor.java:83)
	at org.openqa.selenium.remote.RemoteWebDriver.execute(RemoteWebDriver.java:552)
	at com.kms.katalon.selenium.driver.CChromeDriver.execute(CChromeDriver.java:19)
	at org.openqa.selenium.remote.RemoteWebDriver.findElements(RemoteWebDriver.java:353)
	at org.openqa.selenium.remote.RemoteWebDriver.findElementsByXPath(RemoteWebDriver.java:432)
	at org.openqa.selenium.By$ByXPath.findElements(By.java:348)
	at org.openqa.selenium.remote.RemoteWebDriver.findElements(RemoteWebDriver.java:311)
	at org.openqa.selenium.support.events.EventFiringWebDriver.lambda$new$1(EventFiringWebDriver.java:105)
	at com.sun.proxy.$Proxy10.findElements(Unknown Source)
	at org.openqa.selenium.support.events.EventFiringWebDriver.findElements(EventFiringWebDriver.java:182)
	at com.kms.katalon.core.webui.common.WebUiCommonHelper.findElementByNormalMethods(WebUiCommonHelper.java:1014)
	at com.kms.katalon.core.webui.common.WebUiCommonHelper.findElementsBySelectedMethod(WebUiCommonHelper.java:909)
	at com.kms.katalon.core.webui.common.WebUiCommonHelper.findElementsBySelectedMethod(WebUiCommonHelper.java:892)
	at com.kms.katalon.core.webui.common.WebUiCommonHelper.findElementsBySelectedMethod(WebUiCommonHelper.java:887)
	at com.kms.katalon.core.webui.common.WebUiCommonHelper.findElementsByDefault(WebUiCommonHelper.java:883)
	at com.kms.katalon.core.webui.common.WebUiCommonHelper.findWebElements(WebUiCommonHelper.java:720)
	at com.kms.katalon.core.webui.common.WebUiCommonHelper.findWebElement(WebUiCommonHelper.java:1363)
	at com.kms.katalon.core.webui.keyword.internal.WebUIAbstractKeyword.findWebElement(WebUIAbstractKeyword.groovy:27)
	at com.kms.katalon.core.webui.keyword.builtin.ClickKeyword$_click_closure1.doCall(ClickKeyword.groovy:65)
	at com.kms.katalon.core.webui.keyword.builtin.ClickKeyword$_click_closure1.call(ClickKeyword.groovy)
	at com.kms.katalon.core.webui.keyword.internal.WebUIKeywordMain.runKeyword(WebUIKeywordMain.groovy:20)
	... 19 more]]></system-err>
      </testcase>
      <testcase name="Test Cases/Admin Add New Cohort" time="44.991" classname="Test Cases/Admin Add New Cohort" status="FAILED">
         <failure type="FAILED" message="Test Cases/Admin Add New Cohort FAILED.
Reason:
com.kms.katalon.core.exception.StepFailedException: Unable to set text 'New Cohort' of object 'Object Repository/Page_Add new cohort/input_Name_name'
	at com.kms.katalon.core.webui.keyword.internal.WebUIKeywordMain.stepFailed(WebUIKeywordMain.groovy:64)
	at com.kms.katalon.core.webui.keyword.internal.WebUIKeywordMain.runKeyword(WebUIKeywordMain.groovy:26)
	at com.kms.katalon.core.webui.keyword.builtin.SetTextKeyword.setText(SetTextKeyword.groovy:66)
	at com.kms.katalon.core.webui.keyword.builtin.SetTextKeyword.execute(SetTextKeyword.groovy:37)
	at com.kms.katalon.core.keyword.internal.KeywordExecutor.executeKeywordForPlatform(KeywordExecutor.groovy:74)
	at com.kms.katalon.core.webui.keyword.WebUiBuiltInKeywords.setText(WebUiBuiltInKeywords.groovy:980)
	at com.kms.katalon.core.webui.keyword.WebUiBuiltInKeywords$setText$1.call(Unknown Source)
	at Admin Add New Cohort.run(Admin Add New Cohort:30)
	at com.kms.katalon.core.main.ScriptEngine.run(ScriptEngine.java:194)
	at com.kms.katalon.core.main.ScriptEngine.runScriptAsRawText(ScriptEngine.java:119)
	at com.kms.katalon.core.main.TestCaseExecutor.runScript(TestCaseExecutor.java:442)
	at com.kms.katalon.core.main.TestCaseExecutor.doExecute(TestCaseExecutor.java:433)
	at com.kms.katalon.core.main.TestCaseExecutor.processExecutionPhase(TestCaseExecutor.java:412)
	at com.kms.katalon.core.main.TestCaseExecutor.accessMainPhase(TestCaseExecutor.java:404)
	at com.kms.katalon.core.main.TestCaseExecutor.execute(TestCaseExecutor.java:281)
	at com.kms.katalon.core.main.TestSuiteExecutor.accessTestCaseMainPhase(TestSuiteExecutor.java:202)
	at com.kms.katalon.core.main.TestSuiteExecutor.accessTestSuiteMainPhase(TestSuiteExecutor.java:164)
	at com.kms.katalon.core.main.TestSuiteExecutor.execute(TestSuiteExecutor.java:105)
	at com.kms.katalon.core.main.TestCaseMain.startTestSuite(TestCaseMain.java:181)
	at com.kms.katalon.core.main.TestCaseMain$startTestSuite$0.call(Unknown Source)
	at TempTestSuite1642427402729.run(TempTestSuite1642427402729.groovy:36)
Caused by: com.kms.katalon.core.webui.exception.WebElementNotFoundException: Web element with id: 'Object Repository/Page_Add new cohort/input_Name_name' located by '//input[@id='id_name']' not found
	at com.kms.katalon.core.webui.common.WebUiCommonHelper.findWebElement(WebUiCommonHelper.java:1368)
	at com.kms.katalon.core.webui.keyword.internal.WebUIAbstractKeyword.findWebElement(WebUIAbstractKeyword.groovy:27)
	at com.kms.katalon.core.webui.keyword.internal.WebUIAbstractKeyword.findWebElement(WebUIAbstractKeyword.groovy:26)
	at com.kms.katalon.core.webui.keyword.builtin.SetTextKeyword$_setText_closure1.doCall(SetTextKeyword.groovy:51)
	at com.kms.katalon.core.webui.keyword.builtin.SetTextKeyword$_setText_closure1.call(SetTextKeyword.groovy)
	at com.kms.katalon.core.webui.keyword.internal.WebUIKeywordMain.runKeyword(WebUIKeywordMain.groovy:20)
	... 19 more
"/>
         <system-out><![CDATA[2022-01-17 21:06:58 - [TEST_CASE][FAILED] - Test Cases/Admin Add New Cohort: Test Cases/Admin Add New Cohort FAILED.
Reason:
com.kms.katalon.core.exception.StepFailedException: Unable to set text 'New Cohort' of object 'Object Repository/Page_Add new cohort/input_Name_name'
	at com.kms.katalon.core.webui.keyword.internal.WebUIKeywordMain.stepFailed(WebUIKeywordMain.groovy:64)
	at com.kms.katalon.core.webui.keyword.internal.WebUIKeywordMain.runKeyword(WebUIKeywordMain.groovy:26)
	at com.kms.katalon.core.webui.keyword.builtin.SetTextKeyword.setText(SetTextKeyword.groovy:66)
	at com.kms.katalon.core.webui.keyword.builtin.SetTextKeyword.execute(SetTextKeyword.groovy:37)
	at com.kms.katalon.core.keyword.internal.KeywordExecutor.executeKeywordForPlatform(KeywordExecutor.groovy:74)
	at com.kms.katalon.core.webui.keyword.WebUiBuiltInKeywords.setText(WebUiBuiltInKeywords.groovy:980)
	at com.kms.katalon.core.webui.keyword.WebUiBuiltInKeywords$setText$1.call(Unknown Source)
	at Admin Add New Cohort.run(Admin Add New Cohort:30)
	at com.kms.katalon.core.main.ScriptEngine.run(ScriptEngine.java:194)
	at com.kms.katalon.core.main.ScriptEngine.runScriptAsRawText(ScriptEngine.java:119)
	at com.kms.katalon.core.main.TestCaseExecutor.runScript(TestCaseExecutor.java:442)
	at com.kms.katalon.core.main.TestCaseExecutor.doExecute(TestCaseExecutor.java:433)
	at com.kms.katalon.core.main.TestCaseExecutor.processExecutionPhase(TestCaseExecutor.java:412)
	at com.kms.katalon.core.main.TestCaseExecutor.accessMainPhase(TestCaseExecutor.java:404)
	at com.kms.katalon.core.main.TestCaseExecutor.execute(TestCaseExecutor.java:281)
	at com.kms.katalon.core.main.TestSuiteExecutor.accessTestCaseMainPhase(TestSuiteExecutor.java:202)
	at com.kms.katalon.core.main.TestSuiteExecutor.accessTestSuiteMainPhase(TestSuiteExecutor.java:164)
	at com.kms.katalon.core.main.TestSuiteExecutor.execute(TestSuiteExecutor.java:105)
	at com.kms.katalon.core.main.TestCaseMain.startTestSuite(TestCaseMain.java:181)
	at com.kms.katalon.core.main.TestCaseMain$startTestSuite$0.call(Unknown Source)
	at TempTestSuite1642427402729.run(TempTestSuite1642427402729.groovy:36)
Caused by: com.kms.katalon.core.webui.exception.WebElementNotFoundException: Web element with id: 'Object Repository/Page_Add new cohort/input_Name_name' located by '//input[@id='id_name']' not found
	at com.kms.katalon.core.webui.common.WebUiCommonHelper.findWebElement(WebUiCommonHelper.java:1368)
	at com.kms.katalon.core.webui.keyword.internal.WebUIAbstractKeyword.findWebElement(WebUIAbstractKeyword.groovy:27)
	at com.kms.katalon.core.webui.keyword.internal.WebUIAbstractKeyword.findWebElement(WebUIAbstractKeyword.groovy:26)
	at com.kms.katalon.core.webui.keyword.builtin.SetTextKeyword$_setText_closure1.doCall(SetTextKeyword.groovy:51)
	at com.kms.katalon.core.webui.keyword.builtin.SetTextKeyword$_setText_closure1.call(SetTextKeyword.groovy)
	at com.kms.katalon.core.webui.keyword.internal.WebUIKeywordMain.runKeyword(WebUIKeywordMain.groovy:20)
	... 19 more


2022-01-17 21:06:59 - [TEST_STEP][PASSED] - callTestCase(findTestCase("Admin Login"), [:], STOP_ON_FAILURE): Call Test Case 'Test Cases/Admin Login' successfully

2022-01-17 21:06:59 - [TEST_CASE][PASSED] - Test Cases/Admin Login: Test Cases/Admin Login

2022-01-17 21:06:59 - [TEST_STEP][PASSED] - openBrowser(""): Browser is opened with url: ''

2022-01-17 21:06:59 - [MESSAGE][WARNING] - A browser is already opened. Closing browser and opening a new one

2022-01-17 21:06:59 - [MESSAGE][INFO] - Starting 'Chrome' driver

2022-01-17 21:06:59 - [MESSAGE][INFO] - Action delay is set to 0 milliseconds

2022-01-17 21:07:01 - [MESSAGE][PASSED] - Browser is opened with url: ''

2022-01-17 21:07:01 - [TEST_STEP][PASSED] - navigateToUrl("http://localhost/moodle/login/index.php"): Navigate to 'http://localhost/moodle/login/index.php' successfully

2022-01-17 21:07:01 - [MESSAGE][PASSED] - Navigate to 'http://localhost/moodle/login/index.php' successfully

2022-01-17 21:07:01 - [TEST_STEP][PASSED] - setText(findTestObject("Object Repository/Page_Moodle Log in to the site/input_Username_username"), "admin"): Text 'admin' is set on object 'Object Repository/Page_Moodle Log in to the site/input_Username_username'

2022-01-17 21:07:02 - [MESSAGE][PASSED] - Text 'admin' is set on object 'Object Repository/Page_Moodle Log in to the site/input_Username_username'

2022-01-17 21:07:02 - [TEST_STEP][PASSED] - setEncryptedText(findTestObject("Object Repository/Page_Moodle Log in to the site/input_Password_password"), "8JanWqnBZBo6yBKKrpSnpw=="): Text ****** has been set on object 'Object Repository/Page_Moodle Log in to the site/input_Password_password'

2022-01-17 21:07:03 - [MESSAGE][PASSED] - Text ****** has been set on object 'Object Repository/Page_Moodle Log in to the site/input_Password_password'

2022-01-17 21:07:03 - [TEST_STEP][PASSED] - click(findTestObject("Object Repository/Page_Moodle Log in to the site/button_Log in")): Object: 'Object Repository/Page_Moodle Log in to the site/button_Log in' is clicked on

2022-01-17 21:07:04 - [MESSAGE][PASSED] - Object: 'Object Repository/Page_Moodle Log in to the site/button_Log in' is clicked on

2022-01-17 21:07:04 - [MESSAGE][PASSED] - Call Test Case 'Test Cases/Admin Login' successfully

2022-01-17 21:07:04 - [TEST_STEP][PASSED] - click(findTestObject("Object Repository/Page_Dashboard/span_Site administration (14)")): Object: 'Object Repository/Page_Dashboard/span_Site administration (14)' is clicked on

2022-01-17 21:07:07 - [MESSAGE][PASSED] - Object: 'Object Repository/Page_Dashboard/span_Site administration (14)' is clicked on

2022-01-17 21:07:07 - [TEST_STEP][PASSED] - click(findTestObject("Object Repository/Page_Moodle Administration Search/a_Users (8)")): Object: 'Object Repository/Page_Moodle Administration Search/a_Users (8)' is clicked on

2022-01-17 21:07:08 - [MESSAGE][PASSED] - Object: 'Object Repository/Page_Moodle Administration Search/a_Users (8)' is clicked on

2022-01-17 21:07:08 - [TEST_STEP][PASSED] - click(findTestObject("Object Repository/Page_Moodle Administration Search/a_Cohorts")): Object: 'Object Repository/Page_Moodle Administration Search/a_Cohorts' is clicked on

2022-01-17 21:07:09 - [MESSAGE][PASSED] - Object: 'Object Repository/Page_Moodle Administration Search/a_Cohorts' is clicked on

2022-01-17 21:07:09 - [TEST_STEP][PASSED] - click(findTestObject("Object Repository/Page_Moodle Administration Users Accounts Cohorts/a_Add new cohort")): Object: 'Object Repository/Page_Moodle Administration Users Accounts Cohorts/a_Add new cohort' is clicked on

2022-01-17 21:07:12 - [MESSAGE][PASSED] - Object: 'Object Repository/Page_Moodle Administration Users Accounts Cohorts/a_Add new cohort' is clicked on

2022-01-17 21:07:12 - [TEST_STEP][FAILED] - setText(findTestObject("Object Repository/Page_Add new cohort/input_Name_name"), "New Cohort"): Unable to set text 'New Cohort' of object 'Object Repository/Page_Add new cohort/input_Name_name' (Root cause: com.kms.katalon.core.exception.StepFailedException: Unable to set text 'New Cohort' of object 'Object Repository/Page_Add new cohort/input_Name_name'
	at com.kms.katalon.core.webui.keyword.internal.WebUIKeywordMain.stepFailed(WebUIKeywordMain.groovy:64)
	at com.kms.katalon.core.webui.keyword.internal.WebUIKeywordMain.runKeyword(WebUIKeywordMain.groovy:26)
	at com.kms.katalon.core.webui.keyword.builtin.SetTextKeyword.setText(SetTextKeyword.groovy:66)
	at com.kms.katalon.core.webui.keyword.builtin.SetTextKeyword.execute(SetTextKeyword.groovy:37)
	at com.kms.katalon.core.keyword.internal.KeywordExecutor.executeKeywordForPlatform(KeywordExecutor.groovy:74)
	at com.kms.katalon.core.webui.keyword.WebUiBuiltInKeywords.setText(WebUiBuiltInKeywords.groovy:980)
	at com.kms.katalon.core.webui.keyword.WebUiBuiltInKeywords$setText$1.call(Unknown Source)
	at Admin Add New Cohort.run(Admin Add New Cohort:30)
	at com.kms.katalon.core.main.ScriptEngine.run(ScriptEngine.java:194)
	at com.kms.katalon.core.main.ScriptEngine.runScriptAsRawText(ScriptEngine.java:119)
	at com.kms.katalon.core.main.TestCaseExecutor.runScript(TestCaseExecutor.java:442)
	at com.kms.katalon.core.main.TestCaseExecutor.doExecute(TestCaseExecutor.java:433)
	at com.kms.katalon.core.main.TestCaseExecutor.processExecutionPhase(TestCaseExecutor.java:412)
	at com.kms.katalon.core.main.TestCaseExecutor.accessMainPhase(TestCaseExecutor.java:404)
	at com.kms.katalon.core.main.TestCaseExecutor.execute(TestCaseExecutor.java:281)
	at com.kms.katalon.core.main.TestSuiteExecutor.accessTestCaseMainPhase(TestSuiteExecutor.java:202)
	at com.kms.katalon.core.main.TestSuiteExecutor.accessTestSuiteMainPhase(TestSuiteExecutor.java:164)
	at com.kms.katalon.core.main.TestSuiteExecutor.execute(TestSuiteExecutor.java:105)
	at com.kms.katalon.core.main.TestCaseMain.startTestSuite(TestCaseMain.java:181)
	at com.kms.katalon.core.main.TestCaseMain$startTestSuite$0.call(Unknown Source)
	at TempTestSuite1642427402729.run(TempTestSuite1642427402729.groovy:36)
Caused by: com.kms.katalon.core.webui.exception.WebElementNotFoundException: Web element with id: 'Object Repository/Page_Add new cohort/input_Name_name' located by '//input[@id='id_name']' not found
	at com.kms.katalon.core.webui.common.WebUiCommonHelper.findWebElement(WebUiCommonHelper.java:1368)
	at com.kms.katalon.core.webui.keyword.internal.WebUIAbstractKeyword.findWebElement(WebUIAbstractKeyword.groovy:27)
	at com.kms.katalon.core.webui.keyword.internal.WebUIAbstractKeyword.findWebElement(WebUIAbstractKeyword.groovy:26)
	at com.kms.katalon.core.webui.keyword.builtin.SetTextKeyword$_setText_closure1.doCall(SetTextKeyword.groovy:51)
	at com.kms.katalon.core.webui.keyword.builtin.SetTextKeyword$_setText_closure1.call(SetTextKeyword.groovy)
	at com.kms.katalon.core.webui.keyword.internal.WebUIKeywordMain.runKeyword(WebUIKeywordMain.groovy:20)
	at com.kms.katalon.core.webui.keyword.builtin.SetTextKeyword.setText(SetTextKeyword.groovy:66)
	at com.kms.katalon.core.webui.keyword.builtin.SetTextKeyword.execute(SetTextKeyword.groovy:37)
	at com.kms.katalon.core.keyword.internal.KeywordExecutor.executeKeywordForPlatform(KeywordExecutor.groovy:74)
	at com.kms.katalon.core.webui.keyword.WebUiBuiltInKeywords.setText(WebUiBuiltInKeywords.groovy:980)
	at com.kms.katalon.core.webui.keyword.WebUiBuiltInKeywords$setText$1.call(Unknown Source)
	at Script1642404291231.run(Script1642404291231.groovy:30)
	... 13 more
)

2022-01-17 21:07:43 - [MESSAGE][INFO] - Unable to find the element located by 'By.xpath: //input[@id='id_name']'. Please recheck the objects properties to make sure the desired element is located. 

2022-01-17 21:07:43 - [MESSAGE][FAILED] - Unable to set text 'New Cohort' of object 'Object Repository/Page_Add new cohort/input_Name_name' (Root cause: com.kms.katalon.core.exception.StepFailedException: Unable to set text 'New Cohort' of object 'Object Repository/Page_Add new cohort/input_Name_name'
	at com.kms.katalon.core.webui.keyword.internal.WebUIKeywordMain.stepFailed(WebUIKeywordMain.groovy:64)
	at com.kms.katalon.core.webui.keyword.internal.WebUIKeywordMain.runKeyword(WebUIKeywordMain.groovy:26)
	at com.kms.katalon.core.webui.keyword.builtin.SetTextKeyword.setText(SetTextKeyword.groovy:66)
	at com.kms.katalon.core.webui.keyword.builtin.SetTextKeyword.execute(SetTextKeyword.groovy:37)
	at com.kms.katalon.core.keyword.internal.KeywordExecutor.executeKeywordForPlatform(KeywordExecutor.groovy:74)
	at com.kms.katalon.core.webui.keyword.WebUiBuiltInKeywords.setText(WebUiBuiltInKeywords.groovy:980)
	at com.kms.katalon.core.webui.keyword.WebUiBuiltInKeywords$setText$1.call(Unknown Source)
	at Admin Add New Cohort.run(Admin Add New Cohort:30)
	at com.kms.katalon.core.main.ScriptEngine.run(ScriptEngine.java:194)
	at com.kms.katalon.core.main.ScriptEngine.runScriptAsRawText(ScriptEngine.java:119)
	at com.kms.katalon.core.main.TestCaseExecutor.runScript(TestCaseExecutor.java:442)
	at com.kms.katalon.core.main.TestCaseExecutor.doExecute(TestCaseExecutor.java:433)
	at com.kms.katalon.core.main.TestCaseExecutor.processExecutionPhase(TestCaseExecutor.java:412)
	at com.kms.katalon.core.main.TestCaseExecutor.accessMainPhase(TestCaseExecutor.java:404)
	at com.kms.katalon.core.main.TestCaseExecutor.execute(TestCaseExecutor.java:281)
	at com.kms.katalon.core.main.TestSuiteExecutor.accessTestCaseMainPhase(TestSuiteExecutor.java:202)
	at com.kms.katalon.core.main.TestSuiteExecutor.accessTestSuiteMainPhase(TestSuiteExecutor.java:164)
	at com.kms.katalon.core.main.TestSuiteExecutor.execute(TestSuiteExecutor.java:105)
	at com.kms.katalon.core.main.TestCaseMain.startTestSuite(TestCaseMain.java:181)
	at com.kms.katalon.core.main.TestCaseMain$startTestSuite$0.call(Unknown Source)
	at TempTestSuite1642427402729.run(TempTestSuite1642427402729.groovy:36)
Caused by: com.kms.katalon.core.webui.exception.WebElementNotFoundException: Web element with id: 'Object Repository/Page_Add new cohort/input_Name_name' located by '//input[@id='id_name']' not found
	at com.kms.katalon.core.webui.common.WebUiCommonHelper.findWebElement(WebUiCommonHelper.java:1368)
	at com.kms.katalon.core.webui.keyword.internal.WebUIAbstractKeyword.findWebElement(WebUIAbstractKeyword.groovy:27)
	at com.kms.katalon.core.webui.keyword.internal.WebUIAbstractKeyword.findWebElement(WebUIAbstractKeyword.groovy:26)
	at com.kms.katalon.core.webui.keyword.builtin.SetTextKeyword$_setText_closure1.doCall(SetTextKeyword.groovy:51)
	at com.kms.katalon.core.webui.keyword.builtin.SetTextKeyword$_setText_closure1.call(SetTextKeyword.groovy)
	at com.kms.katalon.core.webui.keyword.internal.WebUIKeywordMain.runKeyword(WebUIKeywordMain.groovy:20)
	at com.kms.katalon.core.webui.keyword.builtin.SetTextKeyword.setText(SetTextKeyword.groovy:66)
	at com.kms.katalon.core.webui.keyword.builtin.SetTextKeyword.execute(SetTextKeyword.groovy:37)
	at com.kms.katalon.core.keyword.internal.KeywordExecutor.executeKeywordForPlatform(KeywordExecutor.groovy:74)
	at com.kms.katalon.core.webui.keyword.WebUiBuiltInKeywords.setText(WebUiBuiltInKeywords.groovy:980)
	at com.kms.katalon.core.webui.keyword.WebUiBuiltInKeywords$setText$1.call(Unknown Source)
	at Script1642404291231.run(Script1642404291231.groovy:30)
	... 13 more
)
[[ATTACHMENT|C:\\Users\\Minh Duc\\Desktop\\Test-Automation-SE-Bonus\\Test Automation - SE Bonus\\Reports\\20220117_205002\\Run all test cases\\20220117_205002\\1642428463587.png]]]]></system-out>
         <system-err><![CDATA[2022-01-17 21:06:58 - [TEST_CASE][FAILED] - Test Cases/Admin Add New Cohort: Test Cases/Admin Add New Cohort FAILED.
Reason:
com.kms.katalon.core.exception.StepFailedException: Unable to set text 'New Cohort' of object 'Object Repository/Page_Add new cohort/input_Name_name'
	at com.kms.katalon.core.webui.keyword.internal.WebUIKeywordMain.stepFailed(WebUIKeywordMain.groovy:64)
	at com.kms.katalon.core.webui.keyword.internal.WebUIKeywordMain.runKeyword(WebUIKeywordMain.groovy:26)
	at com.kms.katalon.core.webui.keyword.builtin.SetTextKeyword.setText(SetTextKeyword.groovy:66)
	at com.kms.katalon.core.webui.keyword.builtin.SetTextKeyword.execute(SetTextKeyword.groovy:37)
	at com.kms.katalon.core.keyword.internal.KeywordExecutor.executeKeywordForPlatform(KeywordExecutor.groovy:74)
	at com.kms.katalon.core.webui.keyword.WebUiBuiltInKeywords.setText(WebUiBuiltInKeywords.groovy:980)
	at com.kms.katalon.core.webui.keyword.WebUiBuiltInKeywords$setText$1.call(Unknown Source)
	at Admin Add New Cohort.run(Admin Add New Cohort:30)
	at com.kms.katalon.core.main.ScriptEngine.run(ScriptEngine.java:194)
	at com.kms.katalon.core.main.ScriptEngine.runScriptAsRawText(ScriptEngine.java:119)
	at com.kms.katalon.core.main.TestCaseExecutor.runScript(TestCaseExecutor.java:442)
	at com.kms.katalon.core.main.TestCaseExecutor.doExecute(TestCaseExecutor.java:433)
	at com.kms.katalon.core.main.TestCaseExecutor.processExecutionPhase(TestCaseExecutor.java:412)
	at com.kms.katalon.core.main.TestCaseExecutor.accessMainPhase(TestCaseExecutor.java:404)
	at com.kms.katalon.core.main.TestCaseExecutor.execute(TestCaseExecutor.java:281)
	at com.kms.katalon.core.main.TestSuiteExecutor.accessTestCaseMainPhase(TestSuiteExecutor.java:202)
	at com.kms.katalon.core.main.TestSuiteExecutor.accessTestSuiteMainPhase(TestSuiteExecutor.java:164)
	at com.kms.katalon.core.main.TestSuiteExecutor.execute(TestSuiteExecutor.java:105)
	at com.kms.katalon.core.main.TestCaseMain.startTestSuite(TestCaseMain.java:181)
	at com.kms.katalon.core.main.TestCaseMain$startTestSuite$0.call(Unknown Source)
	at TempTestSuite1642427402729.run(TempTestSuite1642427402729.groovy:36)
Caused by: com.kms.katalon.core.webui.exception.WebElementNotFoundException: Web element with id: 'Object Repository/Page_Add new cohort/input_Name_name' located by '//input[@id='id_name']' not found
	at com.kms.katalon.core.webui.common.WebUiCommonHelper.findWebElement(WebUiCommonHelper.java:1368)
	at com.kms.katalon.core.webui.keyword.internal.WebUIAbstractKeyword.findWebElement(WebUIAbstractKeyword.groovy:27)
	at com.kms.katalon.core.webui.keyword.internal.WebUIAbstractKeyword.findWebElement(WebUIAbstractKeyword.groovy:26)
	at com.kms.katalon.core.webui.keyword.builtin.SetTextKeyword$_setText_closure1.doCall(SetTextKeyword.groovy:51)
	at com.kms.katalon.core.webui.keyword.builtin.SetTextKeyword$_setText_closure1.call(SetTextKeyword.groovy)
	at com.kms.katalon.core.webui.keyword.internal.WebUIKeywordMain.runKeyword(WebUIKeywordMain.groovy:20)
	... 19 more]]></system-err>
      </testcase>
      <testcase name="Test Cases/Admin Edit Cohort" time="17.226" classname="Test Cases/Admin Edit Cohort" status="PASSED">
         <system-out><![CDATA[2022-01-17 21:07:43 - [TEST_CASE][PASSED] - Test Cases/Admin Edit Cohort: Test Cases/Admin Edit Cohort

2022-01-17 21:07:44 - [TEST_STEP][PASSED] - callTestCase(findTestCase("Admin Login"), [:], STOP_ON_FAILURE): Call Test Case 'Test Cases/Admin Login' successfully

2022-01-17 21:07:44 - [TEST_CASE][PASSED] - Test Cases/Admin Login: Test Cases/Admin Login

2022-01-17 21:07:44 - [TEST_STEP][PASSED] - openBrowser(""): Browser is opened with url: ''

2022-01-17 21:07:44 - [MESSAGE][WARNING] - A browser is already opened. Closing browser and opening a new one

2022-01-17 21:07:44 - [MESSAGE][INFO] - Starting 'Chrome' driver

2022-01-17 21:07:44 - [MESSAGE][INFO] - Action delay is set to 0 milliseconds

2022-01-17 21:07:46 - [MESSAGE][PASSED] - Browser is opened with url: ''

2022-01-17 21:07:46 - [TEST_STEP][PASSED] - navigateToUrl("http://localhost/moodle/login/index.php"): Navigate to 'http://localhost/moodle/login/index.php' successfully

2022-01-17 21:07:46 - [MESSAGE][PASSED] - Navigate to 'http://localhost/moodle/login/index.php' successfully

2022-01-17 21:07:46 - [TEST_STEP][PASSED] - setText(findTestObject("Object Repository/Page_Moodle Log in to the site/input_Username_username"), "admin"): Text 'admin' is set on object 'Object Repository/Page_Moodle Log in to the site/input_Username_username'

2022-01-17 21:07:47 - [MESSAGE][PASSED] - Text 'admin' is set on object 'Object Repository/Page_Moodle Log in to the site/input_Username_username'

2022-01-17 21:07:47 - [TEST_STEP][PASSED] - setEncryptedText(findTestObject("Object Repository/Page_Moodle Log in to the site/input_Password_password"), "8JanWqnBZBo6yBKKrpSnpw=="): Text ****** has been set on object 'Object Repository/Page_Moodle Log in to the site/input_Password_password'

2022-01-17 21:07:48 - [MESSAGE][PASSED] - Text ****** has been set on object 'Object Repository/Page_Moodle Log in to the site/input_Password_password'

2022-01-17 21:07:48 - [TEST_STEP][PASSED] - click(findTestObject("Object Repository/Page_Moodle Log in to the site/button_Log in")): Object: 'Object Repository/Page_Moodle Log in to the site/button_Log in' is clicked on

2022-01-17 21:07:50 - [MESSAGE][PASSED] - Object: 'Object Repository/Page_Moodle Log in to the site/button_Log in' is clicked on

2022-01-17 21:07:50 - [MESSAGE][PASSED] - Call Test Case 'Test Cases/Admin Login' successfully

2022-01-17 21:07:50 - [TEST_STEP][PASSED] - click(findTestObject("Object Repository/Page_Dashboard/span_Site administration (16)")): Object: 'Object Repository/Page_Dashboard/span_Site administration (16)' is clicked on

2022-01-17 21:07:53 - [MESSAGE][PASSED] - Object: 'Object Repository/Page_Dashboard/span_Site administration (16)' is clicked on

2022-01-17 21:07:53 - [TEST_STEP][PASSED] - click(findTestObject("Object Repository/Page_Moodle Administration Search/a_Users (10)")): Object: 'Object Repository/Page_Moodle Administration Search/a_Users (10)' is clicked on

2022-01-17 21:07:53 - [MESSAGE][PASSED] - Object: 'Object Repository/Page_Moodle Administration Search/a_Users (10)' is clicked on

2022-01-17 21:07:53 - [TEST_STEP][PASSED] - click(findTestObject("Object Repository/Page_Moodle Administration Search/a_Cohorts (2)")): Object: 'Object Repository/Page_Moodle Administration Search/a_Cohorts (2)' is clicked on

2022-01-17 21:07:55 - [MESSAGE][PASSED] - Object: 'Object Repository/Page_Moodle Administration Search/a_Cohorts (2)' is clicked on

2022-01-17 21:07:55 - [TEST_STEP][PASSED] - click(findTestObject("Object Repository/Page_Moodle Administration Users Accounts Cohorts/i_Created manually_icon fa fa-cog fa-fw (1)")): Object: 'Object Repository/Page_Moodle Administration Users Accounts Cohorts/i_Created manually_icon fa fa-cog fa-fw (1)' is clicked on

2022-01-17 21:07:56 - [MESSAGE][PASSED] - Object: 'Object Repository/Page_Moodle Administration Users Accounts Cohorts/i_Created manually_icon fa fa-cog fa-fw (1)' is clicked on

2022-01-17 21:07:56 - [TEST_STEP][PASSED] - setText(findTestObject("Object Repository/Page_Edit cohort/input_Name_name"), "Cohort Edited"): Text 'Cohort Edited' is set on object 'Object Repository/Page_Edit cohort/input_Name_name'

2022-01-17 21:07:58 - [MESSAGE][PASSED] - Text 'Cohort Edited' is set on object 'Object Repository/Page_Edit cohort/input_Name_name'

2022-01-17 21:07:58 - [TEST_STEP][PASSED] - click(findTestObject("Object Repository/Page_Edit cohort/input_Description_submitbutton")): Object: 'Object Repository/Page_Edit cohort/input_Description_submitbutton' is clicked on

2022-01-17 21:08:00 - [MESSAGE][PASSED] - Object: 'Object Repository/Page_Edit cohort/input_Description_submitbutton' is clicked on]]></system-out>
         <system-err><![CDATA[]]></system-err>
      </testcase>
      <testcase name="Test Cases/Admin delete Cohort" time="18.177" classname="Test Cases/Admin delete Cohort" status="PASSED">
         <system-out><![CDATA[2022-01-17 21:08:00 - [TEST_CASE][PASSED] - Test Cases/Admin delete Cohort: Test Cases/Admin delete Cohort

2022-01-17 21:08:01 - [TEST_STEP][PASSED] - openBrowser(""): Browser is opened with url: ''

2022-01-17 21:08:01 - [MESSAGE][WARNING] - A browser is already opened. Closing browser and opening a new one

2022-01-17 21:08:02 - [MESSAGE][INFO] - Starting 'Chrome' driver

2022-01-17 21:08:02 - [MESSAGE][INFO] - Action delay is set to 0 milliseconds

2022-01-17 21:08:03 - [MESSAGE][PASSED] - Browser is opened with url: ''

2022-01-17 21:08:03 - [TEST_STEP][PASSED] - navigateToUrl("http://localhost/moodle/login/index.php"): Navigate to 'http://localhost/moodle/login/index.php' successfully

2022-01-17 21:08:04 - [MESSAGE][PASSED] - Navigate to 'http://localhost/moodle/login/index.php' successfully

2022-01-17 21:08:04 - [TEST_STEP][PASSED] - setText(findTestObject("Object Repository/Page_Moodle Log in to the site/input_Username_username (45)"), "admin"): Text 'admin' is set on object 'Object Repository/Page_Moodle Log in to the site/input_Username_username (45)'

2022-01-17 21:08:05 - [MESSAGE][PASSED] - Text 'admin' is set on object 'Object Repository/Page_Moodle Log in to the site/input_Username_username (45)'

2022-01-17 21:08:05 - [TEST_STEP][PASSED] - setEncryptedText(findTestObject("Object Repository/Page_Moodle Log in to the site/input_Password_password (45)"), "8JanWqnBZBo6yBKKrpSnpw=="): Text ****** has been set on object 'Object Repository/Page_Moodle Log in to the site/input_Password_password (45)'

2022-01-17 21:08:05 - [MESSAGE][PASSED] - Text ****** has been set on object 'Object Repository/Page_Moodle Log in to the site/input_Password_password (45)'

2022-01-17 21:08:05 - [TEST_STEP][PASSED] - click(findTestObject("Object Repository/Page_Moodle Log in to the site/button_Log in (35)")): Object: 'Object Repository/Page_Moodle Log in to the site/button_Log in (35)' is clicked on

2022-01-17 21:08:08 - [MESSAGE][PASSED] - Object: 'Object Repository/Page_Moodle Log in to the site/button_Log in (35)' is clicked on

2022-01-17 21:08:08 - [TEST_STEP][PASSED] - click(findTestObject("Object Repository/Page_Dashboard/span_Site administration (15)")): Object: 'Object Repository/Page_Dashboard/span_Site administration (15)' is clicked on

2022-01-17 21:08:11 - [MESSAGE][PASSED] - Object: 'Object Repository/Page_Dashboard/span_Site administration (15)' is clicked on

2022-01-17 21:08:11 - [TEST_STEP][PASSED] - click(findTestObject("Object Repository/Page_Moodle Administration Search/a_Users (9)")): Object: 'Object Repository/Page_Moodle Administration Search/a_Users (9)' is clicked on

2022-01-17 21:08:12 - [MESSAGE][PASSED] - Object: 'Object Repository/Page_Moodle Administration Search/a_Users (9)' is clicked on

2022-01-17 21:08:12 - [TEST_STEP][PASSED] - click(findTestObject("Object Repository/Page_Moodle Administration Search/a_Cohorts (1)")): Object: 'Object Repository/Page_Moodle Administration Search/a_Cohorts (1)' is clicked on

2022-01-17 21:08:15 - [MESSAGE][PASSED] - Object: 'Object Repository/Page_Moodle Administration Search/a_Cohorts (1)' is clicked on

2022-01-17 21:08:15 - [TEST_STEP][PASSED] - click(findTestObject("Object Repository/Page_Moodle Administration Users Accounts Cohorts/i_Created manually_icon fa fa-trash fa-fw")): Object: 'Object Repository/Page_Moodle Administration Users Accounts Cohorts/i_Created manually_icon fa fa-trash fa-fw' is clicked on

2022-01-17 21:08:17 - [MESSAGE][PASSED] - Object: 'Object Repository/Page_Moodle Administration Users Accounts Cohorts/i_Created manually_icon fa fa-trash fa-fw' is clicked on

2022-01-17 21:08:17 - [TEST_STEP][PASSED] - click(findTestObject("Object Repository/Page_Delete cohort/button_Continue")): Object: 'Object Repository/Page_Delete cohort/button_Continue' is clicked on

2022-01-17 21:08:19 - [MESSAGE][PASSED] - Object: 'Object Repository/Page_Delete cohort/button_Continue' is clicked on]]></system-out>
         <system-err><![CDATA[]]></system-err>
      </testcase>
      <testcase name="Test Cases/Admin Change Password" time="21.869" classname="Test Cases/Admin Change Password" status="PASSED">
         <system-out><![CDATA[2022-01-17 21:08:19 - [TEST_CASE][PASSED] - Test Cases/Admin Change Password: Test Cases/Admin Change Password

2022-01-17 21:08:20 - [TEST_STEP][PASSED] - callTestCase(findTestCase("Admin Login"), [:], STOP_ON_FAILURE): Call Test Case 'Test Cases/Admin Login' successfully

2022-01-17 21:08:20 - [TEST_CASE][PASSED] - Test Cases/Admin Login: Test Cases/Admin Login

2022-01-17 21:08:20 - [TEST_STEP][PASSED] - openBrowser(""): Browser is opened with url: ''

2022-01-17 21:08:20 - [MESSAGE][WARNING] - A browser is already opened. Closing browser and opening a new one

2022-01-17 21:08:20 - [MESSAGE][INFO] - Starting 'Chrome' driver

2022-01-17 21:08:20 - [MESSAGE][INFO] - Action delay is set to 0 milliseconds

2022-01-17 21:08:22 - [MESSAGE][PASSED] - Browser is opened with url: ''

2022-01-17 21:08:22 - [TEST_STEP][PASSED] - navigateToUrl("http://localhost/moodle/login/index.php"): Navigate to 'http://localhost/moodle/login/index.php' successfully

2022-01-17 21:08:23 - [MESSAGE][PASSED] - Navigate to 'http://localhost/moodle/login/index.php' successfully

2022-01-17 21:08:23 - [TEST_STEP][PASSED] - setText(findTestObject("Object Repository/Page_Moodle Log in to the site/input_Username_username"), "admin"): Text 'admin' is set on object 'Object Repository/Page_Moodle Log in to the site/input_Username_username'

2022-01-17 21:08:25 - [MESSAGE][PASSED] - Text 'admin' is set on object 'Object Repository/Page_Moodle Log in to the site/input_Username_username'

2022-01-17 21:08:25 - [TEST_STEP][PASSED] - setEncryptedText(findTestObject("Object Repository/Page_Moodle Log in to the site/input_Password_password"), "8JanWqnBZBo6yBKKrpSnpw=="): Text ****** has been set on object 'Object Repository/Page_Moodle Log in to the site/input_Password_password'

2022-01-17 21:08:26 - [MESSAGE][PASSED] - Text ****** has been set on object 'Object Repository/Page_Moodle Log in to the site/input_Password_password'

2022-01-17 21:08:26 - [TEST_STEP][PASSED] - click(findTestObject("Object Repository/Page_Moodle Log in to the site/button_Log in")): Object: 'Object Repository/Page_Moodle Log in to the site/button_Log in' is clicked on

2022-01-17 21:08:29 - [MESSAGE][PASSED] - Object: 'Object Repository/Page_Moodle Log in to the site/button_Log in' is clicked on

2022-01-17 21:08:29 - [MESSAGE][PASSED] - Call Test Case 'Test Cases/Admin Login' successfully

2022-01-17 21:08:29 - [TEST_STEP][PASSED] - click(findTestObject("Object Repository/Page_Dashboard/img_c H_userpicture defaultuserpic")): Object: 'Object Repository/Page_Dashboard/img_c H_userpicture defaultuserpic' is clicked on

2022-01-17 21:08:32 - [MESSAGE][PASSED] - Object: 'Object Repository/Page_Dashboard/img_c H_userpicture defaultuserpic' is clicked on

2022-01-17 21:08:32 - [TEST_STEP][PASSED] - click(findTestObject("Object Repository/Page_Dashboard/span_Profile")): Object: 'Object Repository/Page_Dashboard/span_Profile' is clicked on

2022-01-17 21:08:34 - [MESSAGE][PASSED] - Object: 'Object Repository/Page_Dashboard/span_Profile' is clicked on

2022-01-17 21:08:34 - [TEST_STEP][PASSED] - click(findTestObject("Object Repository/Page_c H Public profile/a_Edit profile")): Object: 'Object Repository/Page_c H Public profile/a_Edit profile' is clicked on

2022-01-17 21:08:37 - [MESSAGE][PASSED] - Object: 'Object Repository/Page_c H Public profile/a_Edit profile' is clicked on

2022-01-17 21:08:37 - [TEST_STEP][PASSED] - click(findTestObject("Object Repository/Page_Moodle Edit profile/i_Click to enter text_icon fa fa-pencil fa-fw")): Object: 'Object Repository/Page_Moodle Edit profile/i_Click to enter text_icon fa fa-pencil fa-fw' is clicked on

2022-01-17 21:08:38 - [MESSAGE][PASSED] - Object: 'Object Repository/Page_Moodle Edit profile/i_Click to enter text_icon fa fa-pencil fa-fw' is clicked on

2022-01-17 21:08:38 - [TEST_STEP][PASSED] - setEncryptedText(findTestObject("Object Repository/Page_Moodle Edit profile/input_New password_newpassword"), "8JanWqnBZBo6yBKKrpSnpw=="): Text ****** has been set on object 'Object Repository/Page_Moodle Edit profile/input_New password_newpassword'

2022-01-17 21:08:38 - [MESSAGE][PASSED] - Text ****** has been set on object 'Object Repository/Page_Moodle Edit profile/input_New password_newpassword'

2022-01-17 21:08:38 - [TEST_STEP][PASSED] - click(findTestObject("Object Repository/Page_Moodle Edit profile/input_Address_submitbutton (1)")): Object: 'Object Repository/Page_Moodle Edit profile/input_Address_submitbutton (1)' is clicked on

2022-01-17 21:08:41 - [MESSAGE][PASSED] - Object: 'Object Repository/Page_Moodle Edit profile/input_Address_submitbutton (1)' is clicked on]]></system-out>
         <system-err><![CDATA[]]></system-err>
      </testcase>
      <system-out><![CDATA[2022-01-17 20:50:12 - [TEST_SUITE][FAILED] - Run all test cases: Test Cases/Admin Enroll Student FAILED.
Reason:
com.kms.katalon.core.exception.StepFailedException: Unable to click on object 'Object Repository/Page_New Course Participants/span_ (1)'
	at com.kms.katalon.core.webui.keyword.internal.WebUIKeywordMain.stepFailed(WebUIKeywordMain.groovy:64)
	at com.kms.katalon.core.webui.keyword.internal.WebUIKeywordMain.runKeyword(WebUIKeywordMain.groovy:26)
	at com.kms.katalon.core.webui.keyword.builtin.ClickKeyword.click(ClickKeyword.groovy:74)
	at com.kms.katalon.core.webui.keyword.builtin.ClickKeyword.execute(ClickKeyword.groovy:40)
	at com.kms.katalon.core.keyword.internal.KeywordExecutor.executeKeywordForPlatform(KeywordExecutor.groovy:74)
	at com.kms.katalon.core.webui.keyword.WebUiBuiltInKeywords.click(WebUiBuiltInKeywords.groovy:620)
	at com.kms.katalon.core.webui.keyword.WebUiBuiltInKeywords$click$3.call(Unknown Source)
	at Admin Enroll Student.run(Admin Enroll Student:36)
	at com.kms.katalon.core.main.ScriptEngine.run(ScriptEngine.java:194)
	at com.kms.katalon.core.main.ScriptEngine.runScriptAsRawText(ScriptEngine.java:119)
	at com.kms.katalon.core.main.TestCaseExecutor.runScript(TestCaseExecutor.java:442)
	at com.kms.katalon.core.main.TestCaseExecutor.doExecute(TestCaseExecutor.java:433)
	at com.kms.katalon.core.main.TestCaseExecutor.processExecutionPhase(TestCaseExecutor.java:412)
	at com.kms.katalon.core.main.TestCaseExecutor.accessMainPhase(TestCaseExecutor.java:404)
	at com.kms.katalon.core.main.TestCaseExecutor.execute(TestCaseExecutor.java:281)
	at com.kms.katalon.core.main.TestSuiteExecutor.accessTestCaseMainPhase(TestSuiteExecutor.java:202)
	at com.kms.katalon.core.main.TestSuiteExecutor.accessTestSuiteMainPhase(TestSuiteExecutor.java:164)
	at com.kms.katalon.core.main.TestSuiteExecutor.execute(TestSuiteExecutor.java:105)
	at com.kms.katalon.core.main.TestCaseMain.startTestSuite(TestCaseMain.java:181)
	at com.kms.katalon.core.main.TestCaseMain$startTestSuite$0.call(Unknown Source)
	at TempTestSuite1642427402729.run(TempTestSuite1642427402729.groovy:36)
Caused by: com.kms.katalon.core.webui.exception.WebElementNotFoundException: Web element with id: 'Object Repository/Page_New Course Participants/span_ (1)' located by '//div[@id='fitem_id_userlist']/div[2]/div[3]/span' not found
	at com.kms.katalon.core.webui.common.WebUiCommonHelper.findWebElement(WebUiCommonHelper.java:1368)
	at com.kms.katalon.core.webui.keyword.internal.WebUIAbstractKeyword.findWebElement(WebUIAbstractKeyword.groovy:27)
	at com.kms.katalon.core.webui.keyword.builtin.ClickKeyword$_click_closure1.doCall(ClickKeyword.groovy:65)
	at com.kms.katalon.core.webui.keyword.builtin.ClickKeyword$_click_closure1.call(ClickKeyword.groovy)
	at com.kms.katalon.core.webui.keyword.internal.WebUIKeywordMain.runKeyword(WebUIKeywordMain.groovy:20)
	... 19 more]]></system-out>
      <system-err><![CDATA[2022-01-17 20:50:12 - [TEST_SUITE][FAILED] - Run all test cases: Test Cases/Admin Enroll Student FAILED.
Reason:
com.kms.katalon.core.exception.StepFailedException: Unable to click on object 'Object Repository/Page_New Course Participants/span_ (1)'
	at com.kms.katalon.core.webui.keyword.internal.WebUIKeywordMain.stepFailed(WebUIKeywordMain.groovy:64)
	at com.kms.katalon.core.webui.keyword.internal.WebUIKeywordMain.runKeyword(WebUIKeywordMain.groovy:26)
	at com.kms.katalon.core.webui.keyword.builtin.ClickKeyword.click(ClickKeyword.groovy:74)
	at com.kms.katalon.core.webui.keyword.builtin.ClickKeyword.execute(ClickKeyword.groovy:40)
	at com.kms.katalon.core.keyword.internal.KeywordExecutor.executeKeywordForPlatform(KeywordExecutor.groovy:74)
	at com.kms.katalon.core.webui.keyword.WebUiBuiltInKeywords.click(WebUiBuiltInKeywords.groovy:620)
	at com.kms.katalon.core.webui.keyword.WebUiBuiltInKeywords$click$3.call(Unknown Source)
	at Admin Enroll Student.run(Admin Enroll Student:36)
	at com.kms.katalon.core.main.ScriptEngine.run(ScriptEngine.java:194)
	at com.kms.katalon.core.main.ScriptEngine.runScriptAsRawText(ScriptEngine.java:119)
	at com.kms.katalon.core.main.TestCaseExecutor.runScript(TestCaseExecutor.java:442)
	at com.kms.katalon.core.main.TestCaseExecutor.doExecute(TestCaseExecutor.java:433)
	at com.kms.katalon.core.main.TestCaseExecutor.processExecutionPhase(TestCaseExecutor.java:412)
	at com.kms.katalon.core.main.TestCaseExecutor.accessMainPhase(TestCaseExecutor.java:404)
	at com.kms.katalon.core.main.TestCaseExecutor.execute(TestCaseExecutor.java:281)
	at com.kms.katalon.core.main.TestSuiteExecutor.accessTestCaseMainPhase(TestSuiteExecutor.java:202)
	at com.kms.katalon.core.main.TestSuiteExecutor.accessTestSuiteMainPhase(TestSuiteExecutor.java:164)
	at com.kms.katalon.core.main.TestSuiteExecutor.execute(TestSuiteExecutor.java:105)
	at com.kms.katalon.core.main.TestCaseMain.startTestSuite(TestCaseMain.java:181)
	at com.kms.katalon.core.main.TestCaseMain$startTestSuite$0.call(Unknown Source)
	at TempTestSuite1642427402729.run(TempTestSuite1642427402729.groovy:36)
Caused by: com.kms.katalon.core.webui.exception.WebElementNotFoundException: Web element with id: 'Object Repository/Page_New Course Participants/span_ (1)' located by '//div[@id='fitem_id_userlist']/div[2]/div[3]/span' not found
	at com.kms.katalon.core.webui.common.WebUiCommonHelper.findWebElement(WebUiCommonHelper.java:1368)
	at com.kms.katalon.core.webui.keyword.internal.WebUIAbstractKeyword.findWebElement(WebUIAbstractKeyword.groovy:27)
	at com.kms.katalon.core.webui.keyword.builtin.ClickKeyword$_click_closure1.doCall(ClickKeyword.groovy:65)
	at com.kms.katalon.core.webui.keyword.builtin.ClickKeyword$_click_closure1.call(ClickKeyword.groovy)
	at com.kms.katalon.core.webui.keyword.internal.WebUIKeywordMain.runKeyword(WebUIKeywordMain.groovy:20)
	... 19 more]]></system-err>
   </testsuite>
</testsuites>
