<?xml version="1.0" encoding="UTF-8"?>
<testsuites name="Run all test cases" time="880.059" tests="50" failures="0" errors="0">
   <testsuite name="Run all test cases" tests="50" failures="0" errors="0" time="880.059" skipped="0" timestamp="2022-01-17 16:39:37" hostname="Minh Duc - 192.168.3.10" id="Test Suites/Run all test cases">
      <properties>
         <property name="deviceName" value=""/>
         <property name="devicePlatform" value=""/>
         <property name="logFolder" value="C:\\Users\\Minh Duc\\Desktop\\Test-Automation-SE-Bonus\\Test Automation - SE Bonus\\Reports\\20220117_163928\\Run all test cases\\20220117_163928"/>
         <property name="logFiles" value="C:\\Users\\Minh Duc\\Desktop\\Test-Automation-SE-Bonus\\Test Automation - SE Bonus\\Reports\\20220117_163928\\Run all test cases\\20220117_163928\\execution0.log"/>
         <property name="attachments" value=""/>
         <property name="hostName" value="Minh Duc - 192.168.3.10"/>
         <property name="os" value="Windows 10 64bit"/>
         <property name="katalonVersion" value="8.2.0.208"/>
         <property name="browser" value="Chrome 97.0.4692.71"/>
         <property name="hostAddress" value="192.168.3.10"/>
         <property name="sessionId" value="bebd7a2de67ab17bdfc8173db36c09a0"/>
         <property name="seleniumVersion" value="3.141.59"/>
         <property name="proxyInformation" value="ProxyInformation { proxyOption=NO_PROXY, proxyServerType=HTTP, username=, password=********, proxyServerAddress=, proxyServerPort=0, executionList=&quot;&quot;, isApplyToDesiredCapabilities=true }"/>
         <property name="platform" value="Windows 10"/>
      </properties>
      <testcase name="Test Cases/Admin Login" time="7.585" classname="Test Cases/Admin Login" status="PASSED">
         <system-out><![CDATA[2022-01-17 16:39:37 - [TEST_CASE][PASSED] - Test Cases/Admin Login: Test Cases/Admin Login

2022-01-17 16:39:38 - [TEST_STEP][PASSED] - openBrowser(""): Browser is opened with url: ''

2022-01-17 16:39:38 - [MESSAGE][INFO] - Starting 'Chrome' driver

2022-01-17 16:39:38 - [MESSAGE][INFO] - Action delay is set to 0 milliseconds

2022-01-17 16:39:41 - [MESSAGE][PASSED] - Browser is opened with url: ''

2022-01-17 16:39:41 - [TEST_STEP][PASSED] - navigateToUrl("http://localhost/moodle/login/index.php"): Navigate to 'http://localhost/moodle/login/index.php' successfully

2022-01-17 16:39:41 - [MESSAGE][PASSED] - Navigate to 'http://localhost/moodle/login/index.php' successfully

2022-01-17 16:39:41 - [TEST_STEP][PASSED] - setText(findTestObject("Object Repository/Page_Moodle Log in to the site/input_Username_username"), "admin"): Text 'admin' is set on object 'Object Repository/Page_Moodle Log in to the site/input_Username_username'

2022-01-17 16:39:42 - [MESSAGE][PASSED] - Text 'admin' is set on object 'Object Repository/Page_Moodle Log in to the site/input_Username_username'

2022-01-17 16:39:42 - [TEST_STEP][PASSED] - setEncryptedText(findTestObject("Object Repository/Page_Moodle Log in to the site/input_Password_password"), "8JanWqnBZBo6yBKKrpSnpw=="): Text ****** has been set on object 'Object Repository/Page_Moodle Log in to the site/input_Password_password'

2022-01-17 16:39:43 - [MESSAGE][PASSED] - Text ****** has been set on object 'Object Repository/Page_Moodle Log in to the site/input_Password_password'

2022-01-17 16:39:43 - [TEST_STEP][PASSED] - click(findTestObject("Object Repository/Page_Moodle Log in to the site/button_Log in")): Object: 'Object Repository/Page_Moodle Log in to the site/button_Log in' is clicked on

2022-01-17 16:39:45 - [MESSAGE][PASSED] - Object: 'Object Repository/Page_Moodle Log in to the site/button_Log in' is clicked on]]></system-out>
         <system-err><![CDATA[]]></system-err>
      </testcase>
      <testcase name="Test Cases/Admin Add User" time="39.699" classname="Test Cases/Admin Add User" status="PASSED">
         <system-out><![CDATA[2022-01-17 16:39:45 - [TEST_CASE][PASSED] - Test Cases/Admin Add User: Test Cases/Admin Add User

2022-01-17 16:39:46 - [TEST_STEP][PASSED] - callTestCase(findTestCase("Admin Login"), [:], STOP_ON_FAILURE): Call Test Case 'Test Cases/Admin Login' successfully

2022-01-17 16:39:46 - [TEST_CASE][PASSED] - Test Cases/Admin Login: Test Cases/Admin Login

2022-01-17 16:39:46 - [TEST_STEP][PASSED] - openBrowser(""): Browser is opened with url: ''

2022-01-17 16:39:46 - [MESSAGE][WARNING] - A browser is already opened. Closing browser and opening a new one

2022-01-17 16:39:47 - [MESSAGE][INFO] - Starting 'Chrome' driver

2022-01-17 16:39:47 - [MESSAGE][INFO] - Action delay is set to 0 milliseconds

2022-01-17 16:39:48 - [MESSAGE][PASSED] - Browser is opened with url: ''

2022-01-17 16:39:48 - [TEST_STEP][PASSED] - navigateToUrl("http://localhost/moodle/login/index.php"): Navigate to 'http://localhost/moodle/login/index.php' successfully

2022-01-17 16:39:49 - [MESSAGE][PASSED] - Navigate to 'http://localhost/moodle/login/index.php' successfully

2022-01-17 16:39:49 - [TEST_STEP][PASSED] - setText(findTestObject("Object Repository/Page_Moodle Log in to the site/input_Username_username"), "admin"): Text 'admin' is set on object 'Object Repository/Page_Moodle Log in to the site/input_Username_username'

2022-01-17 16:39:50 - [MESSAGE][PASSED] - Text 'admin' is set on object 'Object Repository/Page_Moodle Log in to the site/input_Username_username'

2022-01-17 16:39:50 - [TEST_STEP][PASSED] - setEncryptedText(findTestObject("Object Repository/Page_Moodle Log in to the site/input_Password_password"), "8JanWqnBZBo6yBKKrpSnpw=="): Text ****** has been set on object 'Object Repository/Page_Moodle Log in to the site/input_Password_password'

2022-01-17 16:39:50 - [MESSAGE][PASSED] - Text ****** has been set on object 'Object Repository/Page_Moodle Log in to the site/input_Password_password'

2022-01-17 16:39:50 - [TEST_STEP][PASSED] - click(findTestObject("Object Repository/Page_Moodle Log in to the site/button_Log in")): Object: 'Object Repository/Page_Moodle Log in to the site/button_Log in' is clicked on

2022-01-17 16:39:52 - [MESSAGE][PASSED] - Object: 'Object Repository/Page_Moodle Log in to the site/button_Log in' is clicked on

2022-01-17 16:39:52 - [MESSAGE][PASSED] - Call Test Case 'Test Cases/Admin Login' successfully

2022-01-17 16:39:52 - [TEST_STEP][PASSED] - click(findTestObject("Page_Dashboard/span_Site administration")): Object: 'Object Repository/Page_Dashboard/span_Site administration' is clicked on

2022-01-17 16:40:04 - [MESSAGE][PASSED] - Object: 'Object Repository/Page_Dashboard/span_Site administration' is clicked on

2022-01-17 16:40:04 - [TEST_STEP][PASSED] - click(findTestObject("Object Repository/Page_Moodle Administration Search/a_Users (3)")): Object: 'Object Repository/Page_Moodle Administration Search/a_Users (3)' is clicked on

2022-01-17 16:40:05 - [MESSAGE][PASSED] - Object: 'Object Repository/Page_Moodle Administration Search/a_Users (3)' is clicked on

2022-01-17 16:40:05 - [TEST_STEP][PASSED] - click(findTestObject("Object Repository/Page_Moodle Administration Search/a_Add a new user (2)")): Object: 'Object Repository/Page_Moodle Administration Search/a_Add a new user (2)' is clicked on

2022-01-17 16:40:08 - [MESSAGE][PASSED] - Object: 'Object Repository/Page_Moodle Administration Search/a_Add a new user (2)' is clicked on

2022-01-17 16:40:08 - [TEST_STEP][PASSED] - setText(findTestObject("Object Repository/Page_Moodle Administration Users Accounts A_0fbd97/input_Username_username (2)"), "minhduc"): Text 'minhduc' is set on object 'Object Repository/Page_Moodle Administration Users Accounts A_0fbd97/input_Username_username (2)'

2022-01-17 16:40:10 - [MESSAGE][PASSED] - Text 'minhduc' is set on object 'Object Repository/Page_Moodle Administration Users Accounts A_0fbd97/input_Username_username (2)'

2022-01-17 16:40:10 - [TEST_STEP][PASSED] - click(findTestObject("Page_Moodle Administration Users Accounts A_0fbd97/a_Click to enter text")): Object: 'Object Repository/Page_Moodle Administration Users Accounts A_0fbd97/a_Click to enter text' is clicked on

2022-01-17 16:40:10 - [MESSAGE][PASSED] - Object: 'Object Repository/Page_Moodle Administration Users Accounts A_0fbd97/a_Click to enter text' is clicked on

2022-01-17 16:40:10 - [TEST_STEP][PASSED] - setEncryptedText(findTestObject("Object Repository/Page_Moodle Administration Users Accounts A_0fbd97/input_New password_newpassword (2)"), "8JanWqnBZBo6yBKKrpSnpw=="): Text ****** has been set on object 'Object Repository/Page_Moodle Administration Users Accounts A_0fbd97/input_New password_newpassword (2)'

2022-01-17 16:40:11 - [MESSAGE][PASSED] - Text ****** has been set on object 'Object Repository/Page_Moodle Administration Users Accounts A_0fbd97/input_New password_newpassword (2)'

2022-01-17 16:40:11 - [TEST_STEP][PASSED] - setText(findTestObject("Object Repository/Page_Moodle Administration Users Accounts A_0fbd97/input_First name_firstname (2)"), "Đức"): Text 'Đức' is set on object 'Object Repository/Page_Moodle Administration Users Accounts A_0fbd97/input_First name_firstname (2)'

2022-01-17 16:40:12 - [MESSAGE][PASSED] - Text 'Đức' is set on object 'Object Repository/Page_Moodle Administration Users Accounts A_0fbd97/input_First name_firstname (2)'

2022-01-17 16:40:12 - [TEST_STEP][PASSED] - setText(findTestObject("Object Repository/Page_Moodle Administration Users Accounts A_0fbd97/input_Surname_lastname (2)"), "Hồ"): Text 'Hồ' is set on object 'Object Repository/Page_Moodle Administration Users Accounts A_0fbd97/input_Surname_lastname (2)'

2022-01-17 16:40:13 - [MESSAGE][PASSED] - Text 'Hồ' is set on object 'Object Repository/Page_Moodle Administration Users Accounts A_0fbd97/input_Surname_lastname (2)'

2022-01-17 16:40:13 - [TEST_STEP][PASSED] - setText(findTestObject("Object Repository/Page_Moodle Administration Users Accounts A_0fbd97/input_Email address_email (2)"), "hnmduc19@clc.fitus.edu.vn"): Text 'hnmduc19@clc.fitus.edu.vn' is set on object 'Object Repository/Page_Moodle Administration Users Accounts A_0fbd97/input_Email address_email (2)'

2022-01-17 16:40:14 - [MESSAGE][PASSED] - Text 'hnmduc19@clc.fitus.edu.vn' is set on object 'Object Repository/Page_Moodle Administration Users Accounts A_0fbd97/input_Email address_email (2)'

2022-01-17 16:40:14 - [TEST_STEP][PASSED] - selectOptionByValue(findTestObject("Object Repository/Page_Moodle Administration Users Accounts A_0fbd97/select_Select a country.            Afghani_160506 (2)"), "VN", true): All options with value 'VN' are selected in object 'Object Repository/Page_Moodle Administration Users Accounts A_0fbd97/select_Select a country.            Afghani_160506 (2)'  using regular expression

2022-01-17 16:40:23 - [MESSAGE][PASSED] - All options with value 'VN' are selected in object 'Object Repository/Page_Moodle Administration Users Accounts A_0fbd97/select_Select a country.            Afghani_160506 (2)'  using regular expression

2022-01-17 16:40:23 - [TEST_STEP][PASSED] - click(findTestObject("Object Repository/Page_Moodle Administration Users Accounts A_0fbd97/input_Address_submitbutton (2)")): Object: 'Object Repository/Page_Moodle Administration Users Accounts A_0fbd97/input_Address_submitbutton (2)' is clicked on

2022-01-17 16:40:25 - [MESSAGE][PASSED] - Object: 'Object Repository/Page_Moodle Administration Users Accounts A_0fbd97/input_Address_submitbutton (2)' is clicked on]]></system-out>
         <system-err><![CDATA[]]></system-err>
      </testcase>
      <testcase name="Test Cases/Admin Add Exists User" time="32.148" classname="Test Cases/Admin Add Exists User" status="PASSED">
         <system-out><![CDATA[2022-01-17 16:40:25 - [TEST_CASE][PASSED] - Test Cases/Admin Add Exists User: Test Cases/Admin Add Exists User

2022-01-17 16:40:25 - [TEST_STEP][PASSED] - callTestCase(findTestCase("Admin Login"), [:], STOP_ON_FAILURE): Call Test Case 'Test Cases/Admin Login' successfully

2022-01-17 16:40:25 - [TEST_CASE][PASSED] - Test Cases/Admin Login: Test Cases/Admin Login

2022-01-17 16:40:25 - [TEST_STEP][PASSED] - openBrowser(""): Browser is opened with url: ''

2022-01-17 16:40:25 - [MESSAGE][WARNING] - A browser is already opened. Closing browser and opening a new one

2022-01-17 16:40:26 - [MESSAGE][INFO] - Starting 'Chrome' driver

2022-01-17 16:40:26 - [MESSAGE][INFO] - Action delay is set to 0 milliseconds

2022-01-17 16:40:27 - [MESSAGE][PASSED] - Browser is opened with url: ''

2022-01-17 16:40:27 - [TEST_STEP][PASSED] - navigateToUrl("http://localhost/moodle/login/index.php"): Navigate to 'http://localhost/moodle/login/index.php' successfully

2022-01-17 16:40:28 - [MESSAGE][PASSED] - Navigate to 'http://localhost/moodle/login/index.php' successfully

2022-01-17 16:40:28 - [TEST_STEP][PASSED] - setText(findTestObject("Object Repository/Page_Moodle Log in to the site/input_Username_username"), "admin"): Text 'admin' is set on object 'Object Repository/Page_Moodle Log in to the site/input_Username_username'

2022-01-17 16:40:29 - [MESSAGE][PASSED] - Text 'admin' is set on object 'Object Repository/Page_Moodle Log in to the site/input_Username_username'

2022-01-17 16:40:29 - [TEST_STEP][PASSED] - setEncryptedText(findTestObject("Object Repository/Page_Moodle Log in to the site/input_Password_password"), "8JanWqnBZBo6yBKKrpSnpw=="): Text ****** has been set on object 'Object Repository/Page_Moodle Log in to the site/input_Password_password'

2022-01-17 16:40:30 - [MESSAGE][PASSED] - Text ****** has been set on object 'Object Repository/Page_Moodle Log in to the site/input_Password_password'

2022-01-17 16:40:30 - [TEST_STEP][PASSED] - click(findTestObject("Object Repository/Page_Moodle Log in to the site/button_Log in")): Object: 'Object Repository/Page_Moodle Log in to the site/button_Log in' is clicked on

2022-01-17 16:40:33 - [MESSAGE][PASSED] - Object: 'Object Repository/Page_Moodle Log in to the site/button_Log in' is clicked on

2022-01-17 16:40:33 - [MESSAGE][PASSED] - Call Test Case 'Test Cases/Admin Login' successfully

2022-01-17 16:40:33 - [TEST_STEP][PASSED] - click(findTestObject("Page_Dashboard/span_Site administration")): Object: 'Object Repository/Page_Dashboard/span_Site administration' is clicked on

2022-01-17 16:40:39 - [MESSAGE][PASSED] - Object: 'Object Repository/Page_Dashboard/span_Site administration' is clicked on

2022-01-17 16:40:39 - [TEST_STEP][PASSED] - click(findTestObject("Object Repository/Page_Moodle Administration Search/a_Users (3)")): Object: 'Object Repository/Page_Moodle Administration Search/a_Users (3)' is clicked on

2022-01-17 16:40:39 - [MESSAGE][PASSED] - Object: 'Object Repository/Page_Moodle Administration Search/a_Users (3)' is clicked on

2022-01-17 16:40:39 - [TEST_STEP][PASSED] - click(findTestObject("Object Repository/Page_Moodle Administration Search/a_Add a new user (2)")): Object: 'Object Repository/Page_Moodle Administration Search/a_Add a new user (2)' is clicked on

2022-01-17 16:40:41 - [MESSAGE][PASSED] - Object: 'Object Repository/Page_Moodle Administration Search/a_Add a new user (2)' is clicked on

2022-01-17 16:40:41 - [TEST_STEP][PASSED] - setText(findTestObject("Object Repository/Page_Moodle Administration Users Accounts A_0fbd97/input_Username_username (2)"), "minhduc"): Text 'minhduc' is set on object 'Object Repository/Page_Moodle Administration Users Accounts A_0fbd97/input_Username_username (2)'

2022-01-17 16:40:42 - [MESSAGE][PASSED] - Text 'minhduc' is set on object 'Object Repository/Page_Moodle Administration Users Accounts A_0fbd97/input_Username_username (2)'

2022-01-17 16:40:42 - [TEST_STEP][PASSED] - click(findTestObject("Page_Moodle Administration Users Accounts A_0fbd97/a_Click to enter text")): Object: 'Object Repository/Page_Moodle Administration Users Accounts A_0fbd97/a_Click to enter text' is clicked on

2022-01-17 16:40:43 - [MESSAGE][PASSED] - Object: 'Object Repository/Page_Moodle Administration Users Accounts A_0fbd97/a_Click to enter text' is clicked on

2022-01-17 16:40:43 - [TEST_STEP][PASSED] - setEncryptedText(findTestObject("Object Repository/Page_Moodle Administration Users Accounts A_0fbd97/input_New password_newpassword (2)"), "8JanWqnBZBo6yBKKrpSnpw=="): Text ****** has been set on object 'Object Repository/Page_Moodle Administration Users Accounts A_0fbd97/input_New password_newpassword (2)'

2022-01-17 16:40:43 - [MESSAGE][PASSED] - Text ****** has been set on object 'Object Repository/Page_Moodle Administration Users Accounts A_0fbd97/input_New password_newpassword (2)'

2022-01-17 16:40:43 - [TEST_STEP][PASSED] - setText(findTestObject("Object Repository/Page_Moodle Administration Users Accounts A_0fbd97/input_First name_firstname (2)"), "Đức"): Text 'Đức' is set on object 'Object Repository/Page_Moodle Administration Users Accounts A_0fbd97/input_First name_firstname (2)'

2022-01-17 16:40:44 - [MESSAGE][PASSED] - Text 'Đức' is set on object 'Object Repository/Page_Moodle Administration Users Accounts A_0fbd97/input_First name_firstname (2)'

2022-01-17 16:40:44 - [TEST_STEP][PASSED] - setText(findTestObject("Object Repository/Page_Moodle Administration Users Accounts A_0fbd97/input_Surname_lastname (2)"), "Hồ"): Text 'Hồ' is set on object 'Object Repository/Page_Moodle Administration Users Accounts A_0fbd97/input_Surname_lastname (2)'

2022-01-17 16:40:45 - [MESSAGE][PASSED] - Text 'Hồ' is set on object 'Object Repository/Page_Moodle Administration Users Accounts A_0fbd97/input_Surname_lastname (2)'

2022-01-17 16:40:45 - [TEST_STEP][PASSED] - setText(findTestObject("Object Repository/Page_Moodle Administration Users Accounts A_0fbd97/input_Email address_email (2)"), "hongocminhduc@gmail.com"): Text 'hongocminhduc@gmail.com' is set on object 'Object Repository/Page_Moodle Administration Users Accounts A_0fbd97/input_Email address_email (2)'

2022-01-17 16:40:46 - [MESSAGE][PASSED] - Text 'hongocminhduc@gmail.com' is set on object 'Object Repository/Page_Moodle Administration Users Accounts A_0fbd97/input_Email address_email (2)'

2022-01-17 16:40:46 - [TEST_STEP][PASSED] - selectOptionByValue(findTestObject("Object Repository/Page_Moodle Administration Users Accounts A_0fbd97/select_Select a country.            Afghani_160506 (2)"), "VN", true): All options with value 'VN' are selected in object 'Object Repository/Page_Moodle Administration Users Accounts A_0fbd97/select_Select a country.            Afghani_160506 (2)'  using regular expression

2022-01-17 16:40:55 - [MESSAGE][PASSED] - All options with value 'VN' are selected in object 'Object Repository/Page_Moodle Administration Users Accounts A_0fbd97/select_Select a country.            Afghani_160506 (2)'  using regular expression

2022-01-17 16:40:55 - [TEST_STEP][PASSED] - click(findTestObject("Object Repository/Page_Moodle Administration Users Accounts A_0fbd97/input_Address_submitbutton (2)")): Object: 'Object Repository/Page_Moodle Administration Users Accounts A_0fbd97/input_Address_submitbutton (2)' is clicked on

2022-01-17 16:40:57 - [MESSAGE][PASSED] - Object: 'Object Repository/Page_Moodle Administration Users Accounts A_0fbd97/input_Address_submitbutton (2)' is clicked on]]></system-out>
         <system-err><![CDATA[]]></system-err>
      </testcase>
      <testcase name="Test Cases/Admin Update Profile" time="26.145" classname="Test Cases/Admin Update Profile" status="PASSED">
         <system-out><![CDATA[2022-01-17 16:40:57 - [TEST_CASE][PASSED] - Test Cases/Admin Update Profile: Test Cases/Admin Update Profile

2022-01-17 16:40:57 - [TEST_STEP][PASSED] - callTestCase(findTestCase("Admin Login"), [:], STOP_ON_FAILURE): Call Test Case 'Test Cases/Admin Login' successfully

2022-01-17 16:40:57 - [TEST_CASE][PASSED] - Test Cases/Admin Login: Test Cases/Admin Login

2022-01-17 16:40:57 - [TEST_STEP][PASSED] - openBrowser(""): Browser is opened with url: ''

2022-01-17 16:40:57 - [MESSAGE][WARNING] - A browser is already opened. Closing browser and opening a new one

2022-01-17 16:40:58 - [MESSAGE][INFO] - Starting 'Chrome' driver

2022-01-17 16:40:58 - [MESSAGE][INFO] - Action delay is set to 0 milliseconds

2022-01-17 16:40:59 - [MESSAGE][PASSED] - Browser is opened with url: ''

2022-01-17 16:40:59 - [TEST_STEP][PASSED] - navigateToUrl("http://localhost/moodle/login/index.php"): Navigate to 'http://localhost/moodle/login/index.php' successfully

2022-01-17 16:41:00 - [MESSAGE][PASSED] - Navigate to 'http://localhost/moodle/login/index.php' successfully

2022-01-17 16:41:00 - [TEST_STEP][PASSED] - setText(findTestObject("Object Repository/Page_Moodle Log in to the site/input_Username_username"), "admin"): Text 'admin' is set on object 'Object Repository/Page_Moodle Log in to the site/input_Username_username'

2022-01-17 16:41:01 - [MESSAGE][PASSED] - Text 'admin' is set on object 'Object Repository/Page_Moodle Log in to the site/input_Username_username'

2022-01-17 16:41:01 - [TEST_STEP][PASSED] - setEncryptedText(findTestObject("Object Repository/Page_Moodle Log in to the site/input_Password_password"), "8JanWqnBZBo6yBKKrpSnpw=="): Text ****** has been set on object 'Object Repository/Page_Moodle Log in to the site/input_Password_password'

2022-01-17 16:41:01 - [MESSAGE][PASSED] - Text ****** has been set on object 'Object Repository/Page_Moodle Log in to the site/input_Password_password'

2022-01-17 16:41:01 - [TEST_STEP][PASSED] - click(findTestObject("Object Repository/Page_Moodle Log in to the site/button_Log in")): Object: 'Object Repository/Page_Moodle Log in to the site/button_Log in' is clicked on

2022-01-17 16:41:03 - [MESSAGE][PASSED] - Object: 'Object Repository/Page_Moodle Log in to the site/button_Log in' is clicked on

2022-01-17 16:41:03 - [MESSAGE][PASSED] - Call Test Case 'Test Cases/Admin Login' successfully

2022-01-17 16:41:03 - [TEST_STEP][PASSED] - click(findTestObject("Object Repository/Page_Moodle Administration Search/img_c Minh_userpicture defaultuserpic")): Object: 'Object Repository/Page_Moodle Administration Search/img_c Minh_userpicture defaultuserpic' is clicked on

2022-01-17 16:41:06 - [MESSAGE][PASSED] - Object: 'Object Repository/Page_Moodle Administration Search/img_c Minh_userpicture defaultuserpic' is clicked on

2022-01-17 16:41:06 - [TEST_STEP][PASSED] - click(findTestObject("Object Repository/Page_Moodle Administration Search/span_Profile")): Object: 'Object Repository/Page_Moodle Administration Search/span_Profile' is clicked on

2022-01-17 16:41:07 - [MESSAGE][PASSED] - Object: 'Object Repository/Page_Moodle Administration Search/span_Profile' is clicked on

2022-01-17 16:41:07 - [TEST_STEP][PASSED] - click(findTestObject("Object Repository/Page_c Minh Public profile/a_Edit profile")): Object: 'Object Repository/Page_c Minh Public profile/a_Edit profile' is clicked on

2022-01-17 16:41:09 - [MESSAGE][PASSED] - Object: 'Object Repository/Page_c Minh Public profile/a_Edit profile' is clicked on

2022-01-17 16:41:09 - [TEST_STEP][PASSED] - click(findTestObject("Object Repository/Page_Moodle Edit profile/div_Surname")): Object: 'Object Repository/Page_Moodle Edit profile/div_Surname' is clicked on

2022-01-17 16:41:10 - [MESSAGE][PASSED] - Object: 'Object Repository/Page_Moodle Edit profile/div_Surname' is clicked on

2022-01-17 16:41:10 - [TEST_STEP][PASSED] - setText(findTestObject("Object Repository/Page_Moodle Edit profile/input_Surname_lastname"), "Hồ"): Text 'Hồ' is set on object 'Object Repository/Page_Moodle Edit profile/input_Surname_lastname'

2022-01-17 16:41:11 - [MESSAGE][PASSED] - Text 'Hồ' is set on object 'Object Repository/Page_Moodle Edit profile/input_Surname_lastname'

2022-01-17 16:41:11 - [TEST_STEP][PASSED] - click(findTestObject("Object Repository/Page_Moodle Edit profile/div_Email address_yui_3_17_2_1_1642339639116_856")): Object: 'Object Repository/Page_Moodle Edit profile/div_Email address_yui_3_17_2_1_1642339639116_856' is clicked on

2022-01-17 16:41:12 - [MESSAGE][PASSED] - Object: 'Object Repository/Page_Moodle Edit profile/div_Email address_yui_3_17_2_1_1642339639116_856' is clicked on

2022-01-17 16:41:12 - [TEST_STEP][PASSED] - setText(findTestObject("Object Repository/Page_Moodle Edit profile/input_Email address_email"), "hongocminhduc@gmail.com"): Text 'hongocminhduc@gmail.com' is set on object 'Object Repository/Page_Moodle Edit profile/input_Email address_email'

2022-01-17 16:41:13 - [MESSAGE][PASSED] - Text 'hongocminhduc@gmail.com' is set on object 'Object Repository/Page_Moodle Edit profile/input_Email address_email'

2022-01-17 16:41:13 - [TEST_STEP][PASSED] - selectOptionByValue(findTestObject("Object Repository/Page_Moodle Edit profile/select_Select a country.            Afghani_160506"), "VN", true): All options with value 'VN' are selected in object 'Object Repository/Page_Moodle Edit profile/select_Select a country.            Afghani_160506'  using regular expression

2022-01-17 16:41:21 - [MESSAGE][PASSED] - All options with value 'VN' are selected in object 'Object Repository/Page_Moodle Edit profile/select_Select a country.            Afghani_160506'  using regular expression

2022-01-17 16:41:21 - [TEST_STEP][PASSED] - sendKeys(findTestObject("Object Repository/Page_Moodle Edit profile/input_Address_submitbutton"), Keys.chord(ENTER)): Keys 'ENTER + ' sent to object: 'Object Repository/Page_Moodle Edit profile/input_Address_submitbutton'

2022-01-17 16:41:23 - [MESSAGE][PASSED] - Keys 'ENTER + ' sent to object: 'Object Repository/Page_Moodle Edit profile/input_Address_submitbutton']]></system-out>
         <system-err><![CDATA[]]></system-err>
      </testcase>
      <testcase name="Test Cases/Admin Create New Category" time="19.132" classname="Test Cases/Admin Create New Category" status="PASSED">
         <system-out><![CDATA[2022-01-17 16:41:23 - [TEST_CASE][PASSED] - Test Cases/Admin Create New Category: Test Cases/Admin Create New Category

2022-01-17 16:41:23 - [TEST_STEP][PASSED] - callTestCase(findTestCase("Admin Login"), [:], STOP_ON_FAILURE): Call Test Case 'Test Cases/Admin Login' successfully

2022-01-17 16:41:23 - [TEST_CASE][PASSED] - Test Cases/Admin Login: Test Cases/Admin Login

2022-01-17 16:41:23 - [TEST_STEP][PASSED] - openBrowser(""): Browser is opened with url: ''

2022-01-17 16:41:23 - [MESSAGE][WARNING] - A browser is already opened. Closing browser and opening a new one

2022-01-17 16:41:24 - [MESSAGE][INFO] - Starting 'Chrome' driver

2022-01-17 16:41:24 - [MESSAGE][INFO] - Action delay is set to 0 milliseconds

2022-01-17 16:41:25 - [MESSAGE][PASSED] - Browser is opened with url: ''

2022-01-17 16:41:25 - [TEST_STEP][PASSED] - navigateToUrl("http://localhost/moodle/login/index.php"): Navigate to 'http://localhost/moodle/login/index.php' successfully

2022-01-17 16:41:26 - [MESSAGE][PASSED] - Navigate to 'http://localhost/moodle/login/index.php' successfully

2022-01-17 16:41:26 - [TEST_STEP][PASSED] - setText(findTestObject("Object Repository/Page_Moodle Log in to the site/input_Username_username"), "admin"): Text 'admin' is set on object 'Object Repository/Page_Moodle Log in to the site/input_Username_username'

2022-01-17 16:41:27 - [MESSAGE][PASSED] - Text 'admin' is set on object 'Object Repository/Page_Moodle Log in to the site/input_Username_username'

2022-01-17 16:41:27 - [TEST_STEP][PASSED] - setEncryptedText(findTestObject("Object Repository/Page_Moodle Log in to the site/input_Password_password"), "8JanWqnBZBo6yBKKrpSnpw=="): Text ****** has been set on object 'Object Repository/Page_Moodle Log in to the site/input_Password_password'

2022-01-17 16:41:27 - [MESSAGE][PASSED] - Text ****** has been set on object 'Object Repository/Page_Moodle Log in to the site/input_Password_password'

2022-01-17 16:41:27 - [TEST_STEP][PASSED] - click(findTestObject("Object Repository/Page_Moodle Log in to the site/button_Log in")): Object: 'Object Repository/Page_Moodle Log in to the site/button_Log in' is clicked on

2022-01-17 16:41:29 - [MESSAGE][PASSED] - Object: 'Object Repository/Page_Moodle Log in to the site/button_Log in' is clicked on

2022-01-17 16:41:29 - [MESSAGE][PASSED] - Call Test Case 'Test Cases/Admin Login' successfully

2022-01-17 16:41:29 - [TEST_STEP][PASSED] - click(findTestObject("Object Repository/Page_Dashboard/span_Site administration (2)")): Object: 'Object Repository/Page_Dashboard/span_Site administration (2)' is clicked on

2022-01-17 16:41:33 - [MESSAGE][PASSED] - Object: 'Object Repository/Page_Dashboard/span_Site administration (2)' is clicked on

2022-01-17 16:41:33 - [TEST_STEP][PASSED] - click(findTestObject("Object Repository/Page_Moodle Administration Search/a_Courses")): Object: 'Object Repository/Page_Moodle Administration Search/a_Courses' is clicked on

2022-01-17 16:41:34 - [MESSAGE][PASSED] - Object: 'Object Repository/Page_Moodle Administration Search/a_Courses' is clicked on

2022-01-17 16:41:34 - [TEST_STEP][PASSED] - click(findTestObject("Object Repository/Page_Moodle Administration Search/a_Add a category")): Object: 'Object Repository/Page_Moodle Administration Search/a_Add a category' is clicked on

2022-01-17 16:41:35 - [MESSAGE][PASSED] - Object: 'Object Repository/Page_Moodle Administration Search/a_Add a category' is clicked on

2022-01-17 16:41:35 - [TEST_STEP][PASSED] - setText(findTestObject("Object Repository/Page_Moodle Add new category/input_Category name_name"), "New Category"): Text 'New Category' is set on object 'Object Repository/Page_Moodle Add new category/input_Category name_name'

2022-01-17 16:41:37 - [MESSAGE][PASSED] - Text 'New Category' is set on object 'Object Repository/Page_Moodle Add new category/input_Category name_name'

2022-01-17 16:41:37 - [TEST_STEP][PASSED] - click(findTestObject("Object Repository/Page_Moodle Add new category/input_Description_submitbutton")): Object: 'Object Repository/Page_Moodle Add new category/input_Description_submitbutton' is clicked on

2022-01-17 16:41:42 - [MESSAGE][PASSED] - Object: 'Object Repository/Page_Moodle Add new category/input_Description_submitbutton' is clicked on]]></system-out>
         <system-err><![CDATA[]]></system-err>
      </testcase>
      <testcase name="Test Cases/Admin Add Child Category" time="18.551" classname="Test Cases/Admin Add Child Category" status="PASSED">
         <system-out><![CDATA[2022-01-17 16:41:42 - [TEST_CASE][PASSED] - Test Cases/Admin Add Child Category: Test Cases/Admin Add Child Category

2022-01-17 16:41:42 - [TEST_STEP][PASSED] - callTestCase(findTestCase("Admin Login"), [:], STOP_ON_FAILURE): Call Test Case 'Test Cases/Admin Login' successfully

2022-01-17 16:41:43 - [TEST_CASE][PASSED] - Test Cases/Admin Login: Test Cases/Admin Login

2022-01-17 16:41:43 - [TEST_STEP][PASSED] - openBrowser(""): Browser is opened with url: ''

2022-01-17 16:41:43 - [MESSAGE][WARNING] - A browser is already opened. Closing browser and opening a new one

2022-01-17 16:41:43 - [MESSAGE][INFO] - Starting 'Chrome' driver

2022-01-17 16:41:43 - [MESSAGE][INFO] - Action delay is set to 0 milliseconds

2022-01-17 16:41:44 - [MESSAGE][PASSED] - Browser is opened with url: ''

2022-01-17 16:41:44 - [TEST_STEP][PASSED] - navigateToUrl("http://localhost/moodle/login/index.php"): Navigate to 'http://localhost/moodle/login/index.php' successfully

2022-01-17 16:41:45 - [MESSAGE][PASSED] - Navigate to 'http://localhost/moodle/login/index.php' successfully

2022-01-17 16:41:45 - [TEST_STEP][PASSED] - setText(findTestObject("Object Repository/Page_Moodle Log in to the site/input_Username_username"), "admin"): Text 'admin' is set on object 'Object Repository/Page_Moodle Log in to the site/input_Username_username'

2022-01-17 16:41:46 - [MESSAGE][PASSED] - Text 'admin' is set on object 'Object Repository/Page_Moodle Log in to the site/input_Username_username'

2022-01-17 16:41:46 - [TEST_STEP][PASSED] - setEncryptedText(findTestObject("Object Repository/Page_Moodle Log in to the site/input_Password_password"), "8JanWqnBZBo6yBKKrpSnpw=="): Text ****** has been set on object 'Object Repository/Page_Moodle Log in to the site/input_Password_password'

2022-01-17 16:41:46 - [MESSAGE][PASSED] - Text ****** has been set on object 'Object Repository/Page_Moodle Log in to the site/input_Password_password'

2022-01-17 16:41:46 - [TEST_STEP][PASSED] - click(findTestObject("Object Repository/Page_Moodle Log in to the site/button_Log in")): Object: 'Object Repository/Page_Moodle Log in to the site/button_Log in' is clicked on

2022-01-17 16:41:48 - [MESSAGE][PASSED] - Object: 'Object Repository/Page_Moodle Log in to the site/button_Log in' is clicked on

2022-01-17 16:41:48 - [MESSAGE][PASSED] - Call Test Case 'Test Cases/Admin Login' successfully

2022-01-17 16:41:48 - [TEST_STEP][PASSED] - click(findTestObject("Page_Dashboard/span_Site administration")): Object: 'Object Repository/Page_Dashboard/span_Site administration' is clicked on

2022-01-17 16:41:52 - [MESSAGE][PASSED] - Object: 'Object Repository/Page_Dashboard/span_Site administration' is clicked on

2022-01-17 16:41:52 - [TEST_STEP][PASSED] - click(findTestObject("Object Repository/Page_Moodle Administration Search/a_Courses (1)")): Object: 'Object Repository/Page_Moodle Administration Search/a_Courses (1)' is clicked on

2022-01-17 16:41:52 - [MESSAGE][PASSED] - Object: 'Object Repository/Page_Moodle Administration Search/a_Courses (1)' is clicked on

2022-01-17 16:41:52 - [TEST_STEP][PASSED] - click(findTestObject("Object Repository/Page_Moodle Administration Search/a_Add a category (1)")): Object: 'Object Repository/Page_Moodle Administration Search/a_Add a category (1)' is clicked on

2022-01-17 16:41:54 - [MESSAGE][PASSED] - Object: 'Object Repository/Page_Moodle Administration Search/a_Add a category (1)' is clicked on

2022-01-17 16:41:54 - [TEST_STEP][PASSED] - click(findTestObject("Object Repository/Page_Moodle Add new category/span_")): Object: 'Object Repository/Page_Moodle Add new category/span_' is clicked on

2022-01-17 16:41:55 - [MESSAGE][PASSED] - Object: 'Object Repository/Page_Moodle Add new category/span_' is clicked on

2022-01-17 16:41:55 - [TEST_STEP][PASSED] - click(findTestObject("Object Repository/Page_Moodle Add new category/li_New Category")): Object: 'Object Repository/Page_Moodle Add new category/li_New Category' is clicked on

2022-01-17 16:41:56 - [MESSAGE][PASSED] - Object: 'Object Repository/Page_Moodle Add new category/li_New Category' is clicked on

2022-01-17 16:41:56 - [TEST_STEP][PASSED] - selectOptionByValue(findTestObject("Object Repository/Page_Moodle Add new category/select_Top            Miscellaneous        _183c6c"), "2", true): All options with value '2' are selected in object 'Object Repository/Page_Moodle Add new category/select_Top            Miscellaneous        _183c6c'  using regular expression

2022-01-17 16:41:58 - [MESSAGE][PASSED] - All options with value '2' are selected in object 'Object Repository/Page_Moodle Add new category/select_Top            Miscellaneous        _183c6c'  using regular expression

2022-01-17 16:41:58 - [TEST_STEP][PASSED] - setText(findTestObject("Object Repository/Page_Moodle Add new category/input_Category name_name (1)"), "Child Category"): Text 'Child Category' is set on object 'Object Repository/Page_Moodle Add new category/input_Category name_name (1)'

2022-01-17 16:41:58 - [MESSAGE][PASSED] - Text 'Child Category' is set on object 'Object Repository/Page_Moodle Add new category/input_Category name_name (1)'

2022-01-17 16:41:58 - [TEST_STEP][PASSED] - click(findTestObject("Object Repository/Page_Moodle Add new category/input_Description_submitbutton (1)")): Object: 'Object Repository/Page_Moodle Add new category/input_Description_submitbutton (1)' is clicked on

2022-01-17 16:42:01 - [MESSAGE][PASSED] - Object: 'Object Repository/Page_Moodle Add new category/input_Description_submitbutton (1)' is clicked on]]></system-out>
         <system-err><![CDATA[]]></system-err>
      </testcase>
      <testcase name="Test Cases/Admin Add New Course" time="17.782" classname="Test Cases/Admin Add New Course" status="PASSED">
         <system-out><![CDATA[2022-01-17 16:42:01 - [TEST_CASE][PASSED] - Test Cases/Admin Add New Course: Test Cases/Admin Add New Course

2022-01-17 16:42:01 - [TEST_STEP][PASSED] - callTestCase(findTestCase("Admin Login"), [:], STOP_ON_FAILURE): Call Test Case 'Test Cases/Admin Login' successfully

2022-01-17 16:42:01 - [TEST_CASE][PASSED] - Test Cases/Admin Login: Test Cases/Admin Login

2022-01-17 16:42:01 - [TEST_STEP][PASSED] - openBrowser(""): Browser is opened with url: ''

2022-01-17 16:42:01 - [MESSAGE][WARNING] - A browser is already opened. Closing browser and opening a new one

2022-01-17 16:42:02 - [MESSAGE][INFO] - Starting 'Chrome' driver

2022-01-17 16:42:02 - [MESSAGE][INFO] - Action delay is set to 0 milliseconds

2022-01-17 16:42:03 - [MESSAGE][PASSED] - Browser is opened with url: ''

2022-01-17 16:42:03 - [TEST_STEP][PASSED] - navigateToUrl("http://localhost/moodle/login/index.php"): Navigate to 'http://localhost/moodle/login/index.php' successfully

2022-01-17 16:42:04 - [MESSAGE][PASSED] - Navigate to 'http://localhost/moodle/login/index.php' successfully

2022-01-17 16:42:04 - [TEST_STEP][PASSED] - setText(findTestObject("Object Repository/Page_Moodle Log in to the site/input_Username_username"), "admin"): Text 'admin' is set on object 'Object Repository/Page_Moodle Log in to the site/input_Username_username'

2022-01-17 16:42:05 - [MESSAGE][PASSED] - Text 'admin' is set on object 'Object Repository/Page_Moodle Log in to the site/input_Username_username'

2022-01-17 16:42:05 - [TEST_STEP][PASSED] - setEncryptedText(findTestObject("Object Repository/Page_Moodle Log in to the site/input_Password_password"), "8JanWqnBZBo6yBKKrpSnpw=="): Text ****** has been set on object 'Object Repository/Page_Moodle Log in to the site/input_Password_password'

2022-01-17 16:42:05 - [MESSAGE][PASSED] - Text ****** has been set on object 'Object Repository/Page_Moodle Log in to the site/input_Password_password'

2022-01-17 16:42:05 - [TEST_STEP][PASSED] - click(findTestObject("Object Repository/Page_Moodle Log in to the site/button_Log in")): Object: 'Object Repository/Page_Moodle Log in to the site/button_Log in' is clicked on

2022-01-17 16:42:07 - [MESSAGE][PASSED] - Object: 'Object Repository/Page_Moodle Log in to the site/button_Log in' is clicked on

2022-01-17 16:42:07 - [MESSAGE][PASSED] - Call Test Case 'Test Cases/Admin Login' successfully

2022-01-17 16:42:07 - [TEST_STEP][PASSED] - click(findTestObject("Page_Dashboard/span_Site administration")): Object: 'Object Repository/Page_Dashboard/span_Site administration' is clicked on

2022-01-17 16:42:11 - [MESSAGE][PASSED] - Object: 'Object Repository/Page_Dashboard/span_Site administration' is clicked on

2022-01-17 16:42:11 - [TEST_STEP][PASSED] - click(findTestObject("Object Repository/Page_Moodle Administration Search/a_Courses (2)")): Object: 'Object Repository/Page_Moodle Administration Search/a_Courses (2)' is clicked on

2022-01-17 16:42:11 - [MESSAGE][PASSED] - Object: 'Object Repository/Page_Moodle Administration Search/a_Courses (2)' is clicked on

2022-01-17 16:42:11 - [TEST_STEP][PASSED] - click(findTestObject("Object Repository/Page_Moodle Administration Search/a_Add a new course")): Object: 'Object Repository/Page_Moodle Administration Search/a_Add a new course' is clicked on

2022-01-17 16:42:14 - [MESSAGE][PASSED] - Object: 'Object Repository/Page_Moodle Administration Search/a_Add a new course' is clicked on

2022-01-17 16:42:14 - [TEST_STEP][PASSED] - setText(findTestObject("Object Repository/Page_Moodle Add a new course/input_Course full name_fullname (1)"), "New Course"): Text 'New Course' is set on object 'Object Repository/Page_Moodle Add a new course/input_Course full name_fullname (1)'

2022-01-17 16:42:15 - [MESSAGE][PASSED] - Text 'New Course' is set on object 'Object Repository/Page_Moodle Add a new course/input_Course full name_fullname (1)'

2022-01-17 16:42:15 - [TEST_STEP][PASSED] - setText(findTestObject("Object Repository/Page_Moodle Add a new course/input_Course short name_shortname (1)"), "New Course"): Text 'New Course' is set on object 'Object Repository/Page_Moodle Add a new course/input_Course short name_shortname (1)'

2022-01-17 16:42:16 - [MESSAGE][PASSED] - Text 'New Course' is set on object 'Object Repository/Page_Moodle Add a new course/input_Course short name_shortname (1)'

2022-01-17 16:42:16 - [TEST_STEP][PASSED] - click(findTestObject("Object Repository/Page_Moodle Add a new course/input__saveanddisplay")): Object: 'Object Repository/Page_Moodle Add a new course/input__saveanddisplay' is clicked on

2022-01-17 16:42:18 - [MESSAGE][PASSED] - Object: 'Object Repository/Page_Moodle Add a new course/input__saveanddisplay' is clicked on]]></system-out>
         <system-err><![CDATA[]]></system-err>
      </testcase>
      <testcase name="Test Cases/Admin_Switch_Role" time="5.125" classname="Test Cases/Admin_Switch_Role" status="PASSED">
         <system-out><![CDATA[2022-01-17 16:42:18 - [TEST_CASE][PASSED] - Test Cases/Admin_Switch_Role: Test Cases/Admin_Switch_Role

2022-01-17 16:42:19 - [TEST_STEP][PASSED] - click(findTestObject("Page_Moodle Add an announcement/Page_Dashboard/a_Admin User")): Object: 'Object Repository/Page_Moodle Add an announcement/Page_Dashboard/a_Admin User' is clicked on

2022-01-17 16:42:20 - [MESSAGE][PASSED] - Object: 'Object Repository/Page_Moodle Add an announcement/Page_Dashboard/a_Admin User' is clicked on

2022-01-17 16:42:20 - [TEST_STEP][PASSED] - click(findTestObject("Page_Moodle Add an announcement/Page_Dashboard/span_Switch role to")): Object: 'Object Repository/Page_Moodle Add an announcement/Page_Dashboard/span_Switch role to' is clicked on

2022-01-17 16:42:21 - [MESSAGE][PASSED] - Object: 'Object Repository/Page_Moodle Add an announcement/Page_Dashboard/span_Switch role to' is clicked on

2022-01-17 16:42:21 - [TEST_STEP][PASSED] - click(findTestObject("Page_Moodle Add an announcement/Page_Switch role to/button_Teacher")): Object: 'Object Repository/Page_Moodle Add an announcement/Page_Switch role to/button_Teacher' is clicked on

2022-01-17 16:42:24 - [MESSAGE][PASSED] - Object: 'Object Repository/Page_Moodle Add an announcement/Page_Switch role to/button_Teacher' is clicked on]]></system-out>
         <system-err><![CDATA[]]></system-err>
      </testcase>
      <testcase name="Test Cases/Teacher_Add_NewAnnouncement" time="22.617" classname="Test Cases/Teacher_Add_NewAnnouncement" status="PASSED">
         <system-out><![CDATA[2022-01-17 16:42:24 - [TEST_CASE][PASSED] - Test Cases/Teacher_Add_NewAnnouncement: Test Cases/Teacher_Add_NewAnnouncement

2022-01-17 16:42:24 - [TEST_STEP][PASSED] - callTestCase(findTestCase("Teacher Login"), [:], STOP_ON_FAILURE): Call Test Case 'Test Cases/Teacher Login' successfully

2022-01-17 16:42:24 - [TEST_CASE][PASSED] - Test Cases/Teacher Login: Test Cases/Teacher Login

2022-01-17 16:42:25 - [TEST_STEP][PASSED] - openBrowser(""): Browser is opened with url: ''

2022-01-17 16:42:25 - [MESSAGE][WARNING] - A browser is already opened. Closing browser and opening a new one

2022-01-17 16:42:25 - [MESSAGE][INFO] - Starting 'Chrome' driver

2022-01-17 16:42:25 - [MESSAGE][INFO] - Action delay is set to 0 milliseconds

2022-01-17 16:42:27 - [MESSAGE][PASSED] - Browser is opened with url: ''

2022-01-17 16:42:27 - [TEST_STEP][PASSED] - navigateToUrl("http://localhost/moodle/login/index.php"): Navigate to 'http://localhost/moodle/login/index.php' successfully

2022-01-17 16:42:28 - [MESSAGE][PASSED] - Navigate to 'http://localhost/moodle/login/index.php' successfully

2022-01-17 16:42:28 - [TEST_STEP][PASSED] - setText(findTestObject("Object Repository/Page_Moodle Log in to the site/input_Username_username"), "admin"): Text 'admin' is set on object 'Object Repository/Page_Moodle Log in to the site/input_Username_username'

2022-01-17 16:42:29 - [MESSAGE][PASSED] - Text 'admin' is set on object 'Object Repository/Page_Moodle Log in to the site/input_Username_username'

2022-01-17 16:42:29 - [TEST_STEP][PASSED] - setEncryptedText(findTestObject("Object Repository/Page_Moodle Log in to the site/input_Password_password"), "8JanWqnBZBo6yBKKrpSnpw=="): Text ****** has been set on object 'Object Repository/Page_Moodle Log in to the site/input_Password_password'

2022-01-17 16:42:30 - [MESSAGE][PASSED] - Text ****** has been set on object 'Object Repository/Page_Moodle Log in to the site/input_Password_password'

2022-01-17 16:42:30 - [TEST_STEP][PASSED] - click(findTestObject("Object Repository/Page_Moodle Log in to the site/button_Log in")): Object: 'Object Repository/Page_Moodle Log in to the site/button_Log in' is clicked on

2022-01-17 16:42:32 - [MESSAGE][PASSED] - Object: 'Object Repository/Page_Moodle Log in to the site/button_Log in' is clicked on

2022-01-17 16:42:32 - [MESSAGE][PASSED] - Call Test Case 'Test Cases/Teacher Login' successfully

2022-01-17 16:42:32 - [TEST_STEP][PASSED] - click(findTestObject("Object Repository/Page_Dashboard/span_Site home (22)")): Object: 'Object Repository/Page_Dashboard/span_Site home (22)' is clicked on

2022-01-17 16:42:36 - [MESSAGE][PASSED] - Object: 'Object Repository/Page_Dashboard/span_Site home (22)' is clicked on

2022-01-17 16:42:36 - [TEST_STEP][PASSED] - click(findTestObject("Object Repository/Page_Moodle/a_New Course Edited (21)")): Object: 'Object Repository/Page_Moodle/a_New Course Edited (21)' is clicked on

2022-01-17 16:42:38 - [MESSAGE][PASSED] - Object: 'Object Repository/Page_Moodle/a_New Course Edited (21)' is clicked on

2022-01-17 16:42:38 - [TEST_STEP][PASSED] - click(findTestObject("Object Repository/Page_Course New Course Edited/span_Announcements Forum")): Object: 'Object Repository/Page_Course New Course Edited/span_Announcements Forum' is clicked on

2022-01-17 16:42:41 - [MESSAGE][PASSED] - Object: 'Object Repository/Page_Course New Course Edited/span_Announcements Forum' is clicked on

2022-01-17 16:42:41 - [TEST_STEP][PASSED] - click(findTestObject("Object Repository/Page_Announcements/a_Add a new topic")): Object: 'Object Repository/Page_Announcements/a_Add a new topic' is clicked on

2022-01-17 16:42:42 - [MESSAGE][PASSED] - Object: 'Object Repository/Page_Announcements/a_Add a new topic' is clicked on

2022-01-17 16:42:42 - [TEST_STEP][PASSED] - setText(findTestObject("Object Repository/Page_Announcements/input_Subject_subject"), "New Topic"): Text 'New Topic' is set on object 'Object Repository/Page_Announcements/input_Subject_subject'

2022-01-17 16:42:43 - [MESSAGE][PASSED] - Text 'New Topic' is set on object 'Object Repository/Page_Announcements/input_Subject_subject'

2022-01-17 16:42:43 - [TEST_STEP][PASSED] - setText(findTestObject("Object Repository/Page_Announcements/div_New Topic"), "<p dir="ltr" style="text-align: left;">New Topic</p>"): Text '<p dir="ltr" style="text-align: left;">New Topic</p>' is set on object 'Object Repository/Page_Announcements/div_New Topic'

2022-01-17 16:42:44 - [MESSAGE][PASSED] - Text '<p dir="ltr" style="text-align: left;">New Topic</p>' is set on object 'Object Repository/Page_Announcements/div_New Topic'

2022-01-17 16:42:44 - [TEST_STEP][PASSED] - click(findTestObject("Object Repository/Page_Announcements/input_Message_submitbutton")): Object: 'Object Repository/Page_Announcements/input_Message_submitbutton' is clicked on

2022-01-17 16:42:46 - [MESSAGE][PASSED] - Object: 'Object Repository/Page_Announcements/input_Message_submitbutton' is clicked on]]></system-out>
         <system-err><![CDATA[]]></system-err>
      </testcase>
      <testcase name="Test Cases/Admin Edit Courses Name" time="18.197" classname="Test Cases/Admin Edit Courses Name" status="PASSED">
         <system-out><![CDATA[2022-01-17 16:42:46 - [TEST_CASE][PASSED] - Test Cases/Admin Edit Courses Name: Test Cases/Admin Edit Courses Name

2022-01-17 16:42:47 - [TEST_STEP][PASSED] - callTestCase(findTestCase("Admin Login"), [:], STOP_ON_FAILURE): Call Test Case 'Test Cases/Admin Login' successfully

2022-01-17 16:42:47 - [TEST_CASE][PASSED] - Test Cases/Admin Login: Test Cases/Admin Login

2022-01-17 16:42:47 - [TEST_STEP][PASSED] - openBrowser(""): Browser is opened with url: ''

2022-01-17 16:42:47 - [MESSAGE][WARNING] - A browser is already opened. Closing browser and opening a new one

2022-01-17 16:42:47 - [MESSAGE][INFO] - Starting 'Chrome' driver

2022-01-17 16:42:47 - [MESSAGE][INFO] - Action delay is set to 0 milliseconds

2022-01-17 16:42:49 - [MESSAGE][PASSED] - Browser is opened with url: ''

2022-01-17 16:42:49 - [TEST_STEP][PASSED] - navigateToUrl("http://localhost/moodle/login/index.php"): Navigate to 'http://localhost/moodle/login/index.php' successfully

2022-01-17 16:42:49 - [MESSAGE][PASSED] - Navigate to 'http://localhost/moodle/login/index.php' successfully

2022-01-17 16:42:49 - [TEST_STEP][PASSED] - setText(findTestObject("Object Repository/Page_Moodle Log in to the site/input_Username_username"), "admin"): Text 'admin' is set on object 'Object Repository/Page_Moodle Log in to the site/input_Username_username'

2022-01-17 16:42:50 - [MESSAGE][PASSED] - Text 'admin' is set on object 'Object Repository/Page_Moodle Log in to the site/input_Username_username'

2022-01-17 16:42:50 - [TEST_STEP][PASSED] - setEncryptedText(findTestObject("Object Repository/Page_Moodle Log in to the site/input_Password_password"), "8JanWqnBZBo6yBKKrpSnpw=="): Text ****** has been set on object 'Object Repository/Page_Moodle Log in to the site/input_Password_password'

2022-01-17 16:42:51 - [MESSAGE][PASSED] - Text ****** has been set on object 'Object Repository/Page_Moodle Log in to the site/input_Password_password'

2022-01-17 16:42:51 - [TEST_STEP][PASSED] - click(findTestObject("Object Repository/Page_Moodle Log in to the site/button_Log in")): Object: 'Object Repository/Page_Moodle Log in to the site/button_Log in' is clicked on

2022-01-17 16:42:53 - [MESSAGE][PASSED] - Object: 'Object Repository/Page_Moodle Log in to the site/button_Log in' is clicked on

2022-01-17 16:42:53 - [MESSAGE][PASSED] - Call Test Case 'Test Cases/Admin Login' successfully

2022-01-17 16:42:53 - [TEST_STEP][PASSED] - click(findTestObject("Object Repository/Page_Dashboard/span_Site home (1)")): Object: 'Object Repository/Page_Dashboard/span_Site home (1)' is clicked on

2022-01-17 16:42:56 - [MESSAGE][PASSED] - Object: 'Object Repository/Page_Dashboard/span_Site home (1)' is clicked on

2022-01-17 16:42:56 - [TEST_STEP][PASSED] - click(findTestObject("Object Repository/Page_Moodle/a_New Course")): Object: 'Object Repository/Page_Moodle/a_New Course' is clicked on

2022-01-17 16:42:58 - [MESSAGE][PASSED] - Object: 'Object Repository/Page_Moodle/a_New Course' is clicked on

2022-01-17 16:42:58 - [TEST_STEP][PASSED] - click(findTestObject("Object Repository/Page_Course New Course/i_New Course_icon fa fa-cog fa-fw")): Object: 'Object Repository/Page_Course New Course/i_New Course_icon fa fa-cog fa-fw' is clicked on

2022-01-17 16:42:58 - [MESSAGE][PASSED] - Object: 'Object Repository/Page_Course New Course/i_New Course_icon fa fa-cog fa-fw' is clicked on

2022-01-17 16:42:58 - [TEST_STEP][PASSED] - click(findTestObject("Object Repository/Page_Course New Course/a_Edit settings")): Object: 'Object Repository/Page_Course New Course/a_Edit settings' is clicked on

2022-01-17 16:43:00 - [MESSAGE][PASSED] - Object: 'Object Repository/Page_Course New Course/a_Edit settings' is clicked on

2022-01-17 16:43:00 - [TEST_STEP][PASSED] - setText(findTestObject("Object Repository/Page_Edit course settings/input_Course full name_fullname"), "New Course Edited"): Text 'New Course Edited' is set on object 'Object Repository/Page_Edit course settings/input_Course full name_fullname'

2022-01-17 16:43:02 - [MESSAGE][PASSED] - Text 'New Course Edited' is set on object 'Object Repository/Page_Edit course settings/input_Course full name_fullname'

2022-01-17 16:43:02 - [TEST_STEP][PASSED] - click(findTestObject("Object Repository/Page_Edit course settings/input__saveanddisplay")): Object: 'Object Repository/Page_Edit course settings/input__saveanddisplay' is clicked on

2022-01-17 16:43:04 - [MESSAGE][PASSED] - Object: 'Object Repository/Page_Edit course settings/input__saveanddisplay' is clicked on]]></system-out>
         <system-err><![CDATA[]]></system-err>
      </testcase>
      <testcase name="Test Cases/Admin Assign Manager" time="19.24" classname="Test Cases/Admin Assign Manager" status="PASSED">
         <system-out><![CDATA[2022-01-17 16:43:04 - [TEST_CASE][PASSED] - Test Cases/Admin Assign Manager: Test Cases/Admin Assign Manager

2022-01-17 16:43:05 - [TEST_STEP][PASSED] - callTestCase(findTestCase("Admin Login"), [:], STOP_ON_FAILURE): Call Test Case 'Test Cases/Admin Login' successfully

2022-01-17 16:43:05 - [TEST_CASE][PASSED] - Test Cases/Admin Login: Test Cases/Admin Login

2022-01-17 16:43:05 - [TEST_STEP][PASSED] - openBrowser(""): Browser is opened with url: ''

2022-01-17 16:43:05 - [MESSAGE][WARNING] - A browser is already opened. Closing browser and opening a new one

2022-01-17 16:43:06 - [MESSAGE][INFO] - Starting 'Chrome' driver

2022-01-17 16:43:06 - [MESSAGE][INFO] - Action delay is set to 0 milliseconds

2022-01-17 16:43:07 - [MESSAGE][PASSED] - Browser is opened with url: ''

2022-01-17 16:43:07 - [TEST_STEP][PASSED] - navigateToUrl("http://localhost/moodle/login/index.php"): Navigate to 'http://localhost/moodle/login/index.php' successfully

2022-01-17 16:43:08 - [MESSAGE][PASSED] - Navigate to 'http://localhost/moodle/login/index.php' successfully

2022-01-17 16:43:08 - [TEST_STEP][PASSED] - setText(findTestObject("Object Repository/Page_Moodle Log in to the site/input_Username_username"), "admin"): Text 'admin' is set on object 'Object Repository/Page_Moodle Log in to the site/input_Username_username'

2022-01-17 16:43:09 - [MESSAGE][PASSED] - Text 'admin' is set on object 'Object Repository/Page_Moodle Log in to the site/input_Username_username'

2022-01-17 16:43:09 - [TEST_STEP][PASSED] - setEncryptedText(findTestObject("Object Repository/Page_Moodle Log in to the site/input_Password_password"), "8JanWqnBZBo6yBKKrpSnpw=="): Text ****** has been set on object 'Object Repository/Page_Moodle Log in to the site/input_Password_password'

2022-01-17 16:43:10 - [MESSAGE][PASSED] - Text ****** has been set on object 'Object Repository/Page_Moodle Log in to the site/input_Password_password'

2022-01-17 16:43:10 - [TEST_STEP][PASSED] - click(findTestObject("Object Repository/Page_Moodle Log in to the site/button_Log in")): Object: 'Object Repository/Page_Moodle Log in to the site/button_Log in' is clicked on

2022-01-17 16:43:12 - [MESSAGE][PASSED] - Object: 'Object Repository/Page_Moodle Log in to the site/button_Log in' is clicked on

2022-01-17 16:43:12 - [MESSAGE][PASSED] - Call Test Case 'Test Cases/Admin Login' successfully

2022-01-17 16:43:12 - [TEST_STEP][PASSED] - click(findTestObject("Object Repository/Page_Dashboard/span_Site administration (8)")): Object: 'Object Repository/Page_Dashboard/span_Site administration (8)' is clicked on

2022-01-17 16:43:16 - [MESSAGE][PASSED] - Object: 'Object Repository/Page_Dashboard/span_Site administration (8)' is clicked on

2022-01-17 16:43:16 - [TEST_STEP][PASSED] - click(findTestObject("Page_Moodle Administration Search/a_Users (6)")): Object: 'Object Repository/Page_Moodle Administration Search/a_Users (6)' is clicked on

2022-01-17 16:43:16 - [MESSAGE][PASSED] - Object: 'Object Repository/Page_Moodle Administration Search/a_Users (6)' is clicked on

2022-01-17 16:43:16 - [TEST_STEP][PASSED] - click(findTestObject("Object Repository/Page_Moodle Administration Search/a_Assign system roles")): Object: 'Object Repository/Page_Moodle Administration Search/a_Assign system roles' is clicked on

2022-01-17 16:43:18 - [MESSAGE][PASSED] - Object: 'Object Repository/Page_Moodle Administration Search/a_Assign system roles' is clicked on

2022-01-17 16:43:18 - [TEST_STEP][PASSED] - click(findTestObject("Object Repository/Page_Moodle Administration Users Permission_6fdc16/a_Manager")): Object: 'Object Repository/Page_Moodle Administration Users Permission_6fdc16/a_Manager' is clicked on

2022-01-17 16:43:19 - [MESSAGE][PASSED] - Object: 'Object Repository/Page_Moodle Administration Users Permission_6fdc16/a_Manager' is clicked on

2022-01-17 16:43:19 - [TEST_STEP][PASSED] - selectOptionByValue(findTestObject("Object Repository/Page_Moodle Administration Users Permission_6fdc16/select_c H (hongocminhducgmail.com)    c H _8cfc97"), "2", true): All options with value '2' are selected in object 'Object Repository/Page_Moodle Administration Users Permission_6fdc16/select_c H (hongocminhducgmail.com)    c H _8cfc97'  using regular expression

2022-01-17 16:43:20 - [MESSAGE][PASSED] - All options with value '2' are selected in object 'Object Repository/Page_Moodle Administration Users Permission_6fdc16/select_c H (hongocminhducgmail.com)    c H _8cfc97'  using regular expression

2022-01-17 16:43:20 - [TEST_STEP][PASSED] - click(findTestObject("Object Repository/Page_Moodle Administration Users Permission_6fdc16/input_Match the search text anywhere in the_89f7b5")): Object: 'Object Repository/Page_Moodle Administration Users Permission_6fdc16/input_Match the search text anywhere in the_89f7b5' is clicked on

2022-01-17 16:43:22 - [MESSAGE][PASSED] - Object: 'Object Repository/Page_Moodle Administration Users Permission_6fdc16/input_Match the search text anywhere in the_89f7b5' is clicked on

2022-01-17 16:43:22 - [TEST_STEP][PASSED] - click(findTestObject("Object Repository/Page_Moodle Administration Users Permission_6fdc16/a_Back to the list of all roles")): Object: 'Object Repository/Page_Moodle Administration Users Permission_6fdc16/a_Back to the list of all roles' is clicked on

2022-01-17 16:43:24 - [MESSAGE][PASSED] - Object: 'Object Repository/Page_Moodle Administration Users Permission_6fdc16/a_Back to the list of all roles' is clicked on]]></system-out>
         <system-err><![CDATA[]]></system-err>
      </testcase>
      <testcase name="Test Cases/Admin Remove Manager" time="17.48" classname="Test Cases/Admin Remove Manager" status="PASSED">
         <system-out><![CDATA[2022-01-17 16:43:24 - [TEST_CASE][PASSED] - Test Cases/Admin Remove Manager: Test Cases/Admin Remove Manager

2022-01-17 16:43:24 - [TEST_STEP][PASSED] - callTestCase(findTestCase("Admin Login"), [:], STOP_ON_FAILURE): Call Test Case 'Test Cases/Admin Login' successfully

2022-01-17 16:43:24 - [TEST_CASE][PASSED] - Test Cases/Admin Login: Test Cases/Admin Login

2022-01-17 16:43:24 - [TEST_STEP][PASSED] - openBrowser(""): Browser is opened with url: ''

2022-01-17 16:43:24 - [MESSAGE][WARNING] - A browser is already opened. Closing browser and opening a new one

2022-01-17 16:43:25 - [MESSAGE][INFO] - Starting 'Chrome' driver

2022-01-17 16:43:25 - [MESSAGE][INFO] - Action delay is set to 0 milliseconds

2022-01-17 16:43:26 - [MESSAGE][PASSED] - Browser is opened with url: ''

2022-01-17 16:43:26 - [TEST_STEP][PASSED] - navigateToUrl("http://localhost/moodle/login/index.php"): Navigate to 'http://localhost/moodle/login/index.php' successfully

2022-01-17 16:43:27 - [MESSAGE][PASSED] - Navigate to 'http://localhost/moodle/login/index.php' successfully

2022-01-17 16:43:27 - [TEST_STEP][PASSED] - setText(findTestObject("Object Repository/Page_Moodle Log in to the site/input_Username_username"), "admin"): Text 'admin' is set on object 'Object Repository/Page_Moodle Log in to the site/input_Username_username'

2022-01-17 16:43:28 - [MESSAGE][PASSED] - Text 'admin' is set on object 'Object Repository/Page_Moodle Log in to the site/input_Username_username'

2022-01-17 16:43:28 - [TEST_STEP][PASSED] - setEncryptedText(findTestObject("Object Repository/Page_Moodle Log in to the site/input_Password_password"), "8JanWqnBZBo6yBKKrpSnpw=="): Text ****** has been set on object 'Object Repository/Page_Moodle Log in to the site/input_Password_password'

2022-01-17 16:43:28 - [MESSAGE][PASSED] - Text ****** has been set on object 'Object Repository/Page_Moodle Log in to the site/input_Password_password'

2022-01-17 16:43:28 - [TEST_STEP][PASSED] - click(findTestObject("Object Repository/Page_Moodle Log in to the site/button_Log in")): Object: 'Object Repository/Page_Moodle Log in to the site/button_Log in' is clicked on

2022-01-17 16:43:30 - [MESSAGE][PASSED] - Object: 'Object Repository/Page_Moodle Log in to the site/button_Log in' is clicked on

2022-01-17 16:43:30 - [MESSAGE][PASSED] - Call Test Case 'Test Cases/Admin Login' successfully

2022-01-17 16:43:30 - [TEST_STEP][PASSED] - click(findTestObject("Object Repository/Page_Dashboard/span_Site administration (9)")): Object: 'Object Repository/Page_Dashboard/span_Site administration (9)' is clicked on

2022-01-17 16:43:34 - [MESSAGE][PASSED] - Object: 'Object Repository/Page_Dashboard/span_Site administration (9)' is clicked on

2022-01-17 16:43:34 - [TEST_STEP][PASSED] - click(findTestObject("Page_Moodle Administration Search/a_Users (6)")): Object: 'Object Repository/Page_Moodle Administration Search/a_Users (6)' is clicked on

2022-01-17 16:43:34 - [MESSAGE][PASSED] - Object: 'Object Repository/Page_Moodle Administration Search/a_Users (6)' is clicked on

2022-01-17 16:43:34 - [TEST_STEP][PASSED] - click(findTestObject("Object Repository/Page_Moodle Administration Search/a_Assign system roles (1)")): Object: 'Object Repository/Page_Moodle Administration Search/a_Assign system roles (1)' is clicked on

2022-01-17 16:43:36 - [MESSAGE][PASSED] - Object: 'Object Repository/Page_Moodle Administration Search/a_Assign system roles (1)' is clicked on

2022-01-17 16:43:36 - [TEST_STEP][PASSED] - click(findTestObject("Object Repository/Page_Moodle Administration Users Permission_6fdc16/a_Manager (1)")): Object: 'Object Repository/Page_Moodle Administration Users Permission_6fdc16/a_Manager (1)' is clicked on

2022-01-17 16:43:37 - [MESSAGE][PASSED] - Object: 'Object Repository/Page_Moodle Administration Users Permission_6fdc16/a_Manager (1)' is clicked on

2022-01-17 16:43:37 - [TEST_STEP][PASSED] - selectOptionByValue(findTestObject("Object Repository/Page_Moodle Administration Users Permission_6fdc16/select_c H (hongocminhducgmail.com)"), "2", true): All options with value '2' are selected in object 'Object Repository/Page_Moodle Administration Users Permission_6fdc16/select_c H (hongocminhducgmail.com)'  using regular expression

2022-01-17 16:43:38 - [MESSAGE][PASSED] - All options with value '2' are selected in object 'Object Repository/Page_Moodle Administration Users Permission_6fdc16/select_c H (hongocminhducgmail.com)'  using regular expression

2022-01-17 16:43:38 - [TEST_STEP][PASSED] - click(findTestObject("Object Repository/Page_Moodle Administration Users Permission_6fdc16/input_Match the search text anywhere in the_31d039")): Object: 'Object Repository/Page_Moodle Administration Users Permission_6fdc16/input_Match the search text anywhere in the_31d039' is clicked on

2022-01-17 16:43:40 - [MESSAGE][PASSED] - Object: 'Object Repository/Page_Moodle Administration Users Permission_6fdc16/input_Match the search text anywhere in the_31d039' is clicked on

2022-01-17 16:43:40 - [TEST_STEP][PASSED] - click(findTestObject("Object Repository/Page_Moodle Administration Users Permission_6fdc16/a_Back to the list of all roles (1)")): Object: 'Object Repository/Page_Moodle Administration Users Permission_6fdc16/a_Back to the list of all roles (1)' is clicked on

2022-01-17 16:43:41 - [MESSAGE][PASSED] - Object: 'Object Repository/Page_Moodle Administration Users Permission_6fdc16/a_Back to the list of all roles (1)' is clicked on]]></system-out>
         <system-err><![CDATA[]]></system-err>
      </testcase>
      <testcase name="Test Cases/Admin Assign Course Creator" time="17.721" classname="Test Cases/Admin Assign Course Creator" status="PASSED">
         <system-out><![CDATA[2022-01-17 16:43:41 - [TEST_CASE][PASSED] - Test Cases/Admin Assign Course Creator: Test Cases/Admin Assign Course Creator

2022-01-17 16:43:42 - [TEST_STEP][PASSED] - callTestCase(findTestCase("Admin Login"), [:], STOP_ON_FAILURE): Call Test Case 'Test Cases/Admin Login' successfully

2022-01-17 16:43:42 - [TEST_CASE][PASSED] - Test Cases/Admin Login: Test Cases/Admin Login

2022-01-17 16:43:42 - [TEST_STEP][PASSED] - openBrowser(""): Browser is opened with url: ''

2022-01-17 16:43:42 - [MESSAGE][WARNING] - A browser is already opened. Closing browser and opening a new one

2022-01-17 16:43:42 - [MESSAGE][INFO] - Starting 'Chrome' driver

2022-01-17 16:43:42 - [MESSAGE][INFO] - Action delay is set to 0 milliseconds

2022-01-17 16:43:44 - [MESSAGE][PASSED] - Browser is opened with url: ''

2022-01-17 16:43:44 - [TEST_STEP][PASSED] - navigateToUrl("http://localhost/moodle/login/index.php"): Navigate to 'http://localhost/moodle/login/index.php' successfully

2022-01-17 16:43:44 - [MESSAGE][PASSED] - Navigate to 'http://localhost/moodle/login/index.php' successfully

2022-01-17 16:43:44 - [TEST_STEP][PASSED] - setText(findTestObject("Object Repository/Page_Moodle Log in to the site/input_Username_username"), "admin"): Text 'admin' is set on object 'Object Repository/Page_Moodle Log in to the site/input_Username_username'

2022-01-17 16:43:45 - [MESSAGE][PASSED] - Text 'admin' is set on object 'Object Repository/Page_Moodle Log in to the site/input_Username_username'

2022-01-17 16:43:45 - [TEST_STEP][PASSED] - setEncryptedText(findTestObject("Object Repository/Page_Moodle Log in to the site/input_Password_password"), "8JanWqnBZBo6yBKKrpSnpw=="): Text ****** has been set on object 'Object Repository/Page_Moodle Log in to the site/input_Password_password'

2022-01-17 16:43:46 - [MESSAGE][PASSED] - Text ****** has been set on object 'Object Repository/Page_Moodle Log in to the site/input_Password_password'

2022-01-17 16:43:46 - [TEST_STEP][PASSED] - click(findTestObject("Object Repository/Page_Moodle Log in to the site/button_Log in")): Object: 'Object Repository/Page_Moodle Log in to the site/button_Log in' is clicked on

2022-01-17 16:43:48 - [MESSAGE][PASSED] - Object: 'Object Repository/Page_Moodle Log in to the site/button_Log in' is clicked on

2022-01-17 16:43:48 - [MESSAGE][PASSED] - Call Test Case 'Test Cases/Admin Login' successfully

2022-01-17 16:43:48 - [TEST_STEP][PASSED] - click(findTestObject("Object Repository/Page_Dashboard/span_Site administration (10)")): Object: 'Object Repository/Page_Dashboard/span_Site administration (10)' is clicked on

2022-01-17 16:43:51 - [MESSAGE][PASSED] - Object: 'Object Repository/Page_Dashboard/span_Site administration (10)' is clicked on

2022-01-17 16:43:51 - [TEST_STEP][PASSED] - click(findTestObject("Object Repository/Page_Moodle Administration Search/a_Users (6)")): Object: 'Object Repository/Page_Moodle Administration Search/a_Users (6)' is clicked on

2022-01-17 16:43:52 - [MESSAGE][PASSED] - Object: 'Object Repository/Page_Moodle Administration Search/a_Users (6)' is clicked on

2022-01-17 16:43:52 - [TEST_STEP][PASSED] - click(findTestObject("Object Repository/Page_Moodle Administration Search/a_Assign system roles (2)")): Object: 'Object Repository/Page_Moodle Administration Search/a_Assign system roles (2)' is clicked on

2022-01-17 16:43:53 - [MESSAGE][PASSED] - Object: 'Object Repository/Page_Moodle Administration Search/a_Assign system roles (2)' is clicked on

2022-01-17 16:43:53 - [TEST_STEP][PASSED] - click(findTestObject("Object Repository/Page_Moodle Administration Users Permission_6fdc16/a_Course creator")): Object: 'Object Repository/Page_Moodle Administration Users Permission_6fdc16/a_Course creator' is clicked on

2022-01-17 16:43:55 - [MESSAGE][PASSED] - Object: 'Object Repository/Page_Moodle Administration Users Permission_6fdc16/a_Course creator' is clicked on

2022-01-17 16:43:55 - [TEST_STEP][PASSED] - selectOptionByValue(findTestObject("Object Repository/Page_Moodle Administration Users Permission_6fdc16/select_c H (hongocminhducgmail.com)    c H _8cfc97 (1)"), "2", true): All options with value '2' are selected in object 'Object Repository/Page_Moodle Administration Users Permission_6fdc16/select_c H (hongocminhducgmail.com)    c H _8cfc97 (1)'  using regular expression

2022-01-17 16:43:56 - [MESSAGE][PASSED] - All options with value '2' are selected in object 'Object Repository/Page_Moodle Administration Users Permission_6fdc16/select_c H (hongocminhducgmail.com)    c H _8cfc97 (1)'  using regular expression

2022-01-17 16:43:56 - [TEST_STEP][PASSED] - click(findTestObject("Object Repository/Page_Moodle Administration Users Permission_6fdc16/input_Match the search text anywhere in the_89f7b5 (1)")): Object: 'Object Repository/Page_Moodle Administration Users Permission_6fdc16/input_Match the search text anywhere in the_89f7b5 (1)' is clicked on

2022-01-17 16:43:57 - [MESSAGE][PASSED] - Object: 'Object Repository/Page_Moodle Administration Users Permission_6fdc16/input_Match the search text anywhere in the_89f7b5 (1)' is clicked on

2022-01-17 16:43:57 - [TEST_STEP][PASSED] - click(findTestObject("Object Repository/Page_Moodle Administration Users Permission_6fdc16/a_Back to the list of all roles (2)")): Object: 'Object Repository/Page_Moodle Administration Users Permission_6fdc16/a_Back to the list of all roles (2)' is clicked on

2022-01-17 16:43:59 - [MESSAGE][PASSED] - Object: 'Object Repository/Page_Moodle Administration Users Permission_6fdc16/a_Back to the list of all roles (2)' is clicked on]]></system-out>
         <system-err><![CDATA[]]></system-err>
      </testcase>
      <testcase name="Test Cases/Admin Remove Course Creator" time="17.794" classname="Test Cases/Admin Remove Course Creator" status="PASSED">
         <system-out><![CDATA[2022-01-17 16:43:59 - [TEST_CASE][PASSED] - Test Cases/Admin Remove Course Creator: Test Cases/Admin Remove Course Creator

2022-01-17 16:43:59 - [TEST_STEP][PASSED] - callTestCase(findTestCase("Admin Login"), [:], STOP_ON_FAILURE): Call Test Case 'Test Cases/Admin Login' successfully

2022-01-17 16:43:59 - [TEST_CASE][PASSED] - Test Cases/Admin Login: Test Cases/Admin Login

2022-01-17 16:43:59 - [TEST_STEP][PASSED] - openBrowser(""): Browser is opened with url: ''

2022-01-17 16:43:59 - [MESSAGE][WARNING] - A browser is already opened. Closing browser and opening a new one

2022-01-17 16:44:00 - [MESSAGE][INFO] - Starting 'Chrome' driver

2022-01-17 16:44:00 - [MESSAGE][INFO] - Action delay is set to 0 milliseconds

2022-01-17 16:44:01 - [MESSAGE][PASSED] - Browser is opened with url: ''

2022-01-17 16:44:01 - [TEST_STEP][PASSED] - navigateToUrl("http://localhost/moodle/login/index.php"): Navigate to 'http://localhost/moodle/login/index.php' successfully

2022-01-17 16:44:02 - [MESSAGE][PASSED] - Navigate to 'http://localhost/moodle/login/index.php' successfully

2022-01-17 16:44:02 - [TEST_STEP][PASSED] - setText(findTestObject("Object Repository/Page_Moodle Log in to the site/input_Username_username"), "admin"): Text 'admin' is set on object 'Object Repository/Page_Moodle Log in to the site/input_Username_username'

2022-01-17 16:44:03 - [MESSAGE][PASSED] - Text 'admin' is set on object 'Object Repository/Page_Moodle Log in to the site/input_Username_username'

2022-01-17 16:44:03 - [TEST_STEP][PASSED] - setEncryptedText(findTestObject("Object Repository/Page_Moodle Log in to the site/input_Password_password"), "8JanWqnBZBo6yBKKrpSnpw=="): Text ****** has been set on object 'Object Repository/Page_Moodle Log in to the site/input_Password_password'

2022-01-17 16:44:03 - [MESSAGE][PASSED] - Text ****** has been set on object 'Object Repository/Page_Moodle Log in to the site/input_Password_password'

2022-01-17 16:44:03 - [TEST_STEP][PASSED] - click(findTestObject("Object Repository/Page_Moodle Log in to the site/button_Log in")): Object: 'Object Repository/Page_Moodle Log in to the site/button_Log in' is clicked on

2022-01-17 16:44:05 - [MESSAGE][PASSED] - Object: 'Object Repository/Page_Moodle Log in to the site/button_Log in' is clicked on

2022-01-17 16:44:05 - [MESSAGE][PASSED] - Call Test Case 'Test Cases/Admin Login' successfully

2022-01-17 16:44:05 - [TEST_STEP][PASSED] - click(findTestObject("Object Repository/Page_Dashboard/span_Site administration (11)")): Object: 'Object Repository/Page_Dashboard/span_Site administration (11)' is clicked on

2022-01-17 16:44:09 - [MESSAGE][PASSED] - Object: 'Object Repository/Page_Dashboard/span_Site administration (11)' is clicked on

2022-01-17 16:44:09 - [TEST_STEP][PASSED] - click(findTestObject("Object Repository/Page_Moodle Administration Search/a_Users (7)")): Object: 'Object Repository/Page_Moodle Administration Search/a_Users (7)' is clicked on

2022-01-17 16:44:10 - [MESSAGE][PASSED] - Object: 'Object Repository/Page_Moodle Administration Search/a_Users (7)' is clicked on

2022-01-17 16:44:10 - [TEST_STEP][PASSED] - click(findTestObject("Object Repository/Page_Moodle Administration Search/a_Assign system roles (3)")): Object: 'Object Repository/Page_Moodle Administration Search/a_Assign system roles (3)' is clicked on

2022-01-17 16:44:11 - [MESSAGE][PASSED] - Object: 'Object Repository/Page_Moodle Administration Search/a_Assign system roles (3)' is clicked on

2022-01-17 16:44:11 - [TEST_STEP][PASSED] - click(findTestObject("Object Repository/Page_Moodle Administration Users Permission_6fdc16/a_Course creator (1)")): Object: 'Object Repository/Page_Moodle Administration Users Permission_6fdc16/a_Course creator (1)' is clicked on

2022-01-17 16:44:13 - [MESSAGE][PASSED] - Object: 'Object Repository/Page_Moodle Administration Users Permission_6fdc16/a_Course creator (1)' is clicked on

2022-01-17 16:44:13 - [TEST_STEP][PASSED] - selectOptionByValue(findTestObject("Object Repository/Page_Moodle Administration Users Permission_6fdc16/select_c H (hongocminhducgmail.com) (1)"), "2", true): All options with value '2' are selected in object 'Object Repository/Page_Moodle Administration Users Permission_6fdc16/select_c H (hongocminhducgmail.com) (1)'  using regular expression

2022-01-17 16:44:14 - [MESSAGE][PASSED] - All options with value '2' are selected in object 'Object Repository/Page_Moodle Administration Users Permission_6fdc16/select_c H (hongocminhducgmail.com) (1)'  using regular expression

2022-01-17 16:44:14 - [TEST_STEP][PASSED] - click(findTestObject("Object Repository/Page_Moodle Administration Users Permission_6fdc16/input_Match the search text anywhere in the_31d039 (1)")): Object: 'Object Repository/Page_Moodle Administration Users Permission_6fdc16/input_Match the search text anywhere in the_31d039 (1)' is clicked on

2022-01-17 16:44:15 - [MESSAGE][PASSED] - Object: 'Object Repository/Page_Moodle Administration Users Permission_6fdc16/input_Match the search text anywhere in the_31d039 (1)' is clicked on

2022-01-17 16:44:15 - [TEST_STEP][PASSED] - click(findTestObject("Object Repository/Page_Moodle Administration Users Permission_6fdc16/a_Back to the list of all roles (3)")): Object: 'Object Repository/Page_Moodle Administration Users Permission_6fdc16/a_Back to the list of all roles (3)' is clicked on

2022-01-17 16:44:17 - [MESSAGE][PASSED] - Object: 'Object Repository/Page_Moodle Administration Users Permission_6fdc16/a_Back to the list of all roles (3)' is clicked on]]></system-out>
         <system-err><![CDATA[]]></system-err>
      </testcase>
      <testcase name="Test Cases/Admin Enroll Student" time="19.765" classname="Test Cases/Admin Enroll Student" status="PASSED">
         <system-out><![CDATA[2022-01-17 16:44:17 - [TEST_CASE][PASSED] - Test Cases/Admin Enroll Student: Test Cases/Admin Enroll Student

2022-01-17 16:44:17 - [TEST_STEP][PASSED] - callTestCase(findTestCase("Admin Login"), [:], STOP_ON_FAILURE): Call Test Case 'Test Cases/Admin Login' successfully

2022-01-17 16:44:17 - [TEST_CASE][PASSED] - Test Cases/Admin Login: Test Cases/Admin Login

2022-01-17 16:44:17 - [TEST_STEP][PASSED] - openBrowser(""): Browser is opened with url: ''

2022-01-17 16:44:17 - [MESSAGE][WARNING] - A browser is already opened. Closing browser and opening a new one

2022-01-17 16:44:18 - [MESSAGE][INFO] - Starting 'Chrome' driver

2022-01-17 16:44:18 - [MESSAGE][INFO] - Action delay is set to 0 milliseconds

2022-01-17 16:44:19 - [MESSAGE][PASSED] - Browser is opened with url: ''

2022-01-17 16:44:19 - [TEST_STEP][PASSED] - navigateToUrl("http://localhost/moodle/login/index.php"): Navigate to 'http://localhost/moodle/login/index.php' successfully

2022-01-17 16:44:20 - [MESSAGE][PASSED] - Navigate to 'http://localhost/moodle/login/index.php' successfully

2022-01-17 16:44:20 - [TEST_STEP][PASSED] - setText(findTestObject("Object Repository/Page_Moodle Log in to the site/input_Username_username"), "admin"): Text 'admin' is set on object 'Object Repository/Page_Moodle Log in to the site/input_Username_username'

2022-01-17 16:44:21 - [MESSAGE][PASSED] - Text 'admin' is set on object 'Object Repository/Page_Moodle Log in to the site/input_Username_username'

2022-01-17 16:44:21 - [TEST_STEP][PASSED] - setEncryptedText(findTestObject("Object Repository/Page_Moodle Log in to the site/input_Password_password"), "8JanWqnBZBo6yBKKrpSnpw=="): Text ****** has been set on object 'Object Repository/Page_Moodle Log in to the site/input_Password_password'

2022-01-17 16:44:21 - [MESSAGE][PASSED] - Text ****** has been set on object 'Object Repository/Page_Moodle Log in to the site/input_Password_password'

2022-01-17 16:44:21 - [TEST_STEP][PASSED] - click(findTestObject("Object Repository/Page_Moodle Log in to the site/button_Log in")): Object: 'Object Repository/Page_Moodle Log in to the site/button_Log in' is clicked on

2022-01-17 16:44:23 - [MESSAGE][PASSED] - Object: 'Object Repository/Page_Moodle Log in to the site/button_Log in' is clicked on

2022-01-17 16:44:23 - [MESSAGE][PASSED] - Call Test Case 'Test Cases/Admin Login' successfully

2022-01-17 16:44:23 - [TEST_STEP][PASSED] - click(findTestObject("Object Repository/Page_Dashboard/span_Site home (3)")): Object: 'Object Repository/Page_Dashboard/span_Site home (3)' is clicked on

2022-01-17 16:44:26 - [MESSAGE][PASSED] - Object: 'Object Repository/Page_Dashboard/span_Site home (3)' is clicked on

2022-01-17 16:44:26 - [TEST_STEP][PASSED] - click(findTestObject("Object Repository/Page_Moodle/a_New Course Edited (2)")): Object: 'Object Repository/Page_Moodle/a_New Course Edited (2)' is clicked on

2022-01-17 16:44:28 - [MESSAGE][PASSED] - Object: 'Object Repository/Page_Moodle/a_New Course Edited (2)' is clicked on

2022-01-17 16:44:28 - [TEST_STEP][PASSED] - click(findTestObject("Object Repository/Page_Course New Course Edited/i_New Course Edited_icon fa fa-cog fa-fw (2)")): Object: 'Object Repository/Page_Course New Course Edited/i_New Course Edited_icon fa fa-cog fa-fw (2)' is clicked on

2022-01-17 16:44:28 - [MESSAGE][PASSED] - Object: 'Object Repository/Page_Course New Course Edited/i_New Course Edited_icon fa fa-cog fa-fw (2)' is clicked on

2022-01-17 16:44:28 - [TEST_STEP][PASSED] - click(findTestObject("Object Repository/Page_Course New Course Edited/a_More (2)")): Object: 'Object Repository/Page_Course New Course Edited/a_More (2)' is clicked on

2022-01-17 16:44:30 - [MESSAGE][PASSED] - Object: 'Object Repository/Page_Course New Course Edited/a_More (2)' is clicked on

2022-01-17 16:44:30 - [TEST_STEP][PASSED] - click(findTestObject("Object Repository/Page_Course administration/a_Users (2)")): Object: 'Object Repository/Page_Course administration/a_Users (2)' is clicked on

2022-01-17 16:44:30 - [MESSAGE][PASSED] - Object: 'Object Repository/Page_Course administration/a_Users (2)' is clicked on

2022-01-17 16:44:30 - [TEST_STEP][PASSED] - click(findTestObject("Object Repository/Page_Course administration/a_Enrolled users (2)")): Object: 'Object Repository/Page_Course administration/a_Enrolled users (2)' is clicked on

2022-01-17 16:44:32 - [MESSAGE][PASSED] - Object: 'Object Repository/Page_Course administration/a_Enrolled users (2)' is clicked on

2022-01-17 16:44:32 - [TEST_STEP][PASSED] - click(findTestObject("Object Repository/Page_New Course Participants/input_Participants_btn btn-secondary my-1 (1)")): Object: 'Object Repository/Page_New Course Participants/input_Participants_btn btn-secondary my-1 (1)' is clicked on

2022-01-17 16:44:32 - [MESSAGE][PASSED] - Object: 'Object Repository/Page_New Course Participants/input_Participants_btn btn-secondary my-1 (1)' is clicked on

2022-01-17 16:44:32 - [TEST_STEP][PASSED] - click(findTestObject("Object Repository/Page_New Course Participants/span_ (1)")): Object: 'Object Repository/Page_New Course Participants/span_ (1)' is clicked on

2022-01-17 16:44:34 - [MESSAGE][PASSED] - Object: 'Object Repository/Page_New Course Participants/span_ (1)' is clicked on

2022-01-17 16:44:34 - [TEST_STEP][PASSED] - click(findTestObject("Object Repository/Page_New Course Participants/li_c H    hongocminhducgmail.com")): Object: 'Object Repository/Page_New Course Participants/li_c H    hongocminhducgmail.com' is clicked on

2022-01-17 16:44:36 - [MESSAGE][PASSED] - Object: 'Object Repository/Page_New Course Participants/li_c H    hongocminhducgmail.com' is clicked on

2022-01-17 16:44:36 - [TEST_STEP][PASSED] - click(findTestObject("Object Repository/Page_New Course Participants/button_Enrol users (2)")): Object: 'Object Repository/Page_New Course Participants/button_Enrol users (2)' is clicked on

2022-01-17 16:44:36 - [MESSAGE][PASSED] - Object: 'Object Repository/Page_New Course Participants/button_Enrol users (2)' is clicked on]]></system-out>
         <system-err><![CDATA[]]></system-err>
      </testcase>
      <testcase name="Test Cases/Admin Unenroll Student" time="15.879" classname="Test Cases/Admin Unenroll Student" status="PASSED">
         <system-out><![CDATA[2022-01-17 16:44:36 - [TEST_CASE][PASSED] - Test Cases/Admin Unenroll Student: Test Cases/Admin Unenroll Student

2022-01-17 16:44:37 - [TEST_STEP][PASSED] - callTestCase(findTestCase("Admin Login"), [:], STOP_ON_FAILURE): Call Test Case 'Test Cases/Admin Login' successfully

2022-01-17 16:44:37 - [TEST_CASE][PASSED] - Test Cases/Admin Login: Test Cases/Admin Login

2022-01-17 16:44:37 - [TEST_STEP][PASSED] - openBrowser(""): Browser is opened with url: ''

2022-01-17 16:44:37 - [MESSAGE][WARNING] - A browser is already opened. Closing browser and opening a new one

2022-01-17 16:44:38 - [MESSAGE][INFO] - Starting 'Chrome' driver

2022-01-17 16:44:38 - [MESSAGE][INFO] - Action delay is set to 0 milliseconds

2022-01-17 16:44:39 - [MESSAGE][PASSED] - Browser is opened with url: ''

2022-01-17 16:44:39 - [TEST_STEP][PASSED] - navigateToUrl("http://localhost/moodle/login/index.php"): Navigate to 'http://localhost/moodle/login/index.php' successfully

2022-01-17 16:44:40 - [MESSAGE][PASSED] - Navigate to 'http://localhost/moodle/login/index.php' successfully

2022-01-17 16:44:40 - [TEST_STEP][PASSED] - setText(findTestObject("Object Repository/Page_Moodle Log in to the site/input_Username_username"), "admin"): Text 'admin' is set on object 'Object Repository/Page_Moodle Log in to the site/input_Username_username'

2022-01-17 16:44:41 - [MESSAGE][PASSED] - Text 'admin' is set on object 'Object Repository/Page_Moodle Log in to the site/input_Username_username'

2022-01-17 16:44:41 - [TEST_STEP][PASSED] - setEncryptedText(findTestObject("Object Repository/Page_Moodle Log in to the site/input_Password_password"), "8JanWqnBZBo6yBKKrpSnpw=="): Text ****** has been set on object 'Object Repository/Page_Moodle Log in to the site/input_Password_password'

2022-01-17 16:44:41 - [MESSAGE][PASSED] - Text ****** has been set on object 'Object Repository/Page_Moodle Log in to the site/input_Password_password'

2022-01-17 16:44:41 - [TEST_STEP][PASSED] - click(findTestObject("Object Repository/Page_Moodle Log in to the site/button_Log in")): Object: 'Object Repository/Page_Moodle Log in to the site/button_Log in' is clicked on

2022-01-17 16:44:43 - [MESSAGE][PASSED] - Object: 'Object Repository/Page_Moodle Log in to the site/button_Log in' is clicked on

2022-01-17 16:44:43 - [MESSAGE][PASSED] - Call Test Case 'Test Cases/Admin Login' successfully

2022-01-17 16:44:43 - [TEST_STEP][PASSED] - click(findTestObject("Object Repository/Page_Dashboard/span_Site home (2)")): Object: 'Object Repository/Page_Dashboard/span_Site home (2)' is clicked on

2022-01-17 16:44:46 - [MESSAGE][PASSED] - Object: 'Object Repository/Page_Dashboard/span_Site home (2)' is clicked on

2022-01-17 16:44:46 - [TEST_STEP][PASSED] - click(findTestObject("Object Repository/Page_Moodle/a_New Course Edited")): Object: 'Object Repository/Page_Moodle/a_New Course Edited' is clicked on

2022-01-17 16:44:47 - [MESSAGE][PASSED] - Object: 'Object Repository/Page_Moodle/a_New Course Edited' is clicked on

2022-01-17 16:44:47 - [TEST_STEP][PASSED] - click(findTestObject("Object Repository/Page_Course New Course Edited/i_New Course Edited_icon fa fa-cog fa-fw")): Object: 'Object Repository/Page_Course New Course Edited/i_New Course Edited_icon fa fa-cog fa-fw' is clicked on

2022-01-17 16:44:48 - [MESSAGE][PASSED] - Object: 'Object Repository/Page_Course New Course Edited/i_New Course Edited_icon fa fa-cog fa-fw' is clicked on

2022-01-17 16:44:48 - [TEST_STEP][PASSED] - click(findTestObject("Object Repository/Page_Course New Course Edited/a_More")): Object: 'Object Repository/Page_Course New Course Edited/a_More' is clicked on

2022-01-17 16:44:49 - [MESSAGE][PASSED] - Object: 'Object Repository/Page_Course New Course Edited/a_More' is clicked on

2022-01-17 16:44:49 - [TEST_STEP][PASSED] - click(findTestObject("Object Repository/Page_Course administration/a_Users")): Object: 'Object Repository/Page_Course administration/a_Users' is clicked on

2022-01-17 16:44:50 - [MESSAGE][PASSED] - Object: 'Object Repository/Page_Course administration/a_Users' is clicked on

2022-01-17 16:44:50 - [TEST_STEP][PASSED] - click(findTestObject("Object Repository/Page_Course administration/a_Enrolled users")): Object: 'Object Repository/Page_Course administration/a_Enrolled users' is clicked on

2022-01-17 16:44:51 - [MESSAGE][PASSED] - Object: 'Object Repository/Page_Course administration/a_Enrolled users' is clicked on

2022-01-17 16:44:51 - [TEST_STEP][PASSED] - click(findTestObject("Object Repository/Page_New Course Participants/i_Active_icon fa fa-trash fa-fw")): Object: 'Object Repository/Page_New Course Participants/i_Active_icon fa fa-trash fa-fw' is clicked on

2022-01-17 16:44:51 - [MESSAGE][PASSED] - Object: 'Object Repository/Page_New Course Participants/i_Active_icon fa fa-trash fa-fw' is clicked on

2022-01-17 16:44:51 - [TEST_STEP][PASSED] - click(findTestObject("Object Repository/Page_New Course Participants/button_Unenrol")): Object: 'Object Repository/Page_New Course Participants/button_Unenrol' is clicked on

2022-01-17 16:44:52 - [MESSAGE][PASSED] - Object: 'Object Repository/Page_New Course Participants/button_Unenrol' is clicked on]]></system-out>
         <system-err><![CDATA[]]></system-err>
      </testcase>
      <testcase name="Test Cases/Admin Assign Course Teacher" time="21.456" classname="Test Cases/Admin Assign Course Teacher" status="PASSED">
         <system-out><![CDATA[2022-01-17 16:44:52 - [TEST_CASE][PASSED] - Test Cases/Admin Assign Course Teacher: Test Cases/Admin Assign Course Teacher

2022-01-17 16:44:53 - [TEST_STEP][PASSED] - callTestCase(findTestCase("Admin Login"), [:], STOP_ON_FAILURE): Call Test Case 'Test Cases/Admin Login' successfully

2022-01-17 16:44:53 - [TEST_CASE][PASSED] - Test Cases/Admin Login: Test Cases/Admin Login

2022-01-17 16:44:53 - [TEST_STEP][PASSED] - openBrowser(""): Browser is opened with url: ''

2022-01-17 16:44:53 - [MESSAGE][WARNING] - A browser is already opened. Closing browser and opening a new one

2022-01-17 16:44:53 - [MESSAGE][INFO] - Starting 'Chrome' driver

2022-01-17 16:44:53 - [MESSAGE][INFO] - Action delay is set to 0 milliseconds

2022-01-17 16:44:55 - [MESSAGE][PASSED] - Browser is opened with url: ''

2022-01-17 16:44:55 - [TEST_STEP][PASSED] - navigateToUrl("http://localhost/moodle/login/index.php"): Navigate to 'http://localhost/moodle/login/index.php' successfully

2022-01-17 16:44:55 - [MESSAGE][PASSED] - Navigate to 'http://localhost/moodle/login/index.php' successfully

2022-01-17 16:44:55 - [TEST_STEP][PASSED] - setText(findTestObject("Object Repository/Page_Moodle Log in to the site/input_Username_username"), "admin"): Text 'admin' is set on object 'Object Repository/Page_Moodle Log in to the site/input_Username_username'

2022-01-17 16:44:56 - [MESSAGE][PASSED] - Text 'admin' is set on object 'Object Repository/Page_Moodle Log in to the site/input_Username_username'

2022-01-17 16:44:56 - [TEST_STEP][PASSED] - setEncryptedText(findTestObject("Object Repository/Page_Moodle Log in to the site/input_Password_password"), "8JanWqnBZBo6yBKKrpSnpw=="): Text ****** has been set on object 'Object Repository/Page_Moodle Log in to the site/input_Password_password'

2022-01-17 16:44:57 - [MESSAGE][PASSED] - Text ****** has been set on object 'Object Repository/Page_Moodle Log in to the site/input_Password_password'

2022-01-17 16:44:57 - [TEST_STEP][PASSED] - click(findTestObject("Object Repository/Page_Moodle Log in to the site/button_Log in")): Object: 'Object Repository/Page_Moodle Log in to the site/button_Log in' is clicked on

2022-01-17 16:44:59 - [MESSAGE][PASSED] - Object: 'Object Repository/Page_Moodle Log in to the site/button_Log in' is clicked on

2022-01-17 16:44:59 - [MESSAGE][PASSED] - Call Test Case 'Test Cases/Admin Login' successfully

2022-01-17 16:44:59 - [TEST_STEP][PASSED] - click(findTestObject("Object Repository/Page_Dashboard/span_Site home (5)")): Object: 'Object Repository/Page_Dashboard/span_Site home (5)' is clicked on

2022-01-17 16:45:02 - [MESSAGE][PASSED] - Object: 'Object Repository/Page_Dashboard/span_Site home (5)' is clicked on

2022-01-17 16:45:02 - [TEST_STEP][PASSED] - click(findTestObject("Object Repository/Page_Moodle/a_New Course Edited (4)")): Object: 'Object Repository/Page_Moodle/a_New Course Edited (4)' is clicked on

2022-01-17 16:45:03 - [MESSAGE][PASSED] - Object: 'Object Repository/Page_Moodle/a_New Course Edited (4)' is clicked on

2022-01-17 16:45:03 - [TEST_STEP][PASSED] - click(findTestObject("Object Repository/Page_Course New Course Edited/i_New Course Edited_icon fa fa-cog fa-fw (4)")): Object: 'Object Repository/Page_Course New Course Edited/i_New Course Edited_icon fa fa-cog fa-fw (4)' is clicked on

2022-01-17 16:45:04 - [MESSAGE][PASSED] - Object: 'Object Repository/Page_Course New Course Edited/i_New Course Edited_icon fa fa-cog fa-fw (4)' is clicked on

2022-01-17 16:45:04 - [TEST_STEP][PASSED] - click(findTestObject("Object Repository/Page_Course New Course Edited/a_More (4)")): Object: 'Object Repository/Page_Course New Course Edited/a_More (4)' is clicked on

2022-01-17 16:45:05 - [MESSAGE][PASSED] - Object: 'Object Repository/Page_Course New Course Edited/a_More (4)' is clicked on

2022-01-17 16:45:05 - [TEST_STEP][PASSED] - click(findTestObject("Object Repository/Page_Course administration/a_Users (4)")): Object: 'Object Repository/Page_Course administration/a_Users (4)' is clicked on

2022-01-17 16:45:06 - [MESSAGE][PASSED] - Object: 'Object Repository/Page_Course administration/a_Users (4)' is clicked on

2022-01-17 16:45:06 - [TEST_STEP][PASSED] - click(findTestObject("Object Repository/Page_Course administration/a_Other users")): Object: 'Object Repository/Page_Course administration/a_Other users' is clicked on

2022-01-17 16:45:08 - [MESSAGE][PASSED] - Object: 'Object Repository/Page_Course administration/a_Other users' is clicked on

2022-01-17 16:45:08 - [TEST_STEP][PASSED] - click(findTestObject("Object Repository/Page_New Course Edited 0 other users/button_Assign roles")): Object: 'Object Repository/Page_New Course Edited 0 other users/button_Assign roles' is clicked on

2022-01-17 16:45:09 - [MESSAGE][PASSED] - Object: 'Object Repository/Page_New Course Edited 0 other users/button_Assign roles' is clicked on

2022-01-17 16:45:09 - [TEST_STEP][PASSED] - click(findTestObject("Object Repository/Page_Assign roles in Course New Course Edited/a_Teacher")): Object: 'Object Repository/Page_Assign roles in Course New Course Edited/a_Teacher' is clicked on

2022-01-17 16:45:10 - [MESSAGE][PASSED] - Object: 'Object Repository/Page_Assign roles in Course New Course Edited/a_Teacher' is clicked on

2022-01-17 16:45:10 - [TEST_STEP][PASSED] - selectOptionByValue(findTestObject("Object Repository/Page_Assign role Teacher in Course New Cour_04a7a0/select_c H (hongocminhducgmail.com)    c H _8cfc97"), "2", true): All options with value '2' are selected in object 'Object Repository/Page_Assign role Teacher in Course New Cour_04a7a0/select_c H (hongocminhducgmail.com)    c H _8cfc97'  using regular expression

2022-01-17 16:45:11 - [MESSAGE][PASSED] - All options with value '2' are selected in object 'Object Repository/Page_Assign role Teacher in Course New Cour_04a7a0/select_c H (hongocminhducgmail.com)    c H _8cfc97'  using regular expression

2022-01-17 16:45:11 - [TEST_STEP][PASSED] - click(findTestObject("Object Repository/Page_Assign role Teacher in Course New Cour_04a7a0/input_Match the search text anywhere in the_89f7b5")): Object: 'Object Repository/Page_Assign role Teacher in Course New Cour_04a7a0/input_Match the search text anywhere in the_89f7b5' is clicked on

2022-01-17 16:45:13 - [MESSAGE][PASSED] - Object: 'Object Repository/Page_Assign role Teacher in Course New Cour_04a7a0/input_Match the search text anywhere in the_89f7b5' is clicked on

2022-01-17 16:45:13 - [TEST_STEP][PASSED] - click(findTestObject("Object Repository/Page_Assign role Teacher in Course New Cour_04a7a0/a_Back to the list of all roles")): Object: 'Object Repository/Page_Assign role Teacher in Course New Cour_04a7a0/a_Back to the list of all roles' is clicked on

2022-01-17 16:45:14 - [MESSAGE][PASSED] - Object: 'Object Repository/Page_Assign role Teacher in Course New Cour_04a7a0/a_Back to the list of all roles' is clicked on]]></system-out>
         <system-err><![CDATA[]]></system-err>
      </testcase>
      <testcase name="Test Cases/Admin Remove Course Teacher" time="20.271" classname="Test Cases/Admin Remove Course Teacher" status="PASSED">
         <system-out><![CDATA[2022-01-17 16:45:14 - [TEST_CASE][PASSED] - Test Cases/Admin Remove Course Teacher: Test Cases/Admin Remove Course Teacher

2022-01-17 16:45:14 - [TEST_STEP][PASSED] - callTestCase(findTestCase("Admin Login"), [:], STOP_ON_FAILURE): Call Test Case 'Test Cases/Admin Login' successfully

2022-01-17 16:45:14 - [TEST_CASE][PASSED] - Test Cases/Admin Login: Test Cases/Admin Login

2022-01-17 16:45:14 - [TEST_STEP][PASSED] - openBrowser(""): Browser is opened with url: ''

2022-01-17 16:45:14 - [MESSAGE][WARNING] - A browser is already opened. Closing browser and opening a new one

2022-01-17 16:45:15 - [MESSAGE][INFO] - Starting 'Chrome' driver

2022-01-17 16:45:15 - [MESSAGE][INFO] - Action delay is set to 0 milliseconds

2022-01-17 16:45:16 - [MESSAGE][PASSED] - Browser is opened with url: ''

2022-01-17 16:45:16 - [TEST_STEP][PASSED] - navigateToUrl("http://localhost/moodle/login/index.php"): Navigate to 'http://localhost/moodle/login/index.php' successfully

2022-01-17 16:45:17 - [MESSAGE][PASSED] - Navigate to 'http://localhost/moodle/login/index.php' successfully

2022-01-17 16:45:17 - [TEST_STEP][PASSED] - setText(findTestObject("Object Repository/Page_Moodle Log in to the site/input_Username_username"), "admin"): Text 'admin' is set on object 'Object Repository/Page_Moodle Log in to the site/input_Username_username'

2022-01-17 16:45:18 - [MESSAGE][PASSED] - Text 'admin' is set on object 'Object Repository/Page_Moodle Log in to the site/input_Username_username'

2022-01-17 16:45:18 - [TEST_STEP][PASSED] - setEncryptedText(findTestObject("Object Repository/Page_Moodle Log in to the site/input_Password_password"), "8JanWqnBZBo6yBKKrpSnpw=="): Text ****** has been set on object 'Object Repository/Page_Moodle Log in to the site/input_Password_password'

2022-01-17 16:45:18 - [MESSAGE][PASSED] - Text ****** has been set on object 'Object Repository/Page_Moodle Log in to the site/input_Password_password'

2022-01-17 16:45:18 - [TEST_STEP][PASSED] - click(findTestObject("Object Repository/Page_Moodle Log in to the site/button_Log in")): Object: 'Object Repository/Page_Moodle Log in to the site/button_Log in' is clicked on

2022-01-17 16:45:20 - [MESSAGE][PASSED] - Object: 'Object Repository/Page_Moodle Log in to the site/button_Log in' is clicked on

2022-01-17 16:45:20 - [MESSAGE][PASSED] - Call Test Case 'Test Cases/Admin Login' successfully

2022-01-17 16:45:20 - [TEST_STEP][PASSED] - click(findTestObject("Object Repository/Page_Dashboard/span_Site home (5)")): Object: 'Object Repository/Page_Dashboard/span_Site home (5)' is clicked on

2022-01-17 16:45:24 - [MESSAGE][PASSED] - Object: 'Object Repository/Page_Dashboard/span_Site home (5)' is clicked on

2022-01-17 16:45:24 - [TEST_STEP][PASSED] - click(findTestObject("Object Repository/Page_Moodle/a_New Course Edited (4)")): Object: 'Object Repository/Page_Moodle/a_New Course Edited (4)' is clicked on

2022-01-17 16:45:25 - [MESSAGE][PASSED] - Object: 'Object Repository/Page_Moodle/a_New Course Edited (4)' is clicked on

2022-01-17 16:45:25 - [TEST_STEP][PASSED] - click(findTestObject("Object Repository/Page_Course New Course Edited/i_New Course Edited_icon fa fa-cog fa-fw (4)")): Object: 'Object Repository/Page_Course New Course Edited/i_New Course Edited_icon fa fa-cog fa-fw (4)' is clicked on

2022-01-17 16:45:26 - [MESSAGE][PASSED] - Object: 'Object Repository/Page_Course New Course Edited/i_New Course Edited_icon fa fa-cog fa-fw (4)' is clicked on

2022-01-17 16:45:26 - [TEST_STEP][PASSED] - click(findTestObject("Object Repository/Page_Course New Course Edited/a_More (4)")): Object: 'Object Repository/Page_Course New Course Edited/a_More (4)' is clicked on

2022-01-17 16:45:27 - [MESSAGE][PASSED] - Object: 'Object Repository/Page_Course New Course Edited/a_More (4)' is clicked on

2022-01-17 16:45:27 - [TEST_STEP][PASSED] - click(findTestObject("Object Repository/Page_Course administration/a_Users (4)")): Object: 'Object Repository/Page_Course administration/a_Users (4)' is clicked on

2022-01-17 16:45:28 - [MESSAGE][PASSED] - Object: 'Object Repository/Page_Course administration/a_Users (4)' is clicked on

2022-01-17 16:45:28 - [TEST_STEP][PASSED] - click(findTestObject("Object Repository/Page_Course administration/a_Other users")): Object: 'Object Repository/Page_Course administration/a_Other users' is clicked on

2022-01-17 16:45:29 - [MESSAGE][PASSED] - Object: 'Object Repository/Page_Course administration/a_Other users' is clicked on

2022-01-17 16:45:29 - [TEST_STEP][PASSED] - click(findTestObject("Object Repository/Page_New Course Edited 0 other users/button_Assign roles")): Object: 'Object Repository/Page_New Course Edited 0 other users/button_Assign roles' is clicked on

2022-01-17 16:45:30 - [MESSAGE][PASSED] - Object: 'Object Repository/Page_New Course Edited 0 other users/button_Assign roles' is clicked on

2022-01-17 16:45:30 - [TEST_STEP][PASSED] - click(findTestObject("Object Repository/Page_Assign roles in Course New Course Edited/a_Teacher")): Object: 'Object Repository/Page_Assign roles in Course New Course Edited/a_Teacher' is clicked on

2022-01-17 16:45:32 - [MESSAGE][PASSED] - Object: 'Object Repository/Page_Assign roles in Course New Course Edited/a_Teacher' is clicked on

2022-01-17 16:45:32 - [TEST_STEP][PASSED] - selectOptionByValue(findTestObject("Object Repository/Page_Assign role Teacher in Course New Cour_04a7a0/select_c H (hongocminhducgmail.com)"), "2", true): All options with value '2' are selected in object 'Object Repository/Page_Assign role Teacher in Course New Cour_04a7a0/select_c H (hongocminhducgmail.com)'  using regular expression

2022-01-17 16:45:33 - [MESSAGE][PASSED] - All options with value '2' are selected in object 'Object Repository/Page_Assign role Teacher in Course New Cour_04a7a0/select_c H (hongocminhducgmail.com)'  using regular expression

2022-01-17 16:45:33 - [TEST_STEP][PASSED] - click(findTestObject("Object Repository/Page_Assign role Teacher in Course New Cour_04a7a0/input_Match the search text anywhere in the_31d039")): Object: 'Object Repository/Page_Assign role Teacher in Course New Cour_04a7a0/input_Match the search text anywhere in the_31d039' is clicked on

2022-01-17 16:45:34 - [MESSAGE][PASSED] - Object: 'Object Repository/Page_Assign role Teacher in Course New Cour_04a7a0/input_Match the search text anywhere in the_31d039' is clicked on]]></system-out>
         <system-err><![CDATA[]]></system-err>
      </testcase>
      <testcase name="Test Cases/Admin assign non-edit teacher" time="20.869" classname="Test Cases/Admin assign non-edit teacher" status="PASSED">
         <system-out><![CDATA[2022-01-17 16:45:34 - [TEST_CASE][PASSED] - Test Cases/Admin assign non-edit teacher: Test Cases/Admin assign non-edit teacher

2022-01-17 16:45:34 - [TEST_STEP][PASSED] - callTestCase(findTestCase("Admin Login"), [:], STOP_ON_FAILURE): Call Test Case 'Test Cases/Admin Login' successfully

2022-01-17 16:45:35 - [TEST_CASE][PASSED] - Test Cases/Admin Login: Test Cases/Admin Login

2022-01-17 16:45:35 - [TEST_STEP][PASSED] - openBrowser(""): Browser is opened with url: ''

2022-01-17 16:45:35 - [MESSAGE][WARNING] - A browser is already opened. Closing browser and opening a new one

2022-01-17 16:45:35 - [MESSAGE][INFO] - Starting 'Chrome' driver

2022-01-17 16:45:35 - [MESSAGE][INFO] - Action delay is set to 0 milliseconds

2022-01-17 16:45:37 - [MESSAGE][PASSED] - Browser is opened with url: ''

2022-01-17 16:45:37 - [TEST_STEP][PASSED] - navigateToUrl("http://localhost/moodle/login/index.php"): Navigate to 'http://localhost/moodle/login/index.php' successfully

2022-01-17 16:45:37 - [MESSAGE][PASSED] - Navigate to 'http://localhost/moodle/login/index.php' successfully

2022-01-17 16:45:37 - [TEST_STEP][PASSED] - setText(findTestObject("Object Repository/Page_Moodle Log in to the site/input_Username_username"), "admin"): Text 'admin' is set on object 'Object Repository/Page_Moodle Log in to the site/input_Username_username'

2022-01-17 16:45:38 - [MESSAGE][PASSED] - Text 'admin' is set on object 'Object Repository/Page_Moodle Log in to the site/input_Username_username'

2022-01-17 16:45:38 - [TEST_STEP][PASSED] - setEncryptedText(findTestObject("Object Repository/Page_Moodle Log in to the site/input_Password_password"), "8JanWqnBZBo6yBKKrpSnpw=="): Text ****** has been set on object 'Object Repository/Page_Moodle Log in to the site/input_Password_password'

2022-01-17 16:45:39 - [MESSAGE][PASSED] - Text ****** has been set on object 'Object Repository/Page_Moodle Log in to the site/input_Password_password'

2022-01-17 16:45:39 - [TEST_STEP][PASSED] - click(findTestObject("Object Repository/Page_Moodle Log in to the site/button_Log in")): Object: 'Object Repository/Page_Moodle Log in to the site/button_Log in' is clicked on

2022-01-17 16:45:40 - [MESSAGE][PASSED] - Object: 'Object Repository/Page_Moodle Log in to the site/button_Log in' is clicked on

2022-01-17 16:45:40 - [MESSAGE][PASSED] - Call Test Case 'Test Cases/Admin Login' successfully

2022-01-17 16:45:40 - [TEST_STEP][PASSED] - click(findTestObject("Object Repository/Page_Dashboard/span_Site home (5)")): Object: 'Object Repository/Page_Dashboard/span_Site home (5)' is clicked on

2022-01-17 16:45:44 - [MESSAGE][PASSED] - Object: 'Object Repository/Page_Dashboard/span_Site home (5)' is clicked on

2022-01-17 16:45:44 - [TEST_STEP][PASSED] - click(findTestObject("Object Repository/Page_Moodle/a_New Course Edited (4)")): Object: 'Object Repository/Page_Moodle/a_New Course Edited (4)' is clicked on

2022-01-17 16:45:45 - [MESSAGE][PASSED] - Object: 'Object Repository/Page_Moodle/a_New Course Edited (4)' is clicked on

2022-01-17 16:45:45 - [TEST_STEP][PASSED] - click(findTestObject("Object Repository/Page_Course New Course Edited/i_New Course Edited_icon fa fa-cog fa-fw (4)")): Object: 'Object Repository/Page_Course New Course Edited/i_New Course Edited_icon fa fa-cog fa-fw (4)' is clicked on

2022-01-17 16:45:46 - [MESSAGE][PASSED] - Object: 'Object Repository/Page_Course New Course Edited/i_New Course Edited_icon fa fa-cog fa-fw (4)' is clicked on

2022-01-17 16:45:46 - [TEST_STEP][PASSED] - click(findTestObject("Object Repository/Page_Course New Course Edited/a_More (4)")): Object: 'Object Repository/Page_Course New Course Edited/a_More (4)' is clicked on

2022-01-17 16:45:47 - [MESSAGE][PASSED] - Object: 'Object Repository/Page_Course New Course Edited/a_More (4)' is clicked on

2022-01-17 16:45:47 - [TEST_STEP][PASSED] - click(findTestObject("Object Repository/Page_Course administration/a_Users (4)")): Object: 'Object Repository/Page_Course administration/a_Users (4)' is clicked on

2022-01-17 16:45:48 - [MESSAGE][PASSED] - Object: 'Object Repository/Page_Course administration/a_Users (4)' is clicked on

2022-01-17 16:45:48 - [TEST_STEP][PASSED] - click(findTestObject("Object Repository/Page_Course administration/a_Other users")): Object: 'Object Repository/Page_Course administration/a_Other users' is clicked on

2022-01-17 16:45:49 - [MESSAGE][PASSED] - Object: 'Object Repository/Page_Course administration/a_Other users' is clicked on

2022-01-17 16:45:49 - [TEST_STEP][PASSED] - click(findTestObject("Object Repository/Page_New Course Edited 0 other users/button_Assign roles")): Object: 'Object Repository/Page_New Course Edited 0 other users/button_Assign roles' is clicked on

2022-01-17 16:45:50 - [MESSAGE][PASSED] - Object: 'Object Repository/Page_New Course Edited 0 other users/button_Assign roles' is clicked on

2022-01-17 16:45:50 - [TEST_STEP][PASSED] - click(findTestObject("Page_Course New Course Edited/a_non_edit")): Object: 'Object Repository/Page_Course New Course Edited/a_non_edit' is clicked on

2022-01-17 16:45:51 - [MESSAGE][PASSED] - Object: 'Object Repository/Page_Course New Course Edited/a_non_edit' is clicked on

2022-01-17 16:45:51 - [TEST_STEP][PASSED] - selectOptionByValue(findTestObject("Object Repository/Page_Assign role Teacher in Course New Cour_04a7a0/select_c H (hongocminhducgmail.com)    c H _8cfc97"), "2", true): All options with value '2' are selected in object 'Object Repository/Page_Assign role Teacher in Course New Cour_04a7a0/select_c H (hongocminhducgmail.com)    c H _8cfc97'  using regular expression

2022-01-17 16:45:52 - [MESSAGE][PASSED] - All options with value '2' are selected in object 'Object Repository/Page_Assign role Teacher in Course New Cour_04a7a0/select_c H (hongocminhducgmail.com)    c H _8cfc97'  using regular expression

2022-01-17 16:45:52 - [TEST_STEP][PASSED] - click(findTestObject("Object Repository/Page_Assign role Teacher in Course New Cour_04a7a0/input_Match the search text anywhere in the_89f7b5")): Object: 'Object Repository/Page_Assign role Teacher in Course New Cour_04a7a0/input_Match the search text anywhere in the_89f7b5' is clicked on

2022-01-17 16:45:54 - [MESSAGE][PASSED] - Object: 'Object Repository/Page_Assign role Teacher in Course New Cour_04a7a0/input_Match the search text anywhere in the_89f7b5' is clicked on

2022-01-17 16:45:54 - [TEST_STEP][PASSED] - click(findTestObject("Object Repository/Page_Assign role Teacher in Course New Cour_04a7a0/a_Back to the list of all roles")): Object: 'Object Repository/Page_Assign role Teacher in Course New Cour_04a7a0/a_Back to the list of all roles' is clicked on

2022-01-17 16:45:55 - [MESSAGE][PASSED] - Object: 'Object Repository/Page_Assign role Teacher in Course New Cour_04a7a0/a_Back to the list of all roles' is clicked on]]></system-out>
         <system-err><![CDATA[]]></system-err>
      </testcase>
      <testcase name="Test Cases/Student Login" time="6.761" classname="Test Cases/Student Login" status="PASSED">
         <system-out><![CDATA[2022-01-17 16:45:55 - [TEST_CASE][PASSED] - Test Cases/Student Login: Test Cases/Student Login

2022-01-17 16:45:55 - [TEST_STEP][PASSED] - openBrowser(""): Browser is opened with url: ''

2022-01-17 16:45:55 - [MESSAGE][WARNING] - A browser is already opened. Closing browser and opening a new one

2022-01-17 16:45:56 - [MESSAGE][INFO] - Starting 'Chrome' driver

2022-01-17 16:45:56 - [MESSAGE][INFO] - Action delay is set to 0 milliseconds

2022-01-17 16:45:57 - [MESSAGE][PASSED] - Browser is opened with url: ''

2022-01-17 16:45:57 - [TEST_STEP][PASSED] - navigateToUrl("http://localhost/moodle/login/index.php"): Navigate to 'http://localhost/moodle/login/index.php' successfully

2022-01-17 16:45:58 - [MESSAGE][PASSED] - Navigate to 'http://localhost/moodle/login/index.php' successfully

2022-01-17 16:45:58 - [TEST_STEP][PASSED] - setText(findTestObject("Object Repository/Page_Moodle Log in to the site/input_Username_username (21)"), "minhduc"): Text 'minhduc' is set on object 'Object Repository/Page_Moodle Log in to the site/input_Username_username (21)'

2022-01-17 16:45:59 - [MESSAGE][PASSED] - Text 'minhduc' is set on object 'Object Repository/Page_Moodle Log in to the site/input_Username_username (21)'

2022-01-17 16:45:59 - [TEST_STEP][PASSED] - click(findTestObject("Object Repository/Page_Moodle Log in to the site/form_document.getElementById(anchor).value _70e5d4")): Object: 'Object Repository/Page_Moodle Log in to the site/form_document.getElementById(anchor).value _70e5d4' is clicked on

2022-01-17 16:45:59 - [MESSAGE][PASSED] - Object: 'Object Repository/Page_Moodle Log in to the site/form_document.getElementById(anchor).value _70e5d4' is clicked on

2022-01-17 16:45:59 - [TEST_STEP][PASSED] - setEncryptedText(findTestObject("Object Repository/Page_Moodle Log in to the site/input_Password_password (21)"), "8JanWqnBZBo6yBKKrpSnpw=="): Text ****** has been set on object 'Object Repository/Page_Moodle Log in to the site/input_Password_password (21)'

2022-01-17 16:46:00 - [MESSAGE][PASSED] - Text ****** has been set on object 'Object Repository/Page_Moodle Log in to the site/input_Password_password (21)'

2022-01-17 16:46:00 - [TEST_STEP][PASSED] - click(findTestObject("Object Repository/Page_Moodle Log in to the site/button_Log in (14)")): Object: 'Object Repository/Page_Moodle Log in to the site/button_Log in (14)' is clicked on

2022-01-17 16:46:02 - [MESSAGE][PASSED] - Object: 'Object Repository/Page_Moodle Log in to the site/button_Log in (14)' is clicked on]]></system-out>
         <system-err><![CDATA[]]></system-err>
      </testcase>
      <testcase name="Test Cases/Student Attempt Quiz" time="14.957" classname="Test Cases/Student Attempt Quiz" status="PASSED">
         <system-out><![CDATA[2022-01-17 16:46:02 - [TEST_CASE][PASSED] - Test Cases/Student Attempt Quiz: Test Cases/Student Attempt Quiz

2022-01-17 16:46:02 - [TEST_STEP][PASSED] - callTestCase(findTestCase("Student Login"), [:], STOP_ON_FAILURE): Call Test Case 'Test Cases/Student Login' successfully

2022-01-17 16:46:02 - [TEST_CASE][PASSED] - Test Cases/Student Login: Test Cases/Student Login

2022-01-17 16:46:02 - [TEST_STEP][PASSED] - openBrowser(""): Browser is opened with url: ''

2022-01-17 16:46:02 - [MESSAGE][WARNING] - A browser is already opened. Closing browser and opening a new one

2022-01-17 16:46:03 - [MESSAGE][INFO] - Starting 'Chrome' driver

2022-01-17 16:46:03 - [MESSAGE][INFO] - Action delay is set to 0 milliseconds

2022-01-17 16:46:04 - [MESSAGE][PASSED] - Browser is opened with url: ''

2022-01-17 16:46:04 - [TEST_STEP][PASSED] - navigateToUrl("http://localhost/moodle/login/index.php"): Navigate to 'http://localhost/moodle/login/index.php' successfully

2022-01-17 16:46:05 - [MESSAGE][PASSED] - Navigate to 'http://localhost/moodle/login/index.php' successfully

2022-01-17 16:46:05 - [TEST_STEP][PASSED] - setText(findTestObject("Object Repository/Page_Moodle Log in to the site/input_Username_username (21)"), "minhduc"): Text 'minhduc' is set on object 'Object Repository/Page_Moodle Log in to the site/input_Username_username (21)'

2022-01-17 16:46:06 - [MESSAGE][PASSED] - Text 'minhduc' is set on object 'Object Repository/Page_Moodle Log in to the site/input_Username_username (21)'

2022-01-17 16:46:06 - [TEST_STEP][PASSED] - click(findTestObject("Object Repository/Page_Moodle Log in to the site/form_document.getElementById(anchor).value _70e5d4")): Object: 'Object Repository/Page_Moodle Log in to the site/form_document.getElementById(anchor).value _70e5d4' is clicked on

2022-01-17 16:46:06 - [MESSAGE][PASSED] - Object: 'Object Repository/Page_Moodle Log in to the site/form_document.getElementById(anchor).value _70e5d4' is clicked on

2022-01-17 16:46:06 - [TEST_STEP][PASSED] - setEncryptedText(findTestObject("Object Repository/Page_Moodle Log in to the site/input_Password_password (21)"), "8JanWqnBZBo6yBKKrpSnpw=="): Text ****** has been set on object 'Object Repository/Page_Moodle Log in to the site/input_Password_password (21)'

2022-01-17 16:46:07 - [MESSAGE][PASSED] - Text ****** has been set on object 'Object Repository/Page_Moodle Log in to the site/input_Password_password (21)'

2022-01-17 16:46:07 - [TEST_STEP][PASSED] - click(findTestObject("Object Repository/Page_Moodle Log in to the site/button_Log in (14)")): Object: 'Object Repository/Page_Moodle Log in to the site/button_Log in (14)' is clicked on

2022-01-17 16:46:09 - [MESSAGE][PASSED] - Object: 'Object Repository/Page_Moodle Log in to the site/button_Log in (14)' is clicked on

2022-01-17 16:46:09 - [MESSAGE][PASSED] - Call Test Case 'Test Cases/Student Login' successfully

2022-01-17 16:46:09 - [TEST_STEP][PASSED] - click(findTestObject("Object Repository/Page_Dashboard/span_Site home (10)")): Object: 'Object Repository/Page_Dashboard/span_Site home (10)' is clicked on

2022-01-17 16:46:12 - [MESSAGE][PASSED] - Object: 'Object Repository/Page_Dashboard/span_Site home (10)' is clicked on

2022-01-17 16:46:12 - [TEST_STEP][PASSED] - click(findTestObject("Object Repository/Page_Moodle/a_New Course Edited (9)")): Object: 'Object Repository/Page_Moodle/a_New Course Edited (9)' is clicked on

2022-01-17 16:46:13 - [MESSAGE][PASSED] - Object: 'Object Repository/Page_Moodle/a_New Course Edited (9)' is clicked on

2022-01-17 16:46:13 - [TEST_STEP][PASSED] - click(findTestObject("Object Repository/Page_Course New Course Edited/span_New Quiz")): Object: 'Object Repository/Page_Course New Course Edited/span_New Quiz' is clicked on

2022-01-17 16:46:15 - [MESSAGE][PASSED] - Object: 'Object Repository/Page_Course New Course Edited/span_New Quiz' is clicked on

2022-01-17 16:46:15 - [TEST_STEP][PASSED] - click(findTestObject("Object Repository/Page_New Course New Quiz/button_Attempt quiz now")): Object: 'Object Repository/Page_New Course New Quiz/button_Attempt quiz now' is clicked on

2022-01-17 16:46:17 - [MESSAGE][PASSED] - Object: 'Object Repository/Page_New Course New Quiz/button_Attempt quiz now' is clicked on]]></system-out>
         <system-err><![CDATA[]]></system-err>
      </testcase>
      <testcase name="Test Cases/Student View Grades" time="12.713" classname="Test Cases/Student View Grades" status="PASSED">
         <system-out><![CDATA[2022-01-17 16:46:17 - [TEST_CASE][PASSED] - Test Cases/Student View Grades: Test Cases/Student View Grades

2022-01-17 16:46:17 - [TEST_STEP][PASSED] - callTestCase(findTestCase("Student Login"), [:], STOP_ON_FAILURE): Call Test Case 'Test Cases/Student Login' successfully

2022-01-17 16:46:17 - [TEST_CASE][PASSED] - Test Cases/Student Login: Test Cases/Student Login

2022-01-17 16:46:17 - [TEST_STEP][PASSED] - openBrowser(""): Browser is opened with url: ''

2022-01-17 16:46:17 - [MESSAGE][WARNING] - A browser is already opened. Closing browser and opening a new one

2022-01-17 16:46:18 - [MESSAGE][INFO] - Starting 'Chrome' driver

2022-01-17 16:46:18 - [MESSAGE][INFO] - Action delay is set to 0 milliseconds

2022-01-17 16:46:19 - [MESSAGE][PASSED] - Browser is opened with url: ''

2022-01-17 16:46:19 - [TEST_STEP][PASSED] - navigateToUrl("http://localhost/moodle/login/index.php"): Navigate to 'http://localhost/moodle/login/index.php' successfully

2022-01-17 16:46:20 - [MESSAGE][PASSED] - Navigate to 'http://localhost/moodle/login/index.php' successfully

2022-01-17 16:46:20 - [TEST_STEP][PASSED] - setText(findTestObject("Object Repository/Page_Moodle Log in to the site/input_Username_username (21)"), "minhduc"): Text 'minhduc' is set on object 'Object Repository/Page_Moodle Log in to the site/input_Username_username (21)'

2022-01-17 16:46:21 - [MESSAGE][PASSED] - Text 'minhduc' is set on object 'Object Repository/Page_Moodle Log in to the site/input_Username_username (21)'

2022-01-17 16:46:21 - [TEST_STEP][PASSED] - click(findTestObject("Object Repository/Page_Moodle Log in to the site/form_document.getElementById(anchor).value _70e5d4")): Object: 'Object Repository/Page_Moodle Log in to the site/form_document.getElementById(anchor).value _70e5d4' is clicked on

2022-01-17 16:46:21 - [MESSAGE][PASSED] - Object: 'Object Repository/Page_Moodle Log in to the site/form_document.getElementById(anchor).value _70e5d4' is clicked on

2022-01-17 16:46:21 - [TEST_STEP][PASSED] - setEncryptedText(findTestObject("Object Repository/Page_Moodle Log in to the site/input_Password_password (21)"), "8JanWqnBZBo6yBKKrpSnpw=="): Text ****** has been set on object 'Object Repository/Page_Moodle Log in to the site/input_Password_password (21)'

2022-01-17 16:46:22 - [MESSAGE][PASSED] - Text ****** has been set on object 'Object Repository/Page_Moodle Log in to the site/input_Password_password (21)'

2022-01-17 16:46:22 - [TEST_STEP][PASSED] - click(findTestObject("Object Repository/Page_Moodle Log in to the site/button_Log in (14)")): Object: 'Object Repository/Page_Moodle Log in to the site/button_Log in (14)' is clicked on

2022-01-17 16:46:23 - [MESSAGE][PASSED] - Object: 'Object Repository/Page_Moodle Log in to the site/button_Log in (14)' is clicked on

2022-01-17 16:46:23 - [MESSAGE][PASSED] - Call Test Case 'Test Cases/Student Login' successfully

2022-01-17 16:46:23 - [TEST_STEP][PASSED] - click(findTestObject("Object Repository/Page_Dashboard/span_Site home (7)")): Object: 'Object Repository/Page_Dashboard/span_Site home (7)' is clicked on

2022-01-17 16:46:26 - [MESSAGE][PASSED] - Object: 'Object Repository/Page_Dashboard/span_Site home (7)' is clicked on

2022-01-17 16:46:26 - [TEST_STEP][PASSED] - click(findTestObject("Object Repository/Page_Moodle/a_New Course Edited (6)")): Object: 'Object Repository/Page_Moodle/a_New Course Edited (6)' is clicked on

2022-01-17 16:46:28 - [MESSAGE][PASSED] - Object: 'Object Repository/Page_Moodle/a_New Course Edited (6)' is clicked on

2022-01-17 16:46:28 - [TEST_STEP][PASSED] - click(findTestObject("Object Repository/Page_Course New Course Edited/span_Grades")): Object: 'Object Repository/Page_Course New Course Edited/span_Grades' is clicked on

2022-01-17 16:46:29 - [MESSAGE][PASSED] - Object: 'Object Repository/Page_Course New Course Edited/span_Grades' is clicked on]]></system-out>
         <system-err><![CDATA[]]></system-err>
      </testcase>
      <testcase name="Test Cases/Student Add New Discussion Topic" time="19.931" classname="Test Cases/Student Add New Discussion Topic" status="PASSED">
         <system-out><![CDATA[2022-01-17 16:46:29 - [TEST_CASE][PASSED] - Test Cases/Student Add New Discussion Topic: Test Cases/Student Add New Discussion Topic

2022-01-17 16:46:30 - [TEST_STEP][PASSED] - callTestCase(findTestCase("Student Login"), [:], STOP_ON_FAILURE): Call Test Case 'Test Cases/Student Login' successfully

2022-01-17 16:46:30 - [TEST_CASE][PASSED] - Test Cases/Student Login: Test Cases/Student Login

2022-01-17 16:46:30 - [TEST_STEP][PASSED] - openBrowser(""): Browser is opened with url: ''

2022-01-17 16:46:30 - [MESSAGE][WARNING] - A browser is already opened. Closing browser and opening a new one

2022-01-17 16:46:30 - [MESSAGE][INFO] - Starting 'Chrome' driver

2022-01-17 16:46:30 - [MESSAGE][INFO] - Action delay is set to 0 milliseconds

2022-01-17 16:46:32 - [MESSAGE][PASSED] - Browser is opened with url: ''

2022-01-17 16:46:32 - [TEST_STEP][PASSED] - navigateToUrl("http://localhost/moodle/login/index.php"): Navigate to 'http://localhost/moodle/login/index.php' successfully

2022-01-17 16:46:32 - [MESSAGE][PASSED] - Navigate to 'http://localhost/moodle/login/index.php' successfully

2022-01-17 16:46:32 - [TEST_STEP][PASSED] - setText(findTestObject("Object Repository/Page_Moodle Log in to the site/input_Username_username (21)"), "minhduc"): Text 'minhduc' is set on object 'Object Repository/Page_Moodle Log in to the site/input_Username_username (21)'

2022-01-17 16:46:33 - [MESSAGE][PASSED] - Text 'minhduc' is set on object 'Object Repository/Page_Moodle Log in to the site/input_Username_username (21)'

2022-01-17 16:46:33 - [TEST_STEP][PASSED] - click(findTestObject("Object Repository/Page_Moodle Log in to the site/form_document.getElementById(anchor).value _70e5d4")): Object: 'Object Repository/Page_Moodle Log in to the site/form_document.getElementById(anchor).value _70e5d4' is clicked on

2022-01-17 16:46:34 - [MESSAGE][PASSED] - Object: 'Object Repository/Page_Moodle Log in to the site/form_document.getElementById(anchor).value _70e5d4' is clicked on

2022-01-17 16:46:34 - [TEST_STEP][PASSED] - setEncryptedText(findTestObject("Object Repository/Page_Moodle Log in to the site/input_Password_password (21)"), "8JanWqnBZBo6yBKKrpSnpw=="): Text ****** has been set on object 'Object Repository/Page_Moodle Log in to the site/input_Password_password (21)'

2022-01-17 16:46:34 - [MESSAGE][PASSED] - Text ****** has been set on object 'Object Repository/Page_Moodle Log in to the site/input_Password_password (21)'

2022-01-17 16:46:34 - [TEST_STEP][PASSED] - click(findTestObject("Object Repository/Page_Moodle Log in to the site/button_Log in (14)")): Object: 'Object Repository/Page_Moodle Log in to the site/button_Log in (14)' is clicked on

2022-01-17 16:46:36 - [MESSAGE][PASSED] - Object: 'Object Repository/Page_Moodle Log in to the site/button_Log in (14)' is clicked on

2022-01-17 16:46:36 - [MESSAGE][PASSED] - Call Test Case 'Test Cases/Student Login' successfully

2022-01-17 16:46:36 - [TEST_STEP][PASSED] - click(findTestObject("Object Repository/Page_Dashboard/span_Site home (8)")): Object: 'Object Repository/Page_Dashboard/span_Site home (8)' is clicked on

2022-01-17 16:46:39 - [MESSAGE][PASSED] - Object: 'Object Repository/Page_Dashboard/span_Site home (8)' is clicked on

2022-01-17 16:46:39 - [TEST_STEP][PASSED] - click(findTestObject("Object Repository/Page_Moodle/a_New Course Edited (7)")): Object: 'Object Repository/Page_Moodle/a_New Course Edited (7)' is clicked on

2022-01-17 16:46:40 - [MESSAGE][PASSED] - Object: 'Object Repository/Page_Moodle/a_New Course Edited (7)' is clicked on

2022-01-17 16:46:40 - [TEST_STEP][PASSED] - click(findTestObject("Object Repository/Page_Course New Course Edited/span_New Forum")): Object: 'Object Repository/Page_Course New Course Edited/span_New Forum' is clicked on

2022-01-17 16:46:42 - [MESSAGE][PASSED] - Object: 'Object Repository/Page_Course New Course Edited/span_New Forum' is clicked on

2022-01-17 16:46:42 - [TEST_STEP][PASSED] - click(findTestObject("Object Repository/Page_New Forum/a_Add a new discussion topic")): Object: 'Object Repository/Page_New Forum/a_Add a new discussion topic' is clicked on

2022-01-17 16:46:43 - [MESSAGE][PASSED] - Object: 'Object Repository/Page_New Forum/a_Add a new discussion topic' is clicked on

2022-01-17 16:46:43 - [TEST_STEP][PASSED] - setText(findTestObject("Object Repository/Page_New Forum/input_Subject_subject"), "New discussion topic"): Text 'New discussion topic' is set on object 'Object Repository/Page_New Forum/input_Subject_subject'

2022-01-17 16:46:44 - [MESSAGE][PASSED] - Text 'New discussion topic' is set on object 'Object Repository/Page_New Forum/input_Subject_subject'

2022-01-17 16:46:44 - [TEST_STEP][PASSED] - click(findTestObject("Object Repository/Page_New Forum/div_Subject")): Object: 'Object Repository/Page_New Forum/div_Subject' is clicked on

2022-01-17 16:46:44 - [MESSAGE][PASSED] - Object: 'Object Repository/Page_New Forum/div_Subject' is clicked on

2022-01-17 16:46:44 - [TEST_STEP][PASSED] - setText(findTestObject("Object Repository/Page_New Forum/input_Subject_subject"), "New discussion topic"): Text 'New discussion topic' is set on object 'Object Repository/Page_New Forum/input_Subject_subject'

2022-01-17 16:46:45 - [MESSAGE][PASSED] - Text 'New discussion topic' is set on object 'Object Repository/Page_New Forum/input_Subject_subject'

2022-01-17 16:46:45 - [TEST_STEP][PASSED] - click(findTestObject("Object Repository/Page_New Forum/p")): Object: 'Object Repository/Page_New Forum/p' is clicked on

2022-01-17 16:46:46 - [MESSAGE][PASSED] - Object: 'Object Repository/Page_New Forum/p' is clicked on

2022-01-17 16:46:46 - [TEST_STEP][PASSED] - setText(findTestObject("Object Repository/Page_New Forum/div_New discussion topic"), "<p dir="ltr" style="text-align: left; outline: rgb(255, 0, 0) solid 2px;" id="yui_3_17_2_1_1642383176173_510"><span style="font-size: 14.9262px;">New discussion topic</span><br></p>"): Text '<p dir="ltr" style="text-align: left; outline: rgb(255, 0, 0) solid 2px;" id="yui_3_17_2_1_1642383176173_510"><span style="font-size: 14.9262px;">New discussion topic</span><br></p>' is set on object 'Object Repository/Page_New Forum/div_New discussion topic'

2022-01-17 16:46:47 - [MESSAGE][PASSED] - Text '<p dir="ltr" style="text-align: left; outline: rgb(255, 0, 0) solid 2px;" id="yui_3_17_2_1_1642383176173_510"><span style="font-size: 14.9262px;">New discussion topic</span><br></p>' is set on object 'Object Repository/Page_New Forum/div_New discussion topic'

2022-01-17 16:46:47 - [TEST_STEP][PASSED] - click(findTestObject("Object Repository/Page_New Forum/input_New discussion topic_submitbutton")): Object: 'Object Repository/Page_New Forum/input_New discussion topic_submitbutton' is clicked on

2022-01-17 16:46:49 - [MESSAGE][PASSED] - Object: 'Object Repository/Page_New Forum/input_New discussion topic_submitbutton' is clicked on]]></system-out>
         <system-err><![CDATA[]]></system-err>
      </testcase>
      <testcase name="Test Cases/Student Reply A Discussion Topic" time="17.365" classname="Test Cases/Student Reply A Discussion Topic" status="PASSED">
         <system-out><![CDATA[2022-01-17 16:46:49 - [TEST_CASE][PASSED] - Test Cases/Student Reply A Discussion Topic: Test Cases/Student Reply A Discussion Topic

2022-01-17 16:46:50 - [TEST_STEP][PASSED] - callTestCase(findTestCase("Student Login"), [:], STOP_ON_FAILURE): Call Test Case 'Test Cases/Student Login' successfully

2022-01-17 16:46:50 - [TEST_CASE][PASSED] - Test Cases/Student Login: Test Cases/Student Login

2022-01-17 16:46:50 - [TEST_STEP][PASSED] - openBrowser(""): Browser is opened with url: ''

2022-01-17 16:46:50 - [MESSAGE][WARNING] - A browser is already opened. Closing browser and opening a new one

2022-01-17 16:46:50 - [MESSAGE][INFO] - Starting 'Chrome' driver

2022-01-17 16:46:50 - [MESSAGE][INFO] - Action delay is set to 0 milliseconds

2022-01-17 16:46:52 - [MESSAGE][PASSED] - Browser is opened with url: ''

2022-01-17 16:46:52 - [TEST_STEP][PASSED] - navigateToUrl("http://localhost/moodle/login/index.php"): Navigate to 'http://localhost/moodle/login/index.php' successfully

2022-01-17 16:46:52 - [MESSAGE][PASSED] - Navigate to 'http://localhost/moodle/login/index.php' successfully

2022-01-17 16:46:52 - [TEST_STEP][PASSED] - setText(findTestObject("Object Repository/Page_Moodle Log in to the site/input_Username_username (21)"), "minhduc"): Text 'minhduc' is set on object 'Object Repository/Page_Moodle Log in to the site/input_Username_username (21)'

2022-01-17 16:46:53 - [MESSAGE][PASSED] - Text 'minhduc' is set on object 'Object Repository/Page_Moodle Log in to the site/input_Username_username (21)'

2022-01-17 16:46:53 - [TEST_STEP][PASSED] - click(findTestObject("Object Repository/Page_Moodle Log in to the site/form_document.getElementById(anchor).value _70e5d4")): Object: 'Object Repository/Page_Moodle Log in to the site/form_document.getElementById(anchor).value _70e5d4' is clicked on

2022-01-17 16:46:54 - [MESSAGE][PASSED] - Object: 'Object Repository/Page_Moodle Log in to the site/form_document.getElementById(anchor).value _70e5d4' is clicked on

2022-01-17 16:46:54 - [TEST_STEP][PASSED] - setEncryptedText(findTestObject("Object Repository/Page_Moodle Log in to the site/input_Password_password (21)"), "8JanWqnBZBo6yBKKrpSnpw=="): Text ****** has been set on object 'Object Repository/Page_Moodle Log in to the site/input_Password_password (21)'

2022-01-17 16:46:54 - [MESSAGE][PASSED] - Text ****** has been set on object 'Object Repository/Page_Moodle Log in to the site/input_Password_password (21)'

2022-01-17 16:46:54 - [TEST_STEP][PASSED] - click(findTestObject("Object Repository/Page_Moodle Log in to the site/button_Log in (14)")): Object: 'Object Repository/Page_Moodle Log in to the site/button_Log in (14)' is clicked on

2022-01-17 16:46:56 - [MESSAGE][PASSED] - Object: 'Object Repository/Page_Moodle Log in to the site/button_Log in (14)' is clicked on

2022-01-17 16:46:56 - [MESSAGE][PASSED] - Call Test Case 'Test Cases/Student Login' successfully

2022-01-17 16:46:56 - [TEST_STEP][PASSED] - click(findTestObject("Object Repository/Page_Dashboard/span_Site home (9)")): Object: 'Object Repository/Page_Dashboard/span_Site home (9)' is clicked on

2022-01-17 16:46:59 - [MESSAGE][PASSED] - Object: 'Object Repository/Page_Dashboard/span_Site home (9)' is clicked on

2022-01-17 16:46:59 - [TEST_STEP][PASSED] - click(findTestObject("Object Repository/Page_Moodle/a_New Course Edited (8)")): Object: 'Object Repository/Page_Moodle/a_New Course Edited (8)' is clicked on

2022-01-17 16:47:00 - [MESSAGE][PASSED] - Object: 'Object Repository/Page_Moodle/a_New Course Edited (8)' is clicked on

2022-01-17 16:47:00 - [TEST_STEP][PASSED] - click(findTestObject("Object Repository/Page_Course New Course Edited/span_New Forum (1)")): Object: 'Object Repository/Page_Course New Course Edited/span_New Forum (1)' is clicked on

2022-01-17 16:47:02 - [MESSAGE][PASSED] - Object: 'Object Repository/Page_Course New Course Edited/span_New Forum (1)' is clicked on

2022-01-17 16:47:02 - [TEST_STEP][PASSED] - click(findTestObject("Object Repository/Page_New Forum/a_New discussion topic")): Object: 'Object Repository/Page_New Forum/a_New discussion topic' is clicked on

2022-01-17 16:47:04 - [MESSAGE][PASSED] - Object: 'Object Repository/Page_New Forum/a_New discussion topic' is clicked on

2022-01-17 16:47:04 - [TEST_STEP][PASSED] - click(findTestObject("Object Repository/Page_New Course New discussion topic/a_Reply")): Object: 'Object Repository/Page_New Course New discussion topic/a_Reply' is clicked on

2022-01-17 16:47:05 - [MESSAGE][PASSED] - Object: 'Object Repository/Page_New Course New discussion topic/a_Reply' is clicked on

2022-01-17 16:47:05 - [TEST_STEP][PASSED] - setText(findTestObject("Object Repository/Page_New Course New discussion topic/textarea_Reply_post"), "Reply topic"): Text 'Reply topic' is set on object 'Object Repository/Page_New Course New discussion topic/textarea_Reply_post'

2022-01-17 16:47:06 - [MESSAGE][PASSED] - Text 'Reply topic' is set on object 'Object Repository/Page_New Course New discussion topic/textarea_Reply_post'

2022-01-17 16:47:06 - [TEST_STEP][PASSED] - click(findTestObject("Object Repository/Page_New Course New discussion topic/span_Post to forum")): Object: 'Object Repository/Page_New Course New discussion topic/span_Post to forum' is clicked on

2022-01-17 16:47:07 - [MESSAGE][PASSED] - Object: 'Object Repository/Page_New Course New discussion topic/span_Post to forum' is clicked on]]></system-out>
         <system-err><![CDATA[]]></system-err>
      </testcase>
      <testcase name="Test Cases/Admin remove non-edit teacher" time="18.967" classname="Test Cases/Admin remove non-edit teacher" status="PASSED">
         <system-out><![CDATA[2022-01-17 16:47:07 - [TEST_CASE][PASSED] - Test Cases/Admin remove non-edit teacher: Test Cases/Admin remove non-edit teacher

2022-01-17 16:47:07 - [TEST_STEP][PASSED] - callTestCase(findTestCase("Admin Login"), [:], STOP_ON_FAILURE): Call Test Case 'Test Cases/Admin Login' successfully

2022-01-17 16:47:07 - [TEST_CASE][PASSED] - Test Cases/Admin Login: Test Cases/Admin Login

2022-01-17 16:47:07 - [TEST_STEP][PASSED] - openBrowser(""): Browser is opened with url: ''

2022-01-17 16:47:07 - [MESSAGE][WARNING] - A browser is already opened. Closing browser and opening a new one

2022-01-17 16:47:08 - [MESSAGE][INFO] - Starting 'Chrome' driver

2022-01-17 16:47:08 - [MESSAGE][INFO] - Action delay is set to 0 milliseconds

2022-01-17 16:47:09 - [MESSAGE][PASSED] - Browser is opened with url: ''

2022-01-17 16:47:09 - [TEST_STEP][PASSED] - navigateToUrl("http://localhost/moodle/login/index.php"): Navigate to 'http://localhost/moodle/login/index.php' successfully

2022-01-17 16:47:10 - [MESSAGE][PASSED] - Navigate to 'http://localhost/moodle/login/index.php' successfully

2022-01-17 16:47:10 - [TEST_STEP][PASSED] - setText(findTestObject("Object Repository/Page_Moodle Log in to the site/input_Username_username"), "admin"): Text 'admin' is set on object 'Object Repository/Page_Moodle Log in to the site/input_Username_username'

2022-01-17 16:47:11 - [MESSAGE][PASSED] - Text 'admin' is set on object 'Object Repository/Page_Moodle Log in to the site/input_Username_username'

2022-01-17 16:47:11 - [TEST_STEP][PASSED] - setEncryptedText(findTestObject("Object Repository/Page_Moodle Log in to the site/input_Password_password"), "8JanWqnBZBo6yBKKrpSnpw=="): Text ****** has been set on object 'Object Repository/Page_Moodle Log in to the site/input_Password_password'

2022-01-17 16:47:11 - [MESSAGE][PASSED] - Text ****** has been set on object 'Object Repository/Page_Moodle Log in to the site/input_Password_password'

2022-01-17 16:47:11 - [TEST_STEP][PASSED] - click(findTestObject("Object Repository/Page_Moodle Log in to the site/button_Log in")): Object: 'Object Repository/Page_Moodle Log in to the site/button_Log in' is clicked on

2022-01-17 16:47:13 - [MESSAGE][PASSED] - Object: 'Object Repository/Page_Moodle Log in to the site/button_Log in' is clicked on

2022-01-17 16:47:13 - [MESSAGE][PASSED] - Call Test Case 'Test Cases/Admin Login' successfully

2022-01-17 16:47:13 - [TEST_STEP][PASSED] - click(findTestObject("Object Repository/Page_Dashboard/span_Site home (5)")): Object: 'Object Repository/Page_Dashboard/span_Site home (5)' is clicked on

2022-01-17 16:47:16 - [MESSAGE][PASSED] - Object: 'Object Repository/Page_Dashboard/span_Site home (5)' is clicked on

2022-01-17 16:47:16 - [TEST_STEP][PASSED] - click(findTestObject("Object Repository/Page_Moodle/a_New Course Edited (4)")): Object: 'Object Repository/Page_Moodle/a_New Course Edited (4)' is clicked on

2022-01-17 16:47:18 - [MESSAGE][PASSED] - Object: 'Object Repository/Page_Moodle/a_New Course Edited (4)' is clicked on

2022-01-17 16:47:18 - [TEST_STEP][PASSED] - click(findTestObject("Object Repository/Page_Course New Course Edited/i_New Course Edited_icon fa fa-cog fa-fw (4)")): Object: 'Object Repository/Page_Course New Course Edited/i_New Course Edited_icon fa fa-cog fa-fw (4)' is clicked on

2022-01-17 16:47:18 - [MESSAGE][PASSED] - Object: 'Object Repository/Page_Course New Course Edited/i_New Course Edited_icon fa fa-cog fa-fw (4)' is clicked on

2022-01-17 16:47:18 - [TEST_STEP][PASSED] - click(findTestObject("Object Repository/Page_Course New Course Edited/a_More (4)")): Object: 'Object Repository/Page_Course New Course Edited/a_More (4)' is clicked on

2022-01-17 16:47:20 - [MESSAGE][PASSED] - Object: 'Object Repository/Page_Course New Course Edited/a_More (4)' is clicked on

2022-01-17 16:47:20 - [TEST_STEP][PASSED] - click(findTestObject("Object Repository/Page_Course administration/a_Users (4)")): Object: 'Object Repository/Page_Course administration/a_Users (4)' is clicked on

2022-01-17 16:47:20 - [MESSAGE][PASSED] - Object: 'Object Repository/Page_Course administration/a_Users (4)' is clicked on

2022-01-17 16:47:20 - [TEST_STEP][PASSED] - click(findTestObject("Object Repository/Page_Course administration/a_Other users")): Object: 'Object Repository/Page_Course administration/a_Other users' is clicked on

2022-01-17 16:47:21 - [MESSAGE][PASSED] - Object: 'Object Repository/Page_Course administration/a_Other users' is clicked on

2022-01-17 16:47:21 - [TEST_STEP][PASSED] - click(findTestObject("Object Repository/Page_New Course Edited 0 other users/button_Assign roles")): Object: 'Object Repository/Page_New Course Edited 0 other users/button_Assign roles' is clicked on

2022-01-17 16:47:22 - [MESSAGE][PASSED] - Object: 'Object Repository/Page_New Course Edited 0 other users/button_Assign roles' is clicked on

2022-01-17 16:47:22 - [TEST_STEP][PASSED] - click(findTestObject("Page_Course New Course Edited/a_non_edit")): Object: 'Object Repository/Page_Course New Course Edited/a_non_edit' is clicked on

2022-01-17 16:47:23 - [MESSAGE][PASSED] - Object: 'Object Repository/Page_Course New Course Edited/a_non_edit' is clicked on

2022-01-17 16:47:23 - [TEST_STEP][PASSED] - selectOptionByValue(findTestObject("Object Repository/Page_Assign role Teacher in Course New Cour_04a7a0/select_c H (hongocminhducgmail.com)"), "2", true): All options with value '2' are selected in object 'Object Repository/Page_Assign role Teacher in Course New Cour_04a7a0/select_c H (hongocminhducgmail.com)'  using regular expression

2022-01-17 16:47:24 - [MESSAGE][PASSED] - All options with value '2' are selected in object 'Object Repository/Page_Assign role Teacher in Course New Cour_04a7a0/select_c H (hongocminhducgmail.com)'  using regular expression

2022-01-17 16:47:24 - [TEST_STEP][PASSED] - click(findTestObject("Object Repository/Page_Assign role Teacher in Course New Cour_04a7a0/input_Match the search text anywhere in the_31d039")): Object: 'Object Repository/Page_Assign role Teacher in Course New Cour_04a7a0/input_Match the search text anywhere in the_31d039' is clicked on

2022-01-17 16:47:26 - [MESSAGE][PASSED] - Object: 'Object Repository/Page_Assign role Teacher in Course New Cour_04a7a0/input_Match the search text anywhere in the_31d039' is clicked on]]></system-out>
         <system-err><![CDATA[]]></system-err>
      </testcase>
      <testcase name="Test Cases/Student Enter Chat Room" time="16.242" classname="Test Cases/Student Enter Chat Room" status="PASSED">
         <system-out><![CDATA[2022-01-17 16:47:26 - [TEST_CASE][PASSED] - Test Cases/Student Enter Chat Room: Test Cases/Student Enter Chat Room

2022-01-17 16:47:26 - [TEST_STEP][PASSED] - callTestCase(findTestCase("Student Login"), [:], STOP_ON_FAILURE): Call Test Case 'Test Cases/Student Login' successfully

2022-01-17 16:47:26 - [TEST_CASE][PASSED] - Test Cases/Student Login: Test Cases/Student Login

2022-01-17 16:47:26 - [TEST_STEP][PASSED] - openBrowser(""): Browser is opened with url: ''

2022-01-17 16:47:26 - [MESSAGE][WARNING] - A browser is already opened. Closing browser and opening a new one

2022-01-17 16:47:27 - [MESSAGE][INFO] - Starting 'Chrome' driver

2022-01-17 16:47:27 - [MESSAGE][INFO] - Action delay is set to 0 milliseconds

2022-01-17 16:47:28 - [MESSAGE][PASSED] - Browser is opened with url: ''

2022-01-17 16:47:28 - [TEST_STEP][PASSED] - navigateToUrl("http://localhost/moodle/login/index.php"): Navigate to 'http://localhost/moodle/login/index.php' successfully

2022-01-17 16:47:29 - [MESSAGE][PASSED] - Navigate to 'http://localhost/moodle/login/index.php' successfully

2022-01-17 16:47:29 - [TEST_STEP][PASSED] - setText(findTestObject("Object Repository/Page_Moodle Log in to the site/input_Username_username (21)"), "minhduc"): Text 'minhduc' is set on object 'Object Repository/Page_Moodle Log in to the site/input_Username_username (21)'

2022-01-17 16:47:30 - [MESSAGE][PASSED] - Text 'minhduc' is set on object 'Object Repository/Page_Moodle Log in to the site/input_Username_username (21)'

2022-01-17 16:47:30 - [TEST_STEP][PASSED] - click(findTestObject("Object Repository/Page_Moodle Log in to the site/form_document.getElementById(anchor).value _70e5d4")): Object: 'Object Repository/Page_Moodle Log in to the site/form_document.getElementById(anchor).value _70e5d4' is clicked on

2022-01-17 16:47:30 - [MESSAGE][PASSED] - Object: 'Object Repository/Page_Moodle Log in to the site/form_document.getElementById(anchor).value _70e5d4' is clicked on

2022-01-17 16:47:30 - [TEST_STEP][PASSED] - setEncryptedText(findTestObject("Object Repository/Page_Moodle Log in to the site/input_Password_password (21)"), "8JanWqnBZBo6yBKKrpSnpw=="): Text ****** has been set on object 'Object Repository/Page_Moodle Log in to the site/input_Password_password (21)'

2022-01-17 16:47:31 - [MESSAGE][PASSED] - Text ****** has been set on object 'Object Repository/Page_Moodle Log in to the site/input_Password_password (21)'

2022-01-17 16:47:31 - [TEST_STEP][PASSED] - click(findTestObject("Object Repository/Page_Moodle Log in to the site/button_Log in (14)")): Object: 'Object Repository/Page_Moodle Log in to the site/button_Log in (14)' is clicked on

2022-01-17 16:47:33 - [MESSAGE][PASSED] - Object: 'Object Repository/Page_Moodle Log in to the site/button_Log in (14)' is clicked on

2022-01-17 16:47:33 - [MESSAGE][PASSED] - Call Test Case 'Test Cases/Student Login' successfully

2022-01-17 16:47:33 - [TEST_STEP][PASSED] - click(findTestObject("Object Repository/Page_Dashboard/span_Site home (11)")): Object: 'Object Repository/Page_Dashboard/span_Site home (11)' is clicked on

2022-01-17 16:47:37 - [MESSAGE][PASSED] - Object: 'Object Repository/Page_Dashboard/span_Site home (11)' is clicked on

2022-01-17 16:47:37 - [TEST_STEP][PASSED] - click(findTestObject("Object Repository/Page_Moodle/a_New Course Edited (10)")): Object: 'Object Repository/Page_Moodle/a_New Course Edited (10)' is clicked on

2022-01-17 16:47:38 - [MESSAGE][PASSED] - Object: 'Object Repository/Page_Moodle/a_New Course Edited (10)' is clicked on

2022-01-17 16:47:38 - [TEST_STEP][PASSED] - click(findTestObject("Object Repository/Page_Course New Course Edited/span_Chat Room")): Object: 'Object Repository/Page_Course New Course Edited/span_Chat Room' is clicked on

2022-01-17 16:47:40 - [MESSAGE][PASSED] - Object: 'Object Repository/Page_Course New Course Edited/span_Chat Room' is clicked on

2022-01-17 16:47:40 - [TEST_STEP][PASSED] - click(findTestObject("Object Repository/Page_New Course Chat Room/a_Click here to enter the chat now")): Object: 'Object Repository/Page_New Course Chat Room/a_Click here to enter the chat now' is clicked on

2022-01-17 16:47:41 - [MESSAGE][PASSED] - Object: 'Object Repository/Page_New Course Chat Room/a_Click here to enter the chat now' is clicked on

2022-01-17 16:47:41 - [TEST_STEP][PASSED] - switchToWindowTitle("New Course: Chat Room"): Switched to window with title: 'New Course: Chat Room'

2022-01-17 16:47:41 - [MESSAGE][PASSED] - Switched to window with title: 'New Course: Chat Room'

2022-01-17 16:47:41 - [TEST_STEP][PASSED] - delay(1): Delayed 1 second(s)

2022-01-17 16:47:42 - [MESSAGE][PASSED] - Delayed 1 second(s)]]></system-out>
         <system-err><![CDATA[]]></system-err>
      </testcase>
      <testcase name="Test Cases/Student Mark As Done" time="13.47" classname="Test Cases/Student Mark As Done" status="PASSED">
         <system-out><![CDATA[2022-01-17 16:47:42 - [TEST_CASE][PASSED] - Test Cases/Student Mark As Done: Test Cases/Student Mark As Done

2022-01-17 16:47:42 - [TEST_STEP][PASSED] - callTestCase(findTestCase("Student Login"), [:], STOP_ON_FAILURE): Call Test Case 'Test Cases/Student Login' successfully

2022-01-17 16:47:42 - [TEST_CASE][PASSED] - Test Cases/Student Login: Test Cases/Student Login

2022-01-17 16:47:42 - [TEST_STEP][PASSED] - openBrowser(""): Browser is opened with url: ''

2022-01-17 16:47:42 - [MESSAGE][WARNING] - A browser is already opened. Closing browser and opening a new one

2022-01-17 16:47:43 - [MESSAGE][INFO] - Starting 'Chrome' driver

2022-01-17 16:47:43 - [MESSAGE][INFO] - Action delay is set to 0 milliseconds

2022-01-17 16:47:44 - [MESSAGE][PASSED] - Browser is opened with url: ''

2022-01-17 16:47:44 - [TEST_STEP][PASSED] - navigateToUrl("http://localhost/moodle/login/index.php"): Navigate to 'http://localhost/moodle/login/index.php' successfully

2022-01-17 16:47:45 - [MESSAGE][PASSED] - Navigate to 'http://localhost/moodle/login/index.php' successfully

2022-01-17 16:47:45 - [TEST_STEP][PASSED] - setText(findTestObject("Object Repository/Page_Moodle Log in to the site/input_Username_username (21)"), "minhduc"): Text 'minhduc' is set on object 'Object Repository/Page_Moodle Log in to the site/input_Username_username (21)'

2022-01-17 16:47:46 - [MESSAGE][PASSED] - Text 'minhduc' is set on object 'Object Repository/Page_Moodle Log in to the site/input_Username_username (21)'

2022-01-17 16:47:46 - [TEST_STEP][PASSED] - click(findTestObject("Object Repository/Page_Moodle Log in to the site/form_document.getElementById(anchor).value _70e5d4")): Object: 'Object Repository/Page_Moodle Log in to the site/form_document.getElementById(anchor).value _70e5d4' is clicked on

2022-01-17 16:47:47 - [MESSAGE][PASSED] - Object: 'Object Repository/Page_Moodle Log in to the site/form_document.getElementById(anchor).value _70e5d4' is clicked on

2022-01-17 16:47:47 - [TEST_STEP][PASSED] - setEncryptedText(findTestObject("Object Repository/Page_Moodle Log in to the site/input_Password_password (21)"), "8JanWqnBZBo6yBKKrpSnpw=="): Text ****** has been set on object 'Object Repository/Page_Moodle Log in to the site/input_Password_password (21)'

2022-01-17 16:47:47 - [MESSAGE][PASSED] - Text ****** has been set on object 'Object Repository/Page_Moodle Log in to the site/input_Password_password (21)'

2022-01-17 16:47:47 - [TEST_STEP][PASSED] - click(findTestObject("Object Repository/Page_Moodle Log in to the site/button_Log in (14)")): Object: 'Object Repository/Page_Moodle Log in to the site/button_Log in (14)' is clicked on

2022-01-17 16:47:49 - [MESSAGE][PASSED] - Object: 'Object Repository/Page_Moodle Log in to the site/button_Log in (14)' is clicked on

2022-01-17 16:47:49 - [MESSAGE][PASSED] - Call Test Case 'Test Cases/Student Login' successfully

2022-01-17 16:47:49 - [TEST_STEP][PASSED] - click(findTestObject("Object Repository/Page_Dashboard/span_Site home (12)")): Object: 'Object Repository/Page_Dashboard/span_Site home (12)' is clicked on

2022-01-17 16:47:52 - [MESSAGE][PASSED] - Object: 'Object Repository/Page_Dashboard/span_Site home (12)' is clicked on

2022-01-17 16:47:52 - [TEST_STEP][PASSED] - click(findTestObject("Object Repository/Page_Moodle/a_New Course Edited (11)")): Object: 'Object Repository/Page_Moodle/a_New Course Edited (11)' is clicked on

2022-01-17 16:47:53 - [MESSAGE][PASSED] - Object: 'Object Repository/Page_Moodle/a_New Course Edited (11)' is clicked on

2022-01-17 16:47:53 - [TEST_STEP][PASSED] - click(findTestObject("Object Repository/Page_Course New Course Edited/button_Mark as done")): Object: 'Object Repository/Page_Course New Course Edited/button_Mark as done' is clicked on

2022-01-17 16:47:54 - [MESSAGE][PASSED] - Object: 'Object Repository/Page_Course New Course Edited/button_Mark as done' is clicked on

2022-01-17 16:47:54 - [TEST_STEP][PASSED] - click(findTestObject("Object Repository/Page_Course New Course Edited/button_Mark as done_1")): Object: 'Object Repository/Page_Course New Course Edited/button_Mark as done_1' is clicked on

2022-01-17 16:47:55 - [MESSAGE][PASSED] - Object: 'Object Repository/Page_Course New Course Edited/button_Mark as done_1' is clicked on]]></system-out>
         <system-err><![CDATA[]]></system-err>
      </testcase>
      <testcase name="Test Cases/Student Submit Assignment" time="25.988" classname="Test Cases/Student Submit Assignment" status="PASSED">
         <system-out><![CDATA[2022-01-17 16:47:55 - [TEST_CASE][PASSED] - Test Cases/Student Submit Assignment: Test Cases/Student Submit Assignment

2022-01-17 16:47:56 - [TEST_STEP][PASSED] - callTestCase(findTestCase("Student Login"), [:], STOP_ON_FAILURE): Call Test Case 'Test Cases/Student Login' successfully

2022-01-17 16:47:56 - [TEST_CASE][PASSED] - Test Cases/Student Login: Test Cases/Student Login

2022-01-17 16:47:56 - [TEST_STEP][PASSED] - openBrowser(""): Browser is opened with url: ''

2022-01-17 16:47:56 - [MESSAGE][WARNING] - A browser is already opened. Closing browser and opening a new one

2022-01-17 16:47:57 - [MESSAGE][INFO] - Starting 'Chrome' driver

2022-01-17 16:47:57 - [MESSAGE][INFO] - Action delay is set to 0 milliseconds

2022-01-17 16:47:58 - [MESSAGE][PASSED] - Browser is opened with url: ''

2022-01-17 16:47:58 - [TEST_STEP][PASSED] - navigateToUrl("http://localhost/moodle/login/index.php"): Navigate to 'http://localhost/moodle/login/index.php' successfully

2022-01-17 16:47:59 - [MESSAGE][PASSED] - Navigate to 'http://localhost/moodle/login/index.php' successfully

2022-01-17 16:47:59 - [TEST_STEP][PASSED] - setText(findTestObject("Object Repository/Page_Moodle Log in to the site/input_Username_username (21)"), "minhduc"): Text 'minhduc' is set on object 'Object Repository/Page_Moodle Log in to the site/input_Username_username (21)'

2022-01-17 16:48:00 - [MESSAGE][PASSED] - Text 'minhduc' is set on object 'Object Repository/Page_Moodle Log in to the site/input_Username_username (21)'

2022-01-17 16:48:00 - [TEST_STEP][PASSED] - click(findTestObject("Object Repository/Page_Moodle Log in to the site/form_document.getElementById(anchor).value _70e5d4")): Object: 'Object Repository/Page_Moodle Log in to the site/form_document.getElementById(anchor).value _70e5d4' is clicked on

2022-01-17 16:48:00 - [MESSAGE][PASSED] - Object: 'Object Repository/Page_Moodle Log in to the site/form_document.getElementById(anchor).value _70e5d4' is clicked on

2022-01-17 16:48:00 - [TEST_STEP][PASSED] - setEncryptedText(findTestObject("Object Repository/Page_Moodle Log in to the site/input_Password_password (21)"), "8JanWqnBZBo6yBKKrpSnpw=="): Text ****** has been set on object 'Object Repository/Page_Moodle Log in to the site/input_Password_password (21)'

2022-01-17 16:48:01 - [MESSAGE][PASSED] - Text ****** has been set on object 'Object Repository/Page_Moodle Log in to the site/input_Password_password (21)'

2022-01-17 16:48:01 - [TEST_STEP][PASSED] - click(findTestObject("Object Repository/Page_Moodle Log in to the site/button_Log in (14)")): Object: 'Object Repository/Page_Moodle Log in to the site/button_Log in (14)' is clicked on

2022-01-17 16:48:03 - [MESSAGE][PASSED] - Object: 'Object Repository/Page_Moodle Log in to the site/button_Log in (14)' is clicked on

2022-01-17 16:48:03 - [MESSAGE][PASSED] - Call Test Case 'Test Cases/Student Login' successfully

2022-01-17 16:48:03 - [TEST_STEP][PASSED] - click(findTestObject("Object Repository/Page_Dashboard/span_Site home (13)")): Object: 'Object Repository/Page_Dashboard/span_Site home (13)' is clicked on

2022-01-17 16:48:06 - [MESSAGE][PASSED] - Object: 'Object Repository/Page_Dashboard/span_Site home (13)' is clicked on

2022-01-17 16:48:06 - [TEST_STEP][PASSED] - click(findTestObject("Object Repository/Page_Moodle/a_New Course Edited (12)")): Object: 'Object Repository/Page_Moodle/a_New Course Edited (12)' is clicked on

2022-01-17 16:48:08 - [MESSAGE][PASSED] - Object: 'Object Repository/Page_Moodle/a_New Course Edited (12)' is clicked on

2022-01-17 16:48:08 - [TEST_STEP][PASSED] - click(findTestObject("Object Repository/Page_Course New Course Edited/span_New Assignment")): Object: 'Object Repository/Page_Course New Course Edited/span_New Assignment' is clicked on

2022-01-17 16:48:09 - [MESSAGE][PASSED] - Object: 'Object Repository/Page_Course New Course Edited/span_New Assignment' is clicked on

2022-01-17 16:48:09 - [TEST_STEP][PASSED] - click(findTestObject("Object Repository/Page_New Course New Assignment/button_Add submission")): Object: 'Object Repository/Page_New Course New Assignment/button_Add submission' is clicked on

2022-01-17 16:48:11 - [MESSAGE][PASSED] - Object: 'Object Repository/Page_New Course New Assignment/button_Add submission' is clicked on

2022-01-17 16:48:11 - [TEST_STEP][PASSED] - delay(5): Delayed 5 second(s)

2022-01-17 16:48:16 - [MESSAGE][PASSED] - Delayed 5 second(s)

2022-01-17 16:48:16 - [TEST_STEP][PASSED] - click(findTestObject("Object Repository/Page_New Course New Assignment - Edit submission/input_Loading_submitbutton")): Object: 'Object Repository/Page_New Course New Assignment - Edit submission/input_Loading_submitbutton' is clicked on

2022-01-17 16:48:21 - [MESSAGE][PASSED] - Object: 'Object Repository/Page_New Course New Assignment - Edit submission/input_Loading_submitbutton' is clicked on]]></system-out>
         <system-err><![CDATA[]]></system-err>
      </testcase>
      <testcase name="Test Cases/Student Submit Late" time="13.403" classname="Test Cases/Student Submit Late" status="PASSED">
         <system-out><![CDATA[2022-01-17 16:48:21 - [TEST_CASE][PASSED] - Test Cases/Student Submit Late: Test Cases/Student Submit Late

2022-01-17 16:48:22 - [TEST_STEP][PASSED] - callTestCase(findTestCase("Student Login"), [:], STOP_ON_FAILURE): Call Test Case 'Test Cases/Student Login' successfully

2022-01-17 16:48:22 - [TEST_CASE][PASSED] - Test Cases/Student Login: Test Cases/Student Login

2022-01-17 16:48:22 - [TEST_STEP][PASSED] - openBrowser(""): Browser is opened with url: ''

2022-01-17 16:48:22 - [MESSAGE][WARNING] - A browser is already opened. Closing browser and opening a new one

2022-01-17 16:48:22 - [MESSAGE][INFO] - Starting 'Chrome' driver

2022-01-17 16:48:22 - [MESSAGE][INFO] - Action delay is set to 0 milliseconds

2022-01-17 16:48:24 - [MESSAGE][PASSED] - Browser is opened with url: ''

2022-01-17 16:48:24 - [TEST_STEP][PASSED] - navigateToUrl("http://localhost/moodle/login/index.php"): Navigate to 'http://localhost/moodle/login/index.php' successfully

2022-01-17 16:48:24 - [MESSAGE][PASSED] - Navigate to 'http://localhost/moodle/login/index.php' successfully

2022-01-17 16:48:24 - [TEST_STEP][PASSED] - setText(findTestObject("Object Repository/Page_Moodle Log in to the site/input_Username_username (21)"), "minhduc"): Text 'minhduc' is set on object 'Object Repository/Page_Moodle Log in to the site/input_Username_username (21)'

2022-01-17 16:48:25 - [MESSAGE][PASSED] - Text 'minhduc' is set on object 'Object Repository/Page_Moodle Log in to the site/input_Username_username (21)'

2022-01-17 16:48:25 - [TEST_STEP][PASSED] - click(findTestObject("Object Repository/Page_Moodle Log in to the site/form_document.getElementById(anchor).value _70e5d4")): Object: 'Object Repository/Page_Moodle Log in to the site/form_document.getElementById(anchor).value _70e5d4' is clicked on

2022-01-17 16:48:26 - [MESSAGE][PASSED] - Object: 'Object Repository/Page_Moodle Log in to the site/form_document.getElementById(anchor).value _70e5d4' is clicked on

2022-01-17 16:48:26 - [TEST_STEP][PASSED] - setEncryptedText(findTestObject("Object Repository/Page_Moodle Log in to the site/input_Password_password (21)"), "8JanWqnBZBo6yBKKrpSnpw=="): Text ****** has been set on object 'Object Repository/Page_Moodle Log in to the site/input_Password_password (21)'

2022-01-17 16:48:26 - [MESSAGE][PASSED] - Text ****** has been set on object 'Object Repository/Page_Moodle Log in to the site/input_Password_password (21)'

2022-01-17 16:48:26 - [TEST_STEP][PASSED] - click(findTestObject("Object Repository/Page_Moodle Log in to the site/button_Log in (14)")): Object: 'Object Repository/Page_Moodle Log in to the site/button_Log in (14)' is clicked on

2022-01-17 16:48:28 - [MESSAGE][PASSED] - Object: 'Object Repository/Page_Moodle Log in to the site/button_Log in (14)' is clicked on

2022-01-17 16:48:28 - [MESSAGE][PASSED] - Call Test Case 'Test Cases/Student Login' successfully

2022-01-17 16:48:28 - [TEST_STEP][PASSED] - click(findTestObject("Object Repository/Page_Dashboard/span_Site home (15)")): Object: 'Object Repository/Page_Dashboard/span_Site home (15)' is clicked on

2022-01-17 16:48:31 - [MESSAGE][PASSED] - Object: 'Object Repository/Page_Dashboard/span_Site home (15)' is clicked on

2022-01-17 16:48:31 - [TEST_STEP][PASSED] - click(findTestObject("Object Repository/Page_Moodle/a_New Course Edited (14)")): Object: 'Object Repository/Page_Moodle/a_New Course Edited (14)' is clicked on

2022-01-17 16:48:32 - [MESSAGE][PASSED] - Object: 'Object Repository/Page_Moodle/a_New Course Edited (14)' is clicked on

2022-01-17 16:48:32 - [TEST_STEP][PASSED] - click(findTestObject("Object Repository/Page_Course New Course Edited/span_Late Assignment")): Object: 'Object Repository/Page_Course New Course Edited/span_Late Assignment' is clicked on

2022-01-17 16:48:34 - [MESSAGE][PASSED] - Object: 'Object Repository/Page_Course New Course Edited/span_Late Assignment' is clicked on

2022-01-17 16:48:34 - [TEST_STEP][PASSED] - click(findTestObject("Object Repository/Page_New Course Late Assignment/div_Submission statusNo attemptGrading stat_59d06a")): Object: 'Object Repository/Page_New Course Late Assignment/div_Submission statusNo attemptGrading stat_59d06a' is clicked on

2022-01-17 16:48:35 - [MESSAGE][PASSED] - Object: 'Object Repository/Page_New Course Late Assignment/div_Submission statusNo attemptGrading stat_59d06a' is clicked on]]></system-out>
         <system-err><![CDATA[]]></system-err>
      </testcase>
      <testcase name="Test Cases/Student View Calendar" time="12.381" classname="Test Cases/Student View Calendar" status="PASSED">
         <system-out><![CDATA[2022-01-17 16:48:35 - [TEST_CASE][PASSED] - Test Cases/Student View Calendar: Test Cases/Student View Calendar

2022-01-17 16:48:35 - [TEST_STEP][PASSED] - callTestCase(findTestCase("Student Login"), [:], STOP_ON_FAILURE): Call Test Case 'Test Cases/Student Login' successfully

2022-01-17 16:48:35 - [TEST_CASE][PASSED] - Test Cases/Student Login: Test Cases/Student Login

2022-01-17 16:48:35 - [TEST_STEP][PASSED] - openBrowser(""): Browser is opened with url: ''

2022-01-17 16:48:35 - [MESSAGE][WARNING] - A browser is already opened. Closing browser and opening a new one

2022-01-17 16:48:36 - [MESSAGE][INFO] - Starting 'Chrome' driver

2022-01-17 16:48:36 - [MESSAGE][INFO] - Action delay is set to 0 milliseconds

2022-01-17 16:48:37 - [MESSAGE][PASSED] - Browser is opened with url: ''

2022-01-17 16:48:37 - [TEST_STEP][PASSED] - navigateToUrl("http://localhost/moodle/login/index.php"): Navigate to 'http://localhost/moodle/login/index.php' successfully

2022-01-17 16:48:38 - [MESSAGE][PASSED] - Navigate to 'http://localhost/moodle/login/index.php' successfully

2022-01-17 16:48:38 - [TEST_STEP][PASSED] - setText(findTestObject("Object Repository/Page_Moodle Log in to the site/input_Username_username (21)"), "minhduc"): Text 'minhduc' is set on object 'Object Repository/Page_Moodle Log in to the site/input_Username_username (21)'

2022-01-17 16:48:39 - [MESSAGE][PASSED] - Text 'minhduc' is set on object 'Object Repository/Page_Moodle Log in to the site/input_Username_username (21)'

2022-01-17 16:48:39 - [TEST_STEP][PASSED] - click(findTestObject("Object Repository/Page_Moodle Log in to the site/form_document.getElementById(anchor).value _70e5d4")): Object: 'Object Repository/Page_Moodle Log in to the site/form_document.getElementById(anchor).value _70e5d4' is clicked on

2022-01-17 16:48:39 - [MESSAGE][PASSED] - Object: 'Object Repository/Page_Moodle Log in to the site/form_document.getElementById(anchor).value _70e5d4' is clicked on

2022-01-17 16:48:39 - [TEST_STEP][PASSED] - setEncryptedText(findTestObject("Object Repository/Page_Moodle Log in to the site/input_Password_password (21)"), "8JanWqnBZBo6yBKKrpSnpw=="): Text ****** has been set on object 'Object Repository/Page_Moodle Log in to the site/input_Password_password (21)'

2022-01-17 16:48:39 - [MESSAGE][PASSED] - Text ****** has been set on object 'Object Repository/Page_Moodle Log in to the site/input_Password_password (21)'

2022-01-17 16:48:39 - [TEST_STEP][PASSED] - click(findTestObject("Object Repository/Page_Moodle Log in to the site/button_Log in (14)")): Object: 'Object Repository/Page_Moodle Log in to the site/button_Log in (14)' is clicked on

2022-01-17 16:48:41 - [MESSAGE][PASSED] - Object: 'Object Repository/Page_Moodle Log in to the site/button_Log in (14)' is clicked on

2022-01-17 16:48:41 - [MESSAGE][PASSED] - Call Test Case 'Test Cases/Student Login' successfully

2022-01-17 16:48:41 - [TEST_STEP][PASSED] - click(findTestObject("Object Repository/Page_Dashboard/span_Site home (16)")): Object: 'Object Repository/Page_Dashboard/span_Site home (16)' is clicked on

2022-01-17 16:48:44 - [MESSAGE][PASSED] - Object: 'Object Repository/Page_Dashboard/span_Site home (16)' is clicked on

2022-01-17 16:48:44 - [TEST_STEP][PASSED] - click(findTestObject("Object Repository/Page_Moodle/a_New Course Edited (15)")): Object: 'Object Repository/Page_Moodle/a_New Course Edited (15)' is clicked on

2022-01-17 16:48:45 - [MESSAGE][PASSED] - Object: 'Object Repository/Page_Moodle/a_New Course Edited (15)' is clicked on

2022-01-17 16:48:45 - [TEST_STEP][PASSED] - click(findTestObject("Object Repository/Page_Course New Course Edited/span_Calendar")): Object: 'Object Repository/Page_Course New Course Edited/span_Calendar' is clicked on

2022-01-17 16:48:47 - [MESSAGE][PASSED] - Object: 'Object Repository/Page_Course New Course Edited/span_Calendar' is clicked on]]></system-out>
         <system-err><![CDATA[]]></system-err>
      </testcase>
      <testcase name="Test Cases/Teacher Login" time="5.984" classname="Test Cases/Teacher Login" status="PASSED">
         <system-out><![CDATA[2022-01-17 16:48:47 - [TEST_CASE][PASSED] - Test Cases/Teacher Login: Test Cases/Teacher Login

2022-01-17 16:48:47 - [TEST_STEP][PASSED] - openBrowser(""): Browser is opened with url: ''

2022-01-17 16:48:47 - [MESSAGE][WARNING] - A browser is already opened. Closing browser and opening a new one

2022-01-17 16:48:48 - [MESSAGE][INFO] - Starting 'Chrome' driver

2022-01-17 16:48:48 - [MESSAGE][INFO] - Action delay is set to 0 milliseconds

2022-01-17 16:48:49 - [MESSAGE][PASSED] - Browser is opened with url: ''

2022-01-17 16:48:49 - [TEST_STEP][PASSED] - navigateToUrl("http://localhost/moodle/login/index.php"): Navigate to 'http://localhost/moodle/login/index.php' successfully

2022-01-17 16:48:50 - [MESSAGE][PASSED] - Navigate to 'http://localhost/moodle/login/index.php' successfully

2022-01-17 16:48:50 - [TEST_STEP][PASSED] - setText(findTestObject("Object Repository/Page_Moodle Log in to the site/input_Username_username"), "admin"): Text 'admin' is set on object 'Object Repository/Page_Moodle Log in to the site/input_Username_username'

2022-01-17 16:48:51 - [MESSAGE][PASSED] - Text 'admin' is set on object 'Object Repository/Page_Moodle Log in to the site/input_Username_username'

2022-01-17 16:48:51 - [TEST_STEP][PASSED] - setEncryptedText(findTestObject("Object Repository/Page_Moodle Log in to the site/input_Password_password"), "8JanWqnBZBo6yBKKrpSnpw=="): Text ****** has been set on object 'Object Repository/Page_Moodle Log in to the site/input_Password_password'

2022-01-17 16:48:51 - [MESSAGE][PASSED] - Text ****** has been set on object 'Object Repository/Page_Moodle Log in to the site/input_Password_password'

2022-01-17 16:48:51 - [TEST_STEP][PASSED] - click(findTestObject("Object Repository/Page_Moodle Log in to the site/button_Log in")): Object: 'Object Repository/Page_Moodle Log in to the site/button_Log in' is clicked on

2022-01-17 16:48:53 - [MESSAGE][PASSED] - Object: 'Object Repository/Page_Moodle Log in to the site/button_Log in' is clicked on]]></system-out>
         <system-err><![CDATA[]]></system-err>
      </testcase>
      <testcase name="Test Cases/Teacher Add New Forum" time="20.883" classname="Test Cases/Teacher Add New Forum" status="PASSED">
         <system-out><![CDATA[2022-01-17 16:48:53 - [TEST_CASE][PASSED] - Test Cases/Teacher Add New Forum: Test Cases/Teacher Add New Forum

2022-01-17 16:48:54 - [TEST_STEP][PASSED] - callTestCase(findTestCase("Teacher Login"), [:], STOP_ON_FAILURE): Call Test Case 'Test Cases/Teacher Login' successfully

2022-01-17 16:48:54 - [TEST_CASE][PASSED] - Test Cases/Teacher Login: Test Cases/Teacher Login

2022-01-17 16:48:54 - [TEST_STEP][PASSED] - openBrowser(""): Browser is opened with url: ''

2022-01-17 16:48:54 - [MESSAGE][WARNING] - A browser is already opened. Closing browser and opening a new one

2022-01-17 16:48:54 - [MESSAGE][INFO] - Starting 'Chrome' driver

2022-01-17 16:48:54 - [MESSAGE][INFO] - Action delay is set to 0 milliseconds

2022-01-17 16:48:56 - [MESSAGE][PASSED] - Browser is opened with url: ''

2022-01-17 16:48:56 - [TEST_STEP][PASSED] - navigateToUrl("http://localhost/moodle/login/index.php"): Navigate to 'http://localhost/moodle/login/index.php' successfully

2022-01-17 16:48:56 - [MESSAGE][PASSED] - Navigate to 'http://localhost/moodle/login/index.php' successfully

2022-01-17 16:48:56 - [TEST_STEP][PASSED] - setText(findTestObject("Object Repository/Page_Moodle Log in to the site/input_Username_username"), "admin"): Text 'admin' is set on object 'Object Repository/Page_Moodle Log in to the site/input_Username_username'

2022-01-17 16:48:57 - [MESSAGE][PASSED] - Text 'admin' is set on object 'Object Repository/Page_Moodle Log in to the site/input_Username_username'

2022-01-17 16:48:57 - [TEST_STEP][PASSED] - setEncryptedText(findTestObject("Object Repository/Page_Moodle Log in to the site/input_Password_password"), "8JanWqnBZBo6yBKKrpSnpw=="): Text ****** has been set on object 'Object Repository/Page_Moodle Log in to the site/input_Password_password'

2022-01-17 16:48:58 - [MESSAGE][PASSED] - Text ****** has been set on object 'Object Repository/Page_Moodle Log in to the site/input_Password_password'

2022-01-17 16:48:58 - [TEST_STEP][PASSED] - click(findTestObject("Object Repository/Page_Moodle Log in to the site/button_Log in")): Object: 'Object Repository/Page_Moodle Log in to the site/button_Log in' is clicked on

2022-01-17 16:49:00 - [MESSAGE][PASSED] - Object: 'Object Repository/Page_Moodle Log in to the site/button_Log in' is clicked on

2022-01-17 16:49:00 - [MESSAGE][PASSED] - Call Test Case 'Test Cases/Teacher Login' successfully

2022-01-17 16:49:00 - [TEST_STEP][PASSED] - click(findTestObject("Object Repository/Page_Dashboard/span_Site home")): Object: 'Object Repository/Page_Dashboard/span_Site home' is clicked on

2022-01-17 16:49:02 - [MESSAGE][PASSED] - Object: 'Object Repository/Page_Dashboard/span_Site home' is clicked on

2022-01-17 16:49:02 - [TEST_STEP][PASSED] - click(findTestObject("Object Repository/Page_Moodle/a_New Course Edited")): Object: 'Object Repository/Page_Moodle/a_New Course Edited' is clicked on

2022-01-17 16:49:04 - [MESSAGE][PASSED] - Object: 'Object Repository/Page_Moodle/a_New Course Edited' is clicked on

2022-01-17 16:49:04 - [TEST_STEP][PASSED] - click(findTestObject("Object Repository/Page_Course New Course Edited/button_Turn editing on")): Object: 'Object Repository/Page_Course New Course Edited/button_Turn editing on' is clicked on

2022-01-17 16:49:06 - [MESSAGE][PASSED] - Object: 'Object Repository/Page_Course New Course Edited/button_Turn editing on' is clicked on

2022-01-17 16:49:06 - [TEST_STEP][PASSED] - click(findTestObject("Object Repository/Page_Course New Course Edited/span_Add an activity or resource")): Object: 'Object Repository/Page_Course New Course Edited/span_Add an activity or resource' is clicked on

2022-01-17 16:49:07 - [MESSAGE][PASSED] - Object: 'Object Repository/Page_Course New Course Edited/span_Add an activity or resource' is clicked on

2022-01-17 16:49:07 - [TEST_STEP][PASSED] - click(findTestObject("Object Repository/Page_Course New Course Edited/img_Information about the Folder activity_i_e12f9c")): Object: 'Object Repository/Page_Course New Course Edited/img_Information about the Folder activity_i_e12f9c' is clicked on

2022-01-17 16:49:11 - [MESSAGE][PASSED] - Object: 'Object Repository/Page_Course New Course Edited/img_Information about the Folder activity_i_e12f9c' is clicked on

2022-01-17 16:49:11 - [TEST_STEP][PASSED] - setText(findTestObject("Object Repository/Page_Editing Forum/input_Forum name_name"), "New Forum"): Text 'New Forum' is set on object 'Object Repository/Page_Editing Forum/input_Forum name_name'

2022-01-17 16:49:12 - [MESSAGE][PASSED] - Text 'New Forum' is set on object 'Object Repository/Page_Editing Forum/input_Forum name_name'

2022-01-17 16:49:12 - [TEST_STEP][PASSED] - click(findTestObject("Object Repository/Page_Editing Forum/input_Upon activity completion_submitbutton2")): Object: 'Object Repository/Page_Editing Forum/input_Upon activity completion_submitbutton2' is clicked on

2022-01-17 16:49:14 - [MESSAGE][PASSED] - Object: 'Object Repository/Page_Editing Forum/input_Upon activity completion_submitbutton2' is clicked on]]></system-out>
         <system-err><![CDATA[]]></system-err>
      </testcase>
      <testcase name="Test Cases/Teacher Add New Chat Room" time="20.889" classname="Test Cases/Teacher Add New Chat Room" status="PASSED">
         <system-out><![CDATA[2022-01-17 16:49:14 - [TEST_CASE][PASSED] - Test Cases/Teacher Add New Chat Room: Test Cases/Teacher Add New Chat Room

2022-01-17 16:49:14 - [TEST_STEP][PASSED] - callTestCase(findTestCase("Teacher Login"), [:], STOP_ON_FAILURE): Call Test Case 'Test Cases/Teacher Login' successfully

2022-01-17 16:49:15 - [TEST_CASE][PASSED] - Test Cases/Teacher Login: Test Cases/Teacher Login

2022-01-17 16:49:15 - [TEST_STEP][PASSED] - openBrowser(""): Browser is opened with url: ''

2022-01-17 16:49:15 - [MESSAGE][WARNING] - A browser is already opened. Closing browser and opening a new one

2022-01-17 16:49:15 - [MESSAGE][INFO] - Starting 'Chrome' driver

2022-01-17 16:49:15 - [MESSAGE][INFO] - Action delay is set to 0 milliseconds

2022-01-17 16:49:16 - [MESSAGE][PASSED] - Browser is opened with url: ''

2022-01-17 16:49:16 - [TEST_STEP][PASSED] - navigateToUrl("http://localhost/moodle/login/index.php"): Navigate to 'http://localhost/moodle/login/index.php' successfully

2022-01-17 16:49:17 - [MESSAGE][PASSED] - Navigate to 'http://localhost/moodle/login/index.php' successfully

2022-01-17 16:49:17 - [TEST_STEP][PASSED] - setText(findTestObject("Object Repository/Page_Moodle Log in to the site/input_Username_username"), "admin"): Text 'admin' is set on object 'Object Repository/Page_Moodle Log in to the site/input_Username_username'

2022-01-17 16:49:18 - [MESSAGE][PASSED] - Text 'admin' is set on object 'Object Repository/Page_Moodle Log in to the site/input_Username_username'

2022-01-17 16:49:18 - [TEST_STEP][PASSED] - setEncryptedText(findTestObject("Object Repository/Page_Moodle Log in to the site/input_Password_password"), "8JanWqnBZBo6yBKKrpSnpw=="): Text ****** has been set on object 'Object Repository/Page_Moodle Log in to the site/input_Password_password'

2022-01-17 16:49:19 - [MESSAGE][PASSED] - Text ****** has been set on object 'Object Repository/Page_Moodle Log in to the site/input_Password_password'

2022-01-17 16:49:19 - [TEST_STEP][PASSED] - click(findTestObject("Object Repository/Page_Moodle Log in to the site/button_Log in")): Object: 'Object Repository/Page_Moodle Log in to the site/button_Log in' is clicked on

2022-01-17 16:49:21 - [MESSAGE][PASSED] - Object: 'Object Repository/Page_Moodle Log in to the site/button_Log in' is clicked on

2022-01-17 16:49:21 - [MESSAGE][PASSED] - Call Test Case 'Test Cases/Teacher Login' successfully

2022-01-17 16:49:21 - [TEST_STEP][PASSED] - click(findTestObject("Object Repository/Page_Dashboard/span_Site home")): Object: 'Object Repository/Page_Dashboard/span_Site home' is clicked on

2022-01-17 16:49:24 - [MESSAGE][PASSED] - Object: 'Object Repository/Page_Dashboard/span_Site home' is clicked on

2022-01-17 16:49:24 - [TEST_STEP][PASSED] - click(findTestObject("Object Repository/Page_Moodle/a_New Course Edited")): Object: 'Object Repository/Page_Moodle/a_New Course Edited' is clicked on

2022-01-17 16:49:26 - [MESSAGE][PASSED] - Object: 'Object Repository/Page_Moodle/a_New Course Edited' is clicked on

2022-01-17 16:49:26 - [TEST_STEP][PASSED] - click(findTestObject("Object Repository/Page_Course New Course Edited/button_Turn editing on")): Object: 'Object Repository/Page_Course New Course Edited/button_Turn editing on' is clicked on

2022-01-17 16:49:28 - [MESSAGE][PASSED] - Object: 'Object Repository/Page_Course New Course Edited/button_Turn editing on' is clicked on

2022-01-17 16:49:28 - [TEST_STEP][PASSED] - click(findTestObject("Object Repository/Page_Course New Course Edited/span_Add an activity or resource")): Object: 'Object Repository/Page_Course New Course Edited/span_Add an activity or resource' is clicked on

2022-01-17 16:49:29 - [MESSAGE][PASSED] - Object: 'Object Repository/Page_Course New Course Edited/span_Add an activity or resource' is clicked on

2022-01-17 16:49:29 - [TEST_STEP][PASSED] - click(findTestObject("Object Repository/Page_Course New Course Edited/img_Information about the Book activity_icon icon")): Object: 'Object Repository/Page_Course New Course Edited/img_Information about the Book activity_icon icon' is clicked on

2022-01-17 16:49:32 - [MESSAGE][PASSED] - Object: 'Object Repository/Page_Course New Course Edited/img_Information about the Book activity_icon icon' is clicked on

2022-01-17 16:49:32 - [TEST_STEP][PASSED] - setText(findTestObject("Object Repository/Page_Editing Chat/input_Name of this chat room_name"), "New Chat"): Text 'New Chat' is set on object 'Object Repository/Page_Editing Chat/input_Name of this chat room_name'

2022-01-17 16:49:33 - [MESSAGE][PASSED] - Text 'New Chat' is set on object 'Object Repository/Page_Editing Chat/input_Name of this chat room_name'

2022-01-17 16:49:33 - [TEST_STEP][PASSED] - click(findTestObject("Object Repository/Page_Editing Chat/input_Upon activity completion_submitbutton2")): Object: 'Object Repository/Page_Editing Chat/input_Upon activity completion_submitbutton2' is clicked on

2022-01-17 16:49:35 - [MESSAGE][PASSED] - Object: 'Object Repository/Page_Editing Chat/input_Upon activity completion_submitbutton2' is clicked on]]></system-out>
         <system-err><![CDATA[]]></system-err>
      </testcase>
      <testcase name="Test Cases/Teacher Create Assignment" time="21.616" classname="Test Cases/Teacher Create Assignment" status="PASSED">
         <system-out><![CDATA[2022-01-17 16:49:35 - [TEST_CASE][PASSED] - Test Cases/Teacher Create Assignment: Test Cases/Teacher Create Assignment

2022-01-17 16:49:35 - [TEST_STEP][PASSED] - callTestCase(findTestCase("Teacher Login"), [:], STOP_ON_FAILURE): Call Test Case 'Test Cases/Teacher Login' successfully

2022-01-17 16:49:35 - [TEST_CASE][PASSED] - Test Cases/Teacher Login: Test Cases/Teacher Login

2022-01-17 16:49:35 - [TEST_STEP][PASSED] - openBrowser(""): Browser is opened with url: ''

2022-01-17 16:49:35 - [MESSAGE][WARNING] - A browser is already opened. Closing browser and opening a new one

2022-01-17 16:49:36 - [MESSAGE][INFO] - Starting 'Chrome' driver

2022-01-17 16:49:36 - [MESSAGE][INFO] - Action delay is set to 0 milliseconds

2022-01-17 16:49:37 - [MESSAGE][PASSED] - Browser is opened with url: ''

2022-01-17 16:49:37 - [TEST_STEP][PASSED] - navigateToUrl("http://localhost/moodle/login/index.php"): Navigate to 'http://localhost/moodle/login/index.php' successfully

2022-01-17 16:49:38 - [MESSAGE][PASSED] - Navigate to 'http://localhost/moodle/login/index.php' successfully

2022-01-17 16:49:38 - [TEST_STEP][PASSED] - setText(findTestObject("Object Repository/Page_Moodle Log in to the site/input_Username_username"), "admin"): Text 'admin' is set on object 'Object Repository/Page_Moodle Log in to the site/input_Username_username'

2022-01-17 16:49:39 - [MESSAGE][PASSED] - Text 'admin' is set on object 'Object Repository/Page_Moodle Log in to the site/input_Username_username'

2022-01-17 16:49:39 - [TEST_STEP][PASSED] - setEncryptedText(findTestObject("Object Repository/Page_Moodle Log in to the site/input_Password_password"), "8JanWqnBZBo6yBKKrpSnpw=="): Text ****** has been set on object 'Object Repository/Page_Moodle Log in to the site/input_Password_password'

2022-01-17 16:49:39 - [MESSAGE][PASSED] - Text ****** has been set on object 'Object Repository/Page_Moodle Log in to the site/input_Password_password'

2022-01-17 16:49:39 - [TEST_STEP][PASSED] - click(findTestObject("Object Repository/Page_Moodle Log in to the site/button_Log in")): Object: 'Object Repository/Page_Moodle Log in to the site/button_Log in' is clicked on

2022-01-17 16:49:41 - [MESSAGE][PASSED] - Object: 'Object Repository/Page_Moodle Log in to the site/button_Log in' is clicked on

2022-01-17 16:49:41 - [MESSAGE][PASSED] - Call Test Case 'Test Cases/Teacher Login' successfully

2022-01-17 16:49:41 - [TEST_STEP][PASSED] - click(findTestObject("Object Repository/Page_Dashboard/span_Site home (17)")): Object: 'Object Repository/Page_Dashboard/span_Site home (17)' is clicked on

2022-01-17 16:49:44 - [MESSAGE][PASSED] - Object: 'Object Repository/Page_Dashboard/span_Site home (17)' is clicked on

2022-01-17 16:49:44 - [TEST_STEP][PASSED] - click(findTestObject("Object Repository/Page_Moodle/a_New Course Edited (16)")): Object: 'Object Repository/Page_Moodle/a_New Course Edited (16)' is clicked on

2022-01-17 16:49:46 - [MESSAGE][PASSED] - Object: 'Object Repository/Page_Moodle/a_New Course Edited (16)' is clicked on

2022-01-17 16:49:46 - [TEST_STEP][PASSED] - click(findTestObject("Object Repository/Page_Course New Course Edited/button_Turn editing on (1)")): Object: 'Object Repository/Page_Course New Course Edited/button_Turn editing on (1)' is clicked on

2022-01-17 16:49:47 - [MESSAGE][PASSED] - Object: 'Object Repository/Page_Course New Course Edited/button_Turn editing on (1)' is clicked on

2022-01-17 16:49:47 - [TEST_STEP][PASSED] - click(findTestObject("Object Repository/Page_Course New Course Edited/span_Add an activity or resource (1)")): Object: 'Object Repository/Page_Course New Course Edited/span_Add an activity or resource (1)' is clicked on

2022-01-17 16:49:48 - [MESSAGE][PASSED] - Object: 'Object Repository/Page_Course New Course Edited/span_Add an activity or resource (1)' is clicked on

2022-01-17 16:49:48 - [TEST_STEP][PASSED] - click(findTestObject("Object Repository/Page_Course New Course Edited/img_Recommended_icon icon")): Object: 'Object Repository/Page_Course New Course Edited/img_Recommended_icon icon' is clicked on

2022-01-17 16:49:52 - [MESSAGE][PASSED] - Object: 'Object Repository/Page_Course New Course Edited/img_Recommended_icon icon' is clicked on

2022-01-17 16:49:52 - [TEST_STEP][PASSED] - setText(findTestObject("Object Repository/Page_Editing Assignment/input_Assignment name_name"), "New Assignment"): Text 'New Assignment' is set on object 'Object Repository/Page_Editing Assignment/input_Assignment name_name'

2022-01-17 16:49:54 - [MESSAGE][PASSED] - Text 'New Assignment' is set on object 'Object Repository/Page_Editing Assignment/input_Assignment name_name'

2022-01-17 16:49:54 - [TEST_STEP][PASSED] - click(findTestObject("Object Repository/Page_Editing Assignment/input_Upon activity completion_submitbutton2")): Object: 'Object Repository/Page_Editing Assignment/input_Upon activity completion_submitbutton2' is clicked on

2022-01-17 16:49:57 - [MESSAGE][PASSED] - Object: 'Object Repository/Page_Editing Assignment/input_Upon activity completion_submitbutton2' is clicked on]]></system-out>
         <system-err><![CDATA[]]></system-err>
      </testcase>
      <testcase name="Test Cases/Teacher Create Feedback" time="19.652" classname="Test Cases/Teacher Create Feedback" status="PASSED">
         <system-out><![CDATA[2022-01-17 16:49:57 - [TEST_CASE][PASSED] - Test Cases/Teacher Create Feedback: Test Cases/Teacher Create Feedback

2022-01-17 16:49:57 - [TEST_STEP][PASSED] - callTestCase(findTestCase("Teacher Login"), [:], STOP_ON_FAILURE): Call Test Case 'Test Cases/Teacher Login' successfully

2022-01-17 16:49:57 - [TEST_CASE][PASSED] - Test Cases/Teacher Login: Test Cases/Teacher Login

2022-01-17 16:49:57 - [TEST_STEP][PASSED] - openBrowser(""): Browser is opened with url: ''

2022-01-17 16:49:57 - [MESSAGE][WARNING] - A browser is already opened. Closing browser and opening a new one

2022-01-17 16:49:58 - [MESSAGE][INFO] - Starting 'Chrome' driver

2022-01-17 16:49:58 - [MESSAGE][INFO] - Action delay is set to 0 milliseconds

2022-01-17 16:49:59 - [MESSAGE][PASSED] - Browser is opened with url: ''

2022-01-17 16:49:59 - [TEST_STEP][PASSED] - navigateToUrl("http://localhost/moodle/login/index.php"): Navigate to 'http://localhost/moodle/login/index.php' successfully

2022-01-17 16:50:00 - [MESSAGE][PASSED] - Navigate to 'http://localhost/moodle/login/index.php' successfully

2022-01-17 16:50:00 - [TEST_STEP][PASSED] - setText(findTestObject("Object Repository/Page_Moodle Log in to the site/input_Username_username"), "admin"): Text 'admin' is set on object 'Object Repository/Page_Moodle Log in to the site/input_Username_username'

2022-01-17 16:50:01 - [MESSAGE][PASSED] - Text 'admin' is set on object 'Object Repository/Page_Moodle Log in to the site/input_Username_username'

2022-01-17 16:50:01 - [TEST_STEP][PASSED] - setEncryptedText(findTestObject("Object Repository/Page_Moodle Log in to the site/input_Password_password"), "8JanWqnBZBo6yBKKrpSnpw=="): Text ****** has been set on object 'Object Repository/Page_Moodle Log in to the site/input_Password_password'

2022-01-17 16:50:01 - [MESSAGE][PASSED] - Text ****** has been set on object 'Object Repository/Page_Moodle Log in to the site/input_Password_password'

2022-01-17 16:50:01 - [TEST_STEP][PASSED] - click(findTestObject("Object Repository/Page_Moodle Log in to the site/button_Log in")): Object: 'Object Repository/Page_Moodle Log in to the site/button_Log in' is clicked on

2022-01-17 16:50:03 - [MESSAGE][PASSED] - Object: 'Object Repository/Page_Moodle Log in to the site/button_Log in' is clicked on

2022-01-17 16:50:03 - [MESSAGE][PASSED] - Call Test Case 'Test Cases/Teacher Login' successfully

2022-01-17 16:50:03 - [TEST_STEP][PASSED] - click(findTestObject("Page_Dashboard/span_Site home")): Object: 'Object Repository/Page_Dashboard/span_Site home' is clicked on

2022-01-17 16:50:06 - [MESSAGE][PASSED] - Object: 'Object Repository/Page_Dashboard/span_Site home' is clicked on

2022-01-17 16:50:06 - [TEST_STEP][PASSED] - click(findTestObject("Page_Moodle/a_New Course Edited")): Object: 'Object Repository/Page_Moodle/a_New Course Edited' is clicked on

2022-01-17 16:50:07 - [MESSAGE][PASSED] - Object: 'Object Repository/Page_Moodle/a_New Course Edited' is clicked on

2022-01-17 16:50:07 - [TEST_STEP][PASSED] - click(findTestObject("Page_Course New Course Edited/button_Turn editing on")): Object: 'Object Repository/Page_Course New Course Edited/button_Turn editing on' is clicked on

2022-01-17 16:50:09 - [MESSAGE][PASSED] - Object: 'Object Repository/Page_Course New Course Edited/button_Turn editing on' is clicked on

2022-01-17 16:50:09 - [TEST_STEP][PASSED] - click(findTestObject("Page_Course New Course Edited/span_Add an activity or resource")): Object: 'Object Repository/Page_Course New Course Edited/span_Add an activity or resource' is clicked on

2022-01-17 16:50:10 - [MESSAGE][PASSED] - Object: 'Object Repository/Page_Course New Course Edited/span_Add an activity or resource' is clicked on

2022-01-17 16:50:10 - [TEST_STEP][PASSED] - click(findTestObject("Object Repository/Page_Course New Course Edited/img_Information about the External tool act_ef68c3")): Object: 'Object Repository/Page_Course New Course Edited/img_Information about the External tool act_ef68c3' is clicked on

2022-01-17 16:50:13 - [MESSAGE][PASSED] - Object: 'Object Repository/Page_Course New Course Edited/img_Information about the External tool act_ef68c3' is clicked on

2022-01-17 16:50:13 - [TEST_STEP][PASSED] - setText(findTestObject("Object Repository/Page_Editing Feedback/input_Name_name"), "New Feedback"): Text 'New Feedback' is set on object 'Object Repository/Page_Editing Feedback/input_Name_name'

2022-01-17 16:50:14 - [MESSAGE][PASSED] - Text 'New Feedback' is set on object 'Object Repository/Page_Editing Feedback/input_Name_name'

2022-01-17 16:50:14 - [TEST_STEP][PASSED] - click(findTestObject("Object Repository/Page_Editing Feedback/input_Upon activity completion_submitbutton2")): Object: 'Object Repository/Page_Editing Feedback/input_Upon activity completion_submitbutton2' is clicked on

2022-01-17 16:50:16 - [MESSAGE][PASSED] - Object: 'Object Repository/Page_Editing Feedback/input_Upon activity completion_submitbutton2' is clicked on]]></system-out>
         <system-err><![CDATA[]]></system-err>
      </testcase>
      <testcase name="Test Cases/Teacher Delete Feedback" time="13.466" classname="Test Cases/Teacher Delete Feedback" status="PASSED">
         <system-out><![CDATA[2022-01-17 16:50:16 - [TEST_CASE][PASSED] - Test Cases/Teacher Delete Feedback: Test Cases/Teacher Delete Feedback

2022-01-17 16:50:17 - [TEST_STEP][PASSED] - callTestCase(findTestCase("Teacher Login"), [:], STOP_ON_FAILURE): Call Test Case 'Test Cases/Teacher Login' successfully

2022-01-17 16:50:17 - [TEST_CASE][PASSED] - Test Cases/Teacher Login: Test Cases/Teacher Login

2022-01-17 16:50:17 - [TEST_STEP][PASSED] - openBrowser(""): Browser is opened with url: ''

2022-01-17 16:50:17 - [MESSAGE][WARNING] - A browser is already opened. Closing browser and opening a new one

2022-01-17 16:50:17 - [MESSAGE][INFO] - Starting 'Chrome' driver

2022-01-17 16:50:17 - [MESSAGE][INFO] - Action delay is set to 0 milliseconds

2022-01-17 16:50:19 - [MESSAGE][PASSED] - Browser is opened with url: ''

2022-01-17 16:50:19 - [TEST_STEP][PASSED] - navigateToUrl("http://localhost/moodle/login/index.php"): Navigate to 'http://localhost/moodle/login/index.php' successfully

2022-01-17 16:50:19 - [MESSAGE][PASSED] - Navigate to 'http://localhost/moodle/login/index.php' successfully

2022-01-17 16:50:19 - [TEST_STEP][PASSED] - setText(findTestObject("Object Repository/Page_Moodle Log in to the site/input_Username_username"), "admin"): Text 'admin' is set on object 'Object Repository/Page_Moodle Log in to the site/input_Username_username'

2022-01-17 16:50:20 - [MESSAGE][PASSED] - Text 'admin' is set on object 'Object Repository/Page_Moodle Log in to the site/input_Username_username'

2022-01-17 16:50:20 - [TEST_STEP][PASSED] - setEncryptedText(findTestObject("Object Repository/Page_Moodle Log in to the site/input_Password_password"), "8JanWqnBZBo6yBKKrpSnpw=="): Text ****** has been set on object 'Object Repository/Page_Moodle Log in to the site/input_Password_password'

2022-01-17 16:50:21 - [MESSAGE][PASSED] - Text ****** has been set on object 'Object Repository/Page_Moodle Log in to the site/input_Password_password'

2022-01-17 16:50:21 - [TEST_STEP][PASSED] - click(findTestObject("Object Repository/Page_Moodle Log in to the site/button_Log in")): Object: 'Object Repository/Page_Moodle Log in to the site/button_Log in' is clicked on

2022-01-17 16:50:23 - [MESSAGE][PASSED] - Object: 'Object Repository/Page_Moodle Log in to the site/button_Log in' is clicked on

2022-01-17 16:50:23 - [MESSAGE][PASSED] - Call Test Case 'Test Cases/Teacher Login' successfully

2022-01-17 16:50:23 - [TEST_STEP][PASSED] - click(findTestObject("Page_Dashboard/span_Site home")): Object: 'Object Repository/Page_Dashboard/span_Site home' is clicked on

2022-01-17 16:50:26 - [MESSAGE][PASSED] - Object: 'Object Repository/Page_Dashboard/span_Site home' is clicked on

2022-01-17 16:50:26 - [TEST_STEP][PASSED] - click(findTestObject("Page_Moodle/a_New Course Edited")): Object: 'Object Repository/Page_Moodle/a_New Course Edited' is clicked on

2022-01-17 16:50:27 - [MESSAGE][PASSED] - Object: 'Object Repository/Page_Moodle/a_New Course Edited' is clicked on

2022-01-17 16:50:27 - [TEST_STEP][PASSED] - click(findTestObject("Page_Course New Course Edited/button_Turn editing on")): Object: 'Object Repository/Page_Course New Course Edited/button_Turn editing on' is clicked on

2022-01-17 16:50:29 - [MESSAGE][PASSED] - Object: 'Object Repository/Page_Course New Course Edited/button_Turn editing on' is clicked on

2022-01-17 16:50:29 - [TEST_STEP][PASSED] - click(findTestObject("Page_Course New Course Edited/a_delete")): Object: 'Object Repository/Page_Course New Course Edited/a_delete' is clicked on

2022-01-17 16:50:30 - [MESSAGE][PASSED] - Object: 'Object Repository/Page_Course New Course Edited/a_delete' is clicked on]]></system-out>
         <system-err><![CDATA[]]></system-err>
      </testcase>
      <testcase name="Test Cases/Teacher Edit Forum" time="17.091" classname="Test Cases/Teacher Edit Forum" status="PASSED">
         <system-out><![CDATA[2022-01-17 16:50:30 - [TEST_CASE][PASSED] - Test Cases/Teacher Edit Forum: Test Cases/Teacher Edit Forum

2022-01-17 16:50:30 - [TEST_STEP][PASSED] - openBrowser(""): Browser is opened with url: ''

2022-01-17 16:50:30 - [MESSAGE][WARNING] - A browser is already opened. Closing browser and opening a new one

2022-01-17 16:50:31 - [MESSAGE][INFO] - Starting 'Chrome' driver

2022-01-17 16:50:31 - [MESSAGE][INFO] - Action delay is set to 0 milliseconds

2022-01-17 16:50:32 - [MESSAGE][PASSED] - Browser is opened with url: ''

2022-01-17 16:50:32 - [TEST_STEP][PASSED] - navigateToUrl("http://localhost/moodle/login/index.php"): Navigate to 'http://localhost/moodle/login/index.php' successfully

2022-01-17 16:50:33 - [MESSAGE][PASSED] - Navigate to 'http://localhost/moodle/login/index.php' successfully

2022-01-17 16:50:33 - [TEST_STEP][PASSED] - setText(findTestObject("Object Repository/Page_Moodle Log in to the site/input_Username_username (35)"), "admin"): Text 'admin' is set on object 'Object Repository/Page_Moodle Log in to the site/input_Username_username (35)'

2022-01-17 16:50:33 - [MESSAGE][PASSED] - Text 'admin' is set on object 'Object Repository/Page_Moodle Log in to the site/input_Username_username (35)'

2022-01-17 16:50:33 - [TEST_STEP][PASSED] - setEncryptedText(findTestObject("Object Repository/Page_Moodle Log in to the site/input_Password_password (35)"), "8JanWqnBZBo6yBKKrpSnpw=="): Text ****** has been set on object 'Object Repository/Page_Moodle Log in to the site/input_Password_password (35)'

2022-01-17 16:50:34 - [MESSAGE][PASSED] - Text ****** has been set on object 'Object Repository/Page_Moodle Log in to the site/input_Password_password (35)'

2022-01-17 16:50:34 - [TEST_STEP][PASSED] - click(findTestObject("Object Repository/Page_Moodle Log in to the site/button_Log in (26)")): Object: 'Object Repository/Page_Moodle Log in to the site/button_Log in (26)' is clicked on

2022-01-17 16:50:36 - [MESSAGE][PASSED] - Object: 'Object Repository/Page_Moodle Log in to the site/button_Log in (26)' is clicked on

2022-01-17 16:50:36 - [TEST_STEP][PASSED] - click(findTestObject("Object Repository/Page_Dashboard/span_Site home (20)")): Object: 'Object Repository/Page_Dashboard/span_Site home (20)' is clicked on

2022-01-17 16:50:39 - [MESSAGE][PASSED] - Object: 'Object Repository/Page_Dashboard/span_Site home (20)' is clicked on

2022-01-17 16:50:39 - [TEST_STEP][PASSED] - click(findTestObject("Object Repository/Page_Moodle/a_New Course Edited (19)")): Object: 'Object Repository/Page_Moodle/a_New Course Edited (19)' is clicked on

2022-01-17 16:50:40 - [MESSAGE][PASSED] - Object: 'Object Repository/Page_Moodle/a_New Course Edited (19)' is clicked on

2022-01-17 16:50:40 - [TEST_STEP][PASSED] - click(findTestObject("Object Repository/Page_Course New Course Edited/button_Turn editing on (4)")): Object: 'Object Repository/Page_Course New Course Edited/button_Turn editing on (4)' is clicked on

2022-01-17 16:50:42 - [MESSAGE][PASSED] - Object: 'Object Repository/Page_Course New Course Edited/button_Turn editing on (4)' is clicked on

2022-01-17 16:50:42 - [TEST_STEP][PASSED] - click(findTestObject("Object Repository/Page_Course New Course Edited/a_Edit (3)")): Object: 'Object Repository/Page_Course New Course Edited/a_Edit (3)' is clicked on

2022-01-17 16:50:42 - [MESSAGE][PASSED] - Object: 'Object Repository/Page_Course New Course Edited/a_Edit (3)' is clicked on

2022-01-17 16:50:42 - [TEST_STEP][PASSED] - click(findTestObject("Object Repository/Page_Course New Course Edited/a_Edit settings")): Object: 'Object Repository/Page_Course New Course Edited/a_Edit settings' is clicked on

2022-01-17 16:50:44 - [MESSAGE][PASSED] - Object: 'Object Repository/Page_Course New Course Edited/a_Edit settings' is clicked on

2022-01-17 16:50:44 - [TEST_STEP][PASSED] - click(findTestObject("Object Repository/Page_Editing Forum/input_Forum name_name (1)")): Object: 'Object Repository/Page_Editing Forum/input_Forum name_name (1)' is clicked on

2022-01-17 16:50:45 - [MESSAGE][PASSED] - Object: 'Object Repository/Page_Editing Forum/input_Forum name_name (1)' is clicked on

2022-01-17 16:50:45 - [TEST_STEP][PASSED] - setText(findTestObject("Object Repository/Page_Editing Forum/input_Forum name_name (1)"), "Forum Edited"): Text 'Forum Edited' is set on object 'Object Repository/Page_Editing Forum/input_Forum name_name (1)'

2022-01-17 16:50:46 - [MESSAGE][PASSED] - Text 'Forum Edited' is set on object 'Object Repository/Page_Editing Forum/input_Forum name_name (1)'

2022-01-17 16:50:46 - [TEST_STEP][PASSED] - click(findTestObject("Object Repository/Page_Editing Forum/input_Upon activity completion_submitbutton2 (1)")): Object: 'Object Repository/Page_Editing Forum/input_Upon activity completion_submitbutton2 (1)' is clicked on

2022-01-17 16:50:47 - [MESSAGE][PASSED] - Object: 'Object Repository/Page_Editing Forum/input_Upon activity completion_submitbutton2 (1)' is clicked on]]></system-out>
         <system-err><![CDATA[]]></system-err>
      </testcase>
      <testcase name="Test Cases/Teacher Hide Assignment" time="13.798" classname="Test Cases/Teacher Hide Assignment" status="PASSED">
         <system-out><![CDATA[2022-01-17 16:50:47 - [TEST_CASE][PASSED] - Test Cases/Teacher Hide Assignment: Test Cases/Teacher Hide Assignment

2022-01-17 16:50:47 - [TEST_STEP][PASSED] - callTestCase(findTestCase("Teacher Login"), [:], STOP_ON_FAILURE): Call Test Case 'Test Cases/Teacher Login' successfully

2022-01-17 16:50:47 - [TEST_CASE][PASSED] - Test Cases/Teacher Login: Test Cases/Teacher Login

2022-01-17 16:50:47 - [TEST_STEP][PASSED] - openBrowser(""): Browser is opened with url: ''

2022-01-17 16:50:47 - [MESSAGE][WARNING] - A browser is already opened. Closing browser and opening a new one

2022-01-17 16:50:48 - [MESSAGE][INFO] - Starting 'Chrome' driver

2022-01-17 16:50:48 - [MESSAGE][INFO] - Action delay is set to 0 milliseconds

2022-01-17 16:50:49 - [MESSAGE][PASSED] - Browser is opened with url: ''

2022-01-17 16:50:49 - [TEST_STEP][PASSED] - navigateToUrl("http://localhost/moodle/login/index.php"): Navigate to 'http://localhost/moodle/login/index.php' successfully

2022-01-17 16:50:50 - [MESSAGE][PASSED] - Navigate to 'http://localhost/moodle/login/index.php' successfully

2022-01-17 16:50:50 - [TEST_STEP][PASSED] - setText(findTestObject("Object Repository/Page_Moodle Log in to the site/input_Username_username"), "admin"): Text 'admin' is set on object 'Object Repository/Page_Moodle Log in to the site/input_Username_username'

2022-01-17 16:50:51 - [MESSAGE][PASSED] - Text 'admin' is set on object 'Object Repository/Page_Moodle Log in to the site/input_Username_username'

2022-01-17 16:50:51 - [TEST_STEP][PASSED] - setEncryptedText(findTestObject("Object Repository/Page_Moodle Log in to the site/input_Password_password"), "8JanWqnBZBo6yBKKrpSnpw=="): Text ****** has been set on object 'Object Repository/Page_Moodle Log in to the site/input_Password_password'

2022-01-17 16:50:51 - [MESSAGE][PASSED] - Text ****** has been set on object 'Object Repository/Page_Moodle Log in to the site/input_Password_password'

2022-01-17 16:50:51 - [TEST_STEP][PASSED] - click(findTestObject("Object Repository/Page_Moodle Log in to the site/button_Log in")): Object: 'Object Repository/Page_Moodle Log in to the site/button_Log in' is clicked on

2022-01-17 16:50:53 - [MESSAGE][PASSED] - Object: 'Object Repository/Page_Moodle Log in to the site/button_Log in' is clicked on

2022-01-17 16:50:53 - [MESSAGE][PASSED] - Call Test Case 'Test Cases/Teacher Login' successfully

2022-01-17 16:50:53 - [TEST_STEP][PASSED] - click(findTestObject("Object Repository/Page_Dashboard/span_Site home (19)")): Object: 'Object Repository/Page_Dashboard/span_Site home (19)' is clicked on

2022-01-17 16:50:56 - [MESSAGE][PASSED] - Object: 'Object Repository/Page_Dashboard/span_Site home (19)' is clicked on

2022-01-17 16:50:56 - [TEST_STEP][PASSED] - click(findTestObject("Object Repository/Page_Moodle/a_New Course Edited (18)")): Object: 'Object Repository/Page_Moodle/a_New Course Edited (18)' is clicked on

2022-01-17 16:50:57 - [MESSAGE][PASSED] - Object: 'Object Repository/Page_Moodle/a_New Course Edited (18)' is clicked on

2022-01-17 16:50:57 - [TEST_STEP][PASSED] - click(findTestObject("Object Repository/Page_Course New Course Edited/button_Turn editing on (3)")): Object: 'Object Repository/Page_Course New Course Edited/button_Turn editing on (3)' is clicked on

2022-01-17 16:50:59 - [MESSAGE][PASSED] - Object: 'Object Repository/Page_Course New Course Edited/button_Turn editing on (3)' is clicked on

2022-01-17 16:50:59 - [TEST_STEP][PASSED] - click(findTestObject("Object Repository/Page_Course New Course Edited/a_Edit (2)")): Object: 'Object Repository/Page_Course New Course Edited/a_Edit (2)' is clicked on

2022-01-17 16:51:00 - [MESSAGE][PASSED] - Object: 'Object Repository/Page_Course New Course Edited/a_Edit (2)' is clicked on

2022-01-17 16:51:00 - [TEST_STEP][PASSED] - click(findTestObject("Object Repository/Page_Course New Course Edited/span_Hide")): Object: 'Object Repository/Page_Course New Course Edited/span_Hide' is clicked on

2022-01-17 16:51:01 - [MESSAGE][PASSED] - Object: 'Object Repository/Page_Course New Course Edited/span_Hide' is clicked on]]></system-out>
         <system-err><![CDATA[]]></system-err>
      </testcase>
      <testcase name="Test Cases/Teacher_Add_NewAnnouncement" time="17.104" classname="Test Cases/Teacher_Add_NewAnnouncement" status="PASSED">
         <system-out><![CDATA[2022-01-17 16:51:01 - [TEST_CASE][PASSED] - Test Cases/Teacher_Add_NewAnnouncement: Test Cases/Teacher_Add_NewAnnouncement

2022-01-17 16:51:01 - [TEST_STEP][PASSED] - callTestCase(findTestCase("Teacher Login"), [:], STOP_ON_FAILURE): Call Test Case 'Test Cases/Teacher Login' successfully

2022-01-17 16:51:01 - [TEST_CASE][PASSED] - Test Cases/Teacher Login: Test Cases/Teacher Login

2022-01-17 16:51:01 - [TEST_STEP][PASSED] - openBrowser(""): Browser is opened with url: ''

2022-01-17 16:51:01 - [MESSAGE][WARNING] - A browser is already opened. Closing browser and opening a new one

2022-01-17 16:51:01 - [MESSAGE][INFO] - Starting 'Chrome' driver

2022-01-17 16:51:01 - [MESSAGE][INFO] - Action delay is set to 0 milliseconds

2022-01-17 16:51:03 - [MESSAGE][PASSED] - Browser is opened with url: ''

2022-01-17 16:51:03 - [TEST_STEP][PASSED] - navigateToUrl("http://localhost/moodle/login/index.php"): Navigate to 'http://localhost/moodle/login/index.php' successfully

2022-01-17 16:51:03 - [MESSAGE][PASSED] - Navigate to 'http://localhost/moodle/login/index.php' successfully

2022-01-17 16:51:03 - [TEST_STEP][PASSED] - setText(findTestObject("Object Repository/Page_Moodle Log in to the site/input_Username_username"), "admin"): Text 'admin' is set on object 'Object Repository/Page_Moodle Log in to the site/input_Username_username'

2022-01-17 16:51:04 - [MESSAGE][PASSED] - Text 'admin' is set on object 'Object Repository/Page_Moodle Log in to the site/input_Username_username'

2022-01-17 16:51:04 - [TEST_STEP][PASSED] - setEncryptedText(findTestObject("Object Repository/Page_Moodle Log in to the site/input_Password_password"), "8JanWqnBZBo6yBKKrpSnpw=="): Text ****** has been set on object 'Object Repository/Page_Moodle Log in to the site/input_Password_password'

2022-01-17 16:51:05 - [MESSAGE][PASSED] - Text ****** has been set on object 'Object Repository/Page_Moodle Log in to the site/input_Password_password'

2022-01-17 16:51:05 - [TEST_STEP][PASSED] - click(findTestObject("Object Repository/Page_Moodle Log in to the site/button_Log in")): Object: 'Object Repository/Page_Moodle Log in to the site/button_Log in' is clicked on

2022-01-17 16:51:07 - [MESSAGE][PASSED] - Object: 'Object Repository/Page_Moodle Log in to the site/button_Log in' is clicked on

2022-01-17 16:51:07 - [MESSAGE][PASSED] - Call Test Case 'Test Cases/Teacher Login' successfully

2022-01-17 16:51:07 - [TEST_STEP][PASSED] - click(findTestObject("Object Repository/Page_Dashboard/span_Site home (22)")): Object: 'Object Repository/Page_Dashboard/span_Site home (22)' is clicked on

2022-01-17 16:51:10 - [MESSAGE][PASSED] - Object: 'Object Repository/Page_Dashboard/span_Site home (22)' is clicked on

2022-01-17 16:51:10 - [TEST_STEP][PASSED] - click(findTestObject("Object Repository/Page_Moodle/a_New Course Edited (21)")): Object: 'Object Repository/Page_Moodle/a_New Course Edited (21)' is clicked on

2022-01-17 16:51:11 - [MESSAGE][PASSED] - Object: 'Object Repository/Page_Moodle/a_New Course Edited (21)' is clicked on

2022-01-17 16:51:11 - [TEST_STEP][PASSED] - click(findTestObject("Object Repository/Page_Course New Course Edited/span_Announcements Forum")): Object: 'Object Repository/Page_Course New Course Edited/span_Announcements Forum' is clicked on

2022-01-17 16:51:13 - [MESSAGE][PASSED] - Object: 'Object Repository/Page_Course New Course Edited/span_Announcements Forum' is clicked on

2022-01-17 16:51:13 - [TEST_STEP][PASSED] - click(findTestObject("Object Repository/Page_Announcements/a_Add a new topic")): Object: 'Object Repository/Page_Announcements/a_Add a new topic' is clicked on

2022-01-17 16:51:14 - [MESSAGE][PASSED] - Object: 'Object Repository/Page_Announcements/a_Add a new topic' is clicked on

2022-01-17 16:51:14 - [TEST_STEP][PASSED] - setText(findTestObject("Object Repository/Page_Announcements/input_Subject_subject"), "New Topic"): Text 'New Topic' is set on object 'Object Repository/Page_Announcements/input_Subject_subject'

2022-01-17 16:51:15 - [MESSAGE][PASSED] - Text 'New Topic' is set on object 'Object Repository/Page_Announcements/input_Subject_subject'

2022-01-17 16:51:15 - [TEST_STEP][PASSED] - setText(findTestObject("Object Repository/Page_Announcements/div_New Topic"), "<p dir="ltr" style="text-align: left;">New Topic</p>"): Text '<p dir="ltr" style="text-align: left;">New Topic</p>' is set on object 'Object Repository/Page_Announcements/div_New Topic'

2022-01-17 16:51:16 - [MESSAGE][PASSED] - Text '<p dir="ltr" style="text-align: left;">New Topic</p>' is set on object 'Object Repository/Page_Announcements/div_New Topic'

2022-01-17 16:51:16 - [TEST_STEP][PASSED] - click(findTestObject("Object Repository/Page_Announcements/input_Message_submitbutton")): Object: 'Object Repository/Page_Announcements/input_Message_submitbutton' is clicked on

2022-01-17 16:51:18 - [MESSAGE][PASSED] - Object: 'Object Repository/Page_Announcements/input_Message_submitbutton' is clicked on]]></system-out>
         <system-err><![CDATA[]]></system-err>
      </testcase>
      <testcase name="Test Cases/Teacher View Participants" time="12.034" classname="Test Cases/Teacher View Participants" status="PASSED">
         <system-out><![CDATA[2022-01-17 16:51:18 - [TEST_CASE][PASSED] - Test Cases/Teacher View Participants: Test Cases/Teacher View Participants

2022-01-17 16:51:18 - [TEST_STEP][PASSED] - callTestCase(findTestCase("Teacher Login"), [:], STOP_ON_FAILURE): Call Test Case 'Test Cases/Teacher Login' successfully

2022-01-17 16:51:18 - [TEST_CASE][PASSED] - Test Cases/Teacher Login: Test Cases/Teacher Login

2022-01-17 16:51:18 - [TEST_STEP][PASSED] - openBrowser(""): Browser is opened with url: ''

2022-01-17 16:51:18 - [MESSAGE][WARNING] - A browser is already opened. Closing browser and opening a new one

2022-01-17 16:51:19 - [MESSAGE][INFO] - Starting 'Chrome' driver

2022-01-17 16:51:19 - [MESSAGE][INFO] - Action delay is set to 0 milliseconds

2022-01-17 16:51:20 - [MESSAGE][PASSED] - Browser is opened with url: ''

2022-01-17 16:51:20 - [TEST_STEP][PASSED] - navigateToUrl("http://localhost/moodle/login/index.php"): Navigate to 'http://localhost/moodle/login/index.php' successfully

2022-01-17 16:51:21 - [MESSAGE][PASSED] - Navigate to 'http://localhost/moodle/login/index.php' successfully

2022-01-17 16:51:21 - [TEST_STEP][PASSED] - setText(findTestObject("Object Repository/Page_Moodle Log in to the site/input_Username_username"), "admin"): Text 'admin' is set on object 'Object Repository/Page_Moodle Log in to the site/input_Username_username'

2022-01-17 16:51:22 - [MESSAGE][PASSED] - Text 'admin' is set on object 'Object Repository/Page_Moodle Log in to the site/input_Username_username'

2022-01-17 16:51:22 - [TEST_STEP][PASSED] - setEncryptedText(findTestObject("Object Repository/Page_Moodle Log in to the site/input_Password_password"), "8JanWqnBZBo6yBKKrpSnpw=="): Text ****** has been set on object 'Object Repository/Page_Moodle Log in to the site/input_Password_password'

2022-01-17 16:51:22 - [MESSAGE][PASSED] - Text ****** has been set on object 'Object Repository/Page_Moodle Log in to the site/input_Password_password'

2022-01-17 16:51:22 - [TEST_STEP][PASSED] - click(findTestObject("Object Repository/Page_Moodle Log in to the site/button_Log in")): Object: 'Object Repository/Page_Moodle Log in to the site/button_Log in' is clicked on

2022-01-17 16:51:24 - [MESSAGE][PASSED] - Object: 'Object Repository/Page_Moodle Log in to the site/button_Log in' is clicked on

2022-01-17 16:51:24 - [MESSAGE][PASSED] - Call Test Case 'Test Cases/Teacher Login' successfully

2022-01-17 16:51:24 - [TEST_STEP][PASSED] - click(findTestObject("Object Repository/Page_Dashboard/span_Site home (21)")): Object: 'Object Repository/Page_Dashboard/span_Site home (21)' is clicked on

2022-01-17 16:51:27 - [MESSAGE][PASSED] - Object: 'Object Repository/Page_Dashboard/span_Site home (21)' is clicked on

2022-01-17 16:51:27 - [TEST_STEP][PASSED] - click(findTestObject("Object Repository/Page_Moodle/a_New Course Edited (20)")): Object: 'Object Repository/Page_Moodle/a_New Course Edited (20)' is clicked on

2022-01-17 16:51:28 - [MESSAGE][PASSED] - Object: 'Object Repository/Page_Moodle/a_New Course Edited (20)' is clicked on

2022-01-17 16:51:28 - [TEST_STEP][PASSED] - click(findTestObject("Object Repository/Page_Course New Course Edited/span_Participants")): Object: 'Object Repository/Page_Course New Course Edited/span_Participants' is clicked on

2022-01-17 16:51:30 - [MESSAGE][PASSED] - Object: 'Object Repository/Page_Course New Course Edited/span_Participants' is clicked on]]></system-out>
         <system-err><![CDATA[]]></system-err>
      </testcase>
      <testcase name="Test Cases/User Private Chat" time="12.452" classname="Test Cases/User Private Chat" status="PASSED">
         <system-out><![CDATA[2022-01-17 16:51:30 - [TEST_CASE][PASSED] - Test Cases/User Private Chat: Test Cases/User Private Chat

2022-01-17 16:51:30 - [TEST_STEP][PASSED] - openBrowser(""): Browser is opened with url: ''

2022-01-17 16:51:30 - [MESSAGE][WARNING] - A browser is already opened. Closing browser and opening a new one

2022-01-17 16:51:31 - [MESSAGE][INFO] - Starting 'Chrome' driver

2022-01-17 16:51:31 - [MESSAGE][INFO] - Action delay is set to 0 milliseconds

2022-01-17 16:51:32 - [MESSAGE][PASSED] - Browser is opened with url: ''

2022-01-17 16:51:32 - [TEST_STEP][PASSED] - navigateToUrl("http://localhost/moodle/login/index.php"): Navigate to 'http://localhost/moodle/login/index.php' successfully

2022-01-17 16:51:33 - [MESSAGE][PASSED] - Navigate to 'http://localhost/moodle/login/index.php' successfully

2022-01-17 16:51:33 - [TEST_STEP][PASSED] - click(findTestObject("Object Repository/Page_Moodle Log in to the site/div_document.getElementById(anchor).value  _bffe56")): Object: 'Object Repository/Page_Moodle Log in to the site/div_document.getElementById(anchor).value  _bffe56' is clicked on

2022-01-17 16:51:33 - [MESSAGE][PASSED] - Object: 'Object Repository/Page_Moodle Log in to the site/div_document.getElementById(anchor).value  _bffe56' is clicked on

2022-01-17 16:51:33 - [TEST_STEP][PASSED] - setText(findTestObject("Object Repository/Page_Moodle Log in to the site/input_Username_username (38)"), "admin"): Text 'admin' is set on object 'Object Repository/Page_Moodle Log in to the site/input_Username_username (38)'

2022-01-17 16:51:34 - [MESSAGE][PASSED] - Text 'admin' is set on object 'Object Repository/Page_Moodle Log in to the site/input_Username_username (38)'

2022-01-17 16:51:34 - [TEST_STEP][PASSED] - setEncryptedText(findTestObject("Object Repository/Page_Moodle Log in to the site/input_Password_password (38)"), "8JanWqnBZBo6yBKKrpSnpw=="): Text ****** has been set on object 'Object Repository/Page_Moodle Log in to the site/input_Password_password (38)'

2022-01-17 16:51:34 - [MESSAGE][PASSED] - Text ****** has been set on object 'Object Repository/Page_Moodle Log in to the site/input_Password_password (38)'

2022-01-17 16:51:34 - [TEST_STEP][PASSED] - click(findTestObject("Object Repository/Page_Moodle Log in to the site/button_Log in (28)")): Object: 'Object Repository/Page_Moodle Log in to the site/button_Log in (28)' is clicked on

2022-01-17 16:51:36 - [MESSAGE][PASSED] - Object: 'Object Repository/Page_Moodle Log in to the site/button_Log in (28)' is clicked on

2022-01-17 16:51:36 - [TEST_STEP][PASSED] - click(findTestObject("Object Repository/Page_Dashboard/i_See all_icon fa fa-comment fa-fw")): Object: 'Object Repository/Page_Dashboard/i_See all_icon fa fa-comment fa-fw' is clicked on

2022-01-17 16:51:39 - [MESSAGE][PASSED] - Object: 'Object Repository/Page_Dashboard/i_See all_icon fa fa-comment fa-fw' is clicked on

2022-01-17 16:51:39 - [TEST_STEP][PASSED] - click(findTestObject("Object Repository/Page_Dashboard/strong_c H")): Object: 'Object Repository/Page_Dashboard/strong_c H' is clicked on

2022-01-17 16:51:40 - [MESSAGE][PASSED] - Object: 'Object Repository/Page_Dashboard/strong_c H' is clicked on

2022-01-17 16:51:40 - [TEST_STEP][PASSED] - setText(findTestObject("Object Repository/Page_Dashboard/textarea_Use enter to send_yui_3_17_2_1_164_abb445"), "hi "): Text 'hi ' is set on object 'Object Repository/Page_Dashboard/textarea_Use enter to send_yui_3_17_2_1_164_abb445'

2022-01-17 16:51:42 - [MESSAGE][PASSED] - Text 'hi ' is set on object 'Object Repository/Page_Dashboard/textarea_Use enter to send_yui_3_17_2_1_164_abb445'

2022-01-17 16:51:42 - [TEST_STEP][PASSED] - click(findTestObject("Object Repository/Page_Dashboard/i__icon fa fa-paper-plane fa-fw")): Object: 'Object Repository/Page_Dashboard/i__icon fa fa-paper-plane fa-fw' is clicked on

2022-01-17 16:51:42 - [MESSAGE][PASSED] - Object: 'Object Repository/Page_Dashboard/i__icon fa fa-paper-plane fa-fw' is clicked on]]></system-out>
         <system-err><![CDATA[]]></system-err>
      </testcase>
      <testcase name="Test Cases/User Private Chat Emoji" time="12.378" classname="Test Cases/User Private Chat Emoji" status="PASSED">
         <system-out><![CDATA[2022-01-17 16:51:42 - [TEST_CASE][PASSED] - Test Cases/User Private Chat Emoji: Test Cases/User Private Chat Emoji

2022-01-17 16:51:43 - [TEST_STEP][PASSED] - openBrowser(""): Browser is opened with url: ''

2022-01-17 16:51:43 - [MESSAGE][WARNING] - A browser is already opened. Closing browser and opening a new one

2022-01-17 16:51:43 - [MESSAGE][INFO] - Starting 'Chrome' driver

2022-01-17 16:51:43 - [MESSAGE][INFO] - Action delay is set to 0 milliseconds

2022-01-17 16:51:45 - [MESSAGE][PASSED] - Browser is opened with url: ''

2022-01-17 16:51:45 - [TEST_STEP][PASSED] - navigateToUrl("http://localhost/moodle/login/index.php"): Navigate to 'http://localhost/moodle/login/index.php' successfully

2022-01-17 16:51:45 - [MESSAGE][PASSED] - Navigate to 'http://localhost/moodle/login/index.php' successfully

2022-01-17 16:51:45 - [TEST_STEP][PASSED] - setText(findTestObject("Object Repository/Page_Moodle Log in to the site/input_Username_username (39)"), "admin"): Text 'admin' is set on object 'Object Repository/Page_Moodle Log in to the site/input_Username_username (39)'

2022-01-17 16:51:46 - [MESSAGE][PASSED] - Text 'admin' is set on object 'Object Repository/Page_Moodle Log in to the site/input_Username_username (39)'

2022-01-17 16:51:46 - [TEST_STEP][PASSED] - setEncryptedText(findTestObject("Object Repository/Page_Moodle Log in to the site/input_Password_password (39)"), "8JanWqnBZBo6yBKKrpSnpw=="): Text ****** has been set on object 'Object Repository/Page_Moodle Log in to the site/input_Password_password (39)'

2022-01-17 16:51:47 - [MESSAGE][PASSED] - Text ****** has been set on object 'Object Repository/Page_Moodle Log in to the site/input_Password_password (39)'

2022-01-17 16:51:47 - [TEST_STEP][PASSED] - click(findTestObject("Object Repository/Page_Moodle Log in to the site/button_Log in (29)")): Object: 'Object Repository/Page_Moodle Log in to the site/button_Log in (29)' is clicked on

2022-01-17 16:51:48 - [MESSAGE][PASSED] - Object: 'Object Repository/Page_Moodle Log in to the site/button_Log in (29)' is clicked on

2022-01-17 16:51:48 - [TEST_STEP][PASSED] - click(findTestObject("Object Repository/Page_Dashboard/i_See all_icon fa fa-comment fa-fw (1)")): Object: 'Object Repository/Page_Dashboard/i_See all_icon fa fa-comment fa-fw (1)' is clicked on

2022-01-17 16:51:51 - [MESSAGE][PASSED] - Object: 'Object Repository/Page_Dashboard/i_See all_icon fa fa-comment fa-fw (1)' is clicked on

2022-01-17 16:51:51 - [TEST_STEP][PASSED] - click(findTestObject("Page_Dashboard/strong_c H")): Object: 'Object Repository/Page_Dashboard/strong_c H' is clicked on

2022-01-17 16:51:52 - [MESSAGE][PASSED] - Object: 'Object Repository/Page_Dashboard/strong_c H' is clicked on

2022-01-17 16:51:52 - [TEST_STEP][PASSED] - click(findTestObject("Object Repository/Page_Dashboard/i__icon fa fa-smile-o fa-fw")): Object: 'Object Repository/Page_Dashboard/i__icon fa fa-smile-o fa-fw' is clicked on

2022-01-17 16:51:54 - [MESSAGE][PASSED] - Object: 'Object Repository/Page_Dashboard/i__icon fa fa-smile-o fa-fw' is clicked on

2022-01-17 16:51:54 - [TEST_STEP][PASSED] - click(findTestObject("Object Repository/Page_Dashboard/button_")): Object: 'Object Repository/Page_Dashboard/button_' is clicked on

2022-01-17 16:51:54 - [MESSAGE][PASSED] - Object: 'Object Repository/Page_Dashboard/button_' is clicked on

2022-01-17 16:51:54 - [TEST_STEP][PASSED] - click(findTestObject("Object Repository/Page_Dashboard/i__icon fa fa-paper-plane fa-fw (1)")): Object: 'Object Repository/Page_Dashboard/i__icon fa fa-paper-plane fa-fw (1)' is clicked on

2022-01-17 16:51:55 - [MESSAGE][PASSED] - Object: 'Object Repository/Page_Dashboard/i__icon fa fa-paper-plane fa-fw (1)' is clicked on]]></system-out>
         <system-err><![CDATA[]]></system-err>
      </testcase>
      <testcase name="Test Cases/User Edit Email" time="24.912" classname="Test Cases/User Edit Email" status="PASSED">
         <system-out><![CDATA[2022-01-17 16:51:55 - [TEST_CASE][PASSED] - Test Cases/User Edit Email: Test Cases/User Edit Email

2022-01-17 16:51:55 - [TEST_STEP][PASSED] - callTestCase(findTestCase("Admin Login"), [:], STOP_ON_FAILURE): Call Test Case 'Test Cases/Admin Login' successfully

2022-01-17 16:51:55 - [TEST_CASE][PASSED] - Test Cases/Admin Login: Test Cases/Admin Login

2022-01-17 16:51:55 - [TEST_STEP][PASSED] - openBrowser(""): Browser is opened with url: ''

2022-01-17 16:51:55 - [MESSAGE][WARNING] - A browser is already opened. Closing browser and opening a new one

2022-01-17 16:51:56 - [MESSAGE][INFO] - Starting 'Chrome' driver

2022-01-17 16:51:56 - [MESSAGE][INFO] - Action delay is set to 0 milliseconds

2022-01-17 16:51:57 - [MESSAGE][PASSED] - Browser is opened with url: ''

2022-01-17 16:51:57 - [TEST_STEP][PASSED] - navigateToUrl("http://localhost/moodle/login/index.php"): Navigate to 'http://localhost/moodle/login/index.php' successfully

2022-01-17 16:51:58 - [MESSAGE][PASSED] - Navigate to 'http://localhost/moodle/login/index.php' successfully

2022-01-17 16:51:58 - [TEST_STEP][PASSED] - setText(findTestObject("Object Repository/Page_Moodle Log in to the site/input_Username_username"), "admin"): Text 'admin' is set on object 'Object Repository/Page_Moodle Log in to the site/input_Username_username'

2022-01-17 16:51:59 - [MESSAGE][PASSED] - Text 'admin' is set on object 'Object Repository/Page_Moodle Log in to the site/input_Username_username'

2022-01-17 16:51:59 - [TEST_STEP][PASSED] - setEncryptedText(findTestObject("Object Repository/Page_Moodle Log in to the site/input_Password_password"), "8JanWqnBZBo6yBKKrpSnpw=="): Text ****** has been set on object 'Object Repository/Page_Moodle Log in to the site/input_Password_password'

2022-01-17 16:51:59 - [MESSAGE][PASSED] - Text ****** has been set on object 'Object Repository/Page_Moodle Log in to the site/input_Password_password'

2022-01-17 16:51:59 - [TEST_STEP][PASSED] - click(findTestObject("Object Repository/Page_Moodle Log in to the site/button_Log in")): Object: 'Object Repository/Page_Moodle Log in to the site/button_Log in' is clicked on

2022-01-17 16:52:01 - [MESSAGE][PASSED] - Object: 'Object Repository/Page_Moodle Log in to the site/button_Log in' is clicked on

2022-01-17 16:52:01 - [MESSAGE][PASSED] - Call Test Case 'Test Cases/Admin Login' successfully

2022-01-17 16:52:01 - [TEST_STEP][PASSED] - click(findTestObject("Object Repository/Page_Moodle Administration Search/img_c Minh_userpicture defaultuserpic")): Object: 'Object Repository/Page_Moodle Administration Search/img_c Minh_userpicture defaultuserpic' is clicked on

2022-01-17 16:52:03 - [MESSAGE][PASSED] - Object: 'Object Repository/Page_Moodle Administration Search/img_c Minh_userpicture defaultuserpic' is clicked on

2022-01-17 16:52:03 - [TEST_STEP][PASSED] - click(findTestObject("Object Repository/Page_Moodle Administration Search/span_Profile")): Object: 'Object Repository/Page_Moodle Administration Search/span_Profile' is clicked on

2022-01-17 16:52:04 - [MESSAGE][PASSED] - Object: 'Object Repository/Page_Moodle Administration Search/span_Profile' is clicked on

2022-01-17 16:52:04 - [TEST_STEP][PASSED] - click(findTestObject("Object Repository/Page_c Minh Public profile/a_Edit profile")): Object: 'Object Repository/Page_c Minh Public profile/a_Edit profile' is clicked on

2022-01-17 16:52:06 - [MESSAGE][PASSED] - Object: 'Object Repository/Page_c Minh Public profile/a_Edit profile' is clicked on

2022-01-17 16:52:06 - [TEST_STEP][PASSED] - click(findTestObject("Object Repository/Page_Moodle Edit profile/div_Surname")): Object: 'Object Repository/Page_Moodle Edit profile/div_Surname' is clicked on

2022-01-17 16:52:07 - [MESSAGE][PASSED] - Object: 'Object Repository/Page_Moodle Edit profile/div_Surname' is clicked on

2022-01-17 16:52:07 - [TEST_STEP][PASSED] - setText(findTestObject("Object Repository/Page_Moodle Edit profile/input_Surname_lastname"), "Hồ"): Text 'Hồ' is set on object 'Object Repository/Page_Moodle Edit profile/input_Surname_lastname'

2022-01-17 16:52:08 - [MESSAGE][PASSED] - Text 'Hồ' is set on object 'Object Repository/Page_Moodle Edit profile/input_Surname_lastname'

2022-01-17 16:52:08 - [TEST_STEP][PASSED] - click(findTestObject("Object Repository/Page_Moodle Edit profile/div_Email address_yui_3_17_2_1_1642339639116_856")): Object: 'Object Repository/Page_Moodle Edit profile/div_Email address_yui_3_17_2_1_1642339639116_856' is clicked on

2022-01-17 16:52:08 - [MESSAGE][PASSED] - Object: 'Object Repository/Page_Moodle Edit profile/div_Email address_yui_3_17_2_1_1642339639116_856' is clicked on

2022-01-17 16:52:08 - [TEST_STEP][PASSED] - setText(findTestObject("Object Repository/Page_Moodle Edit profile/input_Email address_email"), "hongocminhduc@gmail.com"): Text 'hongocminhduc@gmail.com' is set on object 'Object Repository/Page_Moodle Edit profile/input_Email address_email'

2022-01-17 16:52:09 - [MESSAGE][PASSED] - Text 'hongocminhduc@gmail.com' is set on object 'Object Repository/Page_Moodle Edit profile/input_Email address_email'

2022-01-17 16:52:09 - [TEST_STEP][PASSED] - selectOptionByValue(findTestObject("Object Repository/Page_Moodle Edit profile/select_Select a country.            Afghani_160506"), "VN", true): All options with value 'VN' are selected in object 'Object Repository/Page_Moodle Edit profile/select_Select a country.            Afghani_160506'  using regular expression

2022-01-17 16:52:18 - [MESSAGE][PASSED] - All options with value 'VN' are selected in object 'Object Repository/Page_Moodle Edit profile/select_Select a country.            Afghani_160506'  using regular expression

2022-01-17 16:52:18 - [TEST_STEP][PASSED] - sendKeys(findTestObject("Object Repository/Page_Moodle Edit profile/input_Address_submitbutton"), Keys.chord(ENTER)): Keys 'ENTER + ' sent to object: 'Object Repository/Page_Moodle Edit profile/input_Address_submitbutton'

2022-01-17 16:52:19 - [MESSAGE][PASSED] - Keys 'ENTER + ' sent to object: 'Object Repository/Page_Moodle Edit profile/input_Address_submitbutton']]></system-out>
         <system-err><![CDATA[]]></system-err>
      </testcase>
      <testcase name="Test Cases/User Login Wrong Password" time="5.394" classname="Test Cases/User Login Wrong Password" status="PASSED">
         <system-out><![CDATA[2022-01-17 16:52:19 - [TEST_CASE][PASSED] - Test Cases/User Login Wrong Password: Test Cases/User Login Wrong Password

2022-01-17 16:52:20 - [TEST_STEP][PASSED] - openBrowser(""): Browser is opened with url: ''

2022-01-17 16:52:20 - [MESSAGE][WARNING] - A browser is already opened. Closing browser and opening a new one

2022-01-17 16:52:20 - [MESSAGE][INFO] - Starting 'Chrome' driver

2022-01-17 16:52:20 - [MESSAGE][INFO] - Action delay is set to 0 milliseconds

2022-01-17 16:52:22 - [MESSAGE][PASSED] - Browser is opened with url: ''

2022-01-17 16:52:22 - [TEST_STEP][PASSED] - navigateToUrl("http://localhost/moodle/login/index.php"): Navigate to 'http://localhost/moodle/login/index.php' successfully

2022-01-17 16:52:22 - [MESSAGE][PASSED] - Navigate to 'http://localhost/moodle/login/index.php' successfully

2022-01-17 16:52:22 - [TEST_STEP][PASSED] - setText(findTestObject("Object Repository/Page_Moodle Log in to the site/input_Username_username (41)"), "admin"): Text 'admin' is set on object 'Object Repository/Page_Moodle Log in to the site/input_Username_username (41)'

2022-01-17 16:52:23 - [MESSAGE][PASSED] - Text 'admin' is set on object 'Object Repository/Page_Moodle Log in to the site/input_Username_username (41)'

2022-01-17 16:52:23 - [TEST_STEP][PASSED] - setEncryptedText(findTestObject("Object Repository/Page_Moodle Log in to the site/input_Password_password (41)"), "iGDxf8hSRT4="): Text ****** has been set on object 'Object Repository/Page_Moodle Log in to the site/input_Password_password (41)'

2022-01-17 16:52:24 - [MESSAGE][PASSED] - Text ****** has been set on object 'Object Repository/Page_Moodle Log in to the site/input_Password_password (41)'

2022-01-17 16:52:24 - [TEST_STEP][PASSED] - click(findTestObject("Object Repository/Page_Moodle Log in to the site/button_Log in (31)")): Object: 'Object Repository/Page_Moodle Log in to the site/button_Log in (31)' is clicked on

2022-01-17 16:52:25 - [MESSAGE][PASSED] - Object: 'Object Repository/Page_Moodle Log in to the site/button_Log in (31)' is clicked on]]></system-out>
         <system-err><![CDATA[]]></system-err>
      </testcase>
      <testcase name="Test Cases/User Log out" time="9.171" classname="Test Cases/User Log out" status="PASSED">
         <system-out><![CDATA[2022-01-17 16:52:25 - [TEST_CASE][PASSED] - Test Cases/User Log out: Test Cases/User Log out

2022-01-17 16:52:25 - [TEST_STEP][PASSED] - openBrowser(""): Browser is opened with url: ''

2022-01-17 16:52:25 - [MESSAGE][WARNING] - A browser is already opened. Closing browser and opening a new one

2022-01-17 16:52:26 - [MESSAGE][INFO] - Starting 'Chrome' driver

2022-01-17 16:52:26 - [MESSAGE][INFO] - Action delay is set to 0 milliseconds

2022-01-17 16:52:27 - [MESSAGE][PASSED] - Browser is opened with url: ''

2022-01-17 16:52:27 - [TEST_STEP][PASSED] - navigateToUrl("http://localhost/moodle/login/index.php"): Navigate to 'http://localhost/moodle/login/index.php' successfully

2022-01-17 16:52:28 - [MESSAGE][PASSED] - Navigate to 'http://localhost/moodle/login/index.php' successfully

2022-01-17 16:52:28 - [TEST_STEP][PASSED] - setText(findTestObject("Object Repository/Page_Moodle Log in to the site/input_Username_username (42)"), "admin"): Text 'admin' is set on object 'Object Repository/Page_Moodle Log in to the site/input_Username_username (42)'

2022-01-17 16:52:29 - [MESSAGE][PASSED] - Text 'admin' is set on object 'Object Repository/Page_Moodle Log in to the site/input_Username_username (42)'

2022-01-17 16:52:29 - [TEST_STEP][PASSED] - setEncryptedText(findTestObject("Object Repository/Page_Moodle Log in to the site/input_Password_password (42)"), "8JanWqnBZBo6yBKKrpSnpw=="): Text ****** has been set on object 'Object Repository/Page_Moodle Log in to the site/input_Password_password (42)'

2022-01-17 16:52:29 - [MESSAGE][PASSED] - Text ****** has been set on object 'Object Repository/Page_Moodle Log in to the site/input_Password_password (42)'

2022-01-17 16:52:29 - [TEST_STEP][PASSED] - click(findTestObject("Object Repository/Page_Moodle Log in to the site/button_Log in (32)")): Object: 'Object Repository/Page_Moodle Log in to the site/button_Log in (32)' is clicked on

2022-01-17 16:52:31 - [MESSAGE][PASSED] - Object: 'Object Repository/Page_Moodle Log in to the site/button_Log in (32)' is clicked on

2022-01-17 16:52:31 - [TEST_STEP][PASSED] - click(findTestObject("Object Repository/Page_Dashboard/a_c H")): Object: 'Object Repository/Page_Dashboard/a_c H' is clicked on

2022-01-17 16:52:33 - [MESSAGE][PASSED] - Object: 'Object Repository/Page_Dashboard/a_c H' is clicked on

2022-01-17 16:52:33 - [TEST_STEP][PASSED] - click(findTestObject("Object Repository/Page_Dashboard/span_Log out")): Object: 'Object Repository/Page_Dashboard/span_Log out' is clicked on

2022-01-17 16:52:34 - [MESSAGE][PASSED] - Object: 'Object Repository/Page_Dashboard/span_Log out' is clicked on]]></system-out>
         <system-err><![CDATA[]]></system-err>
      </testcase>
      <testcase name="Test Cases/Admin Block Ip" time="15.096" classname="Test Cases/Admin Block Ip" status="PASSED">
         <system-out><![CDATA[2022-01-17 16:52:34 - [TEST_CASE][PASSED] - Test Cases/Admin Block Ip: Test Cases/Admin Block Ip

2022-01-17 16:52:34 - [TEST_STEP][PASSED] - openBrowser(""): Browser is opened with url: ''

2022-01-17 16:52:34 - [MESSAGE][WARNING] - A browser is already opened. Closing browser and opening a new one

2022-01-17 16:52:35 - [MESSAGE][INFO] - Starting 'Chrome' driver

2022-01-17 16:52:35 - [MESSAGE][INFO] - Action delay is set to 0 milliseconds

2022-01-17 16:52:36 - [MESSAGE][PASSED] - Browser is opened with url: ''

2022-01-17 16:52:36 - [TEST_STEP][PASSED] - navigateToUrl("http://localhost/moodle/login/index.php"): Navigate to 'http://localhost/moodle/login/index.php' successfully

2022-01-17 16:52:37 - [MESSAGE][PASSED] - Navigate to 'http://localhost/moodle/login/index.php' successfully

2022-01-17 16:52:37 - [TEST_STEP][PASSED] - setText(findTestObject("Object Repository/Page_Moodle Log in to the site/input_Username_username (43)"), "admin"): Text 'admin' is set on object 'Object Repository/Page_Moodle Log in to the site/input_Username_username (43)'

2022-01-17 16:52:38 - [MESSAGE][PASSED] - Text 'admin' is set on object 'Object Repository/Page_Moodle Log in to the site/input_Username_username (43)'

2022-01-17 16:52:38 - [TEST_STEP][PASSED] - setEncryptedText(findTestObject("Object Repository/Page_Moodle Log in to the site/input_Password_password (43)"), "8JanWqnBZBo6yBKKrpSnpw=="): Text ****** has been set on object 'Object Repository/Page_Moodle Log in to the site/input_Password_password (43)'

2022-01-17 16:52:38 - [MESSAGE][PASSED] - Text ****** has been set on object 'Object Repository/Page_Moodle Log in to the site/input_Password_password (43)'

2022-01-17 16:52:38 - [TEST_STEP][PASSED] - click(findTestObject("Object Repository/Page_Moodle Log in to the site/button_Log in (33)")): Object: 'Object Repository/Page_Moodle Log in to the site/button_Log in (33)' is clicked on

2022-01-17 16:52:40 - [MESSAGE][PASSED] - Object: 'Object Repository/Page_Moodle Log in to the site/button_Log in (33)' is clicked on

2022-01-17 16:52:40 - [TEST_STEP][PASSED] - click(findTestObject("Object Repository/Page_Dashboard/span_Site administration (13)")): Object: 'Object Repository/Page_Dashboard/span_Site administration (13)' is clicked on

2022-01-17 16:52:44 - [MESSAGE][PASSED] - Object: 'Object Repository/Page_Dashboard/span_Site administration (13)' is clicked on

2022-01-17 16:52:44 - [TEST_STEP][PASSED] - click(findTestObject("Object Repository/Page_Moodle Administration Search/a_IP blocker")): Object: 'Object Repository/Page_Moodle Administration Search/a_IP blocker' is clicked on

2022-01-17 16:52:45 - [MESSAGE][PASSED] - Object: 'Object Repository/Page_Moodle Administration Search/a_IP blocker' is clicked on

2022-01-17 16:52:45 - [TEST_STEP][PASSED] - click(findTestObject("Object Repository/Page_Moodle Administration Security IP blocker/div_Moodle                                 _8c829f")): Object: 'Object Repository/Page_Moodle Administration Security IP blocker/div_Moodle                                 _8c829f' is clicked on

2022-01-17 16:52:46 - [MESSAGE][PASSED] - Object: 'Object Repository/Page_Moodle Administration Security IP blocker/div_Moodle                                 _8c829f' is clicked on

2022-01-17 16:52:46 - [TEST_STEP][PASSED] - setText(findTestObject("Object Repository/Page_Moodle Administration Security IP blocker/textarea_blockedip_s__blockedip"), "151.020.014.1"): Text '151.020.014.1' is set on object 'Object Repository/Page_Moodle Administration Security IP blocker/textarea_blockedip_s__blockedip'

2022-01-17 16:52:47 - [MESSAGE][PASSED] - Text '151.020.014.1' is set on object 'Object Repository/Page_Moodle Administration Security IP blocker/textarea_blockedip_s__blockedip'

2022-01-17 16:52:47 - [TEST_STEP][PASSED] - click(findTestObject("Object Repository/Page_Moodle Administration Security IP blocker/div_Default Empty        Put every entry on_7344e2")): Object: 'Object Repository/Page_Moodle Administration Security IP blocker/div_Default Empty        Put every entry on_7344e2' is clicked on

2022-01-17 16:52:47 - [MESSAGE][PASSED] - Object: 'Object Repository/Page_Moodle Administration Security IP blocker/div_Default Empty        Put every entry on_7344e2' is clicked on

2022-01-17 16:52:47 - [TEST_STEP][PASSED] - click(findTestObject("Object Repository/Page_Moodle Administration Security IP blocker/button_Save changes")): Object: 'Object Repository/Page_Moodle Administration Security IP blocker/button_Save changes' is clicked on

2022-01-17 16:52:49 - [MESSAGE][PASSED] - Object: 'Object Repository/Page_Moodle Administration Security IP blocker/button_Save changes' is clicked on]]></system-out>
         <system-err><![CDATA[]]></system-err>
      </testcase>
      <testcase name="Test Cases/Admin Add New Cohort" time="16.206" classname="Test Cases/Admin Add New Cohort" status="PASSED">
         <system-out><![CDATA[2022-01-17 16:52:49 - [TEST_CASE][PASSED] - Test Cases/Admin Add New Cohort: Test Cases/Admin Add New Cohort

2022-01-17 16:52:50 - [TEST_STEP][PASSED] - callTestCase(findTestCase("Admin Login"), [:], STOP_ON_FAILURE): Call Test Case 'Test Cases/Admin Login' successfully

2022-01-17 16:52:50 - [TEST_CASE][PASSED] - Test Cases/Admin Login: Test Cases/Admin Login

2022-01-17 16:52:50 - [TEST_STEP][PASSED] - openBrowser(""): Browser is opened with url: ''

2022-01-17 16:52:50 - [MESSAGE][WARNING] - A browser is already opened. Closing browser and opening a new one

2022-01-17 16:52:50 - [MESSAGE][INFO] - Starting 'Chrome' driver

2022-01-17 16:52:50 - [MESSAGE][INFO] - Action delay is set to 0 milliseconds

2022-01-17 16:52:51 - [MESSAGE][PASSED] - Browser is opened with url: ''

2022-01-17 16:52:51 - [TEST_STEP][PASSED] - navigateToUrl("http://localhost/moodle/login/index.php"): Navigate to 'http://localhost/moodle/login/index.php' successfully

2022-01-17 16:52:52 - [MESSAGE][PASSED] - Navigate to 'http://localhost/moodle/login/index.php' successfully

2022-01-17 16:52:52 - [TEST_STEP][PASSED] - setText(findTestObject("Object Repository/Page_Moodle Log in to the site/input_Username_username"), "admin"): Text 'admin' is set on object 'Object Repository/Page_Moodle Log in to the site/input_Username_username'

2022-01-17 16:52:53 - [MESSAGE][PASSED] - Text 'admin' is set on object 'Object Repository/Page_Moodle Log in to the site/input_Username_username'

2022-01-17 16:52:53 - [TEST_STEP][PASSED] - setEncryptedText(findTestObject("Object Repository/Page_Moodle Log in to the site/input_Password_password"), "8JanWqnBZBo6yBKKrpSnpw=="): Text ****** has been set on object 'Object Repository/Page_Moodle Log in to the site/input_Password_password'

2022-01-17 16:52:53 - [MESSAGE][PASSED] - Text ****** has been set on object 'Object Repository/Page_Moodle Log in to the site/input_Password_password'

2022-01-17 16:52:53 - [TEST_STEP][PASSED] - click(findTestObject("Object Repository/Page_Moodle Log in to the site/button_Log in")): Object: 'Object Repository/Page_Moodle Log in to the site/button_Log in' is clicked on

2022-01-17 16:52:55 - [MESSAGE][PASSED] - Object: 'Object Repository/Page_Moodle Log in to the site/button_Log in' is clicked on

2022-01-17 16:52:55 - [MESSAGE][PASSED] - Call Test Case 'Test Cases/Admin Login' successfully

2022-01-17 16:52:55 - [TEST_STEP][PASSED] - click(findTestObject("Object Repository/Page_Dashboard/span_Site administration (14)")): Object: 'Object Repository/Page_Dashboard/span_Site administration (14)' is clicked on

2022-01-17 16:52:59 - [MESSAGE][PASSED] - Object: 'Object Repository/Page_Dashboard/span_Site administration (14)' is clicked on

2022-01-17 16:52:59 - [TEST_STEP][PASSED] - click(findTestObject("Object Repository/Page_Moodle Administration Search/a_Users (8)")): Object: 'Object Repository/Page_Moodle Administration Search/a_Users (8)' is clicked on

2022-01-17 16:52:59 - [MESSAGE][PASSED] - Object: 'Object Repository/Page_Moodle Administration Search/a_Users (8)' is clicked on

2022-01-17 16:52:59 - [TEST_STEP][PASSED] - click(findTestObject("Object Repository/Page_Moodle Administration Search/a_Cohorts")): Object: 'Object Repository/Page_Moodle Administration Search/a_Cohorts' is clicked on

2022-01-17 16:53:01 - [MESSAGE][PASSED] - Object: 'Object Repository/Page_Moodle Administration Search/a_Cohorts' is clicked on

2022-01-17 16:53:01 - [TEST_STEP][PASSED] - click(findTestObject("Object Repository/Page_Moodle Administration Users Accounts Cohorts/a_Add new cohort")): Object: 'Object Repository/Page_Moodle Administration Users Accounts Cohorts/a_Add new cohort' is clicked on

2022-01-17 16:53:02 - [MESSAGE][PASSED] - Object: 'Object Repository/Page_Moodle Administration Users Accounts Cohorts/a_Add new cohort' is clicked on

2022-01-17 16:53:02 - [TEST_STEP][PASSED] - setText(findTestObject("Object Repository/Page_Add new cohort/input_Name_name"), "New Cohort"): Text 'New Cohort' is set on object 'Object Repository/Page_Add new cohort/input_Name_name'

2022-01-17 16:53:03 - [MESSAGE][PASSED] - Text 'New Cohort' is set on object 'Object Repository/Page_Add new cohort/input_Name_name'

2022-01-17 16:53:03 - [TEST_STEP][PASSED] - click(findTestObject("Object Repository/Page_Add new cohort/input_Description_submitbutton")): Object: 'Object Repository/Page_Add new cohort/input_Description_submitbutton' is clicked on

2022-01-17 16:53:05 - [MESSAGE][PASSED] - Object: 'Object Repository/Page_Add new cohort/input_Description_submitbutton' is clicked on]]></system-out>
         <system-err><![CDATA[]]></system-err>
      </testcase>
      <testcase name="Test Cases/Admin Edit Cohort" time="16.815" classname="Test Cases/Admin Edit Cohort" status="PASSED">
         <system-out><![CDATA[2022-01-17 16:53:05 - [TEST_CASE][PASSED] - Test Cases/Admin Edit Cohort: Test Cases/Admin Edit Cohort

2022-01-17 16:53:06 - [TEST_STEP][PASSED] - callTestCase(findTestCase("Admin Login"), [:], STOP_ON_FAILURE): Call Test Case 'Test Cases/Admin Login' successfully

2022-01-17 16:53:06 - [TEST_CASE][PASSED] - Test Cases/Admin Login: Test Cases/Admin Login

2022-01-17 16:53:06 - [TEST_STEP][PASSED] - openBrowser(""): Browser is opened with url: ''

2022-01-17 16:53:06 - [MESSAGE][WARNING] - A browser is already opened. Closing browser and opening a new one

2022-01-17 16:53:07 - [MESSAGE][INFO] - Starting 'Chrome' driver

2022-01-17 16:53:07 - [MESSAGE][INFO] - Action delay is set to 0 milliseconds

2022-01-17 16:53:08 - [MESSAGE][PASSED] - Browser is opened with url: ''

2022-01-17 16:53:08 - [TEST_STEP][PASSED] - navigateToUrl("http://localhost/moodle/login/index.php"): Navigate to 'http://localhost/moodle/login/index.php' successfully

2022-01-17 16:53:09 - [MESSAGE][PASSED] - Navigate to 'http://localhost/moodle/login/index.php' successfully

2022-01-17 16:53:09 - [TEST_STEP][PASSED] - setText(findTestObject("Object Repository/Page_Moodle Log in to the site/input_Username_username"), "admin"): Text 'admin' is set on object 'Object Repository/Page_Moodle Log in to the site/input_Username_username'

2022-01-17 16:53:09 - [MESSAGE][PASSED] - Text 'admin' is set on object 'Object Repository/Page_Moodle Log in to the site/input_Username_username'

2022-01-17 16:53:09 - [TEST_STEP][PASSED] - setEncryptedText(findTestObject("Object Repository/Page_Moodle Log in to the site/input_Password_password"), "8JanWqnBZBo6yBKKrpSnpw=="): Text ****** has been set on object 'Object Repository/Page_Moodle Log in to the site/input_Password_password'

2022-01-17 16:53:10 - [MESSAGE][PASSED] - Text ****** has been set on object 'Object Repository/Page_Moodle Log in to the site/input_Password_password'

2022-01-17 16:53:10 - [TEST_STEP][PASSED] - click(findTestObject("Object Repository/Page_Moodle Log in to the site/button_Log in")): Object: 'Object Repository/Page_Moodle Log in to the site/button_Log in' is clicked on

2022-01-17 16:53:12 - [MESSAGE][PASSED] - Object: 'Object Repository/Page_Moodle Log in to the site/button_Log in' is clicked on

2022-01-17 16:53:12 - [MESSAGE][PASSED] - Call Test Case 'Test Cases/Admin Login' successfully

2022-01-17 16:53:12 - [TEST_STEP][PASSED] - click(findTestObject("Object Repository/Page_Dashboard/span_Site administration (16)")): Object: 'Object Repository/Page_Dashboard/span_Site administration (16)' is clicked on

2022-01-17 16:53:15 - [MESSAGE][PASSED] - Object: 'Object Repository/Page_Dashboard/span_Site administration (16)' is clicked on

2022-01-17 16:53:15 - [TEST_STEP][PASSED] - click(findTestObject("Object Repository/Page_Moodle Administration Search/a_Users (10)")): Object: 'Object Repository/Page_Moodle Administration Search/a_Users (10)' is clicked on

2022-01-17 16:53:16 - [MESSAGE][PASSED] - Object: 'Object Repository/Page_Moodle Administration Search/a_Users (10)' is clicked on

2022-01-17 16:53:16 - [TEST_STEP][PASSED] - click(findTestObject("Object Repository/Page_Moodle Administration Search/a_Cohorts (2)")): Object: 'Object Repository/Page_Moodle Administration Search/a_Cohorts (2)' is clicked on

2022-01-17 16:53:17 - [MESSAGE][PASSED] - Object: 'Object Repository/Page_Moodle Administration Search/a_Cohorts (2)' is clicked on

2022-01-17 16:53:17 - [TEST_STEP][PASSED] - click(findTestObject("Object Repository/Page_Moodle Administration Users Accounts Cohorts/i_Created manually_icon fa fa-cog fa-fw (1)")): Object: 'Object Repository/Page_Moodle Administration Users Accounts Cohorts/i_Created manually_icon fa fa-cog fa-fw (1)' is clicked on

2022-01-17 16:53:19 - [MESSAGE][PASSED] - Object: 'Object Repository/Page_Moodle Administration Users Accounts Cohorts/i_Created manually_icon fa fa-cog fa-fw (1)' is clicked on

2022-01-17 16:53:19 - [TEST_STEP][PASSED] - setText(findTestObject("Object Repository/Page_Edit cohort/input_Name_name"), "Cohort Edited"): Text 'Cohort Edited' is set on object 'Object Repository/Page_Edit cohort/input_Name_name'

2022-01-17 16:53:21 - [MESSAGE][PASSED] - Text 'Cohort Edited' is set on object 'Object Repository/Page_Edit cohort/input_Name_name'

2022-01-17 16:53:21 - [TEST_STEP][PASSED] - click(findTestObject("Object Repository/Page_Edit cohort/input_Description_submitbutton")): Object: 'Object Repository/Page_Edit cohort/input_Description_submitbutton' is clicked on

2022-01-17 16:53:22 - [MESSAGE][PASSED] - Object: 'Object Repository/Page_Edit cohort/input_Description_submitbutton' is clicked on]]></system-out>
         <system-err><![CDATA[]]></system-err>
      </testcase>
      <testcase name="Test Cases/Admin delete Cohort" time="30.166" classname="Test Cases/Admin delete Cohort" status="PASSED">
         <system-out><![CDATA[2022-01-17 16:53:22 - [TEST_CASE][PASSED] - Test Cases/Admin delete Cohort: Test Cases/Admin delete Cohort

2022-01-17 16:53:23 - [TEST_STEP][PASSED] - openBrowser(""): Browser is opened with url: ''

2022-01-17 16:53:23 - [MESSAGE][WARNING] - A browser is already opened. Closing browser and opening a new one

2022-01-17 16:53:23 - [MESSAGE][INFO] - Starting 'Chrome' driver

2022-01-17 16:53:23 - [MESSAGE][INFO] - Action delay is set to 0 milliseconds

2022-01-17 16:53:25 - [MESSAGE][PASSED] - Browser is opened with url: ''

2022-01-17 16:53:25 - [TEST_STEP][PASSED] - navigateToUrl("http://localhost/moodle/login/index.php"): Navigate to 'http://localhost/moodle/login/index.php' successfully

2022-01-17 16:53:25 - [MESSAGE][PASSED] - Navigate to 'http://localhost/moodle/login/index.php' successfully

2022-01-17 16:53:25 - [TEST_STEP][PASSED] - setText(findTestObject("Object Repository/Page_Moodle Log in to the site/input_Username_username (45)"), "admin"): Text 'admin' is set on object 'Object Repository/Page_Moodle Log in to the site/input_Username_username (45)'

2022-01-17 16:53:26 - [MESSAGE][PASSED] - Text 'admin' is set on object 'Object Repository/Page_Moodle Log in to the site/input_Username_username (45)'

2022-01-17 16:53:26 - [TEST_STEP][PASSED] - setEncryptedText(findTestObject("Object Repository/Page_Moodle Log in to the site/input_Password_password (45)"), "8JanWqnBZBo6yBKKrpSnpw=="): Text ****** has been set on object 'Object Repository/Page_Moodle Log in to the site/input_Password_password (45)'

2022-01-17 16:53:27 - [MESSAGE][PASSED] - Text ****** has been set on object 'Object Repository/Page_Moodle Log in to the site/input_Password_password (45)'

2022-01-17 16:53:27 - [TEST_STEP][PASSED] - click(findTestObject("Object Repository/Page_Moodle Log in to the site/button_Log in (35)")): Object: 'Object Repository/Page_Moodle Log in to the site/button_Log in (35)' is clicked on

2022-01-17 16:53:29 - [MESSAGE][PASSED] - Object: 'Object Repository/Page_Moodle Log in to the site/button_Log in (35)' is clicked on

2022-01-17 16:53:29 - [TEST_STEP][PASSED] - click(findTestObject("Object Repository/Page_Dashboard/span_Site administration (15)")): Object: 'Object Repository/Page_Dashboard/span_Site administration (15)' is clicked on

2022-01-17 16:53:40 - [MESSAGE][PASSED] - Object: 'Object Repository/Page_Dashboard/span_Site administration (15)' is clicked on

2022-01-17 16:53:40 - [TEST_STEP][PASSED] - click(findTestObject("Object Repository/Page_Moodle Administration Search/a_Users (9)")): Object: 'Object Repository/Page_Moodle Administration Search/a_Users (9)' is clicked on

2022-01-17 16:53:41 - [MESSAGE][PASSED] - Object: 'Object Repository/Page_Moodle Administration Search/a_Users (9)' is clicked on

2022-01-17 16:53:41 - [TEST_STEP][PASSED] - click(findTestObject("Object Repository/Page_Moodle Administration Search/a_Cohorts (1)")): Object: 'Object Repository/Page_Moodle Administration Search/a_Cohorts (1)' is clicked on

2022-01-17 16:53:49 - [MESSAGE][PASSED] - Object: 'Object Repository/Page_Moodle Administration Search/a_Cohorts (1)' is clicked on

2022-01-17 16:53:49 - [TEST_STEP][PASSED] - click(findTestObject("Object Repository/Page_Moodle Administration Users Accounts Cohorts/i_Created manually_icon fa fa-trash fa-fw")): Object: 'Object Repository/Page_Moodle Administration Users Accounts Cohorts/i_Created manually_icon fa fa-trash fa-fw' is clicked on

2022-01-17 16:53:51 - [MESSAGE][PASSED] - Object: 'Object Repository/Page_Moodle Administration Users Accounts Cohorts/i_Created manually_icon fa fa-trash fa-fw' is clicked on

2022-01-17 16:53:51 - [TEST_STEP][PASSED] - click(findTestObject("Object Repository/Page_Delete cohort/button_Continue")): Object: 'Object Repository/Page_Delete cohort/button_Continue' is clicked on

2022-01-17 16:53:52 - [MESSAGE][PASSED] - Object: 'Object Repository/Page_Delete cohort/button_Continue' is clicked on]]></system-out>
         <system-err><![CDATA[]]></system-err>
      </testcase>
      <testcase name="Test Cases/Admin Change Password" time="24.623" classname="Test Cases/Admin Change Password" status="PASSED">
         <system-out><![CDATA[2022-01-17 16:53:52 - [TEST_CASE][PASSED] - Test Cases/Admin Change Password: Test Cases/Admin Change Password

2022-01-17 16:53:53 - [TEST_STEP][PASSED] - callTestCase(findTestCase("Admin Login"), [:], STOP_ON_FAILURE): Call Test Case 'Test Cases/Admin Login' successfully

2022-01-17 16:53:53 - [TEST_CASE][PASSED] - Test Cases/Admin Login: Test Cases/Admin Login

2022-01-17 16:53:53 - [TEST_STEP][PASSED] - openBrowser(""): Browser is opened with url: ''

2022-01-17 16:53:53 - [MESSAGE][WARNING] - A browser is already opened. Closing browser and opening a new one

2022-01-17 16:53:53 - [MESSAGE][INFO] - Starting 'Chrome' driver

2022-01-17 16:53:53 - [MESSAGE][INFO] - Action delay is set to 0 milliseconds

2022-01-17 16:53:55 - [MESSAGE][PASSED] - Browser is opened with url: ''

2022-01-17 16:53:55 - [TEST_STEP][PASSED] - navigateToUrl("http://localhost/moodle/login/index.php"): Navigate to 'http://localhost/moodle/login/index.php' successfully

2022-01-17 16:53:56 - [MESSAGE][PASSED] - Navigate to 'http://localhost/moodle/login/index.php' successfully

2022-01-17 16:53:56 - [TEST_STEP][PASSED] - setText(findTestObject("Object Repository/Page_Moodle Log in to the site/input_Username_username"), "admin"): Text 'admin' is set on object 'Object Repository/Page_Moodle Log in to the site/input_Username_username'

2022-01-17 16:53:57 - [MESSAGE][PASSED] - Text 'admin' is set on object 'Object Repository/Page_Moodle Log in to the site/input_Username_username'

2022-01-17 16:53:57 - [TEST_STEP][PASSED] - setEncryptedText(findTestObject("Object Repository/Page_Moodle Log in to the site/input_Password_password"), "8JanWqnBZBo6yBKKrpSnpw=="): Text ****** has been set on object 'Object Repository/Page_Moodle Log in to the site/input_Password_password'

2022-01-17 16:53:58 - [MESSAGE][PASSED] - Text ****** has been set on object 'Object Repository/Page_Moodle Log in to the site/input_Password_password'

2022-01-17 16:53:58 - [TEST_STEP][PASSED] - click(findTestObject("Object Repository/Page_Moodle Log in to the site/button_Log in")): Object: 'Object Repository/Page_Moodle Log in to the site/button_Log in' is clicked on

2022-01-17 16:54:06 - [MESSAGE][PASSED] - Object: 'Object Repository/Page_Moodle Log in to the site/button_Log in' is clicked on

2022-01-17 16:54:06 - [MESSAGE][PASSED] - Call Test Case 'Test Cases/Admin Login' successfully

2022-01-17 16:54:06 - [TEST_STEP][PASSED] - click(findTestObject("Object Repository/Page_Dashboard/img_c H_userpicture defaultuserpic")): Object: 'Object Repository/Page_Dashboard/img_c H_userpicture defaultuserpic' is clicked on

2022-01-17 16:54:09 - [MESSAGE][PASSED] - Object: 'Object Repository/Page_Dashboard/img_c H_userpicture defaultuserpic' is clicked on

2022-01-17 16:54:09 - [TEST_STEP][PASSED] - click(findTestObject("Object Repository/Page_Dashboard/span_Profile")): Object: 'Object Repository/Page_Dashboard/span_Profile' is clicked on

2022-01-17 16:54:10 - [MESSAGE][PASSED] - Object: 'Object Repository/Page_Dashboard/span_Profile' is clicked on

2022-01-17 16:54:10 - [TEST_STEP][PASSED] - click(findTestObject("Object Repository/Page_c H Public profile/a_Edit profile")): Object: 'Object Repository/Page_c H Public profile/a_Edit profile' is clicked on

2022-01-17 16:54:13 - [MESSAGE][PASSED] - Object: 'Object Repository/Page_c H Public profile/a_Edit profile' is clicked on

2022-01-17 16:54:13 - [TEST_STEP][PASSED] - click(findTestObject("Object Repository/Page_Moodle Edit profile/i_Click to enter text_icon fa fa-pencil fa-fw")): Object: 'Object Repository/Page_Moodle Edit profile/i_Click to enter text_icon fa fa-pencil fa-fw' is clicked on

2022-01-17 16:54:15 - [MESSAGE][PASSED] - Object: 'Object Repository/Page_Moodle Edit profile/i_Click to enter text_icon fa fa-pencil fa-fw' is clicked on

2022-01-17 16:54:15 - [TEST_STEP][PASSED] - setEncryptedText(findTestObject("Object Repository/Page_Moodle Edit profile/input_New password_newpassword"), "8JanWqnBZBo6yBKKrpSnpw=="): Text ****** has been set on object 'Object Repository/Page_Moodle Edit profile/input_New password_newpassword'

2022-01-17 16:54:15 - [MESSAGE][PASSED] - Text ****** has been set on object 'Object Repository/Page_Moodle Edit profile/input_New password_newpassword'

2022-01-17 16:54:15 - [TEST_STEP][PASSED] - click(findTestObject("Object Repository/Page_Moodle Edit profile/input_Address_submitbutton (1)")): Object: 'Object Repository/Page_Moodle Edit profile/input_Address_submitbutton (1)' is clicked on

2022-01-17 16:54:17 - [MESSAGE][PASSED] - Object: 'Object Repository/Page_Moodle Edit profile/input_Address_submitbutton (1)' is clicked on]]></system-out>
         <system-err><![CDATA[]]></system-err>
      </testcase>
      <system-out><![CDATA[2022-01-17 16:39:37 - [TEST_SUITE][PASSED] - Run all test cases: Test Cases/Admin Change Password]]></system-out>
      <system-err><![CDATA[]]></system-err>
   </testsuite>
</testsuites>
