<?xml version="1.0" encoding="UTF-8"?>
<testsuites name="Run all test cases" time="950.437" tests="50" failures="6" errors="0">
   <testsuite name="Run all test cases" tests="50" failures="6" errors="0" time="950.437" skipped="0" timestamp="2022-01-17 19:56:42" hostname="Minh Duc - 192.168.3.10" id="Test Suites/Run all test cases">
      <properties>
         <property name="deviceName" value=""/>
         <property name="devicePlatform" value=""/>
         <property name="logFolder" value="C:\\Users\\Minh Duc\\Desktop\\Test-Automation-SE-Bonus\\Test Automation - SE Bonus\\Reports\\20220117_195631\\Run all test cases\\20220117_195631"/>
         <property name="logFiles" value="C:\\Users\\Minh Duc\\Desktop\\Test-Automation-SE-Bonus\\Test Automation - SE Bonus\\Reports\\20220117_195631\\Run all test cases\\20220117_195631\\execution0.log"/>
         <property name="attachments" value="C:\\Users\\Minh Duc\\Desktop\\Test-Automation-SE-Bonus\\Test Automation - SE Bonus\\Reports\\20220117_195631\\Run all test cases\\20220117_195631\\1642424295206.png, C:\\Users\\Minh Duc\\Desktop\\Test-Automation-SE-Bonus\\Test Automation - SE Bonus\\Reports\\20220117_195631\\Run all test cases\\20220117_195631\\1642424538107.png, C:\\Users\\Minh Duc\\Desktop\\Test-Automation-SE-Bonus\\Test Automation - SE Bonus\\Reports\\20220117_195631\\Run all test cases\\20220117_195631\\1642424557054.png, C:\\Users\\Minh Duc\\Desktop\\Test-Automation-SE-Bonus\\Test Automation - SE Bonus\\Reports\\20220117_195631\\Run all test cases\\20220117_195631\\1642424661101.png, C:\\Users\\Minh Duc\\Desktop\\Test-Automation-SE-Bonus\\Test Automation - SE Bonus\\Reports\\20220117_195631\\Run all test cases\\20220117_195631\\1642424783455.png, C:\\Users\\Minh Duc\\Desktop\\Test-Automation-SE-Bonus\\Test Automation - SE Bonus\\Reports\\20220117_195631\\Run all test cases\\20220117_195631\\1642425058689.png"/>
         <property name="hostName" value="Minh Duc - 192.168.3.10"/>
         <property name="os" value="Windows 10 64bit"/>
         <property name="katalonVersion" value="8.2.0.208"/>
         <property name="browser" value="Chrome 97.0.4692.71"/>
         <property name="hostAddress" value="192.168.3.10"/>
         <property name="sessionId" value="33132cf74e87f9795c22244e02277db6"/>
         <property name="seleniumVersion" value="3.141.59"/>
         <property name="proxyInformation" value="ProxyInformation { proxyOption=NO_PROXY, proxyServerType=HTTP, username=, password=********, proxyServerAddress=, proxyServerPort=0, executionList=&quot;&quot;, isApplyToDesiredCapabilities=true }"/>
         <property name="platform" value="Windows 10"/>
      </properties>
      <testcase name="Test Cases/Admin Login" time="9.625" classname="Test Cases/Admin Login" status="PASSED">
         <system-out><![CDATA[2022-01-17 19:56:43 - [TEST_CASE][PASSED] - Test Cases/Admin Login: Test Cases/Admin Login

2022-01-17 19:56:43 - [TEST_STEP][PASSED] - openBrowser(""): Browser is opened with url: ''

2022-01-17 19:56:44 - [MESSAGE][INFO] - Starting 'Chrome' driver

2022-01-17 19:56:44 - [MESSAGE][INFO] - Action delay is set to 0 milliseconds

2022-01-17 19:56:47 - [MESSAGE][PASSED] - Browser is opened with url: ''

2022-01-17 19:56:47 - [TEST_STEP][PASSED] - navigateToUrl("http://localhost/moodle/login/index.php"): Navigate to 'http://localhost/moodle/login/index.php' successfully

2022-01-17 19:56:48 - [MESSAGE][PASSED] - Navigate to 'http://localhost/moodle/login/index.php' successfully

2022-01-17 19:56:48 - [TEST_STEP][PASSED] - setText(findTestObject("Object Repository/Page_Moodle Log in to the site/input_Username_username"), "admin"): Text 'admin' is set on object 'Object Repository/Page_Moodle Log in to the site/input_Username_username'

2022-01-17 19:56:49 - [MESSAGE][PASSED] - Text 'admin' is set on object 'Object Repository/Page_Moodle Log in to the site/input_Username_username'

2022-01-17 19:56:49 - [TEST_STEP][PASSED] - setEncryptedText(findTestObject("Object Repository/Page_Moodle Log in to the site/input_Password_password"), "8JanWqnBZBo6yBKKrpSnpw=="): Text ****** has been set on object 'Object Repository/Page_Moodle Log in to the site/input_Password_password'

2022-01-17 19:56:50 - [MESSAGE][PASSED] - Text ****** has been set on object 'Object Repository/Page_Moodle Log in to the site/input_Password_password'

2022-01-17 19:56:50 - [TEST_STEP][PASSED] - click(findTestObject("Object Repository/Page_Moodle Log in to the site/button_Log in")): Object: 'Object Repository/Page_Moodle Log in to the site/button_Log in' is clicked on

2022-01-17 19:56:52 - [MESSAGE][PASSED] - Object: 'Object Repository/Page_Moodle Log in to the site/button_Log in' is clicked on]]></system-out>
         <system-err><![CDATA[]]></system-err>
      </testcase>
      <testcase name="Test Cases/Admin Add User" time="30.349" classname="Test Cases/Admin Add User" status="PASSED">
         <system-out><![CDATA[2022-01-17 19:56:52 - [TEST_CASE][PASSED] - Test Cases/Admin Add User: Test Cases/Admin Add User

2022-01-17 19:56:53 - [TEST_STEP][PASSED] - callTestCase(findTestCase("Admin Login"), [:], STOP_ON_FAILURE): Call Test Case 'Test Cases/Admin Login' successfully

2022-01-17 19:56:53 - [TEST_CASE][PASSED] - Test Cases/Admin Login: Test Cases/Admin Login

2022-01-17 19:56:53 - [TEST_STEP][PASSED] - openBrowser(""): Browser is opened with url: ''

2022-01-17 19:56:53 - [MESSAGE][WARNING] - A browser is already opened. Closing browser and opening a new one

2022-01-17 19:56:54 - [MESSAGE][INFO] - Starting 'Chrome' driver

2022-01-17 19:56:54 - [MESSAGE][INFO] - Action delay is set to 0 milliseconds

2022-01-17 19:56:55 - [MESSAGE][PASSED] - Browser is opened with url: ''

2022-01-17 19:56:55 - [TEST_STEP][PASSED] - navigateToUrl("http://localhost/moodle/login/index.php"): Navigate to 'http://localhost/moodle/login/index.php' successfully

2022-01-17 19:56:56 - [MESSAGE][PASSED] - Navigate to 'http://localhost/moodle/login/index.php' successfully

2022-01-17 19:56:56 - [TEST_STEP][PASSED] - setText(findTestObject("Object Repository/Page_Moodle Log in to the site/input_Username_username"), "admin"): Text 'admin' is set on object 'Object Repository/Page_Moodle Log in to the site/input_Username_username'

2022-01-17 19:56:57 - [MESSAGE][PASSED] - Text 'admin' is set on object 'Object Repository/Page_Moodle Log in to the site/input_Username_username'

2022-01-17 19:56:57 - [TEST_STEP][PASSED] - setEncryptedText(findTestObject("Object Repository/Page_Moodle Log in to the site/input_Password_password"), "8JanWqnBZBo6yBKKrpSnpw=="): Text ****** has been set on object 'Object Repository/Page_Moodle Log in to the site/input_Password_password'

2022-01-17 19:56:58 - [MESSAGE][PASSED] - Text ****** has been set on object 'Object Repository/Page_Moodle Log in to the site/input_Password_password'

2022-01-17 19:56:58 - [TEST_STEP][PASSED] - click(findTestObject("Object Repository/Page_Moodle Log in to the site/button_Log in")): Object: 'Object Repository/Page_Moodle Log in to the site/button_Log in' is clicked on

2022-01-17 19:57:00 - [MESSAGE][PASSED] - Object: 'Object Repository/Page_Moodle Log in to the site/button_Log in' is clicked on

2022-01-17 19:57:00 - [MESSAGE][PASSED] - Call Test Case 'Test Cases/Admin Login' successfully

2022-01-17 19:57:00 - [TEST_STEP][PASSED] - click(findTestObject("Page_Dashboard/span_Site administration")): Object: 'Object Repository/Page_Dashboard/span_Site administration' is clicked on

2022-01-17 19:57:04 - [MESSAGE][PASSED] - Object: 'Object Repository/Page_Dashboard/span_Site administration' is clicked on

2022-01-17 19:57:04 - [TEST_STEP][PASSED] - click(findTestObject("Object Repository/Page_Moodle Administration Search/a_Users (3)")): Object: 'Object Repository/Page_Moodle Administration Search/a_Users (3)' is clicked on

2022-01-17 19:57:05 - [MESSAGE][PASSED] - Object: 'Object Repository/Page_Moodle Administration Search/a_Users (3)' is clicked on

2022-01-17 19:57:05 - [TEST_STEP][PASSED] - click(findTestObject("Object Repository/Page_Moodle Administration Search/a_Add a new user (2)")): Object: 'Object Repository/Page_Moodle Administration Search/a_Add a new user (2)' is clicked on

2022-01-17 19:57:07 - [MESSAGE][PASSED] - Object: 'Object Repository/Page_Moodle Administration Search/a_Add a new user (2)' is clicked on

2022-01-17 19:57:07 - [TEST_STEP][PASSED] - setText(findTestObject("Object Repository/Page_Moodle Administration Users Accounts A_0fbd97/input_Username_username (2)"), "minhduc"): Text 'minhduc' is set on object 'Object Repository/Page_Moodle Administration Users Accounts A_0fbd97/input_Username_username (2)'

2022-01-17 19:57:08 - [MESSAGE][PASSED] - Text 'minhduc' is set on object 'Object Repository/Page_Moodle Administration Users Accounts A_0fbd97/input_Username_username (2)'

2022-01-17 19:57:08 - [TEST_STEP][PASSED] - click(findTestObject("Page_Moodle Administration Users Accounts A_0fbd97/a_Click to enter text")): Object: 'Object Repository/Page_Moodle Administration Users Accounts A_0fbd97/a_Click to enter text' is clicked on

2022-01-17 19:57:09 - [MESSAGE][PASSED] - Object: 'Object Repository/Page_Moodle Administration Users Accounts A_0fbd97/a_Click to enter text' is clicked on

2022-01-17 19:57:09 - [TEST_STEP][PASSED] - setEncryptedText(findTestObject("Object Repository/Page_Moodle Administration Users Accounts A_0fbd97/input_New password_newpassword (2)"), "8JanWqnBZBo6yBKKrpSnpw=="): Text ****** has been set on object 'Object Repository/Page_Moodle Administration Users Accounts A_0fbd97/input_New password_newpassword (2)'

2022-01-17 19:57:09 - [MESSAGE][PASSED] - Text ****** has been set on object 'Object Repository/Page_Moodle Administration Users Accounts A_0fbd97/input_New password_newpassword (2)'

2022-01-17 19:57:09 - [TEST_STEP][PASSED] - setText(findTestObject("Object Repository/Page_Moodle Administration Users Accounts A_0fbd97/input_First name_firstname (2)"), "Đức"): Text 'Đức' is set on object 'Object Repository/Page_Moodle Administration Users Accounts A_0fbd97/input_First name_firstname (2)'

2022-01-17 19:57:10 - [MESSAGE][PASSED] - Text 'Đức' is set on object 'Object Repository/Page_Moodle Administration Users Accounts A_0fbd97/input_First name_firstname (2)'

2022-01-17 19:57:10 - [TEST_STEP][PASSED] - setText(findTestObject("Object Repository/Page_Moodle Administration Users Accounts A_0fbd97/input_Surname_lastname (2)"), "Hồ"): Text 'Hồ' is set on object 'Object Repository/Page_Moodle Administration Users Accounts A_0fbd97/input_Surname_lastname (2)'

2022-01-17 19:57:11 - [MESSAGE][PASSED] - Text 'Hồ' is set on object 'Object Repository/Page_Moodle Administration Users Accounts A_0fbd97/input_Surname_lastname (2)'

2022-01-17 19:57:11 - [TEST_STEP][PASSED] - setText(findTestObject("Object Repository/Page_Moodle Administration Users Accounts A_0fbd97/input_Email address_email (2)"), "hnmduc19@clc.fitus.edu.vn"): Text 'hnmduc19@clc.fitus.edu.vn' is set on object 'Object Repository/Page_Moodle Administration Users Accounts A_0fbd97/input_Email address_email (2)'

2022-01-17 19:57:12 - [MESSAGE][PASSED] - Text 'hnmduc19@clc.fitus.edu.vn' is set on object 'Object Repository/Page_Moodle Administration Users Accounts A_0fbd97/input_Email address_email (2)'

2022-01-17 19:57:12 - [TEST_STEP][PASSED] - selectOptionByValue(findTestObject("Object Repository/Page_Moodle Administration Users Accounts A_0fbd97/select_Select a country.            Afghani_160506 (2)"), "VN", true): All options with value 'VN' are selected in object 'Object Repository/Page_Moodle Administration Users Accounts A_0fbd97/select_Select a country.            Afghani_160506 (2)'  using regular expression

2022-01-17 19:57:21 - [MESSAGE][PASSED] - All options with value 'VN' are selected in object 'Object Repository/Page_Moodle Administration Users Accounts A_0fbd97/select_Select a country.            Afghani_160506 (2)'  using regular expression

2022-01-17 19:57:21 - [TEST_STEP][PASSED] - click(findTestObject("Object Repository/Page_Moodle Administration Users Accounts A_0fbd97/input_Address_submitbutton (2)")): Object: 'Object Repository/Page_Moodle Administration Users Accounts A_0fbd97/input_Address_submitbutton (2)' is clicked on

2022-01-17 19:57:23 - [MESSAGE][PASSED] - Object: 'Object Repository/Page_Moodle Administration Users Accounts A_0fbd97/input_Address_submitbutton (2)' is clicked on]]></system-out>
         <system-err><![CDATA[]]></system-err>
      </testcase>
      <testcase name="Test Cases/Admin Add Exists User" time="29.211" classname="Test Cases/Admin Add Exists User" status="PASSED">
         <system-out><![CDATA[2022-01-17 19:57:23 - [TEST_CASE][PASSED] - Test Cases/Admin Add Exists User: Test Cases/Admin Add Exists User

2022-01-17 19:57:23 - [TEST_STEP][PASSED] - callTestCase(findTestCase("Admin Login"), [:], STOP_ON_FAILURE): Call Test Case 'Test Cases/Admin Login' successfully

2022-01-17 19:57:23 - [TEST_CASE][PASSED] - Test Cases/Admin Login: Test Cases/Admin Login

2022-01-17 19:57:23 - [TEST_STEP][PASSED] - openBrowser(""): Browser is opened with url: ''

2022-01-17 19:57:23 - [MESSAGE][WARNING] - A browser is already opened. Closing browser and opening a new one

2022-01-17 19:57:24 - [MESSAGE][INFO] - Starting 'Chrome' driver

2022-01-17 19:57:24 - [MESSAGE][INFO] - Action delay is set to 0 milliseconds

2022-01-17 19:57:25 - [MESSAGE][PASSED] - Browser is opened with url: ''

2022-01-17 19:57:25 - [TEST_STEP][PASSED] - navigateToUrl("http://localhost/moodle/login/index.php"): Navigate to 'http://localhost/moodle/login/index.php' successfully

2022-01-17 19:57:26 - [MESSAGE][PASSED] - Navigate to 'http://localhost/moodle/login/index.php' successfully

2022-01-17 19:57:26 - [TEST_STEP][PASSED] - setText(findTestObject("Object Repository/Page_Moodle Log in to the site/input_Username_username"), "admin"): Text 'admin' is set on object 'Object Repository/Page_Moodle Log in to the site/input_Username_username'

2022-01-17 19:57:27 - [MESSAGE][PASSED] - Text 'admin' is set on object 'Object Repository/Page_Moodle Log in to the site/input_Username_username'

2022-01-17 19:57:27 - [TEST_STEP][PASSED] - setEncryptedText(findTestObject("Object Repository/Page_Moodle Log in to the site/input_Password_password"), "8JanWqnBZBo6yBKKrpSnpw=="): Text ****** has been set on object 'Object Repository/Page_Moodle Log in to the site/input_Password_password'

2022-01-17 19:57:27 - [MESSAGE][PASSED] - Text ****** has been set on object 'Object Repository/Page_Moodle Log in to the site/input_Password_password'

2022-01-17 19:57:27 - [TEST_STEP][PASSED] - click(findTestObject("Object Repository/Page_Moodle Log in to the site/button_Log in")): Object: 'Object Repository/Page_Moodle Log in to the site/button_Log in' is clicked on

2022-01-17 19:57:29 - [MESSAGE][PASSED] - Object: 'Object Repository/Page_Moodle Log in to the site/button_Log in' is clicked on

2022-01-17 19:57:29 - [MESSAGE][PASSED] - Call Test Case 'Test Cases/Admin Login' successfully

2022-01-17 19:57:29 - [TEST_STEP][PASSED] - click(findTestObject("Page_Dashboard/span_Site administration")): Object: 'Object Repository/Page_Dashboard/span_Site administration' is clicked on

2022-01-17 19:57:33 - [MESSAGE][PASSED] - Object: 'Object Repository/Page_Dashboard/span_Site administration' is clicked on

2022-01-17 19:57:33 - [TEST_STEP][PASSED] - click(findTestObject("Object Repository/Page_Moodle Administration Search/a_Users (3)")): Object: 'Object Repository/Page_Moodle Administration Search/a_Users (3)' is clicked on

2022-01-17 19:57:33 - [MESSAGE][PASSED] - Object: 'Object Repository/Page_Moodle Administration Search/a_Users (3)' is clicked on

2022-01-17 19:57:33 - [TEST_STEP][PASSED] - click(findTestObject("Object Repository/Page_Moodle Administration Search/a_Add a new user (2)")): Object: 'Object Repository/Page_Moodle Administration Search/a_Add a new user (2)' is clicked on

2022-01-17 19:57:36 - [MESSAGE][PASSED] - Object: 'Object Repository/Page_Moodle Administration Search/a_Add a new user (2)' is clicked on

2022-01-17 19:57:36 - [TEST_STEP][PASSED] - setText(findTestObject("Object Repository/Page_Moodle Administration Users Accounts A_0fbd97/input_Username_username (2)"), "minhduc"): Text 'minhduc' is set on object 'Object Repository/Page_Moodle Administration Users Accounts A_0fbd97/input_Username_username (2)'

2022-01-17 19:57:37 - [MESSAGE][PASSED] - Text 'minhduc' is set on object 'Object Repository/Page_Moodle Administration Users Accounts A_0fbd97/input_Username_username (2)'

2022-01-17 19:57:37 - [TEST_STEP][PASSED] - click(findTestObject("Page_Moodle Administration Users Accounts A_0fbd97/a_Click to enter text")): Object: 'Object Repository/Page_Moodle Administration Users Accounts A_0fbd97/a_Click to enter text' is clicked on

2022-01-17 19:57:38 - [MESSAGE][PASSED] - Object: 'Object Repository/Page_Moodle Administration Users Accounts A_0fbd97/a_Click to enter text' is clicked on

2022-01-17 19:57:38 - [TEST_STEP][PASSED] - setEncryptedText(findTestObject("Object Repository/Page_Moodle Administration Users Accounts A_0fbd97/input_New password_newpassword (2)"), "8JanWqnBZBo6yBKKrpSnpw=="): Text ****** has been set on object 'Object Repository/Page_Moodle Administration Users Accounts A_0fbd97/input_New password_newpassword (2)'

2022-01-17 19:57:38 - [MESSAGE][PASSED] - Text ****** has been set on object 'Object Repository/Page_Moodle Administration Users Accounts A_0fbd97/input_New password_newpassword (2)'

2022-01-17 19:57:38 - [TEST_STEP][PASSED] - setText(findTestObject("Object Repository/Page_Moodle Administration Users Accounts A_0fbd97/input_First name_firstname (2)"), "Đức"): Text 'Đức' is set on object 'Object Repository/Page_Moodle Administration Users Accounts A_0fbd97/input_First name_firstname (2)'

2022-01-17 19:57:39 - [MESSAGE][PASSED] - Text 'Đức' is set on object 'Object Repository/Page_Moodle Administration Users Accounts A_0fbd97/input_First name_firstname (2)'

2022-01-17 19:57:39 - [TEST_STEP][PASSED] - setText(findTestObject("Object Repository/Page_Moodle Administration Users Accounts A_0fbd97/input_Surname_lastname (2)"), "Hồ"): Text 'Hồ' is set on object 'Object Repository/Page_Moodle Administration Users Accounts A_0fbd97/input_Surname_lastname (2)'

2022-01-17 19:57:40 - [MESSAGE][PASSED] - Text 'Hồ' is set on object 'Object Repository/Page_Moodle Administration Users Accounts A_0fbd97/input_Surname_lastname (2)'

2022-01-17 19:57:40 - [TEST_STEP][PASSED] - setText(findTestObject("Object Repository/Page_Moodle Administration Users Accounts A_0fbd97/input_Email address_email (2)"), "hongocminhduc@gmail.com"): Text 'hongocminhduc@gmail.com' is set on object 'Object Repository/Page_Moodle Administration Users Accounts A_0fbd97/input_Email address_email (2)'

2022-01-17 19:57:41 - [MESSAGE][PASSED] - Text 'hongocminhduc@gmail.com' is set on object 'Object Repository/Page_Moodle Administration Users Accounts A_0fbd97/input_Email address_email (2)'

2022-01-17 19:57:41 - [TEST_STEP][PASSED] - selectOptionByValue(findTestObject("Object Repository/Page_Moodle Administration Users Accounts A_0fbd97/select_Select a country.            Afghani_160506 (2)"), "VN", true): All options with value 'VN' are selected in object 'Object Repository/Page_Moodle Administration Users Accounts A_0fbd97/select_Select a country.            Afghani_160506 (2)'  using regular expression

2022-01-17 19:57:50 - [MESSAGE][PASSED] - All options with value 'VN' are selected in object 'Object Repository/Page_Moodle Administration Users Accounts A_0fbd97/select_Select a country.            Afghani_160506 (2)'  using regular expression

2022-01-17 19:57:50 - [TEST_STEP][PASSED] - click(findTestObject("Object Repository/Page_Moodle Administration Users Accounts A_0fbd97/input_Address_submitbutton (2)")): Object: 'Object Repository/Page_Moodle Administration Users Accounts A_0fbd97/input_Address_submitbutton (2)' is clicked on

2022-01-17 19:57:52 - [MESSAGE][PASSED] - Object: 'Object Repository/Page_Moodle Administration Users Accounts A_0fbd97/input_Address_submitbutton (2)' is clicked on]]></system-out>
         <system-err><![CDATA[]]></system-err>
      </testcase>
      <testcase name="Test Cases/Admin Update Profile" time="23.081" classname="Test Cases/Admin Update Profile" status="FAILED">
         <failure type="FAILED" message="Test Cases/Admin Update Profile FAILED.
Reason:
com.kms.katalon.core.exception.StepFailedException: Unable to select option by value 'VN' of object 'Object Repository/Page_Moodle Edit profile/select_Select a country.            Afghani_160506'  using regular expression
	at com.kms.katalon.core.webui.keyword.internal.WebUIKeywordMain.stepFailed(WebUIKeywordMain.groovy:64)
	at com.kms.katalon.core.webui.keyword.internal.WebUIKeywordMain.runKeyword(WebUIKeywordMain.groovy:26)
	at com.kms.katalon.core.webui.keyword.builtin.SelectOptionByValueKeyword.selectOptionByValue(SelectOptionByValueKeyword.groovy:99)
	at com.kms.katalon.core.webui.keyword.builtin.SelectOptionByValueKeyword.execute(SelectOptionByValueKeyword.groovy:71)
	at com.kms.katalon.core.keyword.internal.KeywordExecutor.executeKeywordForPlatform(KeywordExecutor.groovy:74)
	at com.kms.katalon.core.webui.keyword.WebUiBuiltInKeywords.selectOptionByValue(WebUiBuiltInKeywords.groovy:1168)
	at com.kms.katalon.core.webui.keyword.WebUiBuiltInKeywords$selectOptionByValue$4.call(Unknown Source)
	at Admin Update Profile.run(Admin Update Profile:36)
	at com.kms.katalon.core.main.ScriptEngine.run(ScriptEngine.java:194)
	at com.kms.katalon.core.main.ScriptEngine.runScriptAsRawText(ScriptEngine.java:119)
	at com.kms.katalon.core.main.TestCaseExecutor.runScript(TestCaseExecutor.java:442)
	at com.kms.katalon.core.main.TestCaseExecutor.doExecute(TestCaseExecutor.java:433)
	at com.kms.katalon.core.main.TestCaseExecutor.processExecutionPhase(TestCaseExecutor.java:412)
	at com.kms.katalon.core.main.TestCaseExecutor.accessMainPhase(TestCaseExecutor.java:404)
	at com.kms.katalon.core.main.TestCaseExecutor.execute(TestCaseExecutor.java:281)
	at com.kms.katalon.core.main.TestSuiteExecutor.accessTestCaseMainPhase(TestSuiteExecutor.java:202)
	at com.kms.katalon.core.main.TestSuiteExecutor.accessTestSuiteMainPhase(TestSuiteExecutor.java:164)
	at com.kms.katalon.core.main.TestSuiteExecutor.execute(TestSuiteExecutor.java:105)
	at com.kms.katalon.core.main.TestCaseMain.startTestSuite(TestCaseMain.java:181)
	at com.kms.katalon.core.main.TestCaseMain$startTestSuite$0.call(Unknown Source)
	at TempTestSuite1642424191868.run(TempTestSuite1642424191868.groovy:36)
Caused by: org.openqa.selenium.UnhandledAlertException: unexpected alert open: {Alert text : }
  (Session info: chrome=97.0.4692.71): {Alert text : 
Build info: version: '3.141.59', revision: 'e82be7d358', time: '2018-11-14T08:25:53'
System info: host: 'MINHDUC', ip: '192.168.3.10', os.name: 'Windows 10', os.arch: 'amd64', os.version: '10.0', java.version: '1.8.0_282'
Driver info: com.kms.katalon.selenium.driver.CChromeDriver
Capabilities {acceptInsecureCerts: false, browserName: chrome, browserVersion: 97.0.4692.71, chrome: {chromedriverVersion: 97.0.4692.71 (adefa7837d02a..., userDataDir: C:\Users\MINHDU~1\AppData\L...}, goog:chromeOptions: {debuggerAddress: localhost:56773}, javascriptEnabled: true, networkConnectionEnabled: false, pageLoadStrategy: normal, platform: WINDOWS, platformName: WINDOWS, proxy: Proxy(), setWindowRect: true, strictFileInteractability: false, timeouts: {implicit: 0, pageLoad: 300000, script: 30000}, unhandledPromptBehavior: dismiss and notify, webauthn:extension:credBlob: true, webauthn:extension:largeBlob: true, webauthn:virtualAuthenticators: true}
Session ID: 6c61fea8380252cff3afd282b30018b7
	at org.openqa.selenium.remote.http.W3CHttpResponseCodec.decode(W3CHttpResponseCodec.java:120)
	at org.openqa.selenium.remote.http.W3CHttpResponseCodec.decode(W3CHttpResponseCodec.java:49)
	at org.openqa.selenium.remote.HttpCommandExecutor.execute(HttpCommandExecutor.java:158)
	at org.openqa.selenium.remote.service.DriverCommandExecutor.execute(DriverCommandExecutor.java:83)
	at org.openqa.selenium.remote.RemoteWebDriver.execute(RemoteWebDriver.java:552)
	at com.kms.katalon.selenium.driver.CChromeDriver.execute(CChromeDriver.java:19)
	at org.openqa.selenium.remote.RemoteWebElement.execute(RemoteWebElement.java:285)
	at org.openqa.selenium.remote.RemoteWebElement.getAttribute(RemoteWebElement.java:134)
	at org.openqa.selenium.support.events.EventFiringWebDriver$EventFiringWebElement.lambda$new$0(EventFiringWebDriver.java:404)
	at com.sun.proxy.$Proxy11.getAttribute(Unknown Source)
	at org.openqa.selenium.support.events.EventFiringWebDriver$EventFiringWebElement.getAttribute(EventFiringWebDriver.java:447)
	at org.openqa.selenium.support.ui.Select.setSelectedByIndex(Select.java:292)
	at org.openqa.selenium.support.ui.Select.selectByIndex(Select.java:172)
	at com.kms.katalon.core.webui.common.WebUiCommonHelper.selectOrDeselectOptionsByValueByRegularExpression(WebUiCommonHelper.java:284)
	at com.kms.katalon.core.webui.common.WebUiCommonHelper.selectOrDeselectOptionsByValue(WebUiCommonHelper.java:263)
	at com.kms.katalon.core.webui.keyword.builtin.SelectOptionByValueKeyword$_selectOptionByValue_closure1.doCall(SelectOptionByValueKeyword.groovy:88)
	at com.kms.katalon.core.webui.keyword.builtin.SelectOptionByValueKeyword$_selectOptionByValue_closure1.call(SelectOptionByValueKeyword.groovy)
	at com.kms.katalon.core.webui.keyword.internal.WebUIKeywordMain.runKeyword(WebUIKeywordMain.groovy:20)
	... 19 more
"/>
         <system-out><![CDATA[2022-01-17 19:57:52 - [TEST_CASE][FAILED] - Test Cases/Admin Update Profile: Test Cases/Admin Update Profile FAILED.
Reason:
com.kms.katalon.core.exception.StepFailedException: Unable to select option by value 'VN' of object 'Object Repository/Page_Moodle Edit profile/select_Select a country.            Afghani_160506'  using regular expression
	at com.kms.katalon.core.webui.keyword.internal.WebUIKeywordMain.stepFailed(WebUIKeywordMain.groovy:64)
	at com.kms.katalon.core.webui.keyword.internal.WebUIKeywordMain.runKeyword(WebUIKeywordMain.groovy:26)
	at com.kms.katalon.core.webui.keyword.builtin.SelectOptionByValueKeyword.selectOptionByValue(SelectOptionByValueKeyword.groovy:99)
	at com.kms.katalon.core.webui.keyword.builtin.SelectOptionByValueKeyword.execute(SelectOptionByValueKeyword.groovy:71)
	at com.kms.katalon.core.keyword.internal.KeywordExecutor.executeKeywordForPlatform(KeywordExecutor.groovy:74)
	at com.kms.katalon.core.webui.keyword.WebUiBuiltInKeywords.selectOptionByValue(WebUiBuiltInKeywords.groovy:1168)
	at com.kms.katalon.core.webui.keyword.WebUiBuiltInKeywords$selectOptionByValue$4.call(Unknown Source)
	at Admin Update Profile.run(Admin Update Profile:36)
	at com.kms.katalon.core.main.ScriptEngine.run(ScriptEngine.java:194)
	at com.kms.katalon.core.main.ScriptEngine.runScriptAsRawText(ScriptEngine.java:119)
	at com.kms.katalon.core.main.TestCaseExecutor.runScript(TestCaseExecutor.java:442)
	at com.kms.katalon.core.main.TestCaseExecutor.doExecute(TestCaseExecutor.java:433)
	at com.kms.katalon.core.main.TestCaseExecutor.processExecutionPhase(TestCaseExecutor.java:412)
	at com.kms.katalon.core.main.TestCaseExecutor.accessMainPhase(TestCaseExecutor.java:404)
	at com.kms.katalon.core.main.TestCaseExecutor.execute(TestCaseExecutor.java:281)
	at com.kms.katalon.core.main.TestSuiteExecutor.accessTestCaseMainPhase(TestSuiteExecutor.java:202)
	at com.kms.katalon.core.main.TestSuiteExecutor.accessTestSuiteMainPhase(TestSuiteExecutor.java:164)
	at com.kms.katalon.core.main.TestSuiteExecutor.execute(TestSuiteExecutor.java:105)
	at com.kms.katalon.core.main.TestCaseMain.startTestSuite(TestCaseMain.java:181)
	at com.kms.katalon.core.main.TestCaseMain$startTestSuite$0.call(Unknown Source)
	at TempTestSuite1642424191868.run(TempTestSuite1642424191868.groovy:36)
Caused by: org.openqa.selenium.UnhandledAlertException: unexpected alert open: {Alert text : }
  (Session info: chrome=97.0.4692.71): {Alert text : 
Build info: version: '3.141.59', revision: 'e82be7d358', time: '2018-11-14T08:25:53'
System info: host: 'MINHDUC', ip: '192.168.3.10', os.name: 'Windows 10', os.arch: 'amd64', os.version: '10.0', java.version: '1.8.0_282'
Driver info: com.kms.katalon.selenium.driver.CChromeDriver
Capabilities {acceptInsecureCerts: false, browserName: chrome, browserVersion: 97.0.4692.71, chrome: {chromedriverVersion: 97.0.4692.71 (adefa7837d02a..., userDataDir: C:\Users\MINHDU~1\AppData\L...}, goog:chromeOptions: {debuggerAddress: localhost:56773}, javascriptEnabled: true, networkConnectionEnabled: false, pageLoadStrategy: normal, platform: WINDOWS, platformName: WINDOWS, proxy: Proxy(), setWindowRect: true, strictFileInteractability: false, timeouts: {implicit: 0, pageLoad: 300000, script: 30000}, unhandledPromptBehavior: dismiss and notify, webauthn:extension:credBlob: true, webauthn:extension:largeBlob: true, webauthn:virtualAuthenticators: true}
Session ID: 6c61fea8380252cff3afd282b30018b7
	at org.openqa.selenium.remote.http.W3CHttpResponseCodec.decode(W3CHttpResponseCodec.java:120)
	at org.openqa.selenium.remote.http.W3CHttpResponseCodec.decode(W3CHttpResponseCodec.java:49)
	at org.openqa.selenium.remote.HttpCommandExecutor.execute(HttpCommandExecutor.java:158)
	at org.openqa.selenium.remote.service.DriverCommandExecutor.execute(DriverCommandExecutor.java:83)
	at org.openqa.selenium.remote.RemoteWebDriver.execute(RemoteWebDriver.java:552)
	at com.kms.katalon.selenium.driver.CChromeDriver.execute(CChromeDriver.java:19)
	at org.openqa.selenium.remote.RemoteWebElement.execute(RemoteWebElement.java:285)
	at org.openqa.selenium.remote.RemoteWebElement.getAttribute(RemoteWebElement.java:134)
	at org.openqa.selenium.support.events.EventFiringWebDriver$EventFiringWebElement.lambda$new$0(EventFiringWebDriver.java:404)
	at com.sun.proxy.$Proxy11.getAttribute(Unknown Source)
	at org.openqa.selenium.support.events.EventFiringWebDriver$EventFiringWebElement.getAttribute(EventFiringWebDriver.java:447)
	at org.openqa.selenium.support.ui.Select.setSelectedByIndex(Select.java:292)
	at org.openqa.selenium.support.ui.Select.selectByIndex(Select.java:172)
	at com.kms.katalon.core.webui.common.WebUiCommonHelper.selectOrDeselectOptionsByValueByRegularExpression(WebUiCommonHelper.java:284)
	at com.kms.katalon.core.webui.common.WebUiCommonHelper.selectOrDeselectOptionsByValue(WebUiCommonHelper.java:263)
	at com.kms.katalon.core.webui.keyword.builtin.SelectOptionByValueKeyword$_selectOptionByValue_closure1.doCall(SelectOptionByValueKeyword.groovy:88)
	at com.kms.katalon.core.webui.keyword.builtin.SelectOptionByValueKeyword$_selectOptionByValue_closure1.call(SelectOptionByValueKeyword.groovy)
	at com.kms.katalon.core.webui.keyword.internal.WebUIKeywordMain.runKeyword(WebUIKeywordMain.groovy:20)
	... 19 more


2022-01-17 19:57:52 - [TEST_STEP][PASSED] - callTestCase(findTestCase("Admin Login"), [:], STOP_ON_FAILURE): Call Test Case 'Test Cases/Admin Login' successfully

2022-01-17 19:57:53 - [TEST_CASE][PASSED] - Test Cases/Admin Login: Test Cases/Admin Login

2022-01-17 19:57:53 - [TEST_STEP][PASSED] - openBrowser(""): Browser is opened with url: ''

2022-01-17 19:57:53 - [MESSAGE][WARNING] - A browser is already opened. Closing browser and opening a new one

2022-01-17 19:57:53 - [MESSAGE][INFO] - Starting 'Chrome' driver

2022-01-17 19:57:53 - [MESSAGE][INFO] - Action delay is set to 0 milliseconds

2022-01-17 19:57:54 - [MESSAGE][PASSED] - Browser is opened with url: ''

2022-01-17 19:57:54 - [TEST_STEP][PASSED] - navigateToUrl("http://localhost/moodle/login/index.php"): Navigate to 'http://localhost/moodle/login/index.php' successfully

2022-01-17 19:57:55 - [MESSAGE][PASSED] - Navigate to 'http://localhost/moodle/login/index.php' successfully

2022-01-17 19:57:55 - [TEST_STEP][PASSED] - setText(findTestObject("Object Repository/Page_Moodle Log in to the site/input_Username_username"), "admin"): Text 'admin' is set on object 'Object Repository/Page_Moodle Log in to the site/input_Username_username'

2022-01-17 19:57:56 - [MESSAGE][PASSED] - Text 'admin' is set on object 'Object Repository/Page_Moodle Log in to the site/input_Username_username'

2022-01-17 19:57:56 - [TEST_STEP][PASSED] - setEncryptedText(findTestObject("Object Repository/Page_Moodle Log in to the site/input_Password_password"), "8JanWqnBZBo6yBKKrpSnpw=="): Text ****** has been set on object 'Object Repository/Page_Moodle Log in to the site/input_Password_password'

2022-01-17 19:57:57 - [MESSAGE][PASSED] - Text ****** has been set on object 'Object Repository/Page_Moodle Log in to the site/input_Password_password'

2022-01-17 19:57:57 - [TEST_STEP][PASSED] - click(findTestObject("Object Repository/Page_Moodle Log in to the site/button_Log in")): Object: 'Object Repository/Page_Moodle Log in to the site/button_Log in' is clicked on

2022-01-17 19:57:59 - [MESSAGE][PASSED] - Object: 'Object Repository/Page_Moodle Log in to the site/button_Log in' is clicked on

2022-01-17 19:57:59 - [MESSAGE][PASSED] - Call Test Case 'Test Cases/Admin Login' successfully

2022-01-17 19:57:59 - [TEST_STEP][PASSED] - click(findTestObject("Object Repository/Page_Moodle Administration Search/img_c Minh_userpicture defaultuserpic")): Object: 'Object Repository/Page_Moodle Administration Search/img_c Minh_userpicture defaultuserpic' is clicked on

2022-01-17 19:58:01 - [MESSAGE][PASSED] - Object: 'Object Repository/Page_Moodle Administration Search/img_c Minh_userpicture defaultuserpic' is clicked on

2022-01-17 19:58:01 - [TEST_STEP][PASSED] - click(findTestObject("Object Repository/Page_Moodle Administration Search/span_Profile")): Object: 'Object Repository/Page_Moodle Administration Search/span_Profile' is clicked on

2022-01-17 19:58:02 - [MESSAGE][PASSED] - Object: 'Object Repository/Page_Moodle Administration Search/span_Profile' is clicked on

2022-01-17 19:58:02 - [TEST_STEP][PASSED] - click(findTestObject("Object Repository/Page_c Minh Public profile/a_Edit profile")): Object: 'Object Repository/Page_c Minh Public profile/a_Edit profile' is clicked on

2022-01-17 19:58:04 - [MESSAGE][PASSED] - Object: 'Object Repository/Page_c Minh Public profile/a_Edit profile' is clicked on

2022-01-17 19:58:04 - [TEST_STEP][PASSED] - click(findTestObject("Object Repository/Page_Moodle Edit profile/div_Surname")): Object: 'Object Repository/Page_Moodle Edit profile/div_Surname' is clicked on

2022-01-17 19:58:05 - [MESSAGE][PASSED] - Object: 'Object Repository/Page_Moodle Edit profile/div_Surname' is clicked on

2022-01-17 19:58:05 - [TEST_STEP][PASSED] - setText(findTestObject("Object Repository/Page_Moodle Edit profile/input_Surname_lastname"), "Hồ"): Text 'Hồ' is set on object 'Object Repository/Page_Moodle Edit profile/input_Surname_lastname'

2022-01-17 19:58:06 - [MESSAGE][PASSED] - Text 'Hồ' is set on object 'Object Repository/Page_Moodle Edit profile/input_Surname_lastname'

2022-01-17 19:58:06 - [TEST_STEP][PASSED] - click(findTestObject("Object Repository/Page_Moodle Edit profile/div_Email address_yui_3_17_2_1_1642339639116_856")): Object: 'Object Repository/Page_Moodle Edit profile/div_Email address_yui_3_17_2_1_1642339639116_856' is clicked on

2022-01-17 19:58:07 - [MESSAGE][PASSED] - Object: 'Object Repository/Page_Moodle Edit profile/div_Email address_yui_3_17_2_1_1642339639116_856' is clicked on

2022-01-17 19:58:07 - [TEST_STEP][PASSED] - setText(findTestObject("Object Repository/Page_Moodle Edit profile/input_Email address_email"), "hongocminhduc@gmail.com"): Text 'hongocminhduc@gmail.com' is set on object 'Object Repository/Page_Moodle Edit profile/input_Email address_email'

2022-01-17 19:58:08 - [MESSAGE][PASSED] - Text 'hongocminhduc@gmail.com' is set on object 'Object Repository/Page_Moodle Edit profile/input_Email address_email'

2022-01-17 19:58:08 - [TEST_STEP][FAILED] - selectOptionByValue(findTestObject("Object Repository/Page_Moodle Edit profile/select_Select a country.            Afghani_160506"), "VN", true): Unable to select option by value 'VN' of object 'Object Repository/Page_Moodle Edit profile/select_Select a country.            Afghani_160506'  using regular expression (Root cause: com.kms.katalon.core.exception.StepFailedException: Unable to select option by value 'VN' of object 'Object Repository/Page_Moodle Edit profile/select_Select a country.            Afghani_160506'  using regular expression
	at com.kms.katalon.core.webui.keyword.internal.WebUIKeywordMain.stepFailed(WebUIKeywordMain.groovy:64)
	at com.kms.katalon.core.webui.keyword.internal.WebUIKeywordMain.runKeyword(WebUIKeywordMain.groovy:26)
	at com.kms.katalon.core.webui.keyword.builtin.SelectOptionByValueKeyword.selectOptionByValue(SelectOptionByValueKeyword.groovy:99)
	at com.kms.katalon.core.webui.keyword.builtin.SelectOptionByValueKeyword.execute(SelectOptionByValueKeyword.groovy:71)
	at com.kms.katalon.core.keyword.internal.KeywordExecutor.executeKeywordForPlatform(KeywordExecutor.groovy:74)
	at com.kms.katalon.core.webui.keyword.WebUiBuiltInKeywords.selectOptionByValue(WebUiBuiltInKeywords.groovy:1168)
	at com.kms.katalon.core.webui.keyword.WebUiBuiltInKeywords$selectOptionByValue$4.call(Unknown Source)
	at Admin Update Profile.run(Admin Update Profile:36)
	at com.kms.katalon.core.main.ScriptEngine.run(ScriptEngine.java:194)
	at com.kms.katalon.core.main.ScriptEngine.runScriptAsRawText(ScriptEngine.java:119)
	at com.kms.katalon.core.main.TestCaseExecutor.runScript(TestCaseExecutor.java:442)
	at com.kms.katalon.core.main.TestCaseExecutor.doExecute(TestCaseExecutor.java:433)
	at com.kms.katalon.core.main.TestCaseExecutor.processExecutionPhase(TestCaseExecutor.java:412)
	at com.kms.katalon.core.main.TestCaseExecutor.accessMainPhase(TestCaseExecutor.java:404)
	at com.kms.katalon.core.main.TestCaseExecutor.execute(TestCaseExecutor.java:281)
	at com.kms.katalon.core.main.TestSuiteExecutor.accessTestCaseMainPhase(TestSuiteExecutor.java:202)
	at com.kms.katalon.core.main.TestSuiteExecutor.accessTestSuiteMainPhase(TestSuiteExecutor.java:164)
	at com.kms.katalon.core.main.TestSuiteExecutor.execute(TestSuiteExecutor.java:105)
	at com.kms.katalon.core.main.TestCaseMain.startTestSuite(TestCaseMain.java:181)
	at com.kms.katalon.core.main.TestCaseMain$startTestSuite$0.call(Unknown Source)
	at TempTestSuite1642424191868.run(TempTestSuite1642424191868.groovy:36)
Caused by: org.openqa.selenium.UnhandledAlertException: unexpected alert open: {Alert text : }
  (Session info: chrome=97.0.4692.71): {Alert text : 
Build info: version: '3.141.59', revision: 'e82be7d358', time: '2018-11-14T08:25:53'
System info: host: 'MINHDUC', ip: '192.168.3.10', os.name: 'Windows 10', os.arch: 'amd64', os.version: '10.0', java.version: '1.8.0_282'
Driver info: com.kms.katalon.selenium.driver.CChromeDriver
Capabilities {acceptInsecureCerts: false, browserName: chrome, browserVersion: 97.0.4692.71, chrome: {chromedriverVersion: 97.0.4692.71 (adefa7837d02a..., userDataDir: C:\Users\MINHDU~1\AppData\L...}, goog:chromeOptions: {debuggerAddress: localhost:56773}, javascriptEnabled: true, networkConnectionEnabled: false, pageLoadStrategy: normal, platform: WINDOWS, platformName: WINDOWS, proxy: Proxy(), setWindowRect: true, strictFileInteractability: false, timeouts: {implicit: 0, pageLoad: 300000, script: 30000}, unhandledPromptBehavior: dismiss and notify, webauthn:extension:credBlob: true, webauthn:extension:largeBlob: true, webauthn:virtualAuthenticators: true}
Session ID: 6c61fea8380252cff3afd282b30018b7
	at org.openqa.selenium.remote.http.W3CHttpResponseCodec.decode(W3CHttpResponseCodec.java:120)
	at org.openqa.selenium.remote.http.W3CHttpResponseCodec.decode(W3CHttpResponseCodec.java:49)
	at org.openqa.selenium.remote.HttpCommandExecutor.execute(HttpCommandExecutor.java:158)
	at org.openqa.selenium.remote.service.DriverCommandExecutor.execute(DriverCommandExecutor.java:83)
	at org.openqa.selenium.remote.RemoteWebDriver.execute(RemoteWebDriver.java:552)
	at com.kms.katalon.selenium.driver.CChromeDriver.execute(CChromeDriver.java:19)
	at org.openqa.selenium.remote.RemoteWebElement.execute(RemoteWebElement.java:285)
	at org.openqa.selenium.remote.RemoteWebElement.getAttribute(RemoteWebElement.java:134)
	at org.openqa.selenium.support.events.EventFiringWebDriver$EventFiringWebElement.lambda$new$0(EventFiringWebDriver.java:404)
	at com.sun.proxy.$Proxy11.getAttribute(Unknown Source)
	at org.openqa.selenium.support.events.EventFiringWebDriver$EventFiringWebElement.getAttribute(EventFiringWebDriver.java:447)
	at org.openqa.selenium.support.ui.Select.setSelectedByIndex(Select.java:292)
	at org.openqa.selenium.support.ui.Select.selectByIndex(Select.java:172)
	at com.kms.katalon.core.webui.common.WebUiCommonHelper.selectOrDeselectOptionsByValueByRegularExpression(WebUiCommonHelper.java:284)
	at com.kms.katalon.core.webui.common.WebUiCommonHelper.selectOrDeselectOptionsByValue(WebUiCommonHelper.java:263)
	at com.kms.katalon.core.webui.keyword.builtin.SelectOptionByValueKeyword$_selectOptionByValue_closure1.doCall(SelectOptionByValueKeyword.groovy:88)
	at com.kms.katalon.core.webui.keyword.builtin.SelectOptionByValueKeyword$_selectOptionByValue_closure1.call(SelectOptionByValueKeyword.groovy)
	at com.kms.katalon.core.webui.keyword.internal.WebUIKeywordMain.runKeyword(WebUIKeywordMain.groovy:20)
	at com.kms.katalon.core.webui.keyword.builtin.SelectOptionByValueKeyword.selectOptionByValue(SelectOptionByValueKeyword.groovy:99)
	at com.kms.katalon.core.webui.keyword.builtin.SelectOptionByValueKeyword.execute(SelectOptionByValueKeyword.groovy:71)
	at com.kms.katalon.core.keyword.internal.KeywordExecutor.executeKeywordForPlatform(KeywordExecutor.groovy:74)
	at com.kms.katalon.core.webui.keyword.WebUiBuiltInKeywords.selectOptionByValue(WebUiBuiltInKeywords.groovy:1168)
	at com.kms.katalon.core.webui.keyword.WebUiBuiltInKeywords$selectOptionByValue$4.call(Unknown Source)
	at Script1642339684154.run(Script1642339684154.groovy:36)
	... 13 more
)

2022-01-17 19:58:15 - [MESSAGE][FAILED] - Unable to select option by value 'VN' of object 'Object Repository/Page_Moodle Edit profile/select_Select a country.            Afghani_160506'  using regular expression (Root cause: com.kms.katalon.core.exception.StepFailedException: Unable to select option by value 'VN' of object 'Object Repository/Page_Moodle Edit profile/select_Select a country.            Afghani_160506'  using regular expression
	at com.kms.katalon.core.webui.keyword.internal.WebUIKeywordMain.stepFailed(WebUIKeywordMain.groovy:64)
	at com.kms.katalon.core.webui.keyword.internal.WebUIKeywordMain.runKeyword(WebUIKeywordMain.groovy:26)
	at com.kms.katalon.core.webui.keyword.builtin.SelectOptionByValueKeyword.selectOptionByValue(SelectOptionByValueKeyword.groovy:99)
	at com.kms.katalon.core.webui.keyword.builtin.SelectOptionByValueKeyword.execute(SelectOptionByValueKeyword.groovy:71)
	at com.kms.katalon.core.keyword.internal.KeywordExecutor.executeKeywordForPlatform(KeywordExecutor.groovy:74)
	at com.kms.katalon.core.webui.keyword.WebUiBuiltInKeywords.selectOptionByValue(WebUiBuiltInKeywords.groovy:1168)
	at com.kms.katalon.core.webui.keyword.WebUiBuiltInKeywords$selectOptionByValue$4.call(Unknown Source)
	at Admin Update Profile.run(Admin Update Profile:36)
	at com.kms.katalon.core.main.ScriptEngine.run(ScriptEngine.java:194)
	at com.kms.katalon.core.main.ScriptEngine.runScriptAsRawText(ScriptEngine.java:119)
	at com.kms.katalon.core.main.TestCaseExecutor.runScript(TestCaseExecutor.java:442)
	at com.kms.katalon.core.main.TestCaseExecutor.doExecute(TestCaseExecutor.java:433)
	at com.kms.katalon.core.main.TestCaseExecutor.processExecutionPhase(TestCaseExecutor.java:412)
	at com.kms.katalon.core.main.TestCaseExecutor.accessMainPhase(TestCaseExecutor.java:404)
	at com.kms.katalon.core.main.TestCaseExecutor.execute(TestCaseExecutor.java:281)
	at com.kms.katalon.core.main.TestSuiteExecutor.accessTestCaseMainPhase(TestSuiteExecutor.java:202)
	at com.kms.katalon.core.main.TestSuiteExecutor.accessTestSuiteMainPhase(TestSuiteExecutor.java:164)
	at com.kms.katalon.core.main.TestSuiteExecutor.execute(TestSuiteExecutor.java:105)
	at com.kms.katalon.core.main.TestCaseMain.startTestSuite(TestCaseMain.java:181)
	at com.kms.katalon.core.main.TestCaseMain$startTestSuite$0.call(Unknown Source)
	at TempTestSuite1642424191868.run(TempTestSuite1642424191868.groovy:36)
Caused by: org.openqa.selenium.UnhandledAlertException: unexpected alert open: {Alert text : }
  (Session info: chrome=97.0.4692.71): {Alert text : 
Build info: version: '3.141.59', revision: 'e82be7d358', time: '2018-11-14T08:25:53'
System info: host: 'MINHDUC', ip: '192.168.3.10', os.name: 'Windows 10', os.arch: 'amd64', os.version: '10.0', java.version: '1.8.0_282'
Driver info: com.kms.katalon.selenium.driver.CChromeDriver
Capabilities {acceptInsecureCerts: false, browserName: chrome, browserVersion: 97.0.4692.71, chrome: {chromedriverVersion: 97.0.4692.71 (adefa7837d02a..., userDataDir: C:\Users\MINHDU~1\AppData\L...}, goog:chromeOptions: {debuggerAddress: localhost:56773}, javascriptEnabled: true, networkConnectionEnabled: false, pageLoadStrategy: normal, platform: WINDOWS, platformName: WINDOWS, proxy: Proxy(), setWindowRect: true, strictFileInteractability: false, timeouts: {implicit: 0, pageLoad: 300000, script: 30000}, unhandledPromptBehavior: dismiss and notify, webauthn:extension:credBlob: true, webauthn:extension:largeBlob: true, webauthn:virtualAuthenticators: true}
Session ID: 6c61fea8380252cff3afd282b30018b7
	at org.openqa.selenium.remote.http.W3CHttpResponseCodec.decode(W3CHttpResponseCodec.java:120)
	at org.openqa.selenium.remote.http.W3CHttpResponseCodec.decode(W3CHttpResponseCodec.java:49)
	at org.openqa.selenium.remote.HttpCommandExecutor.execute(HttpCommandExecutor.java:158)
	at org.openqa.selenium.remote.service.DriverCommandExecutor.execute(DriverCommandExecutor.java:83)
	at org.openqa.selenium.remote.RemoteWebDriver.execute(RemoteWebDriver.java:552)
	at com.kms.katalon.selenium.driver.CChromeDriver.execute(CChromeDriver.java:19)
	at org.openqa.selenium.remote.RemoteWebElement.execute(RemoteWebElement.java:285)
	at org.openqa.selenium.remote.RemoteWebElement.getAttribute(RemoteWebElement.java:134)
	at org.openqa.selenium.support.events.EventFiringWebDriver$EventFiringWebElement.lambda$new$0(EventFiringWebDriver.java:404)
	at com.sun.proxy.$Proxy11.getAttribute(Unknown Source)
	at org.openqa.selenium.support.events.EventFiringWebDriver$EventFiringWebElement.getAttribute(EventFiringWebDriver.java:447)
	at org.openqa.selenium.support.ui.Select.setSelectedByIndex(Select.java:292)
	at org.openqa.selenium.support.ui.Select.selectByIndex(Select.java:172)
	at com.kms.katalon.core.webui.common.WebUiCommonHelper.selectOrDeselectOptionsByValueByRegularExpression(WebUiCommonHelper.java:284)
	at com.kms.katalon.core.webui.common.WebUiCommonHelper.selectOrDeselectOptionsByValue(WebUiCommonHelper.java:263)
	at com.kms.katalon.core.webui.keyword.builtin.SelectOptionByValueKeyword$_selectOptionByValue_closure1.doCall(SelectOptionByValueKeyword.groovy:88)
	at com.kms.katalon.core.webui.keyword.builtin.SelectOptionByValueKeyword$_selectOptionByValue_closure1.call(SelectOptionByValueKeyword.groovy)
	at com.kms.katalon.core.webui.keyword.internal.WebUIKeywordMain.runKeyword(WebUIKeywordMain.groovy:20)
	at com.kms.katalon.core.webui.keyword.builtin.SelectOptionByValueKeyword.selectOptionByValue(SelectOptionByValueKeyword.groovy:99)
	at com.kms.katalon.core.webui.keyword.builtin.SelectOptionByValueKeyword.execute(SelectOptionByValueKeyword.groovy:71)
	at com.kms.katalon.core.keyword.internal.KeywordExecutor.executeKeywordForPlatform(KeywordExecutor.groovy:74)
	at com.kms.katalon.core.webui.keyword.WebUiBuiltInKeywords.selectOptionByValue(WebUiBuiltInKeywords.groovy:1168)
	at com.kms.katalon.core.webui.keyword.WebUiBuiltInKeywords$selectOptionByValue$4.call(Unknown Source)
	at Script1642339684154.run(Script1642339684154.groovy:36)
	... 13 more
)
[[ATTACHMENT|C:\\Users\\Minh Duc\\Desktop\\Test-Automation-SE-Bonus\\Test Automation - SE Bonus\\Reports\\20220117_195631\\Run all test cases\\20220117_195631\\1642424295206.png]]]]></system-out>
         <system-err><![CDATA[2022-01-17 19:57:52 - [TEST_CASE][FAILED] - Test Cases/Admin Update Profile: Test Cases/Admin Update Profile FAILED.
Reason:
com.kms.katalon.core.exception.StepFailedException: Unable to select option by value 'VN' of object 'Object Repository/Page_Moodle Edit profile/select_Select a country.            Afghani_160506'  using regular expression
	at com.kms.katalon.core.webui.keyword.internal.WebUIKeywordMain.stepFailed(WebUIKeywordMain.groovy:64)
	at com.kms.katalon.core.webui.keyword.internal.WebUIKeywordMain.runKeyword(WebUIKeywordMain.groovy:26)
	at com.kms.katalon.core.webui.keyword.builtin.SelectOptionByValueKeyword.selectOptionByValue(SelectOptionByValueKeyword.groovy:99)
	at com.kms.katalon.core.webui.keyword.builtin.SelectOptionByValueKeyword.execute(SelectOptionByValueKeyword.groovy:71)
	at com.kms.katalon.core.keyword.internal.KeywordExecutor.executeKeywordForPlatform(KeywordExecutor.groovy:74)
	at com.kms.katalon.core.webui.keyword.WebUiBuiltInKeywords.selectOptionByValue(WebUiBuiltInKeywords.groovy:1168)
	at com.kms.katalon.core.webui.keyword.WebUiBuiltInKeywords$selectOptionByValue$4.call(Unknown Source)
	at Admin Update Profile.run(Admin Update Profile:36)
	at com.kms.katalon.core.main.ScriptEngine.run(ScriptEngine.java:194)
	at com.kms.katalon.core.main.ScriptEngine.runScriptAsRawText(ScriptEngine.java:119)
	at com.kms.katalon.core.main.TestCaseExecutor.runScript(TestCaseExecutor.java:442)
	at com.kms.katalon.core.main.TestCaseExecutor.doExecute(TestCaseExecutor.java:433)
	at com.kms.katalon.core.main.TestCaseExecutor.processExecutionPhase(TestCaseExecutor.java:412)
	at com.kms.katalon.core.main.TestCaseExecutor.accessMainPhase(TestCaseExecutor.java:404)
	at com.kms.katalon.core.main.TestCaseExecutor.execute(TestCaseExecutor.java:281)
	at com.kms.katalon.core.main.TestSuiteExecutor.accessTestCaseMainPhase(TestSuiteExecutor.java:202)
	at com.kms.katalon.core.main.TestSuiteExecutor.accessTestSuiteMainPhase(TestSuiteExecutor.java:164)
	at com.kms.katalon.core.main.TestSuiteExecutor.execute(TestSuiteExecutor.java:105)
	at com.kms.katalon.core.main.TestCaseMain.startTestSuite(TestCaseMain.java:181)
	at com.kms.katalon.core.main.TestCaseMain$startTestSuite$0.call(Unknown Source)
	at TempTestSuite1642424191868.run(TempTestSuite1642424191868.groovy:36)
Caused by: org.openqa.selenium.UnhandledAlertException: unexpected alert open: {Alert text : }
  (Session info: chrome=97.0.4692.71): {Alert text : 
Build info: version: '3.141.59', revision: 'e82be7d358', time: '2018-11-14T08:25:53'
System info: host: 'MINHDUC', ip: '192.168.3.10', os.name: 'Windows 10', os.arch: 'amd64', os.version: '10.0', java.version: '1.8.0_282'
Driver info: com.kms.katalon.selenium.driver.CChromeDriver
Capabilities {acceptInsecureCerts: false, browserName: chrome, browserVersion: 97.0.4692.71, chrome: {chromedriverVersion: 97.0.4692.71 (adefa7837d02a..., userDataDir: C:\Users\MINHDU~1\AppData\L...}, goog:chromeOptions: {debuggerAddress: localhost:56773}, javascriptEnabled: true, networkConnectionEnabled: false, pageLoadStrategy: normal, platform: WINDOWS, platformName: WINDOWS, proxy: Proxy(), setWindowRect: true, strictFileInteractability: false, timeouts: {implicit: 0, pageLoad: 300000, script: 30000}, unhandledPromptBehavior: dismiss and notify, webauthn:extension:credBlob: true, webauthn:extension:largeBlob: true, webauthn:virtualAuthenticators: true}
Session ID: 6c61fea8380252cff3afd282b30018b7
	at org.openqa.selenium.remote.http.W3CHttpResponseCodec.decode(W3CHttpResponseCodec.java:120)
	at org.openqa.selenium.remote.http.W3CHttpResponseCodec.decode(W3CHttpResponseCodec.java:49)
	at org.openqa.selenium.remote.HttpCommandExecutor.execute(HttpCommandExecutor.java:158)
	at org.openqa.selenium.remote.service.DriverCommandExecutor.execute(DriverCommandExecutor.java:83)
	at org.openqa.selenium.remote.RemoteWebDriver.execute(RemoteWebDriver.java:552)
	at com.kms.katalon.selenium.driver.CChromeDriver.execute(CChromeDriver.java:19)
	at org.openqa.selenium.remote.RemoteWebElement.execute(RemoteWebElement.java:285)
	at org.openqa.selenium.remote.RemoteWebElement.getAttribute(RemoteWebElement.java:134)
	at org.openqa.selenium.support.events.EventFiringWebDriver$EventFiringWebElement.lambda$new$0(EventFiringWebDriver.java:404)
	at com.sun.proxy.$Proxy11.getAttribute(Unknown Source)
	at org.openqa.selenium.support.events.EventFiringWebDriver$EventFiringWebElement.getAttribute(EventFiringWebDriver.java:447)
	at org.openqa.selenium.support.ui.Select.setSelectedByIndex(Select.java:292)
	at org.openqa.selenium.support.ui.Select.selectByIndex(Select.java:172)
	at com.kms.katalon.core.webui.common.WebUiCommonHelper.selectOrDeselectOptionsByValueByRegularExpression(WebUiCommonHelper.java:284)
	at com.kms.katalon.core.webui.common.WebUiCommonHelper.selectOrDeselectOptionsByValue(WebUiCommonHelper.java:263)
	at com.kms.katalon.core.webui.keyword.builtin.SelectOptionByValueKeyword$_selectOptionByValue_closure1.doCall(SelectOptionByValueKeyword.groovy:88)
	at com.kms.katalon.core.webui.keyword.builtin.SelectOptionByValueKeyword$_selectOptionByValue_closure1.call(SelectOptionByValueKeyword.groovy)
	at com.kms.katalon.core.webui.keyword.internal.WebUIKeywordMain.runKeyword(WebUIKeywordMain.groovy:20)
	... 19 more]]></system-err>
      </testcase>
      <testcase name="Test Cases/Admin Create New Category" time="15.071" classname="Test Cases/Admin Create New Category" status="PASSED">
         <system-out><![CDATA[2022-01-17 19:58:15 - [TEST_CASE][PASSED] - Test Cases/Admin Create New Category: Test Cases/Admin Create New Category

2022-01-17 19:58:15 - [TEST_STEP][PASSED] - callTestCase(findTestCase("Admin Login"), [:], STOP_ON_FAILURE): Call Test Case 'Test Cases/Admin Login' successfully

2022-01-17 19:58:15 - [TEST_CASE][PASSED] - Test Cases/Admin Login: Test Cases/Admin Login

2022-01-17 19:58:15 - [TEST_STEP][PASSED] - openBrowser(""): Browser is opened with url: ''

2022-01-17 19:58:15 - [MESSAGE][WARNING] - A browser is already opened. Closing browser and opening a new one

2022-01-17 19:58:16 - [MESSAGE][INFO] - Starting 'Chrome' driver

2022-01-17 19:58:16 - [MESSAGE][INFO] - Action delay is set to 0 milliseconds

2022-01-17 19:58:17 - [MESSAGE][PASSED] - Browser is opened with url: ''

2022-01-17 19:58:17 - [TEST_STEP][PASSED] - navigateToUrl("http://localhost/moodle/login/index.php"): Navigate to 'http://localhost/moodle/login/index.php' successfully

2022-01-17 19:58:18 - [MESSAGE][PASSED] - Navigate to 'http://localhost/moodle/login/index.php' successfully

2022-01-17 19:58:18 - [TEST_STEP][PASSED] - setText(findTestObject("Object Repository/Page_Moodle Log in to the site/input_Username_username"), "admin"): Text 'admin' is set on object 'Object Repository/Page_Moodle Log in to the site/input_Username_username'

2022-01-17 19:58:19 - [MESSAGE][PASSED] - Text 'admin' is set on object 'Object Repository/Page_Moodle Log in to the site/input_Username_username'

2022-01-17 19:58:19 - [TEST_STEP][PASSED] - setEncryptedText(findTestObject("Object Repository/Page_Moodle Log in to the site/input_Password_password"), "8JanWqnBZBo6yBKKrpSnpw=="): Text ****** has been set on object 'Object Repository/Page_Moodle Log in to the site/input_Password_password'

2022-01-17 19:58:19 - [MESSAGE][PASSED] - Text ****** has been set on object 'Object Repository/Page_Moodle Log in to the site/input_Password_password'

2022-01-17 19:58:19 - [TEST_STEP][PASSED] - click(findTestObject("Object Repository/Page_Moodle Log in to the site/button_Log in")): Object: 'Object Repository/Page_Moodle Log in to the site/button_Log in' is clicked on

2022-01-17 19:58:21 - [MESSAGE][PASSED] - Object: 'Object Repository/Page_Moodle Log in to the site/button_Log in' is clicked on

2022-01-17 19:58:21 - [MESSAGE][PASSED] - Call Test Case 'Test Cases/Admin Login' successfully

2022-01-17 19:58:21 - [TEST_STEP][PASSED] - click(findTestObject("Object Repository/Page_Dashboard/span_Site administration (2)")): Object: 'Object Repository/Page_Dashboard/span_Site administration (2)' is clicked on

2022-01-17 19:58:24 - [MESSAGE][PASSED] - Object: 'Object Repository/Page_Dashboard/span_Site administration (2)' is clicked on

2022-01-17 19:58:24 - [TEST_STEP][PASSED] - click(findTestObject("Object Repository/Page_Moodle Administration Search/a_Courses")): Object: 'Object Repository/Page_Moodle Administration Search/a_Courses' is clicked on

2022-01-17 19:58:25 - [MESSAGE][PASSED] - Object: 'Object Repository/Page_Moodle Administration Search/a_Courses' is clicked on

2022-01-17 19:58:25 - [TEST_STEP][PASSED] - click(findTestObject("Object Repository/Page_Moodle Administration Search/a_Add a category")): Object: 'Object Repository/Page_Moodle Administration Search/a_Add a category' is clicked on

2022-01-17 19:58:26 - [MESSAGE][PASSED] - Object: 'Object Repository/Page_Moodle Administration Search/a_Add a category' is clicked on

2022-01-17 19:58:26 - [TEST_STEP][PASSED] - setText(findTestObject("Object Repository/Page_Moodle Add new category/input_Category name_name"), "New Category"): Text 'New Category' is set on object 'Object Repository/Page_Moodle Add new category/input_Category name_name'

2022-01-17 19:58:28 - [MESSAGE][PASSED] - Text 'New Category' is set on object 'Object Repository/Page_Moodle Add new category/input_Category name_name'

2022-01-17 19:58:28 - [TEST_STEP][PASSED] - click(findTestObject("Object Repository/Page_Moodle Add new category/input_Description_submitbutton")): Object: 'Object Repository/Page_Moodle Add new category/input_Description_submitbutton' is clicked on

2022-01-17 19:58:30 - [MESSAGE][PASSED] - Object: 'Object Repository/Page_Moodle Add new category/input_Description_submitbutton' is clicked on]]></system-out>
         <system-err><![CDATA[]]></system-err>
      </testcase>
      <testcase name="Test Cases/Admin Add Child Category" time="19.109" classname="Test Cases/Admin Add Child Category" status="PASSED">
         <system-out><![CDATA[2022-01-17 19:58:30 - [TEST_CASE][PASSED] - Test Cases/Admin Add Child Category: Test Cases/Admin Add Child Category

2022-01-17 19:58:30 - [TEST_STEP][PASSED] - callTestCase(findTestCase("Admin Login"), [:], STOP_ON_FAILURE): Call Test Case 'Test Cases/Admin Login' successfully

2022-01-17 19:58:31 - [TEST_CASE][PASSED] - Test Cases/Admin Login: Test Cases/Admin Login

2022-01-17 19:58:31 - [TEST_STEP][PASSED] - openBrowser(""): Browser is opened with url: ''

2022-01-17 19:58:31 - [MESSAGE][WARNING] - A browser is already opened. Closing browser and opening a new one

2022-01-17 19:58:31 - [MESSAGE][INFO] - Starting 'Chrome' driver

2022-01-17 19:58:31 - [MESSAGE][INFO] - Action delay is set to 0 milliseconds

2022-01-17 19:58:32 - [MESSAGE][PASSED] - Browser is opened with url: ''

2022-01-17 19:58:32 - [TEST_STEP][PASSED] - navigateToUrl("http://localhost/moodle/login/index.php"): Navigate to 'http://localhost/moodle/login/index.php' successfully

2022-01-17 19:58:33 - [MESSAGE][PASSED] - Navigate to 'http://localhost/moodle/login/index.php' successfully

2022-01-17 19:58:33 - [TEST_STEP][PASSED] - setText(findTestObject("Object Repository/Page_Moodle Log in to the site/input_Username_username"), "admin"): Text 'admin' is set on object 'Object Repository/Page_Moodle Log in to the site/input_Username_username'

2022-01-17 19:58:34 - [MESSAGE][PASSED] - Text 'admin' is set on object 'Object Repository/Page_Moodle Log in to the site/input_Username_username'

2022-01-17 19:58:34 - [TEST_STEP][PASSED] - setEncryptedText(findTestObject("Object Repository/Page_Moodle Log in to the site/input_Password_password"), "8JanWqnBZBo6yBKKrpSnpw=="): Text ****** has been set on object 'Object Repository/Page_Moodle Log in to the site/input_Password_password'

2022-01-17 19:58:34 - [MESSAGE][PASSED] - Text ****** has been set on object 'Object Repository/Page_Moodle Log in to the site/input_Password_password'

2022-01-17 19:58:34 - [TEST_STEP][PASSED] - click(findTestObject("Object Repository/Page_Moodle Log in to the site/button_Log in")): Object: 'Object Repository/Page_Moodle Log in to the site/button_Log in' is clicked on

2022-01-17 19:58:36 - [MESSAGE][PASSED] - Object: 'Object Repository/Page_Moodle Log in to the site/button_Log in' is clicked on

2022-01-17 19:58:36 - [MESSAGE][PASSED] - Call Test Case 'Test Cases/Admin Login' successfully

2022-01-17 19:58:36 - [TEST_STEP][PASSED] - click(findTestObject("Page_Dashboard/span_Site administration")): Object: 'Object Repository/Page_Dashboard/span_Site administration' is clicked on

2022-01-17 19:58:39 - [MESSAGE][PASSED] - Object: 'Object Repository/Page_Dashboard/span_Site administration' is clicked on

2022-01-17 19:58:39 - [TEST_STEP][PASSED] - click(findTestObject("Object Repository/Page_Moodle Administration Search/a_Courses (1)")): Object: 'Object Repository/Page_Moodle Administration Search/a_Courses (1)' is clicked on

2022-01-17 19:58:40 - [MESSAGE][PASSED] - Object: 'Object Repository/Page_Moodle Administration Search/a_Courses (1)' is clicked on

2022-01-17 19:58:40 - [TEST_STEP][PASSED] - click(findTestObject("Object Repository/Page_Moodle Administration Search/a_Add a category (1)")): Object: 'Object Repository/Page_Moodle Administration Search/a_Add a category (1)' is clicked on

2022-01-17 19:58:42 - [MESSAGE][PASSED] - Object: 'Object Repository/Page_Moodle Administration Search/a_Add a category (1)' is clicked on

2022-01-17 19:58:42 - [TEST_STEP][PASSED] - click(findTestObject("Object Repository/Page_Moodle Add new category/span_")): Object: 'Object Repository/Page_Moodle Add new category/span_' is clicked on

2022-01-17 19:58:43 - [MESSAGE][PASSED] - Object: 'Object Repository/Page_Moodle Add new category/span_' is clicked on

2022-01-17 19:58:43 - [TEST_STEP][PASSED] - click(findTestObject("Object Repository/Page_Moodle Add new category/li_New Category")): Object: 'Object Repository/Page_Moodle Add new category/li_New Category' is clicked on

2022-01-17 19:58:43 - [MESSAGE][PASSED] - Object: 'Object Repository/Page_Moodle Add new category/li_New Category' is clicked on

2022-01-17 19:58:43 - [TEST_STEP][PASSED] - selectOptionByValue(findTestObject("Object Repository/Page_Moodle Add new category/select_Top            Miscellaneous        _183c6c"), "2", true): All options with value '2' are selected in object 'Object Repository/Page_Moodle Add new category/select_Top            Miscellaneous        _183c6c'  using regular expression

2022-01-17 19:58:45 - [MESSAGE][PASSED] - All options with value '2' are selected in object 'Object Repository/Page_Moodle Add new category/select_Top            Miscellaneous        _183c6c'  using regular expression

2022-01-17 19:58:45 - [TEST_STEP][PASSED] - setText(findTestObject("Object Repository/Page_Moodle Add new category/input_Category name_name (1)"), "Child Category"): Text 'Child Category' is set on object 'Object Repository/Page_Moodle Add new category/input_Category name_name (1)'

2022-01-17 19:58:46 - [MESSAGE][PASSED] - Text 'Child Category' is set on object 'Object Repository/Page_Moodle Add new category/input_Category name_name (1)'

2022-01-17 19:58:46 - [TEST_STEP][PASSED] - click(findTestObject("Object Repository/Page_Moodle Add new category/input_Description_submitbutton (1)")): Object: 'Object Repository/Page_Moodle Add new category/input_Description_submitbutton (1)' is clicked on

2022-01-17 19:58:49 - [MESSAGE][PASSED] - Object: 'Object Repository/Page_Moodle Add new category/input_Description_submitbutton (1)' is clicked on]]></system-out>
         <system-err><![CDATA[]]></system-err>
      </testcase>
      <testcase name="Test Cases/Admin Add New Course" time="16.874" classname="Test Cases/Admin Add New Course" status="PASSED">
         <system-out><![CDATA[2022-01-17 19:58:49 - [TEST_CASE][PASSED] - Test Cases/Admin Add New Course: Test Cases/Admin Add New Course

2022-01-17 19:58:50 - [TEST_STEP][PASSED] - callTestCase(findTestCase("Admin Login"), [:], STOP_ON_FAILURE): Call Test Case 'Test Cases/Admin Login' successfully

2022-01-17 19:58:50 - [TEST_CASE][PASSED] - Test Cases/Admin Login: Test Cases/Admin Login

2022-01-17 19:58:50 - [TEST_STEP][PASSED] - openBrowser(""): Browser is opened with url: ''

2022-01-17 19:58:50 - [MESSAGE][WARNING] - A browser is already opened. Closing browser and opening a new one

2022-01-17 19:58:50 - [MESSAGE][INFO] - Starting 'Chrome' driver

2022-01-17 19:58:50 - [MESSAGE][INFO] - Action delay is set to 0 milliseconds

2022-01-17 19:58:52 - [MESSAGE][PASSED] - Browser is opened with url: ''

2022-01-17 19:58:52 - [TEST_STEP][PASSED] - navigateToUrl("http://localhost/moodle/login/index.php"): Navigate to 'http://localhost/moodle/login/index.php' successfully

2022-01-17 19:58:52 - [MESSAGE][PASSED] - Navigate to 'http://localhost/moodle/login/index.php' successfully

2022-01-17 19:58:52 - [TEST_STEP][PASSED] - setText(findTestObject("Object Repository/Page_Moodle Log in to the site/input_Username_username"), "admin"): Text 'admin' is set on object 'Object Repository/Page_Moodle Log in to the site/input_Username_username'

2022-01-17 19:58:53 - [MESSAGE][PASSED] - Text 'admin' is set on object 'Object Repository/Page_Moodle Log in to the site/input_Username_username'

2022-01-17 19:58:53 - [TEST_STEP][PASSED] - setEncryptedText(findTestObject("Object Repository/Page_Moodle Log in to the site/input_Password_password"), "8JanWqnBZBo6yBKKrpSnpw=="): Text ****** has been set on object 'Object Repository/Page_Moodle Log in to the site/input_Password_password'

2022-01-17 19:58:54 - [MESSAGE][PASSED] - Text ****** has been set on object 'Object Repository/Page_Moodle Log in to the site/input_Password_password'

2022-01-17 19:58:54 - [TEST_STEP][PASSED] - click(findTestObject("Object Repository/Page_Moodle Log in to the site/button_Log in")): Object: 'Object Repository/Page_Moodle Log in to the site/button_Log in' is clicked on

2022-01-17 19:58:56 - [MESSAGE][PASSED] - Object: 'Object Repository/Page_Moodle Log in to the site/button_Log in' is clicked on

2022-01-17 19:58:56 - [MESSAGE][PASSED] - Call Test Case 'Test Cases/Admin Login' successfully

2022-01-17 19:58:56 - [TEST_STEP][PASSED] - click(findTestObject("Page_Dashboard/span_Site administration")): Object: 'Object Repository/Page_Dashboard/span_Site administration' is clicked on

2022-01-17 19:58:59 - [MESSAGE][PASSED] - Object: 'Object Repository/Page_Dashboard/span_Site administration' is clicked on

2022-01-17 19:58:59 - [TEST_STEP][PASSED] - click(findTestObject("Object Repository/Page_Moodle Administration Search/a_Courses (2)")): Object: 'Object Repository/Page_Moodle Administration Search/a_Courses (2)' is clicked on

2022-01-17 19:58:59 - [MESSAGE][PASSED] - Object: 'Object Repository/Page_Moodle Administration Search/a_Courses (2)' is clicked on

2022-01-17 19:58:59 - [TEST_STEP][PASSED] - click(findTestObject("Object Repository/Page_Moodle Administration Search/a_Add a new course")): Object: 'Object Repository/Page_Moodle Administration Search/a_Add a new course' is clicked on

2022-01-17 19:59:01 - [MESSAGE][PASSED] - Object: 'Object Repository/Page_Moodle Administration Search/a_Add a new course' is clicked on

2022-01-17 19:59:01 - [TEST_STEP][PASSED] - setText(findTestObject("Object Repository/Page_Moodle Add a new course/input_Course full name_fullname (1)"), "New Course"): Text 'New Course' is set on object 'Object Repository/Page_Moodle Add a new course/input_Course full name_fullname (1)'

2022-01-17 19:59:03 - [MESSAGE][PASSED] - Text 'New Course' is set on object 'Object Repository/Page_Moodle Add a new course/input_Course full name_fullname (1)'

2022-01-17 19:59:03 - [TEST_STEP][PASSED] - setText(findTestObject("Object Repository/Page_Moodle Add a new course/input_Course short name_shortname (1)"), "New Course"): Text 'New Course' is set on object 'Object Repository/Page_Moodle Add a new course/input_Course short name_shortname (1)'

2022-01-17 19:59:04 - [MESSAGE][PASSED] - Text 'New Course' is set on object 'Object Repository/Page_Moodle Add a new course/input_Course short name_shortname (1)'

2022-01-17 19:59:04 - [TEST_STEP][PASSED] - click(findTestObject("Object Repository/Page_Moodle Add a new course/input__saveanddisplay")): Object: 'Object Repository/Page_Moodle Add a new course/input__saveanddisplay' is clicked on

2022-01-17 19:59:06 - [MESSAGE][PASSED] - Object: 'Object Repository/Page_Moodle Add a new course/input__saveanddisplay' is clicked on]]></system-out>
         <system-err><![CDATA[]]></system-err>
      </testcase>
      <testcase name="Test Cases/Admin_Switch_Role" time="4.718" classname="Test Cases/Admin_Switch_Role" status="PASSED">
         <system-out><![CDATA[2022-01-17 19:59:06 - [TEST_CASE][PASSED] - Test Cases/Admin_Switch_Role: Test Cases/Admin_Switch_Role

2022-01-17 19:59:07 - [TEST_STEP][PASSED] - click(findTestObject("Page_Moodle Add an announcement/Page_Dashboard/a_Admin User")): Object: 'Object Repository/Page_Moodle Add an announcement/Page_Dashboard/a_Admin User' is clicked on

2022-01-17 19:59:07 - [MESSAGE][PASSED] - Object: 'Object Repository/Page_Moodle Add an announcement/Page_Dashboard/a_Admin User' is clicked on

2022-01-17 19:59:07 - [TEST_STEP][PASSED] - click(findTestObject("Page_Moodle Add an announcement/Page_Dashboard/span_Switch role to")): Object: 'Object Repository/Page_Moodle Add an announcement/Page_Dashboard/span_Switch role to' is clicked on

2022-01-17 19:59:08 - [MESSAGE][PASSED] - Object: 'Object Repository/Page_Moodle Add an announcement/Page_Dashboard/span_Switch role to' is clicked on

2022-01-17 19:59:08 - [TEST_STEP][PASSED] - click(findTestObject("Page_Moodle Add an announcement/Page_Switch role to/button_Teacher")): Object: 'Object Repository/Page_Moodle Add an announcement/Page_Switch role to/button_Teacher' is clicked on

2022-01-17 19:59:11 - [MESSAGE][PASSED] - Object: 'Object Repository/Page_Moodle Add an announcement/Page_Switch role to/button_Teacher' is clicked on]]></system-out>
         <system-err><![CDATA[]]></system-err>
      </testcase>
      <testcase name="Test Cases/Teacher_Add_NewAnnouncement" time="18.798" classname="Test Cases/Teacher_Add_NewAnnouncement" status="PASSED">
         <system-out><![CDATA[2022-01-17 19:59:11 - [TEST_CASE][PASSED] - Test Cases/Teacher_Add_NewAnnouncement: Test Cases/Teacher_Add_NewAnnouncement

2022-01-17 19:59:11 - [TEST_STEP][PASSED] - callTestCase(findTestCase("Teacher Login"), [:], STOP_ON_FAILURE): Call Test Case 'Test Cases/Teacher Login' successfully

2022-01-17 19:59:11 - [TEST_CASE][PASSED] - Test Cases/Teacher Login: Test Cases/Teacher Login

2022-01-17 19:59:12 - [TEST_STEP][PASSED] - openBrowser(""): Browser is opened with url: ''

2022-01-17 19:59:12 - [MESSAGE][WARNING] - A browser is already opened. Closing browser and opening a new one

2022-01-17 19:59:12 - [MESSAGE][INFO] - Starting 'Chrome' driver

2022-01-17 19:59:12 - [MESSAGE][INFO] - Action delay is set to 0 milliseconds

2022-01-17 19:59:14 - [MESSAGE][PASSED] - Browser is opened with url: ''

2022-01-17 19:59:14 - [TEST_STEP][PASSED] - navigateToUrl("http://localhost/moodle/login/index.php"): Navigate to 'http://localhost/moodle/login/index.php' successfully

2022-01-17 19:59:14 - [MESSAGE][PASSED] - Navigate to 'http://localhost/moodle/login/index.php' successfully

2022-01-17 19:59:14 - [TEST_STEP][PASSED] - setText(findTestObject("Object Repository/Page_Moodle Log in to the site/input_Username_username"), "admin"): Text 'admin' is set on object 'Object Repository/Page_Moodle Log in to the site/input_Username_username'

2022-01-17 19:59:15 - [MESSAGE][PASSED] - Text 'admin' is set on object 'Object Repository/Page_Moodle Log in to the site/input_Username_username'

2022-01-17 19:59:15 - [TEST_STEP][PASSED] - setEncryptedText(findTestObject("Object Repository/Page_Moodle Log in to the site/input_Password_password"), "8JanWqnBZBo6yBKKrpSnpw=="): Text ****** has been set on object 'Object Repository/Page_Moodle Log in to the site/input_Password_password'

2022-01-17 19:59:16 - [MESSAGE][PASSED] - Text ****** has been set on object 'Object Repository/Page_Moodle Log in to the site/input_Password_password'

2022-01-17 19:59:16 - [TEST_STEP][PASSED] - click(findTestObject("Object Repository/Page_Moodle Log in to the site/button_Log in")): Object: 'Object Repository/Page_Moodle Log in to the site/button_Log in' is clicked on

2022-01-17 19:59:18 - [MESSAGE][PASSED] - Object: 'Object Repository/Page_Moodle Log in to the site/button_Log in' is clicked on

2022-01-17 19:59:18 - [MESSAGE][PASSED] - Call Test Case 'Test Cases/Teacher Login' successfully

2022-01-17 19:59:18 - [TEST_STEP][PASSED] - click(findTestObject("Object Repository/Page_Dashboard/span_Site home (22)")): Object: 'Object Repository/Page_Dashboard/span_Site home (22)' is clicked on

2022-01-17 19:59:20 - [MESSAGE][PASSED] - Object: 'Object Repository/Page_Dashboard/span_Site home (22)' is clicked on

2022-01-17 19:59:20 - [TEST_STEP][PASSED] - click(findTestObject("Object Repository/Page_Moodle/a_New Course Edited (21)")): Object: 'Object Repository/Page_Moodle/a_New Course Edited (21)' is clicked on

2022-01-17 19:59:22 - [MESSAGE][PASSED] - Object: 'Object Repository/Page_Moodle/a_New Course Edited (21)' is clicked on

2022-01-17 19:59:22 - [TEST_STEP][PASSED] - click(findTestObject("Object Repository/Page_Course New Course Edited/span_Announcements Forum")): Object: 'Object Repository/Page_Course New Course Edited/span_Announcements Forum' is clicked on

2022-01-17 19:59:24 - [MESSAGE][PASSED] - Object: 'Object Repository/Page_Course New Course Edited/span_Announcements Forum' is clicked on

2022-01-17 19:59:24 - [TEST_STEP][PASSED] - click(findTestObject("Object Repository/Page_Announcements/a_Add a new topic")): Object: 'Object Repository/Page_Announcements/a_Add a new topic' is clicked on

2022-01-17 19:59:25 - [MESSAGE][PASSED] - Object: 'Object Repository/Page_Announcements/a_Add a new topic' is clicked on

2022-01-17 19:59:25 - [TEST_STEP][PASSED] - setText(findTestObject("Object Repository/Page_Announcements/input_Subject_subject"), "New Topic"): Text 'New Topic' is set on object 'Object Repository/Page_Announcements/input_Subject_subject'

2022-01-17 19:59:26 - [MESSAGE][PASSED] - Text 'New Topic' is set on object 'Object Repository/Page_Announcements/input_Subject_subject'

2022-01-17 19:59:26 - [TEST_STEP][PASSED] - setText(findTestObject("Object Repository/Page_Announcements/div_New Topic"), "<p dir="ltr" style="text-align: left;">New Topic</p>"): Text '<p dir="ltr" style="text-align: left;">New Topic</p>' is set on object 'Object Repository/Page_Announcements/div_New Topic'

2022-01-17 19:59:27 - [MESSAGE][PASSED] - Text '<p dir="ltr" style="text-align: left;">New Topic</p>' is set on object 'Object Repository/Page_Announcements/div_New Topic'

2022-01-17 19:59:27 - [TEST_STEP][PASSED] - click(findTestObject("Object Repository/Page_Announcements/input_Message_submitbutton")): Object: 'Object Repository/Page_Announcements/input_Message_submitbutton' is clicked on

2022-01-17 19:59:30 - [MESSAGE][PASSED] - Object: 'Object Repository/Page_Announcements/input_Message_submitbutton' is clicked on]]></system-out>
         <system-err><![CDATA[]]></system-err>
      </testcase>
      <testcase name="Test Cases/Admin Edit Courses Name" time="16.481" classname="Test Cases/Admin Edit Courses Name" status="PASSED">
         <system-out><![CDATA[2022-01-17 19:59:30 - [TEST_CASE][PASSED] - Test Cases/Admin Edit Courses Name: Test Cases/Admin Edit Courses Name

2022-01-17 19:59:30 - [TEST_STEP][PASSED] - callTestCase(findTestCase("Admin Login"), [:], STOP_ON_FAILURE): Call Test Case 'Test Cases/Admin Login' successfully

2022-01-17 19:59:30 - [TEST_CASE][PASSED] - Test Cases/Admin Login: Test Cases/Admin Login

2022-01-17 19:59:30 - [TEST_STEP][PASSED] - openBrowser(""): Browser is opened with url: ''

2022-01-17 19:59:30 - [MESSAGE][WARNING] - A browser is already opened. Closing browser and opening a new one

2022-01-17 19:59:31 - [MESSAGE][INFO] - Starting 'Chrome' driver

2022-01-17 19:59:31 - [MESSAGE][INFO] - Action delay is set to 0 milliseconds

2022-01-17 19:59:32 - [MESSAGE][PASSED] - Browser is opened with url: ''

2022-01-17 19:59:32 - [TEST_STEP][PASSED] - navigateToUrl("http://localhost/moodle/login/index.php"): Navigate to 'http://localhost/moodle/login/index.php' successfully

2022-01-17 19:59:33 - [MESSAGE][PASSED] - Navigate to 'http://localhost/moodle/login/index.php' successfully

2022-01-17 19:59:33 - [TEST_STEP][PASSED] - setText(findTestObject("Object Repository/Page_Moodle Log in to the site/input_Username_username"), "admin"): Text 'admin' is set on object 'Object Repository/Page_Moodle Log in to the site/input_Username_username'

2022-01-17 19:59:34 - [MESSAGE][PASSED] - Text 'admin' is set on object 'Object Repository/Page_Moodle Log in to the site/input_Username_username'

2022-01-17 19:59:34 - [TEST_STEP][PASSED] - setEncryptedText(findTestObject("Object Repository/Page_Moodle Log in to the site/input_Password_password"), "8JanWqnBZBo6yBKKrpSnpw=="): Text ****** has been set on object 'Object Repository/Page_Moodle Log in to the site/input_Password_password'

2022-01-17 19:59:34 - [MESSAGE][PASSED] - Text ****** has been set on object 'Object Repository/Page_Moodle Log in to the site/input_Password_password'

2022-01-17 19:59:34 - [TEST_STEP][PASSED] - click(findTestObject("Object Repository/Page_Moodle Log in to the site/button_Log in")): Object: 'Object Repository/Page_Moodle Log in to the site/button_Log in' is clicked on

2022-01-17 19:59:36 - [MESSAGE][PASSED] - Object: 'Object Repository/Page_Moodle Log in to the site/button_Log in' is clicked on

2022-01-17 19:59:36 - [MESSAGE][PASSED] - Call Test Case 'Test Cases/Admin Login' successfully

2022-01-17 19:59:36 - [TEST_STEP][PASSED] - click(findTestObject("Object Repository/Page_Dashboard/span_Site home (1)")): Object: 'Object Repository/Page_Dashboard/span_Site home (1)' is clicked on

2022-01-17 19:59:39 - [MESSAGE][PASSED] - Object: 'Object Repository/Page_Dashboard/span_Site home (1)' is clicked on

2022-01-17 19:59:39 - [TEST_STEP][PASSED] - click(findTestObject("Object Repository/Page_Moodle/a_New Course")): Object: 'Object Repository/Page_Moodle/a_New Course' is clicked on

2022-01-17 19:59:40 - [MESSAGE][PASSED] - Object: 'Object Repository/Page_Moodle/a_New Course' is clicked on

2022-01-17 19:59:40 - [TEST_STEP][PASSED] - click(findTestObject("Object Repository/Page_Course New Course/i_New Course_icon fa fa-cog fa-fw")): Object: 'Object Repository/Page_Course New Course/i_New Course_icon fa fa-cog fa-fw' is clicked on

2022-01-17 19:59:41 - [MESSAGE][PASSED] - Object: 'Object Repository/Page_Course New Course/i_New Course_icon fa fa-cog fa-fw' is clicked on

2022-01-17 19:59:41 - [TEST_STEP][PASSED] - click(findTestObject("Object Repository/Page_Course New Course/a_Edit settings")): Object: 'Object Repository/Page_Course New Course/a_Edit settings' is clicked on

2022-01-17 19:59:43 - [MESSAGE][PASSED] - Object: 'Object Repository/Page_Course New Course/a_Edit settings' is clicked on

2022-01-17 19:59:43 - [TEST_STEP][PASSED] - setText(findTestObject("Object Repository/Page_Edit course settings/input_Course full name_fullname"), "New Course Edited"): Text 'New Course Edited' is set on object 'Object Repository/Page_Edit course settings/input_Course full name_fullname'

2022-01-17 19:59:44 - [MESSAGE][PASSED] - Text 'New Course Edited' is set on object 'Object Repository/Page_Edit course settings/input_Course full name_fullname'

2022-01-17 19:59:44 - [TEST_STEP][PASSED] - click(findTestObject("Object Repository/Page_Edit course settings/input__saveanddisplay")): Object: 'Object Repository/Page_Edit course settings/input__saveanddisplay' is clicked on

2022-01-17 19:59:46 - [MESSAGE][PASSED] - Object: 'Object Repository/Page_Edit course settings/input__saveanddisplay' is clicked on]]></system-out>
         <system-err><![CDATA[]]></system-err>
      </testcase>
      <testcase name="Test Cases/Admin Assign Manager" time="16.468" classname="Test Cases/Admin Assign Manager" status="PASSED">
         <system-out><![CDATA[2022-01-17 19:59:46 - [TEST_CASE][PASSED] - Test Cases/Admin Assign Manager: Test Cases/Admin Assign Manager

2022-01-17 19:59:46 - [TEST_STEP][PASSED] - callTestCase(findTestCase("Admin Login"), [:], STOP_ON_FAILURE): Call Test Case 'Test Cases/Admin Login' successfully

2022-01-17 19:59:46 - [TEST_CASE][PASSED] - Test Cases/Admin Login: Test Cases/Admin Login

2022-01-17 19:59:46 - [TEST_STEP][PASSED] - openBrowser(""): Browser is opened with url: ''

2022-01-17 19:59:46 - [MESSAGE][WARNING] - A browser is already opened. Closing browser and opening a new one

2022-01-17 19:59:47 - [MESSAGE][INFO] - Starting 'Chrome' driver

2022-01-17 19:59:47 - [MESSAGE][INFO] - Action delay is set to 0 milliseconds

2022-01-17 19:59:48 - [MESSAGE][PASSED] - Browser is opened with url: ''

2022-01-17 19:59:48 - [TEST_STEP][PASSED] - navigateToUrl("http://localhost/moodle/login/index.php"): Navigate to 'http://localhost/moodle/login/index.php' successfully

2022-01-17 19:59:49 - [MESSAGE][PASSED] - Navigate to 'http://localhost/moodle/login/index.php' successfully

2022-01-17 19:59:49 - [TEST_STEP][PASSED] - setText(findTestObject("Object Repository/Page_Moodle Log in to the site/input_Username_username"), "admin"): Text 'admin' is set on object 'Object Repository/Page_Moodle Log in to the site/input_Username_username'

2022-01-17 19:59:50 - [MESSAGE][PASSED] - Text 'admin' is set on object 'Object Repository/Page_Moodle Log in to the site/input_Username_username'

2022-01-17 19:59:50 - [TEST_STEP][PASSED] - setEncryptedText(findTestObject("Object Repository/Page_Moodle Log in to the site/input_Password_password"), "8JanWqnBZBo6yBKKrpSnpw=="): Text ****** has been set on object 'Object Repository/Page_Moodle Log in to the site/input_Password_password'

2022-01-17 19:59:50 - [MESSAGE][PASSED] - Text ****** has been set on object 'Object Repository/Page_Moodle Log in to the site/input_Password_password'

2022-01-17 19:59:50 - [TEST_STEP][PASSED] - click(findTestObject("Object Repository/Page_Moodle Log in to the site/button_Log in")): Object: 'Object Repository/Page_Moodle Log in to the site/button_Log in' is clicked on

2022-01-17 19:59:52 - [MESSAGE][PASSED] - Object: 'Object Repository/Page_Moodle Log in to the site/button_Log in' is clicked on

2022-01-17 19:59:52 - [MESSAGE][PASSED] - Call Test Case 'Test Cases/Admin Login' successfully

2022-01-17 19:59:52 - [TEST_STEP][PASSED] - click(findTestObject("Object Repository/Page_Dashboard/span_Site administration (8)")): Object: 'Object Repository/Page_Dashboard/span_Site administration (8)' is clicked on

2022-01-17 19:59:55 - [MESSAGE][PASSED] - Object: 'Object Repository/Page_Dashboard/span_Site administration (8)' is clicked on

2022-01-17 19:59:55 - [TEST_STEP][PASSED] - click(findTestObject("Page_Moodle Administration Search/a_Users (6)")): Object: 'Object Repository/Page_Moodle Administration Search/a_Users (6)' is clicked on

2022-01-17 19:59:56 - [MESSAGE][PASSED] - Object: 'Object Repository/Page_Moodle Administration Search/a_Users (6)' is clicked on

2022-01-17 19:59:56 - [TEST_STEP][PASSED] - click(findTestObject("Object Repository/Page_Moodle Administration Search/a_Assign system roles")): Object: 'Object Repository/Page_Moodle Administration Search/a_Assign system roles' is clicked on

2022-01-17 19:59:57 - [MESSAGE][PASSED] - Object: 'Object Repository/Page_Moodle Administration Search/a_Assign system roles' is clicked on

2022-01-17 19:59:57 - [TEST_STEP][PASSED] - click(findTestObject("Object Repository/Page_Moodle Administration Users Permission_6fdc16/a_Manager")): Object: 'Object Repository/Page_Moodle Administration Users Permission_6fdc16/a_Manager' is clicked on

2022-01-17 19:59:58 - [MESSAGE][PASSED] - Object: 'Object Repository/Page_Moodle Administration Users Permission_6fdc16/a_Manager' is clicked on

2022-01-17 19:59:58 - [TEST_STEP][PASSED] - selectOptionByValue(findTestObject("Object Repository/Page_Moodle Administration Users Permission_6fdc16/select_c H (hongocminhducgmail.com)    c H _8cfc97"), "2", true): All options with value '2' are selected in object 'Object Repository/Page_Moodle Administration Users Permission_6fdc16/select_c H (hongocminhducgmail.com)    c H _8cfc97'  using regular expression

2022-01-17 19:59:59 - [MESSAGE][PASSED] - All options with value '2' are selected in object 'Object Repository/Page_Moodle Administration Users Permission_6fdc16/select_c H (hongocminhducgmail.com)    c H _8cfc97'  using regular expression

2022-01-17 19:59:59 - [TEST_STEP][PASSED] - click(findTestObject("Object Repository/Page_Moodle Administration Users Permission_6fdc16/input_Match the search text anywhere in the_89f7b5")): Object: 'Object Repository/Page_Moodle Administration Users Permission_6fdc16/input_Match the search text anywhere in the_89f7b5' is clicked on

2022-01-17 20:00:01 - [MESSAGE][PASSED] - Object: 'Object Repository/Page_Moodle Administration Users Permission_6fdc16/input_Match the search text anywhere in the_89f7b5' is clicked on

2022-01-17 20:00:01 - [TEST_STEP][PASSED] - click(findTestObject("Object Repository/Page_Moodle Administration Users Permission_6fdc16/a_Back to the list of all roles")): Object: 'Object Repository/Page_Moodle Administration Users Permission_6fdc16/a_Back to the list of all roles' is clicked on

2022-01-17 20:00:02 - [MESSAGE][PASSED] - Object: 'Object Repository/Page_Moodle Administration Users Permission_6fdc16/a_Back to the list of all roles' is clicked on]]></system-out>
         <system-err><![CDATA[]]></system-err>
      </testcase>
      <testcase name="Test Cases/Admin Remove Manager" time="17.659" classname="Test Cases/Admin Remove Manager" status="PASSED">
         <system-out><![CDATA[2022-01-17 20:00:02 - [TEST_CASE][PASSED] - Test Cases/Admin Remove Manager: Test Cases/Admin Remove Manager

2022-01-17 20:00:03 - [TEST_STEP][PASSED] - callTestCase(findTestCase("Admin Login"), [:], STOP_ON_FAILURE): Call Test Case 'Test Cases/Admin Login' successfully

2022-01-17 20:00:03 - [TEST_CASE][PASSED] - Test Cases/Admin Login: Test Cases/Admin Login

2022-01-17 20:00:03 - [TEST_STEP][PASSED] - openBrowser(""): Browser is opened with url: ''

2022-01-17 20:00:03 - [MESSAGE][WARNING] - A browser is already opened. Closing browser and opening a new one

2022-01-17 20:00:04 - [MESSAGE][INFO] - Starting 'Chrome' driver

2022-01-17 20:00:04 - [MESSAGE][INFO] - Action delay is set to 0 milliseconds

2022-01-17 20:00:05 - [MESSAGE][PASSED] - Browser is opened with url: ''

2022-01-17 20:00:05 - [TEST_STEP][PASSED] - navigateToUrl("http://localhost/moodle/login/index.php"): Navigate to 'http://localhost/moodle/login/index.php' successfully

2022-01-17 20:00:06 - [MESSAGE][PASSED] - Navigate to 'http://localhost/moodle/login/index.php' successfully

2022-01-17 20:00:06 - [TEST_STEP][PASSED] - setText(findTestObject("Object Repository/Page_Moodle Log in to the site/input_Username_username"), "admin"): Text 'admin' is set on object 'Object Repository/Page_Moodle Log in to the site/input_Username_username'

2022-01-17 20:00:07 - [MESSAGE][PASSED] - Text 'admin' is set on object 'Object Repository/Page_Moodle Log in to the site/input_Username_username'

2022-01-17 20:00:07 - [TEST_STEP][PASSED] - setEncryptedText(findTestObject("Object Repository/Page_Moodle Log in to the site/input_Password_password"), "8JanWqnBZBo6yBKKrpSnpw=="): Text ****** has been set on object 'Object Repository/Page_Moodle Log in to the site/input_Password_password'

2022-01-17 20:00:07 - [MESSAGE][PASSED] - Text ****** has been set on object 'Object Repository/Page_Moodle Log in to the site/input_Password_password'

2022-01-17 20:00:07 - [TEST_STEP][PASSED] - click(findTestObject("Object Repository/Page_Moodle Log in to the site/button_Log in")): Object: 'Object Repository/Page_Moodle Log in to the site/button_Log in' is clicked on

2022-01-17 20:00:09 - [MESSAGE][PASSED] - Object: 'Object Repository/Page_Moodle Log in to the site/button_Log in' is clicked on

2022-01-17 20:00:09 - [MESSAGE][PASSED] - Call Test Case 'Test Cases/Admin Login' successfully

2022-01-17 20:00:09 - [TEST_STEP][PASSED] - click(findTestObject("Object Repository/Page_Dashboard/span_Site administration (9)")): Object: 'Object Repository/Page_Dashboard/span_Site administration (9)' is clicked on

2022-01-17 20:00:13 - [MESSAGE][PASSED] - Object: 'Object Repository/Page_Dashboard/span_Site administration (9)' is clicked on

2022-01-17 20:00:13 - [TEST_STEP][PASSED] - click(findTestObject("Page_Moodle Administration Search/a_Users (6)")): Object: 'Object Repository/Page_Moodle Administration Search/a_Users (6)' is clicked on

2022-01-17 20:00:13 - [MESSAGE][PASSED] - Object: 'Object Repository/Page_Moodle Administration Search/a_Users (6)' is clicked on

2022-01-17 20:00:13 - [TEST_STEP][PASSED] - click(findTestObject("Object Repository/Page_Moodle Administration Search/a_Assign system roles (1)")): Object: 'Object Repository/Page_Moodle Administration Search/a_Assign system roles (1)' is clicked on

2022-01-17 20:00:15 - [MESSAGE][PASSED] - Object: 'Object Repository/Page_Moodle Administration Search/a_Assign system roles (1)' is clicked on

2022-01-17 20:00:15 - [TEST_STEP][PASSED] - click(findTestObject("Object Repository/Page_Moodle Administration Users Permission_6fdc16/a_Manager (1)")): Object: 'Object Repository/Page_Moodle Administration Users Permission_6fdc16/a_Manager (1)' is clicked on

2022-01-17 20:00:16 - [MESSAGE][PASSED] - Object: 'Object Repository/Page_Moodle Administration Users Permission_6fdc16/a_Manager (1)' is clicked on

2022-01-17 20:00:16 - [TEST_STEP][PASSED] - selectOptionByValue(findTestObject("Object Repository/Page_Moodle Administration Users Permission_6fdc16/select_c H (hongocminhducgmail.com)"), "2", true): All options with value '2' are selected in object 'Object Repository/Page_Moodle Administration Users Permission_6fdc16/select_c H (hongocminhducgmail.com)'  using regular expression

2022-01-17 20:00:17 - [MESSAGE][PASSED] - All options with value '2' are selected in object 'Object Repository/Page_Moodle Administration Users Permission_6fdc16/select_c H (hongocminhducgmail.com)'  using regular expression

2022-01-17 20:00:17 - [TEST_STEP][PASSED] - click(findTestObject("Object Repository/Page_Moodle Administration Users Permission_6fdc16/input_Match the search text anywhere in the_31d039")): Object: 'Object Repository/Page_Moodle Administration Users Permission_6fdc16/input_Match the search text anywhere in the_31d039' is clicked on

2022-01-17 20:00:19 - [MESSAGE][PASSED] - Object: 'Object Repository/Page_Moodle Administration Users Permission_6fdc16/input_Match the search text anywhere in the_31d039' is clicked on

2022-01-17 20:00:19 - [TEST_STEP][PASSED] - click(findTestObject("Object Repository/Page_Moodle Administration Users Permission_6fdc16/a_Back to the list of all roles (1)")): Object: 'Object Repository/Page_Moodle Administration Users Permission_6fdc16/a_Back to the list of all roles (1)' is clicked on

2022-01-17 20:00:20 - [MESSAGE][PASSED] - Object: 'Object Repository/Page_Moodle Administration Users Permission_6fdc16/a_Back to the list of all roles (1)' is clicked on]]></system-out>
         <system-err><![CDATA[]]></system-err>
      </testcase>
      <testcase name="Test Cases/Admin Assign Course Creator" time="18.533" classname="Test Cases/Admin Assign Course Creator" status="PASSED">
         <system-out><![CDATA[2022-01-17 20:00:20 - [TEST_CASE][PASSED] - Test Cases/Admin Assign Course Creator: Test Cases/Admin Assign Course Creator

2022-01-17 20:00:21 - [TEST_STEP][PASSED] - callTestCase(findTestCase("Admin Login"), [:], STOP_ON_FAILURE): Call Test Case 'Test Cases/Admin Login' successfully

2022-01-17 20:00:21 - [TEST_CASE][PASSED] - Test Cases/Admin Login: Test Cases/Admin Login

2022-01-17 20:00:21 - [TEST_STEP][PASSED] - openBrowser(""): Browser is opened with url: ''

2022-01-17 20:00:21 - [MESSAGE][WARNING] - A browser is already opened. Closing browser and opening a new one

2022-01-17 20:00:21 - [MESSAGE][INFO] - Starting 'Chrome' driver

2022-01-17 20:00:21 - [MESSAGE][INFO] - Action delay is set to 0 milliseconds

2022-01-17 20:00:23 - [MESSAGE][PASSED] - Browser is opened with url: ''

2022-01-17 20:00:23 - [TEST_STEP][PASSED] - navigateToUrl("http://localhost/moodle/login/index.php"): Navigate to 'http://localhost/moodle/login/index.php' successfully

2022-01-17 20:00:23 - [MESSAGE][PASSED] - Navigate to 'http://localhost/moodle/login/index.php' successfully

2022-01-17 20:00:23 - [TEST_STEP][PASSED] - setText(findTestObject("Object Repository/Page_Moodle Log in to the site/input_Username_username"), "admin"): Text 'admin' is set on object 'Object Repository/Page_Moodle Log in to the site/input_Username_username'

2022-01-17 20:00:24 - [MESSAGE][PASSED] - Text 'admin' is set on object 'Object Repository/Page_Moodle Log in to the site/input_Username_username'

2022-01-17 20:00:24 - [TEST_STEP][PASSED] - setEncryptedText(findTestObject("Object Repository/Page_Moodle Log in to the site/input_Password_password"), "8JanWqnBZBo6yBKKrpSnpw=="): Text ****** has been set on object 'Object Repository/Page_Moodle Log in to the site/input_Password_password'

2022-01-17 20:00:25 - [MESSAGE][PASSED] - Text ****** has been set on object 'Object Repository/Page_Moodle Log in to the site/input_Password_password'

2022-01-17 20:00:25 - [TEST_STEP][PASSED] - click(findTestObject("Object Repository/Page_Moodle Log in to the site/button_Log in")): Object: 'Object Repository/Page_Moodle Log in to the site/button_Log in' is clicked on

2022-01-17 20:00:27 - [MESSAGE][PASSED] - Object: 'Object Repository/Page_Moodle Log in to the site/button_Log in' is clicked on

2022-01-17 20:00:27 - [MESSAGE][PASSED] - Call Test Case 'Test Cases/Admin Login' successfully

2022-01-17 20:00:27 - [TEST_STEP][PASSED] - click(findTestObject("Object Repository/Page_Dashboard/span_Site administration (10)")): Object: 'Object Repository/Page_Dashboard/span_Site administration (10)' is clicked on

2022-01-17 20:00:30 - [MESSAGE][PASSED] - Object: 'Object Repository/Page_Dashboard/span_Site administration (10)' is clicked on

2022-01-17 20:00:30 - [TEST_STEP][PASSED] - click(findTestObject("Object Repository/Page_Moodle Administration Search/a_Users (6)")): Object: 'Object Repository/Page_Moodle Administration Search/a_Users (6)' is clicked on

2022-01-17 20:00:30 - [MESSAGE][PASSED] - Object: 'Object Repository/Page_Moodle Administration Search/a_Users (6)' is clicked on

2022-01-17 20:00:30 - [TEST_STEP][PASSED] - click(findTestObject("Object Repository/Page_Moodle Administration Search/a_Assign system roles (2)")): Object: 'Object Repository/Page_Moodle Administration Search/a_Assign system roles (2)' is clicked on

2022-01-17 20:00:32 - [MESSAGE][PASSED] - Object: 'Object Repository/Page_Moodle Administration Search/a_Assign system roles (2)' is clicked on

2022-01-17 20:00:32 - [TEST_STEP][PASSED] - click(findTestObject("Object Repository/Page_Moodle Administration Users Permission_6fdc16/a_Course creator")): Object: 'Object Repository/Page_Moodle Administration Users Permission_6fdc16/a_Course creator' is clicked on

2022-01-17 20:00:33 - [MESSAGE][PASSED] - Object: 'Object Repository/Page_Moodle Administration Users Permission_6fdc16/a_Course creator' is clicked on

2022-01-17 20:00:33 - [TEST_STEP][PASSED] - selectOptionByValue(findTestObject("Object Repository/Page_Moodle Administration Users Permission_6fdc16/select_c H (hongocminhducgmail.com)    c H _8cfc97 (1)"), "2", true): All options with value '2' are selected in object 'Object Repository/Page_Moodle Administration Users Permission_6fdc16/select_c H (hongocminhducgmail.com)    c H _8cfc97 (1)'  using regular expression

2022-01-17 20:00:34 - [MESSAGE][PASSED] - All options with value '2' are selected in object 'Object Repository/Page_Moodle Administration Users Permission_6fdc16/select_c H (hongocminhducgmail.com)    c H _8cfc97 (1)'  using regular expression

2022-01-17 20:00:34 - [TEST_STEP][PASSED] - click(findTestObject("Object Repository/Page_Moodle Administration Users Permission_6fdc16/input_Match the search text anywhere in the_89f7b5 (1)")): Object: 'Object Repository/Page_Moodle Administration Users Permission_6fdc16/input_Match the search text anywhere in the_89f7b5 (1)' is clicked on

2022-01-17 20:00:37 - [MESSAGE][PASSED] - Object: 'Object Repository/Page_Moodle Administration Users Permission_6fdc16/input_Match the search text anywhere in the_89f7b5 (1)' is clicked on

2022-01-17 20:00:37 - [TEST_STEP][PASSED] - click(findTestObject("Object Repository/Page_Moodle Administration Users Permission_6fdc16/a_Back to the list of all roles (2)")): Object: 'Object Repository/Page_Moodle Administration Users Permission_6fdc16/a_Back to the list of all roles (2)' is clicked on

2022-01-17 20:00:39 - [MESSAGE][PASSED] - Object: 'Object Repository/Page_Moodle Administration Users Permission_6fdc16/a_Back to the list of all roles (2)' is clicked on]]></system-out>
         <system-err><![CDATA[]]></system-err>
      </testcase>
      <testcase name="Test Cases/Admin Remove Course Creator" time="17.526" classname="Test Cases/Admin Remove Course Creator" status="PASSED">
         <system-out><![CDATA[2022-01-17 20:00:39 - [TEST_CASE][PASSED] - Test Cases/Admin Remove Course Creator: Test Cases/Admin Remove Course Creator

2022-01-17 20:00:39 - [TEST_STEP][PASSED] - callTestCase(findTestCase("Admin Login"), [:], STOP_ON_FAILURE): Call Test Case 'Test Cases/Admin Login' successfully

2022-01-17 20:00:39 - [TEST_CASE][PASSED] - Test Cases/Admin Login: Test Cases/Admin Login

2022-01-17 20:00:39 - [TEST_STEP][PASSED] - openBrowser(""): Browser is opened with url: ''

2022-01-17 20:00:39 - [MESSAGE][WARNING] - A browser is already opened. Closing browser and opening a new one

2022-01-17 20:00:40 - [MESSAGE][INFO] - Starting 'Chrome' driver

2022-01-17 20:00:40 - [MESSAGE][INFO] - Action delay is set to 0 milliseconds

2022-01-17 20:00:41 - [MESSAGE][PASSED] - Browser is opened with url: ''

2022-01-17 20:00:41 - [TEST_STEP][PASSED] - navigateToUrl("http://localhost/moodle/login/index.php"): Navigate to 'http://localhost/moodle/login/index.php' successfully

2022-01-17 20:00:42 - [MESSAGE][PASSED] - Navigate to 'http://localhost/moodle/login/index.php' successfully

2022-01-17 20:00:42 - [TEST_STEP][PASSED] - setText(findTestObject("Object Repository/Page_Moodle Log in to the site/input_Username_username"), "admin"): Text 'admin' is set on object 'Object Repository/Page_Moodle Log in to the site/input_Username_username'

2022-01-17 20:00:43 - [MESSAGE][PASSED] - Text 'admin' is set on object 'Object Repository/Page_Moodle Log in to the site/input_Username_username'

2022-01-17 20:00:43 - [TEST_STEP][PASSED] - setEncryptedText(findTestObject("Object Repository/Page_Moodle Log in to the site/input_Password_password"), "8JanWqnBZBo6yBKKrpSnpw=="): Text ****** has been set on object 'Object Repository/Page_Moodle Log in to the site/input_Password_password'

2022-01-17 20:00:43 - [MESSAGE][PASSED] - Text ****** has been set on object 'Object Repository/Page_Moodle Log in to the site/input_Password_password'

2022-01-17 20:00:43 - [TEST_STEP][PASSED] - click(findTestObject("Object Repository/Page_Moodle Log in to the site/button_Log in")): Object: 'Object Repository/Page_Moodle Log in to the site/button_Log in' is clicked on

2022-01-17 20:00:46 - [MESSAGE][PASSED] - Object: 'Object Repository/Page_Moodle Log in to the site/button_Log in' is clicked on

2022-01-17 20:00:46 - [MESSAGE][PASSED] - Call Test Case 'Test Cases/Admin Login' successfully

2022-01-17 20:00:46 - [TEST_STEP][PASSED] - click(findTestObject("Object Repository/Page_Dashboard/span_Site administration (11)")): Object: 'Object Repository/Page_Dashboard/span_Site administration (11)' is clicked on

2022-01-17 20:00:49 - [MESSAGE][PASSED] - Object: 'Object Repository/Page_Dashboard/span_Site administration (11)' is clicked on

2022-01-17 20:00:49 - [TEST_STEP][PASSED] - click(findTestObject("Object Repository/Page_Moodle Administration Search/a_Users (7)")): Object: 'Object Repository/Page_Moodle Administration Search/a_Users (7)' is clicked on

2022-01-17 20:00:49 - [MESSAGE][PASSED] - Object: 'Object Repository/Page_Moodle Administration Search/a_Users (7)' is clicked on

2022-01-17 20:00:49 - [TEST_STEP][PASSED] - click(findTestObject("Object Repository/Page_Moodle Administration Search/a_Assign system roles (3)")): Object: 'Object Repository/Page_Moodle Administration Search/a_Assign system roles (3)' is clicked on

2022-01-17 20:00:51 - [MESSAGE][PASSED] - Object: 'Object Repository/Page_Moodle Administration Search/a_Assign system roles (3)' is clicked on

2022-01-17 20:00:51 - [TEST_STEP][PASSED] - click(findTestObject("Object Repository/Page_Moodle Administration Users Permission_6fdc16/a_Course creator (1)")): Object: 'Object Repository/Page_Moodle Administration Users Permission_6fdc16/a_Course creator (1)' is clicked on

2022-01-17 20:00:52 - [MESSAGE][PASSED] - Object: 'Object Repository/Page_Moodle Administration Users Permission_6fdc16/a_Course creator (1)' is clicked on

2022-01-17 20:00:52 - [TEST_STEP][PASSED] - selectOptionByValue(findTestObject("Object Repository/Page_Moodle Administration Users Permission_6fdc16/select_c H (hongocminhducgmail.com) (1)"), "2", true): All options with value '2' are selected in object 'Object Repository/Page_Moodle Administration Users Permission_6fdc16/select_c H (hongocminhducgmail.com) (1)'  using regular expression

2022-01-17 20:00:53 - [MESSAGE][PASSED] - All options with value '2' are selected in object 'Object Repository/Page_Moodle Administration Users Permission_6fdc16/select_c H (hongocminhducgmail.com) (1)'  using regular expression

2022-01-17 20:00:53 - [TEST_STEP][PASSED] - click(findTestObject("Object Repository/Page_Moodle Administration Users Permission_6fdc16/input_Match the search text anywhere in the_31d039 (1)")): Object: 'Object Repository/Page_Moodle Administration Users Permission_6fdc16/input_Match the search text anywhere in the_31d039 (1)' is clicked on

2022-01-17 20:00:55 - [MESSAGE][PASSED] - Object: 'Object Repository/Page_Moodle Administration Users Permission_6fdc16/input_Match the search text anywhere in the_31d039 (1)' is clicked on

2022-01-17 20:00:55 - [TEST_STEP][PASSED] - click(findTestObject("Object Repository/Page_Moodle Administration Users Permission_6fdc16/a_Back to the list of all roles (3)")): Object: 'Object Repository/Page_Moodle Administration Users Permission_6fdc16/a_Back to the list of all roles (3)' is clicked on

2022-01-17 20:00:56 - [MESSAGE][PASSED] - Object: 'Object Repository/Page_Moodle Administration Users Permission_6fdc16/a_Back to the list of all roles (3)' is clicked on]]></system-out>
         <system-err><![CDATA[]]></system-err>
      </testcase>
      <testcase name="Test Cases/Admin Enroll Student" time="19.088" classname="Test Cases/Admin Enroll Student" status="PASSED">
         <system-out><![CDATA[2022-01-17 20:00:56 - [TEST_CASE][PASSED] - Test Cases/Admin Enroll Student: Test Cases/Admin Enroll Student

2022-01-17 20:00:57 - [TEST_STEP][PASSED] - callTestCase(findTestCase("Admin Login"), [:], STOP_ON_FAILURE): Call Test Case 'Test Cases/Admin Login' successfully

2022-01-17 20:00:57 - [TEST_CASE][PASSED] - Test Cases/Admin Login: Test Cases/Admin Login

2022-01-17 20:00:57 - [TEST_STEP][PASSED] - openBrowser(""): Browser is opened with url: ''

2022-01-17 20:00:57 - [MESSAGE][WARNING] - A browser is already opened. Closing browser and opening a new one

2022-01-17 20:00:57 - [MESSAGE][INFO] - Starting 'Chrome' driver

2022-01-17 20:00:57 - [MESSAGE][INFO] - Action delay is set to 0 milliseconds

2022-01-17 20:00:59 - [MESSAGE][PASSED] - Browser is opened with url: ''

2022-01-17 20:00:59 - [TEST_STEP][PASSED] - navigateToUrl("http://localhost/moodle/login/index.php"): Navigate to 'http://localhost/moodle/login/index.php' successfully

2022-01-17 20:00:59 - [MESSAGE][PASSED] - Navigate to 'http://localhost/moodle/login/index.php' successfully

2022-01-17 20:00:59 - [TEST_STEP][PASSED] - setText(findTestObject("Object Repository/Page_Moodle Log in to the site/input_Username_username"), "admin"): Text 'admin' is set on object 'Object Repository/Page_Moodle Log in to the site/input_Username_username'

2022-01-17 20:01:00 - [MESSAGE][PASSED] - Text 'admin' is set on object 'Object Repository/Page_Moodle Log in to the site/input_Username_username'

2022-01-17 20:01:00 - [TEST_STEP][PASSED] - setEncryptedText(findTestObject("Object Repository/Page_Moodle Log in to the site/input_Password_password"), "8JanWqnBZBo6yBKKrpSnpw=="): Text ****** has been set on object 'Object Repository/Page_Moodle Log in to the site/input_Password_password'

2022-01-17 20:01:01 - [MESSAGE][PASSED] - Text ****** has been set on object 'Object Repository/Page_Moodle Log in to the site/input_Password_password'

2022-01-17 20:01:01 - [TEST_STEP][PASSED] - click(findTestObject("Object Repository/Page_Moodle Log in to the site/button_Log in")): Object: 'Object Repository/Page_Moodle Log in to the site/button_Log in' is clicked on

2022-01-17 20:01:03 - [MESSAGE][PASSED] - Object: 'Object Repository/Page_Moodle Log in to the site/button_Log in' is clicked on

2022-01-17 20:01:03 - [MESSAGE][PASSED] - Call Test Case 'Test Cases/Admin Login' successfully

2022-01-17 20:01:03 - [TEST_STEP][PASSED] - click(findTestObject("Object Repository/Page_Dashboard/span_Site home (3)")): Object: 'Object Repository/Page_Dashboard/span_Site home (3)' is clicked on

2022-01-17 20:01:06 - [MESSAGE][PASSED] - Object: 'Object Repository/Page_Dashboard/span_Site home (3)' is clicked on

2022-01-17 20:01:06 - [TEST_STEP][PASSED] - click(findTestObject("Object Repository/Page_Moodle/a_New Course Edited (2)")): Object: 'Object Repository/Page_Moodle/a_New Course Edited (2)' is clicked on

2022-01-17 20:01:07 - [MESSAGE][PASSED] - Object: 'Object Repository/Page_Moodle/a_New Course Edited (2)' is clicked on

2022-01-17 20:01:07 - [TEST_STEP][PASSED] - click(findTestObject("Object Repository/Page_Course New Course Edited/i_New Course Edited_icon fa fa-cog fa-fw (2)")): Object: 'Object Repository/Page_Course New Course Edited/i_New Course Edited_icon fa fa-cog fa-fw (2)' is clicked on

2022-01-17 20:01:08 - [MESSAGE][PASSED] - Object: 'Object Repository/Page_Course New Course Edited/i_New Course Edited_icon fa fa-cog fa-fw (2)' is clicked on

2022-01-17 20:01:08 - [TEST_STEP][PASSED] - click(findTestObject("Object Repository/Page_Course New Course Edited/a_More (2)")): Object: 'Object Repository/Page_Course New Course Edited/a_More (2)' is clicked on

2022-01-17 20:01:09 - [MESSAGE][PASSED] - Object: 'Object Repository/Page_Course New Course Edited/a_More (2)' is clicked on

2022-01-17 20:01:09 - [TEST_STEP][PASSED] - click(findTestObject("Object Repository/Page_Course administration/a_Users (2)")): Object: 'Object Repository/Page_Course administration/a_Users (2)' is clicked on

2022-01-17 20:01:10 - [MESSAGE][PASSED] - Object: 'Object Repository/Page_Course administration/a_Users (2)' is clicked on

2022-01-17 20:01:10 - [TEST_STEP][PASSED] - click(findTestObject("Object Repository/Page_Course administration/a_Enrolled users (2)")): Object: 'Object Repository/Page_Course administration/a_Enrolled users (2)' is clicked on

2022-01-17 20:01:11 - [MESSAGE][PASSED] - Object: 'Object Repository/Page_Course administration/a_Enrolled users (2)' is clicked on

2022-01-17 20:01:11 - [TEST_STEP][PASSED] - click(findTestObject("Object Repository/Page_New Course Participants/input_Participants_btn btn-secondary my-1 (1)")): Object: 'Object Repository/Page_New Course Participants/input_Participants_btn btn-secondary my-1 (1)' is clicked on

2022-01-17 20:01:11 - [MESSAGE][PASSED] - Object: 'Object Repository/Page_New Course Participants/input_Participants_btn btn-secondary my-1 (1)' is clicked on

2022-01-17 20:01:11 - [TEST_STEP][PASSED] - click(findTestObject("Object Repository/Page_New Course Participants/span_ (1)")): Object: 'Object Repository/Page_New Course Participants/span_ (1)' is clicked on

2022-01-17 20:01:13 - [MESSAGE][PASSED] - Object: 'Object Repository/Page_New Course Participants/span_ (1)' is clicked on

2022-01-17 20:01:13 - [TEST_STEP][PASSED] - click(findTestObject("Object Repository/Page_New Course Participants/li_c H    hongocminhducgmail.com")): Object: 'Object Repository/Page_New Course Participants/li_c H    hongocminhducgmail.com' is clicked on

2022-01-17 20:01:14 - [MESSAGE][PASSED] - Object: 'Object Repository/Page_New Course Participants/li_c H    hongocminhducgmail.com' is clicked on

2022-01-17 20:01:14 - [TEST_STEP][PASSED] - click(findTestObject("Object Repository/Page_New Course Participants/button_Enrol users (2)")): Object: 'Object Repository/Page_New Course Participants/button_Enrol users (2)' is clicked on

2022-01-17 20:01:15 - [MESSAGE][PASSED] - Object: 'Object Repository/Page_New Course Participants/button_Enrol users (2)' is clicked on]]></system-out>
         <system-err><![CDATA[]]></system-err>
      </testcase>
      <testcase name="Test Cases/Admin Unenroll Student" time="17.678" classname="Test Cases/Admin Unenroll Student" status="PASSED">
         <system-out><![CDATA[2022-01-17 20:01:15 - [TEST_CASE][PASSED] - Test Cases/Admin Unenroll Student: Test Cases/Admin Unenroll Student

2022-01-17 20:01:16 - [TEST_STEP][PASSED] - callTestCase(findTestCase("Admin Login"), [:], STOP_ON_FAILURE): Call Test Case 'Test Cases/Admin Login' successfully

2022-01-17 20:01:16 - [TEST_CASE][PASSED] - Test Cases/Admin Login: Test Cases/Admin Login

2022-01-17 20:01:16 - [TEST_STEP][PASSED] - openBrowser(""): Browser is opened with url: ''

2022-01-17 20:01:16 - [MESSAGE][WARNING] - A browser is already opened. Closing browser and opening a new one

2022-01-17 20:01:17 - [MESSAGE][INFO] - Starting 'Chrome' driver

2022-01-17 20:01:17 - [MESSAGE][INFO] - Action delay is set to 0 milliseconds

2022-01-17 20:01:18 - [MESSAGE][PASSED] - Browser is opened with url: ''

2022-01-17 20:01:18 - [TEST_STEP][PASSED] - navigateToUrl("http://localhost/moodle/login/index.php"): Navigate to 'http://localhost/moodle/login/index.php' successfully

2022-01-17 20:01:19 - [MESSAGE][PASSED] - Navigate to 'http://localhost/moodle/login/index.php' successfully

2022-01-17 20:01:19 - [TEST_STEP][PASSED] - setText(findTestObject("Object Repository/Page_Moodle Log in to the site/input_Username_username"), "admin"): Text 'admin' is set on object 'Object Repository/Page_Moodle Log in to the site/input_Username_username'

2022-01-17 20:01:20 - [MESSAGE][PASSED] - Text 'admin' is set on object 'Object Repository/Page_Moodle Log in to the site/input_Username_username'

2022-01-17 20:01:20 - [TEST_STEP][PASSED] - setEncryptedText(findTestObject("Object Repository/Page_Moodle Log in to the site/input_Password_password"), "8JanWqnBZBo6yBKKrpSnpw=="): Text ****** has been set on object 'Object Repository/Page_Moodle Log in to the site/input_Password_password'

2022-01-17 20:01:20 - [MESSAGE][PASSED] - Text ****** has been set on object 'Object Repository/Page_Moodle Log in to the site/input_Password_password'

2022-01-17 20:01:20 - [TEST_STEP][PASSED] - click(findTestObject("Object Repository/Page_Moodle Log in to the site/button_Log in")): Object: 'Object Repository/Page_Moodle Log in to the site/button_Log in' is clicked on

2022-01-17 20:01:23 - [MESSAGE][PASSED] - Object: 'Object Repository/Page_Moodle Log in to the site/button_Log in' is clicked on

2022-01-17 20:01:23 - [MESSAGE][PASSED] - Call Test Case 'Test Cases/Admin Login' successfully

2022-01-17 20:01:23 - [TEST_STEP][PASSED] - click(findTestObject("Object Repository/Page_Dashboard/span_Site home (2)")): Object: 'Object Repository/Page_Dashboard/span_Site home (2)' is clicked on

2022-01-17 20:01:26 - [MESSAGE][PASSED] - Object: 'Object Repository/Page_Dashboard/span_Site home (2)' is clicked on

2022-01-17 20:01:26 - [TEST_STEP][PASSED] - click(findTestObject("Object Repository/Page_Moodle/a_New Course Edited")): Object: 'Object Repository/Page_Moodle/a_New Course Edited' is clicked on

2022-01-17 20:01:27 - [MESSAGE][PASSED] - Object: 'Object Repository/Page_Moodle/a_New Course Edited' is clicked on

2022-01-17 20:01:27 - [TEST_STEP][PASSED] - click(findTestObject("Object Repository/Page_Course New Course Edited/i_New Course Edited_icon fa fa-cog fa-fw")): Object: 'Object Repository/Page_Course New Course Edited/i_New Course Edited_icon fa fa-cog fa-fw' is clicked on

2022-01-17 20:01:28 - [MESSAGE][PASSED] - Object: 'Object Repository/Page_Course New Course Edited/i_New Course Edited_icon fa fa-cog fa-fw' is clicked on

2022-01-17 20:01:28 - [TEST_STEP][PASSED] - click(findTestObject("Object Repository/Page_Course New Course Edited/a_More")): Object: 'Object Repository/Page_Course New Course Edited/a_More' is clicked on

2022-01-17 20:01:30 - [MESSAGE][PASSED] - Object: 'Object Repository/Page_Course New Course Edited/a_More' is clicked on

2022-01-17 20:01:30 - [TEST_STEP][PASSED] - click(findTestObject("Object Repository/Page_Course administration/a_Users")): Object: 'Object Repository/Page_Course administration/a_Users' is clicked on

2022-01-17 20:01:30 - [MESSAGE][PASSED] - Object: 'Object Repository/Page_Course administration/a_Users' is clicked on

2022-01-17 20:01:30 - [TEST_STEP][PASSED] - click(findTestObject("Object Repository/Page_Course administration/a_Enrolled users")): Object: 'Object Repository/Page_Course administration/a_Enrolled users' is clicked on

2022-01-17 20:01:32 - [MESSAGE][PASSED] - Object: 'Object Repository/Page_Course administration/a_Enrolled users' is clicked on

2022-01-17 20:01:32 - [TEST_STEP][PASSED] - click(findTestObject("Object Repository/Page_New Course Participants/i_Active_icon fa fa-trash fa-fw")): Object: 'Object Repository/Page_New Course Participants/i_Active_icon fa fa-trash fa-fw' is clicked on

2022-01-17 20:01:32 - [MESSAGE][PASSED] - Object: 'Object Repository/Page_New Course Participants/i_Active_icon fa fa-trash fa-fw' is clicked on

2022-01-17 20:01:32 - [TEST_STEP][PASSED] - click(findTestObject("Object Repository/Page_New Course Participants/button_Unenrol")): Object: 'Object Repository/Page_New Course Participants/button_Unenrol' is clicked on

2022-01-17 20:01:33 - [MESSAGE][PASSED] - Object: 'Object Repository/Page_New Course Participants/button_Unenrol' is clicked on]]></system-out>
         <system-err><![CDATA[]]></system-err>
      </testcase>
      <testcase name="Test Cases/Admin Assign Course Teacher" time="44.849" classname="Test Cases/Admin Assign Course Teacher" status="FAILED">
         <failure type="FAILED" message="Test Cases/Admin Assign Course Teacher FAILED.
Reason:
com.kms.katalon.core.exception.StepFailedException: Unable to click on object 'Object Repository/Page_Course New Course Edited/i_New Course Edited_icon fa fa-cog fa-fw (4)'
	at com.kms.katalon.core.webui.keyword.internal.WebUIKeywordMain.stepFailed(WebUIKeywordMain.groovy:64)
	at com.kms.katalon.core.webui.keyword.internal.WebUIKeywordMain.runKeyword(WebUIKeywordMain.groovy:26)
	at com.kms.katalon.core.webui.keyword.builtin.ClickKeyword.click(ClickKeyword.groovy:74)
	at com.kms.katalon.core.webui.keyword.builtin.ClickKeyword.execute(ClickKeyword.groovy:40)
	at com.kms.katalon.core.keyword.internal.KeywordExecutor.executeKeywordForPlatform(KeywordExecutor.groovy:74)
	at com.kms.katalon.core.webui.keyword.WebUiBuiltInKeywords.click(WebUiBuiltInKeywords.groovy:620)
	at com.kms.katalon.core.webui.keyword.WebUiBuiltInKeywords$click$3.call(Unknown Source)
	at Admin Assign Course Teacher.run(Admin Assign Course Teacher:26)
	at com.kms.katalon.core.main.ScriptEngine.run(ScriptEngine.java:194)
	at com.kms.katalon.core.main.ScriptEngine.runScriptAsRawText(ScriptEngine.java:119)
	at com.kms.katalon.core.main.TestCaseExecutor.runScript(TestCaseExecutor.java:442)
	at com.kms.katalon.core.main.TestCaseExecutor.doExecute(TestCaseExecutor.java:433)
	at com.kms.katalon.core.main.TestCaseExecutor.processExecutionPhase(TestCaseExecutor.java:412)
	at com.kms.katalon.core.main.TestCaseExecutor.accessMainPhase(TestCaseExecutor.java:404)
	at com.kms.katalon.core.main.TestCaseExecutor.execute(TestCaseExecutor.java:281)
	at com.kms.katalon.core.main.TestSuiteExecutor.accessTestCaseMainPhase(TestSuiteExecutor.java:202)
	at com.kms.katalon.core.main.TestSuiteExecutor.accessTestSuiteMainPhase(TestSuiteExecutor.java:164)
	at com.kms.katalon.core.main.TestSuiteExecutor.execute(TestSuiteExecutor.java:105)
	at com.kms.katalon.core.main.TestCaseMain.startTestSuite(TestCaseMain.java:181)
	at com.kms.katalon.core.main.TestCaseMain$startTestSuite$0.call(Unknown Source)
	at TempTestSuite1642424191868.run(TempTestSuite1642424191868.groovy:36)
Caused by: com.kms.katalon.core.webui.exception.WebElementNotFoundException: Web element with id: 'Object Repository/Page_Course New Course Edited/i_New Course Edited_icon fa fa-cog fa-fw (4)' located by '//a[@id='action-menu-toggle-2']/i' not found
	at com.kms.katalon.core.webui.common.WebUiCommonHelper.findWebElement(WebUiCommonHelper.java:1368)
	at com.kms.katalon.core.webui.keyword.internal.WebUIAbstractKeyword.findWebElement(WebUIAbstractKeyword.groovy:27)
	at com.kms.katalon.core.webui.keyword.builtin.ClickKeyword$_click_closure1.doCall(ClickKeyword.groovy:65)
	at com.kms.katalon.core.webui.keyword.builtin.ClickKeyword$_click_closure1.call(ClickKeyword.groovy)
	at com.kms.katalon.core.webui.keyword.internal.WebUIKeywordMain.runKeyword(WebUIKeywordMain.groovy:20)
	... 19 more
"/>
         <system-out><![CDATA[2022-01-17 20:01:33 - [TEST_CASE][FAILED] - Test Cases/Admin Assign Course Teacher: Test Cases/Admin Assign Course Teacher FAILED.
Reason:
com.kms.katalon.core.exception.StepFailedException: Unable to click on object 'Object Repository/Page_Course New Course Edited/i_New Course Edited_icon fa fa-cog fa-fw (4)'
	at com.kms.katalon.core.webui.keyword.internal.WebUIKeywordMain.stepFailed(WebUIKeywordMain.groovy:64)
	at com.kms.katalon.core.webui.keyword.internal.WebUIKeywordMain.runKeyword(WebUIKeywordMain.groovy:26)
	at com.kms.katalon.core.webui.keyword.builtin.ClickKeyword.click(ClickKeyword.groovy:74)
	at com.kms.katalon.core.webui.keyword.builtin.ClickKeyword.execute(ClickKeyword.groovy:40)
	at com.kms.katalon.core.keyword.internal.KeywordExecutor.executeKeywordForPlatform(KeywordExecutor.groovy:74)
	at com.kms.katalon.core.webui.keyword.WebUiBuiltInKeywords.click(WebUiBuiltInKeywords.groovy:620)
	at com.kms.katalon.core.webui.keyword.WebUiBuiltInKeywords$click$3.call(Unknown Source)
	at Admin Assign Course Teacher.run(Admin Assign Course Teacher:26)
	at com.kms.katalon.core.main.ScriptEngine.run(ScriptEngine.java:194)
	at com.kms.katalon.core.main.ScriptEngine.runScriptAsRawText(ScriptEngine.java:119)
	at com.kms.katalon.core.main.TestCaseExecutor.runScript(TestCaseExecutor.java:442)
	at com.kms.katalon.core.main.TestCaseExecutor.doExecute(TestCaseExecutor.java:433)
	at com.kms.katalon.core.main.TestCaseExecutor.processExecutionPhase(TestCaseExecutor.java:412)
	at com.kms.katalon.core.main.TestCaseExecutor.accessMainPhase(TestCaseExecutor.java:404)
	at com.kms.katalon.core.main.TestCaseExecutor.execute(TestCaseExecutor.java:281)
	at com.kms.katalon.core.main.TestSuiteExecutor.accessTestCaseMainPhase(TestSuiteExecutor.java:202)
	at com.kms.katalon.core.main.TestSuiteExecutor.accessTestSuiteMainPhase(TestSuiteExecutor.java:164)
	at com.kms.katalon.core.main.TestSuiteExecutor.execute(TestSuiteExecutor.java:105)
	at com.kms.katalon.core.main.TestCaseMain.startTestSuite(TestCaseMain.java:181)
	at com.kms.katalon.core.main.TestCaseMain$startTestSuite$0.call(Unknown Source)
	at TempTestSuite1642424191868.run(TempTestSuite1642424191868.groovy:36)
Caused by: com.kms.katalon.core.webui.exception.WebElementNotFoundException: Web element with id: 'Object Repository/Page_Course New Course Edited/i_New Course Edited_icon fa fa-cog fa-fw (4)' located by '//a[@id='action-menu-toggle-2']/i' not found
	at com.kms.katalon.core.webui.common.WebUiCommonHelper.findWebElement(WebUiCommonHelper.java:1368)
	at com.kms.katalon.core.webui.keyword.internal.WebUIAbstractKeyword.findWebElement(WebUIAbstractKeyword.groovy:27)
	at com.kms.katalon.core.webui.keyword.builtin.ClickKeyword$_click_closure1.doCall(ClickKeyword.groovy:65)
	at com.kms.katalon.core.webui.keyword.builtin.ClickKeyword$_click_closure1.call(ClickKeyword.groovy)
	at com.kms.katalon.core.webui.keyword.internal.WebUIKeywordMain.runKeyword(WebUIKeywordMain.groovy:20)
	... 19 more


2022-01-17 20:01:34 - [TEST_STEP][PASSED] - callTestCase(findTestCase("Admin Login"), [:], STOP_ON_FAILURE): Call Test Case 'Test Cases/Admin Login' successfully

2022-01-17 20:01:34 - [TEST_CASE][PASSED] - Test Cases/Admin Login: Test Cases/Admin Login

2022-01-17 20:01:34 - [TEST_STEP][PASSED] - openBrowser(""): Browser is opened with url: ''

2022-01-17 20:01:34 - [MESSAGE][WARNING] - A browser is already opened. Closing browser and opening a new one

2022-01-17 20:01:35 - [MESSAGE][INFO] - Starting 'Chrome' driver

2022-01-17 20:01:35 - [MESSAGE][INFO] - Action delay is set to 0 milliseconds

2022-01-17 20:01:36 - [MESSAGE][PASSED] - Browser is opened with url: ''

2022-01-17 20:01:36 - [TEST_STEP][PASSED] - navigateToUrl("http://localhost/moodle/login/index.php"): Navigate to 'http://localhost/moodle/login/index.php' successfully

2022-01-17 20:01:37 - [MESSAGE][PASSED] - Navigate to 'http://localhost/moodle/login/index.php' successfully

2022-01-17 20:01:37 - [TEST_STEP][PASSED] - setText(findTestObject("Object Repository/Page_Moodle Log in to the site/input_Username_username"), "admin"): Text 'admin' is set on object 'Object Repository/Page_Moodle Log in to the site/input_Username_username'

2022-01-17 20:01:38 - [MESSAGE][PASSED] - Text 'admin' is set on object 'Object Repository/Page_Moodle Log in to the site/input_Username_username'

2022-01-17 20:01:38 - [TEST_STEP][PASSED] - setEncryptedText(findTestObject("Object Repository/Page_Moodle Log in to the site/input_Password_password"), "8JanWqnBZBo6yBKKrpSnpw=="): Text ****** has been set on object 'Object Repository/Page_Moodle Log in to the site/input_Password_password'

2022-01-17 20:01:38 - [MESSAGE][PASSED] - Text ****** has been set on object 'Object Repository/Page_Moodle Log in to the site/input_Password_password'

2022-01-17 20:01:38 - [TEST_STEP][PASSED] - click(findTestObject("Object Repository/Page_Moodle Log in to the site/button_Log in")): Object: 'Object Repository/Page_Moodle Log in to the site/button_Log in' is clicked on

2022-01-17 20:01:40 - [MESSAGE][PASSED] - Object: 'Object Repository/Page_Moodle Log in to the site/button_Log in' is clicked on

2022-01-17 20:01:40 - [MESSAGE][PASSED] - Call Test Case 'Test Cases/Admin Login' successfully

2022-01-17 20:01:40 - [TEST_STEP][PASSED] - click(findTestObject("Object Repository/Page_Dashboard/span_Site home (5)")): Object: 'Object Repository/Page_Dashboard/span_Site home (5)' is clicked on

2022-01-17 20:01:44 - [MESSAGE][PASSED] - Object: 'Object Repository/Page_Dashboard/span_Site home (5)' is clicked on

2022-01-17 20:01:44 - [TEST_STEP][PASSED] - click(findTestObject("Object Repository/Page_Moodle/a_New Course Edited (4)")): Object: 'Object Repository/Page_Moodle/a_New Course Edited (4)' is clicked on

2022-01-17 20:01:45 - [MESSAGE][PASSED] - Object: 'Object Repository/Page_Moodle/a_New Course Edited (4)' is clicked on

2022-01-17 20:01:45 - [TEST_STEP][FAILED] - click(findTestObject("Object Repository/Page_Course New Course Edited/i_New Course Edited_icon fa fa-cog fa-fw (4)")): Unable to click on object 'Object Repository/Page_Course New Course Edited/i_New Course Edited_icon fa fa-cog fa-fw (4)' (Root cause: com.kms.katalon.core.exception.StepFailedException: Unable to click on object 'Object Repository/Page_Course New Course Edited/i_New Course Edited_icon fa fa-cog fa-fw (4)'
	at com.kms.katalon.core.webui.keyword.internal.WebUIKeywordMain.stepFailed(WebUIKeywordMain.groovy:64)
	at com.kms.katalon.core.webui.keyword.internal.WebUIKeywordMain.runKeyword(WebUIKeywordMain.groovy:26)
	at com.kms.katalon.core.webui.keyword.builtin.ClickKeyword.click(ClickKeyword.groovy:74)
	at com.kms.katalon.core.webui.keyword.builtin.ClickKeyword.execute(ClickKeyword.groovy:40)
	at com.kms.katalon.core.keyword.internal.KeywordExecutor.executeKeywordForPlatform(KeywordExecutor.groovy:74)
	at com.kms.katalon.core.webui.keyword.WebUiBuiltInKeywords.click(WebUiBuiltInKeywords.groovy:620)
	at com.kms.katalon.core.webui.keyword.WebUiBuiltInKeywords$click$3.call(Unknown Source)
	at Admin Assign Course Teacher.run(Admin Assign Course Teacher:26)
	at com.kms.katalon.core.main.ScriptEngine.run(ScriptEngine.java:194)
	at com.kms.katalon.core.main.ScriptEngine.runScriptAsRawText(ScriptEngine.java:119)
	at com.kms.katalon.core.main.TestCaseExecutor.runScript(TestCaseExecutor.java:442)
	at com.kms.katalon.core.main.TestCaseExecutor.doExecute(TestCaseExecutor.java:433)
	at com.kms.katalon.core.main.TestCaseExecutor.processExecutionPhase(TestCaseExecutor.java:412)
	at com.kms.katalon.core.main.TestCaseExecutor.accessMainPhase(TestCaseExecutor.java:404)
	at com.kms.katalon.core.main.TestCaseExecutor.execute(TestCaseExecutor.java:281)
	at com.kms.katalon.core.main.TestSuiteExecutor.accessTestCaseMainPhase(TestSuiteExecutor.java:202)
	at com.kms.katalon.core.main.TestSuiteExecutor.accessTestSuiteMainPhase(TestSuiteExecutor.java:164)
	at com.kms.katalon.core.main.TestSuiteExecutor.execute(TestSuiteExecutor.java:105)
	at com.kms.katalon.core.main.TestCaseMain.startTestSuite(TestCaseMain.java:181)
	at com.kms.katalon.core.main.TestCaseMain$startTestSuite$0.call(Unknown Source)
	at TempTestSuite1642424191868.run(TempTestSuite1642424191868.groovy:36)
Caused by: com.kms.katalon.core.webui.exception.WebElementNotFoundException: Web element with id: 'Object Repository/Page_Course New Course Edited/i_New Course Edited_icon fa fa-cog fa-fw (4)' located by '//a[@id='action-menu-toggle-2']/i' not found
	at com.kms.katalon.core.webui.common.WebUiCommonHelper.findWebElement(WebUiCommonHelper.java:1368)
	at com.kms.katalon.core.webui.keyword.internal.WebUIAbstractKeyword.findWebElement(WebUIAbstractKeyword.groovy:27)
	at com.kms.katalon.core.webui.keyword.builtin.ClickKeyword$_click_closure1.doCall(ClickKeyword.groovy:65)
	at com.kms.katalon.core.webui.keyword.builtin.ClickKeyword$_click_closure1.call(ClickKeyword.groovy)
	at com.kms.katalon.core.webui.keyword.internal.WebUIKeywordMain.runKeyword(WebUIKeywordMain.groovy:20)
	at com.kms.katalon.core.webui.keyword.builtin.ClickKeyword.click(ClickKeyword.groovy:74)
	at com.kms.katalon.core.webui.keyword.builtin.ClickKeyword.execute(ClickKeyword.groovy:40)
	at com.kms.katalon.core.keyword.internal.KeywordExecutor.executeKeywordForPlatform(KeywordExecutor.groovy:74)
	at com.kms.katalon.core.webui.keyword.WebUiBuiltInKeywords.click(WebUiBuiltInKeywords.groovy:620)
	at com.kms.katalon.core.webui.keyword.WebUiBuiltInKeywords$click$3.call(Unknown Source)
	at Script1642351698759.run(Script1642351698759.groovy:26)
	... 13 more
)

2022-01-17 20:02:18 - [MESSAGE][INFO] - Unable to find the element located by 'By.xpath: //a[@id='action-menu-toggle-2']/i'. Please recheck the objects properties to make sure the desired element is located. 

2022-01-17 20:02:18 - [MESSAGE][FAILED] - Unable to click on object 'Object Repository/Page_Course New Course Edited/i_New Course Edited_icon fa fa-cog fa-fw (4)' (Root cause: com.kms.katalon.core.exception.StepFailedException: Unable to click on object 'Object Repository/Page_Course New Course Edited/i_New Course Edited_icon fa fa-cog fa-fw (4)'
	at com.kms.katalon.core.webui.keyword.internal.WebUIKeywordMain.stepFailed(WebUIKeywordMain.groovy:64)
	at com.kms.katalon.core.webui.keyword.internal.WebUIKeywordMain.runKeyword(WebUIKeywordMain.groovy:26)
	at com.kms.katalon.core.webui.keyword.builtin.ClickKeyword.click(ClickKeyword.groovy:74)
	at com.kms.katalon.core.webui.keyword.builtin.ClickKeyword.execute(ClickKeyword.groovy:40)
	at com.kms.katalon.core.keyword.internal.KeywordExecutor.executeKeywordForPlatform(KeywordExecutor.groovy:74)
	at com.kms.katalon.core.webui.keyword.WebUiBuiltInKeywords.click(WebUiBuiltInKeywords.groovy:620)
	at com.kms.katalon.core.webui.keyword.WebUiBuiltInKeywords$click$3.call(Unknown Source)
	at Admin Assign Course Teacher.run(Admin Assign Course Teacher:26)
	at com.kms.katalon.core.main.ScriptEngine.run(ScriptEngine.java:194)
	at com.kms.katalon.core.main.ScriptEngine.runScriptAsRawText(ScriptEngine.java:119)
	at com.kms.katalon.core.main.TestCaseExecutor.runScript(TestCaseExecutor.java:442)
	at com.kms.katalon.core.main.TestCaseExecutor.doExecute(TestCaseExecutor.java:433)
	at com.kms.katalon.core.main.TestCaseExecutor.processExecutionPhase(TestCaseExecutor.java:412)
	at com.kms.katalon.core.main.TestCaseExecutor.accessMainPhase(TestCaseExecutor.java:404)
	at com.kms.katalon.core.main.TestCaseExecutor.execute(TestCaseExecutor.java:281)
	at com.kms.katalon.core.main.TestSuiteExecutor.accessTestCaseMainPhase(TestSuiteExecutor.java:202)
	at com.kms.katalon.core.main.TestSuiteExecutor.accessTestSuiteMainPhase(TestSuiteExecutor.java:164)
	at com.kms.katalon.core.main.TestSuiteExecutor.execute(TestSuiteExecutor.java:105)
	at com.kms.katalon.core.main.TestCaseMain.startTestSuite(TestCaseMain.java:181)
	at com.kms.katalon.core.main.TestCaseMain$startTestSuite$0.call(Unknown Source)
	at TempTestSuite1642424191868.run(TempTestSuite1642424191868.groovy:36)
Caused by: com.kms.katalon.core.webui.exception.WebElementNotFoundException: Web element with id: 'Object Repository/Page_Course New Course Edited/i_New Course Edited_icon fa fa-cog fa-fw (4)' located by '//a[@id='action-menu-toggle-2']/i' not found
	at com.kms.katalon.core.webui.common.WebUiCommonHelper.findWebElement(WebUiCommonHelper.java:1368)
	at com.kms.katalon.core.webui.keyword.internal.WebUIAbstractKeyword.findWebElement(WebUIAbstractKeyword.groovy:27)
	at com.kms.katalon.core.webui.keyword.builtin.ClickKeyword$_click_closure1.doCall(ClickKeyword.groovy:65)
	at com.kms.katalon.core.webui.keyword.builtin.ClickKeyword$_click_closure1.call(ClickKeyword.groovy)
	at com.kms.katalon.core.webui.keyword.internal.WebUIKeywordMain.runKeyword(WebUIKeywordMain.groovy:20)
	at com.kms.katalon.core.webui.keyword.builtin.ClickKeyword.click(ClickKeyword.groovy:74)
	at com.kms.katalon.core.webui.keyword.builtin.ClickKeyword.execute(ClickKeyword.groovy:40)
	at com.kms.katalon.core.keyword.internal.KeywordExecutor.executeKeywordForPlatform(KeywordExecutor.groovy:74)
	at com.kms.katalon.core.webui.keyword.WebUiBuiltInKeywords.click(WebUiBuiltInKeywords.groovy:620)
	at com.kms.katalon.core.webui.keyword.WebUiBuiltInKeywords$click$3.call(Unknown Source)
	at Script1642351698759.run(Script1642351698759.groovy:26)
	... 13 more
)
[[ATTACHMENT|C:\\Users\\Minh Duc\\Desktop\\Test-Automation-SE-Bonus\\Test Automation - SE Bonus\\Reports\\20220117_195631\\Run all test cases\\20220117_195631\\1642424538107.png]]]]></system-out>
         <system-err><![CDATA[2022-01-17 20:01:33 - [TEST_CASE][FAILED] - Test Cases/Admin Assign Course Teacher: Test Cases/Admin Assign Course Teacher FAILED.
Reason:
com.kms.katalon.core.exception.StepFailedException: Unable to click on object 'Object Repository/Page_Course New Course Edited/i_New Course Edited_icon fa fa-cog fa-fw (4)'
	at com.kms.katalon.core.webui.keyword.internal.WebUIKeywordMain.stepFailed(WebUIKeywordMain.groovy:64)
	at com.kms.katalon.core.webui.keyword.internal.WebUIKeywordMain.runKeyword(WebUIKeywordMain.groovy:26)
	at com.kms.katalon.core.webui.keyword.builtin.ClickKeyword.click(ClickKeyword.groovy:74)
	at com.kms.katalon.core.webui.keyword.builtin.ClickKeyword.execute(ClickKeyword.groovy:40)
	at com.kms.katalon.core.keyword.internal.KeywordExecutor.executeKeywordForPlatform(KeywordExecutor.groovy:74)
	at com.kms.katalon.core.webui.keyword.WebUiBuiltInKeywords.click(WebUiBuiltInKeywords.groovy:620)
	at com.kms.katalon.core.webui.keyword.WebUiBuiltInKeywords$click$3.call(Unknown Source)
	at Admin Assign Course Teacher.run(Admin Assign Course Teacher:26)
	at com.kms.katalon.core.main.ScriptEngine.run(ScriptEngine.java:194)
	at com.kms.katalon.core.main.ScriptEngine.runScriptAsRawText(ScriptEngine.java:119)
	at com.kms.katalon.core.main.TestCaseExecutor.runScript(TestCaseExecutor.java:442)
	at com.kms.katalon.core.main.TestCaseExecutor.doExecute(TestCaseExecutor.java:433)
	at com.kms.katalon.core.main.TestCaseExecutor.processExecutionPhase(TestCaseExecutor.java:412)
	at com.kms.katalon.core.main.TestCaseExecutor.accessMainPhase(TestCaseExecutor.java:404)
	at com.kms.katalon.core.main.TestCaseExecutor.execute(TestCaseExecutor.java:281)
	at com.kms.katalon.core.main.TestSuiteExecutor.accessTestCaseMainPhase(TestSuiteExecutor.java:202)
	at com.kms.katalon.core.main.TestSuiteExecutor.accessTestSuiteMainPhase(TestSuiteExecutor.java:164)
	at com.kms.katalon.core.main.TestSuiteExecutor.execute(TestSuiteExecutor.java:105)
	at com.kms.katalon.core.main.TestCaseMain.startTestSuite(TestCaseMain.java:181)
	at com.kms.katalon.core.main.TestCaseMain$startTestSuite$0.call(Unknown Source)
	at TempTestSuite1642424191868.run(TempTestSuite1642424191868.groovy:36)
Caused by: com.kms.katalon.core.webui.exception.WebElementNotFoundException: Web element with id: 'Object Repository/Page_Course New Course Edited/i_New Course Edited_icon fa fa-cog fa-fw (4)' located by '//a[@id='action-menu-toggle-2']/i' not found
	at com.kms.katalon.core.webui.common.WebUiCommonHelper.findWebElement(WebUiCommonHelper.java:1368)
	at com.kms.katalon.core.webui.keyword.internal.WebUIAbstractKeyword.findWebElement(WebUIAbstractKeyword.groovy:27)
	at com.kms.katalon.core.webui.keyword.builtin.ClickKeyword$_click_closure1.doCall(ClickKeyword.groovy:65)
	at com.kms.katalon.core.webui.keyword.builtin.ClickKeyword$_click_closure1.call(ClickKeyword.groovy)
	at com.kms.katalon.core.webui.keyword.internal.WebUIKeywordMain.runKeyword(WebUIKeywordMain.groovy:20)
	... 19 more]]></system-err>
      </testcase>
      <testcase name="Test Cases/Admin Remove Course Teacher" time="18.82" classname="Test Cases/Admin Remove Course Teacher" status="FAILED">
         <failure type="FAILED" message="Test Cases/Admin Remove Course Teacher FAILED.
Reason:
com.kms.katalon.core.exception.StepFailedException: Unable to select option by value '2' of object 'Object Repository/Page_Assign role Teacher in Course New Cour_04a7a0/select_c H (hongocminhducgmail.com)'  using regular expression
	at com.kms.katalon.core.webui.keyword.internal.WebUIKeywordMain.stepFailed(WebUIKeywordMain.groovy:64)
	at com.kms.katalon.core.webui.keyword.internal.WebUIKeywordMain.runKeyword(WebUIKeywordMain.groovy:26)
	at com.kms.katalon.core.webui.keyword.builtin.SelectOptionByValueKeyword.selectOptionByValue(SelectOptionByValueKeyword.groovy:99)
	at com.kms.katalon.core.webui.keyword.builtin.SelectOptionByValueKeyword.execute(SelectOptionByValueKeyword.groovy:71)
	at com.kms.katalon.core.keyword.internal.KeywordExecutor.executeKeywordForPlatform(KeywordExecutor.groovy:74)
	at com.kms.katalon.core.webui.keyword.WebUiBuiltInKeywords.selectOptionByValue(WebUiBuiltInKeywords.groovy:1168)
	at com.kms.katalon.core.webui.keyword.WebUiBuiltInKeywords$selectOptionByValue$4.call(Unknown Source)
	at Admin Remove Course Teacher.run(Admin Remove Course Teacher:38)
	at com.kms.katalon.core.main.ScriptEngine.run(ScriptEngine.java:194)
	at com.kms.katalon.core.main.ScriptEngine.runScriptAsRawText(ScriptEngine.java:119)
	at com.kms.katalon.core.main.TestCaseExecutor.runScript(TestCaseExecutor.java:442)
	at com.kms.katalon.core.main.TestCaseExecutor.doExecute(TestCaseExecutor.java:433)
	at com.kms.katalon.core.main.TestCaseExecutor.processExecutionPhase(TestCaseExecutor.java:412)
	at com.kms.katalon.core.main.TestCaseExecutor.accessMainPhase(TestCaseExecutor.java:404)
	at com.kms.katalon.core.main.TestCaseExecutor.execute(TestCaseExecutor.java:281)
	at com.kms.katalon.core.main.TestSuiteExecutor.accessTestCaseMainPhase(TestSuiteExecutor.java:202)
	at com.kms.katalon.core.main.TestSuiteExecutor.accessTestSuiteMainPhase(TestSuiteExecutor.java:164)
	at com.kms.katalon.core.main.TestSuiteExecutor.execute(TestSuiteExecutor.java:105)
	at com.kms.katalon.core.main.TestCaseMain.startTestSuite(TestCaseMain.java:181)
	at com.kms.katalon.core.main.TestCaseMain$startTestSuite$0.call(Unknown Source)
	at TempTestSuite1642424191868.run(TempTestSuite1642424191868.groovy:36)
Caused by: com.kms.katalon.core.exception.StepFailedException: No option matched.
	at com.kms.katalon.core.keyword.internal.KeywordMain.stepFailed(KeywordMain.groovy:50)
	at com.kms.katalon.core.keyword.internal.KeywordMain.stepFailed(KeywordMain.groovy)
	at com.kms.katalon.core.keyword.internal.KeywordMain.stepFailed(KeywordMain.groovy:23)
	at com.kms.katalon.core.webui.keyword.builtin.SelectOptionByValueKeyword$_selectOptionByValue_closure1.doCall(SelectOptionByValueKeyword.groovy:92)
	at com.kms.katalon.core.webui.keyword.builtin.SelectOptionByValueKeyword$_selectOptionByValue_closure1.call(SelectOptionByValueKeyword.groovy)
	at com.kms.katalon.core.webui.keyword.internal.WebUIKeywordMain.runKeyword(WebUIKeywordMain.groovy:20)
	... 19 more
"/>
         <system-out><![CDATA[2022-01-17 20:02:18 - [TEST_CASE][FAILED] - Test Cases/Admin Remove Course Teacher: Test Cases/Admin Remove Course Teacher FAILED.
Reason:
com.kms.katalon.core.exception.StepFailedException: Unable to select option by value '2' of object 'Object Repository/Page_Assign role Teacher in Course New Cour_04a7a0/select_c H (hongocminhducgmail.com)'  using regular expression
	at com.kms.katalon.core.webui.keyword.internal.WebUIKeywordMain.stepFailed(WebUIKeywordMain.groovy:64)
	at com.kms.katalon.core.webui.keyword.internal.WebUIKeywordMain.runKeyword(WebUIKeywordMain.groovy:26)
	at com.kms.katalon.core.webui.keyword.builtin.SelectOptionByValueKeyword.selectOptionByValue(SelectOptionByValueKeyword.groovy:99)
	at com.kms.katalon.core.webui.keyword.builtin.SelectOptionByValueKeyword.execute(SelectOptionByValueKeyword.groovy:71)
	at com.kms.katalon.core.keyword.internal.KeywordExecutor.executeKeywordForPlatform(KeywordExecutor.groovy:74)
	at com.kms.katalon.core.webui.keyword.WebUiBuiltInKeywords.selectOptionByValue(WebUiBuiltInKeywords.groovy:1168)
	at com.kms.katalon.core.webui.keyword.WebUiBuiltInKeywords$selectOptionByValue$4.call(Unknown Source)
	at Admin Remove Course Teacher.run(Admin Remove Course Teacher:38)
	at com.kms.katalon.core.main.ScriptEngine.run(ScriptEngine.java:194)
	at com.kms.katalon.core.main.ScriptEngine.runScriptAsRawText(ScriptEngine.java:119)
	at com.kms.katalon.core.main.TestCaseExecutor.runScript(TestCaseExecutor.java:442)
	at com.kms.katalon.core.main.TestCaseExecutor.doExecute(TestCaseExecutor.java:433)
	at com.kms.katalon.core.main.TestCaseExecutor.processExecutionPhase(TestCaseExecutor.java:412)
	at com.kms.katalon.core.main.TestCaseExecutor.accessMainPhase(TestCaseExecutor.java:404)
	at com.kms.katalon.core.main.TestCaseExecutor.execute(TestCaseExecutor.java:281)
	at com.kms.katalon.core.main.TestSuiteExecutor.accessTestCaseMainPhase(TestSuiteExecutor.java:202)
	at com.kms.katalon.core.main.TestSuiteExecutor.accessTestSuiteMainPhase(TestSuiteExecutor.java:164)
	at com.kms.katalon.core.main.TestSuiteExecutor.execute(TestSuiteExecutor.java:105)
	at com.kms.katalon.core.main.TestCaseMain.startTestSuite(TestCaseMain.java:181)
	at com.kms.katalon.core.main.TestCaseMain$startTestSuite$0.call(Unknown Source)
	at TempTestSuite1642424191868.run(TempTestSuite1642424191868.groovy:36)
Caused by: com.kms.katalon.core.exception.StepFailedException: No option matched.
	at com.kms.katalon.core.keyword.internal.KeywordMain.stepFailed(KeywordMain.groovy:50)
	at com.kms.katalon.core.keyword.internal.KeywordMain.stepFailed(KeywordMain.groovy)
	at com.kms.katalon.core.keyword.internal.KeywordMain.stepFailed(KeywordMain.groovy:23)
	at com.kms.katalon.core.webui.keyword.builtin.SelectOptionByValueKeyword$_selectOptionByValue_closure1.doCall(SelectOptionByValueKeyword.groovy:92)
	at com.kms.katalon.core.webui.keyword.builtin.SelectOptionByValueKeyword$_selectOptionByValue_closure1.call(SelectOptionByValueKeyword.groovy)
	at com.kms.katalon.core.webui.keyword.internal.WebUIKeywordMain.runKeyword(WebUIKeywordMain.groovy:20)
	... 19 more


2022-01-17 20:02:18 - [TEST_STEP][PASSED] - callTestCase(findTestCase("Admin Login"), [:], STOP_ON_FAILURE): Call Test Case 'Test Cases/Admin Login' successfully

2022-01-17 20:02:18 - [TEST_CASE][PASSED] - Test Cases/Admin Login: Test Cases/Admin Login

2022-01-17 20:02:18 - [TEST_STEP][PASSED] - openBrowser(""): Browser is opened with url: ''

2022-01-17 20:02:18 - [MESSAGE][WARNING] - A browser is already opened. Closing browser and opening a new one

2022-01-17 20:02:19 - [MESSAGE][INFO] - Starting 'Chrome' driver

2022-01-17 20:02:19 - [MESSAGE][INFO] - Action delay is set to 0 milliseconds

2022-01-17 20:02:20 - [MESSAGE][PASSED] - Browser is opened with url: ''

2022-01-17 20:02:20 - [TEST_STEP][PASSED] - navigateToUrl("http://localhost/moodle/login/index.php"): Navigate to 'http://localhost/moodle/login/index.php' successfully

2022-01-17 20:02:21 - [MESSAGE][PASSED] - Navigate to 'http://localhost/moodle/login/index.php' successfully

2022-01-17 20:02:21 - [TEST_STEP][PASSED] - setText(findTestObject("Object Repository/Page_Moodle Log in to the site/input_Username_username"), "admin"): Text 'admin' is set on object 'Object Repository/Page_Moodle Log in to the site/input_Username_username'

2022-01-17 20:02:22 - [MESSAGE][PASSED] - Text 'admin' is set on object 'Object Repository/Page_Moodle Log in to the site/input_Username_username'

2022-01-17 20:02:22 - [TEST_STEP][PASSED] - setEncryptedText(findTestObject("Object Repository/Page_Moodle Log in to the site/input_Password_password"), "8JanWqnBZBo6yBKKrpSnpw=="): Text ****** has been set on object 'Object Repository/Page_Moodle Log in to the site/input_Password_password'

2022-01-17 20:02:23 - [MESSAGE][PASSED] - Text ****** has been set on object 'Object Repository/Page_Moodle Log in to the site/input_Password_password'

2022-01-17 20:02:23 - [TEST_STEP][PASSED] - click(findTestObject("Object Repository/Page_Moodle Log in to the site/button_Log in")): Object: 'Object Repository/Page_Moodle Log in to the site/button_Log in' is clicked on

2022-01-17 20:02:25 - [MESSAGE][PASSED] - Object: 'Object Repository/Page_Moodle Log in to the site/button_Log in' is clicked on

2022-01-17 20:02:25 - [MESSAGE][PASSED] - Call Test Case 'Test Cases/Admin Login' successfully

2022-01-17 20:02:25 - [TEST_STEP][PASSED] - click(findTestObject("Object Repository/Page_Dashboard/span_Site home (5)")): Object: 'Object Repository/Page_Dashboard/span_Site home (5)' is clicked on

2022-01-17 20:02:28 - [MESSAGE][PASSED] - Object: 'Object Repository/Page_Dashboard/span_Site home (5)' is clicked on

2022-01-17 20:02:28 - [TEST_STEP][PASSED] - click(findTestObject("Object Repository/Page_Moodle/a_New Course Edited (4)")): Object: 'Object Repository/Page_Moodle/a_New Course Edited (4)' is clicked on

2022-01-17 20:02:29 - [MESSAGE][PASSED] - Object: 'Object Repository/Page_Moodle/a_New Course Edited (4)' is clicked on

2022-01-17 20:02:29 - [TEST_STEP][PASSED] - click(findTestObject("Object Repository/Page_Course New Course Edited/i_New Course Edited_icon fa fa-cog fa-fw (4)")): Object: 'Object Repository/Page_Course New Course Edited/i_New Course Edited_icon fa fa-cog fa-fw (4)' is clicked on

2022-01-17 20:02:30 - [MESSAGE][PASSED] - Object: 'Object Repository/Page_Course New Course Edited/i_New Course Edited_icon fa fa-cog fa-fw (4)' is clicked on

2022-01-17 20:02:30 - [TEST_STEP][PASSED] - click(findTestObject("Object Repository/Page_Course New Course Edited/a_More (4)")): Object: 'Object Repository/Page_Course New Course Edited/a_More (4)' is clicked on

2022-01-17 20:02:31 - [MESSAGE][PASSED] - Object: 'Object Repository/Page_Course New Course Edited/a_More (4)' is clicked on

2022-01-17 20:02:31 - [TEST_STEP][PASSED] - click(findTestObject("Object Repository/Page_Course administration/a_Users (4)")): Object: 'Object Repository/Page_Course administration/a_Users (4)' is clicked on

2022-01-17 20:02:32 - [MESSAGE][PASSED] - Object: 'Object Repository/Page_Course administration/a_Users (4)' is clicked on

2022-01-17 20:02:32 - [TEST_STEP][PASSED] - click(findTestObject("Object Repository/Page_Course administration/a_Other users")): Object: 'Object Repository/Page_Course administration/a_Other users' is clicked on

2022-01-17 20:02:33 - [MESSAGE][PASSED] - Object: 'Object Repository/Page_Course administration/a_Other users' is clicked on

2022-01-17 20:02:33 - [TEST_STEP][PASSED] - click(findTestObject("Object Repository/Page_New Course Edited 0 other users/button_Assign roles")): Object: 'Object Repository/Page_New Course Edited 0 other users/button_Assign roles' is clicked on

2022-01-17 20:02:34 - [MESSAGE][PASSED] - Object: 'Object Repository/Page_New Course Edited 0 other users/button_Assign roles' is clicked on

2022-01-17 20:02:34 - [TEST_STEP][PASSED] - click(findTestObject("Object Repository/Page_Assign roles in Course New Course Edited/a_Teacher")): Object: 'Object Repository/Page_Assign roles in Course New Course Edited/a_Teacher' is clicked on

2022-01-17 20:02:36 - [MESSAGE][PASSED] - Object: 'Object Repository/Page_Assign roles in Course New Course Edited/a_Teacher' is clicked on

2022-01-17 20:02:36 - [TEST_STEP][FAILED] - selectOptionByValue(findTestObject("Object Repository/Page_Assign role Teacher in Course New Cour_04a7a0/select_c H (hongocminhducgmail.com)"), "2", true): Unable to select option by value '2' of object 'Object Repository/Page_Assign role Teacher in Course New Cour_04a7a0/select_c H (hongocminhducgmail.com)'  using regular expression (Root cause: com.kms.katalon.core.exception.StepFailedException: Unable to select option by value '2' of object 'Object Repository/Page_Assign role Teacher in Course New Cour_04a7a0/select_c H (hongocminhducgmail.com)'  using regular expression
	at com.kms.katalon.core.webui.keyword.internal.WebUIKeywordMain.stepFailed(WebUIKeywordMain.groovy:64)
	at com.kms.katalon.core.webui.keyword.internal.WebUIKeywordMain.runKeyword(WebUIKeywordMain.groovy:26)
	at com.kms.katalon.core.webui.keyword.builtin.SelectOptionByValueKeyword.selectOptionByValue(SelectOptionByValueKeyword.groovy:99)
	at com.kms.katalon.core.webui.keyword.builtin.SelectOptionByValueKeyword.execute(SelectOptionByValueKeyword.groovy:71)
	at com.kms.katalon.core.keyword.internal.KeywordExecutor.executeKeywordForPlatform(KeywordExecutor.groovy:74)
	at com.kms.katalon.core.webui.keyword.WebUiBuiltInKeywords.selectOptionByValue(WebUiBuiltInKeywords.groovy:1168)
	at com.kms.katalon.core.webui.keyword.WebUiBuiltInKeywords$selectOptionByValue$4.call(Unknown Source)
	at Admin Remove Course Teacher.run(Admin Remove Course Teacher:38)
	at com.kms.katalon.core.main.ScriptEngine.run(ScriptEngine.java:194)
	at com.kms.katalon.core.main.ScriptEngine.runScriptAsRawText(ScriptEngine.java:119)
	at com.kms.katalon.core.main.TestCaseExecutor.runScript(TestCaseExecutor.java:442)
	at com.kms.katalon.core.main.TestCaseExecutor.doExecute(TestCaseExecutor.java:433)
	at com.kms.katalon.core.main.TestCaseExecutor.processExecutionPhase(TestCaseExecutor.java:412)
	at com.kms.katalon.core.main.TestCaseExecutor.accessMainPhase(TestCaseExecutor.java:404)
	at com.kms.katalon.core.main.TestCaseExecutor.execute(TestCaseExecutor.java:281)
	at com.kms.katalon.core.main.TestSuiteExecutor.accessTestCaseMainPhase(TestSuiteExecutor.java:202)
	at com.kms.katalon.core.main.TestSuiteExecutor.accessTestSuiteMainPhase(TestSuiteExecutor.java:164)
	at com.kms.katalon.core.main.TestSuiteExecutor.execute(TestSuiteExecutor.java:105)
	at com.kms.katalon.core.main.TestCaseMain.startTestSuite(TestCaseMain.java:181)
	at com.kms.katalon.core.main.TestCaseMain$startTestSuite$0.call(Unknown Source)
	at TempTestSuite1642424191868.run(TempTestSuite1642424191868.groovy:36)
Caused by: com.kms.katalon.core.exception.StepFailedException: No option matched.
	at com.kms.katalon.core.keyword.internal.KeywordMain.stepFailed(KeywordMain.groovy:50)
	at com.kms.katalon.core.keyword.internal.KeywordMain.stepFailed(KeywordMain.groovy)
	at com.kms.katalon.core.keyword.internal.KeywordMain.stepFailed(KeywordMain.groovy:23)
	at com.kms.katalon.core.webui.keyword.builtin.SelectOptionByValueKeyword$_selectOptionByValue_closure1.doCall(SelectOptionByValueKeyword.groovy:92)
	at com.kms.katalon.core.webui.keyword.builtin.SelectOptionByValueKeyword$_selectOptionByValue_closure1.call(SelectOptionByValueKeyword.groovy)
	at com.kms.katalon.core.webui.keyword.internal.WebUIKeywordMain.runKeyword(WebUIKeywordMain.groovy:20)
	at com.kms.katalon.core.webui.keyword.builtin.SelectOptionByValueKeyword.selectOptionByValue(SelectOptionByValueKeyword.groovy:99)
	at com.kms.katalon.core.webui.keyword.builtin.SelectOptionByValueKeyword.execute(SelectOptionByValueKeyword.groovy:71)
	at com.kms.katalon.core.keyword.internal.KeywordExecutor.executeKeywordForPlatform(KeywordExecutor.groovy:74)
	at com.kms.katalon.core.webui.keyword.WebUiBuiltInKeywords.selectOptionByValue(WebUiBuiltInKeywords.groovy:1168)
	at com.kms.katalon.core.webui.keyword.WebUiBuiltInKeywords$selectOptionByValue$4.call(Unknown Source)
	at Script1642351686856.run(Script1642351686856.groovy:38)
	... 13 more
)

2022-01-17 20:02:37 - [MESSAGE][FAILED] - No option matched.

2022-01-17 20:02:37 - [MESSAGE][FAILED] - Unable to select option by value '2' of object 'Object Repository/Page_Assign role Teacher in Course New Cour_04a7a0/select_c H (hongocminhducgmail.com)'  using regular expression (Root cause: com.kms.katalon.core.exception.StepFailedException: Unable to select option by value '2' of object 'Object Repository/Page_Assign role Teacher in Course New Cour_04a7a0/select_c H (hongocminhducgmail.com)'  using regular expression
	at com.kms.katalon.core.webui.keyword.internal.WebUIKeywordMain.stepFailed(WebUIKeywordMain.groovy:64)
	at com.kms.katalon.core.webui.keyword.internal.WebUIKeywordMain.runKeyword(WebUIKeywordMain.groovy:26)
	at com.kms.katalon.core.webui.keyword.builtin.SelectOptionByValueKeyword.selectOptionByValue(SelectOptionByValueKeyword.groovy:99)
	at com.kms.katalon.core.webui.keyword.builtin.SelectOptionByValueKeyword.execute(SelectOptionByValueKeyword.groovy:71)
	at com.kms.katalon.core.keyword.internal.KeywordExecutor.executeKeywordForPlatform(KeywordExecutor.groovy:74)
	at com.kms.katalon.core.webui.keyword.WebUiBuiltInKeywords.selectOptionByValue(WebUiBuiltInKeywords.groovy:1168)
	at com.kms.katalon.core.webui.keyword.WebUiBuiltInKeywords$selectOptionByValue$4.call(Unknown Source)
	at Admin Remove Course Teacher.run(Admin Remove Course Teacher:38)
	at com.kms.katalon.core.main.ScriptEngine.run(ScriptEngine.java:194)
	at com.kms.katalon.core.main.ScriptEngine.runScriptAsRawText(ScriptEngine.java:119)
	at com.kms.katalon.core.main.TestCaseExecutor.runScript(TestCaseExecutor.java:442)
	at com.kms.katalon.core.main.TestCaseExecutor.doExecute(TestCaseExecutor.java:433)
	at com.kms.katalon.core.main.TestCaseExecutor.processExecutionPhase(TestCaseExecutor.java:412)
	at com.kms.katalon.core.main.TestCaseExecutor.accessMainPhase(TestCaseExecutor.java:404)
	at com.kms.katalon.core.main.TestCaseExecutor.execute(TestCaseExecutor.java:281)
	at com.kms.katalon.core.main.TestSuiteExecutor.accessTestCaseMainPhase(TestSuiteExecutor.java:202)
	at com.kms.katalon.core.main.TestSuiteExecutor.accessTestSuiteMainPhase(TestSuiteExecutor.java:164)
	at com.kms.katalon.core.main.TestSuiteExecutor.execute(TestSuiteExecutor.java:105)
	at com.kms.katalon.core.main.TestCaseMain.startTestSuite(TestCaseMain.java:181)
	at com.kms.katalon.core.main.TestCaseMain$startTestSuite$0.call(Unknown Source)
	at TempTestSuite1642424191868.run(TempTestSuite1642424191868.groovy:36)
Caused by: com.kms.katalon.core.exception.StepFailedException: No option matched.
	at com.kms.katalon.core.keyword.internal.KeywordMain.stepFailed(KeywordMain.groovy:50)
	at com.kms.katalon.core.keyword.internal.KeywordMain.stepFailed(KeywordMain.groovy)
	at com.kms.katalon.core.keyword.internal.KeywordMain.stepFailed(KeywordMain.groovy:23)
	at com.kms.katalon.core.webui.keyword.builtin.SelectOptionByValueKeyword$_selectOptionByValue_closure1.doCall(SelectOptionByValueKeyword.groovy:92)
	at com.kms.katalon.core.webui.keyword.builtin.SelectOptionByValueKeyword$_selectOptionByValue_closure1.call(SelectOptionByValueKeyword.groovy)
	at com.kms.katalon.core.webui.keyword.internal.WebUIKeywordMain.runKeyword(WebUIKeywordMain.groovy:20)
	at com.kms.katalon.core.webui.keyword.builtin.SelectOptionByValueKeyword.selectOptionByValue(SelectOptionByValueKeyword.groovy:99)
	at com.kms.katalon.core.webui.keyword.builtin.SelectOptionByValueKeyword.execute(SelectOptionByValueKeyword.groovy:71)
	at com.kms.katalon.core.keyword.internal.KeywordExecutor.executeKeywordForPlatform(KeywordExecutor.groovy:74)
	at com.kms.katalon.core.webui.keyword.WebUiBuiltInKeywords.selectOptionByValue(WebUiBuiltInKeywords.groovy:1168)
	at com.kms.katalon.core.webui.keyword.WebUiBuiltInKeywords$selectOptionByValue$4.call(Unknown Source)
	at Script1642351686856.run(Script1642351686856.groovy:38)
	... 13 more
)
[[ATTACHMENT|C:\\Users\\Minh Duc\\Desktop\\Test-Automation-SE-Bonus\\Test Automation - SE Bonus\\Reports\\20220117_195631\\Run all test cases\\20220117_195631\\1642424557054.png]]]]></system-out>
         <system-err><![CDATA[2022-01-17 20:02:18 - [TEST_CASE][FAILED] - Test Cases/Admin Remove Course Teacher: Test Cases/Admin Remove Course Teacher FAILED.
Reason:
com.kms.katalon.core.exception.StepFailedException: Unable to select option by value '2' of object 'Object Repository/Page_Assign role Teacher in Course New Cour_04a7a0/select_c H (hongocminhducgmail.com)'  using regular expression
	at com.kms.katalon.core.webui.keyword.internal.WebUIKeywordMain.stepFailed(WebUIKeywordMain.groovy:64)
	at com.kms.katalon.core.webui.keyword.internal.WebUIKeywordMain.runKeyword(WebUIKeywordMain.groovy:26)
	at com.kms.katalon.core.webui.keyword.builtin.SelectOptionByValueKeyword.selectOptionByValue(SelectOptionByValueKeyword.groovy:99)
	at com.kms.katalon.core.webui.keyword.builtin.SelectOptionByValueKeyword.execute(SelectOptionByValueKeyword.groovy:71)
	at com.kms.katalon.core.keyword.internal.KeywordExecutor.executeKeywordForPlatform(KeywordExecutor.groovy:74)
	at com.kms.katalon.core.webui.keyword.WebUiBuiltInKeywords.selectOptionByValue(WebUiBuiltInKeywords.groovy:1168)
	at com.kms.katalon.core.webui.keyword.WebUiBuiltInKeywords$selectOptionByValue$4.call(Unknown Source)
	at Admin Remove Course Teacher.run(Admin Remove Course Teacher:38)
	at com.kms.katalon.core.main.ScriptEngine.run(ScriptEngine.java:194)
	at com.kms.katalon.core.main.ScriptEngine.runScriptAsRawText(ScriptEngine.java:119)
	at com.kms.katalon.core.main.TestCaseExecutor.runScript(TestCaseExecutor.java:442)
	at com.kms.katalon.core.main.TestCaseExecutor.doExecute(TestCaseExecutor.java:433)
	at com.kms.katalon.core.main.TestCaseExecutor.processExecutionPhase(TestCaseExecutor.java:412)
	at com.kms.katalon.core.main.TestCaseExecutor.accessMainPhase(TestCaseExecutor.java:404)
	at com.kms.katalon.core.main.TestCaseExecutor.execute(TestCaseExecutor.java:281)
	at com.kms.katalon.core.main.TestSuiteExecutor.accessTestCaseMainPhase(TestSuiteExecutor.java:202)
	at com.kms.katalon.core.main.TestSuiteExecutor.accessTestSuiteMainPhase(TestSuiteExecutor.java:164)
	at com.kms.katalon.core.main.TestSuiteExecutor.execute(TestSuiteExecutor.java:105)
	at com.kms.katalon.core.main.TestCaseMain.startTestSuite(TestCaseMain.java:181)
	at com.kms.katalon.core.main.TestCaseMain$startTestSuite$0.call(Unknown Source)
	at TempTestSuite1642424191868.run(TempTestSuite1642424191868.groovy:36)
Caused by: com.kms.katalon.core.exception.StepFailedException: No option matched.
	at com.kms.katalon.core.keyword.internal.KeywordMain.stepFailed(KeywordMain.groovy:50)
	at com.kms.katalon.core.keyword.internal.KeywordMain.stepFailed(KeywordMain.groovy)
	at com.kms.katalon.core.keyword.internal.KeywordMain.stepFailed(KeywordMain.groovy:23)
	at com.kms.katalon.core.webui.keyword.builtin.SelectOptionByValueKeyword$_selectOptionByValue_closure1.doCall(SelectOptionByValueKeyword.groovy:92)
	at com.kms.katalon.core.webui.keyword.builtin.SelectOptionByValueKeyword$_selectOptionByValue_closure1.call(SelectOptionByValueKeyword.groovy)
	at com.kms.katalon.core.webui.keyword.internal.WebUIKeywordMain.runKeyword(WebUIKeywordMain.groovy:20)
	... 19 more]]></system-err>
      </testcase>
      <testcase name="Test Cases/Admin assign non-edit teacher" time="21.383" classname="Test Cases/Admin assign non-edit teacher" status="PASSED">
         <system-out><![CDATA[2022-01-17 20:02:37 - [TEST_CASE][PASSED] - Test Cases/Admin assign non-edit teacher: Test Cases/Admin assign non-edit teacher

2022-01-17 20:02:37 - [TEST_STEP][PASSED] - callTestCase(findTestCase("Admin Login"), [:], STOP_ON_FAILURE): Call Test Case 'Test Cases/Admin Login' successfully

2022-01-17 20:02:37 - [TEST_CASE][PASSED] - Test Cases/Admin Login: Test Cases/Admin Login

2022-01-17 20:02:37 - [TEST_STEP][PASSED] - openBrowser(""): Browser is opened with url: ''

2022-01-17 20:02:37 - [MESSAGE][WARNING] - A browser is already opened. Closing browser and opening a new one

2022-01-17 20:02:38 - [MESSAGE][INFO] - Starting 'Chrome' driver

2022-01-17 20:02:38 - [MESSAGE][INFO] - Action delay is set to 0 milliseconds

2022-01-17 20:02:39 - [MESSAGE][PASSED] - Browser is opened with url: ''

2022-01-17 20:02:39 - [TEST_STEP][PASSED] - navigateToUrl("http://localhost/moodle/login/index.php"): Navigate to 'http://localhost/moodle/login/index.php' successfully

2022-01-17 20:02:40 - [MESSAGE][PASSED] - Navigate to 'http://localhost/moodle/login/index.php' successfully

2022-01-17 20:02:40 - [TEST_STEP][PASSED] - setText(findTestObject("Object Repository/Page_Moodle Log in to the site/input_Username_username"), "admin"): Text 'admin' is set on object 'Object Repository/Page_Moodle Log in to the site/input_Username_username'

2022-01-17 20:02:41 - [MESSAGE][PASSED] - Text 'admin' is set on object 'Object Repository/Page_Moodle Log in to the site/input_Username_username'

2022-01-17 20:02:41 - [TEST_STEP][PASSED] - setEncryptedText(findTestObject("Object Repository/Page_Moodle Log in to the site/input_Password_password"), "8JanWqnBZBo6yBKKrpSnpw=="): Text ****** has been set on object 'Object Repository/Page_Moodle Log in to the site/input_Password_password'

2022-01-17 20:02:41 - [MESSAGE][PASSED] - Text ****** has been set on object 'Object Repository/Page_Moodle Log in to the site/input_Password_password'

2022-01-17 20:02:41 - [TEST_STEP][PASSED] - click(findTestObject("Object Repository/Page_Moodle Log in to the site/button_Log in")): Object: 'Object Repository/Page_Moodle Log in to the site/button_Log in' is clicked on

2022-01-17 20:02:44 - [MESSAGE][PASSED] - Object: 'Object Repository/Page_Moodle Log in to the site/button_Log in' is clicked on

2022-01-17 20:02:44 - [MESSAGE][PASSED] - Call Test Case 'Test Cases/Admin Login' successfully

2022-01-17 20:02:44 - [TEST_STEP][PASSED] - click(findTestObject("Object Repository/Page_Dashboard/span_Site home (5)")): Object: 'Object Repository/Page_Dashboard/span_Site home (5)' is clicked on

2022-01-17 20:02:46 - [MESSAGE][PASSED] - Object: 'Object Repository/Page_Dashboard/span_Site home (5)' is clicked on

2022-01-17 20:02:46 - [TEST_STEP][PASSED] - click(findTestObject("Object Repository/Page_Moodle/a_New Course Edited (4)")): Object: 'Object Repository/Page_Moodle/a_New Course Edited (4)' is clicked on

2022-01-17 20:02:48 - [MESSAGE][PASSED] - Object: 'Object Repository/Page_Moodle/a_New Course Edited (4)' is clicked on

2022-01-17 20:02:48 - [TEST_STEP][PASSED] - click(findTestObject("Object Repository/Page_Course New Course Edited/i_New Course Edited_icon fa fa-cog fa-fw (4)")): Object: 'Object Repository/Page_Course New Course Edited/i_New Course Edited_icon fa fa-cog fa-fw (4)' is clicked on

2022-01-17 20:02:48 - [MESSAGE][PASSED] - Object: 'Object Repository/Page_Course New Course Edited/i_New Course Edited_icon fa fa-cog fa-fw (4)' is clicked on

2022-01-17 20:02:48 - [TEST_STEP][PASSED] - click(findTestObject("Object Repository/Page_Course New Course Edited/a_More (4)")): Object: 'Object Repository/Page_Course New Course Edited/a_More (4)' is clicked on

2022-01-17 20:02:50 - [MESSAGE][PASSED] - Object: 'Object Repository/Page_Course New Course Edited/a_More (4)' is clicked on

2022-01-17 20:02:50 - [TEST_STEP][PASSED] - click(findTestObject("Object Repository/Page_Course administration/a_Users (4)")): Object: 'Object Repository/Page_Course administration/a_Users (4)' is clicked on

2022-01-17 20:02:50 - [MESSAGE][PASSED] - Object: 'Object Repository/Page_Course administration/a_Users (4)' is clicked on

2022-01-17 20:02:50 - [TEST_STEP][PASSED] - click(findTestObject("Object Repository/Page_Course administration/a_Other users")): Object: 'Object Repository/Page_Course administration/a_Other users' is clicked on

2022-01-17 20:02:51 - [MESSAGE][PASSED] - Object: 'Object Repository/Page_Course administration/a_Other users' is clicked on

2022-01-17 20:02:51 - [TEST_STEP][PASSED] - click(findTestObject("Object Repository/Page_New Course Edited 0 other users/button_Assign roles")): Object: 'Object Repository/Page_New Course Edited 0 other users/button_Assign roles' is clicked on

2022-01-17 20:02:53 - [MESSAGE][PASSED] - Object: 'Object Repository/Page_New Course Edited 0 other users/button_Assign roles' is clicked on

2022-01-17 20:02:53 - [TEST_STEP][PASSED] - click(findTestObject("Page_Course New Course Edited/a_non_edit")): Object: 'Object Repository/Page_Course New Course Edited/a_non_edit' is clicked on

2022-01-17 20:02:54 - [MESSAGE][PASSED] - Object: 'Object Repository/Page_Course New Course Edited/a_non_edit' is clicked on

2022-01-17 20:02:54 - [TEST_STEP][PASSED] - selectOptionByValue(findTestObject("Object Repository/Page_Assign role Teacher in Course New Cour_04a7a0/select_c H (hongocminhducgmail.com)    c H _8cfc97"), "2", true): All options with value '2' are selected in object 'Object Repository/Page_Assign role Teacher in Course New Cour_04a7a0/select_c H (hongocminhducgmail.com)    c H _8cfc97'  using regular expression

2022-01-17 20:02:55 - [MESSAGE][PASSED] - All options with value '2' are selected in object 'Object Repository/Page_Assign role Teacher in Course New Cour_04a7a0/select_c H (hongocminhducgmail.com)    c H _8cfc97'  using regular expression

2022-01-17 20:02:55 - [TEST_STEP][PASSED] - click(findTestObject("Object Repository/Page_Assign role Teacher in Course New Cour_04a7a0/input_Match the search text anywhere in the_89f7b5")): Object: 'Object Repository/Page_Assign role Teacher in Course New Cour_04a7a0/input_Match the search text anywhere in the_89f7b5' is clicked on

2022-01-17 20:02:57 - [MESSAGE][PASSED] - Object: 'Object Repository/Page_Assign role Teacher in Course New Cour_04a7a0/input_Match the search text anywhere in the_89f7b5' is clicked on

2022-01-17 20:02:57 - [TEST_STEP][PASSED] - click(findTestObject("Object Repository/Page_Assign role Teacher in Course New Cour_04a7a0/a_Back to the list of all roles")): Object: 'Object Repository/Page_Assign role Teacher in Course New Cour_04a7a0/a_Back to the list of all roles' is clicked on

2022-01-17 20:02:58 - [MESSAGE][PASSED] - Object: 'Object Repository/Page_Assign role Teacher in Course New Cour_04a7a0/a_Back to the list of all roles' is clicked on]]></system-out>
         <system-err><![CDATA[]]></system-err>
      </testcase>
      <testcase name="Test Cases/Student Login" time="7.966" classname="Test Cases/Student Login" status="PASSED">
         <system-out><![CDATA[2022-01-17 20:02:58 - [TEST_CASE][PASSED] - Test Cases/Student Login: Test Cases/Student Login

2022-01-17 20:02:59 - [TEST_STEP][PASSED] - openBrowser(""): Browser is opened with url: ''

2022-01-17 20:02:59 - [MESSAGE][WARNING] - A browser is already opened. Closing browser and opening a new one

2022-01-17 20:02:59 - [MESSAGE][INFO] - Starting 'Chrome' driver

2022-01-17 20:02:59 - [MESSAGE][INFO] - Action delay is set to 0 milliseconds

2022-01-17 20:03:01 - [MESSAGE][PASSED] - Browser is opened with url: ''

2022-01-17 20:03:01 - [TEST_STEP][PASSED] - navigateToUrl("http://localhost/moodle/login/index.php"): Navigate to 'http://localhost/moodle/login/index.php' successfully

2022-01-17 20:03:02 - [MESSAGE][PASSED] - Navigate to 'http://localhost/moodle/login/index.php' successfully

2022-01-17 20:03:02 - [TEST_STEP][PASSED] - setText(findTestObject("Object Repository/Page_Moodle Log in to the site/input_Username_username (21)"), "minhduc"): Text 'minhduc' is set on object 'Object Repository/Page_Moodle Log in to the site/input_Username_username (21)'

2022-01-17 20:03:03 - [MESSAGE][PASSED] - Text 'minhduc' is set on object 'Object Repository/Page_Moodle Log in to the site/input_Username_username (21)'

2022-01-17 20:03:03 - [TEST_STEP][PASSED] - click(findTestObject("Object Repository/Page_Moodle Log in to the site/form_document.getElementById(anchor).value _70e5d4")): Object: 'Object Repository/Page_Moodle Log in to the site/form_document.getElementById(anchor).value _70e5d4' is clicked on

2022-01-17 20:03:03 - [MESSAGE][PASSED] - Object: 'Object Repository/Page_Moodle Log in to the site/form_document.getElementById(anchor).value _70e5d4' is clicked on

2022-01-17 20:03:03 - [TEST_STEP][PASSED] - setEncryptedText(findTestObject("Object Repository/Page_Moodle Log in to the site/input_Password_password (21)"), "8JanWqnBZBo6yBKKrpSnpw=="): Text ****** has been set on object 'Object Repository/Page_Moodle Log in to the site/input_Password_password (21)'

2022-01-17 20:03:04 - [MESSAGE][PASSED] - Text ****** has been set on object 'Object Repository/Page_Moodle Log in to the site/input_Password_password (21)'

2022-01-17 20:03:04 - [TEST_STEP][PASSED] - click(findTestObject("Object Repository/Page_Moodle Log in to the site/button_Log in (14)")): Object: 'Object Repository/Page_Moodle Log in to the site/button_Log in (14)' is clicked on

2022-01-17 20:03:06 - [MESSAGE][PASSED] - Object: 'Object Repository/Page_Moodle Log in to the site/button_Log in (14)' is clicked on]]></system-out>
         <system-err><![CDATA[]]></system-err>
      </testcase>
      <testcase name="Test Cases/Student Attempt Quiz" time="15.84" classname="Test Cases/Student Attempt Quiz" status="PASSED">
         <system-out><![CDATA[2022-01-17 20:03:06 - [TEST_CASE][PASSED] - Test Cases/Student Attempt Quiz: Test Cases/Student Attempt Quiz

2022-01-17 20:03:07 - [TEST_STEP][PASSED] - callTestCase(findTestCase("Student Login"), [:], STOP_ON_FAILURE): Call Test Case 'Test Cases/Student Login' successfully

2022-01-17 20:03:07 - [TEST_CASE][PASSED] - Test Cases/Student Login: Test Cases/Student Login

2022-01-17 20:03:07 - [TEST_STEP][PASSED] - openBrowser(""): Browser is opened with url: ''

2022-01-17 20:03:07 - [MESSAGE][WARNING] - A browser is already opened. Closing browser and opening a new one

2022-01-17 20:03:08 - [MESSAGE][INFO] - Starting 'Chrome' driver

2022-01-17 20:03:08 - [MESSAGE][INFO] - Action delay is set to 0 milliseconds

2022-01-17 20:03:09 - [MESSAGE][PASSED] - Browser is opened with url: ''

2022-01-17 20:03:09 - [TEST_STEP][PASSED] - navigateToUrl("http://localhost/moodle/login/index.php"): Navigate to 'http://localhost/moodle/login/index.php' successfully

2022-01-17 20:03:10 - [MESSAGE][PASSED] - Navigate to 'http://localhost/moodle/login/index.php' successfully

2022-01-17 20:03:10 - [TEST_STEP][PASSED] - setText(findTestObject("Object Repository/Page_Moodle Log in to the site/input_Username_username (21)"), "minhduc"): Text 'minhduc' is set on object 'Object Repository/Page_Moodle Log in to the site/input_Username_username (21)'

2022-01-17 20:03:11 - [MESSAGE][PASSED] - Text 'minhduc' is set on object 'Object Repository/Page_Moodle Log in to the site/input_Username_username (21)'

2022-01-17 20:03:11 - [TEST_STEP][PASSED] - click(findTestObject("Object Repository/Page_Moodle Log in to the site/form_document.getElementById(anchor).value _70e5d4")): Object: 'Object Repository/Page_Moodle Log in to the site/form_document.getElementById(anchor).value _70e5d4' is clicked on

2022-01-17 20:03:11 - [MESSAGE][PASSED] - Object: 'Object Repository/Page_Moodle Log in to the site/form_document.getElementById(anchor).value _70e5d4' is clicked on

2022-01-17 20:03:11 - [TEST_STEP][PASSED] - setEncryptedText(findTestObject("Object Repository/Page_Moodle Log in to the site/input_Password_password (21)"), "8JanWqnBZBo6yBKKrpSnpw=="): Text ****** has been set on object 'Object Repository/Page_Moodle Log in to the site/input_Password_password (21)'

2022-01-17 20:03:12 - [MESSAGE][PASSED] - Text ****** has been set on object 'Object Repository/Page_Moodle Log in to the site/input_Password_password (21)'

2022-01-17 20:03:12 - [TEST_STEP][PASSED] - click(findTestObject("Object Repository/Page_Moodle Log in to the site/button_Log in (14)")): Object: 'Object Repository/Page_Moodle Log in to the site/button_Log in (14)' is clicked on

2022-01-17 20:03:14 - [MESSAGE][PASSED] - Object: 'Object Repository/Page_Moodle Log in to the site/button_Log in (14)' is clicked on

2022-01-17 20:03:14 - [MESSAGE][PASSED] - Call Test Case 'Test Cases/Student Login' successfully

2022-01-17 20:03:14 - [TEST_STEP][PASSED] - click(findTestObject("Object Repository/Page_Dashboard/span_Site home (10)")): Object: 'Object Repository/Page_Dashboard/span_Site home (10)' is clicked on

2022-01-17 20:03:18 - [MESSAGE][PASSED] - Object: 'Object Repository/Page_Dashboard/span_Site home (10)' is clicked on

2022-01-17 20:03:18 - [TEST_STEP][PASSED] - click(findTestObject("Object Repository/Page_Moodle/a_New Course Edited (9)")): Object: 'Object Repository/Page_Moodle/a_New Course Edited (9)' is clicked on

2022-01-17 20:03:19 - [MESSAGE][PASSED] - Object: 'Object Repository/Page_Moodle/a_New Course Edited (9)' is clicked on

2022-01-17 20:03:19 - [TEST_STEP][PASSED] - click(findTestObject("Object Repository/Page_Course New Course Edited/span_New Quiz")): Object: 'Object Repository/Page_Course New Course Edited/span_New Quiz' is clicked on

2022-01-17 20:03:20 - [MESSAGE][PASSED] - Object: 'Object Repository/Page_Course New Course Edited/span_New Quiz' is clicked on

2022-01-17 20:03:20 - [TEST_STEP][PASSED] - click(findTestObject("Object Repository/Page_New Course New Quiz/button_Attempt quiz now")): Object: 'Object Repository/Page_New Course New Quiz/button_Attempt quiz now' is clicked on

2022-01-17 20:03:22 - [MESSAGE][PASSED] - Object: 'Object Repository/Page_New Course New Quiz/button_Attempt quiz now' is clicked on]]></system-out>
         <system-err><![CDATA[]]></system-err>
      </testcase>
      <testcase name="Test Cases/Student View Grades" time="14.713" classname="Test Cases/Student View Grades" status="PASSED">
         <system-out><![CDATA[2022-01-17 20:03:22 - [TEST_CASE][PASSED] - Test Cases/Student View Grades: Test Cases/Student View Grades

2022-01-17 20:03:22 - [TEST_STEP][PASSED] - callTestCase(findTestCase("Student Login"), [:], STOP_ON_FAILURE): Call Test Case 'Test Cases/Student Login' successfully

2022-01-17 20:03:22 - [TEST_CASE][PASSED] - Test Cases/Student Login: Test Cases/Student Login

2022-01-17 20:03:22 - [TEST_STEP][PASSED] - openBrowser(""): Browser is opened with url: ''

2022-01-17 20:03:22 - [MESSAGE][WARNING] - A browser is already opened. Closing browser and opening a new one

2022-01-17 20:03:23 - [MESSAGE][INFO] - Starting 'Chrome' driver

2022-01-17 20:03:23 - [MESSAGE][INFO] - Action delay is set to 0 milliseconds

2022-01-17 20:03:24 - [MESSAGE][PASSED] - Browser is opened with url: ''

2022-01-17 20:03:24 - [TEST_STEP][PASSED] - navigateToUrl("http://localhost/moodle/login/index.php"): Navigate to 'http://localhost/moodle/login/index.php' successfully

2022-01-17 20:03:25 - [MESSAGE][PASSED] - Navigate to 'http://localhost/moodle/login/index.php' successfully

2022-01-17 20:03:25 - [TEST_STEP][PASSED] - setText(findTestObject("Object Repository/Page_Moodle Log in to the site/input_Username_username (21)"), "minhduc"): Text 'minhduc' is set on object 'Object Repository/Page_Moodle Log in to the site/input_Username_username (21)'

2022-01-17 20:03:26 - [MESSAGE][PASSED] - Text 'minhduc' is set on object 'Object Repository/Page_Moodle Log in to the site/input_Username_username (21)'

2022-01-17 20:03:26 - [TEST_STEP][PASSED] - click(findTestObject("Object Repository/Page_Moodle Log in to the site/form_document.getElementById(anchor).value _70e5d4")): Object: 'Object Repository/Page_Moodle Log in to the site/form_document.getElementById(anchor).value _70e5d4' is clicked on

2022-01-17 20:03:26 - [MESSAGE][PASSED] - Object: 'Object Repository/Page_Moodle Log in to the site/form_document.getElementById(anchor).value _70e5d4' is clicked on

2022-01-17 20:03:26 - [TEST_STEP][PASSED] - setEncryptedText(findTestObject("Object Repository/Page_Moodle Log in to the site/input_Password_password (21)"), "8JanWqnBZBo6yBKKrpSnpw=="): Text ****** has been set on object 'Object Repository/Page_Moodle Log in to the site/input_Password_password (21)'

2022-01-17 20:03:27 - [MESSAGE][PASSED] - Text ****** has been set on object 'Object Repository/Page_Moodle Log in to the site/input_Password_password (21)'

2022-01-17 20:03:27 - [TEST_STEP][PASSED] - click(findTestObject("Object Repository/Page_Moodle Log in to the site/button_Log in (14)")): Object: 'Object Repository/Page_Moodle Log in to the site/button_Log in (14)' is clicked on

2022-01-17 20:03:29 - [MESSAGE][PASSED] - Object: 'Object Repository/Page_Moodle Log in to the site/button_Log in (14)' is clicked on

2022-01-17 20:03:29 - [MESSAGE][PASSED] - Call Test Case 'Test Cases/Student Login' successfully

2022-01-17 20:03:29 - [TEST_STEP][PASSED] - click(findTestObject("Object Repository/Page_Dashboard/span_Site home (7)")): Object: 'Object Repository/Page_Dashboard/span_Site home (7)' is clicked on

2022-01-17 20:03:34 - [MESSAGE][PASSED] - Object: 'Object Repository/Page_Dashboard/span_Site home (7)' is clicked on

2022-01-17 20:03:34 - [TEST_STEP][PASSED] - click(findTestObject("Object Repository/Page_Moodle/a_New Course Edited (6)")): Object: 'Object Repository/Page_Moodle/a_New Course Edited (6)' is clicked on

2022-01-17 20:03:35 - [MESSAGE][PASSED] - Object: 'Object Repository/Page_Moodle/a_New Course Edited (6)' is clicked on

2022-01-17 20:03:35 - [TEST_STEP][PASSED] - click(findTestObject("Object Repository/Page_Course New Course Edited/span_Grades")): Object: 'Object Repository/Page_Course New Course Edited/span_Grades' is clicked on

2022-01-17 20:03:37 - [MESSAGE][PASSED] - Object: 'Object Repository/Page_Course New Course Edited/span_Grades' is clicked on]]></system-out>
         <system-err><![CDATA[]]></system-err>
      </testcase>
      <testcase name="Test Cases/Student Add New Discussion Topic" time="44.268" classname="Test Cases/Student Add New Discussion Topic" status="FAILED">
         <failure type="FAILED" message="Test Cases/Student Add New Discussion Topic FAILED.
Reason:
com.kms.katalon.core.exception.StepFailedException: Unable to click on object 'Object Repository/Page_Course New Course Edited/span_New Forum'
	at com.kms.katalon.core.webui.keyword.internal.WebUIKeywordMain.stepFailed(WebUIKeywordMain.groovy:64)
	at com.kms.katalon.core.webui.keyword.internal.WebUIKeywordMain.runKeyword(WebUIKeywordMain.groovy:26)
	at com.kms.katalon.core.webui.keyword.builtin.ClickKeyword.click(ClickKeyword.groovy:74)
	at com.kms.katalon.core.webui.keyword.builtin.ClickKeyword.execute(ClickKeyword.groovy:40)
	at com.kms.katalon.core.keyword.internal.KeywordExecutor.executeKeywordForPlatform(KeywordExecutor.groovy:74)
	at com.kms.katalon.core.webui.keyword.WebUiBuiltInKeywords.click(WebUiBuiltInKeywords.groovy:620)
	at com.kms.katalon.core.webui.keyword.WebUiBuiltInKeywords$click$3.call(Unknown Source)
	at Student Add New Discussion Topic.run(Student Add New Discussion Topic:26)
	at com.kms.katalon.core.main.ScriptEngine.run(ScriptEngine.java:194)
	at com.kms.katalon.core.main.ScriptEngine.runScriptAsRawText(ScriptEngine.java:119)
	at com.kms.katalon.core.main.TestCaseExecutor.runScript(TestCaseExecutor.java:442)
	at com.kms.katalon.core.main.TestCaseExecutor.doExecute(TestCaseExecutor.java:433)
	at com.kms.katalon.core.main.TestCaseExecutor.processExecutionPhase(TestCaseExecutor.java:412)
	at com.kms.katalon.core.main.TestCaseExecutor.accessMainPhase(TestCaseExecutor.java:404)
	at com.kms.katalon.core.main.TestCaseExecutor.execute(TestCaseExecutor.java:281)
	at com.kms.katalon.core.main.TestSuiteExecutor.accessTestCaseMainPhase(TestSuiteExecutor.java:202)
	at com.kms.katalon.core.main.TestSuiteExecutor.accessTestSuiteMainPhase(TestSuiteExecutor.java:164)
	at com.kms.katalon.core.main.TestSuiteExecutor.execute(TestSuiteExecutor.java:105)
	at com.kms.katalon.core.main.TestCaseMain.startTestSuite(TestCaseMain.java:181)
	at com.kms.katalon.core.main.TestCaseMain$startTestSuite$0.call(Unknown Source)
	at TempTestSuite1642424191868.run(TempTestSuite1642424191868.groovy:36)
Caused by: com.kms.katalon.core.webui.exception.WebElementNotFoundException: Web element with id: 'Object Repository/Page_Course New Course Edited/span_New Forum' located by '//li[@id='module-2']/div/div/div[2]/div/a/span' not found
	at com.kms.katalon.core.webui.common.WebUiCommonHelper.findWebElement(WebUiCommonHelper.java:1368)
	at com.kms.katalon.core.webui.keyword.internal.WebUIAbstractKeyword.findWebElement(WebUIAbstractKeyword.groovy:27)
	at com.kms.katalon.core.webui.keyword.builtin.ClickKeyword$_click_closure1.doCall(ClickKeyword.groovy:65)
	at com.kms.katalon.core.webui.keyword.builtin.ClickKeyword$_click_closure1.call(ClickKeyword.groovy)
	at com.kms.katalon.core.webui.keyword.internal.WebUIKeywordMain.runKeyword(WebUIKeywordMain.groovy:20)
	... 19 more
"/>
         <system-out><![CDATA[2022-01-17 20:03:37 - [TEST_CASE][FAILED] - Test Cases/Student Add New Discussion Topic: Test Cases/Student Add New Discussion Topic FAILED.
Reason:
com.kms.katalon.core.exception.StepFailedException: Unable to click on object 'Object Repository/Page_Course New Course Edited/span_New Forum'
	at com.kms.katalon.core.webui.keyword.internal.WebUIKeywordMain.stepFailed(WebUIKeywordMain.groovy:64)
	at com.kms.katalon.core.webui.keyword.internal.WebUIKeywordMain.runKeyword(WebUIKeywordMain.groovy:26)
	at com.kms.katalon.core.webui.keyword.builtin.ClickKeyword.click(ClickKeyword.groovy:74)
	at com.kms.katalon.core.webui.keyword.builtin.ClickKeyword.execute(ClickKeyword.groovy:40)
	at com.kms.katalon.core.keyword.internal.KeywordExecutor.executeKeywordForPlatform(KeywordExecutor.groovy:74)
	at com.kms.katalon.core.webui.keyword.WebUiBuiltInKeywords.click(WebUiBuiltInKeywords.groovy:620)
	at com.kms.katalon.core.webui.keyword.WebUiBuiltInKeywords$click$3.call(Unknown Source)
	at Student Add New Discussion Topic.run(Student Add New Discussion Topic:26)
	at com.kms.katalon.core.main.ScriptEngine.run(ScriptEngine.java:194)
	at com.kms.katalon.core.main.ScriptEngine.runScriptAsRawText(ScriptEngine.java:119)
	at com.kms.katalon.core.main.TestCaseExecutor.runScript(TestCaseExecutor.java:442)
	at com.kms.katalon.core.main.TestCaseExecutor.doExecute(TestCaseExecutor.java:433)
	at com.kms.katalon.core.main.TestCaseExecutor.processExecutionPhase(TestCaseExecutor.java:412)
	at com.kms.katalon.core.main.TestCaseExecutor.accessMainPhase(TestCaseExecutor.java:404)
	at com.kms.katalon.core.main.TestCaseExecutor.execute(TestCaseExecutor.java:281)
	at com.kms.katalon.core.main.TestSuiteExecutor.accessTestCaseMainPhase(TestSuiteExecutor.java:202)
	at com.kms.katalon.core.main.TestSuiteExecutor.accessTestSuiteMainPhase(TestSuiteExecutor.java:164)
	at com.kms.katalon.core.main.TestSuiteExecutor.execute(TestSuiteExecutor.java:105)
	at com.kms.katalon.core.main.TestCaseMain.startTestSuite(TestCaseMain.java:181)
	at com.kms.katalon.core.main.TestCaseMain$startTestSuite$0.call(Unknown Source)
	at TempTestSuite1642424191868.run(TempTestSuite1642424191868.groovy:36)
Caused by: com.kms.katalon.core.webui.exception.WebElementNotFoundException: Web element with id: 'Object Repository/Page_Course New Course Edited/span_New Forum' located by '//li[@id='module-2']/div/div/div[2]/div/a/span' not found
	at com.kms.katalon.core.webui.common.WebUiCommonHelper.findWebElement(WebUiCommonHelper.java:1368)
	at com.kms.katalon.core.webui.keyword.internal.WebUIAbstractKeyword.findWebElement(WebUIAbstractKeyword.groovy:27)
	at com.kms.katalon.core.webui.keyword.builtin.ClickKeyword$_click_closure1.doCall(ClickKeyword.groovy:65)
	at com.kms.katalon.core.webui.keyword.builtin.ClickKeyword$_click_closure1.call(ClickKeyword.groovy)
	at com.kms.katalon.core.webui.keyword.internal.WebUIKeywordMain.runKeyword(WebUIKeywordMain.groovy:20)
	... 19 more


2022-01-17 20:03:37 - [TEST_STEP][PASSED] - callTestCase(findTestCase("Student Login"), [:], STOP_ON_FAILURE): Call Test Case 'Test Cases/Student Login' successfully

2022-01-17 20:03:37 - [TEST_CASE][PASSED] - Test Cases/Student Login: Test Cases/Student Login

2022-01-17 20:03:37 - [TEST_STEP][PASSED] - openBrowser(""): Browser is opened with url: ''

2022-01-17 20:03:37 - [MESSAGE][WARNING] - A browser is already opened. Closing browser and opening a new one

2022-01-17 20:03:38 - [MESSAGE][INFO] - Starting 'Chrome' driver

2022-01-17 20:03:38 - [MESSAGE][INFO] - Action delay is set to 0 milliseconds

2022-01-17 20:03:39 - [MESSAGE][PASSED] - Browser is opened with url: ''

2022-01-17 20:03:39 - [TEST_STEP][PASSED] - navigateToUrl("http://localhost/moodle/login/index.php"): Navigate to 'http://localhost/moodle/login/index.php' successfully

2022-01-17 20:03:40 - [MESSAGE][PASSED] - Navigate to 'http://localhost/moodle/login/index.php' successfully

2022-01-17 20:03:40 - [TEST_STEP][PASSED] - setText(findTestObject("Object Repository/Page_Moodle Log in to the site/input_Username_username (21)"), "minhduc"): Text 'minhduc' is set on object 'Object Repository/Page_Moodle Log in to the site/input_Username_username (21)'

2022-01-17 20:03:41 - [MESSAGE][PASSED] - Text 'minhduc' is set on object 'Object Repository/Page_Moodle Log in to the site/input_Username_username (21)'

2022-01-17 20:03:41 - [TEST_STEP][PASSED] - click(findTestObject("Object Repository/Page_Moodle Log in to the site/form_document.getElementById(anchor).value _70e5d4")): Object: 'Object Repository/Page_Moodle Log in to the site/form_document.getElementById(anchor).value _70e5d4' is clicked on

2022-01-17 20:03:41 - [MESSAGE][PASSED] - Object: 'Object Repository/Page_Moodle Log in to the site/form_document.getElementById(anchor).value _70e5d4' is clicked on

2022-01-17 20:03:41 - [TEST_STEP][PASSED] - setEncryptedText(findTestObject("Object Repository/Page_Moodle Log in to the site/input_Password_password (21)"), "8JanWqnBZBo6yBKKrpSnpw=="): Text ****** has been set on object 'Object Repository/Page_Moodle Log in to the site/input_Password_password (21)'

2022-01-17 20:03:42 - [MESSAGE][PASSED] - Text ****** has been set on object 'Object Repository/Page_Moodle Log in to the site/input_Password_password (21)'

2022-01-17 20:03:42 - [TEST_STEP][PASSED] - click(findTestObject("Object Repository/Page_Moodle Log in to the site/button_Log in (14)")): Object: 'Object Repository/Page_Moodle Log in to the site/button_Log in (14)' is clicked on

2022-01-17 20:03:44 - [MESSAGE][PASSED] - Object: 'Object Repository/Page_Moodle Log in to the site/button_Log in (14)' is clicked on

2022-01-17 20:03:44 - [MESSAGE][PASSED] - Call Test Case 'Test Cases/Student Login' successfully

2022-01-17 20:03:44 - [TEST_STEP][PASSED] - click(findTestObject("Object Repository/Page_Dashboard/span_Site home (8)")): Object: 'Object Repository/Page_Dashboard/span_Site home (8)' is clicked on

2022-01-17 20:03:48 - [MESSAGE][PASSED] - Object: 'Object Repository/Page_Dashboard/span_Site home (8)' is clicked on

2022-01-17 20:03:48 - [TEST_STEP][PASSED] - click(findTestObject("Object Repository/Page_Moodle/a_New Course Edited (7)")): Object: 'Object Repository/Page_Moodle/a_New Course Edited (7)' is clicked on

2022-01-17 20:03:49 - [MESSAGE][PASSED] - Object: 'Object Repository/Page_Moodle/a_New Course Edited (7)' is clicked on

2022-01-17 20:03:49 - [TEST_STEP][FAILED] - click(findTestObject("Object Repository/Page_Course New Course Edited/span_New Forum")): Unable to click on object 'Object Repository/Page_Course New Course Edited/span_New Forum' (Root cause: com.kms.katalon.core.exception.StepFailedException: Unable to click on object 'Object Repository/Page_Course New Course Edited/span_New Forum'
	at com.kms.katalon.core.webui.keyword.internal.WebUIKeywordMain.stepFailed(WebUIKeywordMain.groovy:64)
	at com.kms.katalon.core.webui.keyword.internal.WebUIKeywordMain.runKeyword(WebUIKeywordMain.groovy:26)
	at com.kms.katalon.core.webui.keyword.builtin.ClickKeyword.click(ClickKeyword.groovy:74)
	at com.kms.katalon.core.webui.keyword.builtin.ClickKeyword.execute(ClickKeyword.groovy:40)
	at com.kms.katalon.core.keyword.internal.KeywordExecutor.executeKeywordForPlatform(KeywordExecutor.groovy:74)
	at com.kms.katalon.core.webui.keyword.WebUiBuiltInKeywords.click(WebUiBuiltInKeywords.groovy:620)
	at com.kms.katalon.core.webui.keyword.WebUiBuiltInKeywords$click$3.call(Unknown Source)
	at Student Add New Discussion Topic.run(Student Add New Discussion Topic:26)
	at com.kms.katalon.core.main.ScriptEngine.run(ScriptEngine.java:194)
	at com.kms.katalon.core.main.ScriptEngine.runScriptAsRawText(ScriptEngine.java:119)
	at com.kms.katalon.core.main.TestCaseExecutor.runScript(TestCaseExecutor.java:442)
	at com.kms.katalon.core.main.TestCaseExecutor.doExecute(TestCaseExecutor.java:433)
	at com.kms.katalon.core.main.TestCaseExecutor.processExecutionPhase(TestCaseExecutor.java:412)
	at com.kms.katalon.core.main.TestCaseExecutor.accessMainPhase(TestCaseExecutor.java:404)
	at com.kms.katalon.core.main.TestCaseExecutor.execute(TestCaseExecutor.java:281)
	at com.kms.katalon.core.main.TestSuiteExecutor.accessTestCaseMainPhase(TestSuiteExecutor.java:202)
	at com.kms.katalon.core.main.TestSuiteExecutor.accessTestSuiteMainPhase(TestSuiteExecutor.java:164)
	at com.kms.katalon.core.main.TestSuiteExecutor.execute(TestSuiteExecutor.java:105)
	at com.kms.katalon.core.main.TestCaseMain.startTestSuite(TestCaseMain.java:181)
	at com.kms.katalon.core.main.TestCaseMain$startTestSuite$0.call(Unknown Source)
	at TempTestSuite1642424191868.run(TempTestSuite1642424191868.groovy:36)
Caused by: com.kms.katalon.core.webui.exception.WebElementNotFoundException: Web element with id: 'Object Repository/Page_Course New Course Edited/span_New Forum' located by '//li[@id='module-2']/div/div/div[2]/div/a/span' not found
	at com.kms.katalon.core.webui.common.WebUiCommonHelper.findWebElement(WebUiCommonHelper.java:1368)
	at com.kms.katalon.core.webui.keyword.internal.WebUIAbstractKeyword.findWebElement(WebUIAbstractKeyword.groovy:27)
	at com.kms.katalon.core.webui.keyword.builtin.ClickKeyword$_click_closure1.doCall(ClickKeyword.groovy:65)
	at com.kms.katalon.core.webui.keyword.builtin.ClickKeyword$_click_closure1.call(ClickKeyword.groovy)
	at com.kms.katalon.core.webui.keyword.internal.WebUIKeywordMain.runKeyword(WebUIKeywordMain.groovy:20)
	at com.kms.katalon.core.webui.keyword.builtin.ClickKeyword.click(ClickKeyword.groovy:74)
	at com.kms.katalon.core.webui.keyword.builtin.ClickKeyword.execute(ClickKeyword.groovy:40)
	at com.kms.katalon.core.keyword.internal.KeywordExecutor.executeKeywordForPlatform(KeywordExecutor.groovy:74)
	at com.kms.katalon.core.webui.keyword.WebUiBuiltInKeywords.click(WebUiBuiltInKeywords.groovy:620)
	at com.kms.katalon.core.webui.keyword.WebUiBuiltInKeywords$click$3.call(Unknown Source)
	at Script1642383129897.run(Script1642383129897.groovy:26)
	... 13 more
)

2022-01-17 20:04:21 - [MESSAGE][INFO] - Unable to find the element located by 'By.xpath: //li[@id='module-2']/div/div/div[2]/div/a/span'. Please recheck the objects properties to make sure the desired element is located. 

2022-01-17 20:04:21 - [MESSAGE][FAILED] - Unable to click on object 'Object Repository/Page_Course New Course Edited/span_New Forum' (Root cause: com.kms.katalon.core.exception.StepFailedException: Unable to click on object 'Object Repository/Page_Course New Course Edited/span_New Forum'
	at com.kms.katalon.core.webui.keyword.internal.WebUIKeywordMain.stepFailed(WebUIKeywordMain.groovy:64)
	at com.kms.katalon.core.webui.keyword.internal.WebUIKeywordMain.runKeyword(WebUIKeywordMain.groovy:26)
	at com.kms.katalon.core.webui.keyword.builtin.ClickKeyword.click(ClickKeyword.groovy:74)
	at com.kms.katalon.core.webui.keyword.builtin.ClickKeyword.execute(ClickKeyword.groovy:40)
	at com.kms.katalon.core.keyword.internal.KeywordExecutor.executeKeywordForPlatform(KeywordExecutor.groovy:74)
	at com.kms.katalon.core.webui.keyword.WebUiBuiltInKeywords.click(WebUiBuiltInKeywords.groovy:620)
	at com.kms.katalon.core.webui.keyword.WebUiBuiltInKeywords$click$3.call(Unknown Source)
	at Student Add New Discussion Topic.run(Student Add New Discussion Topic:26)
	at com.kms.katalon.core.main.ScriptEngine.run(ScriptEngine.java:194)
	at com.kms.katalon.core.main.ScriptEngine.runScriptAsRawText(ScriptEngine.java:119)
	at com.kms.katalon.core.main.TestCaseExecutor.runScript(TestCaseExecutor.java:442)
	at com.kms.katalon.core.main.TestCaseExecutor.doExecute(TestCaseExecutor.java:433)
	at com.kms.katalon.core.main.TestCaseExecutor.processExecutionPhase(TestCaseExecutor.java:412)
	at com.kms.katalon.core.main.TestCaseExecutor.accessMainPhase(TestCaseExecutor.java:404)
	at com.kms.katalon.core.main.TestCaseExecutor.execute(TestCaseExecutor.java:281)
	at com.kms.katalon.core.main.TestSuiteExecutor.accessTestCaseMainPhase(TestSuiteExecutor.java:202)
	at com.kms.katalon.core.main.TestSuiteExecutor.accessTestSuiteMainPhase(TestSuiteExecutor.java:164)
	at com.kms.katalon.core.main.TestSuiteExecutor.execute(TestSuiteExecutor.java:105)
	at com.kms.katalon.core.main.TestCaseMain.startTestSuite(TestCaseMain.java:181)
	at com.kms.katalon.core.main.TestCaseMain$startTestSuite$0.call(Unknown Source)
	at TempTestSuite1642424191868.run(TempTestSuite1642424191868.groovy:36)
Caused by: com.kms.katalon.core.webui.exception.WebElementNotFoundException: Web element with id: 'Object Repository/Page_Course New Course Edited/span_New Forum' located by '//li[@id='module-2']/div/div/div[2]/div/a/span' not found
	at com.kms.katalon.core.webui.common.WebUiCommonHelper.findWebElement(WebUiCommonHelper.java:1368)
	at com.kms.katalon.core.webui.keyword.internal.WebUIAbstractKeyword.findWebElement(WebUIAbstractKeyword.groovy:27)
	at com.kms.katalon.core.webui.keyword.builtin.ClickKeyword$_click_closure1.doCall(ClickKeyword.groovy:65)
	at com.kms.katalon.core.webui.keyword.builtin.ClickKeyword$_click_closure1.call(ClickKeyword.groovy)
	at com.kms.katalon.core.webui.keyword.internal.WebUIKeywordMain.runKeyword(WebUIKeywordMain.groovy:20)
	at com.kms.katalon.core.webui.keyword.builtin.ClickKeyword.click(ClickKeyword.groovy:74)
	at com.kms.katalon.core.webui.keyword.builtin.ClickKeyword.execute(ClickKeyword.groovy:40)
	at com.kms.katalon.core.keyword.internal.KeywordExecutor.executeKeywordForPlatform(KeywordExecutor.groovy:74)
	at com.kms.katalon.core.webui.keyword.WebUiBuiltInKeywords.click(WebUiBuiltInKeywords.groovy:620)
	at com.kms.katalon.core.webui.keyword.WebUiBuiltInKeywords$click$3.call(Unknown Source)
	at Script1642383129897.run(Script1642383129897.groovy:26)
	... 13 more
)
[[ATTACHMENT|C:\\Users\\Minh Duc\\Desktop\\Test-Automation-SE-Bonus\\Test Automation - SE Bonus\\Reports\\20220117_195631\\Run all test cases\\20220117_195631\\1642424661101.png]]]]></system-out>
         <system-err><![CDATA[2022-01-17 20:03:37 - [TEST_CASE][FAILED] - Test Cases/Student Add New Discussion Topic: Test Cases/Student Add New Discussion Topic FAILED.
Reason:
com.kms.katalon.core.exception.StepFailedException: Unable to click on object 'Object Repository/Page_Course New Course Edited/span_New Forum'
	at com.kms.katalon.core.webui.keyword.internal.WebUIKeywordMain.stepFailed(WebUIKeywordMain.groovy:64)
	at com.kms.katalon.core.webui.keyword.internal.WebUIKeywordMain.runKeyword(WebUIKeywordMain.groovy:26)
	at com.kms.katalon.core.webui.keyword.builtin.ClickKeyword.click(ClickKeyword.groovy:74)
	at com.kms.katalon.core.webui.keyword.builtin.ClickKeyword.execute(ClickKeyword.groovy:40)
	at com.kms.katalon.core.keyword.internal.KeywordExecutor.executeKeywordForPlatform(KeywordExecutor.groovy:74)
	at com.kms.katalon.core.webui.keyword.WebUiBuiltInKeywords.click(WebUiBuiltInKeywords.groovy:620)
	at com.kms.katalon.core.webui.keyword.WebUiBuiltInKeywords$click$3.call(Unknown Source)
	at Student Add New Discussion Topic.run(Student Add New Discussion Topic:26)
	at com.kms.katalon.core.main.ScriptEngine.run(ScriptEngine.java:194)
	at com.kms.katalon.core.main.ScriptEngine.runScriptAsRawText(ScriptEngine.java:119)
	at com.kms.katalon.core.main.TestCaseExecutor.runScript(TestCaseExecutor.java:442)
	at com.kms.katalon.core.main.TestCaseExecutor.doExecute(TestCaseExecutor.java:433)
	at com.kms.katalon.core.main.TestCaseExecutor.processExecutionPhase(TestCaseExecutor.java:412)
	at com.kms.katalon.core.main.TestCaseExecutor.accessMainPhase(TestCaseExecutor.java:404)
	at com.kms.katalon.core.main.TestCaseExecutor.execute(TestCaseExecutor.java:281)
	at com.kms.katalon.core.main.TestSuiteExecutor.accessTestCaseMainPhase(TestSuiteExecutor.java:202)
	at com.kms.katalon.core.main.TestSuiteExecutor.accessTestSuiteMainPhase(TestSuiteExecutor.java:164)
	at com.kms.katalon.core.main.TestSuiteExecutor.execute(TestSuiteExecutor.java:105)
	at com.kms.katalon.core.main.TestCaseMain.startTestSuite(TestCaseMain.java:181)
	at com.kms.katalon.core.main.TestCaseMain$startTestSuite$0.call(Unknown Source)
	at TempTestSuite1642424191868.run(TempTestSuite1642424191868.groovy:36)
Caused by: com.kms.katalon.core.webui.exception.WebElementNotFoundException: Web element with id: 'Object Repository/Page_Course New Course Edited/span_New Forum' located by '//li[@id='module-2']/div/div/div[2]/div/a/span' not found
	at com.kms.katalon.core.webui.common.WebUiCommonHelper.findWebElement(WebUiCommonHelper.java:1368)
	at com.kms.katalon.core.webui.keyword.internal.WebUIAbstractKeyword.findWebElement(WebUIAbstractKeyword.groovy:27)
	at com.kms.katalon.core.webui.keyword.builtin.ClickKeyword$_click_closure1.doCall(ClickKeyword.groovy:65)
	at com.kms.katalon.core.webui.keyword.builtin.ClickKeyword$_click_closure1.call(ClickKeyword.groovy)
	at com.kms.katalon.core.webui.keyword.internal.WebUIKeywordMain.runKeyword(WebUIKeywordMain.groovy:20)
	... 19 more]]></system-err>
      </testcase>
      <testcase name="Test Cases/Student Reply A Discussion Topic" time="19.734" classname="Test Cases/Student Reply A Discussion Topic" status="PASSED">
         <system-out><![CDATA[2022-01-17 20:04:21 - [TEST_CASE][PASSED] - Test Cases/Student Reply A Discussion Topic: Test Cases/Student Reply A Discussion Topic

2022-01-17 20:04:21 - [TEST_STEP][PASSED] - callTestCase(findTestCase("Student Login"), [:], STOP_ON_FAILURE): Call Test Case 'Test Cases/Student Login' successfully

2022-01-17 20:04:21 - [TEST_CASE][PASSED] - Test Cases/Student Login: Test Cases/Student Login

2022-01-17 20:04:21 - [TEST_STEP][PASSED] - openBrowser(""): Browser is opened with url: ''

2022-01-17 20:04:21 - [MESSAGE][WARNING] - A browser is already opened. Closing browser and opening a new one

2022-01-17 20:04:22 - [MESSAGE][INFO] - Starting 'Chrome' driver

2022-01-17 20:04:22 - [MESSAGE][INFO] - Action delay is set to 0 milliseconds

2022-01-17 20:04:23 - [MESSAGE][PASSED] - Browser is opened with url: ''

2022-01-17 20:04:23 - [TEST_STEP][PASSED] - navigateToUrl("http://localhost/moodle/login/index.php"): Navigate to 'http://localhost/moodle/login/index.php' successfully

2022-01-17 20:04:24 - [MESSAGE][PASSED] - Navigate to 'http://localhost/moodle/login/index.php' successfully

2022-01-17 20:04:24 - [TEST_STEP][PASSED] - setText(findTestObject("Object Repository/Page_Moodle Log in to the site/input_Username_username (21)"), "minhduc"): Text 'minhduc' is set on object 'Object Repository/Page_Moodle Log in to the site/input_Username_username (21)'

2022-01-17 20:04:25 - [MESSAGE][PASSED] - Text 'minhduc' is set on object 'Object Repository/Page_Moodle Log in to the site/input_Username_username (21)'

2022-01-17 20:04:25 - [TEST_STEP][PASSED] - click(findTestObject("Object Repository/Page_Moodle Log in to the site/form_document.getElementById(anchor).value _70e5d4")): Object: 'Object Repository/Page_Moodle Log in to the site/form_document.getElementById(anchor).value _70e5d4' is clicked on

2022-01-17 20:04:25 - [MESSAGE][PASSED] - Object: 'Object Repository/Page_Moodle Log in to the site/form_document.getElementById(anchor).value _70e5d4' is clicked on

2022-01-17 20:04:25 - [TEST_STEP][PASSED] - setEncryptedText(findTestObject("Object Repository/Page_Moodle Log in to the site/input_Password_password (21)"), "8JanWqnBZBo6yBKKrpSnpw=="): Text ****** has been set on object 'Object Repository/Page_Moodle Log in to the site/input_Password_password (21)'

2022-01-17 20:04:26 - [MESSAGE][PASSED] - Text ****** has been set on object 'Object Repository/Page_Moodle Log in to the site/input_Password_password (21)'

2022-01-17 20:04:26 - [TEST_STEP][PASSED] - click(findTestObject("Object Repository/Page_Moodle Log in to the site/button_Log in (14)")): Object: 'Object Repository/Page_Moodle Log in to the site/button_Log in (14)' is clicked on

2022-01-17 20:04:28 - [MESSAGE][PASSED] - Object: 'Object Repository/Page_Moodle Log in to the site/button_Log in (14)' is clicked on

2022-01-17 20:04:28 - [MESSAGE][PASSED] - Call Test Case 'Test Cases/Student Login' successfully

2022-01-17 20:04:28 - [TEST_STEP][PASSED] - click(findTestObject("Object Repository/Page_Dashboard/span_Site home (9)")): Object: 'Object Repository/Page_Dashboard/span_Site home (9)' is clicked on

2022-01-17 20:04:32 - [MESSAGE][PASSED] - Object: 'Object Repository/Page_Dashboard/span_Site home (9)' is clicked on

2022-01-17 20:04:32 - [TEST_STEP][PASSED] - click(findTestObject("Object Repository/Page_Moodle/a_New Course Edited (8)")): Object: 'Object Repository/Page_Moodle/a_New Course Edited (8)' is clicked on

2022-01-17 20:04:34 - [MESSAGE][PASSED] - Object: 'Object Repository/Page_Moodle/a_New Course Edited (8)' is clicked on

2022-01-17 20:04:34 - [TEST_STEP][PASSED] - click(findTestObject("Object Repository/Page_Course New Course Edited/span_New Forum (1)")): Object: 'Object Repository/Page_Course New Course Edited/span_New Forum (1)' is clicked on

2022-01-17 20:04:36 - [MESSAGE][PASSED] - Object: 'Object Repository/Page_Course New Course Edited/span_New Forum (1)' is clicked on

2022-01-17 20:04:36 - [TEST_STEP][PASSED] - click(findTestObject("Object Repository/Page_New Forum/a_New discussion topic")): Object: 'Object Repository/Page_New Forum/a_New discussion topic' is clicked on

2022-01-17 20:04:38 - [MESSAGE][PASSED] - Object: 'Object Repository/Page_New Forum/a_New discussion topic' is clicked on

2022-01-17 20:04:38 - [TEST_STEP][PASSED] - click(findTestObject("Object Repository/Page_New Course New discussion topic/a_Reply")): Object: 'Object Repository/Page_New Course New discussion topic/a_Reply' is clicked on

2022-01-17 20:04:39 - [MESSAGE][PASSED] - Object: 'Object Repository/Page_New Course New discussion topic/a_Reply' is clicked on

2022-01-17 20:04:39 - [TEST_STEP][PASSED] - setText(findTestObject("Object Repository/Page_New Course New discussion topic/textarea_Reply_post"), "Reply topic"): Text 'Reply topic' is set on object 'Object Repository/Page_New Course New discussion topic/textarea_Reply_post'

2022-01-17 20:04:40 - [MESSAGE][PASSED] - Text 'Reply topic' is set on object 'Object Repository/Page_New Course New discussion topic/textarea_Reply_post'

2022-01-17 20:04:40 - [TEST_STEP][PASSED] - click(findTestObject("Object Repository/Page_New Course New discussion topic/span_Post to forum")): Object: 'Object Repository/Page_New Course New discussion topic/span_Post to forum' is clicked on

2022-01-17 20:04:41 - [MESSAGE][PASSED] - Object: 'Object Repository/Page_New Course New discussion topic/span_Post to forum' is clicked on]]></system-out>
         <system-err><![CDATA[]]></system-err>
      </testcase>
      <testcase name="Test Cases/Admin remove non-edit teacher" time="20.149" classname="Test Cases/Admin remove non-edit teacher" status="PASSED">
         <system-out><![CDATA[2022-01-17 20:04:41 - [TEST_CASE][PASSED] - Test Cases/Admin remove non-edit teacher: Test Cases/Admin remove non-edit teacher

2022-01-17 20:04:41 - [TEST_STEP][PASSED] - callTestCase(findTestCase("Admin Login"), [:], STOP_ON_FAILURE): Call Test Case 'Test Cases/Admin Login' successfully

2022-01-17 20:04:41 - [TEST_CASE][PASSED] - Test Cases/Admin Login: Test Cases/Admin Login

2022-01-17 20:04:41 - [TEST_STEP][PASSED] - openBrowser(""): Browser is opened with url: ''

2022-01-17 20:04:41 - [MESSAGE][WARNING] - A browser is already opened. Closing browser and opening a new one

2022-01-17 20:04:42 - [MESSAGE][INFO] - Starting 'Chrome' driver

2022-01-17 20:04:42 - [MESSAGE][INFO] - Action delay is set to 0 milliseconds

2022-01-17 20:04:43 - [MESSAGE][PASSED] - Browser is opened with url: ''

2022-01-17 20:04:43 - [TEST_STEP][PASSED] - navigateToUrl("http://localhost/moodle/login/index.php"): Navigate to 'http://localhost/moodle/login/index.php' successfully

2022-01-17 20:04:44 - [MESSAGE][PASSED] - Navigate to 'http://localhost/moodle/login/index.php' successfully

2022-01-17 20:04:44 - [TEST_STEP][PASSED] - setText(findTestObject("Object Repository/Page_Moodle Log in to the site/input_Username_username"), "admin"): Text 'admin' is set on object 'Object Repository/Page_Moodle Log in to the site/input_Username_username'

2022-01-17 20:04:45 - [MESSAGE][PASSED] - Text 'admin' is set on object 'Object Repository/Page_Moodle Log in to the site/input_Username_username'

2022-01-17 20:04:45 - [TEST_STEP][PASSED] - setEncryptedText(findTestObject("Object Repository/Page_Moodle Log in to the site/input_Password_password"), "8JanWqnBZBo6yBKKrpSnpw=="): Text ****** has been set on object 'Object Repository/Page_Moodle Log in to the site/input_Password_password'

2022-01-17 20:04:45 - [MESSAGE][PASSED] - Text ****** has been set on object 'Object Repository/Page_Moodle Log in to the site/input_Password_password'

2022-01-17 20:04:45 - [TEST_STEP][PASSED] - click(findTestObject("Object Repository/Page_Moodle Log in to the site/button_Log in")): Object: 'Object Repository/Page_Moodle Log in to the site/button_Log in' is clicked on

2022-01-17 20:04:47 - [MESSAGE][PASSED] - Object: 'Object Repository/Page_Moodle Log in to the site/button_Log in' is clicked on

2022-01-17 20:04:47 - [MESSAGE][PASSED] - Call Test Case 'Test Cases/Admin Login' successfully

2022-01-17 20:04:47 - [TEST_STEP][PASSED] - click(findTestObject("Object Repository/Page_Dashboard/span_Site home (5)")): Object: 'Object Repository/Page_Dashboard/span_Site home (5)' is clicked on

2022-01-17 20:04:51 - [MESSAGE][PASSED] - Object: 'Object Repository/Page_Dashboard/span_Site home (5)' is clicked on

2022-01-17 20:04:51 - [TEST_STEP][PASSED] - click(findTestObject("Object Repository/Page_Moodle/a_New Course Edited (4)")): Object: 'Object Repository/Page_Moodle/a_New Course Edited (4)' is clicked on

2022-01-17 20:04:52 - [MESSAGE][PASSED] - Object: 'Object Repository/Page_Moodle/a_New Course Edited (4)' is clicked on

2022-01-17 20:04:52 - [TEST_STEP][PASSED] - click(findTestObject("Object Repository/Page_Course New Course Edited/i_New Course Edited_icon fa fa-cog fa-fw (4)")): Object: 'Object Repository/Page_Course New Course Edited/i_New Course Edited_icon fa fa-cog fa-fw (4)' is clicked on

2022-01-17 20:04:53 - [MESSAGE][PASSED] - Object: 'Object Repository/Page_Course New Course Edited/i_New Course Edited_icon fa fa-cog fa-fw (4)' is clicked on

2022-01-17 20:04:53 - [TEST_STEP][PASSED] - click(findTestObject("Object Repository/Page_Course New Course Edited/a_More (4)")): Object: 'Object Repository/Page_Course New Course Edited/a_More (4)' is clicked on

2022-01-17 20:04:54 - [MESSAGE][PASSED] - Object: 'Object Repository/Page_Course New Course Edited/a_More (4)' is clicked on

2022-01-17 20:04:54 - [TEST_STEP][PASSED] - click(findTestObject("Object Repository/Page_Course administration/a_Users (4)")): Object: 'Object Repository/Page_Course administration/a_Users (4)' is clicked on

2022-01-17 20:04:55 - [MESSAGE][PASSED] - Object: 'Object Repository/Page_Course administration/a_Users (4)' is clicked on

2022-01-17 20:04:55 - [TEST_STEP][PASSED] - click(findTestObject("Object Repository/Page_Course administration/a_Other users")): Object: 'Object Repository/Page_Course administration/a_Other users' is clicked on

2022-01-17 20:04:56 - [MESSAGE][PASSED] - Object: 'Object Repository/Page_Course administration/a_Other users' is clicked on

2022-01-17 20:04:56 - [TEST_STEP][PASSED] - click(findTestObject("Object Repository/Page_New Course Edited 0 other users/button_Assign roles")): Object: 'Object Repository/Page_New Course Edited 0 other users/button_Assign roles' is clicked on

2022-01-17 20:04:57 - [MESSAGE][PASSED] - Object: 'Object Repository/Page_New Course Edited 0 other users/button_Assign roles' is clicked on

2022-01-17 20:04:57 - [TEST_STEP][PASSED] - click(findTestObject("Page_Course New Course Edited/a_non_edit")): Object: 'Object Repository/Page_Course New Course Edited/a_non_edit' is clicked on

2022-01-17 20:04:58 - [MESSAGE][PASSED] - Object: 'Object Repository/Page_Course New Course Edited/a_non_edit' is clicked on

2022-01-17 20:04:58 - [TEST_STEP][PASSED] - selectOptionByValue(findTestObject("Object Repository/Page_Assign role Teacher in Course New Cour_04a7a0/select_c H (hongocminhducgmail.com)"), "2", true): All options with value '2' are selected in object 'Object Repository/Page_Assign role Teacher in Course New Cour_04a7a0/select_c H (hongocminhducgmail.com)'  using regular expression

2022-01-17 20:04:59 - [MESSAGE][PASSED] - All options with value '2' are selected in object 'Object Repository/Page_Assign role Teacher in Course New Cour_04a7a0/select_c H (hongocminhducgmail.com)'  using regular expression

2022-01-17 20:04:59 - [TEST_STEP][PASSED] - click(findTestObject("Object Repository/Page_Assign role Teacher in Course New Cour_04a7a0/input_Match the search text anywhere in the_31d039")): Object: 'Object Repository/Page_Assign role Teacher in Course New Cour_04a7a0/input_Match the search text anywhere in the_31d039' is clicked on

2022-01-17 20:05:01 - [MESSAGE][PASSED] - Object: 'Object Repository/Page_Assign role Teacher in Course New Cour_04a7a0/input_Match the search text anywhere in the_31d039' is clicked on]]></system-out>
         <system-err><![CDATA[]]></system-err>
      </testcase>
      <testcase name="Test Cases/Student Enter Chat Room" time="16.222" classname="Test Cases/Student Enter Chat Room" status="PASSED">
         <system-out><![CDATA[2022-01-17 20:05:01 - [TEST_CASE][PASSED] - Test Cases/Student Enter Chat Room: Test Cases/Student Enter Chat Room

2022-01-17 20:05:02 - [TEST_STEP][PASSED] - callTestCase(findTestCase("Student Login"), [:], STOP_ON_FAILURE): Call Test Case 'Test Cases/Student Login' successfully

2022-01-17 20:05:02 - [TEST_CASE][PASSED] - Test Cases/Student Login: Test Cases/Student Login

2022-01-17 20:05:02 - [TEST_STEP][PASSED] - openBrowser(""): Browser is opened with url: ''

2022-01-17 20:05:02 - [MESSAGE][WARNING] - A browser is already opened. Closing browser and opening a new one

2022-01-17 20:05:02 - [MESSAGE][INFO] - Starting 'Chrome' driver

2022-01-17 20:05:02 - [MESSAGE][INFO] - Action delay is set to 0 milliseconds

2022-01-17 20:05:04 - [MESSAGE][PASSED] - Browser is opened with url: ''

2022-01-17 20:05:04 - [TEST_STEP][PASSED] - navigateToUrl("http://localhost/moodle/login/index.php"): Navigate to 'http://localhost/moodle/login/index.php' successfully

2022-01-17 20:05:04 - [MESSAGE][PASSED] - Navigate to 'http://localhost/moodle/login/index.php' successfully

2022-01-17 20:05:04 - [TEST_STEP][PASSED] - setText(findTestObject("Object Repository/Page_Moodle Log in to the site/input_Username_username (21)"), "minhduc"): Text 'minhduc' is set on object 'Object Repository/Page_Moodle Log in to the site/input_Username_username (21)'

2022-01-17 20:05:05 - [MESSAGE][PASSED] - Text 'minhduc' is set on object 'Object Repository/Page_Moodle Log in to the site/input_Username_username (21)'

2022-01-17 20:05:05 - [TEST_STEP][PASSED] - click(findTestObject("Object Repository/Page_Moodle Log in to the site/form_document.getElementById(anchor).value _70e5d4")): Object: 'Object Repository/Page_Moodle Log in to the site/form_document.getElementById(anchor).value _70e5d4' is clicked on

2022-01-17 20:05:06 - [MESSAGE][PASSED] - Object: 'Object Repository/Page_Moodle Log in to the site/form_document.getElementById(anchor).value _70e5d4' is clicked on

2022-01-17 20:05:06 - [TEST_STEP][PASSED] - setEncryptedText(findTestObject("Object Repository/Page_Moodle Log in to the site/input_Password_password (21)"), "8JanWqnBZBo6yBKKrpSnpw=="): Text ****** has been set on object 'Object Repository/Page_Moodle Log in to the site/input_Password_password (21)'

2022-01-17 20:05:06 - [MESSAGE][PASSED] - Text ****** has been set on object 'Object Repository/Page_Moodle Log in to the site/input_Password_password (21)'

2022-01-17 20:05:06 - [TEST_STEP][PASSED] - click(findTestObject("Object Repository/Page_Moodle Log in to the site/button_Log in (14)")): Object: 'Object Repository/Page_Moodle Log in to the site/button_Log in (14)' is clicked on

2022-01-17 20:05:09 - [MESSAGE][PASSED] - Object: 'Object Repository/Page_Moodle Log in to the site/button_Log in (14)' is clicked on

2022-01-17 20:05:09 - [MESSAGE][PASSED] - Call Test Case 'Test Cases/Student Login' successfully

2022-01-17 20:05:09 - [TEST_STEP][PASSED] - click(findTestObject("Object Repository/Page_Dashboard/span_Site home (11)")): Object: 'Object Repository/Page_Dashboard/span_Site home (11)' is clicked on

2022-01-17 20:05:12 - [MESSAGE][PASSED] - Object: 'Object Repository/Page_Dashboard/span_Site home (11)' is clicked on

2022-01-17 20:05:12 - [TEST_STEP][PASSED] - click(findTestObject("Object Repository/Page_Moodle/a_New Course Edited (10)")): Object: 'Object Repository/Page_Moodle/a_New Course Edited (10)' is clicked on

2022-01-17 20:05:13 - [MESSAGE][PASSED] - Object: 'Object Repository/Page_Moodle/a_New Course Edited (10)' is clicked on

2022-01-17 20:05:13 - [TEST_STEP][PASSED] - click(findTestObject("Object Repository/Page_Course New Course Edited/span_Chat Room")): Object: 'Object Repository/Page_Course New Course Edited/span_Chat Room' is clicked on

2022-01-17 20:05:15 - [MESSAGE][PASSED] - Object: 'Object Repository/Page_Course New Course Edited/span_Chat Room' is clicked on

2022-01-17 20:05:15 - [TEST_STEP][PASSED] - click(findTestObject("Object Repository/Page_New Course Chat Room/a_Click here to enter the chat now")): Object: 'Object Repository/Page_New Course Chat Room/a_Click here to enter the chat now' is clicked on

2022-01-17 20:05:16 - [MESSAGE][PASSED] - Object: 'Object Repository/Page_New Course Chat Room/a_Click here to enter the chat now' is clicked on

2022-01-17 20:05:16 - [TEST_STEP][PASSED] - switchToWindowTitle("New Course: Chat Room"): Switched to window with title: 'New Course: Chat Room'

2022-01-17 20:05:16 - [MESSAGE][PASSED] - Switched to window with title: 'New Course: Chat Room'

2022-01-17 20:05:16 - [TEST_STEP][PASSED] - delay(1): Delayed 1 second(s)

2022-01-17 20:05:17 - [MESSAGE][PASSED] - Delayed 1 second(s)]]></system-out>
         <system-err><![CDATA[]]></system-err>
      </testcase>
      <testcase name="Test Cases/Student Mark As Done" time="14.27" classname="Test Cases/Student Mark As Done" status="PASSED">
         <system-out><![CDATA[2022-01-17 20:05:17 - [TEST_CASE][PASSED] - Test Cases/Student Mark As Done: Test Cases/Student Mark As Done

2022-01-17 20:05:17 - [TEST_STEP][PASSED] - callTestCase(findTestCase("Student Login"), [:], STOP_ON_FAILURE): Call Test Case 'Test Cases/Student Login' successfully

2022-01-17 20:05:17 - [TEST_CASE][PASSED] - Test Cases/Student Login: Test Cases/Student Login

2022-01-17 20:05:17 - [TEST_STEP][PASSED] - openBrowser(""): Browser is opened with url: ''

2022-01-17 20:05:17 - [MESSAGE][WARNING] - A browser is already opened. Closing browser and opening a new one

2022-01-17 20:05:18 - [MESSAGE][INFO] - Starting 'Chrome' driver

2022-01-17 20:05:18 - [MESSAGE][INFO] - Action delay is set to 0 milliseconds

2022-01-17 20:05:19 - [MESSAGE][PASSED] - Browser is opened with url: ''

2022-01-17 20:05:19 - [TEST_STEP][PASSED] - navigateToUrl("http://localhost/moodle/login/index.php"): Navigate to 'http://localhost/moodle/login/index.php' successfully

2022-01-17 20:05:20 - [MESSAGE][PASSED] - Navigate to 'http://localhost/moodle/login/index.php' successfully

2022-01-17 20:05:20 - [TEST_STEP][PASSED] - setText(findTestObject("Object Repository/Page_Moodle Log in to the site/input_Username_username (21)"), "minhduc"): Text 'minhduc' is set on object 'Object Repository/Page_Moodle Log in to the site/input_Username_username (21)'

2022-01-17 20:05:21 - [MESSAGE][PASSED] - Text 'minhduc' is set on object 'Object Repository/Page_Moodle Log in to the site/input_Username_username (21)'

2022-01-17 20:05:21 - [TEST_STEP][PASSED] - click(findTestObject("Object Repository/Page_Moodle Log in to the site/form_document.getElementById(anchor).value _70e5d4")): Object: 'Object Repository/Page_Moodle Log in to the site/form_document.getElementById(anchor).value _70e5d4' is clicked on

2022-01-17 20:05:21 - [MESSAGE][PASSED] - Object: 'Object Repository/Page_Moodle Log in to the site/form_document.getElementById(anchor).value _70e5d4' is clicked on

2022-01-17 20:05:21 - [TEST_STEP][PASSED] - setEncryptedText(findTestObject("Object Repository/Page_Moodle Log in to the site/input_Password_password (21)"), "8JanWqnBZBo6yBKKrpSnpw=="): Text ****** has been set on object 'Object Repository/Page_Moodle Log in to the site/input_Password_password (21)'

2022-01-17 20:05:22 - [MESSAGE][PASSED] - Text ****** has been set on object 'Object Repository/Page_Moodle Log in to the site/input_Password_password (21)'

2022-01-17 20:05:22 - [TEST_STEP][PASSED] - click(findTestObject("Object Repository/Page_Moodle Log in to the site/button_Log in (14)")): Object: 'Object Repository/Page_Moodle Log in to the site/button_Log in (14)' is clicked on

2022-01-17 20:05:24 - [MESSAGE][PASSED] - Object: 'Object Repository/Page_Moodle Log in to the site/button_Log in (14)' is clicked on

2022-01-17 20:05:24 - [MESSAGE][PASSED] - Call Test Case 'Test Cases/Student Login' successfully

2022-01-17 20:05:24 - [TEST_STEP][PASSED] - click(findTestObject("Object Repository/Page_Dashboard/span_Site home (12)")): Object: 'Object Repository/Page_Dashboard/span_Site home (12)' is clicked on

2022-01-17 20:05:27 - [MESSAGE][PASSED] - Object: 'Object Repository/Page_Dashboard/span_Site home (12)' is clicked on

2022-01-17 20:05:27 - [TEST_STEP][PASSED] - click(findTestObject("Object Repository/Page_Moodle/a_New Course Edited (11)")): Object: 'Object Repository/Page_Moodle/a_New Course Edited (11)' is clicked on

2022-01-17 20:05:29 - [MESSAGE][PASSED] - Object: 'Object Repository/Page_Moodle/a_New Course Edited (11)' is clicked on

2022-01-17 20:05:29 - [TEST_STEP][PASSED] - click(findTestObject("Object Repository/Page_Course New Course Edited/button_Mark as done")): Object: 'Object Repository/Page_Course New Course Edited/button_Mark as done' is clicked on

2022-01-17 20:05:30 - [MESSAGE][PASSED] - Object: 'Object Repository/Page_Course New Course Edited/button_Mark as done' is clicked on

2022-01-17 20:05:30 - [TEST_STEP][PASSED] - click(findTestObject("Object Repository/Page_Course New Course Edited/button_Mark as done_1")): Object: 'Object Repository/Page_Course New Course Edited/button_Mark as done_1' is clicked on

2022-01-17 20:05:31 - [MESSAGE][PASSED] - Object: 'Object Repository/Page_Course New Course Edited/button_Mark as done_1' is clicked on]]></system-out>
         <system-err><![CDATA[]]></system-err>
      </testcase>
      <testcase name="Test Cases/Student Submit Assignment" time="51.84" classname="Test Cases/Student Submit Assignment" status="FAILED">
         <failure type="FAILED" message="Test Cases/Student Submit Assignment FAILED.
Reason:
com.kms.katalon.core.exception.StepFailedException: Unable to click on object 'Object Repository/Page_New Course New Assignment - Edit submission/input_Loading_submitbutton'
	at com.kms.katalon.core.webui.keyword.internal.WebUIKeywordMain.stepFailed(WebUIKeywordMain.groovy:64)
	at com.kms.katalon.core.webui.keyword.internal.WebUIKeywordMain.runKeyword(WebUIKeywordMain.groovy:26)
	at com.kms.katalon.core.webui.keyword.builtin.ClickKeyword.click(ClickKeyword.groovy:74)
	at com.kms.katalon.core.webui.keyword.builtin.ClickKeyword.execute(ClickKeyword.groovy:40)
	at com.kms.katalon.core.keyword.internal.KeywordExecutor.executeKeywordForPlatform(KeywordExecutor.groovy:74)
	at com.kms.katalon.core.webui.keyword.WebUiBuiltInKeywords.click(WebUiBuiltInKeywords.groovy:620)
	at com.kms.katalon.core.webui.keyword.WebUiBuiltInKeywords$click$3.call(Unknown Source)
	at Student Submit Assignment.run(Student Submit Assignment:32)
	at com.kms.katalon.core.main.ScriptEngine.run(ScriptEngine.java:194)
	at com.kms.katalon.core.main.ScriptEngine.runScriptAsRawText(ScriptEngine.java:119)
	at com.kms.katalon.core.main.TestCaseExecutor.runScript(TestCaseExecutor.java:442)
	at com.kms.katalon.core.main.TestCaseExecutor.doExecute(TestCaseExecutor.java:433)
	at com.kms.katalon.core.main.TestCaseExecutor.processExecutionPhase(TestCaseExecutor.java:412)
	at com.kms.katalon.core.main.TestCaseExecutor.accessMainPhase(TestCaseExecutor.java:404)
	at com.kms.katalon.core.main.TestCaseExecutor.execute(TestCaseExecutor.java:281)
	at com.kms.katalon.core.main.TestSuiteExecutor.accessTestCaseMainPhase(TestSuiteExecutor.java:202)
	at com.kms.katalon.core.main.TestSuiteExecutor.accessTestSuiteMainPhase(TestSuiteExecutor.java:164)
	at com.kms.katalon.core.main.TestSuiteExecutor.execute(TestSuiteExecutor.java:105)
	at com.kms.katalon.core.main.TestCaseMain.startTestSuite(TestCaseMain.java:181)
	at com.kms.katalon.core.main.TestCaseMain$startTestSuite$0.call(Unknown Source)
	at TempTestSuite1642424191868.run(TempTestSuite1642424191868.groovy:36)
Caused by: com.kms.katalon.core.webui.exception.WebElementNotFoundException: Web element with id: 'Object Repository/Page_New Course New Assignment - Edit submission/input_Loading_submitbutton' located by '//input[@id='id_submitbutton']' not found
	at com.kms.katalon.core.webui.common.WebUiCommonHelper.findWebElement(WebUiCommonHelper.java:1368)
	at com.kms.katalon.core.webui.keyword.internal.WebUIAbstractKeyword.findWebElement(WebUIAbstractKeyword.groovy:27)
	at com.kms.katalon.core.webui.keyword.builtin.ClickKeyword$_click_closure1.doCall(ClickKeyword.groovy:65)
	at com.kms.katalon.core.webui.keyword.builtin.ClickKeyword$_click_closure1.call(ClickKeyword.groovy)
	at com.kms.katalon.core.webui.keyword.internal.WebUIKeywordMain.runKeyword(WebUIKeywordMain.groovy:20)
	... 19 more
"/>
         <system-out><![CDATA[2022-01-17 20:05:31 - [TEST_CASE][FAILED] - Test Cases/Student Submit Assignment: Test Cases/Student Submit Assignment FAILED.
Reason:
com.kms.katalon.core.exception.StepFailedException: Unable to click on object 'Object Repository/Page_New Course New Assignment - Edit submission/input_Loading_submitbutton'
	at com.kms.katalon.core.webui.keyword.internal.WebUIKeywordMain.stepFailed(WebUIKeywordMain.groovy:64)
	at com.kms.katalon.core.webui.keyword.internal.WebUIKeywordMain.runKeyword(WebUIKeywordMain.groovy:26)
	at com.kms.katalon.core.webui.keyword.builtin.ClickKeyword.click(ClickKeyword.groovy:74)
	at com.kms.katalon.core.webui.keyword.builtin.ClickKeyword.execute(ClickKeyword.groovy:40)
	at com.kms.katalon.core.keyword.internal.KeywordExecutor.executeKeywordForPlatform(KeywordExecutor.groovy:74)
	at com.kms.katalon.core.webui.keyword.WebUiBuiltInKeywords.click(WebUiBuiltInKeywords.groovy:620)
	at com.kms.katalon.core.webui.keyword.WebUiBuiltInKeywords$click$3.call(Unknown Source)
	at Student Submit Assignment.run(Student Submit Assignment:32)
	at com.kms.katalon.core.main.ScriptEngine.run(ScriptEngine.java:194)
	at com.kms.katalon.core.main.ScriptEngine.runScriptAsRawText(ScriptEngine.java:119)
	at com.kms.katalon.core.main.TestCaseExecutor.runScript(TestCaseExecutor.java:442)
	at com.kms.katalon.core.main.TestCaseExecutor.doExecute(TestCaseExecutor.java:433)
	at com.kms.katalon.core.main.TestCaseExecutor.processExecutionPhase(TestCaseExecutor.java:412)
	at com.kms.katalon.core.main.TestCaseExecutor.accessMainPhase(TestCaseExecutor.java:404)
	at com.kms.katalon.core.main.TestCaseExecutor.execute(TestCaseExecutor.java:281)
	at com.kms.katalon.core.main.TestSuiteExecutor.accessTestCaseMainPhase(TestSuiteExecutor.java:202)
	at com.kms.katalon.core.main.TestSuiteExecutor.accessTestSuiteMainPhase(TestSuiteExecutor.java:164)
	at com.kms.katalon.core.main.TestSuiteExecutor.execute(TestSuiteExecutor.java:105)
	at com.kms.katalon.core.main.TestCaseMain.startTestSuite(TestCaseMain.java:181)
	at com.kms.katalon.core.main.TestCaseMain$startTestSuite$0.call(Unknown Source)
	at TempTestSuite1642424191868.run(TempTestSuite1642424191868.groovy:36)
Caused by: com.kms.katalon.core.webui.exception.WebElementNotFoundException: Web element with id: 'Object Repository/Page_New Course New Assignment - Edit submission/input_Loading_submitbutton' located by '//input[@id='id_submitbutton']' not found
	at com.kms.katalon.core.webui.common.WebUiCommonHelper.findWebElement(WebUiCommonHelper.java:1368)
	at com.kms.katalon.core.webui.keyword.internal.WebUIAbstractKeyword.findWebElement(WebUIAbstractKeyword.groovy:27)
	at com.kms.katalon.core.webui.keyword.builtin.ClickKeyword$_click_closure1.doCall(ClickKeyword.groovy:65)
	at com.kms.katalon.core.webui.keyword.builtin.ClickKeyword$_click_closure1.call(ClickKeyword.groovy)
	at com.kms.katalon.core.webui.keyword.internal.WebUIKeywordMain.runKeyword(WebUIKeywordMain.groovy:20)
	... 19 more


2022-01-17 20:05:32 - [TEST_STEP][PASSED] - callTestCase(findTestCase("Student Login"), [:], STOP_ON_FAILURE): Call Test Case 'Test Cases/Student Login' successfully

2022-01-17 20:05:32 - [TEST_CASE][PASSED] - Test Cases/Student Login: Test Cases/Student Login

2022-01-17 20:05:32 - [TEST_STEP][PASSED] - openBrowser(""): Browser is opened with url: ''

2022-01-17 20:05:32 - [MESSAGE][WARNING] - A browser is already opened. Closing browser and opening a new one

2022-01-17 20:05:33 - [MESSAGE][INFO] - Starting 'Chrome' driver

2022-01-17 20:05:33 - [MESSAGE][INFO] - Action delay is set to 0 milliseconds

2022-01-17 20:05:34 - [MESSAGE][PASSED] - Browser is opened with url: ''

2022-01-17 20:05:34 - [TEST_STEP][PASSED] - navigateToUrl("http://localhost/moodle/login/index.php"): Navigate to 'http://localhost/moodle/login/index.php' successfully

2022-01-17 20:05:35 - [MESSAGE][PASSED] - Navigate to 'http://localhost/moodle/login/index.php' successfully

2022-01-17 20:05:35 - [TEST_STEP][PASSED] - setText(findTestObject("Object Repository/Page_Moodle Log in to the site/input_Username_username (21)"), "minhduc"): Text 'minhduc' is set on object 'Object Repository/Page_Moodle Log in to the site/input_Username_username (21)'

2022-01-17 20:05:36 - [MESSAGE][PASSED] - Text 'minhduc' is set on object 'Object Repository/Page_Moodle Log in to the site/input_Username_username (21)'

2022-01-17 20:05:36 - [TEST_STEP][PASSED] - click(findTestObject("Object Repository/Page_Moodle Log in to the site/form_document.getElementById(anchor).value _70e5d4")): Object: 'Object Repository/Page_Moodle Log in to the site/form_document.getElementById(anchor).value _70e5d4' is clicked on

2022-01-17 20:05:36 - [MESSAGE][PASSED] - Object: 'Object Repository/Page_Moodle Log in to the site/form_document.getElementById(anchor).value _70e5d4' is clicked on

2022-01-17 20:05:36 - [TEST_STEP][PASSED] - setEncryptedText(findTestObject("Object Repository/Page_Moodle Log in to the site/input_Password_password (21)"), "8JanWqnBZBo6yBKKrpSnpw=="): Text ****** has been set on object 'Object Repository/Page_Moodle Log in to the site/input_Password_password (21)'

2022-01-17 20:05:36 - [MESSAGE][PASSED] - Text ****** has been set on object 'Object Repository/Page_Moodle Log in to the site/input_Password_password (21)'

2022-01-17 20:05:36 - [TEST_STEP][PASSED] - click(findTestObject("Object Repository/Page_Moodle Log in to the site/button_Log in (14)")): Object: 'Object Repository/Page_Moodle Log in to the site/button_Log in (14)' is clicked on

2022-01-17 20:05:39 - [MESSAGE][PASSED] - Object: 'Object Repository/Page_Moodle Log in to the site/button_Log in (14)' is clicked on

2022-01-17 20:05:39 - [MESSAGE][PASSED] - Call Test Case 'Test Cases/Student Login' successfully

2022-01-17 20:05:39 - [TEST_STEP][PASSED] - click(findTestObject("Object Repository/Page_Dashboard/span_Site home (13)")): Object: 'Object Repository/Page_Dashboard/span_Site home (13)' is clicked on

2022-01-17 20:05:42 - [MESSAGE][PASSED] - Object: 'Object Repository/Page_Dashboard/span_Site home (13)' is clicked on

2022-01-17 20:05:42 - [TEST_STEP][PASSED] - click(findTestObject("Object Repository/Page_Moodle/a_New Course Edited (12)")): Object: 'Object Repository/Page_Moodle/a_New Course Edited (12)' is clicked on

2022-01-17 20:05:44 - [MESSAGE][PASSED] - Object: 'Object Repository/Page_Moodle/a_New Course Edited (12)' is clicked on

2022-01-17 20:05:44 - [TEST_STEP][PASSED] - click(findTestObject("Object Repository/Page_Course New Course Edited/span_New Assignment")): Object: 'Object Repository/Page_Course New Course Edited/span_New Assignment' is clicked on

2022-01-17 20:05:45 - [MESSAGE][PASSED] - Object: 'Object Repository/Page_Course New Course Edited/span_New Assignment' is clicked on

2022-01-17 20:05:45 - [TEST_STEP][PASSED] - click(findTestObject("Object Repository/Page_New Course New Assignment/button_Add submission")): Object: 'Object Repository/Page_New Course New Assignment/button_Add submission' is clicked on

2022-01-17 20:05:47 - [MESSAGE][PASSED] - Object: 'Object Repository/Page_New Course New Assignment/button_Add submission' is clicked on

2022-01-17 20:05:47 - [TEST_STEP][PASSED] - delay(5): Delayed 5 second(s)

2022-01-17 20:05:52 - [MESSAGE][PASSED] - Delayed 5 second(s)

2022-01-17 20:05:52 - [TEST_STEP][FAILED] - click(findTestObject("Object Repository/Page_New Course New Assignment - Edit submission/input_Loading_submitbutton")): Unable to click on object 'Object Repository/Page_New Course New Assignment - Edit submission/input_Loading_submitbutton' (Root cause: com.kms.katalon.core.exception.StepFailedException: Unable to click on object 'Object Repository/Page_New Course New Assignment - Edit submission/input_Loading_submitbutton'
	at com.kms.katalon.core.webui.keyword.internal.WebUIKeywordMain.stepFailed(WebUIKeywordMain.groovy:64)
	at com.kms.katalon.core.webui.keyword.internal.WebUIKeywordMain.runKeyword(WebUIKeywordMain.groovy:26)
	at com.kms.katalon.core.webui.keyword.builtin.ClickKeyword.click(ClickKeyword.groovy:74)
	at com.kms.katalon.core.webui.keyword.builtin.ClickKeyword.execute(ClickKeyword.groovy:40)
	at com.kms.katalon.core.keyword.internal.KeywordExecutor.executeKeywordForPlatform(KeywordExecutor.groovy:74)
	at com.kms.katalon.core.webui.keyword.WebUiBuiltInKeywords.click(WebUiBuiltInKeywords.groovy:620)
	at com.kms.katalon.core.webui.keyword.WebUiBuiltInKeywords$click$3.call(Unknown Source)
	at Student Submit Assignment.run(Student Submit Assignment:32)
	at com.kms.katalon.core.main.ScriptEngine.run(ScriptEngine.java:194)
	at com.kms.katalon.core.main.ScriptEngine.runScriptAsRawText(ScriptEngine.java:119)
	at com.kms.katalon.core.main.TestCaseExecutor.runScript(TestCaseExecutor.java:442)
	at com.kms.katalon.core.main.TestCaseExecutor.doExecute(TestCaseExecutor.java:433)
	at com.kms.katalon.core.main.TestCaseExecutor.processExecutionPhase(TestCaseExecutor.java:412)
	at com.kms.katalon.core.main.TestCaseExecutor.accessMainPhase(TestCaseExecutor.java:404)
	at com.kms.katalon.core.main.TestCaseExecutor.execute(TestCaseExecutor.java:281)
	at com.kms.katalon.core.main.TestSuiteExecutor.accessTestCaseMainPhase(TestSuiteExecutor.java:202)
	at com.kms.katalon.core.main.TestSuiteExecutor.accessTestSuiteMainPhase(TestSuiteExecutor.java:164)
	at com.kms.katalon.core.main.TestSuiteExecutor.execute(TestSuiteExecutor.java:105)
	at com.kms.katalon.core.main.TestCaseMain.startTestSuite(TestCaseMain.java:181)
	at com.kms.katalon.core.main.TestCaseMain$startTestSuite$0.call(Unknown Source)
	at TempTestSuite1642424191868.run(TempTestSuite1642424191868.groovy:36)
Caused by: com.kms.katalon.core.webui.exception.WebElementNotFoundException: Web element with id: 'Object Repository/Page_New Course New Assignment - Edit submission/input_Loading_submitbutton' located by '//input[@id='id_submitbutton']' not found
	at com.kms.katalon.core.webui.common.WebUiCommonHelper.findWebElement(WebUiCommonHelper.java:1368)
	at com.kms.katalon.core.webui.keyword.internal.WebUIAbstractKeyword.findWebElement(WebUIAbstractKeyword.groovy:27)
	at com.kms.katalon.core.webui.keyword.builtin.ClickKeyword$_click_closure1.doCall(ClickKeyword.groovy:65)
	at com.kms.katalon.core.webui.keyword.builtin.ClickKeyword$_click_closure1.call(ClickKeyword.groovy)
	at com.kms.katalon.core.webui.keyword.internal.WebUIKeywordMain.runKeyword(WebUIKeywordMain.groovy:20)
	at com.kms.katalon.core.webui.keyword.builtin.ClickKeyword.click(ClickKeyword.groovy:74)
	at com.kms.katalon.core.webui.keyword.builtin.ClickKeyword.execute(ClickKeyword.groovy:40)
	at com.kms.katalon.core.keyword.internal.KeywordExecutor.executeKeywordForPlatform(KeywordExecutor.groovy:74)
	at com.kms.katalon.core.webui.keyword.WebUiBuiltInKeywords.click(WebUiBuiltInKeywords.groovy:620)
	at com.kms.katalon.core.webui.keyword.WebUiBuiltInKeywords$click$3.call(Unknown Source)
	at Script1642384881787.run(Script1642384881787.groovy:32)
	... 13 more
)

2022-01-17 20:06:23 - [MESSAGE][INFO] - Unable to find the element located by 'By.xpath: //input[@id='id_submitbutton']'. Please recheck the objects properties to make sure the desired element is located. 

2022-01-17 20:06:23 - [MESSAGE][FAILED] - Unable to click on object 'Object Repository/Page_New Course New Assignment - Edit submission/input_Loading_submitbutton' (Root cause: com.kms.katalon.core.exception.StepFailedException: Unable to click on object 'Object Repository/Page_New Course New Assignment - Edit submission/input_Loading_submitbutton'
	at com.kms.katalon.core.webui.keyword.internal.WebUIKeywordMain.stepFailed(WebUIKeywordMain.groovy:64)
	at com.kms.katalon.core.webui.keyword.internal.WebUIKeywordMain.runKeyword(WebUIKeywordMain.groovy:26)
	at com.kms.katalon.core.webui.keyword.builtin.ClickKeyword.click(ClickKeyword.groovy:74)
	at com.kms.katalon.core.webui.keyword.builtin.ClickKeyword.execute(ClickKeyword.groovy:40)
	at com.kms.katalon.core.keyword.internal.KeywordExecutor.executeKeywordForPlatform(KeywordExecutor.groovy:74)
	at com.kms.katalon.core.webui.keyword.WebUiBuiltInKeywords.click(WebUiBuiltInKeywords.groovy:620)
	at com.kms.katalon.core.webui.keyword.WebUiBuiltInKeywords$click$3.call(Unknown Source)
	at Student Submit Assignment.run(Student Submit Assignment:32)
	at com.kms.katalon.core.main.ScriptEngine.run(ScriptEngine.java:194)
	at com.kms.katalon.core.main.ScriptEngine.runScriptAsRawText(ScriptEngine.java:119)
	at com.kms.katalon.core.main.TestCaseExecutor.runScript(TestCaseExecutor.java:442)
	at com.kms.katalon.core.main.TestCaseExecutor.doExecute(TestCaseExecutor.java:433)
	at com.kms.katalon.core.main.TestCaseExecutor.processExecutionPhase(TestCaseExecutor.java:412)
	at com.kms.katalon.core.main.TestCaseExecutor.accessMainPhase(TestCaseExecutor.java:404)
	at com.kms.katalon.core.main.TestCaseExecutor.execute(TestCaseExecutor.java:281)
	at com.kms.katalon.core.main.TestSuiteExecutor.accessTestCaseMainPhase(TestSuiteExecutor.java:202)
	at com.kms.katalon.core.main.TestSuiteExecutor.accessTestSuiteMainPhase(TestSuiteExecutor.java:164)
	at com.kms.katalon.core.main.TestSuiteExecutor.execute(TestSuiteExecutor.java:105)
	at com.kms.katalon.core.main.TestCaseMain.startTestSuite(TestCaseMain.java:181)
	at com.kms.katalon.core.main.TestCaseMain$startTestSuite$0.call(Unknown Source)
	at TempTestSuite1642424191868.run(TempTestSuite1642424191868.groovy:36)
Caused by: com.kms.katalon.core.webui.exception.WebElementNotFoundException: Web element with id: 'Object Repository/Page_New Course New Assignment - Edit submission/input_Loading_submitbutton' located by '//input[@id='id_submitbutton']' not found
	at com.kms.katalon.core.webui.common.WebUiCommonHelper.findWebElement(WebUiCommonHelper.java:1368)
	at com.kms.katalon.core.webui.keyword.internal.WebUIAbstractKeyword.findWebElement(WebUIAbstractKeyword.groovy:27)
	at com.kms.katalon.core.webui.keyword.builtin.ClickKeyword$_click_closure1.doCall(ClickKeyword.groovy:65)
	at com.kms.katalon.core.webui.keyword.builtin.ClickKeyword$_click_closure1.call(ClickKeyword.groovy)
	at com.kms.katalon.core.webui.keyword.internal.WebUIKeywordMain.runKeyword(WebUIKeywordMain.groovy:20)
	at com.kms.katalon.core.webui.keyword.builtin.ClickKeyword.click(ClickKeyword.groovy:74)
	at com.kms.katalon.core.webui.keyword.builtin.ClickKeyword.execute(ClickKeyword.groovy:40)
	at com.kms.katalon.core.keyword.internal.KeywordExecutor.executeKeywordForPlatform(KeywordExecutor.groovy:74)
	at com.kms.katalon.core.webui.keyword.WebUiBuiltInKeywords.click(WebUiBuiltInKeywords.groovy:620)
	at com.kms.katalon.core.webui.keyword.WebUiBuiltInKeywords$click$3.call(Unknown Source)
	at Script1642384881787.run(Script1642384881787.groovy:32)
	... 13 more
)
[[ATTACHMENT|C:\\Users\\Minh Duc\\Desktop\\Test-Automation-SE-Bonus\\Test Automation - SE Bonus\\Reports\\20220117_195631\\Run all test cases\\20220117_195631\\1642424783455.png]]]]></system-out>
         <system-err><![CDATA[2022-01-17 20:05:31 - [TEST_CASE][FAILED] - Test Cases/Student Submit Assignment: Test Cases/Student Submit Assignment FAILED.
Reason:
com.kms.katalon.core.exception.StepFailedException: Unable to click on object 'Object Repository/Page_New Course New Assignment - Edit submission/input_Loading_submitbutton'
	at com.kms.katalon.core.webui.keyword.internal.WebUIKeywordMain.stepFailed(WebUIKeywordMain.groovy:64)
	at com.kms.katalon.core.webui.keyword.internal.WebUIKeywordMain.runKeyword(WebUIKeywordMain.groovy:26)
	at com.kms.katalon.core.webui.keyword.builtin.ClickKeyword.click(ClickKeyword.groovy:74)
	at com.kms.katalon.core.webui.keyword.builtin.ClickKeyword.execute(ClickKeyword.groovy:40)
	at com.kms.katalon.core.keyword.internal.KeywordExecutor.executeKeywordForPlatform(KeywordExecutor.groovy:74)
	at com.kms.katalon.core.webui.keyword.WebUiBuiltInKeywords.click(WebUiBuiltInKeywords.groovy:620)
	at com.kms.katalon.core.webui.keyword.WebUiBuiltInKeywords$click$3.call(Unknown Source)
	at Student Submit Assignment.run(Student Submit Assignment:32)
	at com.kms.katalon.core.main.ScriptEngine.run(ScriptEngine.java:194)
	at com.kms.katalon.core.main.ScriptEngine.runScriptAsRawText(ScriptEngine.java:119)
	at com.kms.katalon.core.main.TestCaseExecutor.runScript(TestCaseExecutor.java:442)
	at com.kms.katalon.core.main.TestCaseExecutor.doExecute(TestCaseExecutor.java:433)
	at com.kms.katalon.core.main.TestCaseExecutor.processExecutionPhase(TestCaseExecutor.java:412)
	at com.kms.katalon.core.main.TestCaseExecutor.accessMainPhase(TestCaseExecutor.java:404)
	at com.kms.katalon.core.main.TestCaseExecutor.execute(TestCaseExecutor.java:281)
	at com.kms.katalon.core.main.TestSuiteExecutor.accessTestCaseMainPhase(TestSuiteExecutor.java:202)
	at com.kms.katalon.core.main.TestSuiteExecutor.accessTestSuiteMainPhase(TestSuiteExecutor.java:164)
	at com.kms.katalon.core.main.TestSuiteExecutor.execute(TestSuiteExecutor.java:105)
	at com.kms.katalon.core.main.TestCaseMain.startTestSuite(TestCaseMain.java:181)
	at com.kms.katalon.core.main.TestCaseMain$startTestSuite$0.call(Unknown Source)
	at TempTestSuite1642424191868.run(TempTestSuite1642424191868.groovy:36)
Caused by: com.kms.katalon.core.webui.exception.WebElementNotFoundException: Web element with id: 'Object Repository/Page_New Course New Assignment - Edit submission/input_Loading_submitbutton' located by '//input[@id='id_submitbutton']' not found
	at com.kms.katalon.core.webui.common.WebUiCommonHelper.findWebElement(WebUiCommonHelper.java:1368)
	at com.kms.katalon.core.webui.keyword.internal.WebUIAbstractKeyword.findWebElement(WebUIAbstractKeyword.groovy:27)
	at com.kms.katalon.core.webui.keyword.builtin.ClickKeyword$_click_closure1.doCall(ClickKeyword.groovy:65)
	at com.kms.katalon.core.webui.keyword.builtin.ClickKeyword$_click_closure1.call(ClickKeyword.groovy)
	at com.kms.katalon.core.webui.keyword.internal.WebUIKeywordMain.runKeyword(WebUIKeywordMain.groovy:20)
	... 19 more]]></system-err>
      </testcase>
      <testcase name="Test Cases/Student Submit Late" time="13.057" classname="Test Cases/Student Submit Late" status="PASSED">
         <system-out><![CDATA[2022-01-17 20:06:23 - [TEST_CASE][PASSED] - Test Cases/Student Submit Late: Test Cases/Student Submit Late

2022-01-17 20:06:23 - [TEST_STEP][PASSED] - callTestCase(findTestCase("Student Login"), [:], STOP_ON_FAILURE): Call Test Case 'Test Cases/Student Login' successfully

2022-01-17 20:06:24 - [TEST_CASE][PASSED] - Test Cases/Student Login: Test Cases/Student Login

2022-01-17 20:06:24 - [TEST_STEP][PASSED] - openBrowser(""): Browser is opened with url: ''

2022-01-17 20:06:24 - [MESSAGE][WARNING] - A browser is already opened. Closing browser and opening a new one

2022-01-17 20:06:24 - [MESSAGE][INFO] - Starting 'Chrome' driver

2022-01-17 20:06:24 - [MESSAGE][INFO] - Action delay is set to 0 milliseconds

2022-01-17 20:06:25 - [MESSAGE][PASSED] - Browser is opened with url: ''

2022-01-17 20:06:25 - [TEST_STEP][PASSED] - navigateToUrl("http://localhost/moodle/login/index.php"): Navigate to 'http://localhost/moodle/login/index.php' successfully

2022-01-17 20:06:26 - [MESSAGE][PASSED] - Navigate to 'http://localhost/moodle/login/index.php' successfully

2022-01-17 20:06:26 - [TEST_STEP][PASSED] - setText(findTestObject("Object Repository/Page_Moodle Log in to the site/input_Username_username (21)"), "minhduc"): Text 'minhduc' is set on object 'Object Repository/Page_Moodle Log in to the site/input_Username_username (21)'

2022-01-17 20:06:27 - [MESSAGE][PASSED] - Text 'minhduc' is set on object 'Object Repository/Page_Moodle Log in to the site/input_Username_username (21)'

2022-01-17 20:06:27 - [TEST_STEP][PASSED] - click(findTestObject("Object Repository/Page_Moodle Log in to the site/form_document.getElementById(anchor).value _70e5d4")): Object: 'Object Repository/Page_Moodle Log in to the site/form_document.getElementById(anchor).value _70e5d4' is clicked on

2022-01-17 20:06:27 - [MESSAGE][PASSED] - Object: 'Object Repository/Page_Moodle Log in to the site/form_document.getElementById(anchor).value _70e5d4' is clicked on

2022-01-17 20:06:27 - [TEST_STEP][PASSED] - setEncryptedText(findTestObject("Object Repository/Page_Moodle Log in to the site/input_Password_password (21)"), "8JanWqnBZBo6yBKKrpSnpw=="): Text ****** has been set on object 'Object Repository/Page_Moodle Log in to the site/input_Password_password (21)'

2022-01-17 20:06:28 - [MESSAGE][PASSED] - Text ****** has been set on object 'Object Repository/Page_Moodle Log in to the site/input_Password_password (21)'

2022-01-17 20:06:28 - [TEST_STEP][PASSED] - click(findTestObject("Object Repository/Page_Moodle Log in to the site/button_Log in (14)")): Object: 'Object Repository/Page_Moodle Log in to the site/button_Log in (14)' is clicked on

2022-01-17 20:06:30 - [MESSAGE][PASSED] - Object: 'Object Repository/Page_Moodle Log in to the site/button_Log in (14)' is clicked on

2022-01-17 20:06:30 - [MESSAGE][PASSED] - Call Test Case 'Test Cases/Student Login' successfully

2022-01-17 20:06:30 - [TEST_STEP][PASSED] - click(findTestObject("Object Repository/Page_Dashboard/span_Site home (15)")): Object: 'Object Repository/Page_Dashboard/span_Site home (15)' is clicked on

2022-01-17 20:06:33 - [MESSAGE][PASSED] - Object: 'Object Repository/Page_Dashboard/span_Site home (15)' is clicked on

2022-01-17 20:06:33 - [TEST_STEP][PASSED] - click(findTestObject("Object Repository/Page_Moodle/a_New Course Edited (14)")): Object: 'Object Repository/Page_Moodle/a_New Course Edited (14)' is clicked on

2022-01-17 20:06:34 - [MESSAGE][PASSED] - Object: 'Object Repository/Page_Moodle/a_New Course Edited (14)' is clicked on

2022-01-17 20:06:34 - [TEST_STEP][PASSED] - click(findTestObject("Object Repository/Page_Course New Course Edited/span_Late Assignment")): Object: 'Object Repository/Page_Course New Course Edited/span_Late Assignment' is clicked on

2022-01-17 20:06:35 - [MESSAGE][PASSED] - Object: 'Object Repository/Page_Course New Course Edited/span_Late Assignment' is clicked on

2022-01-17 20:06:35 - [TEST_STEP][PASSED] - click(findTestObject("Object Repository/Page_New Course Late Assignment/div_Submission statusNo attemptGrading stat_59d06a")): Object: 'Object Repository/Page_New Course Late Assignment/div_Submission statusNo attemptGrading stat_59d06a' is clicked on

2022-01-17 20:06:36 - [MESSAGE][PASSED] - Object: 'Object Repository/Page_New Course Late Assignment/div_Submission statusNo attemptGrading stat_59d06a' is clicked on]]></system-out>
         <system-err><![CDATA[]]></system-err>
      </testcase>
      <testcase name="Test Cases/Student View Calendar" time="13.228" classname="Test Cases/Student View Calendar" status="PASSED">
         <system-out><![CDATA[2022-01-17 20:06:36 - [TEST_CASE][PASSED] - Test Cases/Student View Calendar: Test Cases/Student View Calendar

2022-01-17 20:06:37 - [TEST_STEP][PASSED] - callTestCase(findTestCase("Student Login"), [:], STOP_ON_FAILURE): Call Test Case 'Test Cases/Student Login' successfully

2022-01-17 20:06:37 - [TEST_CASE][PASSED] - Test Cases/Student Login: Test Cases/Student Login

2022-01-17 20:06:37 - [TEST_STEP][PASSED] - openBrowser(""): Browser is opened with url: ''

2022-01-17 20:06:37 - [MESSAGE][WARNING] - A browser is already opened. Closing browser and opening a new one

2022-01-17 20:06:37 - [MESSAGE][INFO] - Starting 'Chrome' driver

2022-01-17 20:06:37 - [MESSAGE][INFO] - Action delay is set to 0 milliseconds

2022-01-17 20:06:39 - [MESSAGE][PASSED] - Browser is opened with url: ''

2022-01-17 20:06:39 - [TEST_STEP][PASSED] - navigateToUrl("http://localhost/moodle/login/index.php"): Navigate to 'http://localhost/moodle/login/index.php' successfully

2022-01-17 20:06:39 - [MESSAGE][PASSED] - Navigate to 'http://localhost/moodle/login/index.php' successfully

2022-01-17 20:06:39 - [TEST_STEP][PASSED] - setText(findTestObject("Object Repository/Page_Moodle Log in to the site/input_Username_username (21)"), "minhduc"): Text 'minhduc' is set on object 'Object Repository/Page_Moodle Log in to the site/input_Username_username (21)'

2022-01-17 20:06:40 - [MESSAGE][PASSED] - Text 'minhduc' is set on object 'Object Repository/Page_Moodle Log in to the site/input_Username_username (21)'

2022-01-17 20:06:40 - [TEST_STEP][PASSED] - click(findTestObject("Object Repository/Page_Moodle Log in to the site/form_document.getElementById(anchor).value _70e5d4")): Object: 'Object Repository/Page_Moodle Log in to the site/form_document.getElementById(anchor).value _70e5d4' is clicked on

2022-01-17 20:06:41 - [MESSAGE][PASSED] - Object: 'Object Repository/Page_Moodle Log in to the site/form_document.getElementById(anchor).value _70e5d4' is clicked on

2022-01-17 20:06:41 - [TEST_STEP][PASSED] - setEncryptedText(findTestObject("Object Repository/Page_Moodle Log in to the site/input_Password_password (21)"), "8JanWqnBZBo6yBKKrpSnpw=="): Text ****** has been set on object 'Object Repository/Page_Moodle Log in to the site/input_Password_password (21)'

2022-01-17 20:06:41 - [MESSAGE][PASSED] - Text ****** has been set on object 'Object Repository/Page_Moodle Log in to the site/input_Password_password (21)'

2022-01-17 20:06:41 - [TEST_STEP][PASSED] - click(findTestObject("Object Repository/Page_Moodle Log in to the site/button_Log in (14)")): Object: 'Object Repository/Page_Moodle Log in to the site/button_Log in (14)' is clicked on

2022-01-17 20:06:43 - [MESSAGE][PASSED] - Object: 'Object Repository/Page_Moodle Log in to the site/button_Log in (14)' is clicked on

2022-01-17 20:06:43 - [MESSAGE][PASSED] - Call Test Case 'Test Cases/Student Login' successfully

2022-01-17 20:06:43 - [TEST_STEP][PASSED] - click(findTestObject("Object Repository/Page_Dashboard/span_Site home (16)")): Object: 'Object Repository/Page_Dashboard/span_Site home (16)' is clicked on

2022-01-17 20:06:46 - [MESSAGE][PASSED] - Object: 'Object Repository/Page_Dashboard/span_Site home (16)' is clicked on

2022-01-17 20:06:46 - [TEST_STEP][PASSED] - click(findTestObject("Object Repository/Page_Moodle/a_New Course Edited (15)")): Object: 'Object Repository/Page_Moodle/a_New Course Edited (15)' is clicked on

2022-01-17 20:06:47 - [MESSAGE][PASSED] - Object: 'Object Repository/Page_Moodle/a_New Course Edited (15)' is clicked on

2022-01-17 20:06:47 - [TEST_STEP][PASSED] - click(findTestObject("Object Repository/Page_Course New Course Edited/span_Calendar")): Object: 'Object Repository/Page_Course New Course Edited/span_Calendar' is clicked on

2022-01-17 20:06:49 - [MESSAGE][PASSED] - Object: 'Object Repository/Page_Course New Course Edited/span_Calendar' is clicked on]]></system-out>
         <system-err><![CDATA[]]></system-err>
      </testcase>
      <testcase name="Test Cases/Teacher Login" time="6.057" classname="Test Cases/Teacher Login" status="PASSED">
         <system-out><![CDATA[2022-01-17 20:06:49 - [TEST_CASE][PASSED] - Test Cases/Teacher Login: Test Cases/Teacher Login

2022-01-17 20:06:49 - [TEST_STEP][PASSED] - openBrowser(""): Browser is opened with url: ''

2022-01-17 20:06:49 - [MESSAGE][WARNING] - A browser is already opened. Closing browser and opening a new one

2022-01-17 20:06:50 - [MESSAGE][INFO] - Starting 'Chrome' driver

2022-01-17 20:06:50 - [MESSAGE][INFO] - Action delay is set to 0 milliseconds

2022-01-17 20:06:52 - [MESSAGE][PASSED] - Browser is opened with url: ''

2022-01-17 20:06:52 - [TEST_STEP][PASSED] - navigateToUrl("http://localhost/moodle/login/index.php"): Navigate to 'http://localhost/moodle/login/index.php' successfully

2022-01-17 20:06:52 - [MESSAGE][PASSED] - Navigate to 'http://localhost/moodle/login/index.php' successfully

2022-01-17 20:06:52 - [TEST_STEP][PASSED] - setText(findTestObject("Object Repository/Page_Moodle Log in to the site/input_Username_username"), "admin"): Text 'admin' is set on object 'Object Repository/Page_Moodle Log in to the site/input_Username_username'

2022-01-17 20:06:53 - [MESSAGE][PASSED] - Text 'admin' is set on object 'Object Repository/Page_Moodle Log in to the site/input_Username_username'

2022-01-17 20:06:53 - [TEST_STEP][PASSED] - setEncryptedText(findTestObject("Object Repository/Page_Moodle Log in to the site/input_Password_password"), "8JanWqnBZBo6yBKKrpSnpw=="): Text ****** has been set on object 'Object Repository/Page_Moodle Log in to the site/input_Password_password'

2022-01-17 20:06:54 - [MESSAGE][PASSED] - Text ****** has been set on object 'Object Repository/Page_Moodle Log in to the site/input_Password_password'

2022-01-17 20:06:54 - [TEST_STEP][PASSED] - click(findTestObject("Object Repository/Page_Moodle Log in to the site/button_Log in")): Object: 'Object Repository/Page_Moodle Log in to the site/button_Log in' is clicked on

2022-01-17 20:06:55 - [MESSAGE][PASSED] - Object: 'Object Repository/Page_Moodle Log in to the site/button_Log in' is clicked on]]></system-out>
         <system-err><![CDATA[]]></system-err>
      </testcase>
      <testcase name="Test Cases/Teacher Add New Forum" time="55.677" classname="Test Cases/Teacher Add New Forum" status="PASSED">
         <system-out><![CDATA[2022-01-17 20:06:55 - [TEST_CASE][PASSED] - Test Cases/Teacher Add New Forum: Test Cases/Teacher Add New Forum

2022-01-17 20:06:56 - [TEST_STEP][PASSED] - callTestCase(findTestCase("Teacher Login"), [:], STOP_ON_FAILURE): Call Test Case 'Test Cases/Teacher Login' successfully

2022-01-17 20:06:56 - [TEST_CASE][PASSED] - Test Cases/Teacher Login: Test Cases/Teacher Login

2022-01-17 20:06:56 - [TEST_STEP][PASSED] - openBrowser(""): Browser is opened with url: ''

2022-01-17 20:06:56 - [MESSAGE][WARNING] - A browser is already opened. Closing browser and opening a new one

2022-01-17 20:06:57 - [MESSAGE][INFO] - Starting 'Chrome' driver

2022-01-17 20:06:57 - [MESSAGE][INFO] - Action delay is set to 0 milliseconds

2022-01-17 20:06:59 - [MESSAGE][PASSED] - Browser is opened with url: ''

2022-01-17 20:06:59 - [TEST_STEP][PASSED] - navigateToUrl("http://localhost/moodle/login/index.php"): Navigate to 'http://localhost/moodle/login/index.php' successfully

2022-01-17 20:06:59 - [MESSAGE][PASSED] - Navigate to 'http://localhost/moodle/login/index.php' successfully

2022-01-17 20:06:59 - [TEST_STEP][PASSED] - setText(findTestObject("Object Repository/Page_Moodle Log in to the site/input_Username_username"), "admin"): Text 'admin' is set on object 'Object Repository/Page_Moodle Log in to the site/input_Username_username'

2022-01-17 20:07:00 - [MESSAGE][PASSED] - Text 'admin' is set on object 'Object Repository/Page_Moodle Log in to the site/input_Username_username'

2022-01-17 20:07:00 - [TEST_STEP][PASSED] - setEncryptedText(findTestObject("Object Repository/Page_Moodle Log in to the site/input_Password_password"), "8JanWqnBZBo6yBKKrpSnpw=="): Text ****** has been set on object 'Object Repository/Page_Moodle Log in to the site/input_Password_password'

2022-01-17 20:07:01 - [MESSAGE][PASSED] - Text ****** has been set on object 'Object Repository/Page_Moodle Log in to the site/input_Password_password'

2022-01-17 20:07:01 - [TEST_STEP][PASSED] - click(findTestObject("Object Repository/Page_Moodle Log in to the site/button_Log in")): Object: 'Object Repository/Page_Moodle Log in to the site/button_Log in' is clicked on

2022-01-17 20:07:03 - [MESSAGE][PASSED] - Object: 'Object Repository/Page_Moodle Log in to the site/button_Log in' is clicked on

2022-01-17 20:07:03 - [MESSAGE][PASSED] - Call Test Case 'Test Cases/Teacher Login' successfully

2022-01-17 20:07:03 - [TEST_STEP][PASSED] - click(findTestObject("Object Repository/Page_Dashboard/span_Site home")): Object: 'Object Repository/Page_Dashboard/span_Site home' is clicked on

2022-01-17 20:07:05 - [MESSAGE][PASSED] - Object: 'Object Repository/Page_Dashboard/span_Site home' is clicked on

2022-01-17 20:07:05 - [TEST_STEP][PASSED] - click(findTestObject("Object Repository/Page_Moodle/a_New Course Edited")): Object: 'Object Repository/Page_Moodle/a_New Course Edited' is clicked on

2022-01-17 20:07:06 - [MESSAGE][PASSED] - Object: 'Object Repository/Page_Moodle/a_New Course Edited' is clicked on

2022-01-17 20:07:06 - [TEST_STEP][PASSED] - click(findTestObject("Object Repository/Page_Course New Course Edited/button_Turn editing on")): Object: 'Object Repository/Page_Course New Course Edited/button_Turn editing on' is clicked on

2022-01-17 20:07:08 - [MESSAGE][PASSED] - Object: 'Object Repository/Page_Course New Course Edited/button_Turn editing on' is clicked on

2022-01-17 20:07:08 - [TEST_STEP][PASSED] - click(findTestObject("Object Repository/Page_Course New Course Edited/span_Add an activity or resource")): Object: 'Object Repository/Page_Course New Course Edited/span_Add an activity or resource' is clicked on

2022-01-17 20:07:09 - [MESSAGE][PASSED] - Object: 'Object Repository/Page_Course New Course Edited/span_Add an activity or resource' is clicked on

2022-01-17 20:07:09 - [TEST_STEP][PASSED] - click(findTestObject("Object Repository/Page_Course New Course Edited/img_Information about the Folder activity_i_e12f9c")): Object: 'Object Repository/Page_Course New Course Edited/img_Information about the Folder activity_i_e12f9c' is clicked on

2022-01-17 20:07:48 - [MESSAGE][PASSED] - Object: 'Object Repository/Page_Course New Course Edited/img_Information about the Folder activity_i_e12f9c' is clicked on

2022-01-17 20:07:48 - [TEST_STEP][PASSED] - setText(findTestObject("Object Repository/Page_Editing Forum/input_Forum name_name"), "New Forum"): Text 'New Forum' is set on object 'Object Repository/Page_Editing Forum/input_Forum name_name'

2022-01-17 20:07:49 - [MESSAGE][PASSED] - Text 'New Forum' is set on object 'Object Repository/Page_Editing Forum/input_Forum name_name'

2022-01-17 20:07:49 - [TEST_STEP][PASSED] - click(findTestObject("Object Repository/Page_Editing Forum/input_Upon activity completion_submitbutton2")): Object: 'Object Repository/Page_Editing Forum/input_Upon activity completion_submitbutton2' is clicked on

2022-01-17 20:07:51 - [MESSAGE][PASSED] - Object: 'Object Repository/Page_Editing Forum/input_Upon activity completion_submitbutton2' is clicked on]]></system-out>
         <system-err><![CDATA[]]></system-err>
      </testcase>
      <testcase name="Test Cases/Teacher Add New Chat Room" time="19.784" classname="Test Cases/Teacher Add New Chat Room" status="PASSED">
         <system-out><![CDATA[2022-01-17 20:07:51 - [TEST_CASE][PASSED] - Test Cases/Teacher Add New Chat Room: Test Cases/Teacher Add New Chat Room

2022-01-17 20:07:52 - [TEST_STEP][PASSED] - callTestCase(findTestCase("Teacher Login"), [:], STOP_ON_FAILURE): Call Test Case 'Test Cases/Teacher Login' successfully

2022-01-17 20:07:52 - [TEST_CASE][PASSED] - Test Cases/Teacher Login: Test Cases/Teacher Login

2022-01-17 20:07:52 - [TEST_STEP][PASSED] - openBrowser(""): Browser is opened with url: ''

2022-01-17 20:07:52 - [MESSAGE][WARNING] - A browser is already opened. Closing browser and opening a new one

2022-01-17 20:07:52 - [MESSAGE][INFO] - Starting 'Chrome' driver

2022-01-17 20:07:52 - [MESSAGE][INFO] - Action delay is set to 0 milliseconds

2022-01-17 20:07:54 - [MESSAGE][PASSED] - Browser is opened with url: ''

2022-01-17 20:07:54 - [TEST_STEP][PASSED] - navigateToUrl("http://localhost/moodle/login/index.php"): Navigate to 'http://localhost/moodle/login/index.php' successfully

2022-01-17 20:07:54 - [MESSAGE][PASSED] - Navigate to 'http://localhost/moodle/login/index.php' successfully

2022-01-17 20:07:54 - [TEST_STEP][PASSED] - setText(findTestObject("Object Repository/Page_Moodle Log in to the site/input_Username_username"), "admin"): Text 'admin' is set on object 'Object Repository/Page_Moodle Log in to the site/input_Username_username'

2022-01-17 20:07:55 - [MESSAGE][PASSED] - Text 'admin' is set on object 'Object Repository/Page_Moodle Log in to the site/input_Username_username'

2022-01-17 20:07:55 - [TEST_STEP][PASSED] - setEncryptedText(findTestObject("Object Repository/Page_Moodle Log in to the site/input_Password_password"), "8JanWqnBZBo6yBKKrpSnpw=="): Text ****** has been set on object 'Object Repository/Page_Moodle Log in to the site/input_Password_password'

2022-01-17 20:07:56 - [MESSAGE][PASSED] - Text ****** has been set on object 'Object Repository/Page_Moodle Log in to the site/input_Password_password'

2022-01-17 20:07:56 - [TEST_STEP][PASSED] - click(findTestObject("Object Repository/Page_Moodle Log in to the site/button_Log in")): Object: 'Object Repository/Page_Moodle Log in to the site/button_Log in' is clicked on

2022-01-17 20:07:58 - [MESSAGE][PASSED] - Object: 'Object Repository/Page_Moodle Log in to the site/button_Log in' is clicked on

2022-01-17 20:07:58 - [MESSAGE][PASSED] - Call Test Case 'Test Cases/Teacher Login' successfully

2022-01-17 20:07:58 - [TEST_STEP][PASSED] - click(findTestObject("Object Repository/Page_Dashboard/span_Site home")): Object: 'Object Repository/Page_Dashboard/span_Site home' is clicked on

2022-01-17 20:08:00 - [MESSAGE][PASSED] - Object: 'Object Repository/Page_Dashboard/span_Site home' is clicked on

2022-01-17 20:08:00 - [TEST_STEP][PASSED] - click(findTestObject("Object Repository/Page_Moodle/a_New Course Edited")): Object: 'Object Repository/Page_Moodle/a_New Course Edited' is clicked on

2022-01-17 20:08:02 - [MESSAGE][PASSED] - Object: 'Object Repository/Page_Moodle/a_New Course Edited' is clicked on

2022-01-17 20:08:02 - [TEST_STEP][PASSED] - click(findTestObject("Object Repository/Page_Course New Course Edited/button_Turn editing on")): Object: 'Object Repository/Page_Course New Course Edited/button_Turn editing on' is clicked on

2022-01-17 20:08:03 - [MESSAGE][PASSED] - Object: 'Object Repository/Page_Course New Course Edited/button_Turn editing on' is clicked on

2022-01-17 20:08:03 - [TEST_STEP][PASSED] - click(findTestObject("Object Repository/Page_Course New Course Edited/span_Add an activity or resource")): Object: 'Object Repository/Page_Course New Course Edited/span_Add an activity or resource' is clicked on

2022-01-17 20:08:04 - [MESSAGE][PASSED] - Object: 'Object Repository/Page_Course New Course Edited/span_Add an activity or resource' is clicked on

2022-01-17 20:08:04 - [TEST_STEP][PASSED] - click(findTestObject("Object Repository/Page_Course New Course Edited/img_Information about the Book activity_icon icon")): Object: 'Object Repository/Page_Course New Course Edited/img_Information about the Book activity_icon icon' is clicked on

2022-01-17 20:08:07 - [MESSAGE][PASSED] - Object: 'Object Repository/Page_Course New Course Edited/img_Information about the Book activity_icon icon' is clicked on

2022-01-17 20:08:07 - [TEST_STEP][PASSED] - setText(findTestObject("Object Repository/Page_Editing Chat/input_Name of this chat room_name"), "New Chat"): Text 'New Chat' is set on object 'Object Repository/Page_Editing Chat/input_Name of this chat room_name'

2022-01-17 20:08:09 - [MESSAGE][PASSED] - Text 'New Chat' is set on object 'Object Repository/Page_Editing Chat/input_Name of this chat room_name'

2022-01-17 20:08:09 - [TEST_STEP][PASSED] - click(findTestObject("Object Repository/Page_Editing Chat/input_Upon activity completion_submitbutton2")): Object: 'Object Repository/Page_Editing Chat/input_Upon activity completion_submitbutton2' is clicked on

2022-01-17 20:08:11 - [MESSAGE][PASSED] - Object: 'Object Repository/Page_Editing Chat/input_Upon activity completion_submitbutton2' is clicked on]]></system-out>
         <system-err><![CDATA[]]></system-err>
      </testcase>
      <testcase name="Test Cases/Teacher Create Assignment" time="21.413" classname="Test Cases/Teacher Create Assignment" status="PASSED">
         <system-out><![CDATA[2022-01-17 20:08:11 - [TEST_CASE][PASSED] - Test Cases/Teacher Create Assignment: Test Cases/Teacher Create Assignment

2022-01-17 20:08:11 - [TEST_STEP][PASSED] - callTestCase(findTestCase("Teacher Login"), [:], STOP_ON_FAILURE): Call Test Case 'Test Cases/Teacher Login' successfully

2022-01-17 20:08:12 - [TEST_CASE][PASSED] - Test Cases/Teacher Login: Test Cases/Teacher Login

2022-01-17 20:08:12 - [TEST_STEP][PASSED] - openBrowser(""): Browser is opened with url: ''

2022-01-17 20:08:12 - [MESSAGE][WARNING] - A browser is already opened. Closing browser and opening a new one

2022-01-17 20:08:12 - [MESSAGE][INFO] - Starting 'Chrome' driver

2022-01-17 20:08:12 - [MESSAGE][INFO] - Action delay is set to 0 milliseconds

2022-01-17 20:08:13 - [MESSAGE][PASSED] - Browser is opened with url: ''

2022-01-17 20:08:13 - [TEST_STEP][PASSED] - navigateToUrl("http://localhost/moodle/login/index.php"): Navigate to 'http://localhost/moodle/login/index.php' successfully

2022-01-17 20:08:14 - [MESSAGE][PASSED] - Navigate to 'http://localhost/moodle/login/index.php' successfully

2022-01-17 20:08:14 - [TEST_STEP][PASSED] - setText(findTestObject("Object Repository/Page_Moodle Log in to the site/input_Username_username"), "admin"): Text 'admin' is set on object 'Object Repository/Page_Moodle Log in to the site/input_Username_username'

2022-01-17 20:08:15 - [MESSAGE][PASSED] - Text 'admin' is set on object 'Object Repository/Page_Moodle Log in to the site/input_Username_username'

2022-01-17 20:08:15 - [TEST_STEP][PASSED] - setEncryptedText(findTestObject("Object Repository/Page_Moodle Log in to the site/input_Password_password"), "8JanWqnBZBo6yBKKrpSnpw=="): Text ****** has been set on object 'Object Repository/Page_Moodle Log in to the site/input_Password_password'

2022-01-17 20:08:16 - [MESSAGE][PASSED] - Text ****** has been set on object 'Object Repository/Page_Moodle Log in to the site/input_Password_password'

2022-01-17 20:08:16 - [TEST_STEP][PASSED] - click(findTestObject("Object Repository/Page_Moodle Log in to the site/button_Log in")): Object: 'Object Repository/Page_Moodle Log in to the site/button_Log in' is clicked on

2022-01-17 20:08:17 - [MESSAGE][PASSED] - Object: 'Object Repository/Page_Moodle Log in to the site/button_Log in' is clicked on

2022-01-17 20:08:17 - [MESSAGE][PASSED] - Call Test Case 'Test Cases/Teacher Login' successfully

2022-01-17 20:08:17 - [TEST_STEP][PASSED] - click(findTestObject("Object Repository/Page_Dashboard/span_Site home (17)")): Object: 'Object Repository/Page_Dashboard/span_Site home (17)' is clicked on

2022-01-17 20:08:20 - [MESSAGE][PASSED] - Object: 'Object Repository/Page_Dashboard/span_Site home (17)' is clicked on

2022-01-17 20:08:20 - [TEST_STEP][PASSED] - click(findTestObject("Object Repository/Page_Moodle/a_New Course Edited (16)")): Object: 'Object Repository/Page_Moodle/a_New Course Edited (16)' is clicked on

2022-01-17 20:08:21 - [MESSAGE][PASSED] - Object: 'Object Repository/Page_Moodle/a_New Course Edited (16)' is clicked on

2022-01-17 20:08:21 - [TEST_STEP][PASSED] - click(findTestObject("Object Repository/Page_Course New Course Edited/button_Turn editing on (1)")): Object: 'Object Repository/Page_Course New Course Edited/button_Turn editing on (1)' is clicked on

2022-01-17 20:08:23 - [MESSAGE][PASSED] - Object: 'Object Repository/Page_Course New Course Edited/button_Turn editing on (1)' is clicked on

2022-01-17 20:08:23 - [TEST_STEP][PASSED] - click(findTestObject("Object Repository/Page_Course New Course Edited/span_Add an activity or resource (1)")): Object: 'Object Repository/Page_Course New Course Edited/span_Add an activity or resource (1)' is clicked on

2022-01-17 20:08:25 - [MESSAGE][PASSED] - Object: 'Object Repository/Page_Course New Course Edited/span_Add an activity or resource (1)' is clicked on

2022-01-17 20:08:25 - [TEST_STEP][PASSED] - click(findTestObject("Object Repository/Page_Course New Course Edited/img_Recommended_icon icon")): Object: 'Object Repository/Page_Course New Course Edited/img_Recommended_icon icon' is clicked on

2022-01-17 20:08:28 - [MESSAGE][PASSED] - Object: 'Object Repository/Page_Course New Course Edited/img_Recommended_icon icon' is clicked on

2022-01-17 20:08:28 - [TEST_STEP][PASSED] - setText(findTestObject("Object Repository/Page_Editing Assignment/input_Assignment name_name"), "New Assignment"): Text 'New Assignment' is set on object 'Object Repository/Page_Editing Assignment/input_Assignment name_name'

2022-01-17 20:08:30 - [MESSAGE][PASSED] - Text 'New Assignment' is set on object 'Object Repository/Page_Editing Assignment/input_Assignment name_name'

2022-01-17 20:08:30 - [TEST_STEP][PASSED] - click(findTestObject("Object Repository/Page_Editing Assignment/input_Upon activity completion_submitbutton2")): Object: 'Object Repository/Page_Editing Assignment/input_Upon activity completion_submitbutton2' is clicked on

2022-01-17 20:08:32 - [MESSAGE][PASSED] - Object: 'Object Repository/Page_Editing Assignment/input_Upon activity completion_submitbutton2' is clicked on]]></system-out>
         <system-err><![CDATA[]]></system-err>
      </testcase>
      <testcase name="Test Cases/Teacher Create Feedback" time="19.972" classname="Test Cases/Teacher Create Feedback" status="PASSED">
         <system-out><![CDATA[2022-01-17 20:08:32 - [TEST_CASE][PASSED] - Test Cases/Teacher Create Feedback: Test Cases/Teacher Create Feedback

2022-01-17 20:08:33 - [TEST_STEP][PASSED] - callTestCase(findTestCase("Teacher Login"), [:], STOP_ON_FAILURE): Call Test Case 'Test Cases/Teacher Login' successfully

2022-01-17 20:08:33 - [TEST_CASE][PASSED] - Test Cases/Teacher Login: Test Cases/Teacher Login

2022-01-17 20:08:33 - [TEST_STEP][PASSED] - openBrowser(""): Browser is opened with url: ''

2022-01-17 20:08:33 - [MESSAGE][WARNING] - A browser is already opened. Closing browser and opening a new one

2022-01-17 20:08:34 - [MESSAGE][INFO] - Starting 'Chrome' driver

2022-01-17 20:08:34 - [MESSAGE][INFO] - Action delay is set to 0 milliseconds

2022-01-17 20:08:35 - [MESSAGE][PASSED] - Browser is opened with url: ''

2022-01-17 20:08:35 - [TEST_STEP][PASSED] - navigateToUrl("http://localhost/moodle/login/index.php"): Navigate to 'http://localhost/moodle/login/index.php' successfully

2022-01-17 20:08:36 - [MESSAGE][PASSED] - Navigate to 'http://localhost/moodle/login/index.php' successfully

2022-01-17 20:08:36 - [TEST_STEP][PASSED] - setText(findTestObject("Object Repository/Page_Moodle Log in to the site/input_Username_username"), "admin"): Text 'admin' is set on object 'Object Repository/Page_Moodle Log in to the site/input_Username_username'

2022-01-17 20:08:37 - [MESSAGE][PASSED] - Text 'admin' is set on object 'Object Repository/Page_Moodle Log in to the site/input_Username_username'

2022-01-17 20:08:37 - [TEST_STEP][PASSED] - setEncryptedText(findTestObject("Object Repository/Page_Moodle Log in to the site/input_Password_password"), "8JanWqnBZBo6yBKKrpSnpw=="): Text ****** has been set on object 'Object Repository/Page_Moodle Log in to the site/input_Password_password'

2022-01-17 20:08:37 - [MESSAGE][PASSED] - Text ****** has been set on object 'Object Repository/Page_Moodle Log in to the site/input_Password_password'

2022-01-17 20:08:37 - [TEST_STEP][PASSED] - click(findTestObject("Object Repository/Page_Moodle Log in to the site/button_Log in")): Object: 'Object Repository/Page_Moodle Log in to the site/button_Log in' is clicked on

2022-01-17 20:08:39 - [MESSAGE][PASSED] - Object: 'Object Repository/Page_Moodle Log in to the site/button_Log in' is clicked on

2022-01-17 20:08:39 - [MESSAGE][PASSED] - Call Test Case 'Test Cases/Teacher Login' successfully

2022-01-17 20:08:39 - [TEST_STEP][PASSED] - click(findTestObject("Page_Dashboard/span_Site home")): Object: 'Object Repository/Page_Dashboard/span_Site home' is clicked on

2022-01-17 20:08:41 - [MESSAGE][PASSED] - Object: 'Object Repository/Page_Dashboard/span_Site home' is clicked on

2022-01-17 20:08:41 - [TEST_STEP][PASSED] - click(findTestObject("Page_Moodle/a_New Course Edited")): Object: 'Object Repository/Page_Moodle/a_New Course Edited' is clicked on

2022-01-17 20:08:43 - [MESSAGE][PASSED] - Object: 'Object Repository/Page_Moodle/a_New Course Edited' is clicked on

2022-01-17 20:08:43 - [TEST_STEP][PASSED] - click(findTestObject("Page_Course New Course Edited/button_Turn editing on")): Object: 'Object Repository/Page_Course New Course Edited/button_Turn editing on' is clicked on

2022-01-17 20:08:45 - [MESSAGE][PASSED] - Object: 'Object Repository/Page_Course New Course Edited/button_Turn editing on' is clicked on

2022-01-17 20:08:45 - [TEST_STEP][PASSED] - click(findTestObject("Page_Course New Course Edited/span_Add an activity or resource")): Object: 'Object Repository/Page_Course New Course Edited/span_Add an activity or resource' is clicked on

2022-01-17 20:08:46 - [MESSAGE][PASSED] - Object: 'Object Repository/Page_Course New Course Edited/span_Add an activity or resource' is clicked on

2022-01-17 20:08:46 - [TEST_STEP][PASSED] - click(findTestObject("Object Repository/Page_Course New Course Edited/img_Information about the External tool act_ef68c3")): Object: 'Object Repository/Page_Course New Course Edited/img_Information about the External tool act_ef68c3' is clicked on

2022-01-17 20:08:49 - [MESSAGE][PASSED] - Object: 'Object Repository/Page_Course New Course Edited/img_Information about the External tool act_ef68c3' is clicked on

2022-01-17 20:08:49 - [TEST_STEP][PASSED] - setText(findTestObject("Object Repository/Page_Editing Feedback/input_Name_name"), "New Feedback"): Text 'New Feedback' is set on object 'Object Repository/Page_Editing Feedback/input_Name_name'

2022-01-17 20:08:50 - [MESSAGE][PASSED] - Text 'New Feedback' is set on object 'Object Repository/Page_Editing Feedback/input_Name_name'

2022-01-17 20:08:50 - [TEST_STEP][PASSED] - click(findTestObject("Object Repository/Page_Editing Feedback/input_Upon activity completion_submitbutton2")): Object: 'Object Repository/Page_Editing Feedback/input_Upon activity completion_submitbutton2' is clicked on

2022-01-17 20:08:52 - [MESSAGE][PASSED] - Object: 'Object Repository/Page_Editing Feedback/input_Upon activity completion_submitbutton2' is clicked on]]></system-out>
         <system-err><![CDATA[]]></system-err>
      </testcase>
      <testcase name="Test Cases/Teacher Delete Feedback" time="13.739" classname="Test Cases/Teacher Delete Feedback" status="PASSED">
         <system-out><![CDATA[2022-01-17 20:08:52 - [TEST_CASE][PASSED] - Test Cases/Teacher Delete Feedback: Test Cases/Teacher Delete Feedback

2022-01-17 20:08:53 - [TEST_STEP][PASSED] - callTestCase(findTestCase("Teacher Login"), [:], STOP_ON_FAILURE): Call Test Case 'Test Cases/Teacher Login' successfully

2022-01-17 20:08:53 - [TEST_CASE][PASSED] - Test Cases/Teacher Login: Test Cases/Teacher Login

2022-01-17 20:08:53 - [TEST_STEP][PASSED] - openBrowser(""): Browser is opened with url: ''

2022-01-17 20:08:53 - [MESSAGE][WARNING] - A browser is already opened. Closing browser and opening a new one

2022-01-17 20:08:54 - [MESSAGE][INFO] - Starting 'Chrome' driver

2022-01-17 20:08:54 - [MESSAGE][INFO] - Action delay is set to 0 milliseconds

2022-01-17 20:08:55 - [MESSAGE][PASSED] - Browser is opened with url: ''

2022-01-17 20:08:55 - [TEST_STEP][PASSED] - navigateToUrl("http://localhost/moodle/login/index.php"): Navigate to 'http://localhost/moodle/login/index.php' successfully

2022-01-17 20:08:56 - [MESSAGE][PASSED] - Navigate to 'http://localhost/moodle/login/index.php' successfully

2022-01-17 20:08:56 - [TEST_STEP][PASSED] - setText(findTestObject("Object Repository/Page_Moodle Log in to the site/input_Username_username"), "admin"): Text 'admin' is set on object 'Object Repository/Page_Moodle Log in to the site/input_Username_username'

2022-01-17 20:08:56 - [MESSAGE][PASSED] - Text 'admin' is set on object 'Object Repository/Page_Moodle Log in to the site/input_Username_username'

2022-01-17 20:08:56 - [TEST_STEP][PASSED] - setEncryptedText(findTestObject("Object Repository/Page_Moodle Log in to the site/input_Password_password"), "8JanWqnBZBo6yBKKrpSnpw=="): Text ****** has been set on object 'Object Repository/Page_Moodle Log in to the site/input_Password_password'

2022-01-17 20:08:57 - [MESSAGE][PASSED] - Text ****** has been set on object 'Object Repository/Page_Moodle Log in to the site/input_Password_password'

2022-01-17 20:08:57 - [TEST_STEP][PASSED] - click(findTestObject("Object Repository/Page_Moodle Log in to the site/button_Log in")): Object: 'Object Repository/Page_Moodle Log in to the site/button_Log in' is clicked on

2022-01-17 20:08:59 - [MESSAGE][PASSED] - Object: 'Object Repository/Page_Moodle Log in to the site/button_Log in' is clicked on

2022-01-17 20:08:59 - [MESSAGE][PASSED] - Call Test Case 'Test Cases/Teacher Login' successfully

2022-01-17 20:08:59 - [TEST_STEP][PASSED] - click(findTestObject("Page_Dashboard/span_Site home")): Object: 'Object Repository/Page_Dashboard/span_Site home' is clicked on

2022-01-17 20:09:02 - [MESSAGE][PASSED] - Object: 'Object Repository/Page_Dashboard/span_Site home' is clicked on

2022-01-17 20:09:02 - [TEST_STEP][PASSED] - click(findTestObject("Page_Moodle/a_New Course Edited")): Object: 'Object Repository/Page_Moodle/a_New Course Edited' is clicked on

2022-01-17 20:09:03 - [MESSAGE][PASSED] - Object: 'Object Repository/Page_Moodle/a_New Course Edited' is clicked on

2022-01-17 20:09:03 - [TEST_STEP][PASSED] - click(findTestObject("Page_Course New Course Edited/button_Turn editing on")): Object: 'Object Repository/Page_Course New Course Edited/button_Turn editing on' is clicked on

2022-01-17 20:09:05 - [MESSAGE][PASSED] - Object: 'Object Repository/Page_Course New Course Edited/button_Turn editing on' is clicked on

2022-01-17 20:09:05 - [TEST_STEP][PASSED] - click(findTestObject("Page_Course New Course Edited/a_delete")): Object: 'Object Repository/Page_Course New Course Edited/a_delete' is clicked on

2022-01-17 20:09:06 - [MESSAGE][PASSED] - Object: 'Object Repository/Page_Course New Course Edited/a_delete' is clicked on]]></system-out>
         <system-err><![CDATA[]]></system-err>
      </testcase>
      <testcase name="Test Cases/Teacher Edit Forum" time="17.197" classname="Test Cases/Teacher Edit Forum" status="PASSED">
         <system-out><![CDATA[2022-01-17 20:09:06 - [TEST_CASE][PASSED] - Test Cases/Teacher Edit Forum: Test Cases/Teacher Edit Forum

2022-01-17 20:09:06 - [TEST_STEP][PASSED] - openBrowser(""): Browser is opened with url: ''

2022-01-17 20:09:06 - [MESSAGE][WARNING] - A browser is already opened. Closing browser and opening a new one

2022-01-17 20:09:07 - [MESSAGE][INFO] - Starting 'Chrome' driver

2022-01-17 20:09:07 - [MESSAGE][INFO] - Action delay is set to 0 milliseconds

2022-01-17 20:09:08 - [MESSAGE][PASSED] - Browser is opened with url: ''

2022-01-17 20:09:08 - [TEST_STEP][PASSED] - navigateToUrl("http://localhost/moodle/login/index.php"): Navigate to 'http://localhost/moodle/login/index.php' successfully

2022-01-17 20:09:09 - [MESSAGE][PASSED] - Navigate to 'http://localhost/moodle/login/index.php' successfully

2022-01-17 20:09:09 - [TEST_STEP][PASSED] - setText(findTestObject("Object Repository/Page_Moodle Log in to the site/input_Username_username (35)"), "admin"): Text 'admin' is set on object 'Object Repository/Page_Moodle Log in to the site/input_Username_username (35)'

2022-01-17 20:09:10 - [MESSAGE][PASSED] - Text 'admin' is set on object 'Object Repository/Page_Moodle Log in to the site/input_Username_username (35)'

2022-01-17 20:09:10 - [TEST_STEP][PASSED] - setEncryptedText(findTestObject("Object Repository/Page_Moodle Log in to the site/input_Password_password (35)"), "8JanWqnBZBo6yBKKrpSnpw=="): Text ****** has been set on object 'Object Repository/Page_Moodle Log in to the site/input_Password_password (35)'

2022-01-17 20:09:10 - [MESSAGE][PASSED] - Text ****** has been set on object 'Object Repository/Page_Moodle Log in to the site/input_Password_password (35)'

2022-01-17 20:09:10 - [TEST_STEP][PASSED] - click(findTestObject("Object Repository/Page_Moodle Log in to the site/button_Log in (26)")): Object: 'Object Repository/Page_Moodle Log in to the site/button_Log in (26)' is clicked on

2022-01-17 20:09:12 - [MESSAGE][PASSED] - Object: 'Object Repository/Page_Moodle Log in to the site/button_Log in (26)' is clicked on

2022-01-17 20:09:12 - [TEST_STEP][PASSED] - click(findTestObject("Object Repository/Page_Dashboard/span_Site home (20)")): Object: 'Object Repository/Page_Dashboard/span_Site home (20)' is clicked on

2022-01-17 20:09:15 - [MESSAGE][PASSED] - Object: 'Object Repository/Page_Dashboard/span_Site home (20)' is clicked on

2022-01-17 20:09:15 - [TEST_STEP][PASSED] - click(findTestObject("Object Repository/Page_Moodle/a_New Course Edited (19)")): Object: 'Object Repository/Page_Moodle/a_New Course Edited (19)' is clicked on

2022-01-17 20:09:16 - [MESSAGE][PASSED] - Object: 'Object Repository/Page_Moodle/a_New Course Edited (19)' is clicked on

2022-01-17 20:09:16 - [TEST_STEP][PASSED] - click(findTestObject("Object Repository/Page_Course New Course Edited/button_Turn editing on (4)")): Object: 'Object Repository/Page_Course New Course Edited/button_Turn editing on (4)' is clicked on

2022-01-17 20:09:18 - [MESSAGE][PASSED] - Object: 'Object Repository/Page_Course New Course Edited/button_Turn editing on (4)' is clicked on

2022-01-17 20:09:18 - [TEST_STEP][PASSED] - click(findTestObject("Object Repository/Page_Course New Course Edited/a_Edit (3)")): Object: 'Object Repository/Page_Course New Course Edited/a_Edit (3)' is clicked on

2022-01-17 20:09:19 - [MESSAGE][PASSED] - Object: 'Object Repository/Page_Course New Course Edited/a_Edit (3)' is clicked on

2022-01-17 20:09:19 - [TEST_STEP][PASSED] - click(findTestObject("Object Repository/Page_Course New Course Edited/a_Edit settings")): Object: 'Object Repository/Page_Course New Course Edited/a_Edit settings' is clicked on

2022-01-17 20:09:21 - [MESSAGE][PASSED] - Object: 'Object Repository/Page_Course New Course Edited/a_Edit settings' is clicked on

2022-01-17 20:09:21 - [TEST_STEP][PASSED] - click(findTestObject("Object Repository/Page_Editing Forum/input_Forum name_name (1)")): Object: 'Object Repository/Page_Editing Forum/input_Forum name_name (1)' is clicked on

2022-01-17 20:09:22 - [MESSAGE][PASSED] - Object: 'Object Repository/Page_Editing Forum/input_Forum name_name (1)' is clicked on

2022-01-17 20:09:22 - [TEST_STEP][PASSED] - setText(findTestObject("Object Repository/Page_Editing Forum/input_Forum name_name (1)"), "Forum Edited"): Text 'Forum Edited' is set on object 'Object Repository/Page_Editing Forum/input_Forum name_name (1)'

2022-01-17 20:09:23 - [MESSAGE][PASSED] - Text 'Forum Edited' is set on object 'Object Repository/Page_Editing Forum/input_Forum name_name (1)'

2022-01-17 20:09:23 - [TEST_STEP][PASSED] - click(findTestObject("Object Repository/Page_Editing Forum/input_Upon activity completion_submitbutton2 (1)")): Object: 'Object Repository/Page_Editing Forum/input_Upon activity completion_submitbutton2 (1)' is clicked on

2022-01-17 20:09:23 - [MESSAGE][PASSED] - Object: 'Object Repository/Page_Editing Forum/input_Upon activity completion_submitbutton2 (1)' is clicked on]]></system-out>
         <system-err><![CDATA[]]></system-err>
      </testcase>
      <testcase name="Test Cases/Teacher Hide Assignment" time="15.211" classname="Test Cases/Teacher Hide Assignment" status="PASSED">
         <system-out><![CDATA[2022-01-17 20:09:23 - [TEST_CASE][PASSED] - Test Cases/Teacher Hide Assignment: Test Cases/Teacher Hide Assignment

2022-01-17 20:09:24 - [TEST_STEP][PASSED] - callTestCase(findTestCase("Teacher Login"), [:], STOP_ON_FAILURE): Call Test Case 'Test Cases/Teacher Login' successfully

2022-01-17 20:09:24 - [TEST_CASE][PASSED] - Test Cases/Teacher Login: Test Cases/Teacher Login

2022-01-17 20:09:24 - [TEST_STEP][PASSED] - openBrowser(""): Browser is opened with url: ''

2022-01-17 20:09:24 - [MESSAGE][WARNING] - A browser is already opened. Closing browser and opening a new one

2022-01-17 20:09:25 - [MESSAGE][INFO] - Starting 'Chrome' driver

2022-01-17 20:09:25 - [MESSAGE][INFO] - Action delay is set to 0 milliseconds

2022-01-17 20:09:26 - [MESSAGE][PASSED] - Browser is opened with url: ''

2022-01-17 20:09:26 - [TEST_STEP][PASSED] - navigateToUrl("http://localhost/moodle/login/index.php"): Navigate to 'http://localhost/moodle/login/index.php' successfully

2022-01-17 20:09:27 - [MESSAGE][PASSED] - Navigate to 'http://localhost/moodle/login/index.php' successfully

2022-01-17 20:09:27 - [TEST_STEP][PASSED] - setText(findTestObject("Object Repository/Page_Moodle Log in to the site/input_Username_username"), "admin"): Text 'admin' is set on object 'Object Repository/Page_Moodle Log in to the site/input_Username_username'

2022-01-17 20:09:27 - [MESSAGE][PASSED] - Text 'admin' is set on object 'Object Repository/Page_Moodle Log in to the site/input_Username_username'

2022-01-17 20:09:27 - [TEST_STEP][PASSED] - setEncryptedText(findTestObject("Object Repository/Page_Moodle Log in to the site/input_Password_password"), "8JanWqnBZBo6yBKKrpSnpw=="): Text ****** has been set on object 'Object Repository/Page_Moodle Log in to the site/input_Password_password'

2022-01-17 20:09:28 - [MESSAGE][PASSED] - Text ****** has been set on object 'Object Repository/Page_Moodle Log in to the site/input_Password_password'

2022-01-17 20:09:28 - [TEST_STEP][PASSED] - click(findTestObject("Object Repository/Page_Moodle Log in to the site/button_Log in")): Object: 'Object Repository/Page_Moodle Log in to the site/button_Log in' is clicked on

2022-01-17 20:09:30 - [MESSAGE][PASSED] - Object: 'Object Repository/Page_Moodle Log in to the site/button_Log in' is clicked on

2022-01-17 20:09:30 - [MESSAGE][PASSED] - Call Test Case 'Test Cases/Teacher Login' successfully

2022-01-17 20:09:30 - [TEST_STEP][PASSED] - click(findTestObject("Object Repository/Page_Dashboard/span_Site home (19)")): Object: 'Object Repository/Page_Dashboard/span_Site home (19)' is clicked on

2022-01-17 20:09:32 - [MESSAGE][PASSED] - Object: 'Object Repository/Page_Dashboard/span_Site home (19)' is clicked on

2022-01-17 20:09:32 - [TEST_STEP][PASSED] - click(findTestObject("Object Repository/Page_Moodle/a_New Course Edited (18)")): Object: 'Object Repository/Page_Moodle/a_New Course Edited (18)' is clicked on

2022-01-17 20:09:33 - [MESSAGE][PASSED] - Object: 'Object Repository/Page_Moodle/a_New Course Edited (18)' is clicked on

2022-01-17 20:09:33 - [TEST_STEP][PASSED] - click(findTestObject("Object Repository/Page_Course New Course Edited/button_Turn editing on (3)")): Object: 'Object Repository/Page_Course New Course Edited/button_Turn editing on (3)' is clicked on

2022-01-17 20:09:35 - [MESSAGE][PASSED] - Object: 'Object Repository/Page_Course New Course Edited/button_Turn editing on (3)' is clicked on

2022-01-17 20:09:35 - [TEST_STEP][PASSED] - click(findTestObject("Object Repository/Page_Course New Course Edited/a_Edit (2)")): Object: 'Object Repository/Page_Course New Course Edited/a_Edit (2)' is clicked on

2022-01-17 20:09:36 - [MESSAGE][PASSED] - Object: 'Object Repository/Page_Course New Course Edited/a_Edit (2)' is clicked on

2022-01-17 20:09:36 - [TEST_STEP][PASSED] - click(findTestObject("Object Repository/Page_Course New Course Edited/span_Hide")): Object: 'Object Repository/Page_Course New Course Edited/span_Hide' is clicked on

2022-01-17 20:09:38 - [MESSAGE][PASSED] - Object: 'Object Repository/Page_Course New Course Edited/span_Hide' is clicked on]]></system-out>
         <system-err><![CDATA[]]></system-err>
      </testcase>
      <testcase name="Test Cases/Teacher_Add_NewAnnouncement" time="19.475" classname="Test Cases/Teacher_Add_NewAnnouncement" status="PASSED">
         <system-out><![CDATA[2022-01-17 20:09:38 - [TEST_CASE][PASSED] - Test Cases/Teacher_Add_NewAnnouncement: Test Cases/Teacher_Add_NewAnnouncement

2022-01-17 20:09:39 - [TEST_STEP][PASSED] - callTestCase(findTestCase("Teacher Login"), [:], STOP_ON_FAILURE): Call Test Case 'Test Cases/Teacher Login' successfully

2022-01-17 20:09:39 - [TEST_CASE][PASSED] - Test Cases/Teacher Login: Test Cases/Teacher Login

2022-01-17 20:09:39 - [TEST_STEP][PASSED] - openBrowser(""): Browser is opened with url: ''

2022-01-17 20:09:39 - [MESSAGE][WARNING] - A browser is already opened. Closing browser and opening a new one

2022-01-17 20:09:39 - [MESSAGE][INFO] - Starting 'Chrome' driver

2022-01-17 20:09:39 - [MESSAGE][INFO] - Action delay is set to 0 milliseconds

2022-01-17 20:09:41 - [MESSAGE][PASSED] - Browser is opened with url: ''

2022-01-17 20:09:41 - [TEST_STEP][PASSED] - navigateToUrl("http://localhost/moodle/login/index.php"): Navigate to 'http://localhost/moodle/login/index.php' successfully

2022-01-17 20:09:41 - [MESSAGE][PASSED] - Navigate to 'http://localhost/moodle/login/index.php' successfully

2022-01-17 20:09:41 - [TEST_STEP][PASSED] - setText(findTestObject("Object Repository/Page_Moodle Log in to the site/input_Username_username"), "admin"): Text 'admin' is set on object 'Object Repository/Page_Moodle Log in to the site/input_Username_username'

2022-01-17 20:09:42 - [MESSAGE][PASSED] - Text 'admin' is set on object 'Object Repository/Page_Moodle Log in to the site/input_Username_username'

2022-01-17 20:09:42 - [TEST_STEP][PASSED] - setEncryptedText(findTestObject("Object Repository/Page_Moodle Log in to the site/input_Password_password"), "8JanWqnBZBo6yBKKrpSnpw=="): Text ****** has been set on object 'Object Repository/Page_Moodle Log in to the site/input_Password_password'

2022-01-17 20:09:43 - [MESSAGE][PASSED] - Text ****** has been set on object 'Object Repository/Page_Moodle Log in to the site/input_Password_password'

2022-01-17 20:09:43 - [TEST_STEP][PASSED] - click(findTestObject("Object Repository/Page_Moodle Log in to the site/button_Log in")): Object: 'Object Repository/Page_Moodle Log in to the site/button_Log in' is clicked on

2022-01-17 20:09:44 - [MESSAGE][PASSED] - Object: 'Object Repository/Page_Moodle Log in to the site/button_Log in' is clicked on

2022-01-17 20:09:44 - [MESSAGE][PASSED] - Call Test Case 'Test Cases/Teacher Login' successfully

2022-01-17 20:09:44 - [TEST_STEP][PASSED] - click(findTestObject("Object Repository/Page_Dashboard/span_Site home (22)")): Object: 'Object Repository/Page_Dashboard/span_Site home (22)' is clicked on

2022-01-17 20:09:47 - [MESSAGE][PASSED] - Object: 'Object Repository/Page_Dashboard/span_Site home (22)' is clicked on

2022-01-17 20:09:47 - [TEST_STEP][PASSED] - click(findTestObject("Object Repository/Page_Moodle/a_New Course Edited (21)")): Object: 'Object Repository/Page_Moodle/a_New Course Edited (21)' is clicked on

2022-01-17 20:09:48 - [MESSAGE][PASSED] - Object: 'Object Repository/Page_Moodle/a_New Course Edited (21)' is clicked on

2022-01-17 20:09:48 - [TEST_STEP][PASSED] - click(findTestObject("Object Repository/Page_Course New Course Edited/span_Announcements Forum")): Object: 'Object Repository/Page_Course New Course Edited/span_Announcements Forum' is clicked on

2022-01-17 20:09:53 - [MESSAGE][PASSED] - Object: 'Object Repository/Page_Course New Course Edited/span_Announcements Forum' is clicked on

2022-01-17 20:09:53 - [TEST_STEP][PASSED] - click(findTestObject("Object Repository/Page_Announcements/a_Add a new topic")): Object: 'Object Repository/Page_Announcements/a_Add a new topic' is clicked on

2022-01-17 20:09:54 - [MESSAGE][PASSED] - Object: 'Object Repository/Page_Announcements/a_Add a new topic' is clicked on

2022-01-17 20:09:54 - [TEST_STEP][PASSED] - setText(findTestObject("Object Repository/Page_Announcements/input_Subject_subject"), "New Topic"): Text 'New Topic' is set on object 'Object Repository/Page_Announcements/input_Subject_subject'

2022-01-17 20:09:55 - [MESSAGE][PASSED] - Text 'New Topic' is set on object 'Object Repository/Page_Announcements/input_Subject_subject'

2022-01-17 20:09:55 - [TEST_STEP][PASSED] - setText(findTestObject("Object Repository/Page_Announcements/div_New Topic"), "<p dir="ltr" style="text-align: left;">New Topic</p>"): Text '<p dir="ltr" style="text-align: left;">New Topic</p>' is set on object 'Object Repository/Page_Announcements/div_New Topic'

2022-01-17 20:09:56 - [MESSAGE][PASSED] - Text '<p dir="ltr" style="text-align: left;">New Topic</p>' is set on object 'Object Repository/Page_Announcements/div_New Topic'

2022-01-17 20:09:56 - [TEST_STEP][PASSED] - click(findTestObject("Object Repository/Page_Announcements/input_Message_submitbutton")): Object: 'Object Repository/Page_Announcements/input_Message_submitbutton' is clicked on

2022-01-17 20:09:58 - [MESSAGE][PASSED] - Object: 'Object Repository/Page_Announcements/input_Message_submitbutton' is clicked on]]></system-out>
         <system-err><![CDATA[]]></system-err>
      </testcase>
      <testcase name="Test Cases/Teacher View Participants" time="11.956" classname="Test Cases/Teacher View Participants" status="PASSED">
         <system-out><![CDATA[2022-01-17 20:09:58 - [TEST_CASE][PASSED] - Test Cases/Teacher View Participants: Test Cases/Teacher View Participants

2022-01-17 20:09:59 - [TEST_STEP][PASSED] - callTestCase(findTestCase("Teacher Login"), [:], STOP_ON_FAILURE): Call Test Case 'Test Cases/Teacher Login' successfully

2022-01-17 20:09:59 - [TEST_CASE][PASSED] - Test Cases/Teacher Login: Test Cases/Teacher Login

2022-01-17 20:09:59 - [TEST_STEP][PASSED] - openBrowser(""): Browser is opened with url: ''

2022-01-17 20:09:59 - [MESSAGE][WARNING] - A browser is already opened. Closing browser and opening a new one

2022-01-17 20:09:59 - [MESSAGE][INFO] - Starting 'Chrome' driver

2022-01-17 20:09:59 - [MESSAGE][INFO] - Action delay is set to 0 milliseconds

2022-01-17 20:10:01 - [MESSAGE][PASSED] - Browser is opened with url: ''

2022-01-17 20:10:01 - [TEST_STEP][PASSED] - navigateToUrl("http://localhost/moodle/login/index.php"): Navigate to 'http://localhost/moodle/login/index.php' successfully

2022-01-17 20:10:01 - [MESSAGE][PASSED] - Navigate to 'http://localhost/moodle/login/index.php' successfully

2022-01-17 20:10:01 - [TEST_STEP][PASSED] - setText(findTestObject("Object Repository/Page_Moodle Log in to the site/input_Username_username"), "admin"): Text 'admin' is set on object 'Object Repository/Page_Moodle Log in to the site/input_Username_username'

2022-01-17 20:10:02 - [MESSAGE][PASSED] - Text 'admin' is set on object 'Object Repository/Page_Moodle Log in to the site/input_Username_username'

2022-01-17 20:10:02 - [TEST_STEP][PASSED] - setEncryptedText(findTestObject("Object Repository/Page_Moodle Log in to the site/input_Password_password"), "8JanWqnBZBo6yBKKrpSnpw=="): Text ****** has been set on object 'Object Repository/Page_Moodle Log in to the site/input_Password_password'

2022-01-17 20:10:03 - [MESSAGE][PASSED] - Text ****** has been set on object 'Object Repository/Page_Moodle Log in to the site/input_Password_password'

2022-01-17 20:10:03 - [TEST_STEP][PASSED] - click(findTestObject("Object Repository/Page_Moodle Log in to the site/button_Log in")): Object: 'Object Repository/Page_Moodle Log in to the site/button_Log in' is clicked on

2022-01-17 20:10:05 - [MESSAGE][PASSED] - Object: 'Object Repository/Page_Moodle Log in to the site/button_Log in' is clicked on

2022-01-17 20:10:05 - [MESSAGE][PASSED] - Call Test Case 'Test Cases/Teacher Login' successfully

2022-01-17 20:10:05 - [TEST_STEP][PASSED] - click(findTestObject("Object Repository/Page_Dashboard/span_Site home (21)")): Object: 'Object Repository/Page_Dashboard/span_Site home (21)' is clicked on

2022-01-17 20:10:07 - [MESSAGE][PASSED] - Object: 'Object Repository/Page_Dashboard/span_Site home (21)' is clicked on

2022-01-17 20:10:07 - [TEST_STEP][PASSED] - click(findTestObject("Object Repository/Page_Moodle/a_New Course Edited (20)")): Object: 'Object Repository/Page_Moodle/a_New Course Edited (20)' is clicked on

2022-01-17 20:10:09 - [MESSAGE][PASSED] - Object: 'Object Repository/Page_Moodle/a_New Course Edited (20)' is clicked on

2022-01-17 20:10:09 - [TEST_STEP][PASSED] - click(findTestObject("Object Repository/Page_Course New Course Edited/span_Participants")): Object: 'Object Repository/Page_Course New Course Edited/span_Participants' is clicked on

2022-01-17 20:10:10 - [MESSAGE][PASSED] - Object: 'Object Repository/Page_Course New Course Edited/span_Participants' is clicked on]]></system-out>
         <system-err><![CDATA[]]></system-err>
      </testcase>
      <testcase name="Test Cases/User Private Chat" time="15.061" classname="Test Cases/User Private Chat" status="PASSED">
         <system-out><![CDATA[2022-01-17 20:10:10 - [TEST_CASE][PASSED] - Test Cases/User Private Chat: Test Cases/User Private Chat

2022-01-17 20:10:10 - [TEST_STEP][PASSED] - openBrowser(""): Browser is opened with url: ''

2022-01-17 20:10:10 - [MESSAGE][WARNING] - A browser is already opened. Closing browser and opening a new one

2022-01-17 20:10:11 - [MESSAGE][INFO] - Starting 'Chrome' driver

2022-01-17 20:10:11 - [MESSAGE][INFO] - Action delay is set to 0 milliseconds

2022-01-17 20:10:12 - [MESSAGE][PASSED] - Browser is opened with url: ''

2022-01-17 20:10:12 - [TEST_STEP][PASSED] - navigateToUrl("http://localhost/moodle/login/index.php"): Navigate to 'http://localhost/moodle/login/index.php' successfully

2022-01-17 20:10:13 - [MESSAGE][PASSED] - Navigate to 'http://localhost/moodle/login/index.php' successfully

2022-01-17 20:10:13 - [TEST_STEP][PASSED] - click(findTestObject("Object Repository/Page_Moodle Log in to the site/div_document.getElementById(anchor).value  _bffe56")): Object: 'Object Repository/Page_Moodle Log in to the site/div_document.getElementById(anchor).value  _bffe56' is clicked on

2022-01-17 20:10:14 - [MESSAGE][PASSED] - Object: 'Object Repository/Page_Moodle Log in to the site/div_document.getElementById(anchor).value  _bffe56' is clicked on

2022-01-17 20:10:14 - [TEST_STEP][PASSED] - setText(findTestObject("Object Repository/Page_Moodle Log in to the site/input_Username_username (38)"), "admin"): Text 'admin' is set on object 'Object Repository/Page_Moodle Log in to the site/input_Username_username (38)'

2022-01-17 20:10:14 - [MESSAGE][PASSED] - Text 'admin' is set on object 'Object Repository/Page_Moodle Log in to the site/input_Username_username (38)'

2022-01-17 20:10:14 - [TEST_STEP][PASSED] - setEncryptedText(findTestObject("Object Repository/Page_Moodle Log in to the site/input_Password_password (38)"), "8JanWqnBZBo6yBKKrpSnpw=="): Text ****** has been set on object 'Object Repository/Page_Moodle Log in to the site/input_Password_password (38)'

2022-01-17 20:10:15 - [MESSAGE][PASSED] - Text ****** has been set on object 'Object Repository/Page_Moodle Log in to the site/input_Password_password (38)'

2022-01-17 20:10:15 - [TEST_STEP][PASSED] - click(findTestObject("Object Repository/Page_Moodle Log in to the site/button_Log in (28)")): Object: 'Object Repository/Page_Moodle Log in to the site/button_Log in (28)' is clicked on

2022-01-17 20:10:17 - [MESSAGE][PASSED] - Object: 'Object Repository/Page_Moodle Log in to the site/button_Log in (28)' is clicked on

2022-01-17 20:10:17 - [TEST_STEP][PASSED] - click(findTestObject("Object Repository/Page_Dashboard/i_See all_icon fa fa-comment fa-fw")): Object: 'Object Repository/Page_Dashboard/i_See all_icon fa fa-comment fa-fw' is clicked on

2022-01-17 20:10:18 - [MESSAGE][PASSED] - Object: 'Object Repository/Page_Dashboard/i_See all_icon fa fa-comment fa-fw' is clicked on

2022-01-17 20:10:18 - [TEST_STEP][PASSED] - click(findTestObject("Object Repository/Page_Dashboard/strong_c H")): Object: 'Object Repository/Page_Dashboard/strong_c H' is clicked on

2022-01-17 20:10:23 - [MESSAGE][PASSED] - Object: 'Object Repository/Page_Dashboard/strong_c H' is clicked on

2022-01-17 20:10:23 - [TEST_STEP][PASSED] - setText(findTestObject("Object Repository/Page_Dashboard/textarea_Use enter to send_yui_3_17_2_1_164_abb445"), "hi "): Text 'hi ' is set on object 'Object Repository/Page_Dashboard/textarea_Use enter to send_yui_3_17_2_1_164_abb445'

2022-01-17 20:10:25 - [MESSAGE][PASSED] - Text 'hi ' is set on object 'Object Repository/Page_Dashboard/textarea_Use enter to send_yui_3_17_2_1_164_abb445'

2022-01-17 20:10:25 - [TEST_STEP][PASSED] - click(findTestObject("Object Repository/Page_Dashboard/i__icon fa fa-paper-plane fa-fw")): Object: 'Object Repository/Page_Dashboard/i__icon fa fa-paper-plane fa-fw' is clicked on

2022-01-17 20:10:25 - [MESSAGE][PASSED] - Object: 'Object Repository/Page_Dashboard/i__icon fa fa-paper-plane fa-fw' is clicked on]]></system-out>
         <system-err><![CDATA[]]></system-err>
      </testcase>
      <testcase name="Test Cases/User Private Chat Emoji" time="12.414" classname="Test Cases/User Private Chat Emoji" status="PASSED">
         <system-out><![CDATA[2022-01-17 20:10:25 - [TEST_CASE][PASSED] - Test Cases/User Private Chat Emoji: Test Cases/User Private Chat Emoji

2022-01-17 20:10:25 - [TEST_STEP][PASSED] - openBrowser(""): Browser is opened with url: ''

2022-01-17 20:10:25 - [MESSAGE][WARNING] - A browser is already opened. Closing browser and opening a new one

2022-01-17 20:10:26 - [MESSAGE][INFO] - Starting 'Chrome' driver

2022-01-17 20:10:26 - [MESSAGE][INFO] - Action delay is set to 0 milliseconds

2022-01-17 20:10:27 - [MESSAGE][PASSED] - Browser is opened with url: ''

2022-01-17 20:10:27 - [TEST_STEP][PASSED] - navigateToUrl("http://localhost/moodle/login/index.php"): Navigate to 'http://localhost/moodle/login/index.php' successfully

2022-01-17 20:10:28 - [MESSAGE][PASSED] - Navigate to 'http://localhost/moodle/login/index.php' successfully

2022-01-17 20:10:28 - [TEST_STEP][PASSED] - setText(findTestObject("Object Repository/Page_Moodle Log in to the site/input_Username_username (39)"), "admin"): Text 'admin' is set on object 'Object Repository/Page_Moodle Log in to the site/input_Username_username (39)'

2022-01-17 20:10:29 - [MESSAGE][PASSED] - Text 'admin' is set on object 'Object Repository/Page_Moodle Log in to the site/input_Username_username (39)'

2022-01-17 20:10:29 - [TEST_STEP][PASSED] - setEncryptedText(findTestObject("Object Repository/Page_Moodle Log in to the site/input_Password_password (39)"), "8JanWqnBZBo6yBKKrpSnpw=="): Text ****** has been set on object 'Object Repository/Page_Moodle Log in to the site/input_Password_password (39)'

2022-01-17 20:10:30 - [MESSAGE][PASSED] - Text ****** has been set on object 'Object Repository/Page_Moodle Log in to the site/input_Password_password (39)'

2022-01-17 20:10:30 - [TEST_STEP][PASSED] - click(findTestObject("Object Repository/Page_Moodle Log in to the site/button_Log in (29)")): Object: 'Object Repository/Page_Moodle Log in to the site/button_Log in (29)' is clicked on

2022-01-17 20:10:32 - [MESSAGE][PASSED] - Object: 'Object Repository/Page_Moodle Log in to the site/button_Log in (29)' is clicked on

2022-01-17 20:10:32 - [TEST_STEP][PASSED] - click(findTestObject("Object Repository/Page_Dashboard/i_See all_icon fa fa-comment fa-fw (1)")): Object: 'Object Repository/Page_Dashboard/i_See all_icon fa fa-comment fa-fw (1)' is clicked on

2022-01-17 20:10:33 - [MESSAGE][PASSED] - Object: 'Object Repository/Page_Dashboard/i_See all_icon fa fa-comment fa-fw (1)' is clicked on

2022-01-17 20:10:33 - [TEST_STEP][PASSED] - click(findTestObject("Page_Dashboard/strong_c H")): Object: 'Object Repository/Page_Dashboard/strong_c H' is clicked on

2022-01-17 20:10:35 - [MESSAGE][PASSED] - Object: 'Object Repository/Page_Dashboard/strong_c H' is clicked on

2022-01-17 20:10:35 - [TEST_STEP][PASSED] - click(findTestObject("Object Repository/Page_Dashboard/i__icon fa fa-smile-o fa-fw")): Object: 'Object Repository/Page_Dashboard/i__icon fa fa-smile-o fa-fw' is clicked on

2022-01-17 20:10:36 - [MESSAGE][PASSED] - Object: 'Object Repository/Page_Dashboard/i__icon fa fa-smile-o fa-fw' is clicked on

2022-01-17 20:10:36 - [TEST_STEP][PASSED] - click(findTestObject("Object Repository/Page_Dashboard/button_")): Object: 'Object Repository/Page_Dashboard/button_' is clicked on

2022-01-17 20:10:37 - [MESSAGE][PASSED] - Object: 'Object Repository/Page_Dashboard/button_' is clicked on

2022-01-17 20:10:37 - [TEST_STEP][PASSED] - click(findTestObject("Object Repository/Page_Dashboard/i__icon fa fa-paper-plane fa-fw (1)")): Object: 'Object Repository/Page_Dashboard/i__icon fa fa-paper-plane fa-fw (1)' is clicked on

2022-01-17 20:10:37 - [MESSAGE][PASSED] - Object: 'Object Repository/Page_Dashboard/i__icon fa fa-paper-plane fa-fw (1)' is clicked on]]></system-out>
         <system-err><![CDATA[]]></system-err>
      </testcase>
      <testcase name="Test Cases/User Edit Email" time="20.998" classname="Test Cases/User Edit Email" status="FAILED">
         <failure type="FAILED" message="Test Cases/User Edit Email FAILED.
Reason:
com.kms.katalon.core.exception.StepFailedException: Unable to select option by value 'VN' of object 'Object Repository/Page_Moodle Edit profile/select_Select a country.            Afghani_160506'  using regular expression
	at com.kms.katalon.core.webui.keyword.internal.WebUIKeywordMain.stepFailed(WebUIKeywordMain.groovy:64)
	at com.kms.katalon.core.webui.keyword.internal.WebUIKeywordMain.runKeyword(WebUIKeywordMain.groovy:26)
	at com.kms.katalon.core.webui.keyword.builtin.SelectOptionByValueKeyword.selectOptionByValue(SelectOptionByValueKeyword.groovy:99)
	at com.kms.katalon.core.webui.keyword.builtin.SelectOptionByValueKeyword.execute(SelectOptionByValueKeyword.groovy:71)
	at com.kms.katalon.core.keyword.internal.KeywordExecutor.executeKeywordForPlatform(KeywordExecutor.groovy:74)
	at com.kms.katalon.core.webui.keyword.WebUiBuiltInKeywords.selectOptionByValue(WebUiBuiltInKeywords.groovy:1168)
	at com.kms.katalon.core.webui.keyword.WebUiBuiltInKeywords$selectOptionByValue$4.call(Unknown Source)
	at User Edit Email.run(User Edit Email:36)
	at com.kms.katalon.core.main.ScriptEngine.run(ScriptEngine.java:194)
	at com.kms.katalon.core.main.ScriptEngine.runScriptAsRawText(ScriptEngine.java:119)
	at com.kms.katalon.core.main.TestCaseExecutor.runScript(TestCaseExecutor.java:442)
	at com.kms.katalon.core.main.TestCaseExecutor.doExecute(TestCaseExecutor.java:433)
	at com.kms.katalon.core.main.TestCaseExecutor.processExecutionPhase(TestCaseExecutor.java:412)
	at com.kms.katalon.core.main.TestCaseExecutor.accessMainPhase(TestCaseExecutor.java:404)
	at com.kms.katalon.core.main.TestCaseExecutor.execute(TestCaseExecutor.java:281)
	at com.kms.katalon.core.main.TestSuiteExecutor.accessTestCaseMainPhase(TestSuiteExecutor.java:202)
	at com.kms.katalon.core.main.TestSuiteExecutor.accessTestSuiteMainPhase(TestSuiteExecutor.java:164)
	at com.kms.katalon.core.main.TestSuiteExecutor.execute(TestSuiteExecutor.java:105)
	at com.kms.katalon.core.main.TestCaseMain.startTestSuite(TestCaseMain.java:181)
	at com.kms.katalon.core.main.TestCaseMain$startTestSuite$0.call(Unknown Source)
	at TempTestSuite1642424191868.run(TempTestSuite1642424191868.groovy:36)
Caused by: org.openqa.selenium.UnhandledAlertException: unexpected alert open: {Alert text : }
  (Session info: chrome=97.0.4692.71): {Alert text : 
Build info: version: '3.141.59', revision: 'e82be7d358', time: '2018-11-14T08:25:53'
System info: host: 'MINHDUC', ip: '192.168.3.10', os.name: 'Windows 10', os.arch: 'amd64', os.version: '10.0', java.version: '1.8.0_282'
Driver info: com.kms.katalon.selenium.driver.CChromeDriver
Capabilities {acceptInsecureCerts: false, browserName: chrome, browserVersion: 97.0.4692.71, chrome: {chromedriverVersion: 97.0.4692.71 (adefa7837d02a..., userDataDir: C:\Users\MINHDU~1\AppData\L...}, goog:chromeOptions: {debuggerAddress: localhost:59574}, javascriptEnabled: true, networkConnectionEnabled: false, pageLoadStrategy: normal, platform: WINDOWS, platformName: WINDOWS, proxy: Proxy(), setWindowRect: true, strictFileInteractability: false, timeouts: {implicit: 0, pageLoad: 300000, script: 30000}, unhandledPromptBehavior: dismiss and notify, webauthn:extension:credBlob: true, webauthn:extension:largeBlob: true, webauthn:virtualAuthenticators: true}
Session ID: b1f1b6f26b314a7a0619fc42cd3184c0
	at org.openqa.selenium.remote.http.W3CHttpResponseCodec.decode(W3CHttpResponseCodec.java:120)
	at org.openqa.selenium.remote.http.W3CHttpResponseCodec.decode(W3CHttpResponseCodec.java:49)
	at org.openqa.selenium.remote.HttpCommandExecutor.execute(HttpCommandExecutor.java:158)
	at org.openqa.selenium.remote.service.DriverCommandExecutor.execute(DriverCommandExecutor.java:83)
	at org.openqa.selenium.remote.RemoteWebDriver.execute(RemoteWebDriver.java:552)
	at com.kms.katalon.selenium.driver.CChromeDriver.execute(CChromeDriver.java:19)
	at org.openqa.selenium.remote.RemoteWebElement.execute(RemoteWebElement.java:285)
	at org.openqa.selenium.remote.RemoteWebElement.getAttribute(RemoteWebElement.java:134)
	at org.openqa.selenium.support.events.EventFiringWebDriver$EventFiringWebElement.lambda$new$0(EventFiringWebDriver.java:404)
	at com.sun.proxy.$Proxy11.getAttribute(Unknown Source)
	at org.openqa.selenium.support.events.EventFiringWebDriver$EventFiringWebElement.getAttribute(EventFiringWebDriver.java:447)
	at org.openqa.selenium.support.ui.Select.setSelectedByIndex(Select.java:292)
	at org.openqa.selenium.support.ui.Select.selectByIndex(Select.java:172)
	at com.kms.katalon.core.webui.common.WebUiCommonHelper.selectOrDeselectOptionsByValueByRegularExpression(WebUiCommonHelper.java:284)
	at com.kms.katalon.core.webui.common.WebUiCommonHelper.selectOrDeselectOptionsByValue(WebUiCommonHelper.java:263)
	at com.kms.katalon.core.webui.keyword.builtin.SelectOptionByValueKeyword$_selectOptionByValue_closure1.doCall(SelectOptionByValueKeyword.groovy:88)
	at com.kms.katalon.core.webui.keyword.builtin.SelectOptionByValueKeyword$_selectOptionByValue_closure1.call(SelectOptionByValueKeyword.groovy)
	at com.kms.katalon.core.webui.keyword.internal.WebUIKeywordMain.runKeyword(WebUIKeywordMain.groovy:20)
	... 19 more
"/>
         <system-out><![CDATA[2022-01-17 20:10:37 - [TEST_CASE][FAILED] - Test Cases/User Edit Email: Test Cases/User Edit Email FAILED.
Reason:
com.kms.katalon.core.exception.StepFailedException: Unable to select option by value 'VN' of object 'Object Repository/Page_Moodle Edit profile/select_Select a country.            Afghani_160506'  using regular expression
	at com.kms.katalon.core.webui.keyword.internal.WebUIKeywordMain.stepFailed(WebUIKeywordMain.groovy:64)
	at com.kms.katalon.core.webui.keyword.internal.WebUIKeywordMain.runKeyword(WebUIKeywordMain.groovy:26)
	at com.kms.katalon.core.webui.keyword.builtin.SelectOptionByValueKeyword.selectOptionByValue(SelectOptionByValueKeyword.groovy:99)
	at com.kms.katalon.core.webui.keyword.builtin.SelectOptionByValueKeyword.execute(SelectOptionByValueKeyword.groovy:71)
	at com.kms.katalon.core.keyword.internal.KeywordExecutor.executeKeywordForPlatform(KeywordExecutor.groovy:74)
	at com.kms.katalon.core.webui.keyword.WebUiBuiltInKeywords.selectOptionByValue(WebUiBuiltInKeywords.groovy:1168)
	at com.kms.katalon.core.webui.keyword.WebUiBuiltInKeywords$selectOptionByValue$4.call(Unknown Source)
	at User Edit Email.run(User Edit Email:36)
	at com.kms.katalon.core.main.ScriptEngine.run(ScriptEngine.java:194)
	at com.kms.katalon.core.main.ScriptEngine.runScriptAsRawText(ScriptEngine.java:119)
	at com.kms.katalon.core.main.TestCaseExecutor.runScript(TestCaseExecutor.java:442)
	at com.kms.katalon.core.main.TestCaseExecutor.doExecute(TestCaseExecutor.java:433)
	at com.kms.katalon.core.main.TestCaseExecutor.processExecutionPhase(TestCaseExecutor.java:412)
	at com.kms.katalon.core.main.TestCaseExecutor.accessMainPhase(TestCaseExecutor.java:404)
	at com.kms.katalon.core.main.TestCaseExecutor.execute(TestCaseExecutor.java:281)
	at com.kms.katalon.core.main.TestSuiteExecutor.accessTestCaseMainPhase(TestSuiteExecutor.java:202)
	at com.kms.katalon.core.main.TestSuiteExecutor.accessTestSuiteMainPhase(TestSuiteExecutor.java:164)
	at com.kms.katalon.core.main.TestSuiteExecutor.execute(TestSuiteExecutor.java:105)
	at com.kms.katalon.core.main.TestCaseMain.startTestSuite(TestCaseMain.java:181)
	at com.kms.katalon.core.main.TestCaseMain$startTestSuite$0.call(Unknown Source)
	at TempTestSuite1642424191868.run(TempTestSuite1642424191868.groovy:36)
Caused by: org.openqa.selenium.UnhandledAlertException: unexpected alert open: {Alert text : }
  (Session info: chrome=97.0.4692.71): {Alert text : 
Build info: version: '3.141.59', revision: 'e82be7d358', time: '2018-11-14T08:25:53'
System info: host: 'MINHDUC', ip: '192.168.3.10', os.name: 'Windows 10', os.arch: 'amd64', os.version: '10.0', java.version: '1.8.0_282'
Driver info: com.kms.katalon.selenium.driver.CChromeDriver
Capabilities {acceptInsecureCerts: false, browserName: chrome, browserVersion: 97.0.4692.71, chrome: {chromedriverVersion: 97.0.4692.71 (adefa7837d02a..., userDataDir: C:\Users\MINHDU~1\AppData\L...}, goog:chromeOptions: {debuggerAddress: localhost:59574}, javascriptEnabled: true, networkConnectionEnabled: false, pageLoadStrategy: normal, platform: WINDOWS, platformName: WINDOWS, proxy: Proxy(), setWindowRect: true, strictFileInteractability: false, timeouts: {implicit: 0, pageLoad: 300000, script: 30000}, unhandledPromptBehavior: dismiss and notify, webauthn:extension:credBlob: true, webauthn:extension:largeBlob: true, webauthn:virtualAuthenticators: true}
Session ID: b1f1b6f26b314a7a0619fc42cd3184c0
	at org.openqa.selenium.remote.http.W3CHttpResponseCodec.decode(W3CHttpResponseCodec.java:120)
	at org.openqa.selenium.remote.http.W3CHttpResponseCodec.decode(W3CHttpResponseCodec.java:49)
	at org.openqa.selenium.remote.HttpCommandExecutor.execute(HttpCommandExecutor.java:158)
	at org.openqa.selenium.remote.service.DriverCommandExecutor.execute(DriverCommandExecutor.java:83)
	at org.openqa.selenium.remote.RemoteWebDriver.execute(RemoteWebDriver.java:552)
	at com.kms.katalon.selenium.driver.CChromeDriver.execute(CChromeDriver.java:19)
	at org.openqa.selenium.remote.RemoteWebElement.execute(RemoteWebElement.java:285)
	at org.openqa.selenium.remote.RemoteWebElement.getAttribute(RemoteWebElement.java:134)
	at org.openqa.selenium.support.events.EventFiringWebDriver$EventFiringWebElement.lambda$new$0(EventFiringWebDriver.java:404)
	at com.sun.proxy.$Proxy11.getAttribute(Unknown Source)
	at org.openqa.selenium.support.events.EventFiringWebDriver$EventFiringWebElement.getAttribute(EventFiringWebDriver.java:447)
	at org.openqa.selenium.support.ui.Select.setSelectedByIndex(Select.java:292)
	at org.openqa.selenium.support.ui.Select.selectByIndex(Select.java:172)
	at com.kms.katalon.core.webui.common.WebUiCommonHelper.selectOrDeselectOptionsByValueByRegularExpression(WebUiCommonHelper.java:284)
	at com.kms.katalon.core.webui.common.WebUiCommonHelper.selectOrDeselectOptionsByValue(WebUiCommonHelper.java:263)
	at com.kms.katalon.core.webui.keyword.builtin.SelectOptionByValueKeyword$_selectOptionByValue_closure1.doCall(SelectOptionByValueKeyword.groovy:88)
	at com.kms.katalon.core.webui.keyword.builtin.SelectOptionByValueKeyword$_selectOptionByValue_closure1.call(SelectOptionByValueKeyword.groovy)
	at com.kms.katalon.core.webui.keyword.internal.WebUIKeywordMain.runKeyword(WebUIKeywordMain.groovy:20)
	... 19 more


2022-01-17 20:10:38 - [TEST_STEP][PASSED] - callTestCase(findTestCase("Admin Login"), [:], STOP_ON_FAILURE): Call Test Case 'Test Cases/Admin Login' successfully

2022-01-17 20:10:38 - [TEST_CASE][PASSED] - Test Cases/Admin Login: Test Cases/Admin Login

2022-01-17 20:10:38 - [TEST_STEP][PASSED] - openBrowser(""): Browser is opened with url: ''

2022-01-17 20:10:38 - [MESSAGE][WARNING] - A browser is already opened. Closing browser and opening a new one

2022-01-17 20:10:39 - [MESSAGE][INFO] - Starting 'Chrome' driver

2022-01-17 20:10:39 - [MESSAGE][INFO] - Action delay is set to 0 milliseconds

2022-01-17 20:10:40 - [MESSAGE][PASSED] - Browser is opened with url: ''

2022-01-17 20:10:40 - [TEST_STEP][PASSED] - navigateToUrl("http://localhost/moodle/login/index.php"): Navigate to 'http://localhost/moodle/login/index.php' successfully

2022-01-17 20:10:41 - [MESSAGE][PASSED] - Navigate to 'http://localhost/moodle/login/index.php' successfully

2022-01-17 20:10:41 - [TEST_STEP][PASSED] - setText(findTestObject("Object Repository/Page_Moodle Log in to the site/input_Username_username"), "admin"): Text 'admin' is set on object 'Object Repository/Page_Moodle Log in to the site/input_Username_username'

2022-01-17 20:10:42 - [MESSAGE][PASSED] - Text 'admin' is set on object 'Object Repository/Page_Moodle Log in to the site/input_Username_username'

2022-01-17 20:10:42 - [TEST_STEP][PASSED] - setEncryptedText(findTestObject("Object Repository/Page_Moodle Log in to the site/input_Password_password"), "8JanWqnBZBo6yBKKrpSnpw=="): Text ****** has been set on object 'Object Repository/Page_Moodle Log in to the site/input_Password_password'

2022-01-17 20:10:42 - [MESSAGE][PASSED] - Text ****** has been set on object 'Object Repository/Page_Moodle Log in to the site/input_Password_password'

2022-01-17 20:10:42 - [TEST_STEP][PASSED] - click(findTestObject("Object Repository/Page_Moodle Log in to the site/button_Log in")): Object: 'Object Repository/Page_Moodle Log in to the site/button_Log in' is clicked on

2022-01-17 20:10:44 - [MESSAGE][PASSED] - Object: 'Object Repository/Page_Moodle Log in to the site/button_Log in' is clicked on

2022-01-17 20:10:44 - [MESSAGE][PASSED] - Call Test Case 'Test Cases/Admin Login' successfully

2022-01-17 20:10:44 - [TEST_STEP][PASSED] - click(findTestObject("Object Repository/Page_Moodle Administration Search/img_c Minh_userpicture defaultuserpic")): Object: 'Object Repository/Page_Moodle Administration Search/img_c Minh_userpicture defaultuserpic' is clicked on

2022-01-17 20:10:46 - [MESSAGE][PASSED] - Object: 'Object Repository/Page_Moodle Administration Search/img_c Minh_userpicture defaultuserpic' is clicked on

2022-01-17 20:10:46 - [TEST_STEP][PASSED] - click(findTestObject("Object Repository/Page_Moodle Administration Search/span_Profile")): Object: 'Object Repository/Page_Moodle Administration Search/span_Profile' is clicked on

2022-01-17 20:10:47 - [MESSAGE][PASSED] - Object: 'Object Repository/Page_Moodle Administration Search/span_Profile' is clicked on

2022-01-17 20:10:47 - [TEST_STEP][PASSED] - click(findTestObject("Object Repository/Page_c Minh Public profile/a_Edit profile")): Object: 'Object Repository/Page_c Minh Public profile/a_Edit profile' is clicked on

2022-01-17 20:10:49 - [MESSAGE][PASSED] - Object: 'Object Repository/Page_c Minh Public profile/a_Edit profile' is clicked on

2022-01-17 20:10:49 - [TEST_STEP][PASSED] - click(findTestObject("Object Repository/Page_Moodle Edit profile/div_Surname")): Object: 'Object Repository/Page_Moodle Edit profile/div_Surname' is clicked on

2022-01-17 20:10:50 - [MESSAGE][PASSED] - Object: 'Object Repository/Page_Moodle Edit profile/div_Surname' is clicked on

2022-01-17 20:10:50 - [TEST_STEP][PASSED] - setText(findTestObject("Object Repository/Page_Moodle Edit profile/input_Surname_lastname"), "Hồ"): Text 'Hồ' is set on object 'Object Repository/Page_Moodle Edit profile/input_Surname_lastname'

2022-01-17 20:10:51 - [MESSAGE][PASSED] - Text 'Hồ' is set on object 'Object Repository/Page_Moodle Edit profile/input_Surname_lastname'

2022-01-17 20:10:51 - [TEST_STEP][PASSED] - click(findTestObject("Object Repository/Page_Moodle Edit profile/div_Email address_yui_3_17_2_1_1642339639116_856")): Object: 'Object Repository/Page_Moodle Edit profile/div_Email address_yui_3_17_2_1_1642339639116_856' is clicked on

2022-01-17 20:10:51 - [MESSAGE][PASSED] - Object: 'Object Repository/Page_Moodle Edit profile/div_Email address_yui_3_17_2_1_1642339639116_856' is clicked on

2022-01-17 20:10:51 - [TEST_STEP][PASSED] - setText(findTestObject("Object Repository/Page_Moodle Edit profile/input_Email address_email"), "hongocminhduc@gmail.com"): Text 'hongocminhduc@gmail.com' is set on object 'Object Repository/Page_Moodle Edit profile/input_Email address_email'

2022-01-17 20:10:52 - [MESSAGE][PASSED] - Text 'hongocminhduc@gmail.com' is set on object 'Object Repository/Page_Moodle Edit profile/input_Email address_email'

2022-01-17 20:10:52 - [TEST_STEP][FAILED] - selectOptionByValue(findTestObject("Object Repository/Page_Moodle Edit profile/select_Select a country.            Afghani_160506"), "VN", true): Unable to select option by value 'VN' of object 'Object Repository/Page_Moodle Edit profile/select_Select a country.            Afghani_160506'  using regular expression (Root cause: com.kms.katalon.core.exception.StepFailedException: Unable to select option by value 'VN' of object 'Object Repository/Page_Moodle Edit profile/select_Select a country.            Afghani_160506'  using regular expression
	at com.kms.katalon.core.webui.keyword.internal.WebUIKeywordMain.stepFailed(WebUIKeywordMain.groovy:64)
	at com.kms.katalon.core.webui.keyword.internal.WebUIKeywordMain.runKeyword(WebUIKeywordMain.groovy:26)
	at com.kms.katalon.core.webui.keyword.builtin.SelectOptionByValueKeyword.selectOptionByValue(SelectOptionByValueKeyword.groovy:99)
	at com.kms.katalon.core.webui.keyword.builtin.SelectOptionByValueKeyword.execute(SelectOptionByValueKeyword.groovy:71)
	at com.kms.katalon.core.keyword.internal.KeywordExecutor.executeKeywordForPlatform(KeywordExecutor.groovy:74)
	at com.kms.katalon.core.webui.keyword.WebUiBuiltInKeywords.selectOptionByValue(WebUiBuiltInKeywords.groovy:1168)
	at com.kms.katalon.core.webui.keyword.WebUiBuiltInKeywords$selectOptionByValue$4.call(Unknown Source)
	at User Edit Email.run(User Edit Email:36)
	at com.kms.katalon.core.main.ScriptEngine.run(ScriptEngine.java:194)
	at com.kms.katalon.core.main.ScriptEngine.runScriptAsRawText(ScriptEngine.java:119)
	at com.kms.katalon.core.main.TestCaseExecutor.runScript(TestCaseExecutor.java:442)
	at com.kms.katalon.core.main.TestCaseExecutor.doExecute(TestCaseExecutor.java:433)
	at com.kms.katalon.core.main.TestCaseExecutor.processExecutionPhase(TestCaseExecutor.java:412)
	at com.kms.katalon.core.main.TestCaseExecutor.accessMainPhase(TestCaseExecutor.java:404)
	at com.kms.katalon.core.main.TestCaseExecutor.execute(TestCaseExecutor.java:281)
	at com.kms.katalon.core.main.TestSuiteExecutor.accessTestCaseMainPhase(TestSuiteExecutor.java:202)
	at com.kms.katalon.core.main.TestSuiteExecutor.accessTestSuiteMainPhase(TestSuiteExecutor.java:164)
	at com.kms.katalon.core.main.TestSuiteExecutor.execute(TestSuiteExecutor.java:105)
	at com.kms.katalon.core.main.TestCaseMain.startTestSuite(TestCaseMain.java:181)
	at com.kms.katalon.core.main.TestCaseMain$startTestSuite$0.call(Unknown Source)
	at TempTestSuite1642424191868.run(TempTestSuite1642424191868.groovy:36)
Caused by: org.openqa.selenium.UnhandledAlertException: unexpected alert open: {Alert text : }
  (Session info: chrome=97.0.4692.71): {Alert text : 
Build info: version: '3.141.59', revision: 'e82be7d358', time: '2018-11-14T08:25:53'
System info: host: 'MINHDUC', ip: '192.168.3.10', os.name: 'Windows 10', os.arch: 'amd64', os.version: '10.0', java.version: '1.8.0_282'
Driver info: com.kms.katalon.selenium.driver.CChromeDriver
Capabilities {acceptInsecureCerts: false, browserName: chrome, browserVersion: 97.0.4692.71, chrome: {chromedriverVersion: 97.0.4692.71 (adefa7837d02a..., userDataDir: C:\Users\MINHDU~1\AppData\L...}, goog:chromeOptions: {debuggerAddress: localhost:59574}, javascriptEnabled: true, networkConnectionEnabled: false, pageLoadStrategy: normal, platform: WINDOWS, platformName: WINDOWS, proxy: Proxy(), setWindowRect: true, strictFileInteractability: false, timeouts: {implicit: 0, pageLoad: 300000, script: 30000}, unhandledPromptBehavior: dismiss and notify, webauthn:extension:credBlob: true, webauthn:extension:largeBlob: true, webauthn:virtualAuthenticators: true}
Session ID: b1f1b6f26b314a7a0619fc42cd3184c0
	at org.openqa.selenium.remote.http.W3CHttpResponseCodec.decode(W3CHttpResponseCodec.java:120)
	at org.openqa.selenium.remote.http.W3CHttpResponseCodec.decode(W3CHttpResponseCodec.java:49)
	at org.openqa.selenium.remote.HttpCommandExecutor.execute(HttpCommandExecutor.java:158)
	at org.openqa.selenium.remote.service.DriverCommandExecutor.execute(DriverCommandExecutor.java:83)
	at org.openqa.selenium.remote.RemoteWebDriver.execute(RemoteWebDriver.java:552)
	at com.kms.katalon.selenium.driver.CChromeDriver.execute(CChromeDriver.java:19)
	at org.openqa.selenium.remote.RemoteWebElement.execute(RemoteWebElement.java:285)
	at org.openqa.selenium.remote.RemoteWebElement.getAttribute(RemoteWebElement.java:134)
	at org.openqa.selenium.support.events.EventFiringWebDriver$EventFiringWebElement.lambda$new$0(EventFiringWebDriver.java:404)
	at com.sun.proxy.$Proxy11.getAttribute(Unknown Source)
	at org.openqa.selenium.support.events.EventFiringWebDriver$EventFiringWebElement.getAttribute(EventFiringWebDriver.java:447)
	at org.openqa.selenium.support.ui.Select.setSelectedByIndex(Select.java:292)
	at org.openqa.selenium.support.ui.Select.selectByIndex(Select.java:172)
	at com.kms.katalon.core.webui.common.WebUiCommonHelper.selectOrDeselectOptionsByValueByRegularExpression(WebUiCommonHelper.java:284)
	at com.kms.katalon.core.webui.common.WebUiCommonHelper.selectOrDeselectOptionsByValue(WebUiCommonHelper.java:263)
	at com.kms.katalon.core.webui.keyword.builtin.SelectOptionByValueKeyword$_selectOptionByValue_closure1.doCall(SelectOptionByValueKeyword.groovy:88)
	at com.kms.katalon.core.webui.keyword.builtin.SelectOptionByValueKeyword$_selectOptionByValue_closure1.call(SelectOptionByValueKeyword.groovy)
	at com.kms.katalon.core.webui.keyword.internal.WebUIKeywordMain.runKeyword(WebUIKeywordMain.groovy:20)
	at com.kms.katalon.core.webui.keyword.builtin.SelectOptionByValueKeyword.selectOptionByValue(SelectOptionByValueKeyword.groovy:99)
	at com.kms.katalon.core.webui.keyword.builtin.SelectOptionByValueKeyword.execute(SelectOptionByValueKeyword.groovy:71)
	at com.kms.katalon.core.keyword.internal.KeywordExecutor.executeKeywordForPlatform(KeywordExecutor.groovy:74)
	at com.kms.katalon.core.webui.keyword.WebUiBuiltInKeywords.selectOptionByValue(WebUiBuiltInKeywords.groovy:1168)
	at com.kms.katalon.core.webui.keyword.WebUiBuiltInKeywords$selectOptionByValue$4.call(Unknown Source)
	at Script1642403262566.run(Script1642403262566.groovy:36)
	... 13 more
)

2022-01-17 20:10:58 - [MESSAGE][FAILED] - Unable to select option by value 'VN' of object 'Object Repository/Page_Moodle Edit profile/select_Select a country.            Afghani_160506'  using regular expression (Root cause: com.kms.katalon.core.exception.StepFailedException: Unable to select option by value 'VN' of object 'Object Repository/Page_Moodle Edit profile/select_Select a country.            Afghani_160506'  using regular expression
	at com.kms.katalon.core.webui.keyword.internal.WebUIKeywordMain.stepFailed(WebUIKeywordMain.groovy:64)
	at com.kms.katalon.core.webui.keyword.internal.WebUIKeywordMain.runKeyword(WebUIKeywordMain.groovy:26)
	at com.kms.katalon.core.webui.keyword.builtin.SelectOptionByValueKeyword.selectOptionByValue(SelectOptionByValueKeyword.groovy:99)
	at com.kms.katalon.core.webui.keyword.builtin.SelectOptionByValueKeyword.execute(SelectOptionByValueKeyword.groovy:71)
	at com.kms.katalon.core.keyword.internal.KeywordExecutor.executeKeywordForPlatform(KeywordExecutor.groovy:74)
	at com.kms.katalon.core.webui.keyword.WebUiBuiltInKeywords.selectOptionByValue(WebUiBuiltInKeywords.groovy:1168)
	at com.kms.katalon.core.webui.keyword.WebUiBuiltInKeywords$selectOptionByValue$4.call(Unknown Source)
	at User Edit Email.run(User Edit Email:36)
	at com.kms.katalon.core.main.ScriptEngine.run(ScriptEngine.java:194)
	at com.kms.katalon.core.main.ScriptEngine.runScriptAsRawText(ScriptEngine.java:119)
	at com.kms.katalon.core.main.TestCaseExecutor.runScript(TestCaseExecutor.java:442)
	at com.kms.katalon.core.main.TestCaseExecutor.doExecute(TestCaseExecutor.java:433)
	at com.kms.katalon.core.main.TestCaseExecutor.processExecutionPhase(TestCaseExecutor.java:412)
	at com.kms.katalon.core.main.TestCaseExecutor.accessMainPhase(TestCaseExecutor.java:404)
	at com.kms.katalon.core.main.TestCaseExecutor.execute(TestCaseExecutor.java:281)
	at com.kms.katalon.core.main.TestSuiteExecutor.accessTestCaseMainPhase(TestSuiteExecutor.java:202)
	at com.kms.katalon.core.main.TestSuiteExecutor.accessTestSuiteMainPhase(TestSuiteExecutor.java:164)
	at com.kms.katalon.core.main.TestSuiteExecutor.execute(TestSuiteExecutor.java:105)
	at com.kms.katalon.core.main.TestCaseMain.startTestSuite(TestCaseMain.java:181)
	at com.kms.katalon.core.main.TestCaseMain$startTestSuite$0.call(Unknown Source)
	at TempTestSuite1642424191868.run(TempTestSuite1642424191868.groovy:36)
Caused by: org.openqa.selenium.UnhandledAlertException: unexpected alert open: {Alert text : }
  (Session info: chrome=97.0.4692.71): {Alert text : 
Build info: version: '3.141.59', revision: 'e82be7d358', time: '2018-11-14T08:25:53'
System info: host: 'MINHDUC', ip: '192.168.3.10', os.name: 'Windows 10', os.arch: 'amd64', os.version: '10.0', java.version: '1.8.0_282'
Driver info: com.kms.katalon.selenium.driver.CChromeDriver
Capabilities {acceptInsecureCerts: false, browserName: chrome, browserVersion: 97.0.4692.71, chrome: {chromedriverVersion: 97.0.4692.71 (adefa7837d02a..., userDataDir: C:\Users\MINHDU~1\AppData\L...}, goog:chromeOptions: {debuggerAddress: localhost:59574}, javascriptEnabled: true, networkConnectionEnabled: false, pageLoadStrategy: normal, platform: WINDOWS, platformName: WINDOWS, proxy: Proxy(), setWindowRect: true, strictFileInteractability: false, timeouts: {implicit: 0, pageLoad: 300000, script: 30000}, unhandledPromptBehavior: dismiss and notify, webauthn:extension:credBlob: true, webauthn:extension:largeBlob: true, webauthn:virtualAuthenticators: true}
Session ID: b1f1b6f26b314a7a0619fc42cd3184c0
	at org.openqa.selenium.remote.http.W3CHttpResponseCodec.decode(W3CHttpResponseCodec.java:120)
	at org.openqa.selenium.remote.http.W3CHttpResponseCodec.decode(W3CHttpResponseCodec.java:49)
	at org.openqa.selenium.remote.HttpCommandExecutor.execute(HttpCommandExecutor.java:158)
	at org.openqa.selenium.remote.service.DriverCommandExecutor.execute(DriverCommandExecutor.java:83)
	at org.openqa.selenium.remote.RemoteWebDriver.execute(RemoteWebDriver.java:552)
	at com.kms.katalon.selenium.driver.CChromeDriver.execute(CChromeDriver.java:19)
	at org.openqa.selenium.remote.RemoteWebElement.execute(RemoteWebElement.java:285)
	at org.openqa.selenium.remote.RemoteWebElement.getAttribute(RemoteWebElement.java:134)
	at org.openqa.selenium.support.events.EventFiringWebDriver$EventFiringWebElement.lambda$new$0(EventFiringWebDriver.java:404)
	at com.sun.proxy.$Proxy11.getAttribute(Unknown Source)
	at org.openqa.selenium.support.events.EventFiringWebDriver$EventFiringWebElement.getAttribute(EventFiringWebDriver.java:447)
	at org.openqa.selenium.support.ui.Select.setSelectedByIndex(Select.java:292)
	at org.openqa.selenium.support.ui.Select.selectByIndex(Select.java:172)
	at com.kms.katalon.core.webui.common.WebUiCommonHelper.selectOrDeselectOptionsByValueByRegularExpression(WebUiCommonHelper.java:284)
	at com.kms.katalon.core.webui.common.WebUiCommonHelper.selectOrDeselectOptionsByValue(WebUiCommonHelper.java:263)
	at com.kms.katalon.core.webui.keyword.builtin.SelectOptionByValueKeyword$_selectOptionByValue_closure1.doCall(SelectOptionByValueKeyword.groovy:88)
	at com.kms.katalon.core.webui.keyword.builtin.SelectOptionByValueKeyword$_selectOptionByValue_closure1.call(SelectOptionByValueKeyword.groovy)
	at com.kms.katalon.core.webui.keyword.internal.WebUIKeywordMain.runKeyword(WebUIKeywordMain.groovy:20)
	at com.kms.katalon.core.webui.keyword.builtin.SelectOptionByValueKeyword.selectOptionByValue(SelectOptionByValueKeyword.groovy:99)
	at com.kms.katalon.core.webui.keyword.builtin.SelectOptionByValueKeyword.execute(SelectOptionByValueKeyword.groovy:71)
	at com.kms.katalon.core.keyword.internal.KeywordExecutor.executeKeywordForPlatform(KeywordExecutor.groovy:74)
	at com.kms.katalon.core.webui.keyword.WebUiBuiltInKeywords.selectOptionByValue(WebUiBuiltInKeywords.groovy:1168)
	at com.kms.katalon.core.webui.keyword.WebUiBuiltInKeywords$selectOptionByValue$4.call(Unknown Source)
	at Script1642403262566.run(Script1642403262566.groovy:36)
	... 13 more
)
[[ATTACHMENT|C:\\Users\\Minh Duc\\Desktop\\Test-Automation-SE-Bonus\\Test Automation - SE Bonus\\Reports\\20220117_195631\\Run all test cases\\20220117_195631\\1642425058689.png]]]]></system-out>
         <system-err><![CDATA[2022-01-17 20:10:37 - [TEST_CASE][FAILED] - Test Cases/User Edit Email: Test Cases/User Edit Email FAILED.
Reason:
com.kms.katalon.core.exception.StepFailedException: Unable to select option by value 'VN' of object 'Object Repository/Page_Moodle Edit profile/select_Select a country.            Afghani_160506'  using regular expression
	at com.kms.katalon.core.webui.keyword.internal.WebUIKeywordMain.stepFailed(WebUIKeywordMain.groovy:64)
	at com.kms.katalon.core.webui.keyword.internal.WebUIKeywordMain.runKeyword(WebUIKeywordMain.groovy:26)
	at com.kms.katalon.core.webui.keyword.builtin.SelectOptionByValueKeyword.selectOptionByValue(SelectOptionByValueKeyword.groovy:99)
	at com.kms.katalon.core.webui.keyword.builtin.SelectOptionByValueKeyword.execute(SelectOptionByValueKeyword.groovy:71)
	at com.kms.katalon.core.keyword.internal.KeywordExecutor.executeKeywordForPlatform(KeywordExecutor.groovy:74)
	at com.kms.katalon.core.webui.keyword.WebUiBuiltInKeywords.selectOptionByValue(WebUiBuiltInKeywords.groovy:1168)
	at com.kms.katalon.core.webui.keyword.WebUiBuiltInKeywords$selectOptionByValue$4.call(Unknown Source)
	at User Edit Email.run(User Edit Email:36)
	at com.kms.katalon.core.main.ScriptEngine.run(ScriptEngine.java:194)
	at com.kms.katalon.core.main.ScriptEngine.runScriptAsRawText(ScriptEngine.java:119)
	at com.kms.katalon.core.main.TestCaseExecutor.runScript(TestCaseExecutor.java:442)
	at com.kms.katalon.core.main.TestCaseExecutor.doExecute(TestCaseExecutor.java:433)
	at com.kms.katalon.core.main.TestCaseExecutor.processExecutionPhase(TestCaseExecutor.java:412)
	at com.kms.katalon.core.main.TestCaseExecutor.accessMainPhase(TestCaseExecutor.java:404)
	at com.kms.katalon.core.main.TestCaseExecutor.execute(TestCaseExecutor.java:281)
	at com.kms.katalon.core.main.TestSuiteExecutor.accessTestCaseMainPhase(TestSuiteExecutor.java:202)
	at com.kms.katalon.core.main.TestSuiteExecutor.accessTestSuiteMainPhase(TestSuiteExecutor.java:164)
	at com.kms.katalon.core.main.TestSuiteExecutor.execute(TestSuiteExecutor.java:105)
	at com.kms.katalon.core.main.TestCaseMain.startTestSuite(TestCaseMain.java:181)
	at com.kms.katalon.core.main.TestCaseMain$startTestSuite$0.call(Unknown Source)
	at TempTestSuite1642424191868.run(TempTestSuite1642424191868.groovy:36)
Caused by: org.openqa.selenium.UnhandledAlertException: unexpected alert open: {Alert text : }
  (Session info: chrome=97.0.4692.71): {Alert text : 
Build info: version: '3.141.59', revision: 'e82be7d358', time: '2018-11-14T08:25:53'
System info: host: 'MINHDUC', ip: '192.168.3.10', os.name: 'Windows 10', os.arch: 'amd64', os.version: '10.0', java.version: '1.8.0_282'
Driver info: com.kms.katalon.selenium.driver.CChromeDriver
Capabilities {acceptInsecureCerts: false, browserName: chrome, browserVersion: 97.0.4692.71, chrome: {chromedriverVersion: 97.0.4692.71 (adefa7837d02a..., userDataDir: C:\Users\MINHDU~1\AppData\L...}, goog:chromeOptions: {debuggerAddress: localhost:59574}, javascriptEnabled: true, networkConnectionEnabled: false, pageLoadStrategy: normal, platform: WINDOWS, platformName: WINDOWS, proxy: Proxy(), setWindowRect: true, strictFileInteractability: false, timeouts: {implicit: 0, pageLoad: 300000, script: 30000}, unhandledPromptBehavior: dismiss and notify, webauthn:extension:credBlob: true, webauthn:extension:largeBlob: true, webauthn:virtualAuthenticators: true}
Session ID: b1f1b6f26b314a7a0619fc42cd3184c0
	at org.openqa.selenium.remote.http.W3CHttpResponseCodec.decode(W3CHttpResponseCodec.java:120)
	at org.openqa.selenium.remote.http.W3CHttpResponseCodec.decode(W3CHttpResponseCodec.java:49)
	at org.openqa.selenium.remote.HttpCommandExecutor.execute(HttpCommandExecutor.java:158)
	at org.openqa.selenium.remote.service.DriverCommandExecutor.execute(DriverCommandExecutor.java:83)
	at org.openqa.selenium.remote.RemoteWebDriver.execute(RemoteWebDriver.java:552)
	at com.kms.katalon.selenium.driver.CChromeDriver.execute(CChromeDriver.java:19)
	at org.openqa.selenium.remote.RemoteWebElement.execute(RemoteWebElement.java:285)
	at org.openqa.selenium.remote.RemoteWebElement.getAttribute(RemoteWebElement.java:134)
	at org.openqa.selenium.support.events.EventFiringWebDriver$EventFiringWebElement.lambda$new$0(EventFiringWebDriver.java:404)
	at com.sun.proxy.$Proxy11.getAttribute(Unknown Source)
	at org.openqa.selenium.support.events.EventFiringWebDriver$EventFiringWebElement.getAttribute(EventFiringWebDriver.java:447)
	at org.openqa.selenium.support.ui.Select.setSelectedByIndex(Select.java:292)
	at org.openqa.selenium.support.ui.Select.selectByIndex(Select.java:172)
	at com.kms.katalon.core.webui.common.WebUiCommonHelper.selectOrDeselectOptionsByValueByRegularExpression(WebUiCommonHelper.java:284)
	at com.kms.katalon.core.webui.common.WebUiCommonHelper.selectOrDeselectOptionsByValue(WebUiCommonHelper.java:263)
	at com.kms.katalon.core.webui.keyword.builtin.SelectOptionByValueKeyword$_selectOptionByValue_closure1.doCall(SelectOptionByValueKeyword.groovy:88)
	at com.kms.katalon.core.webui.keyword.builtin.SelectOptionByValueKeyword$_selectOptionByValue_closure1.call(SelectOptionByValueKeyword.groovy)
	at com.kms.katalon.core.webui.keyword.internal.WebUIKeywordMain.runKeyword(WebUIKeywordMain.groovy:20)
	... 19 more]]></system-err>
      </testcase>
      <testcase name="Test Cases/User Login Wrong Password" time="5.314" classname="Test Cases/User Login Wrong Password" status="PASSED">
         <system-out><![CDATA[2022-01-17 20:10:58 - [TEST_CASE][PASSED] - Test Cases/User Login Wrong Password: Test Cases/User Login Wrong Password

2022-01-17 20:10:59 - [TEST_STEP][PASSED] - openBrowser(""): Browser is opened with url: ''

2022-01-17 20:10:59 - [MESSAGE][WARNING] - A browser is already opened. Closing browser and opening a new one

2022-01-17 20:10:59 - [MESSAGE][INFO] - Starting 'Chrome' driver

2022-01-17 20:10:59 - [MESSAGE][INFO] - Action delay is set to 0 milliseconds

2022-01-17 20:11:01 - [MESSAGE][PASSED] - Browser is opened with url: ''

2022-01-17 20:11:01 - [TEST_STEP][PASSED] - navigateToUrl("http://localhost/moodle/login/index.php"): Navigate to 'http://localhost/moodle/login/index.php' successfully

2022-01-17 20:11:01 - [MESSAGE][PASSED] - Navigate to 'http://localhost/moodle/login/index.php' successfully

2022-01-17 20:11:01 - [TEST_STEP][PASSED] - setText(findTestObject("Object Repository/Page_Moodle Log in to the site/input_Username_username (41)"), "admin"): Text 'admin' is set on object 'Object Repository/Page_Moodle Log in to the site/input_Username_username (41)'

2022-01-17 20:11:02 - [MESSAGE][PASSED] - Text 'admin' is set on object 'Object Repository/Page_Moodle Log in to the site/input_Username_username (41)'

2022-01-17 20:11:02 - [TEST_STEP][PASSED] - setEncryptedText(findTestObject("Object Repository/Page_Moodle Log in to the site/input_Password_password (41)"), "iGDxf8hSRT4="): Text ****** has been set on object 'Object Repository/Page_Moodle Log in to the site/input_Password_password (41)'

2022-01-17 20:11:03 - [MESSAGE][PASSED] - Text ****** has been set on object 'Object Repository/Page_Moodle Log in to the site/input_Password_password (41)'

2022-01-17 20:11:03 - [TEST_STEP][PASSED] - click(findTestObject("Object Repository/Page_Moodle Log in to the site/button_Log in (31)")): Object: 'Object Repository/Page_Moodle Log in to the site/button_Log in (31)' is clicked on

2022-01-17 20:11:04 - [MESSAGE][PASSED] - Object: 'Object Repository/Page_Moodle Log in to the site/button_Log in (31)' is clicked on]]></system-out>
         <system-err><![CDATA[]]></system-err>
      </testcase>
      <testcase name="Test Cases/User Log out" time="9.791" classname="Test Cases/User Log out" status="PASSED">
         <system-out><![CDATA[2022-01-17 20:11:04 - [TEST_CASE][PASSED] - Test Cases/User Log out: Test Cases/User Log out

2022-01-17 20:11:04 - [TEST_STEP][PASSED] - openBrowser(""): Browser is opened with url: ''

2022-01-17 20:11:04 - [MESSAGE][WARNING] - A browser is already opened. Closing browser and opening a new one

2022-01-17 20:11:05 - [MESSAGE][INFO] - Starting 'Chrome' driver

2022-01-17 20:11:05 - [MESSAGE][INFO] - Action delay is set to 0 milliseconds

2022-01-17 20:11:06 - [MESSAGE][PASSED] - Browser is opened with url: ''

2022-01-17 20:11:06 - [TEST_STEP][PASSED] - navigateToUrl("http://localhost/moodle/login/index.php"): Navigate to 'http://localhost/moodle/login/index.php' successfully

2022-01-17 20:11:07 - [MESSAGE][PASSED] - Navigate to 'http://localhost/moodle/login/index.php' successfully

2022-01-17 20:11:07 - [TEST_STEP][PASSED] - setText(findTestObject("Object Repository/Page_Moodle Log in to the site/input_Username_username (42)"), "admin"): Text 'admin' is set on object 'Object Repository/Page_Moodle Log in to the site/input_Username_username (42)'

2022-01-17 20:11:08 - [MESSAGE][PASSED] - Text 'admin' is set on object 'Object Repository/Page_Moodle Log in to the site/input_Username_username (42)'

2022-01-17 20:11:08 - [TEST_STEP][PASSED] - setEncryptedText(findTestObject("Object Repository/Page_Moodle Log in to the site/input_Password_password (42)"), "8JanWqnBZBo6yBKKrpSnpw=="): Text ****** has been set on object 'Object Repository/Page_Moodle Log in to the site/input_Password_password (42)'

2022-01-17 20:11:08 - [MESSAGE][PASSED] - Text ****** has been set on object 'Object Repository/Page_Moodle Log in to the site/input_Password_password (42)'

2022-01-17 20:11:08 - [TEST_STEP][PASSED] - click(findTestObject("Object Repository/Page_Moodle Log in to the site/button_Log in (32)")): Object: 'Object Repository/Page_Moodle Log in to the site/button_Log in (32)' is clicked on

2022-01-17 20:11:10 - [MESSAGE][PASSED] - Object: 'Object Repository/Page_Moodle Log in to the site/button_Log in (32)' is clicked on

2022-01-17 20:11:10 - [TEST_STEP][PASSED] - click(findTestObject("Object Repository/Page_Dashboard/a_c H")): Object: 'Object Repository/Page_Dashboard/a_c H' is clicked on

2022-01-17 20:11:12 - [MESSAGE][PASSED] - Object: 'Object Repository/Page_Dashboard/a_c H' is clicked on

2022-01-17 20:11:12 - [TEST_STEP][PASSED] - click(findTestObject("Object Repository/Page_Dashboard/span_Log out")): Object: 'Object Repository/Page_Dashboard/span_Log out' is clicked on

2022-01-17 20:11:14 - [MESSAGE][PASSED] - Object: 'Object Repository/Page_Dashboard/span_Log out' is clicked on]]></system-out>
         <system-err><![CDATA[]]></system-err>
      </testcase>
      <testcase name="Test Cases/Admin Block Ip" time="15.02" classname="Test Cases/Admin Block Ip" status="PASSED">
         <system-out><![CDATA[2022-01-17 20:11:14 - [TEST_CASE][PASSED] - Test Cases/Admin Block Ip: Test Cases/Admin Block Ip

2022-01-17 20:11:14 - [TEST_STEP][PASSED] - openBrowser(""): Browser is opened with url: ''

2022-01-17 20:11:14 - [MESSAGE][WARNING] - A browser is already opened. Closing browser and opening a new one

2022-01-17 20:11:15 - [MESSAGE][INFO] - Starting 'Chrome' driver

2022-01-17 20:11:15 - [MESSAGE][INFO] - Action delay is set to 0 milliseconds

2022-01-17 20:11:16 - [MESSAGE][PASSED] - Browser is opened with url: ''

2022-01-17 20:11:16 - [TEST_STEP][PASSED] - navigateToUrl("http://localhost/moodle/login/index.php"): Navigate to 'http://localhost/moodle/login/index.php' successfully

2022-01-17 20:11:17 - [MESSAGE][PASSED] - Navigate to 'http://localhost/moodle/login/index.php' successfully

2022-01-17 20:11:17 - [TEST_STEP][PASSED] - setText(findTestObject("Object Repository/Page_Moodle Log in to the site/input_Username_username (43)"), "admin"): Text 'admin' is set on object 'Object Repository/Page_Moodle Log in to the site/input_Username_username (43)'

2022-01-17 20:11:18 - [MESSAGE][PASSED] - Text 'admin' is set on object 'Object Repository/Page_Moodle Log in to the site/input_Username_username (43)'

2022-01-17 20:11:18 - [TEST_STEP][PASSED] - setEncryptedText(findTestObject("Object Repository/Page_Moodle Log in to the site/input_Password_password (43)"), "8JanWqnBZBo6yBKKrpSnpw=="): Text ****** has been set on object 'Object Repository/Page_Moodle Log in to the site/input_Password_password (43)'

2022-01-17 20:11:18 - [MESSAGE][PASSED] - Text ****** has been set on object 'Object Repository/Page_Moodle Log in to the site/input_Password_password (43)'

2022-01-17 20:11:18 - [TEST_STEP][PASSED] - click(findTestObject("Object Repository/Page_Moodle Log in to the site/button_Log in (33)")): Object: 'Object Repository/Page_Moodle Log in to the site/button_Log in (33)' is clicked on

2022-01-17 20:11:20 - [MESSAGE][PASSED] - Object: 'Object Repository/Page_Moodle Log in to the site/button_Log in (33)' is clicked on

2022-01-17 20:11:20 - [TEST_STEP][PASSED] - click(findTestObject("Object Repository/Page_Dashboard/span_Site administration (13)")): Object: 'Object Repository/Page_Dashboard/span_Site administration (13)' is clicked on

2022-01-17 20:11:23 - [MESSAGE][PASSED] - Object: 'Object Repository/Page_Dashboard/span_Site administration (13)' is clicked on

2022-01-17 20:11:23 - [TEST_STEP][PASSED] - click(findTestObject("Object Repository/Page_Moodle Administration Search/a_IP blocker")): Object: 'Object Repository/Page_Moodle Administration Search/a_IP blocker' is clicked on

2022-01-17 20:11:24 - [MESSAGE][PASSED] - Object: 'Object Repository/Page_Moodle Administration Search/a_IP blocker' is clicked on

2022-01-17 20:11:24 - [TEST_STEP][PASSED] - click(findTestObject("Object Repository/Page_Moodle Administration Security IP blocker/div_Moodle                                 _8c829f")): Object: 'Object Repository/Page_Moodle Administration Security IP blocker/div_Moodle                                 _8c829f' is clicked on

2022-01-17 20:11:25 - [MESSAGE][PASSED] - Object: 'Object Repository/Page_Moodle Administration Security IP blocker/div_Moodle                                 _8c829f' is clicked on

2022-01-17 20:11:25 - [TEST_STEP][PASSED] - setText(findTestObject("Object Repository/Page_Moodle Administration Security IP blocker/textarea_blockedip_s__blockedip"), "151.020.014.1"): Text '151.020.014.1' is set on object 'Object Repository/Page_Moodle Administration Security IP blocker/textarea_blockedip_s__blockedip'

2022-01-17 20:11:26 - [MESSAGE][PASSED] - Text '151.020.014.1' is set on object 'Object Repository/Page_Moodle Administration Security IP blocker/textarea_blockedip_s__blockedip'

2022-01-17 20:11:26 - [TEST_STEP][PASSED] - click(findTestObject("Object Repository/Page_Moodle Administration Security IP blocker/div_Default Empty        Put every entry on_7344e2")): Object: 'Object Repository/Page_Moodle Administration Security IP blocker/div_Default Empty        Put every entry on_7344e2' is clicked on

2022-01-17 20:11:26 - [MESSAGE][PASSED] - Object: 'Object Repository/Page_Moodle Administration Security IP blocker/div_Default Empty        Put every entry on_7344e2' is clicked on

2022-01-17 20:11:26 - [TEST_STEP][PASSED] - click(findTestObject("Object Repository/Page_Moodle Administration Security IP blocker/button_Save changes")): Object: 'Object Repository/Page_Moodle Administration Security IP blocker/button_Save changes' is clicked on

2022-01-17 20:11:29 - [MESSAGE][PASSED] - Object: 'Object Repository/Page_Moodle Administration Security IP blocker/button_Save changes' is clicked on]]></system-out>
         <system-err><![CDATA[]]></system-err>
      </testcase>
      <testcase name="Test Cases/Admin Add New Cohort" time="15.946" classname="Test Cases/Admin Add New Cohort" status="PASSED">
         <system-out><![CDATA[2022-01-17 20:11:29 - [TEST_CASE][PASSED] - Test Cases/Admin Add New Cohort: Test Cases/Admin Add New Cohort

2022-01-17 20:11:29 - [TEST_STEP][PASSED] - callTestCase(findTestCase("Admin Login"), [:], STOP_ON_FAILURE): Call Test Case 'Test Cases/Admin Login' successfully

2022-01-17 20:11:29 - [TEST_CASE][PASSED] - Test Cases/Admin Login: Test Cases/Admin Login

2022-01-17 20:11:29 - [TEST_STEP][PASSED] - openBrowser(""): Browser is opened with url: ''

2022-01-17 20:11:29 - [MESSAGE][WARNING] - A browser is already opened. Closing browser and opening a new one

2022-01-17 20:11:30 - [MESSAGE][INFO] - Starting 'Chrome' driver

2022-01-17 20:11:30 - [MESSAGE][INFO] - Action delay is set to 0 milliseconds

2022-01-17 20:11:31 - [MESSAGE][PASSED] - Browser is opened with url: ''

2022-01-17 20:11:31 - [TEST_STEP][PASSED] - navigateToUrl("http://localhost/moodle/login/index.php"): Navigate to 'http://localhost/moodle/login/index.php' successfully

2022-01-17 20:11:32 - [MESSAGE][PASSED] - Navigate to 'http://localhost/moodle/login/index.php' successfully

2022-01-17 20:11:32 - [TEST_STEP][PASSED] - setText(findTestObject("Object Repository/Page_Moodle Log in to the site/input_Username_username"), "admin"): Text 'admin' is set on object 'Object Repository/Page_Moodle Log in to the site/input_Username_username'

2022-01-17 20:11:33 - [MESSAGE][PASSED] - Text 'admin' is set on object 'Object Repository/Page_Moodle Log in to the site/input_Username_username'

2022-01-17 20:11:33 - [TEST_STEP][PASSED] - setEncryptedText(findTestObject("Object Repository/Page_Moodle Log in to the site/input_Password_password"), "8JanWqnBZBo6yBKKrpSnpw=="): Text ****** has been set on object 'Object Repository/Page_Moodle Log in to the site/input_Password_password'

2022-01-17 20:11:33 - [MESSAGE][PASSED] - Text ****** has been set on object 'Object Repository/Page_Moodle Log in to the site/input_Password_password'

2022-01-17 20:11:33 - [TEST_STEP][PASSED] - click(findTestObject("Object Repository/Page_Moodle Log in to the site/button_Log in")): Object: 'Object Repository/Page_Moodle Log in to the site/button_Log in' is clicked on

2022-01-17 20:11:35 - [MESSAGE][PASSED] - Object: 'Object Repository/Page_Moodle Log in to the site/button_Log in' is clicked on

2022-01-17 20:11:35 - [MESSAGE][PASSED] - Call Test Case 'Test Cases/Admin Login' successfully

2022-01-17 20:11:35 - [TEST_STEP][PASSED] - click(findTestObject("Object Repository/Page_Dashboard/span_Site administration (14)")): Object: 'Object Repository/Page_Dashboard/span_Site administration (14)' is clicked on

2022-01-17 20:11:38 - [MESSAGE][PASSED] - Object: 'Object Repository/Page_Dashboard/span_Site administration (14)' is clicked on

2022-01-17 20:11:38 - [TEST_STEP][PASSED] - click(findTestObject("Object Repository/Page_Moodle Administration Search/a_Users (8)")): Object: 'Object Repository/Page_Moodle Administration Search/a_Users (8)' is clicked on

2022-01-17 20:11:39 - [MESSAGE][PASSED] - Object: 'Object Repository/Page_Moodle Administration Search/a_Users (8)' is clicked on

2022-01-17 20:11:39 - [TEST_STEP][PASSED] - click(findTestObject("Object Repository/Page_Moodle Administration Search/a_Cohorts")): Object: 'Object Repository/Page_Moodle Administration Search/a_Cohorts' is clicked on

2022-01-17 20:11:40 - [MESSAGE][PASSED] - Object: 'Object Repository/Page_Moodle Administration Search/a_Cohorts' is clicked on

2022-01-17 20:11:40 - [TEST_STEP][PASSED] - click(findTestObject("Object Repository/Page_Moodle Administration Users Accounts Cohorts/a_Add new cohort")): Object: 'Object Repository/Page_Moodle Administration Users Accounts Cohorts/a_Add new cohort' is clicked on

2022-01-17 20:11:41 - [MESSAGE][PASSED] - Object: 'Object Repository/Page_Moodle Administration Users Accounts Cohorts/a_Add new cohort' is clicked on

2022-01-17 20:11:41 - [TEST_STEP][PASSED] - setText(findTestObject("Object Repository/Page_Add new cohort/input_Name_name"), "New Cohort"): Text 'New Cohort' is set on object 'Object Repository/Page_Add new cohort/input_Name_name'

2022-01-17 20:11:43 - [MESSAGE][PASSED] - Text 'New Cohort' is set on object 'Object Repository/Page_Add new cohort/input_Name_name'

2022-01-17 20:11:43 - [TEST_STEP][PASSED] - click(findTestObject("Object Repository/Page_Add new cohort/input_Description_submitbutton")): Object: 'Object Repository/Page_Add new cohort/input_Description_submitbutton' is clicked on

2022-01-17 20:11:45 - [MESSAGE][PASSED] - Object: 'Object Repository/Page_Add new cohort/input_Description_submitbutton' is clicked on]]></system-out>
         <system-err><![CDATA[]]></system-err>
      </testcase>
      <testcase name="Test Cases/Admin Edit Cohort" time="17.671" classname="Test Cases/Admin Edit Cohort" status="PASSED">
         <system-out><![CDATA[2022-01-17 20:11:45 - [TEST_CASE][PASSED] - Test Cases/Admin Edit Cohort: Test Cases/Admin Edit Cohort

2022-01-17 20:11:45 - [TEST_STEP][PASSED] - callTestCase(findTestCase("Admin Login"), [:], STOP_ON_FAILURE): Call Test Case 'Test Cases/Admin Login' successfully

2022-01-17 20:11:45 - [TEST_CASE][PASSED] - Test Cases/Admin Login: Test Cases/Admin Login

2022-01-17 20:11:45 - [TEST_STEP][PASSED] - openBrowser(""): Browser is opened with url: ''

2022-01-17 20:11:45 - [MESSAGE][WARNING] - A browser is already opened. Closing browser and opening a new one

2022-01-17 20:11:46 - [MESSAGE][INFO] - Starting 'Chrome' driver

2022-01-17 20:11:46 - [MESSAGE][INFO] - Action delay is set to 0 milliseconds

2022-01-17 20:11:47 - [MESSAGE][PASSED] - Browser is opened with url: ''

2022-01-17 20:11:47 - [TEST_STEP][PASSED] - navigateToUrl("http://localhost/moodle/login/index.php"): Navigate to 'http://localhost/moodle/login/index.php' successfully

2022-01-17 20:11:48 - [MESSAGE][PASSED] - Navigate to 'http://localhost/moodle/login/index.php' successfully

2022-01-17 20:11:48 - [TEST_STEP][PASSED] - setText(findTestObject("Object Repository/Page_Moodle Log in to the site/input_Username_username"), "admin"): Text 'admin' is set on object 'Object Repository/Page_Moodle Log in to the site/input_Username_username'

2022-01-17 20:11:49 - [MESSAGE][PASSED] - Text 'admin' is set on object 'Object Repository/Page_Moodle Log in to the site/input_Username_username'

2022-01-17 20:11:49 - [TEST_STEP][PASSED] - setEncryptedText(findTestObject("Object Repository/Page_Moodle Log in to the site/input_Password_password"), "8JanWqnBZBo6yBKKrpSnpw=="): Text ****** has been set on object 'Object Repository/Page_Moodle Log in to the site/input_Password_password'

2022-01-17 20:11:49 - [MESSAGE][PASSED] - Text ****** has been set on object 'Object Repository/Page_Moodle Log in to the site/input_Password_password'

2022-01-17 20:11:49 - [TEST_STEP][PASSED] - click(findTestObject("Object Repository/Page_Moodle Log in to the site/button_Log in")): Object: 'Object Repository/Page_Moodle Log in to the site/button_Log in' is clicked on

2022-01-17 20:11:51 - [MESSAGE][PASSED] - Object: 'Object Repository/Page_Moodle Log in to the site/button_Log in' is clicked on

2022-01-17 20:11:51 - [MESSAGE][PASSED] - Call Test Case 'Test Cases/Admin Login' successfully

2022-01-17 20:11:51 - [TEST_STEP][PASSED] - click(findTestObject("Object Repository/Page_Dashboard/span_Site administration (16)")): Object: 'Object Repository/Page_Dashboard/span_Site administration (16)' is clicked on

2022-01-17 20:11:54 - [MESSAGE][PASSED] - Object: 'Object Repository/Page_Dashboard/span_Site administration (16)' is clicked on

2022-01-17 20:11:54 - [TEST_STEP][PASSED] - click(findTestObject("Object Repository/Page_Moodle Administration Search/a_Users (10)")): Object: 'Object Repository/Page_Moodle Administration Search/a_Users (10)' is clicked on

2022-01-17 20:11:54 - [MESSAGE][PASSED] - Object: 'Object Repository/Page_Moodle Administration Search/a_Users (10)' is clicked on

2022-01-17 20:11:54 - [TEST_STEP][PASSED] - click(findTestObject("Object Repository/Page_Moodle Administration Search/a_Cohorts (2)")): Object: 'Object Repository/Page_Moodle Administration Search/a_Cohorts (2)' is clicked on

2022-01-17 20:11:55 - [MESSAGE][PASSED] - Object: 'Object Repository/Page_Moodle Administration Search/a_Cohorts (2)' is clicked on

2022-01-17 20:11:55 - [TEST_STEP][PASSED] - click(findTestObject("Object Repository/Page_Moodle Administration Users Accounts Cohorts/i_Created manually_icon fa fa-cog fa-fw (1)")): Object: 'Object Repository/Page_Moodle Administration Users Accounts Cohorts/i_Created manually_icon fa fa-cog fa-fw (1)' is clicked on

2022-01-17 20:11:59 - [MESSAGE][PASSED] - Object: 'Object Repository/Page_Moodle Administration Users Accounts Cohorts/i_Created manually_icon fa fa-cog fa-fw (1)' is clicked on

2022-01-17 20:11:59 - [TEST_STEP][PASSED] - setText(findTestObject("Object Repository/Page_Edit cohort/input_Name_name"), "Cohort Edited"): Text 'Cohort Edited' is set on object 'Object Repository/Page_Edit cohort/input_Name_name'

2022-01-17 20:12:00 - [MESSAGE][PASSED] - Text 'Cohort Edited' is set on object 'Object Repository/Page_Edit cohort/input_Name_name'

2022-01-17 20:12:00 - [TEST_STEP][PASSED] - click(findTestObject("Object Repository/Page_Edit cohort/input_Description_submitbutton")): Object: 'Object Repository/Page_Edit cohort/input_Description_submitbutton' is clicked on

2022-01-17 20:12:02 - [MESSAGE][PASSED] - Object: 'Object Repository/Page_Edit cohort/input_Description_submitbutton' is clicked on]]></system-out>
         <system-err><![CDATA[]]></system-err>
      </testcase>
      <testcase name="Test Cases/Admin delete Cohort" time="14.425" classname="Test Cases/Admin delete Cohort" status="PASSED">
         <system-out><![CDATA[2022-01-17 20:12:02 - [TEST_CASE][PASSED] - Test Cases/Admin delete Cohort: Test Cases/Admin delete Cohort

2022-01-17 20:12:03 - [TEST_STEP][PASSED] - openBrowser(""): Browser is opened with url: ''

2022-01-17 20:12:03 - [MESSAGE][WARNING] - A browser is already opened. Closing browser and opening a new one

2022-01-17 20:12:03 - [MESSAGE][INFO] - Starting 'Chrome' driver

2022-01-17 20:12:03 - [MESSAGE][INFO] - Action delay is set to 0 milliseconds

2022-01-17 20:12:05 - [MESSAGE][PASSED] - Browser is opened with url: ''

2022-01-17 20:12:05 - [TEST_STEP][PASSED] - navigateToUrl("http://localhost/moodle/login/index.php"): Navigate to 'http://localhost/moodle/login/index.php' successfully

2022-01-17 20:12:05 - [MESSAGE][PASSED] - Navigate to 'http://localhost/moodle/login/index.php' successfully

2022-01-17 20:12:05 - [TEST_STEP][PASSED] - setText(findTestObject("Object Repository/Page_Moodle Log in to the site/input_Username_username (45)"), "admin"): Text 'admin' is set on object 'Object Repository/Page_Moodle Log in to the site/input_Username_username (45)'

2022-01-17 20:12:06 - [MESSAGE][PASSED] - Text 'admin' is set on object 'Object Repository/Page_Moodle Log in to the site/input_Username_username (45)'

2022-01-17 20:12:06 - [TEST_STEP][PASSED] - setEncryptedText(findTestObject("Object Repository/Page_Moodle Log in to the site/input_Password_password (45)"), "8JanWqnBZBo6yBKKrpSnpw=="): Text ****** has been set on object 'Object Repository/Page_Moodle Log in to the site/input_Password_password (45)'

2022-01-17 20:12:07 - [MESSAGE][PASSED] - Text ****** has been set on object 'Object Repository/Page_Moodle Log in to the site/input_Password_password (45)'

2022-01-17 20:12:07 - [TEST_STEP][PASSED] - click(findTestObject("Object Repository/Page_Moodle Log in to the site/button_Log in (35)")): Object: 'Object Repository/Page_Moodle Log in to the site/button_Log in (35)' is clicked on

2022-01-17 20:12:09 - [MESSAGE][PASSED] - Object: 'Object Repository/Page_Moodle Log in to the site/button_Log in (35)' is clicked on

2022-01-17 20:12:09 - [TEST_STEP][PASSED] - click(findTestObject("Object Repository/Page_Dashboard/span_Site administration (15)")): Object: 'Object Repository/Page_Dashboard/span_Site administration (15)' is clicked on

2022-01-17 20:12:12 - [MESSAGE][PASSED] - Object: 'Object Repository/Page_Dashboard/span_Site administration (15)' is clicked on

2022-01-17 20:12:12 - [TEST_STEP][PASSED] - click(findTestObject("Object Repository/Page_Moodle Administration Search/a_Users (9)")): Object: 'Object Repository/Page_Moodle Administration Search/a_Users (9)' is clicked on

2022-01-17 20:12:12 - [MESSAGE][PASSED] - Object: 'Object Repository/Page_Moodle Administration Search/a_Users (9)' is clicked on

2022-01-17 20:12:12 - [TEST_STEP][PASSED] - click(findTestObject("Object Repository/Page_Moodle Administration Search/a_Cohorts (1)")): Object: 'Object Repository/Page_Moodle Administration Search/a_Cohorts (1)' is clicked on

2022-01-17 20:12:14 - [MESSAGE][PASSED] - Object: 'Object Repository/Page_Moodle Administration Search/a_Cohorts (1)' is clicked on

2022-01-17 20:12:14 - [TEST_STEP][PASSED] - click(findTestObject("Object Repository/Page_Moodle Administration Users Accounts Cohorts/i_Created manually_icon fa fa-trash fa-fw")): Object: 'Object Repository/Page_Moodle Administration Users Accounts Cohorts/i_Created manually_icon fa fa-trash fa-fw' is clicked on

2022-01-17 20:12:15 - [MESSAGE][PASSED] - Object: 'Object Repository/Page_Moodle Administration Users Accounts Cohorts/i_Created manually_icon fa fa-trash fa-fw' is clicked on

2022-01-17 20:12:15 - [TEST_STEP][PASSED] - click(findTestObject("Object Repository/Page_Delete cohort/button_Continue")): Object: 'Object Repository/Page_Delete cohort/button_Continue' is clicked on

2022-01-17 20:12:17 - [MESSAGE][PASSED] - Object: 'Object Repository/Page_Delete cohort/button_Continue' is clicked on]]></system-out>
         <system-err><![CDATA[]]></system-err>
      </testcase>
      <testcase name="Test Cases/Admin Change Password" time="16.046" classname="Test Cases/Admin Change Password" status="PASSED">
         <system-out><![CDATA[2022-01-17 20:12:17 - [TEST_CASE][PASSED] - Test Cases/Admin Change Password: Test Cases/Admin Change Password

2022-01-17 20:12:17 - [TEST_STEP][PASSED] - callTestCase(findTestCase("Admin Login"), [:], STOP_ON_FAILURE): Call Test Case 'Test Cases/Admin Login' successfully

2022-01-17 20:12:17 - [TEST_CASE][PASSED] - Test Cases/Admin Login: Test Cases/Admin Login

2022-01-17 20:12:17 - [TEST_STEP][PASSED] - openBrowser(""): Browser is opened with url: ''

2022-01-17 20:12:17 - [MESSAGE][WARNING] - A browser is already opened. Closing browser and opening a new one

2022-01-17 20:12:18 - [MESSAGE][INFO] - Starting 'Chrome' driver

2022-01-17 20:12:18 - [MESSAGE][INFO] - Action delay is set to 0 milliseconds

2022-01-17 20:12:19 - [MESSAGE][PASSED] - Browser is opened with url: ''

2022-01-17 20:12:19 - [TEST_STEP][PASSED] - navigateToUrl("http://localhost/moodle/login/index.php"): Navigate to 'http://localhost/moodle/login/index.php' successfully

2022-01-17 20:12:20 - [MESSAGE][PASSED] - Navigate to 'http://localhost/moodle/login/index.php' successfully

2022-01-17 20:12:20 - [TEST_STEP][PASSED] - setText(findTestObject("Object Repository/Page_Moodle Log in to the site/input_Username_username"), "admin"): Text 'admin' is set on object 'Object Repository/Page_Moodle Log in to the site/input_Username_username'

2022-01-17 20:12:21 - [MESSAGE][PASSED] - Text 'admin' is set on object 'Object Repository/Page_Moodle Log in to the site/input_Username_username'

2022-01-17 20:12:21 - [TEST_STEP][PASSED] - setEncryptedText(findTestObject("Object Repository/Page_Moodle Log in to the site/input_Password_password"), "8JanWqnBZBo6yBKKrpSnpw=="): Text ****** has been set on object 'Object Repository/Page_Moodle Log in to the site/input_Password_password'

2022-01-17 20:12:21 - [MESSAGE][PASSED] - Text ****** has been set on object 'Object Repository/Page_Moodle Log in to the site/input_Password_password'

2022-01-17 20:12:21 - [TEST_STEP][PASSED] - click(findTestObject("Object Repository/Page_Moodle Log in to the site/button_Log in")): Object: 'Object Repository/Page_Moodle Log in to the site/button_Log in' is clicked on

2022-01-17 20:12:23 - [MESSAGE][PASSED] - Object: 'Object Repository/Page_Moodle Log in to the site/button_Log in' is clicked on

2022-01-17 20:12:23 - [MESSAGE][PASSED] - Call Test Case 'Test Cases/Admin Login' successfully

2022-01-17 20:12:23 - [TEST_STEP][PASSED] - click(findTestObject("Object Repository/Page_Dashboard/img_c H_userpicture defaultuserpic")): Object: 'Object Repository/Page_Dashboard/img_c H_userpicture defaultuserpic' is clicked on

2022-01-17 20:12:25 - [MESSAGE][PASSED] - Object: 'Object Repository/Page_Dashboard/img_c H_userpicture defaultuserpic' is clicked on

2022-01-17 20:12:25 - [TEST_STEP][PASSED] - click(findTestObject("Object Repository/Page_Dashboard/span_Profile")): Object: 'Object Repository/Page_Dashboard/span_Profile' is clicked on

2022-01-17 20:12:26 - [MESSAGE][PASSED] - Object: 'Object Repository/Page_Dashboard/span_Profile' is clicked on

2022-01-17 20:12:26 - [TEST_STEP][PASSED] - click(findTestObject("Object Repository/Page_c H Public profile/a_Edit profile")): Object: 'Object Repository/Page_c H Public profile/a_Edit profile' is clicked on

2022-01-17 20:12:29 - [MESSAGE][PASSED] - Object: 'Object Repository/Page_c H Public profile/a_Edit profile' is clicked on

2022-01-17 20:12:29 - [TEST_STEP][PASSED] - click(findTestObject("Object Repository/Page_Moodle Edit profile/i_Click to enter text_icon fa fa-pencil fa-fw")): Object: 'Object Repository/Page_Moodle Edit profile/i_Click to enter text_icon fa fa-pencil fa-fw' is clicked on

2022-01-17 20:12:30 - [MESSAGE][PASSED] - Object: 'Object Repository/Page_Moodle Edit profile/i_Click to enter text_icon fa fa-pencil fa-fw' is clicked on

2022-01-17 20:12:30 - [TEST_STEP][PASSED] - setEncryptedText(findTestObject("Object Repository/Page_Moodle Edit profile/input_New password_newpassword"), "8JanWqnBZBo6yBKKrpSnpw=="): Text ****** has been set on object 'Object Repository/Page_Moodle Edit profile/input_New password_newpassword'

2022-01-17 20:12:31 - [MESSAGE][PASSED] - Text ****** has been set on object 'Object Repository/Page_Moodle Edit profile/input_New password_newpassword'

2022-01-17 20:12:31 - [TEST_STEP][PASSED] - click(findTestObject("Object Repository/Page_Moodle Edit profile/input_Address_submitbutton (1)")): Object: 'Object Repository/Page_Moodle Edit profile/input_Address_submitbutton (1)' is clicked on

2022-01-17 20:12:33 - [MESSAGE][PASSED] - Object: 'Object Repository/Page_Moodle Edit profile/input_Address_submitbutton (1)' is clicked on]]></system-out>
         <system-err><![CDATA[]]></system-err>
      </testcase>
      <system-out><![CDATA[2022-01-17 19:56:42 - [TEST_SUITE][FAILED] - Run all test cases: Test Cases/Admin Update Profile FAILED.
Reason:
com.kms.katalon.core.exception.StepFailedException: Unable to select option by value 'VN' of object 'Object Repository/Page_Moodle Edit profile/select_Select a country.            Afghani_160506'  using regular expression
	at com.kms.katalon.core.webui.keyword.internal.WebUIKeywordMain.stepFailed(WebUIKeywordMain.groovy:64)
	at com.kms.katalon.core.webui.keyword.internal.WebUIKeywordMain.runKeyword(WebUIKeywordMain.groovy:26)
	at com.kms.katalon.core.webui.keyword.builtin.SelectOptionByValueKeyword.selectOptionByValue(SelectOptionByValueKeyword.groovy:99)
	at com.kms.katalon.core.webui.keyword.builtin.SelectOptionByValueKeyword.execute(SelectOptionByValueKeyword.groovy:71)
	at com.kms.katalon.core.keyword.internal.KeywordExecutor.executeKeywordForPlatform(KeywordExecutor.groovy:74)
	at com.kms.katalon.core.webui.keyword.WebUiBuiltInKeywords.selectOptionByValue(WebUiBuiltInKeywords.groovy:1168)
	at com.kms.katalon.core.webui.keyword.WebUiBuiltInKeywords$selectOptionByValue$4.call(Unknown Source)
	at Admin Update Profile.run(Admin Update Profile:36)
	at com.kms.katalon.core.main.ScriptEngine.run(ScriptEngine.java:194)
	at com.kms.katalon.core.main.ScriptEngine.runScriptAsRawText(ScriptEngine.java:119)
	at com.kms.katalon.core.main.TestCaseExecutor.runScript(TestCaseExecutor.java:442)
	at com.kms.katalon.core.main.TestCaseExecutor.doExecute(TestCaseExecutor.java:433)
	at com.kms.katalon.core.main.TestCaseExecutor.processExecutionPhase(TestCaseExecutor.java:412)
	at com.kms.katalon.core.main.TestCaseExecutor.accessMainPhase(TestCaseExecutor.java:404)
	at com.kms.katalon.core.main.TestCaseExecutor.execute(TestCaseExecutor.java:281)
	at com.kms.katalon.core.main.TestSuiteExecutor.accessTestCaseMainPhase(TestSuiteExecutor.java:202)
	at com.kms.katalon.core.main.TestSuiteExecutor.accessTestSuiteMainPhase(TestSuiteExecutor.java:164)
	at com.kms.katalon.core.main.TestSuiteExecutor.execute(TestSuiteExecutor.java:105)
	at com.kms.katalon.core.main.TestCaseMain.startTestSuite(TestCaseMain.java:181)
	at com.kms.katalon.core.main.TestCaseMain$startTestSuite$0.call(Unknown Source)
	at TempTestSuite1642424191868.run(TempTestSuite1642424191868.groovy:36)
Caused by: org.openqa.selenium.UnhandledAlertException: unexpected alert open: {Alert text : }
  (Session info: chrome=97.0.4692.71): {Alert text : 
Build info: version: '3.141.59', revision: 'e82be7d358', time: '2018-11-14T08:25:53'
System info: host: 'MINHDUC', ip: '192.168.3.10', os.name: 'Windows 10', os.arch: 'amd64', os.version: '10.0', java.version: '1.8.0_282'
Driver info: com.kms.katalon.selenium.driver.CChromeDriver
Capabilities {acceptInsecureCerts: false, browserName: chrome, browserVersion: 97.0.4692.71, chrome: {chromedriverVersion: 97.0.4692.71 (adefa7837d02a..., userDataDir: C:\Users\MINHDU~1\AppData\L...}, goog:chromeOptions: {debuggerAddress: localhost:56773}, javascriptEnabled: true, networkConnectionEnabled: false, pageLoadStrategy: normal, platform: WINDOWS, platformName: WINDOWS, proxy: Proxy(), setWindowRect: true, strictFileInteractability: false, timeouts: {implicit: 0, pageLoad: 300000, script: 30000}, unhandledPromptBehavior: dismiss and notify, webauthn:extension:credBlob: true, webauthn:extension:largeBlob: true, webauthn:virtualAuthenticators: true}
Session ID: 6c61fea8380252cff3afd282b30018b7
	at org.openqa.selenium.remote.http.W3CHttpResponseCodec.decode(W3CHttpResponseCodec.java:120)
	at org.openqa.selenium.remote.http.W3CHttpResponseCodec.decode(W3CHttpResponseCodec.java:49)
	at org.openqa.selenium.remote.HttpCommandExecutor.execute(HttpCommandExecutor.java:158)
	at org.openqa.selenium.remote.service.DriverCommandExecutor.execute(DriverCommandExecutor.java:83)
	at org.openqa.selenium.remote.RemoteWebDriver.execute(RemoteWebDriver.java:552)
	at com.kms.katalon.selenium.driver.CChromeDriver.execute(CChromeDriver.java:19)
	at org.openqa.selenium.remote.RemoteWebElement.execute(RemoteWebElement.java:285)
	at org.openqa.selenium.remote.RemoteWebElement.getAttribute(RemoteWebElement.java:134)
	at org.openqa.selenium.support.events.EventFiringWebDriver$EventFiringWebElement.lambda$new$0(EventFiringWebDriver.java:404)
	at com.sun.proxy.$Proxy11.getAttribute(Unknown Source)
	at org.openqa.selenium.support.events.EventFiringWebDriver$EventFiringWebElement.getAttribute(EventFiringWebDriver.java:447)
	at org.openqa.selenium.support.ui.Select.setSelectedByIndex(Select.java:292)
	at org.openqa.selenium.support.ui.Select.selectByIndex(Select.java:172)
	at com.kms.katalon.core.webui.common.WebUiCommonHelper.selectOrDeselectOptionsByValueByRegularExpression(WebUiCommonHelper.java:284)
	at com.kms.katalon.core.webui.common.WebUiCommonHelper.selectOrDeselectOptionsByValue(WebUiCommonHelper.java:263)
	at com.kms.katalon.core.webui.keyword.builtin.SelectOptionByValueKeyword$_selectOptionByValue_closure1.doCall(SelectOptionByValueKeyword.groovy:88)
	at com.kms.katalon.core.webui.keyword.builtin.SelectOptionByValueKeyword$_selectOptionByValue_closure1.call(SelectOptionByValueKeyword.groovy)
	at com.kms.katalon.core.webui.keyword.internal.WebUIKeywordMain.runKeyword(WebUIKeywordMain.groovy:20)
	... 19 more]]></system-out>
      <system-err><![CDATA[2022-01-17 19:56:42 - [TEST_SUITE][FAILED] - Run all test cases: Test Cases/Admin Update Profile FAILED.
Reason:
com.kms.katalon.core.exception.StepFailedException: Unable to select option by value 'VN' of object 'Object Repository/Page_Moodle Edit profile/select_Select a country.            Afghani_160506'  using regular expression
	at com.kms.katalon.core.webui.keyword.internal.WebUIKeywordMain.stepFailed(WebUIKeywordMain.groovy:64)
	at com.kms.katalon.core.webui.keyword.internal.WebUIKeywordMain.runKeyword(WebUIKeywordMain.groovy:26)
	at com.kms.katalon.core.webui.keyword.builtin.SelectOptionByValueKeyword.selectOptionByValue(SelectOptionByValueKeyword.groovy:99)
	at com.kms.katalon.core.webui.keyword.builtin.SelectOptionByValueKeyword.execute(SelectOptionByValueKeyword.groovy:71)
	at com.kms.katalon.core.keyword.internal.KeywordExecutor.executeKeywordForPlatform(KeywordExecutor.groovy:74)
	at com.kms.katalon.core.webui.keyword.WebUiBuiltInKeywords.selectOptionByValue(WebUiBuiltInKeywords.groovy:1168)
	at com.kms.katalon.core.webui.keyword.WebUiBuiltInKeywords$selectOptionByValue$4.call(Unknown Source)
	at Admin Update Profile.run(Admin Update Profile:36)
	at com.kms.katalon.core.main.ScriptEngine.run(ScriptEngine.java:194)
	at com.kms.katalon.core.main.ScriptEngine.runScriptAsRawText(ScriptEngine.java:119)
	at com.kms.katalon.core.main.TestCaseExecutor.runScript(TestCaseExecutor.java:442)
	at com.kms.katalon.core.main.TestCaseExecutor.doExecute(TestCaseExecutor.java:433)
	at com.kms.katalon.core.main.TestCaseExecutor.processExecutionPhase(TestCaseExecutor.java:412)
	at com.kms.katalon.core.main.TestCaseExecutor.accessMainPhase(TestCaseExecutor.java:404)
	at com.kms.katalon.core.main.TestCaseExecutor.execute(TestCaseExecutor.java:281)
	at com.kms.katalon.core.main.TestSuiteExecutor.accessTestCaseMainPhase(TestSuiteExecutor.java:202)
	at com.kms.katalon.core.main.TestSuiteExecutor.accessTestSuiteMainPhase(TestSuiteExecutor.java:164)
	at com.kms.katalon.core.main.TestSuiteExecutor.execute(TestSuiteExecutor.java:105)
	at com.kms.katalon.core.main.TestCaseMain.startTestSuite(TestCaseMain.java:181)
	at com.kms.katalon.core.main.TestCaseMain$startTestSuite$0.call(Unknown Source)
	at TempTestSuite1642424191868.run(TempTestSuite1642424191868.groovy:36)
Caused by: org.openqa.selenium.UnhandledAlertException: unexpected alert open: {Alert text : }
  (Session info: chrome=97.0.4692.71): {Alert text : 
Build info: version: '3.141.59', revision: 'e82be7d358', time: '2018-11-14T08:25:53'
System info: host: 'MINHDUC', ip: '192.168.3.10', os.name: 'Windows 10', os.arch: 'amd64', os.version: '10.0', java.version: '1.8.0_282'
Driver info: com.kms.katalon.selenium.driver.CChromeDriver
Capabilities {acceptInsecureCerts: false, browserName: chrome, browserVersion: 97.0.4692.71, chrome: {chromedriverVersion: 97.0.4692.71 (adefa7837d02a..., userDataDir: C:\Users\MINHDU~1\AppData\L...}, goog:chromeOptions: {debuggerAddress: localhost:56773}, javascriptEnabled: true, networkConnectionEnabled: false, pageLoadStrategy: normal, platform: WINDOWS, platformName: WINDOWS, proxy: Proxy(), setWindowRect: true, strictFileInteractability: false, timeouts: {implicit: 0, pageLoad: 300000, script: 30000}, unhandledPromptBehavior: dismiss and notify, webauthn:extension:credBlob: true, webauthn:extension:largeBlob: true, webauthn:virtualAuthenticators: true}
Session ID: 6c61fea8380252cff3afd282b30018b7
	at org.openqa.selenium.remote.http.W3CHttpResponseCodec.decode(W3CHttpResponseCodec.java:120)
	at org.openqa.selenium.remote.http.W3CHttpResponseCodec.decode(W3CHttpResponseCodec.java:49)
	at org.openqa.selenium.remote.HttpCommandExecutor.execute(HttpCommandExecutor.java:158)
	at org.openqa.selenium.remote.service.DriverCommandExecutor.execute(DriverCommandExecutor.java:83)
	at org.openqa.selenium.remote.RemoteWebDriver.execute(RemoteWebDriver.java:552)
	at com.kms.katalon.selenium.driver.CChromeDriver.execute(CChromeDriver.java:19)
	at org.openqa.selenium.remote.RemoteWebElement.execute(RemoteWebElement.java:285)
	at org.openqa.selenium.remote.RemoteWebElement.getAttribute(RemoteWebElement.java:134)
	at org.openqa.selenium.support.events.EventFiringWebDriver$EventFiringWebElement.lambda$new$0(EventFiringWebDriver.java:404)
	at com.sun.proxy.$Proxy11.getAttribute(Unknown Source)
	at org.openqa.selenium.support.events.EventFiringWebDriver$EventFiringWebElement.getAttribute(EventFiringWebDriver.java:447)
	at org.openqa.selenium.support.ui.Select.setSelectedByIndex(Select.java:292)
	at org.openqa.selenium.support.ui.Select.selectByIndex(Select.java:172)
	at com.kms.katalon.core.webui.common.WebUiCommonHelper.selectOrDeselectOptionsByValueByRegularExpression(WebUiCommonHelper.java:284)
	at com.kms.katalon.core.webui.common.WebUiCommonHelper.selectOrDeselectOptionsByValue(WebUiCommonHelper.java:263)
	at com.kms.katalon.core.webui.keyword.builtin.SelectOptionByValueKeyword$_selectOptionByValue_closure1.doCall(SelectOptionByValueKeyword.groovy:88)
	at com.kms.katalon.core.webui.keyword.builtin.SelectOptionByValueKeyword$_selectOptionByValue_closure1.call(SelectOptionByValueKeyword.groovy)
	at com.kms.katalon.core.webui.keyword.internal.WebUIKeywordMain.runKeyword(WebUIKeywordMain.groovy:20)
	... 19 more]]></system-err>
   </testsuite>
</testsuites>
